Plan from Plan Table (PLAN_TABLE)


DELETE FROM T_RSPE WHERE (RESP_ID = :b1 )
Plan hash value: 3722797475

--------------------------------------------------------------------------------
| Id  | Operation          | Name      | Rows  | Bytes | Cost (%CPU)| Time     |
--------------------------------------------------------------------------------
|   0 | DELETE STATEMENT   |           |     1 |    60 |     2   (0)| 00:00:01 |
|   1 |  DELETE            | T_RSPE    |       |       |            |          |
|*  2 |   INDEX UNIQUE SCAN| PK_T_RSPE |     1 |    60 |     2   (0)| 00:00:01 |
--------------------------------------------------------------------------------

Predicate Information (identified by operation id):
---------------------------------------------------

   2 - access("RESP_ID"=TO_NUMBER(:B1))
