Plans from History (DBA_HIST_SQL_PLAN)


SQL_ID 0sjx29v99zfqc
--------------------
SELECT INFO_WITH_MEMBER_ID.*,     enrollment.ELNS_INSCPRSRGRP
ipgGroupId,     benefit.BENP_LWSTLVL_PRODCAT productCategoryId,
affMember.USR_FRSTNAM affiliatedMemberFirstName,
affMember.USR_LAS_NAM affiliatedMemberLastName FROM (   SELECT INFO.*,
   CASE     WHEN INFO.memberAffiliationId IS NOT NULL THEN
(INFO.memberAffiliationId)     WHEN INFO.authAffiliationId IS NOT NULL
THEN (SELECT UMBS_MEMB FROM T_UM_BASE WHERE
UMBS_ID=INFO.authAffiliationId)     WHEN
INFO.careManagementAffiliationId IS NOT NULL THEN (SELECT CMBS_MEMB
FROM T_CM_BASEBASE WHERE CMBB_ID=INFO.careManagementAffiliationId)
WHEN INFO.providerAffiliationId IS NOT NULL THEN
(INFO.providerAffiliationId)     ELSE (NULL)     END
affiliatedMemberId   FROM (   SELECT * FROM (     SELECT
T.SETK_ID AS id,         T.SETK_C4C_ID AS c4cId,         T.SETK_UNIVID
AS universalId,         taskType.TSKT_RCPTTYP AS categoryId,
T.SETK_TSK_TYP AS taskTypeId,         taskType.DDLI_LBL AS
taskTypeLabel,         T.SETK_TSK_NAM AS taskName,         T.SETK_SUBJ
AS subject,         T.SETK_CRTD AS createDate,         T.SETK_SENT AS
sentDate,         T.SETK_SRTD AS startedDate,
T.SETK_TSK_TIMG_STRTDT AS startDate,         T.SETK_TSK_TIMG_SCLDAT AS
startDateSeconds,         T.SETK_TSK_TIMG_DDLN_DT AS dueDate,
T.SETK_TSK_TIMG_DDLN_TIM_IN_DY AS dueDateSeconds,         T.SETK_OWNR
AS ownerId,         own.USR_FRSTNAM AS ownerFirstName,
own.USR_LAS_NAM AS ownerLastName,         own.CLASSTYPE AS ownerType,
      T.SETK_OBJ_STT AS status,         T.SETK_AFFN_MEMB AS
memberAffiliationId,         member.USR_C4C_ID AS memberC4cId,
member.USR_FRSTNAM AS memberFirstName,         member.USR_LAS_NAM AS
memberLastName,         T.SETK_AFFN_CM AS careManagementAffiliationId,
       caseOrCm.CMBB_C4C_ID AS caseOrCmC4cId,
T.SETK_AFFN_UM_EVNT AS authAffiliationId,         auth.UMBS_C4C_ID AS
authAffiliationC4cId,         T.SETK_AFFN_PVDR AS
providerAffiliationId,         provider.USR_C4C_ID AS providerC4cId,
     T.SETK_TSK_TIMG_SNLTDT AS startNoLaterThanDate,
T.SETK_CNCLRESN AS cancelReasonId,         T.SETK_ORIGCRTR AS
originalCreatorId,         origCreator.USR_FRSTNAM AS
originalCreatorFirstName,         origCreator.USR_LAS_NAM AS
originalCreatorLastName,         caseOrCm.CLASSTYPE AS
caseOrCmClasstype,         T.SETK_TSK_DSCN AS description,
T.SETK_CMPD AS completedDate,         T.SETK_LAS_ACT_TIM AS
lastActionDate,         mod.USR_FRSTNAM lastModifiedByFirstName,
 mod.USR_LAS_NAM lastModifiedByLastName,         T.SETK_PRVSOWNR AS
previousOwnerId,         prevOwner.USR_FRSTNAM AS
previousOwnerFirstName,         prevOwner.USR_LAS_NAM AS
previousOwnerLastName,         prevOwner.CLASSTYPE AS
previousOwnerType,         CASE             WHEN
T.SETK_TSK_TIMG_DDLN_DT IS NOT NULL THEN (T.SETK_TSK_TIMG_DDLN_DT)
       WHEN T.SETK_TSK_TIMG_STRTDT IS NOT NULL THEN
(T.SETK_TSK_TIMG_STRTDT)             WHEN T.SETK_TSK_TIMG_SNLTDT IS NOT
NULL THEN (T.SETK_TSK_TIMG_SNLTDT)             ELSE (NULL)         END
       filterDate,         sender.USR_FRSTNAM fromUserFirstName,
 sender.USR_LAS_NAM fromUserLastName,         T.SETK_RESCHEDULE_REASON
AS rescheduleReason,         reason.DDLI_LBL AS rescheduleReasonLabel,
       T.SETK_RESCHEDULE_COMMENT AS rescheduleComment       FROM
T_SENTTSK T       LEFT OUTER JOIN T_USR own ON own.USR_ID=T.SETK_OWNR
    LEFT OUTER JOIN T_USR prevOwner ON prevOwner.USR_ID=T.SETK_PRVSOWNR
      LEFT OUTER JOIN T_USR member ON member.USR_ID=T.SETK_AFFN_MEMB
   LEFT OUTER JOIN T_USR origCreator ON
origCreator.USR_ID=T.SETK_ORIGCRTR       LEFT OUTER JOIN T_DDL_ITEM
taskType ON taskType.DDLI_ID=T.SETK_TSK_TYP       LEFT OUTER JOIN
T_DDL_ITEM reason ON reason.DDLI_ID=T.SETK_RESCHEDULE_REASON       LEFT
OUTER JOIN T_CM_BASEBASE caseOrCm ON caseOrCm.CMBB_ID=T.SETK_AFFN_CM
   LEFT OUTER JOIN T_UM_BASE auth ON auth.UMBS_ID=T.SETK_AFFN_UM_EVNT
    LEFT OUTER JOIN T_USR provider

Plan hash value: 157137232

---------------------------------------------------------------------------------------------------------------------------------
| Id  | Operation                                       | Name                          | Rows  | Bytes | Cost (%CPU)| Time     |
---------------------------------------------------------------------------------------------------------------------------------
|   0 | SELECT STATEMENT                                |                               |       |       |  1933K(100)|          |
|   1 |  TABLE ACCESS BY INDEX ROWID                    | T_UM_BASE                     |     1 |    12 |     1   (0)| 00:00:01 |
|   2 |   INDEX UNIQUE SCAN                             | PK_T_UM_BASE                  |     1 |       |     1   (0)| 00:00:01 |
|   3 |   TABLE ACCESS BY INDEX ROWID                   | T_CM_BASEBASE                 |     1 |    12 |     1   (0)| 00:00:01 |
|   4 |    INDEX UNIQUE SCAN                            | PK_T_CM_BASEBASE              |     1 |       |     1   (0)| 00:00:01 |
|   5 |  NESTED LOOPS OUTER                             |                               |     1 | 46913 |  1933K  (1)| 00:01:16 |
|   6 |   NESTED LOOPS OUTER                            |                               |     1 | 46901 |  1933K  (1)| 00:01:16 |
|   7 |    NESTED LOOPS OUTER                           |                               |     1 | 46873 |    17   (6)| 00:00:01 |
|   8 |     VIEW                                        |                               |     1 | 46851 |    16   (7)| 00:00:01 |
|   9 |      VIEW                                       |                               |     1 | 46838 |    14   (8)| 00:00:01 |
|  10 |       COUNT STOPKEY                             |                               |       |       |            |          |
|  11 |        VIEW                                     |                               |     1 | 46838 |    14   (8)| 00:00:01 |
|  12 |         SORT ORDER BY STOPKEY                   |                               |     1 |   780 |    14   (8)| 00:00:01 |
|  13 |          NESTED LOOPS OUTER                     |                               |     1 |   780 |    13   (0)| 00:00:01 |
|  14 |           NESTED LOOPS OUTER                    |                               |     1 |   758 |    12   (0)| 00:00:01 |
|  15 |            NESTED LOOPS OUTER                   |                               |     1 |   736 |    11   (0)| 00:00:01 |
|  16 |             NESTED LOOPS OUTER                  |                               |     1 |   700 |    10   (0)| 00:00:01 |
|  17 |              NESTED LOOPS OUTER                 |                               |     1 |   678 |     9   (0)| 00:00:01 |
|  18 |               NESTED LOOPS OUTER                |                               |     1 |   643 |     8   (0)| 00:00:01 |
|  19 |                MERGE JOIN OUTER                 |                               |     1 |   624 |     7   (0)| 00:00:01 |
|  20 |                 NESTED LOOPS OUTER              |                               |     1 |   588 |     6   (0)| 00:00:01 |
|  21 |                  NESTED LOOPS OUTER             |                               |     1 |   560 |     5   (0)| 00:00:01 |
|  22 |                   NESTED LOOPS OUTER            |                               |     1 |   542 |     4   (0)| 00:00:01 |
|  23 |                    NESTED LOOPS OUTER           |                               |     1 |   518 |     3   (0)| 00:00:01 |
|  24 |                     INLIST ITERATOR             |                               |       |       |            |          |
|  25 |                      TABLE ACCESS BY INDEX ROWID| T_SENTTSK                     |     4 |  1984 |     2   (0)| 00:00:01 |
|  26 |                       INDEX RANGE SCAN          | IX_SETK_OBJ_STT               |  1759 |       |     1   (0)| 00:00:01 |
|  27 |                     TABLE ACCESS BY INDEX ROWID | T_DDL_ITEM                    |     1 |    22 |     1   (0)| 00:00:01 |
|  28 |                      INDEX UNIQUE SCAN          | PK_T_DDL_ITEM                 |     1 |       |     1   (0)| 00:00:01 |
|  29 |                    TABLE ACCESS BY INDEX ROWID  | T_DDL_ITEM                    |     1 |    24 |     1   (0)| 00:00:01 |
|  30 |                     INDEX UNIQUE SCAN           | PK_T_DDL_ITEM                 |     1 |       |     1   (0)| 00:00:01 |
|  31 |                   TABLE ACCESS BY INDEX ROWID   | T_UM_BASE                     |     1 |    18 |     1   (0)| 00:00:01 |
|  32 |                    INDEX UNIQUE SCAN            | PK_T_UM_BASE                  |     1 |       |     1   (0)| 00:00:01 |
|  33 |                  TABLE ACCESS BY INDEX ROWID    | T_CM_BASEBASE                 |     1 |    28 |     1   (0)| 00:00:01 |
|  34 |                   INDEX UNIQUE SCAN             | PK_T_CM_BASEBASE              |     1 |       |     1   (0)| 00:00:01 |
|  35 |                 BUFFER SORT                     |                               |     1 |    36 |     6   (0)| 00:00:01 |
|  36 |                  TABLE ACCESS BY INDEX ROWID    | T_USR                         |     1 |    36 |     1   (0)| 00:00:01 |
|  37 |                   INDEX UNIQUE SCAN             | PK_T_USR                      |     1 |       |     1   (0)| 00:00:01 |
|  38 |                TABLE ACCESS BY INDEX ROWID      | T_USR                         |     1 |    19 |     1   (0)| 00:00:01 |
|  39 |                 INDEX UNIQUE SCAN               | PK_T_USR                      |     1 |       |     1   (0)| 00:00:01 |
|  40 |               TABLE ACCESS BY INDEX ROWID       | T_USR                         |     1 |    35 |     1   (0)| 00:00:01 |
|  41 |                INDEX UNIQUE SCAN                | PK_T_USR                      |     1 |       |     1   (0)| 00:00:01 |
|  42 |              TABLE ACCESS BY INDEX ROWID        | T_USR                         |     1 |    22 |     1   (0)| 00:00:01 |
|  43 |               INDEX UNIQUE SCAN                 | PK_T_USR                      |     1 |       |     1   (0)| 00:00:01 |
|  44 |             TABLE ACCESS BY INDEX ROWID         | T_USR                         |     1 |    36 |     1   (0)| 00:00:01 |
|  45 |              INDEX UNIQUE SCAN                  | PK_T_USR                      |     1 |       |     1   (0)| 00:00:01 |
|  46 |            TABLE ACCESS BY INDEX ROWID          | T_USR                         |     1 |    22 |     1   (0)| 00:00:01 |
|  47 |             INDEX UNIQUE SCAN                   | PK_T_USR                      |     1 |       |     1   (0)| 00:00:01 |
|  48 |           TABLE ACCESS BY INDEX ROWID           | T_USR                         |     1 |    22 |     1   (0)| 00:00:01 |
|  49 |            INDEX UNIQUE SCAN                    | PK_T_USR                      |     1 |       |     1   (0)| 00:00:01 |
|  50 |     TABLE ACCESS BY INDEX ROWID                 | T_USR                         |     1 |    22 |     1   (0)| 00:00:01 |
|  51 |      INDEX UNIQUE SCAN                          | PK_T_USR                      |     1 |       |     1   (0)| 00:00:01 |
|  52 |    VIEW                                         | V_CURR_ENROLLMENT             |     1 |    28 |  1933K  (1)| 00:01:16 |
|  53 |     SORT UNIQUE                                 |                               |     2 |  1092 |  1933K  (1)| 00:01:16 |
|  54 |      UNION ALL PUSHED PREDICATE                 |                               |       |       |            |          |
|  55 |       FILTER                                    |                               |       |       |            |          |
|  56 |        TABLE ACCESS BY INDEX ROWID BATCHED      | T_ENNS                        |     1 |   273 |     1   (0)| 00:00:01 |
|  57 |         INDEX RANGE SCAN                        | IX_ELNS_MEMBENLTDTDSNTDTID    |     1 |       |     1   (0)| 00:00:01 |
|  58 |          SORT GROUP BY NOSORT                   |                               |     1 |    72 |     4   (0)| 00:00:01 |
|  59 |           NESTED LOOPS OUTER                    |                               |     1 |    72 |     4   (0)| 00:00:01 |
|  60 |            NESTED LOOPS                         |                               |     1 |    50 |     3   (0)| 00:00:01 |
|  61 |             NESTED LOOPS                        |                               |     1 |    12 |     2   (0)| 00:00:01 |
|  62 |              INDEX UNIQUE SCAN                  | PK_T_USR                      |     1 |     6 |     1   (0)| 00:00:01 |
|  63 |              INDEX RANGE SCAN                   | IX_NVL_USR_MRGEMSTR_USR_ID    |     1 |     6 |     1   (0)| 00:00:01 |
|  64 |             TABLE ACCESS BY INDEX ROWID         | T_ENNS                        |     1 |    38 |     1   (0)| 00:00:01 |
|  65 |              INDEX RANGE SCAN                   | IX_ELNS_MEMBENLTDTDSNTDTSTTID |     2 |       |     1   (0)| 00:00:01 |
|  66 |            TABLE ACCESS BY INDEX ROWID          | T_ENNS                        |     1 |    22 |     1   (0)| 00:00:01 |
|  67 |             INDEX RANGE SCAN                    | IX_ELNS_MEMBENPENLTDSNDT      |     1 |       |     1   (0)| 00:00:01 |
|  68 |        FAST DUAL                                |                               |     1 |       |     2   (0)| 00:00:01 |
|  69 |       FILTER                                    |                               |       |       |            |          |
|  70 |        TABLE ACCESS BY INDEX ROWID BATCHED      | T_ENNS                        |     1 |   273 |     1   (0)| 00:00:01 |
|  71 |         INDEX RANGE SCAN                        | IX_ELNS_MEMBENLTDTDSNTDTID    |     1 |       |     1   (0)| 00:00:01 |
|  72 |          SORT GROUP BY NOSORT                   |                               |     1 |    72 |     4   (0)| 00:00:01 |
|  73 |           NESTED LOOPS OUTER                    |                               |     1 |    72 |     4   (0)| 00:00:01 |
|  74 |            NESTED LOOPS                         |                               |     1 |    50 |     3   (0)| 00:00:01 |
|  75 |             NESTED LOOPS                        |                               |     1 |    12 |     2   (0)| 00:00:01 |
|  76 |              INDEX UNIQUE SCAN                  | PK_T_USR                      |     1 |     6 |     1   (0)| 00:00:01 |
|  77 |              INDEX RANGE SCAN                   | IX_NVL_USR_MRGEMSTR_USR_ID    |     1 |     6 |     1   (0)| 00:00:01 |
|  78 |             TABLE ACCESS BY INDEX ROWID         | T_ENNS                        |     1 |    38 |     1   (0)| 00:00:01 |
|  79 |              INDEX RANGE SCAN                   | IX_ELNS_MEMBENLTDTDSNTDTSTTID |     2 |       |     1   (0)| 00:00:01 |
|  80 |            TABLE ACCESS BY INDEX ROWID          | T_ENNS                        |     1 |    22 |     1   (0)| 00:00:01 |
|  81 |             INDEX RANGE SCAN                    | IX_ELNS_MEMBENPENLTDSNDT      |     1 |       |     1   (0)| 00:00:01 |
|  82 |        FAST DUAL                                |                               |     1 |       |     2   (0)| 00:00:01 |
|  83 |   TABLE ACCESS BY INDEX ROWID                   | T_BENSPKG                     |     1 |    12 |     1   (0)| 00:00:01 |
|  84 |    INDEX UNIQUE SCAN                            | PK_T_BENSPKG                  |     1 |       |     1   (0)| 00:00:01 |
---------------------------------------------------------------------------------------------------------------------------------

Query Block Name / Object Alias (identified by operation id):
-------------------------------------------------------------

   1 - SEL$4        / T_UM_BASE@SEL$4
   2 - SEL$4        / T_UM_BASE@SEL$4
   3 - SEL$5        / T_CM_BASEBASE@SEL$5
   4 - SEL$5        / T_CM_BASEBASE@SEL$5
   5 - SEL$0C04A374
   8 - SEL$3        / INFO_WITH_MEMBER_ID@SEL$2
   9 - SEL$6        / INFO@SEL$3
  10 - SEL$6
  11 - SEL$2D594895 / from$_subquery$_005@SEL$6
  12 - SEL$2D594895
  25 - SEL$2D594895 / T@SEL$8
  26 - SEL$2D594895 / T@SEL$8
  27 - SEL$2D594895 / REASON@SEL$17
  28 - SEL$2D594895 / REASON@SEL$17
  29 - SEL$2D594895 / TASKTYPE@SEL$15
  30 - SEL$2D594895 / TASKTYPE@SEL$15
  31 - SEL$2D594895 / AUTH@SEL$21
  32 - SEL$2D594895 / AUTH@SEL$21
  33 - SEL$2D594895 / CASEORCM@SEL$19
  34 - SEL$2D594895 / CASEORCM@SEL$19
  36 - SEL$2D594895 / OWN@SEL$7
  37 - SEL$2D594895 / OWN@SEL$7
  38 - SEL$2D594895 / PROVIDER@SEL$23
  39 - SEL$2D594895 / PROVIDER@SEL$23
  40 - SEL$2D594895 / MEMBER@SEL$11
  41 - SEL$2D594895 / MEMBER@SEL$11
  42 - SEL$2D594895 / SENDER@SEL$27
  43 - SEL$2D594895 / SENDER@SEL$27
  44 - SEL$2D594895 / PREVOWNER@SEL$9
  45 - SEL$2D594895 / PREVOWNER@SEL$9
  46 - SEL$2D594895 / ORIGCREATOR@SEL$13
  47 - SEL$2D594895 / ORIGCREATOR@SEL$13
  48 - SEL$2D594895 / MOD@SEL$25
  49 - SEL$2D594895 / MOD@SEL$25
  50 - SEL$0C04A374 / AFFMEMBER@SEL$1
  51 - SEL$0C04A374 / AFFMEMBER@SEL$1
  52 - SET$5715CE2E / ENROLLMENT@SEL$30
  53 - SET$5715CE2E
  55 - SEL$ECD9DCF1
  56 - SEL$ECD9DCF1 / T_SRC_ENNS@SEL$35
  57 - SEL$ECD9DCF1 / T_SRC_ENNS@SEL$35
  58 - SEL$5F185B4C
  62 - SEL$5F185B4C / T_ENNS_MASTERUSER@SEL$31
  63 - SEL$5F185B4C / T_ENNS_SLAVEUSER@SEL$31
  64 - SEL$5F185B4C / T_CURR_ENNS@SEL$32
  65 - SEL$5F185B4C / T_CURR_ENNS@SEL$32
  66 - SEL$5F185B4C / T_MAX_DISENROLLMENT_ENROLLMENT@SEL$33
  67 - SEL$5F185B4C / T_MAX_DISENROLLMENT_ENROLLMENT@SEL$33
  68 - SEL$40       / DUAL@SEL$40
  69 - SEL$0D115A56
  70 - SEL$0D115A56 / T_SRC_ENNS@SEL$42
  71 - SEL$0D115A56 / T_SRC_ENNS@SEL$42
  72 - SEL$CDBEA42D
  76 - SEL$CDBEA42D / T_ENNS_MASTERUSER@SEL$36
  77 - SEL$CDBEA42D / T_ENNS_SLAVEUSER@SEL$36
  78 - SEL$CDBEA42D / T_CURR_ENNS@SEL$37
  79 - SEL$CDBEA42D / T_CURR_ENNS@SEL$37
  80 - SEL$CDBEA42D / T_MAX_DISENROLLMENT_ENROLLMENT@SEL$38
  81 - SEL$CDBEA42D / T_MAX_DISENROLLMENT_ENROLLMENT@SEL$38
  82 - SEL$43       / DUAL@SEL$43
  83 - SEL$0C04A374 / BENEFIT@SEL$46
  84 - SEL$0C04A374 / BENEFIT@SEL$46

Outline Data
-------------

  /*+
      BEGIN_OUTLINE_DATA
      IGNORE_OPTIM_EMBEDDED_HINTS
      OPTIMIZER_FEATURES_ENABLE('12.1.0.2')
      DB_VERSION('12.1.0.2')
      OPT_PARAM('optimizer_index_cost_adj' 1)
      OPT_PARAM('optimizer_index_caching' 90)
      ALL_ROWS
      OUTLINE_LEAF(@"SEL$4")
      OUTLINE_LEAF(@"SEL$5")
      OUTLINE_LEAF(@"SEL$2D594895")
      MERGE(@"SEL$2DE0C8FF")
      OUTLINE_LEAF(@"SEL$6")
      OUTLINE_LEAF(@"SEL$3")
      OUTLINE_LEAF(@"SEL$40")
      OUTLINE_LEAF(@"SEL$5F185B4C")
      MERGE(@"SEL$6B15F4E0")
      OUTLINE_LEAF(@"SEL$ECD9DCF1")
      OUTLINE_LEAF(@"SEL$43")
      OUTLINE_LEAF(@"SEL$CDBEA42D")
      MERGE(@"SEL$57BA8109")
      OUTLINE_LEAF(@"SEL$0D115A56")
      OUTLINE_LEAF(@"SET$5715CE2E")
      PUSH_PRED(@"SEL$0C04A374" "ENROLLMENT"@"SEL$30" 3)
      OUTLINE_LEAF(@"SEL$0C04A374")
      MERGE(@"SEL$BC270230")
      OUTLINE(@"SEL$29")
      OUTLINE(@"SEL$2DE0C8FF")
      MERGE(@"SEL$27")
      MERGE(@"SEL$3B95C159")
      OUTLINE(@"SEL$41")
      OUTLINE(@"SEL$6B15F4E0")
      MERGE(@"SEL$78FE80F3")
      OUTLINE(@"SEL$35")
      OUTLINE(@"SEL$44")
      OUTLINE(@"SEL$57BA8109")
      MERGE(@"SEL$516D3A01")
      OUTLINE(@"SEL$42")
      OUTLINE(@"SET$1")
      OUTLINE(@"SEL$0C04A374")
      MERGE(@"SEL$BC270230")
      OUTLINE(@"SEL$48")
      OUTLINE(@"SEL$BC270230")
      MERGE(@"SEL$409758B4")
      MERGE(@"SEL$46")
      OUTLINE(@"SEL$28")
      OUTLINE(@"SEL$27")
      OUTLINE(@"SEL$3B95C159")
      MERGE(@"SEL$25")
      MERGE(@"SEL$6D003707")
      OUTLINE(@"SEL$D570F096")
      MERGE(@"SEL$33")
      OUTLINE(@"SEL$78FE80F3")
      MERGE(@"SEL$31")
      OUTLINE(@"SEL$067B9A3E")
      MERGE(@"SEL$38")
      OUTLINE(@"SEL$516D3A01")
      MERGE(@"SEL$36")
      OUTLINE(@"SEL$47")
      OUTLINE(@"SEL$409758B4")
      MERGE(@"SEL$30")
      MERGE(@"SEL$58A6D7F6")
      OUTLINE(@"SEL$46")
      OUTLINE(@"SEL$26")
      OUTLINE(@"SEL$25")
      OUTLINE(@"SEL$6D003707")
      MERGE(@"SEL$23")
      MERGE(@"SEL$23FAB6D1")
      OUTLINE(@"SEL$34")
      OUTLINE(@"SEL$33")
      OUTLINE(@"SEL$32")
      OUTLINE(@"SEL$31")
      OUTLINE(@"SEL$39")
      OUTLINE(@"SEL$38")
      OUTLINE(@"SEL$37")
      OUTLINE(@"SEL$36")
      OUTLINE(@"SEL$45")
      OUTLINE(@"SEL$30")
      OUTLINE(@"SEL$58A6D7F6")
      MERGE(@"SEL$1")
      OUTLINE(@"SEL$24")
      OUTLINE(@"SEL$23")
      OUTLINE(@"SEL$23FAB6D1")
      MERGE(@"SEL$21")
      MERGE(@"SEL$97A30ECD")
      OUTLINE(@"SEL$2")
      OUTLINE(@"SEL$1")
      OUTLINE(@"SEL$22")
      OUTLINE(@"SEL$21")
      OUTLINE(@"SEL$97A30ECD")
      MERGE(@"SEL$19")
      MERGE(@"SEL$CF22A5CA")
      OUTLINE(@"SEL$20")
      OUTLINE(@"SEL$19")
      OUTLINE(@"SEL$CF22A5CA")
      MERGE(@"SEL$17")
      MERGE(@"SEL$FF97D7FC")
      OUTLINE(@"SEL$18")
      OUTLINE(@"SEL$17")
      OUTLINE(@"SEL$FF97D7FC")
      MERGE(@"SEL$15")
      MERGE(@"SEL$DE5D921C")
      OUTLINE(@"SEL$16")
      OUTLINE(@"SEL$15")
      OUTLINE(@"SEL$DE5D921C")
      MERGE(@"SEL$01DD7F33")
      MERGE(@"SEL$13")
      OUTLINE(@"SEL$14")
      OUTLINE(@"SEL$01DD7F33")
      MERGE(@"SEL$11")
      MERGE(@"SEL$BDFBA881")
      OUTLINE(@"SEL$13")
      OUTLINE(@"SEL$12")
      OUTLINE(@"SEL$11")
      OUTLINE(@"SEL$BDFBA881")
      MERGE(@"SEL$9")
      MERGE(@"SEL$FC56C448")
      OUTLINE(@"SEL$10")
      OUTLINE(@"SEL$9")
      OUTLINE(@"SEL$FC56C448")
      MERGE(@"SEL$7")
      OUTLINE(@"SEL$8")
      OUTLINE(@"SEL$7")
      NO_ACCESS(@"SEL$0C04A374" "INFO_WITH_MEMBER_ID"@"SEL$2")
      INDEX_RS_ASC(@"SEL$0C04A374" "AFFMEMBER"@"SEL$1" ("T_USR"."USR_ID"))
      NO_ACCESS(@"SEL$0C04A374" "ENROLLMENT"@"SEL$30")
      INDEX_RS_ASC(@"SEL$0C04A374" "BENEFIT"@"SEL$46" ("T_BENSPKG"."BENP_ID"))
      LEADING(@"SEL$0C04A374" "INFO_WITH_MEMBER_ID"@"SEL$2" "AFFMEMBER"@"SEL$1" "ENROLLMENT"@"SEL$30" "BENEFIT"@"SEL$46")
      USE_NL(@"SEL$0C04A374" "AFFMEMBER"@"SEL$1")
      USE_NL(@"SEL$0C04A374" "ENROLLMENT"@"SEL$30")
      USE_NL(@"SEL$0C04A374" "BENEFIT"@"SEL$46")
      NO_ACCESS(@"SEL$3" "INFO"@"SEL$3")
      INDEX_RS_ASC(@"SEL$0D115A56" "T_SRC_ENNS"@"SEL$42" ("T_ENNS"."ELNS_MEMB" "T_ENNS"."ELNS_ENLTDT" "T_ENNS"."ELNS_DSNTDT"
              "T_ENNS"."ELNS_ID"))
      BATCH_TABLE_ACCESS_BY_ROWID(@"SEL$0D115A56" "T_SRC_ENNS"@"SEL$42")
      PUSH_SUBQ(@"SEL$CDBEA42D")
      INDEX_RS_ASC(@"SEL$ECD9DCF1" "T_SRC_ENNS"@"SEL$35" ("T_ENNS"."ELNS_MEMB" "T_ENNS"."ELNS_ENLTDT" "T_ENNS"."ELNS_DSNTDT"
              "T_ENNS"."ELNS_ID"))
      BATCH_TABLE_ACCESS_BY_ROWID(@"SEL$ECD9DCF1" "T_SRC_ENNS"@"SEL$35")
      PUSH_SUBQ(@"SEL$5F185B4C")
      INDEX(@"SEL$5F185B4C" "T_ENNS_MASTERUSER"@"SEL$31" ("T_USR"."USR_ID"))
      INDEX(@"SEL$5F185B4C" "T_ENNS_SLAVEUSER"@"SEL$31" "IX_NVL_USR_MRGEMSTR_USR_ID")
      INDEX_RS_ASC(@"SEL$5F185B4C" "T_CURR_ENNS"@"SEL$32" "IX_ELNS_MEMBENLTDTDSNTDTSTTID")
      INDEX_RS_ASC(@"SEL$5F185B4C" "T_MAX_DISENROLLMENT_ENROLLMENT"@"SEL$33" "IX_ELNS_MEMBENPENLTDSNDT")
      LEADING(@"SEL$5F185B4C" "T_ENNS_MASTERUSER"@"SEL$31" "T_ENNS_SLAVEUSER"@"SEL$31" "T_CURR_ENNS"@"SEL$32"
              "T_MAX_DISENROLLMENT_ENROLLMENT"@"SEL$33")
      USE_NL(@"SEL$5F185B4C" "T_ENNS_SLAVEUSER"@"SEL$31")
      USE_NL(@"SEL$5F185B4C" "T_CURR_ENNS"@"SEL$32")
      USE_NL(@"SEL$5F185B4C" "T_MAX_DISENROLLMENT_ENROLLMENT"@"SEL$33")
      INDEX(@"SEL$CDBEA42D" "T_ENNS_MASTERUSER"@"SEL$36" ("T_USR"."USR_ID"))
      INDEX(@"SEL$CDBEA42D" "T_ENNS_SLAVEUSER"@"SEL$36" "IX_NVL_USR_MRGEMSTR_USR_ID")
      INDEX_RS_ASC(@"SEL$CDBEA42D" "T_CURR_ENNS"@"SEL$37" "IX_ELNS_MEMBENLTDTDSNTDTSTTID")
      INDEX_RS_ASC(@"SEL$CDBEA42D" "T_MAX_DISENROLLMENT_ENROLLMENT"@"SEL$38" "IX_ELNS_MEMBENPENLTDSNDT")
      LEADING(@"SEL$CDBEA42D" "T_ENNS_MASTERUSER"@"SEL$36" "T_ENNS_SLAVEUSER"@"SEL$36" "T_CURR_ENNS"@"SEL$37"
              "T_MAX_DISENROLLMENT_ENROLLMENT"@"SEL$38")
      USE_NL(@"SEL$CDBEA42D" "T_ENNS_SLAVEUSER"@"SEL$36")
      USE_NL(@"SEL$CDBEA42D" "T_CURR_ENNS"@"SEL$37")
      USE_NL(@"SEL$CDBEA42D" "T_MAX_DISENROLLMENT_ENROLLMENT"@"SEL$38")
      NO_ACCESS(@"SEL$6" "from$_subquery$_005"@"SEL$6")
      INDEX_RS_ASC(@"SEL$2D594895" "T"@"SEL$8" ("T_SENTTSK"."SETK_OBJ_STT"))
      INDEX_RS_ASC(@"SEL$2D594895" "REASON"@"SEL$17" ("T_DDL_ITEM"."DDLI_ID"))
      INDEX_RS_ASC(@"SEL$2D594895" "TASKTYPE"@"SEL$15" ("T_DDL_ITEM"."DDLI_ID"))
      INDEX_RS_ASC(@"SEL$2D594895" "AUTH"@"SEL$21" ("T_UM_BASE"."UMBS_ID"))
      INDEX_RS_ASC(@"SEL$2D594895" "CASEORCM"@"SEL$19" ("T_CM_BASEBASE"."CMBB_ID"))
      INDEX_RS_ASC(@"SEL$2D594895" "OWN"@"SEL$7" ("T_USR"."USR_ID"))
      INDEX_RS_ASC(@"SEL$2D594895" "PROVIDER"@"SEL$23" ("T_USR"."USR_ID"))
      INDEX_RS_ASC(@"SEL$2D594895" "MEMBER"@"SEL$11" ("T_USR"."USR_ID"))
      INDEX_RS_ASC(@"SEL$2D594895" "SENDER"@"SEL$27" ("T_USR"."USR_ID"))
      INDEX_RS_ASC(@"SEL$2D594895" "PREVOWNER"@"SEL$9" ("T_USR"."USR_ID"))
      INDEX_RS_ASC(@"SEL$2D594895" "ORIGCREATOR"@"SEL$13" ("T_USR"."USR_ID"))
      INDEX_RS_ASC(@"SEL$2D594895" "MOD"@"SEL$25" ("T_USR"."USR_ID"))
      LEADING(@"SEL$2D594895" "T"@"SEL$8" "REASON"@"SEL$17" "TASKTYPE"@"SEL$15" "AUTH"@"SEL$21" "CASEORCM"@"SEL$19"
              "OWN"@"SEL$7" "PROVIDER"@"SEL$23" "MEMBER"@"SEL$11" "SENDER"@"SEL$27" "PREVOWNER"@"SEL$9" "ORIGCREATOR"@"SEL$13"
              "MOD"@"SEL$25")
      USE_NL(@"SEL$2D594895" "REASON"@"SEL$17")
      USE_NL(@"SEL$2D594895" "TASKTYPE"@"SEL$15")
      USE_NL(@"SEL$2D594895" "AUTH"@"SEL$21")
      USE_NL(@"SEL$2D594895" "CASEORCM"@"SEL$19")
      USE_MERGE_CARTESIAN(@"SEL$2D594895" "OWN"@"SEL$7")
      USE_NL(@"SEL$2D594895" "PROVIDER"@"SEL$23")
      USE_NL(@"SEL$2D594895" "MEMBER"@"SEL$11")
      USE_NL(@"SEL$2D594895" "SENDER"@"SEL$27")
      USE_NL(@"SEL$2D594895" "PREVOWNER"@"SEL$9")
      USE_NL(@"SEL$2D594895" "ORIGCREATOR"@"SEL$13")
      USE_NL(@"SEL$2D594895" "MOD"@"SEL$25")
      INDEX_RS_ASC(@"SEL$5" "T_CM_BASEBASE"@"SEL$5" ("T_CM_BASEBASE"."CMBB_ID"))
      INDEX_RS_ASC(@"SEL$4" "T_UM_BASE"@"SEL$4" ("T_UM_BASE"."UMBS_ID"))
      END_OUTLINE_DATA
  */

Peeked Binds (identified by position):
--------------------------------------

   1 - :SYS_B_0 (NUMBER): 2
   2 - :1 (NUMBER): 10621934
   3 - :2 (NUMBER): 1
   4 - :3 (NUMBER): 3
   5 - :4 (NUMBER): 905
   6 - :5 (NUMBER): 906
   7 - :6 (NUMBER): 907
   8 - :7 (NUMBER): 908
   9 - :8 (NUMBER): 911
  10 - :9 (NUMBER): 912
  11 - :10 (NUMBER): 913
  12 - :SYS_B_1 (NUMBER): 500
  13 - :SYS_B_2 (VARCHAR2(30), CSID=178): '2020.10.28'
  14 - :SYS_B_3 (VARCHAR2(30), CSID=178): 'yyyy.MM.dd'

Note
-----
   - dynamic statistics used: dynamic sampling (level=2)
   - 6 Sql Plan Directives used for this statement

SQL_ID 0sjx29v99zfqc
--------------------
SELECT INFO_WITH_MEMBER_ID.*,     enrollment.ELNS_INSCPRSRGRP
ipgGroupId,     benefit.BENP_LWSTLVL_PRODCAT productCategoryId,
affMember.USR_FRSTNAM affiliatedMemberFirstName,
affMember.USR_LAS_NAM affiliatedMemberLastName FROM (   SELECT INFO.*,
   CASE     WHEN INFO.memberAffiliationId IS NOT NULL THEN
(INFO.memberAffiliationId)     WHEN INFO.authAffiliationId IS NOT NULL
THEN (SELECT UMBS_MEMB FROM T_UM_BASE WHERE
UMBS_ID=INFO.authAffiliationId)     WHEN
INFO.careManagementAffiliationId IS NOT NULL THEN (SELECT CMBS_MEMB
FROM T_CM_BASEBASE WHERE CMBB_ID=INFO.careManagementAffiliationId)
WHEN INFO.providerAffiliationId IS NOT NULL THEN
(INFO.providerAffiliationId)     ELSE (NULL)     END
affiliatedMemberId   FROM (   SELECT * FROM (     SELECT
T.SETK_ID AS id,         T.SETK_C4C_ID AS c4cId,         T.SETK_UNIVID
AS universalId,         taskType.TSKT_RCPTTYP AS categoryId,
T.SETK_TSK_TYP AS taskTypeId,         taskType.DDLI_LBL AS
taskTypeLabel,         T.SETK_TSK_NAM AS taskName,         T.SETK_SUBJ
AS subject,         T.SETK_CRTD AS createDate,         T.SETK_SENT AS
sentDate,         T.SETK_SRTD AS startedDate,
T.SETK_TSK_TIMG_STRTDT AS startDate,         T.SETK_TSK_TIMG_SCLDAT AS
startDateSeconds,         T.SETK_TSK_TIMG_DDLN_DT AS dueDate,
T.SETK_TSK_TIMG_DDLN_TIM_IN_DY AS dueDateSeconds,         T.SETK_OWNR
AS ownerId,         own.USR_FRSTNAM AS ownerFirstName,
own.USR_LAS_NAM AS ownerLastName,         own.CLASSTYPE AS ownerType,
      T.SETK_OBJ_STT AS status,         T.SETK_AFFN_MEMB AS
memberAffiliationId,         member.USR_C4C_ID AS memberC4cId,
member.USR_FRSTNAM AS memberFirstName,         member.USR_LAS_NAM AS
memberLastName,         T.SETK_AFFN_CM AS careManagementAffiliationId,
       caseOrCm.CMBB_C4C_ID AS caseOrCmC4cId,
T.SETK_AFFN_UM_EVNT AS authAffiliationId,         auth.UMBS_C4C_ID AS
authAffiliationC4cId,         T.SETK_AFFN_PVDR AS
providerAffiliationId,         provider.USR_C4C_ID AS providerC4cId,
     T.SETK_TSK_TIMG_SNLTDT AS startNoLaterThanDate,
T.SETK_CNCLRESN AS cancelReasonId,         T.SETK_ORIGCRTR AS
originalCreatorId,         origCreator.USR_FRSTNAM AS
originalCreatorFirstName,         origCreator.USR_LAS_NAM AS
originalCreatorLastName,         caseOrCm.CLASSTYPE AS
caseOrCmClasstype,         T.SETK_TSK_DSCN AS description,
T.SETK_CMPD AS completedDate,         T.SETK_LAS_ACT_TIM AS
lastActionDate,         mod.USR_FRSTNAM lastModifiedByFirstName,
 mod.USR_LAS_NAM lastModifiedByLastName,         T.SETK_PRVSOWNR AS
previousOwnerId,         prevOwner.USR_FRSTNAM AS
previousOwnerFirstName,         prevOwner.USR_LAS_NAM AS
previousOwnerLastName,         prevOwner.CLASSTYPE AS
previousOwnerType,         CASE             WHEN
T.SETK_TSK_TIMG_DDLN_DT IS NOT NULL THEN (T.SETK_TSK_TIMG_DDLN_DT)
       WHEN T.SETK_TSK_TIMG_STRTDT IS NOT NULL THEN
(T.SETK_TSK_TIMG_STRTDT)             WHEN T.SETK_TSK_TIMG_SNLTDT IS NOT
NULL THEN (T.SETK_TSK_TIMG_SNLTDT)             ELSE (NULL)         END
       filterDate,         sender.USR_FRSTNAM fromUserFirstName,
 sender.USR_LAS_NAM fromUserLastName,         T.SETK_RESCHEDULE_REASON
AS rescheduleReason,         reason.DDLI_LBL AS rescheduleReasonLabel,
       T.SETK_RESCHEDULE_COMMENT AS rescheduleComment       FROM
T_SENTTSK T       LEFT OUTER JOIN T_USR own ON own.USR_ID=T.SETK_OWNR
    LEFT OUTER JOIN T_USR prevOwner ON prevOwner.USR_ID=T.SETK_PRVSOWNR
      LEFT OUTER JOIN T_USR member ON member.USR_ID=T.SETK_AFFN_MEMB
   LEFT OUTER JOIN T_USR origCreator ON
origCreator.USR_ID=T.SETK_ORIGCRTR       LEFT OUTER JOIN T_DDL_ITEM
taskType ON taskType.DDLI_ID=T.SETK_TSK_TYP       LEFT OUTER JOIN
T_DDL_ITEM reason ON reason.DDLI_ID=T.SETK_RESCHEDULE_REASON       LEFT
OUTER JOIN T_CM_BASEBASE caseOrCm ON caseOrCm.CMBB_ID=T.SETK_AFFN_CM
   LEFT OUTER JOIN T_UM_BASE auth ON auth.UMBS_ID=T.SETK_AFFN_UM_EVNT
    LEFT OUTER JOIN T_USR provider

Plan hash value: 312717859

---------------------------------------------------------------------------------------------------------------------------------
| Id  | Operation                                       | Name                          | Rows  | Bytes | Cost (%CPU)| Time     |
---------------------------------------------------------------------------------------------------------------------------------
|   0 | SELECT STATEMENT                                |                               |       |       |  2287K(100)|          |
|   1 |  TABLE ACCESS BY INDEX ROWID                    | T_UM_BASE                     |     1 |    12 |     1   (0)| 00:00:01 |
|   2 |   INDEX UNIQUE SCAN                             | PK_T_UM_BASE                  |     1 |       |     1   (0)| 00:00:01 |
|   3 |   TABLE ACCESS BY INDEX ROWID                   | T_CM_BASEBASE                 |     1 |    12 |     1   (0)| 00:00:01 |
|   4 |    INDEX UNIQUE SCAN                            | PK_T_CM_BASEBASE              |     1 |       |     1   (0)| 00:00:01 |
|   5 |  NESTED LOOPS OUTER                             |                               |    16 |   733K|  2287K  (1)| 00:01:30 |
|   6 |   NESTED LOOPS OUTER                            |                               |    16 |   732K|  2287K  (1)| 00:01:30 |
|   7 |    HASH JOIN RIGHT OUTER                        |                               |    16 |   732K|  2287K  (1)| 00:01:30 |
|   8 |     VIEW                                        | V_CURR_ENROLLMENT             |     2 |    78 |  2287K  (1)| 00:01:30 |
|   9 |      SORT UNIQUE                                |                               |     2 |  1092 |  2287K  (1)| 00:01:30 |
|  10 |       UNION-ALL                                 |                               |       |       |            |          |
|  11 |        FILTER                                   |                               |       |       |            |          |
|  12 |         FILTER                                  |                               |       |       |            |          |
|  13 |          TABLE ACCESS STORAGE FULL              | T_ENNS                        |   249K|    64M|   160K  (1)| 00:00:07 |
|  14 |          FAST DUAL                              |                               |     1 |       |     2   (0)| 00:00:01 |
|  15 |         SORT GROUP BY NOSORT                    |                               |     1 |    72 |     4   (0)| 00:00:01 |
|  16 |          NESTED LOOPS OUTER                     |                               |     1 |    72 |     4   (0)| 00:00:01 |
|  17 |           NESTED LOOPS                          |                               |     1 |    50 |     3   (0)| 00:00:01 |
|  18 |            NESTED LOOPS                         |                               |     1 |    12 |     2   (0)| 00:00:01 |
|  19 |             INDEX UNIQUE SCAN                   | PK_T_USR                      |     1 |     6 |     1   (0)| 00:00:01 |
|  20 |             INDEX RANGE SCAN                    | IX_NVL_USR_MRGEMSTR_USR_ID    |     1 |     6 |     1   (0)| 00:00:01 |
|  21 |            TABLE ACCESS BY INDEX ROWID          | T_ENNS                        |     1 |    38 |     1   (0)| 00:00:01 |
|  22 |             INDEX RANGE SCAN                    | IX_ELNS_MEMBENLTDTDSNTDTSTTID |     2 |       |     1   (0)| 00:00:01 |
|  23 |           TABLE ACCESS BY INDEX ROWID           | T_ENNS                        |     1 |    22 |     1   (0)| 00:00:01 |
|  24 |            INDEX RANGE SCAN                     | IX_ELNS_MEMBENLTDTDSNTDTID    |     1 |       |     1   (0)| 00:00:01 |
|  25 |        FILTER                                   |                               |       |       |            |          |
|  26 |         FILTER                                  |                               |       |       |            |          |
|  27 |          TABLE ACCESS STORAGE FULL              | T_ENNS                        |   249K|    64M|   160K  (1)| 00:00:07 |
|  28 |          FAST DUAL                              |                               |     1 |       |     2   (0)| 00:00:01 |
|  29 |         SORT GROUP BY NOSORT                    |                               |     1 |    72 |     4   (0)| 00:00:01 |
|  30 |          NESTED LOOPS OUTER                     |                               |     1 |    72 |     4   (0)| 00:00:01 |
|  31 |           NESTED LOOPS                          |                               |     1 |    50 |     3   (0)| 00:00:01 |
|  32 |            NESTED LOOPS                         |                               |     1 |    12 |     2   (0)| 00:00:01 |
|  33 |             INDEX UNIQUE SCAN                   | PK_T_USR                      |     1 |     6 |     1   (0)| 00:00:01 |
|  34 |             INDEX RANGE SCAN                    | IX_NVL_USR_MRGEMSTR_USR_ID    |     1 |     6 |     1   (0)| 00:00:01 |
|  35 |            TABLE ACCESS BY INDEX ROWID          | T_ENNS                        |     1 |    38 |     1   (0)| 00:00:01 |
|  36 |             INDEX RANGE SCAN                    | IX_ELNS_MEMBENLTDTDSNTDTSTTID |     2 |       |     1   (0)| 00:00:01 |
|  37 |           TABLE ACCESS BY INDEX ROWID           | T_ENNS                        |     1 |    22 |     1   (0)| 00:00:01 |
|  38 |            INDEX RANGE SCAN                     | IX_ELNS_MEMBENLTDTDSNTDTID    |     1 |       |     1   (0)| 00:00:01 |
|  39 |     VIEW                                        |                               |    16 |   732K|    31   (4)| 00:00:01 |
|  40 |      VIEW                                       |                               |    16 |   731K|    15   (7)| 00:00:01 |
|  41 |       COUNT STOPKEY                             |                               |       |       |            |          |
|  42 |        VIEW                                     |                               |    16 |   731K|    15   (7)| 00:00:01 |
|  43 |         SORT ORDER BY STOPKEY                   |                               |    16 | 12480 |    15   (7)| 00:00:01 |
|  44 |          NESTED LOOPS OUTER                     |                               |    16 | 12480 |    14   (0)| 00:00:01 |
|  45 |           NESTED LOOPS OUTER                    |                               |    16 | 12128 |    13   (0)| 00:00:01 |
|  46 |            NESTED LOOPS OUTER                   |                               |    16 | 11776 |    12   (0)| 00:00:01 |
|  47 |             NESTED LOOPS OUTER                  |                               |    16 | 11424 |    11   (0)| 00:00:01 |
|  48 |              NESTED LOOPS OUTER                 |                               |    16 | 10848 |    10   (0)| 00:00:01 |
|  49 |               NESTED LOOPS OUTER                |                               |    16 | 10288 |     9   (0)| 00:00:01 |
|  50 |                MERGE JOIN OUTER                 |                               |    16 |  9984 |     8   (0)| 00:00:01 |
|  51 |                 NESTED LOOPS OUTER              |                               |    16 |  9408 |     7   (0)| 00:00:01 |
|  52 |                  NESTED LOOPS OUTER             |                               |    16 |  8960 |     6   (0)| 00:00:01 |
|  53 |                   NESTED LOOPS OUTER            |                               |    16 |  8672 |     5   (0)| 00:00:01 |
|  54 |                    NESTED LOOPS OUTER           |                               |    16 |  8288 |     4   (0)| 00:00:01 |
|  55 |                     INLIST ITERATOR             |                               |       |       |            |          |
|  56 |                      TABLE ACCESS BY INDEX ROWID| T_SENTTSK                     |    49 | 24304 |     3   (0)| 00:00:01 |
|  57 |                       INDEX RANGE SCAN          | IX_SETK_OBJ_STT               |  1889 |       |     1   (0)| 00:00:01 |
|  58 |                     TABLE ACCESS BY INDEX ROWID | T_DDL_ITEM                    |     1 |    22 |     1   (0)| 00:00:01 |
|  59 |                      INDEX UNIQUE SCAN          | PK_T_DDL_ITEM                 |     1 |       |     1   (0)| 00:00:01 |
|  60 |                    TABLE ACCESS BY INDEX ROWID  | T_DDL_ITEM                    |     1 |    24 |     1   (0)| 00:00:01 |
|  61 |                     INDEX UNIQUE SCAN           | PK_T_DDL_ITEM                 |     1 |       |     1   (0)| 00:00:01 |
|  62 |                   TABLE ACCESS BY INDEX ROWID   | T_UM_BASE                     |     1 |    18 |     1   (0)| 00:00:01 |
|  63 |                    INDEX UNIQUE SCAN            | PK_T_UM_BASE                  |     1 |       |     1   (0)| 00:00:01 |
|  64 |                  TABLE ACCESS BY INDEX ROWID    | T_CM_BASEBASE                 |     1 |    28 |     1   (0)| 00:00:01 |
|  65 |                   INDEX UNIQUE SCAN             | PK_T_CM_BASEBASE              |     1 |       |     1   (0)| 00:00:01 |
|  66 |                 BUFFER SORT                     |                               |     1 |    36 |     7   (0)| 00:00:01 |
|  67 |                  TABLE ACCESS BY INDEX ROWID    | T_USR                         |     1 |    36 |     1   (0)| 00:00:01 |
|  68 |                   INDEX UNIQUE SCAN             | PK_T_USR                      |     1 |       |     1   (0)| 00:00:01 |
|  69 |                TABLE ACCESS BY INDEX ROWID      | T_USR                         |     1 |    19 |     1   (0)| 00:00:01 |
|  70 |                 INDEX UNIQUE SCAN               | PK_T_USR                      |     1 |       |     1   (0)| 00:00:01 |
|  71 |               TABLE ACCESS BY INDEX ROWID       | T_USR                         |     1 |    35 |     1   (0)| 00:00:01 |
|  72 |                INDEX UNIQUE SCAN                | PK_T_USR                      |     1 |       |     1   (0)| 00:00:01 |
|  73 |              TABLE ACCESS BY INDEX ROWID        | T_USR                         |     1 |    36 |     1   (0)| 00:00:01 |
|  74 |               INDEX UNIQUE SCAN                 | PK_T_USR                      |     1 |       |     1   (0)| 00:00:01 |
|  75 |             TABLE ACCESS BY INDEX ROWID         | T_USR                         |     1 |    22 |     1   (0)| 00:00:01 |
|  76 |              INDEX UNIQUE SCAN                  | PK_T_USR                      |     1 |       |     1   (0)| 00:00:01 |
|  77 |            TABLE ACCESS BY INDEX ROWID          | T_USR                         |     1 |    22 |     1   (0)| 00:00:01 |
|  78 |             INDEX UNIQUE SCAN                   | PK_T_USR                      |     1 |       |     1   (0)| 00:00:01 |
|  79 |           TABLE ACCESS BY INDEX ROWID           | T_USR                         |     1 |    22 |     1   (0)| 00:00:01 |
|  80 |            INDEX UNIQUE SCAN                    | PK_T_USR                      |     1 |       |     1   (0)| 00:00:01 |
|  81 |    TABLE ACCESS BY INDEX ROWID                  | T_BENSPKG                     |     1 |    12 |     1   (0)| 00:00:01 |
|  82 |     INDEX UNIQUE SCAN                           | PK_T_BENSPKG                  |     1 |       |     1   (0)| 00:00:01 |
|  83 |   TABLE ACCESS BY INDEX ROWID                   | T_USR                         |     1 |    22 |     1   (0)| 00:00:01 |
|  84 |    INDEX UNIQUE SCAN                            | PK_T_USR                      |     1 |       |     1   (0)| 00:00:01 |
---------------------------------------------------------------------------------------------------------------------------------

Query Block Name / Object Alias (identified by operation id):
-------------------------------------------------------------

   1 - SEL$4        / T_UM_BASE@SEL$4
   2 - SEL$4        / T_UM_BASE@SEL$4
   3 - SEL$5        / T_CM_BASEBASE@SEL$5
   4 - SEL$5        / T_CM_BASEBASE@SEL$5
   5 - SEL$0C04A374
   8 - SET$1        / ENROLLMENT@SEL$30
   9 - SET$1
  11 - SEL$35
  13 - SEL$35       / T_SRC_ENNS@SEL$35
  14 - SEL$40       / DUAL@SEL$40
  15 - SEL$5F185B4C
  19 - SEL$5F185B4C / T_ENNS_MASTERUSER@SEL$31
  20 - SEL$5F185B4C / T_ENNS_SLAVEUSER@SEL$31
  21 - SEL$5F185B4C / T_CURR_ENNS@SEL$32
  22 - SEL$5F185B4C / T_CURR_ENNS@SEL$32
  23 - SEL$5F185B4C / T_MAX_DISENROLLMENT_ENROLLMENT@SEL$33
  24 - SEL$5F185B4C / T_MAX_DISENROLLMENT_ENROLLMENT@SEL$33
  25 - SEL$42
  27 - SEL$42       / T_SRC_ENNS@SEL$42
  28 - SEL$43       / DUAL@SEL$43
  29 - SEL$CDBEA42D
  33 - SEL$CDBEA42D / T_ENNS_MASTERUSER@SEL$36
  34 - SEL$CDBEA42D / T_ENNS_SLAVEUSER@SEL$36
  35 - SEL$CDBEA42D / T_CURR_ENNS@SEL$37
  36 - SEL$CDBEA42D / T_CURR_ENNS@SEL$37
  37 - SEL$CDBEA42D / T_MAX_DISENROLLMENT_ENROLLMENT@SEL$38
  38 - SEL$CDBEA42D / T_MAX_DISENROLLMENT_ENROLLMENT@SEL$38
  39 - SEL$3        / INFO_WITH_MEMBER_ID@SEL$2
  40 - SEL$6        / INFO@SEL$3
  41 - SEL$6
  42 - SEL$2D594895 / from$_subquery$_005@SEL$6
  43 - SEL$2D594895
  56 - SEL$2D594895 / T@SEL$8
  57 - SEL$2D594895 / T@SEL$8
  58 - SEL$2D594895 / REASON@SEL$17
  59 - SEL$2D594895 / REASON@SEL$17
  60 - SEL$2D594895 / TASKTYPE@SEL$15
  61 - SEL$2D594895 / TASKTYPE@SEL$15
  62 - SEL$2D594895 / AUTH@SEL$21
  63 - SEL$2D594895 / AUTH@SEL$21
  64 - SEL$2D594895 / CASEORCM@SEL$19
  65 - SEL$2D594895 / CASEORCM@SEL$19
  67 - SEL$2D594895 / OWN@SEL$7
  68 - SEL$2D594895 / OWN@SEL$7
  69 - SEL$2D594895 / PROVIDER@SEL$23
  70 - SEL$2D594895 / PROVIDER@SEL$23
  71 - SEL$2D594895 / MEMBER@SEL$11
  72 - SEL$2D594895 / MEMBER@SEL$11
  73 - SEL$2D594895 / PREVOWNER@SEL$9
  74 - SEL$2D594895 / PREVOWNER@SEL$9
  75 - SEL$2D594895 / SENDER@SEL$27
  76 - SEL$2D594895 / SENDER@SEL$27
  77 - SEL$2D594895 / ORIGCREATOR@SEL$13
  78 - SEL$2D594895 / ORIGCREATOR@SEL$13
  79 - SEL$2D594895 / MOD@SEL$25
  80 - SEL$2D594895 / MOD@SEL$25
  81 - SEL$0C04A374 / BENEFIT@SEL$46
  82 - SEL$0C04A374 / BENEFIT@SEL$46
  83 - SEL$0C04A374 / AFFMEMBER@SEL$1
  84 - SEL$0C04A374 / AFFMEMBER@SEL$1

Outline Data
-------------

  /*+
      BEGIN_OUTLINE_DATA
      IGNORE_OPTIM_EMBEDDED_HINTS
      OPTIMIZER_FEATURES_ENABLE('12.1.0.2')
      DB_VERSION('12.1.0.2')
      OPT_PARAM('optimizer_index_cost_adj' 1)
      OPT_PARAM('optimizer_index_caching' 90)
      ALL_ROWS
      OUTLINE_LEAF(@"SEL$4")
      OUTLINE_LEAF(@"SEL$5")
      OUTLINE_LEAF(@"SEL$2D594895")
      MERGE(@"SEL$2DE0C8FF")
      OUTLINE_LEAF(@"SEL$6")
      OUTLINE_LEAF(@"SEL$3")
      OUTLINE_LEAF(@"SEL$40")
      OUTLINE_LEAF(@"SEL$5F185B4C")
      MERGE(@"SEL$6B15F4E0")
      OUTLINE_LEAF(@"SEL$35")
      OUTLINE_LEAF(@"SEL$43")
      OUTLINE_LEAF(@"SEL$CDBEA42D")
      MERGE(@"SEL$57BA8109")
      OUTLINE_LEAF(@"SEL$42")
      OUTLINE_LEAF(@"SET$1")
      OUTLINE_LEAF(@"SEL$0C04A374")
      MERGE(@"SEL$BC270230")
      OUTLINE(@"SEL$29")
      OUTLINE(@"SEL$2DE0C8FF")
      MERGE(@"SEL$27")
      MERGE(@"SEL$3B95C159")
      OUTLINE(@"SEL$41")
      OUTLINE(@"SEL$6B15F4E0")
      MERGE(@"SEL$78FE80F3")
      OUTLINE(@"SEL$44")
      OUTLINE(@"SEL$57BA8109")
      MERGE(@"SEL$516D3A01")
      OUTLINE(@"SEL$48")
      OUTLINE(@"SEL$BC270230")
      MERGE(@"SEL$409758B4")
      MERGE(@"SEL$46")
      OUTLINE(@"SEL$28")
      OUTLINE(@"SEL$27")
      OUTLINE(@"SEL$3B95C159")
      MERGE(@"SEL$25")
      MERGE(@"SEL$6D003707")
      OUTLINE(@"SEL$D570F096")
      MERGE(@"SEL$33")
      OUTLINE(@"SEL$78FE80F3")
      MERGE(@"SEL$31")
      OUTLINE(@"SEL$067B9A3E")
      MERGE(@"SEL$38")
      OUTLINE(@"SEL$516D3A01")
      MERGE(@"SEL$36")
      OUTLINE(@"SEL$47")
      OUTLINE(@"SEL$409758B4")
      MERGE(@"SEL$30")
      MERGE(@"SEL$58A6D7F6")
      OUTLINE(@"SEL$46")
      OUTLINE(@"SEL$26")
      OUTLINE(@"SEL$25")
      OUTLINE(@"SEL$6D003707")
      MERGE(@"SEL$23")
      MERGE(@"SEL$23FAB6D1")
      OUTLINE(@"SEL$34")
      OUTLINE(@"SEL$33")
      OUTLINE(@"SEL$32")
      OUTLINE(@"SEL$31")
      OUTLINE(@"SEL$39")
      OUTLINE(@"SEL$38")
      OUTLINE(@"SEL$37")
      OUTLINE(@"SEL$36")
      OUTLINE(@"SEL$45")
      OUTLINE(@"SEL$30")
      OUTLINE(@"SEL$58A6D7F6")
      MERGE(@"SEL$1")
      OUTLINE(@"SEL$24")
      OUTLINE(@"SEL$23")
      OUTLINE(@"SEL$23FAB6D1")
      MERGE(@"SEL$21")
      MERGE(@"SEL$97A30ECD")
      OUTLINE(@"SEL$2")
      OUTLINE(@"SEL$1")
      OUTLINE(@"SEL$22")
      OUTLINE(@"SEL$21")
      OUTLINE(@"SEL$97A30ECD")
      MERGE(@"SEL$19")
      MERGE(@"SEL$CF22A5CA")
      OUTLINE(@"SEL$20")
      OUTLINE(@"SEL$19")
      OUTLINE(@"SEL$CF22A5CA")
      MERGE(@"SEL$17")
      MERGE(@"SEL$FF97D7FC")
      OUTLINE(@"SEL$18")
      OUTLINE(@"SEL$17")
      OUTLINE(@"SEL$FF97D7FC")
      MERGE(@"SEL$15")
      MERGE(@"SEL$DE5D921C")
      OUTLINE(@"SEL$16")
      OUTLINE(@"SEL$15")
      OUTLINE(@"SEL$DE5D921C")
      MERGE(@"SEL$01DD7F33")
      MERGE(@"SEL$13")
      OUTLINE(@"SEL$14")
      OUTLINE(@"SEL$01DD7F33")
      MERGE(@"SEL$11")
      MERGE(@"SEL$BDFBA881")
      OUTLINE(@"SEL$13")
      OUTLINE(@"SEL$12")
      OUTLINE(@"SEL$11")
      OUTLINE(@"SEL$BDFBA881")
      MERGE(@"SEL$9")
      MERGE(@"SEL$FC56C448")
      OUTLINE(@"SEL$10")
      OUTLINE(@"SEL$9")
      OUTLINE(@"SEL$FC56C448")
      MERGE(@"SEL$7")
      OUTLINE(@"SEL$8")
      OUTLINE(@"SEL$7")
      NO_ACCESS(@"SEL$0C04A374" "INFO_WITH_MEMBER_ID"@"SEL$2")
      NO_ACCESS(@"SEL$0C04A374" "ENROLLMENT"@"SEL$30")
      INDEX_RS_ASC(@"SEL$0C04A374" "BENEFIT"@"SEL$46" ("T_BENSPKG"."BENP_ID"))
      INDEX_RS_ASC(@"SEL$0C04A374" "AFFMEMBER"@"SEL$1" ("T_USR"."USR_ID"))
      LEADING(@"SEL$0C04A374" "INFO_WITH_MEMBER_ID"@"SEL$2" "ENROLLMENT"@"SEL$30" "BENEFIT"@"SEL$46" "AFFMEMBER"@"SEL$1")
      USE_HASH(@"SEL$0C04A374" "ENROLLMENT"@"SEL$30")
      USE_NL(@"SEL$0C04A374" "BENEFIT"@"SEL$46")
      USE_NL(@"SEL$0C04A374" "AFFMEMBER"@"SEL$1")
      SWAP_JOIN_INPUTS(@"SEL$0C04A374" "ENROLLMENT"@"SEL$30")
      NO_ACCESS(@"SEL$3" "INFO"@"SEL$3")
      FULL(@"SEL$42" "T_SRC_ENNS"@"SEL$42")
      PQ_FILTER(@"SEL$42" SERIAL)
      FULL(@"SEL$35" "T_SRC_ENNS"@"SEL$35")
      PQ_FILTER(@"SEL$35" SERIAL)
      INDEX(@"SEL$5F185B4C" "T_ENNS_MASTERUSER"@"SEL$31" ("T_USR"."USR_ID"))
      INDEX(@"SEL$5F185B4C" "T_ENNS_SLAVEUSER"@"SEL$31" "IX_NVL_USR_MRGEMSTR_USR_ID")
      INDEX_RS_ASC(@"SEL$5F185B4C" "T_CURR_ENNS"@"SEL$32" "IX_ELNS_MEMBENLTDTDSNTDTSTTID")
      INDEX_RS_ASC(@"SEL$5F185B4C" "T_MAX_DISENROLLMENT_ENROLLMENT"@"SEL$33" ("T_ENNS"."ELNS_MEMB" "T_ENNS"."ELNS_ENLTDT"
              "T_ENNS"."ELNS_DSNTDT" "T_ENNS"."ELNS_ID"))
      LEADING(@"SEL$5F185B4C" "T_ENNS_MASTERUSER"@"SEL$31" "T_ENNS_SLAVEUSER"@"SEL$31" "T_CURR_ENNS"@"SEL$32"
              "T_MAX_DISENROLLMENT_ENROLLMENT"@"SEL$33")
      USE_NL(@"SEL$5F185B4C" "T_ENNS_SLAVEUSER"@"SEL$31")
      USE_NL(@"SEL$5F185B4C" "T_CURR_ENNS"@"SEL$32")
      USE_NL(@"SEL$5F185B4C" "T_MAX_DISENROLLMENT_ENROLLMENT"@"SEL$33")
      INDEX(@"SEL$CDBEA42D" "T_ENNS_MASTERUSER"@"SEL$36" ("T_USR"."USR_ID"))
      INDEX(@"SEL$CDBEA42D" "T_ENNS_SLAVEUSER"@"SEL$36" "IX_NVL_USR_MRGEMSTR_USR_ID")
      INDEX_RS_ASC(@"SEL$CDBEA42D" "T_CURR_ENNS"@"SEL$37" "IX_ELNS_MEMBENLTDTDSNTDTSTTID")
      INDEX_RS_ASC(@"SEL$CDBEA42D" "T_MAX_DISENROLLMENT_ENROLLMENT"@"SEL$38" ("T_ENNS"."ELNS_MEMB" "T_ENNS"."ELNS_ENLTDT"
              "T_ENNS"."ELNS_DSNTDT" "T_ENNS"."ELNS_ID"))
      LEADING(@"SEL$CDBEA42D" "T_ENNS_MASTERUSER"@"SEL$36" "T_ENNS_SLAVEUSER"@"SEL$36" "T_CURR_ENNS"@"SEL$37"
              "T_MAX_DISENROLLMENT_ENROLLMENT"@"SEL$38")
      USE_NL(@"SEL$CDBEA42D" "T_ENNS_SLAVEUSER"@"SEL$36")
      USE_NL(@"SEL$CDBEA42D" "T_CURR_ENNS"@"SEL$37")
      USE_NL(@"SEL$CDBEA42D" "T_MAX_DISENROLLMENT_ENROLLMENT"@"SEL$38")
      NO_ACCESS(@"SEL$6" "from$_subquery$_005"@"SEL$6")
      INDEX_RS_ASC(@"SEL$2D594895" "T"@"SEL$8" ("T_SENTTSK"."SETK_OBJ_STT"))
      INDEX_RS_ASC(@"SEL$2D594895" "REASON"@"SEL$17" ("T_DDL_ITEM"."DDLI_ID"))
      INDEX_RS_ASC(@"SEL$2D594895" "TASKTYPE"@"SEL$15" ("T_DDL_ITEM"."DDLI_ID"))
      INDEX_RS_ASC(@"SEL$2D594895" "AUTH"@"SEL$21" ("T_UM_BASE"."UMBS_ID"))
      INDEX_RS_ASC(@"SEL$2D594895" "CASEORCM"@"SEL$19" ("T_CM_BASEBASE"."CMBB_ID"))
      INDEX_RS_ASC(@"SEL$2D594895" "OWN"@"SEL$7" ("T_USR"."USR_ID"))
      INDEX_RS_ASC(@"SEL$2D594895" "PROVIDER"@"SEL$23" ("T_USR"."USR_ID"))
      INDEX_RS_ASC(@"SEL$2D594895" "MEMBER"@"SEL$11" ("T_USR"."USR_ID"))
      INDEX_RS_ASC(@"SEL$2D594895" "PREVOWNER"@"SEL$9" ("T_USR"."USR_ID"))
      INDEX_RS_ASC(@"SEL$2D594895" "SENDER"@"SEL$27" ("T_USR"."USR_ID"))
      INDEX_RS_ASC(@"SEL$2D594895" "ORIGCREATOR"@"SEL$13" ("T_USR"."USR_ID"))
      INDEX_RS_ASC(@"SEL$2D594895" "MOD"@"SEL$25" ("T_USR"."USR_ID"))
      LEADING(@"SEL$2D594895" "T"@"SEL$8" "REASON"@"SEL$17" "TASKTYPE"@"SEL$15" "AUTH"@"SEL$21" "CASEORCM"@"SEL$19"
              "OWN"@"SEL$7" "PROVIDER"@"SEL$23" "MEMBER"@"SEL$11" "PREVOWNER"@"SEL$9" "SENDER"@"SEL$27" "ORIGCREATOR"@"SEL$13"
              "MOD"@"SEL$25")
      USE_NL(@"SEL$2D594895" "REASON"@"SEL$17")
      USE_NL(@"SEL$2D594895" "TASKTYPE"@"SEL$15")
      USE_NL(@"SEL$2D594895" "AUTH"@"SEL$21")
      USE_NL(@"SEL$2D594895" "CASEORCM"@"SEL$19")
      USE_MERGE_CARTESIAN(@"SEL$2D594895" "OWN"@"SEL$7")
      USE_NL(@"SEL$2D594895" "PROVIDER"@"SEL$23")
      USE_NL(@"SEL$2D594895" "MEMBER"@"SEL$11")
      USE_NL(@"SEL$2D594895" "PREVOWNER"@"SEL$9")
      USE_NL(@"SEL$2D594895" "SENDER"@"SEL$27")
      USE_NL(@"SEL$2D594895" "ORIGCREATOR"@"SEL$13")
      USE_NL(@"SEL$2D594895" "MOD"@"SEL$25")
      INDEX_RS_ASC(@"SEL$5" "T_CM_BASEBASE"@"SEL$5" ("T_CM_BASEBASE"."CMBB_ID"))
      INDEX_RS_ASC(@"SEL$4" "T_UM_BASE"@"SEL$4" ("T_UM_BASE"."UMBS_ID"))
      END_OUTLINE_DATA
  */

Peeked Binds (identified by position):
--------------------------------------

   1 - :SYS_B_0 (NUMBER): 2
   2 - :1 (NUMBER): 10672218
   3 - :2 (NUMBER): 1
   4 - :3 (NUMBER): 3
   5 - :4 (NUMBER): 905
   6 - :5 (NUMBER): 906
   7 - :6 (NUMBER): 907
   8 - :7 (NUMBER): 908
   9 - :8 (NUMBER): 911
  10 - :9 (NUMBER): 912
  11 - :10 (NUMBER): 913
  12 - :SYS_B_1 (NUMBER): 500
  13 - :SYS_B_2 (VARCHAR2(30), CSID=178): '2020.11.19'
  14 - :SYS_B_3 (VARCHAR2(30), CSID=178): 'yyyy.MM.dd'

Note
-----
   - dynamic statistics used: dynamic sampling (level=2)
   - 5 Sql Plan Directives used for this statement

SQL_ID 0sjx29v99zfqc
--------------------
SELECT INFO_WITH_MEMBER_ID.*,     enrollment.ELNS_INSCPRSRGRP
ipgGroupId,     benefit.BENP_LWSTLVL_PRODCAT productCategoryId,
affMember.USR_FRSTNAM affiliatedMemberFirstName,
affMember.USR_LAS_NAM affiliatedMemberLastName FROM (   SELECT INFO.*,
   CASE     WHEN INFO.memberAffiliationId IS NOT NULL THEN
(INFO.memberAffiliationId)     WHEN INFO.authAffiliationId IS NOT NULL
THEN (SELECT UMBS_MEMB FROM T_UM_BASE WHERE
UMBS_ID=INFO.authAffiliationId)     WHEN
INFO.careManagementAffiliationId IS NOT NULL THEN (SELECT CMBS_MEMB
FROM T_CM_BASEBASE WHERE CMBB_ID=INFO.careManagementAffiliationId)
WHEN INFO.providerAffiliationId IS NOT NULL THEN
(INFO.providerAffiliationId)     ELSE (NULL)     END
affiliatedMemberId   FROM (   SELECT * FROM (     SELECT
T.SETK_ID AS id,         T.SETK_C4C_ID AS c4cId,         T.SETK_UNIVID
AS universalId,         taskType.TSKT_RCPTTYP AS categoryId,
T.SETK_TSK_TYP AS taskTypeId,         taskType.DDLI_LBL AS
taskTypeLabel,         T.SETK_TSK_NAM AS taskName,         T.SETK_SUBJ
AS subject,         T.SETK_CRTD AS createDate,         T.SETK_SENT AS
sentDate,         T.SETK_SRTD AS startedDate,
T.SETK_TSK_TIMG_STRTDT AS startDate,         T.SETK_TSK_TIMG_SCLDAT AS
startDateSeconds,         T.SETK_TSK_TIMG_DDLN_DT AS dueDate,
T.SETK_TSK_TIMG_DDLN_TIM_IN_DY AS dueDateSeconds,         T.SETK_OWNR
AS ownerId,         own.USR_FRSTNAM AS ownerFirstName,
own.USR_LAS_NAM AS ownerLastName,         own.CLASSTYPE AS ownerType,
      T.SETK_OBJ_STT AS status,         T.SETK_AFFN_MEMB AS
memberAffiliationId,         member.USR_C4C_ID AS memberC4cId,
member.USR_FRSTNAM AS memberFirstName,         member.USR_LAS_NAM AS
memberLastName,         T.SETK_AFFN_CM AS careManagementAffiliationId,
       caseOrCm.CMBB_C4C_ID AS caseOrCmC4cId,
T.SETK_AFFN_UM_EVNT AS authAffiliationId,         auth.UMBS_C4C_ID AS
authAffiliationC4cId,         T.SETK_AFFN_PVDR AS
providerAffiliationId,         provider.USR_C4C_ID AS providerC4cId,
     T.SETK_TSK_TIMG_SNLTDT AS startNoLaterThanDate,
T.SETK_CNCLRESN AS cancelReasonId,         T.SETK_ORIGCRTR AS
originalCreatorId,         origCreator.USR_FRSTNAM AS
originalCreatorFirstName,         origCreator.USR_LAS_NAM AS
originalCreatorLastName,         caseOrCm.CLASSTYPE AS
caseOrCmClasstype,         T.SETK_TSK_DSCN AS description,
T.SETK_CMPD AS completedDate,         T.SETK_LAS_ACT_TIM AS
lastActionDate,         mod.USR_FRSTNAM lastModifiedByFirstName,
 mod.USR_LAS_NAM lastModifiedByLastName,         T.SETK_PRVSOWNR AS
previousOwnerId,         prevOwner.USR_FRSTNAM AS
previousOwnerFirstName,         prevOwner.USR_LAS_NAM AS
previousOwnerLastName,         prevOwner.CLASSTYPE AS
previousOwnerType,         CASE             WHEN
T.SETK_TSK_TIMG_DDLN_DT IS NOT NULL THEN (T.SETK_TSK_TIMG_DDLN_DT)
       WHEN T.SETK_TSK_TIMG_STRTDT IS NOT NULL THEN
(T.SETK_TSK_TIMG_STRTDT)             WHEN T.SETK_TSK_TIMG_SNLTDT IS NOT
NULL THEN (T.SETK_TSK_TIMG_SNLTDT)             ELSE (NULL)         END
       filterDate,         sender.USR_FRSTNAM fromUserFirstName,
 sender.USR_LAS_NAM fromUserLastName,         T.SETK_RESCHEDULE_REASON
AS rescheduleReason,         reason.DDLI_LBL AS rescheduleReasonLabel,
       T.SETK_RESCHEDULE_COMMENT AS rescheduleComment       FROM
T_SENTTSK T       LEFT OUTER JOIN T_USR own ON own.USR_ID=T.SETK_OWNR
    LEFT OUTER JOIN T_USR prevOwner ON prevOwner.USR_ID=T.SETK_PRVSOWNR
      LEFT OUTER JOIN T_USR member ON member.USR_ID=T.SETK_AFFN_MEMB
   LEFT OUTER JOIN T_USR origCreator ON
origCreator.USR_ID=T.SETK_ORIGCRTR       LEFT OUTER JOIN T_DDL_ITEM
taskType ON taskType.DDLI_ID=T.SETK_TSK_TYP       LEFT OUTER JOIN
T_DDL_ITEM reason ON reason.DDLI_ID=T.SETK_RESCHEDULE_REASON       LEFT
OUTER JOIN T_CM_BASEBASE caseOrCm ON caseOrCm.CMBB_ID=T.SETK_AFFN_CM
   LEFT OUTER JOIN T_UM_BASE auth ON auth.UMBS_ID=T.SETK_AFFN_UM_EVNT
    LEFT OUTER JOIN T_USR provider

Plan hash value: 1169281721

---------------------------------------------------------------------------------------------------------------------------------
| Id  | Operation                                       | Name                          | Rows  | Bytes | Cost (%CPU)| Time     |
---------------------------------------------------------------------------------------------------------------------------------
|   0 | SELECT STATEMENT                                |                               |       |       |  2282K(100)|          |
|   1 |  TABLE ACCESS BY INDEX ROWID                    | T_UM_BASE                     |     1 |    12 |     1   (0)| 00:00:01 |
|   2 |   INDEX UNIQUE SCAN                             | PK_T_UM_BASE                  |     1 |       |     1   (0)| 00:00:01 |
|   3 |   TABLE ACCESS BY INDEX ROWID                   | T_CM_BASEBASE                 |     1 |    12 |     1   (0)| 00:00:01 |
|   4 |    INDEX UNIQUE SCAN                            | PK_T_CM_BASEBASE              |     1 |       |     1   (0)| 00:00:01 |
|   5 |  NESTED LOOPS OUTER                             |                               |    97 |  4444K|  2282K  (1)| 00:01:30 |
|   6 |   NESTED LOOPS OUTER                            |                               |    97 |  4442K|  2282K  (1)| 00:01:30 |
|   7 |    HASH JOIN RIGHT OUTER                        |                               |    97 |  4441K|  2282K  (1)| 00:01:30 |
|   8 |     VIEW                                        | V_CURR_ENROLLMENT             |     2 |    78 |  2282K  (1)| 00:01:30 |
|   9 |      SORT UNIQUE                                |                               |     2 |  1092 |  2282K  (1)| 00:01:30 |
|  10 |       UNION-ALL                                 |                               |       |       |            |          |
|  11 |        FILTER                                   |                               |       |       |            |          |
|  12 |         FILTER                                  |                               |       |       |            |          |
|  13 |          TABLE ACCESS STORAGE FULL              | T_ENNS                        |   248K|    64M|   160K  (1)| 00:00:07 |
|  14 |          FAST DUAL                              |                               |     1 |       |     2   (0)| 00:00:01 |
|  15 |         SORT GROUP BY NOSORT                    |                               |     1 |    72 |     4   (0)| 00:00:01 |
|  16 |          NESTED LOOPS OUTER                     |                               |     1 |    72 |     4   (0)| 00:00:01 |
|  17 |           NESTED LOOPS                          |                               |     1 |    50 |     3   (0)| 00:00:01 |
|  18 |            NESTED LOOPS                         |                               |     1 |    12 |     2   (0)| 00:00:01 |
|  19 |             INDEX UNIQUE SCAN                   | PK_T_USR                      |     1 |     6 |     1   (0)| 00:00:01 |
|  20 |             INDEX RANGE SCAN                    | IX_NVL_USR_MRGEMSTR_USR_ID    |     1 |     6 |     1   (0)| 00:00:01 |
|  21 |            TABLE ACCESS BY INDEX ROWID          | T_ENNS                        |     1 |    38 |     1   (0)| 00:00:01 |
|  22 |             INDEX RANGE SCAN                    | IX_ELNS_MEMBENLTDTDSNTDTSTTID |     2 |       |     1   (0)| 00:00:01 |
|  23 |           TABLE ACCESS BY INDEX ROWID           | T_ENNS                        |     1 |    22 |     1   (0)| 00:00:01 |
|  24 |            INDEX RANGE SCAN                     | IX_ELNS_MEMBENLTDTDSNTDTSTTID |     1 |       |     1   (0)| 00:00:01 |
|  25 |        FILTER                                   |                               |       |       |            |          |
|  26 |         FILTER                                  |                               |       |       |            |          |
|  27 |          TABLE ACCESS STORAGE FULL              | T_ENNS                        |   248K|    64M|   160K  (1)| 00:00:07 |
|  28 |          FAST DUAL                              |                               |     1 |       |     2   (0)| 00:00:01 |
|  29 |         SORT GROUP BY NOSORT                    |                               |     1 |    72 |     4   (0)| 00:00:01 |
|  30 |          NESTED LOOPS OUTER                     |                               |     1 |    72 |     4   (0)| 00:00:01 |
|  31 |           NESTED LOOPS                          |                               |     1 |    50 |     3   (0)| 00:00:01 |
|  32 |            NESTED LOOPS                         |                               |     1 |    12 |     2   (0)| 00:00:01 |
|  33 |             INDEX UNIQUE SCAN                   | PK_T_USR                      |     1 |     6 |     1   (0)| 00:00:01 |
|  34 |             INDEX RANGE SCAN                    | IX_NVL_USR_MRGEMSTR_USR_ID    |     1 |     6 |     1   (0)| 00:00:01 |
|  35 |            TABLE ACCESS BY INDEX ROWID          | T_ENNS                        |     1 |    38 |     1   (0)| 00:00:01 |
|  36 |             INDEX RANGE SCAN                    | IX_ELNS_MEMBENLTDTDSNTDTSTTID |     2 |       |     1   (0)| 00:00:01 |
|  37 |           TABLE ACCESS BY INDEX ROWID           | T_ENNS                        |     1 |    22 |     1   (0)| 00:00:01 |
|  38 |            INDEX RANGE SCAN                     | IX_ELNS_MEMBENLTDTDSNTDTSTTID |     1 |       |     1   (0)| 00:00:01 |
|  39 |     VIEW                                        |                               |    97 |  4438K|    83   (2)| 00:00:01 |
|  40 |      VIEW                                       |                               |    97 |  4436K|    15   (7)| 00:00:01 |
|  41 |       COUNT STOPKEY                             |                               |       |       |            |          |
|  42 |        VIEW                                     |                               |    97 |  4436K|    15   (7)| 00:00:01 |
|  43 |         SORT ORDER BY STOPKEY                   |                               |    97 | 75660 |    15   (7)| 00:00:01 |
|  44 |          NESTED LOOPS OUTER                     |                               |    97 | 75660 |    14   (0)| 00:00:01 |
|  45 |           NESTED LOOPS OUTER                    |                               |    97 | 73526 |    13   (0)| 00:00:01 |
|  46 |            NESTED LOOPS OUTER                   |                               |    97 | 71392 |    12   (0)| 00:00:01 |
|  47 |             NESTED LOOPS OUTER                  |                               |    97 | 69064 |    11   (0)| 00:00:01 |
|  48 |              NESTED LOOPS OUTER                 |                               |    97 | 66348 |    10   (0)| 00:00:01 |
|  49 |               NESTED LOOPS OUTER                |                               |    97 | 64214 |     9   (0)| 00:00:01 |
|  50 |                NESTED LOOPS OUTER               |                               |    97 | 60722 |     8   (0)| 00:00:01 |
|  51 |                 NESTED LOOPS OUTER              |                               |    97 | 57327 |     7   (0)| 00:00:01 |
|  52 |                  NESTED LOOPS OUTER             |                               |    97 | 55193 |     6   (0)| 00:00:01 |
|  53 |                   NESTED LOOPS OUTER            |                               |    97 | 53447 |     5   (0)| 00:00:01 |
|  54 |                    MERGE JOIN OUTER             |                               |    97 | 51604 |     4   (0)| 00:00:01 |
|  55 |                     INLIST ITERATOR             |                               |       |       |            |          |
|  56 |                      TABLE ACCESS BY INDEX ROWID| T_SENTTSK                     |    97 | 48112 |     3   (0)| 00:00:01 |
|  57 |                       INDEX RANGE SCAN          | IX_SETK_OBJ_STT               |  1918 |       |     1   (0)| 00:00:01 |
|  58 |                     BUFFER SORT                 |                               |     1 |    36 |     1   (0)| 00:00:01 |
|  59 |                      TABLE ACCESS BY INDEX ROWID| T_USR                         |     1 |    36 |     1   (0)| 00:00:01 |
|  60 |                       INDEX UNIQUE SCAN         | PK_T_USR                      |     1 |       |     1   (0)| 00:00:01 |
|  61 |                    TABLE ACCESS BY INDEX ROWID  | T_USR                         |     1 |    19 |     1   (0)| 00:00:01 |
|  62 |                     INDEX UNIQUE SCAN           | PK_T_USR                      |     1 |       |     1   (0)| 00:00:01 |
|  63 |                   TABLE ACCESS BY INDEX ROWID   | T_UM_BASE                     |     1 |    18 |     1   (0)| 00:00:01 |
|  64 |                    INDEX UNIQUE SCAN            | PK_T_UM_BASE                  |     1 |       |     1   (0)| 00:00:01 |
|  65 |                  TABLE ACCESS BY INDEX ROWID    | T_DDL_ITEM                    |     1 |    22 |     1   (0)| 00:00:01 |
|  66 |                   INDEX UNIQUE SCAN             | PK_T_DDL_ITEM                 |     1 |       |     1   (0)| 00:00:01 |
|  67 |                 TABLE ACCESS BY INDEX ROWID     | T_USR                         |     1 |    35 |     1   (0)| 00:00:01 |
|  68 |                  INDEX UNIQUE SCAN              | PK_T_USR                      |     1 |       |     1   (0)| 00:00:01 |
|  69 |                TABLE ACCESS BY INDEX ROWID      | T_USR                         |     1 |    36 |     1   (0)| 00:00:01 |
|  70 |                 INDEX UNIQUE SCAN               | PK_T_USR                      |     1 |       |     1   (0)| 00:00:01 |
|  71 |               TABLE ACCESS BY INDEX ROWID       | T_USR                         |     1 |    22 |     1   (0)| 00:00:01 |
|  72 |                INDEX UNIQUE SCAN                | PK_T_USR                      |     1 |       |     1   (0)| 00:00:01 |
|  73 |              TABLE ACCESS BY INDEX ROWID        | T_CM_BASEBASE                 |     1 |    28 |     1   (0)| 00:00:01 |
|  74 |               INDEX UNIQUE SCAN                 | PK_T_CM_BASEBASE              |     1 |       |     1   (0)| 00:00:01 |
|  75 |             TABLE ACCESS BY INDEX ROWID         | T_DDL_ITEM                    |     1 |    24 |     1   (0)| 00:00:01 |
|  76 |              INDEX UNIQUE SCAN                  | PK_T_DDL_ITEM                 |     1 |       |     1   (0)| 00:00:01 |
|  77 |            TABLE ACCESS BY INDEX ROWID          | T_USR                         |     1 |    22 |     1   (0)| 00:00:01 |
|  78 |             INDEX UNIQUE SCAN                   | PK_T_USR                      |     1 |       |     1   (0)| 00:00:01 |
|  79 |           TABLE ACCESS BY INDEX ROWID           | T_USR                         |     1 |    22 |     1   (0)| 00:00:01 |
|  80 |            INDEX UNIQUE SCAN                    | PK_T_USR                      |     1 |       |     1   (0)| 00:00:01 |
|  81 |    TABLE ACCESS BY INDEX ROWID                  | T_BENSPKG                     |     1 |    12 |     1   (0)| 00:00:01 |
|  82 |     INDEX UNIQUE SCAN                           | PK_T_BENSPKG                  |     1 |       |     1   (0)| 00:00:01 |
|  83 |   TABLE ACCESS BY INDEX ROWID                   | T_USR                         |     1 |    22 |     1   (0)| 00:00:01 |
|  84 |    INDEX UNIQUE SCAN                            | PK_T_USR                      |     1 |       |     1   (0)| 00:00:01 |
---------------------------------------------------------------------------------------------------------------------------------

Query Block Name / Object Alias (identified by operation id):
-------------------------------------------------------------

   1 - SEL$4        / T_UM_BASE@SEL$4
   2 - SEL$4        / T_UM_BASE@SEL$4
   3 - SEL$5        / T_CM_BASEBASE@SEL$5
   4 - SEL$5        / T_CM_BASEBASE@SEL$5
   5 - SEL$0C04A374
   8 - SET$1        / ENROLLMENT@SEL$30
   9 - SET$1
  11 - SEL$35
  13 - SEL$35       / T_SRC_ENNS@SEL$35
  14 - SEL$40       / DUAL@SEL$40
  15 - SEL$5F185B4C
  19 - SEL$5F185B4C / T_ENNS_MASTERUSER@SEL$31
  20 - SEL$5F185B4C / T_ENNS_SLAVEUSER@SEL$31
  21 - SEL$5F185B4C / T_CURR_ENNS@SEL$32
  22 - SEL$5F185B4C / T_CURR_ENNS@SEL$32
  23 - SEL$5F185B4C / T_MAX_DISENROLLMENT_ENROLLMENT@SEL$33
  24 - SEL$5F185B4C / T_MAX_DISENROLLMENT_ENROLLMENT@SEL$33
  25 - SEL$42
  27 - SEL$42       / T_SRC_ENNS@SEL$42
  28 - SEL$43       / DUAL@SEL$43
  29 - SEL$CDBEA42D
  33 - SEL$CDBEA42D / T_ENNS_MASTERUSER@SEL$36
  34 - SEL$CDBEA42D / T_ENNS_SLAVEUSER@SEL$36
  35 - SEL$CDBEA42D / T_CURR_ENNS@SEL$37
  36 - SEL$CDBEA42D / T_CURR_ENNS@SEL$37
  37 - SEL$CDBEA42D / T_MAX_DISENROLLMENT_ENROLLMENT@SEL$38
  38 - SEL$CDBEA42D / T_MAX_DISENROLLMENT_ENROLLMENT@SEL$38
  39 - SEL$3        / INFO_WITH_MEMBER_ID@SEL$2
  40 - SEL$6        / INFO@SEL$3
  41 - SEL$6
  42 - SEL$2D594895 / from$_subquery$_005@SEL$6
  43 - SEL$2D594895
  56 - SEL$2D594895 / T@SEL$8
  57 - SEL$2D594895 / T@SEL$8
  59 - SEL$2D594895 / OWN@SEL$7
  60 - SEL$2D594895 / OWN@SEL$7
  61 - SEL$2D594895 / PROVIDER@SEL$23
  62 - SEL$2D594895 / PROVIDER@SEL$23
  63 - SEL$2D594895 / AUTH@SEL$21
  64 - SEL$2D594895 / AUTH@SEL$21
  65 - SEL$2D594895 / REASON@SEL$17
  66 - SEL$2D594895 / REASON@SEL$17
  67 - SEL$2D594895 / MEMBER@SEL$11
  68 - SEL$2D594895 / MEMBER@SEL$11
  69 - SEL$2D594895 / PREVOWNER@SEL$9
  70 - SEL$2D594895 / PREVOWNER@SEL$9
  71 - SEL$2D594895 / SENDER@SEL$27
  72 - SEL$2D594895 / SENDER@SEL$27
  73 - SEL$2D594895 / CASEORCM@SEL$19
  74 - SEL$2D594895 / CASEORCM@SEL$19
  75 - SEL$2D594895 / TASKTYPE@SEL$15
  76 - SEL$2D594895 / TASKTYPE@SEL$15
  77 - SEL$2D594895 / ORIGCREATOR@SEL$13
  78 - SEL$2D594895 / ORIGCREATOR@SEL$13
  79 - SEL$2D594895 / MOD@SEL$25
  80 - SEL$2D594895 / MOD@SEL$25
  81 - SEL$0C04A374 / BENEFIT@SEL$46
  82 - SEL$0C04A374 / BENEFIT@SEL$46
  83 - SEL$0C04A374 / AFFMEMBER@SEL$1
  84 - SEL$0C04A374 / AFFMEMBER@SEL$1

Outline Data
-------------

  /*+
      BEGIN_OUTLINE_DATA
      IGNORE_OPTIM_EMBEDDED_HINTS
      OPTIMIZER_FEATURES_ENABLE('12.1.0.2')
      DB_VERSION('12.1.0.2')
      OPT_PARAM('optimizer_index_cost_adj' 1)
      OPT_PARAM('optimizer_index_caching' 90)
      ALL_ROWS
      OUTLINE_LEAF(@"SEL$4")
      OUTLINE_LEAF(@"SEL$5")
      OUTLINE_LEAF(@"SEL$2D594895")
      MERGE(@"SEL$2DE0C8FF")
      OUTLINE_LEAF(@"SEL$6")
      OUTLINE_LEAF(@"SEL$3")
      OUTLINE_LEAF(@"SEL$40")
      OUTLINE_LEAF(@"SEL$5F185B4C")
      MERGE(@"SEL$6B15F4E0")
      OUTLINE_LEAF(@"SEL$35")
      OUTLINE_LEAF(@"SEL$43")
      OUTLINE_LEAF(@"SEL$CDBEA42D")
      MERGE(@"SEL$57BA8109")
      OUTLINE_LEAF(@"SEL$42")
      OUTLINE_LEAF(@"SET$1")
      OUTLINE_LEAF(@"SEL$0C04A374")
      MERGE(@"SEL$BC270230")
      OUTLINE(@"SEL$29")
      OUTLINE(@"SEL$2DE0C8FF")
      MERGE(@"SEL$27")
      MERGE(@"SEL$3B95C159")
      OUTLINE(@"SEL$41")
      OUTLINE(@"SEL$6B15F4E0")
      MERGE(@"SEL$78FE80F3")
      OUTLINE(@"SEL$44")
      OUTLINE(@"SEL$57BA8109")
      MERGE(@"SEL$516D3A01")
      OUTLINE(@"SEL$48")
      OUTLINE(@"SEL$BC270230")
      MERGE(@"SEL$409758B4")
      MERGE(@"SEL$46")
      OUTLINE(@"SEL$28")
      OUTLINE(@"SEL$27")
      OUTLINE(@"SEL$3B95C159")
      MERGE(@"SEL$25")
      MERGE(@"SEL$6D003707")
      OUTLINE(@"SEL$D570F096")
      MERGE(@"SEL$33")
      OUTLINE(@"SEL$78FE80F3")
      MERGE(@"SEL$31")
      OUTLINE(@"SEL$067B9A3E")
      MERGE(@"SEL$38")
      OUTLINE(@"SEL$516D3A01")
      MERGE(@"SEL$36")
      OUTLINE(@"SEL$47")
      OUTLINE(@"SEL$409758B4")
      MERGE(@"SEL$30")
      MERGE(@"SEL$58A6D7F6")
      OUTLINE(@"SEL$46")
      OUTLINE(@"SEL$26")
      OUTLINE(@"SEL$25")
      OUTLINE(@"SEL$6D003707")
      MERGE(@"SEL$23")
      MERGE(@"SEL$23FAB6D1")
      OUTLINE(@"SEL$34")
      OUTLINE(@"SEL$33")
      OUTLINE(@"SEL$32")
      OUTLINE(@"SEL$31")
      OUTLINE(@"SEL$39")
      OUTLINE(@"SEL$38")
      OUTLINE(@"SEL$37")
      OUTLINE(@"SEL$36")
      OUTLINE(@"SEL$45")
      OUTLINE(@"SEL$30")
      OUTLINE(@"SEL$58A6D7F6")
      MERGE(@"SEL$1")
      OUTLINE(@"SEL$24")
      OUTLINE(@"SEL$23")
      OUTLINE(@"SEL$23FAB6D1")
      MERGE(@"SEL$21")
      MERGE(@"SEL$97A30ECD")
      OUTLINE(@"SEL$2")
      OUTLINE(@"SEL$1")
      OUTLINE(@"SEL$22")
      OUTLINE(@"SEL$21")
      OUTLINE(@"SEL$97A30ECD")
      MERGE(@"SEL$19")
      MERGE(@"SEL$CF22A5CA")
      OUTLINE(@"SEL$20")
      OUTLINE(@"SEL$19")
      OUTLINE(@"SEL$CF22A5CA")
      MERGE(@"SEL$17")
      MERGE(@"SEL$FF97D7FC")
      OUTLINE(@"SEL$18")
      OUTLINE(@"SEL$17")
      OUTLINE(@"SEL$FF97D7FC")
      MERGE(@"SEL$15")
      MERGE(@"SEL$DE5D921C")
      OUTLINE(@"SEL$16")
      OUTLINE(@"SEL$15")
      OUTLINE(@"SEL$DE5D921C")
      MERGE(@"SEL$01DD7F33")
      MERGE(@"SEL$13")
      OUTLINE(@"SEL$14")
      OUTLINE(@"SEL$01DD7F33")
      MERGE(@"SEL$11")
      MERGE(@"SEL$BDFBA881")
      OUTLINE(@"SEL$13")
      OUTLINE(@"SEL$12")
      OUTLINE(@"SEL$11")
      OUTLINE(@"SEL$BDFBA881")
      MERGE(@"SEL$9")
      MERGE(@"SEL$FC56C448")
      OUTLINE(@"SEL$10")
      OUTLINE(@"SEL$9")
      OUTLINE(@"SEL$FC56C448")
      MERGE(@"SEL$7")
      OUTLINE(@"SEL$8")
      OUTLINE(@"SEL$7")
      NO_ACCESS(@"SEL$0C04A374" "INFO_WITH_MEMBER_ID"@"SEL$2")
      NO_ACCESS(@"SEL$0C04A374" "ENROLLMENT"@"SEL$30")
      INDEX_RS_ASC(@"SEL$0C04A374" "BENEFIT"@"SEL$46" ("T_BENSPKG"."BENP_ID"))
      INDEX_RS_ASC(@"SEL$0C04A374" "AFFMEMBER"@"SEL$1" ("T_USR"."USR_ID"))
      LEADING(@"SEL$0C04A374" "INFO_WITH_MEMBER_ID"@"SEL$2" "ENROLLMENT"@"SEL$30" "BENEFIT"@"SEL$46" "AFFMEMBER"@"SEL$1")
      USE_HASH(@"SEL$0C04A374" "ENROLLMENT"@"SEL$30")
      USE_NL(@"SEL$0C04A374" "BENEFIT"@"SEL$46")
      USE_NL(@"SEL$0C04A374" "AFFMEMBER"@"SEL$1")
      SWAP_JOIN_INPUTS(@"SEL$0C04A374" "ENROLLMENT"@"SEL$30")
      NO_ACCESS(@"SEL$3" "INFO"@"SEL$3")
      FULL(@"SEL$42" "T_SRC_ENNS"@"SEL$42")
      PQ_FILTER(@"SEL$42" SERIAL)
      FULL(@"SEL$35" "T_SRC_ENNS"@"SEL$35")
      PQ_FILTER(@"SEL$35" SERIAL)
      INDEX(@"SEL$5F185B4C" "T_ENNS_MASTERUSER"@"SEL$31" ("T_USR"."USR_ID"))
      INDEX(@"SEL$5F185B4C" "T_ENNS_SLAVEUSER"@"SEL$31" "IX_NVL_USR_MRGEMSTR_USR_ID")
      INDEX_RS_ASC(@"SEL$5F185B4C" "T_CURR_ENNS"@"SEL$32" "IX_ELNS_MEMBENLTDTDSNTDTSTTID")
      INDEX_RS_ASC(@"SEL$5F185B4C" "T_MAX_DISENROLLMENT_ENROLLMENT"@"SEL$33" "IX_ELNS_MEMBENLTDTDSNTDTSTTID")
      LEADING(@"SEL$5F185B4C" "T_ENNS_MASTERUSER"@"SEL$31" "T_ENNS_SLAVEUSER"@"SEL$31" "T_CURR_ENNS"@"SEL$32"
              "T_MAX_DISENROLLMENT_ENROLLMENT"@"SEL$33")
      USE_NL(@"SEL$5F185B4C" "T_ENNS_SLAVEUSER"@"SEL$31")
      USE_NL(@"SEL$5F185B4C" "T_CURR_ENNS"@"SEL$32")
      USE_NL(@"SEL$5F185B4C" "T_MAX_DISENROLLMENT_ENROLLMENT"@"SEL$33")
      INDEX(@"SEL$CDBEA42D" "T_ENNS_MASTERUSER"@"SEL$36" ("T_USR"."USR_ID"))
      INDEX(@"SEL$CDBEA42D" "T_ENNS_SLAVEUSER"@"SEL$36" "IX_NVL_USR_MRGEMSTR_USR_ID")
      INDEX_RS_ASC(@"SEL$CDBEA42D" "T_CURR_ENNS"@"SEL$37" "IX_ELNS_MEMBENLTDTDSNTDTSTTID")
      INDEX_RS_ASC(@"SEL$CDBEA42D" "T_MAX_DISENROLLMENT_ENROLLMENT"@"SEL$38" "IX_ELNS_MEMBENLTDTDSNTDTSTTID")
      LEADING(@"SEL$CDBEA42D" "T_ENNS_MASTERUSER"@"SEL$36" "T_ENNS_SLAVEUSER"@"SEL$36" "T_CURR_ENNS"@"SEL$37"
              "T_MAX_DISENROLLMENT_ENROLLMENT"@"SEL$38")
      USE_NL(@"SEL$CDBEA42D" "T_ENNS_SLAVEUSER"@"SEL$36")
      USE_NL(@"SEL$CDBEA42D" "T_CURR_ENNS"@"SEL$37")
      USE_NL(@"SEL$CDBEA42D" "T_MAX_DISENROLLMENT_ENROLLMENT"@"SEL$38")
      NO_ACCESS(@"SEL$6" "from$_subquery$_005"@"SEL$6")
      INDEX_RS_ASC(@"SEL$2D594895" "T"@"SEL$8" ("T_SENTTSK"."SETK_OBJ_STT"))
      INDEX_RS_ASC(@"SEL$2D594895" "OWN"@"SEL$7" ("T_USR"."USR_ID"))
      INDEX_RS_ASC(@"SEL$2D594895" "PROVIDER"@"SEL$23" ("T_USR"."USR_ID"))
      INDEX_RS_ASC(@"SEL$2D594895" "AUTH"@"SEL$21" ("T_UM_BASE"."UMBS_ID"))
      INDEX_RS_ASC(@"SEL$2D594895" "REASON"@"SEL$17" ("T_DDL_ITEM"."DDLI_ID"))
      INDEX_RS_ASC(@"SEL$2D594895" "MEMBER"@"SEL$11" ("T_USR"."USR_ID"))
      INDEX_RS_ASC(@"SEL$2D594895" "PREVOWNER"@"SEL$9" ("T_USR"."USR_ID"))
      INDEX_RS_ASC(@"SEL$2D594895" "SENDER"@"SEL$27" ("T_USR"."USR_ID"))
      INDEX_RS_ASC(@"SEL$2D594895" "CASEORCM"@"SEL$19" ("T_CM_BASEBASE"."CMBB_ID"))
      INDEX_RS_ASC(@"SEL$2D594895" "TASKTYPE"@"SEL$15" ("T_DDL_ITEM"."DDLI_ID"))
      INDEX_RS_ASC(@"SEL$2D594895" "ORIGCREATOR"@"SEL$13" ("T_USR"."USR_ID"))
      INDEX_RS_ASC(@"SEL$2D594895" "MOD"@"SEL$25" ("T_USR"."USR_ID"))
      LEADING(@"SEL$2D594895" "T"@"SEL$8" "OWN"@"SEL$7" "PROVIDER"@"SEL$23" "AUTH"@"SEL$21" "REASON"@"SEL$17"
              "MEMBER"@"SEL$11" "PREVOWNER"@"SEL$9" "SENDER"@"SEL$27" "CASEORCM"@"SEL$19" "TASKTYPE"@"SEL$15" "ORIGCREATOR"@"SEL$13"
              "MOD"@"SEL$25")
      USE_MERGE_CARTESIAN(@"SEL$2D594895" "OWN"@"SEL$7")
      USE_NL(@"SEL$2D594895" "PROVIDER"@"SEL$23")
      USE_NL(@"SEL$2D594895" "AUTH"@"SEL$21")
      USE_NL(@"SEL$2D594895" "REASON"@"SEL$17")
      USE_NL(@"SEL$2D594895" "MEMBER"@"SEL$11")
      USE_NL(@"SEL$2D594895" "PREVOWNER"@"SEL$9")
      USE_NL(@"SEL$2D594895" "SENDER"@"SEL$27")
      USE_NL(@"SEL$2D594895" "CASEORCM"@"SEL$19")
      USE_NL(@"SEL$2D594895" "TASKTYPE"@"SEL$15")
      USE_NL(@"SEL$2D594895" "ORIGCREATOR"@"SEL$13")
      USE_NL(@"SEL$2D594895" "MOD"@"SEL$25")
      INDEX_RS_ASC(@"SEL$5" "T_CM_BASEBASE"@"SEL$5" ("T_CM_BASEBASE"."CMBB_ID"))
      INDEX_RS_ASC(@"SEL$4" "T_UM_BASE"@"SEL$4" ("T_UM_BASE"."UMBS_ID"))
      END_OUTLINE_DATA
  */

Peeked Binds (identified by position):
--------------------------------------

   1 - :SYS_B_0 (NUMBER): 2
   2 - :1 (NUMBER): 11640563
   3 - :2 (NUMBER): 1
   4 - :3 (NUMBER): 3
   5 - :4 (NUMBER): 905
   6 - :5 (NUMBER): 906
   7 - :6 (NUMBER): 907
   8 - :7 (NUMBER): 908
   9 - :8 (NUMBER): 911
  10 - :9 (NUMBER): 912
  11 - :10 (NUMBER): 913
  12 - :SYS_B_1 (NUMBER): 500
  13 - :SYS_B_2 (VARCHAR2(30), CSID=178): '2020.11.26'
  14 - :SYS_B_3 (VARCHAR2(30), CSID=178): 'yyyy.MM.dd'

Note
-----
   - dynamic statistics used: dynamic sampling (level=2)
   - 5 Sql Plan Directives used for this statement

SQL_ID 0sjx29v99zfqc
--------------------
SELECT INFO_WITH_MEMBER_ID.*,     enrollment.ELNS_INSCPRSRGRP
ipgGroupId,     benefit.BENP_LWSTLVL_PRODCAT productCategoryId,
affMember.USR_FRSTNAM affiliatedMemberFirstName,
affMember.USR_LAS_NAM affiliatedMemberLastName FROM (   SELECT INFO.*,
   CASE     WHEN INFO.memberAffiliationId IS NOT NULL THEN
(INFO.memberAffiliationId)     WHEN INFO.authAffiliationId IS NOT NULL
THEN (SELECT UMBS_MEMB FROM T_UM_BASE WHERE
UMBS_ID=INFO.authAffiliationId)     WHEN
INFO.careManagementAffiliationId IS NOT NULL THEN (SELECT CMBS_MEMB
FROM T_CM_BASEBASE WHERE CMBB_ID=INFO.careManagementAffiliationId)
WHEN INFO.providerAffiliationId IS NOT NULL THEN
(INFO.providerAffiliationId)     ELSE (NULL)     END
affiliatedMemberId   FROM (   SELECT * FROM (     SELECT
T.SETK_ID AS id,         T.SETK_C4C_ID AS c4cId,         T.SETK_UNIVID
AS universalId,         taskType.TSKT_RCPTTYP AS categoryId,
T.SETK_TSK_TYP AS taskTypeId,         taskType.DDLI_LBL AS
taskTypeLabel,         T.SETK_TSK_NAM AS taskName,         T.SETK_SUBJ
AS subject,         T.SETK_CRTD AS createDate,         T.SETK_SENT AS
sentDate,         T.SETK_SRTD AS startedDate,
T.SETK_TSK_TIMG_STRTDT AS startDate,         T.SETK_TSK_TIMG_SCLDAT AS
startDateSeconds,         T.SETK_TSK_TIMG_DDLN_DT AS dueDate,
T.SETK_TSK_TIMG_DDLN_TIM_IN_DY AS dueDateSeconds,         T.SETK_OWNR
AS ownerId,         own.USR_FRSTNAM AS ownerFirstName,
own.USR_LAS_NAM AS ownerLastName,         own.CLASSTYPE AS ownerType,
      T.SETK_OBJ_STT AS status,         T.SETK_AFFN_MEMB AS
memberAffiliationId,         member.USR_C4C_ID AS memberC4cId,
member.USR_FRSTNAM AS memberFirstName,         member.USR_LAS_NAM AS
memberLastName,         T.SETK_AFFN_CM AS careManagementAffiliationId,
       caseOrCm.CMBB_C4C_ID AS caseOrCmC4cId,
T.SETK_AFFN_UM_EVNT AS authAffiliationId,         auth.UMBS_C4C_ID AS
authAffiliationC4cId,         T.SETK_AFFN_PVDR AS
providerAffiliationId,         provider.USR_C4C_ID AS providerC4cId,
     T.SETK_TSK_TIMG_SNLTDT AS startNoLaterThanDate,
T.SETK_CNCLRESN AS cancelReasonId,         T.SETK_ORIGCRTR AS
originalCreatorId,         origCreator.USR_FRSTNAM AS
originalCreatorFirstName,         origCreator.USR_LAS_NAM AS
originalCreatorLastName,         caseOrCm.CLASSTYPE AS
caseOrCmClasstype,         T.SETK_TSK_DSCN AS description,
T.SETK_CMPD AS completedDate,         T.SETK_LAS_ACT_TIM AS
lastActionDate,         mod.USR_FRSTNAM lastModifiedByFirstName,
 mod.USR_LAS_NAM lastModifiedByLastName,         T.SETK_PRVSOWNR AS
previousOwnerId,         prevOwner.USR_FRSTNAM AS
previousOwnerFirstName,         prevOwner.USR_LAS_NAM AS
previousOwnerLastName,         prevOwner.CLASSTYPE AS
previousOwnerType,         CASE             WHEN
T.SETK_TSK_TIMG_DDLN_DT IS NOT NULL THEN (T.SETK_TSK_TIMG_DDLN_DT)
       WHEN T.SETK_TSK_TIMG_STRTDT IS NOT NULL THEN
(T.SETK_TSK_TIMG_STRTDT)             WHEN T.SETK_TSK_TIMG_SNLTDT IS NOT
NULL THEN (T.SETK_TSK_TIMG_SNLTDT)             ELSE (NULL)         END
       filterDate,         sender.USR_FRSTNAM fromUserFirstName,
 sender.USR_LAS_NAM fromUserLastName,         T.SETK_RESCHEDULE_REASON
AS rescheduleReason,         reason.DDLI_LBL AS rescheduleReasonLabel,
       T.SETK_RESCHEDULE_COMMENT AS rescheduleComment       FROM
T_SENTTSK T       LEFT OUTER JOIN T_USR own ON own.USR_ID=T.SETK_OWNR
    LEFT OUTER JOIN T_USR prevOwner ON prevOwner.USR_ID=T.SETK_PRVSOWNR
      LEFT OUTER JOIN T_USR member ON member.USR_ID=T.SETK_AFFN_MEMB
   LEFT OUTER JOIN T_USR origCreator ON
origCreator.USR_ID=T.SETK_ORIGCRTR       LEFT OUTER JOIN T_DDL_ITEM
taskType ON taskType.DDLI_ID=T.SETK_TSK_TYP       LEFT OUTER JOIN
T_DDL_ITEM reason ON reason.DDLI_ID=T.SETK_RESCHEDULE_REASON       LEFT
OUTER JOIN T_CM_BASEBASE caseOrCm ON caseOrCm.CMBB_ID=T.SETK_AFFN_CM
   LEFT OUTER JOIN T_UM_BASE auth ON auth.UMBS_ID=T.SETK_AFFN_UM_EVNT
    LEFT OUTER JOIN T_USR provider

Plan hash value: 1259275079

---------------------------------------------------------------------------------------------------------------------------------
| Id  | Operation                                       | Name                          | Rows  | Bytes | Cost (%CPU)| Time     |
---------------------------------------------------------------------------------------------------------------------------------
|   0 | SELECT STATEMENT                                |                               |       |       |  2259K(100)|          |
|   1 |  TABLE ACCESS BY INDEX ROWID                    | T_UM_BASE                     |     1 |    12 |     1   (0)| 00:00:01 |
|   2 |   INDEX UNIQUE SCAN                             | PK_T_UM_BASE                  |     1 |       |     1   (0)| 00:00:01 |
|   3 |   TABLE ACCESS BY INDEX ROWID                   | T_CM_BASEBASE                 |     1 |    12 |     1   (0)| 00:00:01 |
|   4 |    INDEX UNIQUE SCAN                            | PK_T_CM_BASEBASE              |     1 |       |     1   (0)| 00:00:01 |
|   5 |  NESTED LOOPS OUTER                             |                               |    53 |  2428K|  2259K  (1)| 00:01:29 |
|   6 |   HASH JOIN RIGHT OUTER                         |                               |    16 |   733K|  2259K  (1)| 00:01:29 |
|   7 |    VIEW                                         | V_CURR_ENROLLMENT             |     2 |    78 |  2259K  (1)| 00:01:29 |
|   8 |     SORT UNIQUE                                 |                               |     2 |  1092 |  2259K  (1)| 00:01:29 |
|   9 |      UNION-ALL                                  |                               |       |       |            |          |
|  10 |       FILTER                                    |                               |       |       |            |          |
|  11 |        FILTER                                   |                               |       |       |            |          |
|  12 |         TABLE ACCESS STORAGE FULL               | T_ENNS                        |   245K|    64M|   160K  (1)| 00:00:07 |
|  13 |         FAST DUAL                               |                               |     1 |       |     2   (0)| 00:00:01 |
|  14 |        SORT GROUP BY NOSORT                     |                               |     1 |    72 |     4   (0)| 00:00:01 |
|  15 |         NESTED LOOPS OUTER                      |                               |     1 |    72 |     4   (0)| 00:00:01 |
|  16 |          NESTED LOOPS                           |                               |     1 |    50 |     3   (0)| 00:00:01 |
|  17 |           NESTED LOOPS                          |                               |     1 |    12 |     2   (0)| 00:00:01 |
|  18 |            INDEX UNIQUE SCAN                    | PK_T_USR                      |     1 |     6 |     1   (0)| 00:00:01 |
|  19 |            INDEX RANGE SCAN                     | IX_NVL_USR_MRGEMSTR_USR_ID    |     1 |     6 |     1   (0)| 00:00:01 |
|  20 |           TABLE ACCESS BY INDEX ROWID           | T_ENNS                        |     1 |    38 |     1   (0)| 00:00:01 |
|  21 |            INDEX RANGE SCAN                     | IX_ELNS_MEMBENLTDTDSNTDTSTTID |     2 |       |     1   (0)| 00:00:01 |
|  22 |          TABLE ACCESS BY INDEX ROWID            | T_ENNS                        |     1 |    22 |     1   (0)| 00:00:01 |
|  23 |           INDEX RANGE SCAN                      | IX_ELNS_MEMBENLTDTDSNTDTID    |     1 |       |     1   (0)| 00:00:01 |
|  24 |       FILTER                                    |                               |       |       |            |          |
|  25 |        FILTER                                   |                               |       |       |            |          |
|  26 |         TABLE ACCESS STORAGE FULL               | T_ENNS                        |   245K|    64M|   160K  (1)| 00:00:07 |
|  27 |         FAST DUAL                               |                               |     1 |       |     2   (0)| 00:00:01 |
|  28 |        SORT GROUP BY NOSORT                     |                               |     1 |    72 |     4   (0)| 00:00:01 |
|  29 |         NESTED LOOPS OUTER                      |                               |     1 |    72 |     4   (0)| 00:00:01 |
|  30 |          NESTED LOOPS                           |                               |     1 |    50 |     3   (0)| 00:00:01 |
|  31 |           NESTED LOOPS                          |                               |     1 |    12 |     2   (0)| 00:00:01 |
|  32 |            INDEX UNIQUE SCAN                    | PK_T_USR                      |     1 |     6 |     1   (0)| 00:00:01 |
|  33 |            INDEX RANGE SCAN                     | IX_NVL_USR_MRGEMSTR_USR_ID    |     1 |     6 |     1   (0)| 00:00:01 |
|  34 |           TABLE ACCESS BY INDEX ROWID           | T_ENNS                        |     1 |    38 |     1   (0)| 00:00:01 |
|  35 |            INDEX RANGE SCAN                     | IX_ELNS_MEMBENLTDTDSNTDTSTTID |     2 |       |     1   (0)| 00:00:01 |
|  36 |          TABLE ACCESS BY INDEX ROWID            | T_ENNS                        |     1 |    22 |     1   (0)| 00:00:01 |
|  37 |           INDEX RANGE SCAN                      | IX_ELNS_MEMBENLTDTDSNTDTID    |     1 |       |     1   (0)| 00:00:01 |
|  38 |    NESTED LOOPS OUTER                           |                               |    16 |   732K|    31   (4)| 00:00:01 |
|  39 |     VIEW                                        |                               |    16 |   732K|    30   (4)| 00:00:01 |
|  40 |      VIEW                                       |                               |    16 |   731K|    14   (8)| 00:00:01 |
|  41 |       COUNT STOPKEY                             |                               |       |       |            |          |
|  42 |        VIEW                                     |                               |    16 |   731K|    14   (8)| 00:00:01 |
|  43 |         SORT ORDER BY STOPKEY                   |                               |    16 | 12480 |    14   (8)| 00:00:01 |
|  44 |          NESTED LOOPS OUTER                     |                               |    16 | 12480 |    13   (0)| 00:00:01 |
|  45 |           NESTED LOOPS OUTER                    |                               |    16 | 12096 |    12   (0)| 00:00:01 |
|  46 |            NESTED LOOPS OUTER                   |                               |    16 | 11744 |    11   (0)| 00:00:01 |
|  47 |             NESTED LOOPS OUTER                  |                               |    16 | 11392 |    10   (0)| 00:00:01 |
|  48 |              NESTED LOOPS OUTER                 |                               |    16 | 10944 |     9   (0)| 00:00:01 |
|  49 |               NESTED LOOPS OUTER                |                               |    16 | 10592 |     8   (0)| 00:00:01 |
|  50 |                NESTED LOOPS OUTER               |                               |    16 | 10016 |     7   (0)| 00:00:01 |
|  51 |                 NESTED LOOPS OUTER              |                               |    16 |  9456 |     6   (0)| 00:00:01 |
|  52 |                  NESTED LOOPS OUTER             |                               |    16 |  9104 |     5   (0)| 00:00:01 |
|  53 |                   NESTED LOOPS OUTER            |                               |    16 |  8816 |     4   (0)| 00:00:01 |
|  54 |                    MERGE JOIN OUTER             |                               |    16 |  8512 |     3   (0)| 00:00:01 |
|  55 |                     INLIST ITERATOR             |                               |       |       |            |          |
|  56 |                      TABLE ACCESS BY INDEX ROWID| T_SENTTSK                     |    16 |  7936 |     2   (0)| 00:00:01 |
|  57 |                       INDEX RANGE SCAN          | IX_SETK_OBJ_STT               |  1710 |       |     1   (0)| 00:00:01 |
|  58 |                     BUFFER SORT                 |                               |     1 |    36 |     1   (0)| 00:00:01 |
|  59 |                      TABLE ACCESS BY INDEX ROWID| T_USR                         |     1 |    36 |     1   (0)| 00:00:01 |
|  60 |                       INDEX UNIQUE SCAN         | PK_T_USR                      |     1 |       |     1   (0)| 00:00:01 |
|  61 |                    TABLE ACCESS BY INDEX ROWID  | T_USR                         |     1 |    19 |     1   (0)| 00:00:01 |
|  62 |                     INDEX UNIQUE SCAN           | PK_T_USR                      |     1 |       |     1   (0)| 00:00:01 |
|  63 |                   TABLE ACCESS BY INDEX ROWID   | T_UM_BASE                     |     1 |    18 |     1   (0)| 00:00:01 |
|  64 |                    INDEX UNIQUE SCAN            | PK_T_UM_BASE                  |     1 |       |     1   (0)| 00:00:01 |
|  65 |                  TABLE ACCESS BY INDEX ROWID    | T_DDL_ITEM                    |     1 |    22 |     1   (0)| 00:00:01 |
|  66 |                   INDEX UNIQUE SCAN             | PK_T_DDL_ITEM                 |     1 |       |     1   (0)| 00:00:01 |
|  67 |                 TABLE ACCESS BY INDEX ROWID     | T_USR                         |     1 |    35 |     1   (0)| 00:00:01 |
|  68 |                  INDEX UNIQUE SCAN              | PK_T_USR                      |     1 |       |     1   (0)| 00:00:01 |
|  69 |                TABLE ACCESS BY INDEX ROWID      | T_USR                         |     1 |    36 |     1   (0)| 00:00:01 |
|  70 |                 INDEX UNIQUE SCAN               | PK_T_USR                      |     1 |       |     1   (0)| 00:00:01 |
|  71 |               TABLE ACCESS BY INDEX ROWID       | T_USR                         |     1 |    22 |     1   (0)| 00:00:01 |
|  72 |                INDEX UNIQUE SCAN                | PK_T_USR                      |     1 |       |     1   (0)| 00:00:01 |
|  73 |              TABLE ACCESS BY INDEX ROWID        | T_CM_BASEBASE                 |     1 |    28 |     1   (0)| 00:00:01 |
|  74 |               INDEX UNIQUE SCAN                 | PK_T_CM_BASEBASE              |     1 |       |     1   (0)| 00:00:01 |
|  75 |             TABLE ACCESS BY INDEX ROWID         | T_USR                         |     1 |    22 |     1   (0)| 00:00:01 |
|  76 |              INDEX UNIQUE SCAN                  | PK_T_USR                      |     1 |       |     1   (0)| 00:00:01 |
|  77 |            TABLE ACCESS BY INDEX ROWID          | T_USR                         |     1 |    22 |     1   (0)| 00:00:01 |
|  78 |             INDEX UNIQUE SCAN                   | PK_T_USR                      |     1 |       |     1   (0)| 00:00:01 |
|  79 |           TABLE ACCESS BY INDEX ROWID           | T_DDL_ITEM                    |     1 |    24 |     1   (0)| 00:00:01 |
|  80 |            INDEX UNIQUE SCAN                    | PK_T_DDL_ITEM                 |     1 |       |     1   (0)| 00:00:01 |
|  81 |     TABLE ACCESS BY INDEX ROWID                 | T_USR                         |     1 |    22 |     1   (0)| 00:00:01 |
|  82 |      INDEX UNIQUE SCAN                          | PK_T_USR                      |     1 |       |     1   (0)| 00:00:01 |
|  83 |   TABLE ACCESS BY INDEX ROWID                   | T_BENSPKG                     |     3 |    36 |     1   (0)| 00:00:01 |
|  84 |    INDEX UNIQUE SCAN                            | PK_T_BENSPKG                  |     1 |       |     1   (0)| 00:00:01 |
---------------------------------------------------------------------------------------------------------------------------------

Query Block Name / Object Alias (identified by operation id):
-------------------------------------------------------------

   1 - SEL$4        / T_UM_BASE@SEL$4
   2 - SEL$4        / T_UM_BASE@SEL$4
   3 - SEL$5        / T_CM_BASEBASE@SEL$5
   4 - SEL$5        / T_CM_BASEBASE@SEL$5
   5 - SEL$0C04A374
   7 - SET$1        / ENROLLMENT@SEL$30
   8 - SET$1
  10 - SEL$35
  12 - SEL$35       / T_SRC_ENNS@SEL$35
  13 - SEL$40       / DUAL@SEL$40
  14 - SEL$5F185B4C
  18 - SEL$5F185B4C / T_ENNS_MASTERUSER@SEL$31
  19 - SEL$5F185B4C / T_ENNS_SLAVEUSER@SEL$31
  20 - SEL$5F185B4C / T_CURR_ENNS@SEL$32
  21 - SEL$5F185B4C / T_CURR_ENNS@SEL$32
  22 - SEL$5F185B4C / T_MAX_DISENROLLMENT_ENROLLMENT@SEL$33
  23 - SEL$5F185B4C / T_MAX_DISENROLLMENT_ENROLLMENT@SEL$33
  24 - SEL$42
  26 - SEL$42       / T_SRC_ENNS@SEL$42
  27 - SEL$43       / DUAL@SEL$43
  28 - SEL$CDBEA42D
  32 - SEL$CDBEA42D / T_ENNS_MASTERUSER@SEL$36
  33 - SEL$CDBEA42D / T_ENNS_SLAVEUSER@SEL$36
  34 - SEL$CDBEA42D / T_CURR_ENNS@SEL$37
  35 - SEL$CDBEA42D / T_CURR_ENNS@SEL$37
  36 - SEL$CDBEA42D / T_MAX_DISENROLLMENT_ENROLLMENT@SEL$38
  37 - SEL$CDBEA42D / T_MAX_DISENROLLMENT_ENROLLMENT@SEL$38
  39 - SEL$3        / INFO_WITH_MEMBER_ID@SEL$2
  40 - SEL$6        / INFO@SEL$3
  41 - SEL$6
  42 - SEL$2D594895 / from$_subquery$_005@SEL$6
  43 - SEL$2D594895
  56 - SEL$2D594895 / T@SEL$8
  57 - SEL$2D594895 / T@SEL$8
  59 - SEL$2D594895 / OWN@SEL$7
  60 - SEL$2D594895 / OWN@SEL$7
  61 - SEL$2D594895 / PROVIDER@SEL$23
  62 - SEL$2D594895 / PROVIDER@SEL$23
  63 - SEL$2D594895 / AUTH@SEL$21
  64 - SEL$2D594895 / AUTH@SEL$21
  65 - SEL$2D594895 / REASON@SEL$17
  66 - SEL$2D594895 / REASON@SEL$17
  67 - SEL$2D594895 / MEMBER@SEL$11
  68 - SEL$2D594895 / MEMBER@SEL$11
  69 - SEL$2D594895 / PREVOWNER@SEL$9
  70 - SEL$2D594895 / PREVOWNER@SEL$9
  71 - SEL$2D594895 / SENDER@SEL$27
  72 - SEL$2D594895 / SENDER@SEL$27
  73 - SEL$2D594895 / CASEORCM@SEL$19
  74 - SEL$2D594895 / CASEORCM@SEL$19
  75 - SEL$2D594895 / ORIGCREATOR@SEL$13
  76 - SEL$2D594895 / ORIGCREATOR@SEL$13
  77 - SEL$2D594895 / MOD@SEL$25
  78 - SEL$2D594895 / MOD@SEL$25
  79 - SEL$2D594895 / TASKTYPE@SEL$15
  80 - SEL$2D594895 / TASKTYPE@SEL$15
  81 - SEL$0C04A374 / AFFMEMBER@SEL$1
  82 - SEL$0C04A374 / AFFMEMBER@SEL$1
  83 - SEL$0C04A374 / BENEFIT@SEL$46
  84 - SEL$0C04A374 / BENEFIT@SEL$46

Outline Data
-------------

  /*+
      BEGIN_OUTLINE_DATA
      IGNORE_OPTIM_EMBEDDED_HINTS
      OPTIMIZER_FEATURES_ENABLE('12.1.0.2')
      DB_VERSION('12.1.0.2')
      OPT_PARAM('optimizer_index_cost_adj' 1)
      OPT_PARAM('optimizer_index_caching' 90)
      ALL_ROWS
      OUTLINE_LEAF(@"SEL$4")
      OUTLINE_LEAF(@"SEL$5")
      OUTLINE_LEAF(@"SEL$2D594895")
      MERGE(@"SEL$2DE0C8FF")
      OUTLINE_LEAF(@"SEL$6")
      OUTLINE_LEAF(@"SEL$3")
      OUTLINE_LEAF(@"SEL$40")
      OUTLINE_LEAF(@"SEL$5F185B4C")
      MERGE(@"SEL$6B15F4E0")
      OUTLINE_LEAF(@"SEL$35")
      OUTLINE_LEAF(@"SEL$43")
      OUTLINE_LEAF(@"SEL$CDBEA42D")
      MERGE(@"SEL$57BA8109")
      OUTLINE_LEAF(@"SEL$42")
      OUTLINE_LEAF(@"SET$1")
      OUTLINE_LEAF(@"SEL$0C04A374")
      MERGE(@"SEL$BC270230")
      OUTLINE(@"SEL$29")
      OUTLINE(@"SEL$2DE0C8FF")
      MERGE(@"SEL$27")
      MERGE(@"SEL$3B95C159")
      OUTLINE(@"SEL$41")
      OUTLINE(@"SEL$6B15F4E0")
      MERGE(@"SEL$78FE80F3")
      OUTLINE(@"SEL$44")
      OUTLINE(@"SEL$57BA8109")
      MERGE(@"SEL$516D3A01")
      OUTLINE(@"SEL$48")
      OUTLINE(@"SEL$BC270230")
      MERGE(@"SEL$409758B4")
      MERGE(@"SEL$46")
      OUTLINE(@"SEL$28")
      OUTLINE(@"SEL$27")
      OUTLINE(@"SEL$3B95C159")
      MERGE(@"SEL$25")
      MERGE(@"SEL$6D003707")
      OUTLINE(@"SEL$D570F096")
      MERGE(@"SEL$33")
      OUTLINE(@"SEL$78FE80F3")
      MERGE(@"SEL$31")
      OUTLINE(@"SEL$067B9A3E")
      MERGE(@"SEL$38")
      OUTLINE(@"SEL$516D3A01")
      MERGE(@"SEL$36")
      OUTLINE(@"SEL$47")
      OUTLINE(@"SEL$409758B4")
      MERGE(@"SEL$30")
      MERGE(@"SEL$58A6D7F6")
      OUTLINE(@"SEL$46")
      OUTLINE(@"SEL$26")
      OUTLINE(@"SEL$25")
      OUTLINE(@"SEL$6D003707")
      MERGE(@"SEL$23")
      MERGE(@"SEL$23FAB6D1")
      OUTLINE(@"SEL$34")
      OUTLINE(@"SEL$33")
      OUTLINE(@"SEL$32")
      OUTLINE(@"SEL$31")
      OUTLINE(@"SEL$39")
      OUTLINE(@"SEL$38")
      OUTLINE(@"SEL$37")
      OUTLINE(@"SEL$36")
      OUTLINE(@"SEL$45")
      OUTLINE(@"SEL$30")
      OUTLINE(@"SEL$58A6D7F6")
      MERGE(@"SEL$1")
      OUTLINE(@"SEL$24")
      OUTLINE(@"SEL$23")
      OUTLINE(@"SEL$23FAB6D1")
      MERGE(@"SEL$21")
      MERGE(@"SEL$97A30ECD")
      OUTLINE(@"SEL$2")
      OUTLINE(@"SEL$1")
      OUTLINE(@"SEL$22")
      OUTLINE(@"SEL$21")
      OUTLINE(@"SEL$97A30ECD")
      MERGE(@"SEL$19")
      MERGE(@"SEL$CF22A5CA")
      OUTLINE(@"SEL$20")
      OUTLINE(@"SEL$19")
      OUTLINE(@"SEL$CF22A5CA")
      MERGE(@"SEL$17")
      MERGE(@"SEL$FF97D7FC")
      OUTLINE(@"SEL$18")
      OUTLINE(@"SEL$17")
      OUTLINE(@"SEL$FF97D7FC")
      MERGE(@"SEL$15")
      MERGE(@"SEL$DE5D921C")
      OUTLINE(@"SEL$16")
      OUTLINE(@"SEL$15")
      OUTLINE(@"SEL$DE5D921C")
      MERGE(@"SEL$01DD7F33")
      MERGE(@"SEL$13")
      OUTLINE(@"SEL$14")
      OUTLINE(@"SEL$01DD7F33")
      MERGE(@"SEL$11")
      MERGE(@"SEL$BDFBA881")
      OUTLINE(@"SEL$13")
      OUTLINE(@"SEL$12")
      OUTLINE(@"SEL$11")
      OUTLINE(@"SEL$BDFBA881")
      MERGE(@"SEL$9")
      MERGE(@"SEL$FC56C448")
      OUTLINE(@"SEL$10")
      OUTLINE(@"SEL$9")
      OUTLINE(@"SEL$FC56C448")
      MERGE(@"SEL$7")
      OUTLINE(@"SEL$8")
      OUTLINE(@"SEL$7")
      NO_ACCESS(@"SEL$0C04A374" "INFO_WITH_MEMBER_ID"@"SEL$2")
      INDEX_RS_ASC(@"SEL$0C04A374" "AFFMEMBER"@"SEL$1" ("T_USR"."USR_ID"))
      NO_ACCESS(@"SEL$0C04A374" "ENROLLMENT"@"SEL$30")
      INDEX_RS_ASC(@"SEL$0C04A374" "BENEFIT"@"SEL$46" ("T_BENSPKG"."BENP_ID"))
      LEADING(@"SEL$0C04A374" "INFO_WITH_MEMBER_ID"@"SEL$2" "AFFMEMBER"@"SEL$1" "ENROLLMENT"@"SEL$30" "BENEFIT"@"SEL$46")
      USE_NL(@"SEL$0C04A374" "AFFMEMBER"@"SEL$1")
      USE_HASH(@"SEL$0C04A374" "ENROLLMENT"@"SEL$30")
      USE_NL(@"SEL$0C04A374" "BENEFIT"@"SEL$46")
      SWAP_JOIN_INPUTS(@"SEL$0C04A374" "ENROLLMENT"@"SEL$30")
      NO_ACCESS(@"SEL$3" "INFO"@"SEL$3")
      FULL(@"SEL$42" "T_SRC_ENNS"@"SEL$42")
      PQ_FILTER(@"SEL$42" SERIAL)
      FULL(@"SEL$35" "T_SRC_ENNS"@"SEL$35")
      PQ_FILTER(@"SEL$35" SERIAL)
      INDEX(@"SEL$5F185B4C" "T_ENNS_MASTERUSER"@"SEL$31" ("T_USR"."USR_ID"))
      INDEX(@"SEL$5F185B4C" "T_ENNS_SLAVEUSER"@"SEL$31" "IX_NVL_USR_MRGEMSTR_USR_ID")
      INDEX_RS_ASC(@"SEL$5F185B4C" "T_CURR_ENNS"@"SEL$32" "IX_ELNS_MEMBENLTDTDSNTDTSTTID")
      INDEX_RS_ASC(@"SEL$5F185B4C" "T_MAX_DISENROLLMENT_ENROLLMENT"@"SEL$33" ("T_ENNS"."ELNS_MEMB" "T_ENNS"."ELNS_ENLTDT"
              "T_ENNS"."ELNS_DSNTDT" "T_ENNS"."ELNS_ID"))
      LEADING(@"SEL$5F185B4C" "T_ENNS_MASTERUSER"@"SEL$31" "T_ENNS_SLAVEUSER"@"SEL$31" "T_CURR_ENNS"@"SEL$32"
              "T_MAX_DISENROLLMENT_ENROLLMENT"@"SEL$33")
      USE_NL(@"SEL$5F185B4C" "T_ENNS_SLAVEUSER"@"SEL$31")
      USE_NL(@"SEL$5F185B4C" "T_CURR_ENNS"@"SEL$32")
      USE_NL(@"SEL$5F185B4C" "T_MAX_DISENROLLMENT_ENROLLMENT"@"SEL$33")
      INDEX(@"SEL$CDBEA42D" "T_ENNS_MASTERUSER"@"SEL$36" ("T_USR"."USR_ID"))
      INDEX(@"SEL$CDBEA42D" "T_ENNS_SLAVEUSER"@"SEL$36" "IX_NVL_USR_MRGEMSTR_USR_ID")
      INDEX_RS_ASC(@"SEL$CDBEA42D" "T_CURR_ENNS"@"SEL$37" "IX_ELNS_MEMBENLTDTDSNTDTSTTID")
      INDEX_RS_ASC(@"SEL$CDBEA42D" "T_MAX_DISENROLLMENT_ENROLLMENT"@"SEL$38" ("T_ENNS"."ELNS_MEMB" "T_ENNS"."ELNS_ENLTDT"
              "T_ENNS"."ELNS_DSNTDT" "T_ENNS"."ELNS_ID"))
      LEADING(@"SEL$CDBEA42D" "T_ENNS_MASTERUSER"@"SEL$36" "T_ENNS_SLAVEUSER"@"SEL$36" "T_CURR_ENNS"@"SEL$37"
              "T_MAX_DISENROLLMENT_ENROLLMENT"@"SEL$38")
      USE_NL(@"SEL$CDBEA42D" "T_ENNS_SLAVEUSER"@"SEL$36")
      USE_NL(@"SEL$CDBEA42D" "T_CURR_ENNS"@"SEL$37")
      USE_NL(@"SEL$CDBEA42D" "T_MAX_DISENROLLMENT_ENROLLMENT"@"SEL$38")
      NO_ACCESS(@"SEL$6" "from$_subquery$_005"@"SEL$6")
      INDEX_RS_ASC(@"SEL$2D594895" "T"@"SEL$8" ("T_SENTTSK"."SETK_OBJ_STT"))
      INDEX_RS_ASC(@"SEL$2D594895" "OWN"@"SEL$7" ("T_USR"."USR_ID"))
      INDEX_RS_ASC(@"SEL$2D594895" "PROVIDER"@"SEL$23" ("T_USR"."USR_ID"))
      INDEX_RS_ASC(@"SEL$2D594895" "AUTH"@"SEL$21" ("T_UM_BASE"."UMBS_ID"))
      INDEX_RS_ASC(@"SEL$2D594895" "REASON"@"SEL$17" ("T_DDL_ITEM"."DDLI_ID"))
      INDEX_RS_ASC(@"SEL$2D594895" "MEMBER"@"SEL$11" ("T_USR"."USR_ID"))
      INDEX_RS_ASC(@"SEL$2D594895" "PREVOWNER"@"SEL$9" ("T_USR"."USR_ID"))
      INDEX_RS_ASC(@"SEL$2D594895" "SENDER"@"SEL$27" ("T_USR"."USR_ID"))
      INDEX_RS_ASC(@"SEL$2D594895" "CASEORCM"@"SEL$19" ("T_CM_BASEBASE"."CMBB_ID"))
      INDEX_RS_ASC(@"SEL$2D594895" "ORIGCREATOR"@"SEL$13" ("T_USR"."USR_ID"))
      INDEX_RS_ASC(@"SEL$2D594895" "MOD"@"SEL$25" ("T_USR"."USR_ID"))
      INDEX_RS_ASC(@"SEL$2D594895" "TASKTYPE"@"SEL$15" ("T_DDL_ITEM"."DDLI_ID"))
      LEADING(@"SEL$2D594895" "T"@"SEL$8" "OWN"@"SEL$7" "PROVIDER"@"SEL$23" "AUTH"@"SEL$21" "REASON"@"SEL$17"
              "MEMBER"@"SEL$11" "PREVOWNER"@"SEL$9" "SENDER"@"SEL$27" "CASEORCM"@"SEL$19" "ORIGCREATOR"@"SEL$13" "MOD"@"SEL$25"
              "TASKTYPE"@"SEL$15")
      USE_MERGE_CARTESIAN(@"SEL$2D594895" "OWN"@"SEL$7")
      USE_NL(@"SEL$2D594895" "PROVIDER"@"SEL$23")
      USE_NL(@"SEL$2D594895" "AUTH"@"SEL$21")
      USE_NL(@"SEL$2D594895" "REASON"@"SEL$17")
      USE_NL(@"SEL$2D594895" "MEMBER"@"SEL$11")
      USE_NL(@"SEL$2D594895" "PREVOWNER"@"SEL$9")
      USE_NL(@"SEL$2D594895" "SENDER"@"SEL$27")
      USE_NL(@"SEL$2D594895" "CASEORCM"@"SEL$19")
      USE_NL(@"SEL$2D594895" "ORIGCREATOR"@"SEL$13")
      USE_NL(@"SEL$2D594895" "MOD"@"SEL$25")
      USE_NL(@"SEL$2D594895" "TASKTYPE"@"SEL$15")
      INDEX_RS_ASC(@"SEL$5" "T_CM_BASEBASE"@"SEL$5" ("T_CM_BASEBASE"."CMBB_ID"))
      INDEX_RS_ASC(@"SEL$4" "T_UM_BASE"@"SEL$4" ("T_UM_BASE"."UMBS_ID"))
      END_OUTLINE_DATA
  */

Peeked Binds (identified by position):
--------------------------------------

   1 - :SYS_B_0 (NUMBER): 2
   2 - :1 (NUMBER): 11371997
   3 - :2 (NUMBER): 1
   4 - :3 (NUMBER): 3
   5 - :4 (NUMBER): 905
   6 - :5 (NUMBER): 906
   7 - :6 (NUMBER): 907
   8 - :7 (NUMBER): 908
   9 - :8 (NUMBER): 911
  10 - :9 (NUMBER): 912
  11 - :10 (NUMBER): 913
  12 - :SYS_B_1 (NUMBER): 500
  13 - :SYS_B_2 (VARCHAR2(30), CSID=178): '2020.10.20'
  14 - :SYS_B_3 (VARCHAR2(30), CSID=178): 'yyyy.MM.dd'

Note
-----
   - dynamic statistics used: dynamic sampling (level=2)
   - statistics feedback used for this statement
   - 5 Sql Plan Directives used for this statement

SQL_ID 0sjx29v99zfqc
--------------------
SELECT INFO_WITH_MEMBER_ID.*,     enrollment.ELNS_INSCPRSRGRP
ipgGroupId,     benefit.BENP_LWSTLVL_PRODCAT productCategoryId,
affMember.USR_FRSTNAM affiliatedMemberFirstName,
affMember.USR_LAS_NAM affiliatedMemberLastName FROM (   SELECT INFO.*,
   CASE     WHEN INFO.memberAffiliationId IS NOT NULL THEN
(INFO.memberAffiliationId)     WHEN INFO.authAffiliationId IS NOT NULL
THEN (SELECT UMBS_MEMB FROM T_UM_BASE WHERE
UMBS_ID=INFO.authAffiliationId)     WHEN
INFO.careManagementAffiliationId IS NOT NULL THEN (SELECT CMBS_MEMB
FROM T_CM_BASEBASE WHERE CMBB_ID=INFO.careManagementAffiliationId)
WHEN INFO.providerAffiliationId IS NOT NULL THEN
(INFO.providerAffiliationId)     ELSE (NULL)     END
affiliatedMemberId   FROM (   SELECT * FROM (     SELECT
T.SETK_ID AS id,         T.SETK_C4C_ID AS c4cId,         T.SETK_UNIVID
AS universalId,         taskType.TSKT_RCPTTYP AS categoryId,
T.SETK_TSK_TYP AS taskTypeId,         taskType.DDLI_LBL AS
taskTypeLabel,         T.SETK_TSK_NAM AS taskName,         T.SETK_SUBJ
AS subject,         T.SETK_CRTD AS createDate,         T.SETK_SENT AS
sentDate,         T.SETK_SRTD AS startedDate,
T.SETK_TSK_TIMG_STRTDT AS startDate,         T.SETK_TSK_TIMG_SCLDAT AS
startDateSeconds,         T.SETK_TSK_TIMG_DDLN_DT AS dueDate,
T.SETK_TSK_TIMG_DDLN_TIM_IN_DY AS dueDateSeconds,         T.SETK_OWNR
AS ownerId,         own.USR_FRSTNAM AS ownerFirstName,
own.USR_LAS_NAM AS ownerLastName,         own.CLASSTYPE AS ownerType,
      T.SETK_OBJ_STT AS status,         T.SETK_AFFN_MEMB AS
memberAffiliationId,         member.USR_C4C_ID AS memberC4cId,
member.USR_FRSTNAM AS memberFirstName,         member.USR_LAS_NAM AS
memberLastName,         T.SETK_AFFN_CM AS careManagementAffiliationId,
       caseOrCm.CMBB_C4C_ID AS caseOrCmC4cId,
T.SETK_AFFN_UM_EVNT AS authAffiliationId,         auth.UMBS_C4C_ID AS
authAffiliationC4cId,         T.SETK_AFFN_PVDR AS
providerAffiliationId,         provider.USR_C4C_ID AS providerC4cId,
     T.SETK_TSK_TIMG_SNLTDT AS startNoLaterThanDate,
T.SETK_CNCLRESN AS cancelReasonId,         T.SETK_ORIGCRTR AS
originalCreatorId,         origCreator.USR_FRSTNAM AS
originalCreatorFirstName,         origCreator.USR_LAS_NAM AS
originalCreatorLastName,         caseOrCm.CLASSTYPE AS
caseOrCmClasstype,         T.SETK_TSK_DSCN AS description,
T.SETK_CMPD AS completedDate,         T.SETK_LAS_ACT_TIM AS
lastActionDate,         mod.USR_FRSTNAM lastModifiedByFirstName,
 mod.USR_LAS_NAM lastModifiedByLastName,         T.SETK_PRVSOWNR AS
previousOwnerId,         prevOwner.USR_FRSTNAM AS
previousOwnerFirstName,         prevOwner.USR_LAS_NAM AS
previousOwnerLastName,         prevOwner.CLASSTYPE AS
previousOwnerType,         CASE             WHEN
T.SETK_TSK_TIMG_DDLN_DT IS NOT NULL THEN (T.SETK_TSK_TIMG_DDLN_DT)
       WHEN T.SETK_TSK_TIMG_STRTDT IS NOT NULL THEN
(T.SETK_TSK_TIMG_STRTDT)             WHEN T.SETK_TSK_TIMG_SNLTDT IS NOT
NULL THEN (T.SETK_TSK_TIMG_SNLTDT)             ELSE (NULL)         END
       filterDate,         sender.USR_FRSTNAM fromUserFirstName,
 sender.USR_LAS_NAM fromUserLastName,         T.SETK_RESCHEDULE_REASON
AS rescheduleReason,         reason.DDLI_LBL AS rescheduleReasonLabel,
       T.SETK_RESCHEDULE_COMMENT AS rescheduleComment       FROM
T_SENTTSK T       LEFT OUTER JOIN T_USR own ON own.USR_ID=T.SETK_OWNR
    LEFT OUTER JOIN T_USR prevOwner ON prevOwner.USR_ID=T.SETK_PRVSOWNR
      LEFT OUTER JOIN T_USR member ON member.USR_ID=T.SETK_AFFN_MEMB
   LEFT OUTER JOIN T_USR origCreator ON
origCreator.USR_ID=T.SETK_ORIGCRTR       LEFT OUTER JOIN T_DDL_ITEM
taskType ON taskType.DDLI_ID=T.SETK_TSK_TYP       LEFT OUTER JOIN
T_DDL_ITEM reason ON reason.DDLI_ID=T.SETK_RESCHEDULE_REASON       LEFT
OUTER JOIN T_CM_BASEBASE caseOrCm ON caseOrCm.CMBB_ID=T.SETK_AFFN_CM
   LEFT OUTER JOIN T_UM_BASE auth ON auth.UMBS_ID=T.SETK_AFFN_UM_EVNT
    LEFT OUTER JOIN T_USR provider

Plan hash value: 1370721523

---------------------------------------------------------------------------------------------------------------------------------
| Id  | Operation                                       | Name                          | Rows  | Bytes | Cost (%CPU)| Time     |
---------------------------------------------------------------------------------------------------------------------------------
|   0 | SELECT STATEMENT                                |                               |       |       |  1966K(100)|          |
|   1 |  TABLE ACCESS BY INDEX ROWID                    | T_UM_BASE                     |     1 |    12 |     1   (0)| 00:00:01 |
|   2 |   INDEX UNIQUE SCAN                             | PK_T_UM_BASE                  |     1 |       |     1   (0)| 00:00:01 |
|   3 |   TABLE ACCESS BY INDEX ROWID                   | T_CM_BASEBASE                 |     1 |    12 |     1   (0)| 00:00:01 |
|   4 |    INDEX UNIQUE SCAN                            | PK_T_CM_BASEBASE              |     1 |       |     1   (0)| 00:00:01 |
|   5 |  NESTED LOOPS OUTER                             |                               |     1 | 46913 |  1966K  (1)| 00:01:17 |
|   6 |   NESTED LOOPS OUTER                            |                               |     1 | 46901 |  1966K  (1)| 00:01:17 |
|   7 |    NESTED LOOPS OUTER                           |                               |     1 | 46873 |    18   (6)| 00:00:01 |
|   8 |     VIEW                                        |                               |     1 | 46851 |    17   (6)| 00:00:01 |
|   9 |      VIEW                                       |                               |     1 | 46838 |    15   (7)| 00:00:01 |
|  10 |       COUNT STOPKEY                             |                               |       |       |            |          |
|  11 |        VIEW                                     |                               |     1 | 46838 |    15   (7)| 00:00:01 |
|  12 |         SORT ORDER BY STOPKEY                   |                               |     1 |   780 |    15   (7)| 00:00:01 |
|  13 |          NESTED LOOPS OUTER                     |                               |     1 |   780 |    14   (0)| 00:00:01 |
|  14 |           NESTED LOOPS OUTER                    |                               |     1 |   758 |    13   (0)| 00:00:01 |
|  15 |            NESTED LOOPS OUTER                   |                               |     1 |   736 |    12   (0)| 00:00:01 |
|  16 |             NESTED LOOPS OUTER                  |                               |     1 |   714 |    11   (0)| 00:00:01 |
|  17 |              NESTED LOOPS OUTER                 |                               |     1 |   678 |    10   (0)| 00:00:01 |
|  18 |               NESTED LOOPS OUTER                |                               |     1 |   643 |     9   (0)| 00:00:01 |
|  19 |                MERGE JOIN OUTER                 |                               |     1 |   624 |     8   (0)| 00:00:01 |
|  20 |                 NESTED LOOPS OUTER              |                               |     1 |   588 |     7   (0)| 00:00:01 |
|  21 |                  NESTED LOOPS OUTER             |                               |     1 |   560 |     6   (0)| 00:00:01 |
|  22 |                   NESTED LOOPS OUTER            |                               |     1 |   542 |     5   (0)| 00:00:01 |
|  23 |                    NESTED LOOPS OUTER           |                               |     1 |   518 |     4   (0)| 00:00:01 |
|  24 |                     INLIST ITERATOR             |                               |       |       |            |          |
|  25 |                      TABLE ACCESS BY INDEX ROWID| T_SENTTSK                     |     6 |  2976 |     3   (0)| 00:00:01 |
|  26 |                       INDEX RANGE SCAN          | IX_SETK_OBJ_STT               |  1889 |       |     1   (0)| 00:00:01 |
|  27 |                     TABLE ACCESS BY INDEX ROWID | T_DDL_ITEM                    |     1 |    22 |     1   (0)| 00:00:01 |
|  28 |                      INDEX UNIQUE SCAN          | PK_T_DDL_ITEM                 |     1 |       |     1   (0)| 00:00:01 |
|  29 |                    TABLE ACCESS BY INDEX ROWID  | T_DDL_ITEM                    |     1 |    24 |     1   (0)| 00:00:01 |
|  30 |                     INDEX UNIQUE SCAN           | PK_T_DDL_ITEM                 |     1 |       |     1   (0)| 00:00:01 |
|  31 |                   TABLE ACCESS BY INDEX ROWID   | T_UM_BASE                     |     1 |    18 |     1   (0)| 00:00:01 |
|  32 |                    INDEX UNIQUE SCAN            | PK_T_UM_BASE                  |     1 |       |     1   (0)| 00:00:01 |
|  33 |                  TABLE ACCESS BY INDEX ROWID    | T_CM_BASEBASE                 |     1 |    28 |     1   (0)| 00:00:01 |
|  34 |                   INDEX UNIQUE SCAN             | PK_T_CM_BASEBASE              |     1 |       |     1   (0)| 00:00:01 |
|  35 |                 BUFFER SORT                     |                               |     1 |    36 |     7   (0)| 00:00:01 |
|  36 |                  TABLE ACCESS BY INDEX ROWID    | T_USR                         |     1 |    36 |     1   (0)| 00:00:01 |
|  37 |                   INDEX UNIQUE SCAN             | PK_T_USR                      |     1 |       |     1   (0)| 00:00:01 |
|  38 |                TABLE ACCESS BY INDEX ROWID      | T_USR                         |     1 |    19 |     1   (0)| 00:00:01 |
|  39 |                 INDEX UNIQUE SCAN               | PK_T_USR                      |     1 |       |     1   (0)| 00:00:01 |
|  40 |               TABLE ACCESS BY INDEX ROWID       | T_USR                         |     1 |    35 |     1   (0)| 00:00:01 |
|  41 |                INDEX UNIQUE SCAN                | PK_T_USR                      |     1 |       |     1   (0)| 00:00:01 |
|  42 |              TABLE ACCESS BY INDEX ROWID        | T_USR                         |     1 |    36 |     1   (0)| 00:00:01 |
|  43 |               INDEX UNIQUE SCAN                 | PK_T_USR                      |     1 |       |     1   (0)| 00:00:01 |
|  44 |             TABLE ACCESS BY INDEX ROWID         | T_USR                         |     1 |    22 |     1   (0)| 00:00:01 |
|  45 |              INDEX UNIQUE SCAN                  | PK_T_USR                      |     1 |       |     1   (0)| 00:00:01 |
|  46 |            TABLE ACCESS BY INDEX ROWID          | T_USR                         |     1 |    22 |     1   (0)| 00:00:01 |
|  47 |             INDEX UNIQUE SCAN                   | PK_T_USR                      |     1 |       |     1   (0)| 00:00:01 |
|  48 |           TABLE ACCESS BY INDEX ROWID           | T_USR                         |     1 |    22 |     1   (0)| 00:00:01 |
|  49 |            INDEX UNIQUE SCAN                    | PK_T_USR                      |     1 |       |     1   (0)| 00:00:01 |
|  50 |     TABLE ACCESS BY INDEX ROWID                 | T_USR                         |     1 |    22 |     1   (0)| 00:00:01 |
|  51 |      INDEX UNIQUE SCAN                          | PK_T_USR                      |     1 |       |     1   (0)| 00:00:01 |
|  52 |    VIEW                                         | V_CURR_ENROLLMENT             |     1 |    28 |  1966K  (1)| 00:01:17 |
|  53 |     SORT UNIQUE                                 |                               |     2 |  1092 |  1966K  (1)| 00:01:17 |
|  54 |      UNION ALL PUSHED PREDICATE                 |                               |       |       |            |          |
|  55 |       FILTER                                    |                               |       |       |            |          |
|  56 |        TABLE ACCESS BY INDEX ROWID BATCHED      | T_ENNS                        |     1 |   273 |     1   (0)| 00:00:01 |
|  57 |         INDEX RANGE SCAN                        | IX_ELNS_MEMBENLTDTDSNTDTID    |     1 |       |     1   (0)| 00:00:01 |
|  58 |          SORT GROUP BY NOSORT                   |                               |     1 |    72 |     4   (0)| 00:00:01 |
|  59 |           NESTED LOOPS OUTER                    |                               |     1 |    72 |     4   (0)| 00:00:01 |
|  60 |            NESTED LOOPS                         |                               |     1 |    50 |     3   (0)| 00:00:01 |
|  61 |             NESTED LOOPS                        |                               |     1 |    12 |     2   (0)| 00:00:01 |
|  62 |              INDEX UNIQUE SCAN                  | PK_T_USR                      |     1 |     6 |     1   (0)| 00:00:01 |
|  63 |              INDEX RANGE SCAN                   | IX_NVL_USR_MRGEMSTR_USR_ID    |     1 |     6 |     1   (0)| 00:00:01 |
|  64 |             TABLE ACCESS BY INDEX ROWID         | T_ENNS                        |     1 |    38 |     1   (0)| 00:00:01 |
|  65 |              INDEX RANGE SCAN                   | IX_ELNS_MEMBENLTDTDSNTDTSTTID |     2 |       |     1   (0)| 00:00:01 |
|  66 |            TABLE ACCESS BY INDEX ROWID          | T_ENNS                        |     1 |    22 |     1   (0)| 00:00:01 |
|  67 |             INDEX RANGE SCAN                    | IX_ELNS_MEMBENLTDTDSNTDTID    |     1 |       |     1   (0)| 00:00:01 |
|  68 |        FAST DUAL                                |                               |     1 |       |     2   (0)| 00:00:01 |
|  69 |       FILTER                                    |                               |       |       |            |          |
|  70 |        TABLE ACCESS BY INDEX ROWID BATCHED      | T_ENNS                        |     1 |   273 |     1   (0)| 00:00:01 |
|  71 |         INDEX RANGE SCAN                        | IX_ELNS_MEMBENLTDTDSNTDTID    |     1 |       |     1   (0)| 00:00:01 |
|  72 |          SORT GROUP BY NOSORT                   |                               |     1 |    72 |     4   (0)| 00:00:01 |
|  73 |           NESTED LOOPS OUTER                    |                               |     1 |    72 |     4   (0)| 00:00:01 |
|  74 |            NESTED LOOPS                         |                               |     1 |    50 |     3   (0)| 00:00:01 |
|  75 |             NESTED LOOPS                        |                               |     1 |    12 |     2   (0)| 00:00:01 |
|  76 |              INDEX UNIQUE SCAN                  | PK_T_USR                      |     1 |     6 |     1   (0)| 00:00:01 |
|  77 |              INDEX RANGE SCAN                   | IX_NVL_USR_MRGEMSTR_USR_ID    |     1 |     6 |     1   (0)| 00:00:01 |
|  78 |             TABLE ACCESS BY INDEX ROWID         | T_ENNS                        |     1 |    38 |     1   (0)| 00:00:01 |
|  79 |              INDEX RANGE SCAN                   | IX_ELNS_MEMBENLTDTDSNTDTSTTID |     2 |       |     1   (0)| 00:00:01 |
|  80 |            TABLE ACCESS BY INDEX ROWID          | T_ENNS                        |     1 |    22 |     1   (0)| 00:00:01 |
|  81 |             INDEX RANGE SCAN                    | IX_ELNS_MEMBENLTDTDSNTDTID    |     1 |       |     1   (0)| 00:00:01 |
|  82 |        FAST DUAL                                |                               |     1 |       |     2   (0)| 00:00:01 |
|  83 |   TABLE ACCESS BY INDEX ROWID                   | T_BENSPKG                     |     1 |    12 |     1   (0)| 00:00:01 |
|  84 |    INDEX UNIQUE SCAN                            | PK_T_BENSPKG                  |     1 |       |     1   (0)| 00:00:01 |
---------------------------------------------------------------------------------------------------------------------------------

Query Block Name / Object Alias (identified by operation id):
-------------------------------------------------------------

   1 - SEL$4        / T_UM_BASE@SEL$4
   2 - SEL$4        / T_UM_BASE@SEL$4
   3 - SEL$5        / T_CM_BASEBASE@SEL$5
   4 - SEL$5        / T_CM_BASEBASE@SEL$5
   5 - SEL$0C04A374
   8 - SEL$3        / INFO_WITH_MEMBER_ID@SEL$2
   9 - SEL$6        / INFO@SEL$3
  10 - SEL$6
  11 - SEL$2D594895 / from$_subquery$_005@SEL$6
  12 - SEL$2D594895
  25 - SEL$2D594895 / T@SEL$8
  26 - SEL$2D594895 / T@SEL$8
  27 - SEL$2D594895 / REASON@SEL$17
  28 - SEL$2D594895 / REASON@SEL$17
  29 - SEL$2D594895 / TASKTYPE@SEL$15
  30 - SEL$2D594895 / TASKTYPE@SEL$15
  31 - SEL$2D594895 / AUTH@SEL$21
  32 - SEL$2D594895 / AUTH@SEL$21
  33 - SEL$2D594895 / CASEORCM@SEL$19
  34 - SEL$2D594895 / CASEORCM@SEL$19
  36 - SEL$2D594895 / OWN@SEL$7
  37 - SEL$2D594895 / OWN@SEL$7
  38 - SEL$2D594895 / PROVIDER@SEL$23
  39 - SEL$2D594895 / PROVIDER@SEL$23
  40 - SEL$2D594895 / MEMBER@SEL$11
  41 - SEL$2D594895 / MEMBER@SEL$11
  42 - SEL$2D594895 / PREVOWNER@SEL$9
  43 - SEL$2D594895 / PREVOWNER@SEL$9
  44 - SEL$2D594895 / SENDER@SEL$27
  45 - SEL$2D594895 / SENDER@SEL$27
  46 - SEL$2D594895 / ORIGCREATOR@SEL$13
  47 - SEL$2D594895 / ORIGCREATOR@SEL$13
  48 - SEL$2D594895 / MOD@SEL$25
  49 - SEL$2D594895 / MOD@SEL$25
  50 - SEL$0C04A374 / AFFMEMBER@SEL$1
  51 - SEL$0C04A374 / AFFMEMBER@SEL$1
  52 - SET$5715CE2E / ENROLLMENT@SEL$30
  53 - SET$5715CE2E
  55 - SEL$ECD9DCF1
  56 - SEL$ECD9DCF1 / T_SRC_ENNS@SEL$35
  57 - SEL$ECD9DCF1 / T_SRC_ENNS@SEL$35
  58 - SEL$5F185B4C
  62 - SEL$5F185B4C / T_ENNS_MASTERUSER@SEL$31
  63 - SEL$5F185B4C / T_ENNS_SLAVEUSER@SEL$31
  64 - SEL$5F185B4C / T_CURR_ENNS@SEL$32
  65 - SEL$5F185B4C / T_CURR_ENNS@SEL$32
  66 - SEL$5F185B4C / T_MAX_DISENROLLMENT_ENROLLMENT@SEL$33
  67 - SEL$5F185B4C / T_MAX_DISENROLLMENT_ENROLLMENT@SEL$33
  68 - SEL$40       / DUAL@SEL$40
  69 - SEL$0D115A56
  70 - SEL$0D115A56 / T_SRC_ENNS@SEL$42
  71 - SEL$0D115A56 / T_SRC_ENNS@SEL$42
  72 - SEL$CDBEA42D
  76 - SEL$CDBEA42D / T_ENNS_MASTERUSER@SEL$36
  77 - SEL$CDBEA42D / T_ENNS_SLAVEUSER@SEL$36
  78 - SEL$CDBEA42D / T_CURR_ENNS@SEL$37
  79 - SEL$CDBEA42D / T_CURR_ENNS@SEL$37
  80 - SEL$CDBEA42D / T_MAX_DISENROLLMENT_ENROLLMENT@SEL$38
  81 - SEL$CDBEA42D / T_MAX_DISENROLLMENT_ENROLLMENT@SEL$38
  82 - SEL$43       / DUAL@SEL$43
  83 - SEL$0C04A374 / BENEFIT@SEL$46
  84 - SEL$0C04A374 / BENEFIT@SEL$46

Outline Data
-------------

  /*+
      BEGIN_OUTLINE_DATA
      IGNORE_OPTIM_EMBEDDED_HINTS
      OPTIMIZER_FEATURES_ENABLE('12.1.0.2')
      DB_VERSION('12.1.0.2')
      OPT_PARAM('optimizer_index_cost_adj' 1)
      OPT_PARAM('optimizer_index_caching' 90)
      ALL_ROWS
      OUTLINE_LEAF(@"SEL$4")
      OUTLINE_LEAF(@"SEL$5")
      OUTLINE_LEAF(@"SEL$2D594895")
      MERGE(@"SEL$2DE0C8FF")
      OUTLINE_LEAF(@"SEL$6")
      OUTLINE_LEAF(@"SEL$3")
      OUTLINE_LEAF(@"SEL$40")
      OUTLINE_LEAF(@"SEL$5F185B4C")
      MERGE(@"SEL$6B15F4E0")
      OUTLINE_LEAF(@"SEL$ECD9DCF1")
      OUTLINE_LEAF(@"SEL$43")
      OUTLINE_LEAF(@"SEL$CDBEA42D")
      MERGE(@"SEL$57BA8109")
      OUTLINE_LEAF(@"SEL$0D115A56")
      OUTLINE_LEAF(@"SET$5715CE2E")
      PUSH_PRED(@"SEL$0C04A374" "ENROLLMENT"@"SEL$30" 3)
      OUTLINE_LEAF(@"SEL$0C04A374")
      MERGE(@"SEL$BC270230")
      OUTLINE(@"SEL$29")
      OUTLINE(@"SEL$2DE0C8FF")
      MERGE(@"SEL$27")
      MERGE(@"SEL$3B95C159")
      OUTLINE(@"SEL$41")
      OUTLINE(@"SEL$6B15F4E0")
      MERGE(@"SEL$78FE80F3")
      OUTLINE(@"SEL$35")
      OUTLINE(@"SEL$44")
      OUTLINE(@"SEL$57BA8109")
      MERGE(@"SEL$516D3A01")
      OUTLINE(@"SEL$42")
      OUTLINE(@"SET$1")
      OUTLINE(@"SEL$0C04A374")
      MERGE(@"SEL$BC270230")
      OUTLINE(@"SEL$48")
      OUTLINE(@"SEL$BC270230")
      MERGE(@"SEL$409758B4")
      MERGE(@"SEL$46")
      OUTLINE(@"SEL$28")
      OUTLINE(@"SEL$27")
      OUTLINE(@"SEL$3B95C159")
      MERGE(@"SEL$25")
      MERGE(@"SEL$6D003707")
      OUTLINE(@"SEL$D570F096")
      MERGE(@"SEL$33")
      OUTLINE(@"SEL$78FE80F3")
      MERGE(@"SEL$31")
      OUTLINE(@"SEL$067B9A3E")
      MERGE(@"SEL$38")
      OUTLINE(@"SEL$516D3A01")
      MERGE(@"SEL$36")
      OUTLINE(@"SEL$47")
      OUTLINE(@"SEL$409758B4")
      MERGE(@"SEL$30")
      MERGE(@"SEL$58A6D7F6")
      OUTLINE(@"SEL$46")
      OUTLINE(@"SEL$26")
      OUTLINE(@"SEL$25")
      OUTLINE(@"SEL$6D003707")
      MERGE(@"SEL$23")
      MERGE(@"SEL$23FAB6D1")
      OUTLINE(@"SEL$34")
      OUTLINE(@"SEL$33")
      OUTLINE(@"SEL$32")
      OUTLINE(@"SEL$31")
      OUTLINE(@"SEL$39")
      OUTLINE(@"SEL$38")
      OUTLINE(@"SEL$37")
      OUTLINE(@"SEL$36")
      OUTLINE(@"SEL$45")
      OUTLINE(@"SEL$30")
      OUTLINE(@"SEL$58A6D7F6")
      MERGE(@"SEL$1")
      OUTLINE(@"SEL$24")
      OUTLINE(@"SEL$23")
      OUTLINE(@"SEL$23FAB6D1")
      MERGE(@"SEL$21")
      MERGE(@"SEL$97A30ECD")
      OUTLINE(@"SEL$2")
      OUTLINE(@"SEL$1")
      OUTLINE(@"SEL$22")
      OUTLINE(@"SEL$21")
      OUTLINE(@"SEL$97A30ECD")
      MERGE(@"SEL$19")
      MERGE(@"SEL$CF22A5CA")
      OUTLINE(@"SEL$20")
      OUTLINE(@"SEL$19")
      OUTLINE(@"SEL$CF22A5CA")
      MERGE(@"SEL$17")
      MERGE(@"SEL$FF97D7FC")
      OUTLINE(@"SEL$18")
      OUTLINE(@"SEL$17")
      OUTLINE(@"SEL$FF97D7FC")
      MERGE(@"SEL$15")
      MERGE(@"SEL$DE5D921C")
      OUTLINE(@"SEL$16")
      OUTLINE(@"SEL$15")
      OUTLINE(@"SEL$DE5D921C")
      MERGE(@"SEL$01DD7F33")
      MERGE(@"SEL$13")
      OUTLINE(@"SEL$14")
      OUTLINE(@"SEL$01DD7F33")
      MERGE(@"SEL$11")
      MERGE(@"SEL$BDFBA881")
      OUTLINE(@"SEL$13")
      OUTLINE(@"SEL$12")
      OUTLINE(@"SEL$11")
      OUTLINE(@"SEL$BDFBA881")
      MERGE(@"SEL$9")
      MERGE(@"SEL$FC56C448")
      OUTLINE(@"SEL$10")
      OUTLINE(@"SEL$9")
      OUTLINE(@"SEL$FC56C448")
      MERGE(@"SEL$7")
      OUTLINE(@"SEL$8")
      OUTLINE(@"SEL$7")
      NO_ACCESS(@"SEL$0C04A374" "INFO_WITH_MEMBER_ID"@"SEL$2")
      INDEX_RS_ASC(@"SEL$0C04A374" "AFFMEMBER"@"SEL$1" ("T_USR"."USR_ID"))
      NO_ACCESS(@"SEL$0C04A374" "ENROLLMENT"@"SEL$30")
      INDEX_RS_ASC(@"SEL$0C04A374" "BENEFIT"@"SEL$46" ("T_BENSPKG"."BENP_ID"))
      LEADING(@"SEL$0C04A374" "INFO_WITH_MEMBER_ID"@"SEL$2" "AFFMEMBER"@"SEL$1" "ENROLLMENT"@"SEL$30" "BENEFIT"@"SEL$46")
      USE_NL(@"SEL$0C04A374" "AFFMEMBER"@"SEL$1")
      USE_NL(@"SEL$0C04A374" "ENROLLMENT"@"SEL$30")
      USE_NL(@"SEL$0C04A374" "BENEFIT"@"SEL$46")
      NO_ACCESS(@"SEL$3" "INFO"@"SEL$3")
      INDEX_RS_ASC(@"SEL$0D115A56" "T_SRC_ENNS"@"SEL$42" ("T_ENNS"."ELNS_MEMB" "T_ENNS"."ELNS_ENLTDT" "T_ENNS"."ELNS_DSNTDT"
              "T_ENNS"."ELNS_ID"))
      BATCH_TABLE_ACCESS_BY_ROWID(@"SEL$0D115A56" "T_SRC_ENNS"@"SEL$42")
      PUSH_SUBQ(@"SEL$CDBEA42D")
      INDEX_RS_ASC(@"SEL$ECD9DCF1" "T_SRC_ENNS"@"SEL$35" ("T_ENNS"."ELNS_MEMB" "T_ENNS"."ELNS_ENLTDT" "T_ENNS"."ELNS_DSNTDT"
              "T_ENNS"."ELNS_ID"))
      BATCH_TABLE_ACCESS_BY_ROWID(@"SEL$ECD9DCF1" "T_SRC_ENNS"@"SEL$35")
      PUSH_SUBQ(@"SEL$5F185B4C")
      INDEX(@"SEL$5F185B4C" "T_ENNS_MASTERUSER"@"SEL$31" ("T_USR"."USR_ID"))
      INDEX(@"SEL$5F185B4C" "T_ENNS_SLAVEUSER"@"SEL$31" "IX_NVL_USR_MRGEMSTR_USR_ID")
      INDEX_RS_ASC(@"SEL$5F185B4C" "T_CURR_ENNS"@"SEL$32" "IX_ELNS_MEMBENLTDTDSNTDTSTTID")
      INDEX_RS_ASC(@"SEL$5F185B4C" "T_MAX_DISENROLLMENT_ENROLLMENT"@"SEL$33" ("T_ENNS"."ELNS_MEMB" "T_ENNS"."ELNS_ENLTDT"
              "T_ENNS"."ELNS_DSNTDT" "T_ENNS"."ELNS_ID"))
      LEADING(@"SEL$5F185B4C" "T_ENNS_MASTERUSER"@"SEL$31" "T_ENNS_SLAVEUSER"@"SEL$31" "T_CURR_ENNS"@"SEL$32"
              "T_MAX_DISENROLLMENT_ENROLLMENT"@"SEL$33")
      USE_NL(@"SEL$5F185B4C" "T_ENNS_SLAVEUSER"@"SEL$31")
      USE_NL(@"SEL$5F185B4C" "T_CURR_ENNS"@"SEL$32")
      USE_NL(@"SEL$5F185B4C" "T_MAX_DISENROLLMENT_ENROLLMENT"@"SEL$33")
      INDEX(@"SEL$CDBEA42D" "T_ENNS_MASTERUSER"@"SEL$36" ("T_USR"."USR_ID"))
      INDEX(@"SEL$CDBEA42D" "T_ENNS_SLAVEUSER"@"SEL$36" "IX_NVL_USR_MRGEMSTR_USR_ID")
      INDEX_RS_ASC(@"SEL$CDBEA42D" "T_CURR_ENNS"@"SEL$37" "IX_ELNS_MEMBENLTDTDSNTDTSTTID")
      INDEX_RS_ASC(@"SEL$CDBEA42D" "T_MAX_DISENROLLMENT_ENROLLMENT"@"SEL$38" ("T_ENNS"."ELNS_MEMB" "T_ENNS"."ELNS_ENLTDT"
              "T_ENNS"."ELNS_DSNTDT" "T_ENNS"."ELNS_ID"))
      LEADING(@"SEL$CDBEA42D" "T_ENNS_MASTERUSER"@"SEL$36" "T_ENNS_SLAVEUSER"@"SEL$36" "T_CURR_ENNS"@"SEL$37"
              "T_MAX_DISENROLLMENT_ENROLLMENT"@"SEL$38")
      USE_NL(@"SEL$CDBEA42D" "T_ENNS_SLAVEUSER"@"SEL$36")
      USE_NL(@"SEL$CDBEA42D" "T_CURR_ENNS"@"SEL$37")
      USE_NL(@"SEL$CDBEA42D" "T_MAX_DISENROLLMENT_ENROLLMENT"@"SEL$38")
      NO_ACCESS(@"SEL$6" "from$_subquery$_005"@"SEL$6")
      INDEX_RS_ASC(@"SEL$2D594895" "T"@"SEL$8" ("T_SENTTSK"."SETK_OBJ_STT"))
      INDEX_RS_ASC(@"SEL$2D594895" "REASON"@"SEL$17" ("T_DDL_ITEM"."DDLI_ID"))
      INDEX_RS_ASC(@"SEL$2D594895" "TASKTYPE"@"SEL$15" ("T_DDL_ITEM"."DDLI_ID"))
      INDEX_RS_ASC(@"SEL$2D594895" "AUTH"@"SEL$21" ("T_UM_BASE"."UMBS_ID"))
      INDEX_RS_ASC(@"SEL$2D594895" "CASEORCM"@"SEL$19" ("T_CM_BASEBASE"."CMBB_ID"))
      INDEX_RS_ASC(@"SEL$2D594895" "OWN"@"SEL$7" ("T_USR"."USR_ID"))
      INDEX_RS_ASC(@"SEL$2D594895" "PROVIDER"@"SEL$23" ("T_USR"."USR_ID"))
      INDEX_RS_ASC(@"SEL$2D594895" "MEMBER"@"SEL$11" ("T_USR"."USR_ID"))
      INDEX_RS_ASC(@"SEL$2D594895" "PREVOWNER"@"SEL$9" ("T_USR"."USR_ID"))
      INDEX_RS_ASC(@"SEL$2D594895" "SENDER"@"SEL$27" ("T_USR"."USR_ID"))
      INDEX_RS_ASC(@"SEL$2D594895" "ORIGCREATOR"@"SEL$13" ("T_USR"."USR_ID"))
      INDEX_RS_ASC(@"SEL$2D594895" "MOD"@"SEL$25" ("T_USR"."USR_ID"))
      LEADING(@"SEL$2D594895" "T"@"SEL$8" "REASON"@"SEL$17" "TASKTYPE"@"SEL$15" "AUTH"@"SEL$21" "CASEORCM"@"SEL$19"
              "OWN"@"SEL$7" "PROVIDER"@"SEL$23" "MEMBER"@"SEL$11" "PREVOWNER"@"SEL$9" "SENDER"@"SEL$27" "ORIGCREATOR"@"SEL$13"
              "MOD"@"SEL$25")
      USE_NL(@"SEL$2D594895" "REASON"@"SEL$17")
      USE_NL(@"SEL$2D594895" "TASKTYPE"@"SEL$15")
      USE_NL(@"SEL$2D594895" "AUTH"@"SEL$21")
      USE_NL(@"SEL$2D594895" "CASEORCM"@"SEL$19")
      USE_MERGE_CARTESIAN(@"SEL$2D594895" "OWN"@"SEL$7")
      USE_NL(@"SEL$2D594895" "PROVIDER"@"SEL$23")
      USE_NL(@"SEL$2D594895" "MEMBER"@"SEL$11")
      USE_NL(@"SEL$2D594895" "PREVOWNER"@"SEL$9")
      USE_NL(@"SEL$2D594895" "SENDER"@"SEL$27")
      USE_NL(@"SEL$2D594895" "ORIGCREATOR"@"SEL$13")
      USE_NL(@"SEL$2D594895" "MOD"@"SEL$25")
      INDEX_RS_ASC(@"SEL$5" "T_CM_BASEBASE"@"SEL$5" ("T_CM_BASEBASE"."CMBB_ID"))
      INDEX_RS_ASC(@"SEL$4" "T_UM_BASE"@"SEL$4" ("T_UM_BASE"."UMBS_ID"))
      END_OUTLINE_DATA
  */

Peeked Binds (identified by position):
--------------------------------------

   1 - :SYS_B_0 (NUMBER): 2
   2 - :1 (NUMBER): 10621934
   3 - :2 (NUMBER): 1
   4 - :3 (NUMBER): 3
   5 - :4 (NUMBER): 905
   6 - :5 (NUMBER): 906
   7 - :6 (NUMBER): 907
   8 - :7 (NUMBER): 908
   9 - :8 (NUMBER): 911
  10 - :9 (NUMBER): 912
  11 - :10 (NUMBER): 913
  12 - :SYS_B_1 (NUMBER): 500
  13 - :SYS_B_2 (VARCHAR2(30), CSID=178): '2020.09.21'
  14 - :SYS_B_3 (VARCHAR2(30), CSID=178): 'yyyy.MM.dd'

Note
-----
   - dynamic statistics used: dynamic sampling (level=2)
   - 5 Sql Plan Directives used for this statement

SQL_ID 0sjx29v99zfqc
--------------------
SELECT INFO_WITH_MEMBER_ID.*,     enrollment.ELNS_INSCPRSRGRP
ipgGroupId,     benefit.BENP_LWSTLVL_PRODCAT productCategoryId,
affMember.USR_FRSTNAM affiliatedMemberFirstName,
affMember.USR_LAS_NAM affiliatedMemberLastName FROM (   SELECT INFO.*,
   CASE     WHEN INFO.memberAffiliationId IS NOT NULL THEN
(INFO.memberAffiliationId)     WHEN INFO.authAffiliationId IS NOT NULL
THEN (SELECT UMBS_MEMB FROM T_UM_BASE WHERE
UMBS_ID=INFO.authAffiliationId)     WHEN
INFO.careManagementAffiliationId IS NOT NULL THEN (SELECT CMBS_MEMB
FROM T_CM_BASEBASE WHERE CMBB_ID=INFO.careManagementAffiliationId)
WHEN INFO.providerAffiliationId IS NOT NULL THEN
(INFO.providerAffiliationId)     ELSE (NULL)     END
affiliatedMemberId   FROM (   SELECT * FROM (     SELECT
T.SETK_ID AS id,         T.SETK_C4C_ID AS c4cId,         T.SETK_UNIVID
AS universalId,         taskType.TSKT_RCPTTYP AS categoryId,
T.SETK_TSK_TYP AS taskTypeId,         taskType.DDLI_LBL AS
taskTypeLabel,         T.SETK_TSK_NAM AS taskName,         T.SETK_SUBJ
AS subject,         T.SETK_CRTD AS createDate,         T.SETK_SENT AS
sentDate,         T.SETK_SRTD AS startedDate,
T.SETK_TSK_TIMG_STRTDT AS startDate,         T.SETK_TSK_TIMG_SCLDAT AS
startDateSeconds,         T.SETK_TSK_TIMG_DDLN_DT AS dueDate,
T.SETK_TSK_TIMG_DDLN_TIM_IN_DY AS dueDateSeconds,         T.SETK_OWNR
AS ownerId,         own.USR_FRSTNAM AS ownerFirstName,
own.USR_LAS_NAM AS ownerLastName,         own.CLASSTYPE AS ownerType,
      T.SETK_OBJ_STT AS status,         T.SETK_AFFN_MEMB AS
memberAffiliationId,         member.USR_C4C_ID AS memberC4cId,
member.USR_FRSTNAM AS memberFirstName,         member.USR_LAS_NAM AS
memberLastName,         T.SETK_AFFN_CM AS careManagementAffiliationId,
       caseOrCm.CMBB_C4C_ID AS caseOrCmC4cId,
T.SETK_AFFN_UM_EVNT AS authAffiliationId,         auth.UMBS_C4C_ID AS
authAffiliationC4cId,         T.SETK_AFFN_PVDR AS
providerAffiliationId,         provider.USR_C4C_ID AS providerC4cId,
     T.SETK_TSK_TIMG_SNLTDT AS startNoLaterThanDate,
T.SETK_CNCLRESN AS cancelReasonId,         T.SETK_ORIGCRTR AS
originalCreatorId,         origCreator.USR_FRSTNAM AS
originalCreatorFirstName,         origCreator.USR_LAS_NAM AS
originalCreatorLastName,         caseOrCm.CLASSTYPE AS
caseOrCmClasstype,         T.SETK_TSK_DSCN AS description,
T.SETK_CMPD AS completedDate,         T.SETK_LAS_ACT_TIM AS
lastActionDate,         mod.USR_FRSTNAM lastModifiedByFirstName,
 mod.USR_LAS_NAM lastModifiedByLastName,         T.SETK_PRVSOWNR AS
previousOwnerId,         prevOwner.USR_FRSTNAM AS
previousOwnerFirstName,         prevOwner.USR_LAS_NAM AS
previousOwnerLastName,         prevOwner.CLASSTYPE AS
previousOwnerType,         CASE             WHEN
T.SETK_TSK_TIMG_DDLN_DT IS NOT NULL THEN (T.SETK_TSK_TIMG_DDLN_DT)
       WHEN T.SETK_TSK_TIMG_STRTDT IS NOT NULL THEN
(T.SETK_TSK_TIMG_STRTDT)             WHEN T.SETK_TSK_TIMG_SNLTDT IS NOT
NULL THEN (T.SETK_TSK_TIMG_SNLTDT)             ELSE (NULL)         END
       filterDate,         sender.USR_FRSTNAM fromUserFirstName,
 sender.USR_LAS_NAM fromUserLastName,         T.SETK_RESCHEDULE_REASON
AS rescheduleReason,         reason.DDLI_LBL AS rescheduleReasonLabel,
       T.SETK_RESCHEDULE_COMMENT AS rescheduleComment       FROM
T_SENTTSK T       LEFT OUTER JOIN T_USR own ON own.USR_ID=T.SETK_OWNR
    LEFT OUTER JOIN T_USR prevOwner ON prevOwner.USR_ID=T.SETK_PRVSOWNR
      LEFT OUTER JOIN T_USR member ON member.USR_ID=T.SETK_AFFN_MEMB
   LEFT OUTER JOIN T_USR origCreator ON
origCreator.USR_ID=T.SETK_ORIGCRTR       LEFT OUTER JOIN T_DDL_ITEM
taskType ON taskType.DDLI_ID=T.SETK_TSK_TYP       LEFT OUTER JOIN
T_DDL_ITEM reason ON reason.DDLI_ID=T.SETK_RESCHEDULE_REASON       LEFT
OUTER JOIN T_CM_BASEBASE caseOrCm ON caseOrCm.CMBB_ID=T.SETK_AFFN_CM
   LEFT OUTER JOIN T_UM_BASE auth ON auth.UMBS_ID=T.SETK_AFFN_UM_EVNT
    LEFT OUTER JOIN T_USR provider

Plan hash value: 1552707893

---------------------------------------------------------------------------------------------------------------------------------
| Id  | Operation                                       | Name                          | Rows  | Bytes | Cost (%CPU)| Time     |
---------------------------------------------------------------------------------------------------------------------------------
|   0 | SELECT STATEMENT                                |                               |       |       |  2282K(100)|          |
|   1 |  TABLE ACCESS BY INDEX ROWID                    | T_UM_BASE                     |     1 |    12 |     1   (0)| 00:00:01 |
|   2 |   INDEX UNIQUE SCAN                             | PK_T_UM_BASE                  |     1 |       |     1   (0)| 00:00:01 |
|   3 |   TABLE ACCESS BY INDEX ROWID                   | T_CM_BASEBASE                 |     1 |    12 |     1   (0)| 00:00:01 |
|   4 |    INDEX UNIQUE SCAN                            | PK_T_CM_BASEBASE              |     1 |       |     1   (0)| 00:00:01 |
|   5 |  NESTED LOOPS OUTER                             |                               |     5 |   229K|  2282K  (1)| 00:01:30 |
|   6 |   NESTED LOOPS OUTER                            |                               |     5 |   229K|  2282K  (1)| 00:01:30 |
|   7 |    HASH JOIN RIGHT OUTER                        |                               |     5 |   228K|  2282K  (1)| 00:01:30 |
|   8 |     VIEW                                        | V_CURR_ENROLLMENT             |     2 |    78 |  2282K  (1)| 00:01:30 |
|   9 |      SORT UNIQUE                                |                               |     2 |  1092 |  2282K  (1)| 00:01:30 |
|  10 |       UNION-ALL                                 |                               |       |       |            |          |
|  11 |        FILTER                                   |                               |       |       |            |          |
|  12 |         FILTER                                  |                               |       |       |            |          |
|  13 |          TABLE ACCESS STORAGE FULL              | T_ENNS                        |   248K|    64M|   160K  (1)| 00:00:07 |
|  14 |          FAST DUAL                              |                               |     1 |       |     2   (0)| 00:00:01 |
|  15 |         SORT GROUP BY NOSORT                    |                               |     1 |    72 |     4   (0)| 00:00:01 |
|  16 |          NESTED LOOPS OUTER                     |                               |     1 |    72 |     4   (0)| 00:00:01 |
|  17 |           NESTED LOOPS                          |                               |     1 |    50 |     3   (0)| 00:00:01 |
|  18 |            NESTED LOOPS                         |                               |     1 |    12 |     2   (0)| 00:00:01 |
|  19 |             INDEX UNIQUE SCAN                   | PK_T_USR                      |     1 |     6 |     1   (0)| 00:00:01 |
|  20 |             INDEX RANGE SCAN                    | IX_NVL_USR_MRGEMSTR_USR_ID    |     1 |     6 |     1   (0)| 00:00:01 |
|  21 |            TABLE ACCESS BY INDEX ROWID          | T_ENNS                        |     1 |    38 |     1   (0)| 00:00:01 |
|  22 |             INDEX RANGE SCAN                    | IX_ELNS_MEMBENLTDTDSNTDTSTTID |     2 |       |     1   (0)| 00:00:01 |
|  23 |           TABLE ACCESS BY INDEX ROWID           | T_ENNS                        |     1 |    22 |     1   (0)| 00:00:01 |
|  24 |            INDEX RANGE SCAN                     | IX_ELNS_MEMBENLTDTDSNTDTID    |     1 |       |     1   (0)| 00:00:01 |
|  25 |        FILTER                                   |                               |       |       |            |          |
|  26 |         FILTER                                  |                               |       |       |            |          |
|  27 |          TABLE ACCESS STORAGE FULL              | T_ENNS                        |   248K|    64M|   160K  (1)| 00:00:07 |
|  28 |          FAST DUAL                              |                               |     1 |       |     2   (0)| 00:00:01 |
|  29 |         SORT GROUP BY NOSORT                    |                               |     1 |    72 |     4   (0)| 00:00:01 |
|  30 |          NESTED LOOPS OUTER                     |                               |     1 |    72 |     4   (0)| 00:00:01 |
|  31 |           NESTED LOOPS                          |                               |     1 |    50 |     3   (0)| 00:00:01 |
|  32 |            NESTED LOOPS                         |                               |     1 |    12 |     2   (0)| 00:00:01 |
|  33 |             INDEX UNIQUE SCAN                   | PK_T_USR                      |     1 |     6 |     1   (0)| 00:00:01 |
|  34 |             INDEX RANGE SCAN                    | IX_NVL_USR_MRGEMSTR_USR_ID    |     1 |     6 |     1   (0)| 00:00:01 |
|  35 |            TABLE ACCESS BY INDEX ROWID          | T_ENNS                        |     1 |    38 |     1   (0)| 00:00:01 |
|  36 |             INDEX RANGE SCAN                    | IX_ELNS_MEMBENLTDTDSNTDTSTTID |     2 |       |     1   (0)| 00:00:01 |
|  37 |           TABLE ACCESS BY INDEX ROWID           | T_ENNS                        |     1 |    22 |     1   (0)| 00:00:01 |
|  38 |            INDEX RANGE SCAN                     | IX_ELNS_MEMBENLTDTDSNTDTID    |     1 |       |     1   (0)| 00:00:01 |
|  39 |     VIEW                                        |                               |     5 |   228K|    20   (5)| 00:00:01 |
|  40 |      VIEW                                       |                               |     5 |   228K|    15   (7)| 00:00:01 |
|  41 |       COUNT STOPKEY                             |                               |       |       |            |          |
|  42 |        VIEW                                     |                               |     5 |   228K|    15   (7)| 00:00:01 |
|  43 |         SORT ORDER BY STOPKEY                   |                               |     5 |  3900 |    15   (7)| 00:00:01 |
|  44 |          MERGE JOIN OUTER                       |                               |     5 |  3900 |    14   (0)| 00:00:01 |
|  45 |           NESTED LOOPS OUTER                    |                               |     5 |  3720 |    13   (0)| 00:00:01 |
|  46 |            NESTED LOOPS OUTER                   |                               |     5 |  3540 |    12   (0)| 00:00:01 |
|  47 |             NESTED LOOPS OUTER                  |                               |     5 |  3365 |    11   (0)| 00:00:01 |
|  48 |              NESTED LOOPS OUTER                 |                               |     5 |  3255 |    10   (0)| 00:00:01 |
|  49 |               NESTED LOOPS OUTER                |                               |     5 |  3135 |     9   (0)| 00:00:01 |
|  50 |                NESTED LOOPS OUTER               |                               |     5 |  3025 |     8   (0)| 00:00:01 |
|  51 |                 NESTED LOOPS OUTER              |                               |     5 |  2885 |     7   (0)| 00:00:01 |
|  52 |                  NESTED LOOPS OUTER             |                               |     5 |  2795 |     6   (0)| 00:00:01 |
|  53 |                   NESTED LOOPS OUTER            |                               |     5 |  2700 |     5   (0)| 00:00:01 |
|  54 |                    NESTED LOOPS OUTER           |                               |     5 |  2590 |     4   (0)| 00:00:01 |
|  55 |                     INLIST ITERATOR             |                               |       |       |            |          |
|  56 |                      TABLE ACCESS BY INDEX ROWID| T_SENTTSK                     |     5 |  2480 |     3   (0)| 00:00:01 |
|  57 |                       INDEX RANGE SCAN          | IX_SETK_OBJ_STT               |  1834 |       |     1   (0)| 00:00:01 |
|  58 |                     TABLE ACCESS BY INDEX ROWID | T_USR                         |     1 |    22 |     1   (0)| 00:00:01 |
|  59 |                      INDEX UNIQUE SCAN          | PK_T_USR                      |     1 |       |     1   (0)| 00:00:01 |
|  60 |                    TABLE ACCESS BY INDEX ROWID  | T_USR                         |     1 |    22 |     1   (0)| 00:00:01 |
|  61 |                     INDEX UNIQUE SCAN           | PK_T_USR                      |     1 |       |     1   (0)| 00:00:01 |
|  62 |                   TABLE ACCESS BY INDEX ROWID   | T_USR                         |     1 |    19 |     1   (0)| 00:00:01 |
|  63 |                    INDEX UNIQUE SCAN            | PK_T_USR                      |     1 |       |     1   (0)| 00:00:01 |
|  64 |                  TABLE ACCESS BY INDEX ROWID    | T_UM_BASE                     |     1 |    18 |     1   (0)| 00:00:01 |
|  65 |                   INDEX UNIQUE SCAN             | PK_T_UM_BASE                  |     1 |       |     1   (0)| 00:00:01 |
|  66 |                 TABLE ACCESS BY INDEX ROWID     | T_CM_BASEBASE                 |     1 |    28 |     1   (0)| 00:00:01 |
|  67 |                  INDEX UNIQUE SCAN              | PK_T_CM_BASEBASE              |     1 |       |     1   (0)| 00:00:01 |
|  68 |                TABLE ACCESS BY INDEX ROWID      | T_DDL_ITEM                    |     1 |    22 |     1   (0)| 00:00:01 |
|  69 |                 INDEX UNIQUE SCAN               | PK_T_DDL_ITEM                 |     1 |       |     1   (0)| 00:00:01 |
|  70 |               TABLE ACCESS BY INDEX ROWID       | T_DDL_ITEM                    |     1 |    24 |     1   (0)| 00:00:01 |
|  71 |                INDEX UNIQUE SCAN                | PK_T_DDL_ITEM                 |     1 |       |     1   (0)| 00:00:01 |
|  72 |              TABLE ACCESS BY INDEX ROWID        | T_USR                         |     1 |    22 |     1   (0)| 00:00:01 |
|  73 |               INDEX UNIQUE SCAN                 | PK_T_USR                      |     1 |       |     1   (0)| 00:00:01 |
|  74 |             TABLE ACCESS BY INDEX ROWID         | T_USR                         |     1 |    35 |     1   (0)| 00:00:01 |
|  75 |              INDEX UNIQUE SCAN                  | PK_T_USR                      |     1 |       |     1   (0)| 00:00:01 |
|  76 |            TABLE ACCESS BY INDEX ROWID          | T_USR                         |     1 |    36 |     1   (0)| 00:00:01 |
|  77 |             INDEX UNIQUE SCAN                   | PK_T_USR                      |     1 |       |     1   (0)| 00:00:01 |
|  78 |           BUFFER SORT                           |                               |     1 |    36 |    14   (8)| 00:00:01 |
|  79 |            TABLE ACCESS BY INDEX ROWID          | T_USR                         |     1 |    36 |     1   (0)| 00:00:01 |
|  80 |             INDEX UNIQUE SCAN                   | PK_T_USR                      |     1 |       |     1   (0)| 00:00:01 |
|  81 |    TABLE ACCESS BY INDEX ROWID                  | T_BENSPKG                     |     1 |    12 |     1   (0)| 00:00:01 |
|  82 |     INDEX UNIQUE SCAN                           | PK_T_BENSPKG                  |     1 |       |     1   (0)| 00:00:01 |
|  83 |   TABLE ACCESS BY INDEX ROWID                   | T_USR                         |     1 |    22 |     1   (0)| 00:00:01 |
|  84 |    INDEX UNIQUE SCAN                            | PK_T_USR                      |     1 |       |     1   (0)| 00:00:01 |
---------------------------------------------------------------------------------------------------------------------------------

Query Block Name / Object Alias (identified by operation id):
-------------------------------------------------------------

   1 - SEL$4        / T_UM_BASE@SEL$4
   2 - SEL$4        / T_UM_BASE@SEL$4
   3 - SEL$5        / T_CM_BASEBASE@SEL$5
   4 - SEL$5        / T_CM_BASEBASE@SEL$5
   5 - SEL$0C04A374
   8 - SET$1        / ENROLLMENT@SEL$30
   9 - SET$1
  11 - SEL$35
  13 - SEL$35       / T_SRC_ENNS@SEL$35
  14 - SEL$40       / DUAL@SEL$40
  15 - SEL$5F185B4C
  19 - SEL$5F185B4C / T_ENNS_MASTERUSER@SEL$31
  20 - SEL$5F185B4C / T_ENNS_SLAVEUSER@SEL$31
  21 - SEL$5F185B4C / T_CURR_ENNS@SEL$32
  22 - SEL$5F185B4C / T_CURR_ENNS@SEL$32
  23 - SEL$5F185B4C / T_MAX_DISENROLLMENT_ENROLLMENT@SEL$33
  24 - SEL$5F185B4C / T_MAX_DISENROLLMENT_ENROLLMENT@SEL$33
  25 - SEL$42
  27 - SEL$42       / T_SRC_ENNS@SEL$42
  28 - SEL$43       / DUAL@SEL$43
  29 - SEL$CDBEA42D
  33 - SEL$CDBEA42D / T_ENNS_MASTERUSER@SEL$36
  34 - SEL$CDBEA42D / T_ENNS_SLAVEUSER@SEL$36
  35 - SEL$CDBEA42D / T_CURR_ENNS@SEL$37
  36 - SEL$CDBEA42D / T_CURR_ENNS@SEL$37
  37 - SEL$CDBEA42D / T_MAX_DISENROLLMENT_ENROLLMENT@SEL$38
  38 - SEL$CDBEA42D / T_MAX_DISENROLLMENT_ENROLLMENT@SEL$38
  39 - SEL$3        / INFO_WITH_MEMBER_ID@SEL$2
  40 - SEL$6        / INFO@SEL$3
  41 - SEL$6
  42 - SEL$2D594895 / from$_subquery$_005@SEL$6
  43 - SEL$2D594895
  56 - SEL$2D594895 / T@SEL$8
  57 - SEL$2D594895 / T@SEL$8
  58 - SEL$2D594895 / SENDER@SEL$27
  59 - SEL$2D594895 / SENDER@SEL$27
  60 - SEL$2D594895 / MOD@SEL$25
  61 - SEL$2D594895 / MOD@SEL$25
  62 - SEL$2D594895 / PROVIDER@SEL$23
  63 - SEL$2D594895 / PROVIDER@SEL$23
  64 - SEL$2D594895 / AUTH@SEL$21
  65 - SEL$2D594895 / AUTH@SEL$21
  66 - SEL$2D594895 / CASEORCM@SEL$19
  67 - SEL$2D594895 / CASEORCM@SEL$19
  68 - SEL$2D594895 / REASON@SEL$17
  69 - SEL$2D594895 / REASON@SEL$17
  70 - SEL$2D594895 / TASKTYPE@SEL$15
  71 - SEL$2D594895 / TASKTYPE@SEL$15
  72 - SEL$2D594895 / ORIGCREATOR@SEL$13
  73 - SEL$2D594895 / ORIGCREATOR@SEL$13
  74 - SEL$2D594895 / MEMBER@SEL$11
  75 - SEL$2D594895 / MEMBER@SEL$11
  76 - SEL$2D594895 / PREVOWNER@SEL$9
  77 - SEL$2D594895 / PREVOWNER@SEL$9
  79 - SEL$2D594895 / OWN@SEL$7
  80 - SEL$2D594895 / OWN@SEL$7
  81 - SEL$0C04A374 / BENEFIT@SEL$46
  82 - SEL$0C04A374 / BENEFIT@SEL$46
  83 - SEL$0C04A374 / AFFMEMBER@SEL$1
  84 - SEL$0C04A374 / AFFMEMBER@SEL$1

Outline Data
-------------

  /*+
      BEGIN_OUTLINE_DATA
      IGNORE_OPTIM_EMBEDDED_HINTS
      OPTIMIZER_FEATURES_ENABLE('12.1.0.2')
      DB_VERSION('12.1.0.2')
      OPT_PARAM('optimizer_index_cost_adj' 1)
      OPT_PARAM('optimizer_index_caching' 90)
      ALL_ROWS
      OUTLINE_LEAF(@"SEL$4")
      OUTLINE_LEAF(@"SEL$5")
      OUTLINE_LEAF(@"SEL$2D594895")
      MERGE(@"SEL$2DE0C8FF")
      OUTLINE_LEAF(@"SEL$6")
      OUTLINE_LEAF(@"SEL$3")
      OUTLINE_LEAF(@"SEL$40")
      OUTLINE_LEAF(@"SEL$5F185B4C")
      MERGE(@"SEL$6B15F4E0")
      OUTLINE_LEAF(@"SEL$35")
      OUTLINE_LEAF(@"SEL$43")
      OUTLINE_LEAF(@"SEL$CDBEA42D")
      MERGE(@"SEL$57BA8109")
      OUTLINE_LEAF(@"SEL$42")
      OUTLINE_LEAF(@"SET$1")
      OUTLINE_LEAF(@"SEL$0C04A374")
      MERGE(@"SEL$BC270230")
      OUTLINE(@"SEL$29")
      OUTLINE(@"SEL$2DE0C8FF")
      MERGE(@"SEL$27")
      MERGE(@"SEL$3B95C159")
      OUTLINE(@"SEL$41")
      OUTLINE(@"SEL$6B15F4E0")
      MERGE(@"SEL$78FE80F3")
      OUTLINE(@"SEL$44")
      OUTLINE(@"SEL$57BA8109")
      MERGE(@"SEL$516D3A01")
      OUTLINE(@"SEL$48")
      OUTLINE(@"SEL$BC270230")
      MERGE(@"SEL$409758B4")
      MERGE(@"SEL$46")
      OUTLINE(@"SEL$28")
      OUTLINE(@"SEL$27")
      OUTLINE(@"SEL$3B95C159")
      MERGE(@"SEL$25")
      MERGE(@"SEL$6D003707")
      OUTLINE(@"SEL$D570F096")
      MERGE(@"SEL$33")
      OUTLINE(@"SEL$78FE80F3")
      MERGE(@"SEL$31")
      OUTLINE(@"SEL$067B9A3E")
      MERGE(@"SEL$38")
      OUTLINE(@"SEL$516D3A01")
      MERGE(@"SEL$36")
      OUTLINE(@"SEL$47")
      OUTLINE(@"SEL$409758B4")
      MERGE(@"SEL$30")
      MERGE(@"SEL$58A6D7F6")
      OUTLINE(@"SEL$46")
      OUTLINE(@"SEL$26")
      OUTLINE(@"SEL$25")
      OUTLINE(@"SEL$6D003707")
      MERGE(@"SEL$23")
      MERGE(@"SEL$23FAB6D1")
      OUTLINE(@"SEL$34")
      OUTLINE(@"SEL$33")
      OUTLINE(@"SEL$32")
      OUTLINE(@"SEL$31")
      OUTLINE(@"SEL$39")
      OUTLINE(@"SEL$38")
      OUTLINE(@"SEL$37")
      OUTLINE(@"SEL$36")
      OUTLINE(@"SEL$45")
      OUTLINE(@"SEL$30")
      OUTLINE(@"SEL$58A6D7F6")
      MERGE(@"SEL$1")
      OUTLINE(@"SEL$24")
      OUTLINE(@"SEL$23")
      OUTLINE(@"SEL$23FAB6D1")
      MERGE(@"SEL$21")
      MERGE(@"SEL$97A30ECD")
      OUTLINE(@"SEL$2")
      OUTLINE(@"SEL$1")
      OUTLINE(@"SEL$22")
      OUTLINE(@"SEL$21")
      OUTLINE(@"SEL$97A30ECD")
      MERGE(@"SEL$19")
      MERGE(@"SEL$CF22A5CA")
      OUTLINE(@"SEL$20")
      OUTLINE(@"SEL$19")
      OUTLINE(@"SEL$CF22A5CA")
      MERGE(@"SEL$17")
      MERGE(@"SEL$FF97D7FC")
      OUTLINE(@"SEL$18")
      OUTLINE(@"SEL$17")
      OUTLINE(@"SEL$FF97D7FC")
      MERGE(@"SEL$15")
      MERGE(@"SEL$DE5D921C")
      OUTLINE(@"SEL$16")
      OUTLINE(@"SEL$15")
      OUTLINE(@"SEL$DE5D921C")
      MERGE(@"SEL$01DD7F33")
      MERGE(@"SEL$13")
      OUTLINE(@"SEL$14")
      OUTLINE(@"SEL$01DD7F33")
      MERGE(@"SEL$11")
      MERGE(@"SEL$BDFBA881")
      OUTLINE(@"SEL$13")
      OUTLINE(@"SEL$12")
      OUTLINE(@"SEL$11")
      OUTLINE(@"SEL$BDFBA881")
      MERGE(@"SEL$9")
      MERGE(@"SEL$FC56C448")
      OUTLINE(@"SEL$10")
      OUTLINE(@"SEL$9")
      OUTLINE(@"SEL$FC56C448")
      MERGE(@"SEL$7")
      OUTLINE(@"SEL$8")
      OUTLINE(@"SEL$7")
      NO_ACCESS(@"SEL$0C04A374" "INFO_WITH_MEMBER_ID"@"SEL$2")
      NO_ACCESS(@"SEL$0C04A374" "ENROLLMENT"@"SEL$30")
      INDEX_RS_ASC(@"SEL$0C04A374" "BENEFIT"@"SEL$46" ("T_BENSPKG"."BENP_ID"))
      INDEX_RS_ASC(@"SEL$0C04A374" "AFFMEMBER"@"SEL$1" ("T_USR"."USR_ID"))
      LEADING(@"SEL$0C04A374" "INFO_WITH_MEMBER_ID"@"SEL$2" "ENROLLMENT"@"SEL$30" "BENEFIT"@"SEL$46" "AFFMEMBER"@"SEL$1")
      USE_HASH(@"SEL$0C04A374" "ENROLLMENT"@"SEL$30")
      USE_NL(@"SEL$0C04A374" "BENEFIT"@"SEL$46")
      USE_NL(@"SEL$0C04A374" "AFFMEMBER"@"SEL$1")
      SWAP_JOIN_INPUTS(@"SEL$0C04A374" "ENROLLMENT"@"SEL$30")
      NO_ACCESS(@"SEL$3" "INFO"@"SEL$3")
      FULL(@"SEL$42" "T_SRC_ENNS"@"SEL$42")
      PQ_FILTER(@"SEL$42" SERIAL)
      FULL(@"SEL$35" "T_SRC_ENNS"@"SEL$35")
      PQ_FILTER(@"SEL$35" SERIAL)
      INDEX(@"SEL$5F185B4C" "T_ENNS_MASTERUSER"@"SEL$31" ("T_USR"."USR_ID"))
      INDEX(@"SEL$5F185B4C" "T_ENNS_SLAVEUSER"@"SEL$31" "IX_NVL_USR_MRGEMSTR_USR_ID")
      INDEX_RS_ASC(@"SEL$5F185B4C" "T_CURR_ENNS"@"SEL$32" "IX_ELNS_MEMBENLTDTDSNTDTSTTID")
      INDEX_RS_ASC(@"SEL$5F185B4C" "T_MAX_DISENROLLMENT_ENROLLMENT"@"SEL$33" ("T_ENNS"."ELNS_MEMB" "T_ENNS"."ELNS_ENLTDT"
              "T_ENNS"."ELNS_DSNTDT" "T_ENNS"."ELNS_ID"))
      LEADING(@"SEL$5F185B4C" "T_ENNS_MASTERUSER"@"SEL$31" "T_ENNS_SLAVEUSER"@"SEL$31" "T_CURR_ENNS"@"SEL$32"
              "T_MAX_DISENROLLMENT_ENROLLMENT"@"SEL$33")
      USE_NL(@"SEL$5F185B4C" "T_ENNS_SLAVEUSER"@"SEL$31")
      USE_NL(@"SEL$5F185B4C" "T_CURR_ENNS"@"SEL$32")
      USE_NL(@"SEL$5F185B4C" "T_MAX_DISENROLLMENT_ENROLLMENT"@"SEL$33")
      INDEX(@"SEL$CDBEA42D" "T_ENNS_MASTERUSER"@"SEL$36" ("T_USR"."USR_ID"))
      INDEX(@"SEL$CDBEA42D" "T_ENNS_SLAVEUSER"@"SEL$36" "IX_NVL_USR_MRGEMSTR_USR_ID")
      INDEX_RS_ASC(@"SEL$CDBEA42D" "T_CURR_ENNS"@"SEL$37" "IX_ELNS_MEMBENLTDTDSNTDTSTTID")
      INDEX_RS_ASC(@"SEL$CDBEA42D" "T_MAX_DISENROLLMENT_ENROLLMENT"@"SEL$38" ("T_ENNS"."ELNS_MEMB" "T_ENNS"."ELNS_ENLTDT"
              "T_ENNS"."ELNS_DSNTDT" "T_ENNS"."ELNS_ID"))
      LEADING(@"SEL$CDBEA42D" "T_ENNS_MASTERUSER"@"SEL$36" "T_ENNS_SLAVEUSER"@"SEL$36" "T_CURR_ENNS"@"SEL$37"
              "T_MAX_DISENROLLMENT_ENROLLMENT"@"SEL$38")
      USE_NL(@"SEL$CDBEA42D" "T_ENNS_SLAVEUSER"@"SEL$36")
      USE_NL(@"SEL$CDBEA42D" "T_CURR_ENNS"@"SEL$37")
      USE_NL(@"SEL$CDBEA42D" "T_MAX_DISENROLLMENT_ENROLLMENT"@"SEL$38")
      NO_ACCESS(@"SEL$6" "from$_subquery$_005"@"SEL$6")
      INDEX_RS_ASC(@"SEL$2D594895" "T"@"SEL$8" ("T_SENTTSK"."SETK_OBJ_STT"))
      INDEX_RS_ASC(@"SEL$2D594895" "SENDER"@"SEL$27" ("T_USR"."USR_ID"))
      INDEX_RS_ASC(@"SEL$2D594895" "MOD"@"SEL$25" ("T_USR"."USR_ID"))
      INDEX_RS_ASC(@"SEL$2D594895" "PROVIDER"@"SEL$23" ("T_USR"."USR_ID"))
      INDEX_RS_ASC(@"SEL$2D594895" "AUTH"@"SEL$21" ("T_UM_BASE"."UMBS_ID"))
      INDEX_RS_ASC(@"SEL$2D594895" "CASEORCM"@"SEL$19" ("T_CM_BASEBASE"."CMBB_ID"))
      INDEX_RS_ASC(@"SEL$2D594895" "REASON"@"SEL$17" ("T_DDL_ITEM"."DDLI_ID"))
      INDEX_RS_ASC(@"SEL$2D594895" "TASKTYPE"@"SEL$15" ("T_DDL_ITEM"."DDLI_ID"))
      INDEX_RS_ASC(@"SEL$2D594895" "ORIGCREATOR"@"SEL$13" ("T_USR"."USR_ID"))
      INDEX_RS_ASC(@"SEL$2D594895" "MEMBER"@"SEL$11" ("T_USR"."USR_ID"))
      INDEX_RS_ASC(@"SEL$2D594895" "PREVOWNER"@"SEL$9" ("T_USR"."USR_ID"))
      INDEX_RS_ASC(@"SEL$2D594895" "OWN"@"SEL$7" ("T_USR"."USR_ID"))
      LEADING(@"SEL$2D594895" "T"@"SEL$8" "SENDER"@"SEL$27" "MOD"@"SEL$25" "PROVIDER"@"SEL$23" "AUTH"@"SEL$21"
              "CASEORCM"@"SEL$19" "REASON"@"SEL$17" "TASKTYPE"@"SEL$15" "ORIGCREATOR"@"SEL$13" "MEMBER"@"SEL$11" "PREVOWNER"@"SEL$9"
              "OWN"@"SEL$7")
      USE_NL(@"SEL$2D594895" "SENDER"@"SEL$27")
      USE_NL(@"SEL$2D594895" "MOD"@"SEL$25")
      USE_NL(@"SEL$2D594895" "PROVIDER"@"SEL$23")
      USE_NL(@"SEL$2D594895" "AUTH"@"SEL$21")
      USE_NL(@"SEL$2D594895" "CASEORCM"@"SEL$19")
      USE_NL(@"SEL$2D594895" "REASON"@"SEL$17")
      USE_NL(@"SEL$2D594895" "TASKTYPE"@"SEL$15")
      USE_NL(@"SEL$2D594895" "ORIGCREATOR"@"SEL$13")
      USE_NL(@"SEL$2D594895" "MEMBER"@"SEL$11")
      USE_NL(@"SEL$2D594895" "PREVOWNER"@"SEL$9")
      USE_MERGE_CARTESIAN(@"SEL$2D594895" "OWN"@"SEL$7")
      INDEX_RS_ASC(@"SEL$5" "T_CM_BASEBASE"@"SEL$5" ("T_CM_BASEBASE"."CMBB_ID"))
      INDEX_RS_ASC(@"SEL$4" "T_UM_BASE"@"SEL$4" ("T_UM_BASE"."UMBS_ID"))
      END_OUTLINE_DATA
  */

Peeked Binds (identified by position):
--------------------------------------

   1 - :SYS_B_0 (NUMBER): 2
   2 - :1 (NUMBER): 10636254
   3 - :2 (NUMBER): 1
   4 - :3 (NUMBER): 3
   5 - :4 (NUMBER): 905
   6 - :5 (NUMBER): 906
   7 - :6 (NUMBER): 907
   8 - :7 (NUMBER): 908
   9 - :8 (NUMBER): 911
  10 - :9 (NUMBER): 912
  11 - :10 (NUMBER): 913
  12 - :SYS_B_1 (NUMBER): 500
  13 - :SYS_B_2 (VARCHAR2(30), CSID=178): '2020.10.06'
  14 - :SYS_B_3 (VARCHAR2(30), CSID=178): 'yyyy.MM.dd'

Note
-----
   - dynamic statistics used: dynamic sampling (level=2)
   - 6 Sql Plan Directives used for this statement

SQL_ID 0sjx29v99zfqc
--------------------
SELECT INFO_WITH_MEMBER_ID.*,     enrollment.ELNS_INSCPRSRGRP
ipgGroupId,     benefit.BENP_LWSTLVL_PRODCAT productCategoryId,
affMember.USR_FRSTNAM affiliatedMemberFirstName,
affMember.USR_LAS_NAM affiliatedMemberLastName FROM (   SELECT INFO.*,
   CASE     WHEN INFO.memberAffiliationId IS NOT NULL THEN
(INFO.memberAffiliationId)     WHEN INFO.authAffiliationId IS NOT NULL
THEN (SELECT UMBS_MEMB FROM T_UM_BASE WHERE
UMBS_ID=INFO.authAffiliationId)     WHEN
INFO.careManagementAffiliationId IS NOT NULL THEN (SELECT CMBS_MEMB
FROM T_CM_BASEBASE WHERE CMBB_ID=INFO.careManagementAffiliationId)
WHEN INFO.providerAffiliationId IS NOT NULL THEN
(INFO.providerAffiliationId)     ELSE (NULL)     END
affiliatedMemberId   FROM (   SELECT * FROM (     SELECT
T.SETK_ID AS id,         T.SETK_C4C_ID AS c4cId,         T.SETK_UNIVID
AS universalId,         taskType.TSKT_RCPTTYP AS categoryId,
T.SETK_TSK_TYP AS taskTypeId,         taskType.DDLI_LBL AS
taskTypeLabel,         T.SETK_TSK_NAM AS taskName,         T.SETK_SUBJ
AS subject,         T.SETK_CRTD AS createDate,         T.SETK_SENT AS
sentDate,         T.SETK_SRTD AS startedDate,
T.SETK_TSK_TIMG_STRTDT AS startDate,         T.SETK_TSK_TIMG_SCLDAT AS
startDateSeconds,         T.SETK_TSK_TIMG_DDLN_DT AS dueDate,
T.SETK_TSK_TIMG_DDLN_TIM_IN_DY AS dueDateSeconds,         T.SETK_OWNR
AS ownerId,         own.USR_FRSTNAM AS ownerFirstName,
own.USR_LAS_NAM AS ownerLastName,         own.CLASSTYPE AS ownerType,
      T.SETK_OBJ_STT AS status,         T.SETK_AFFN_MEMB AS
memberAffiliationId,         member.USR_C4C_ID AS memberC4cId,
member.USR_FRSTNAM AS memberFirstName,         member.USR_LAS_NAM AS
memberLastName,         T.SETK_AFFN_CM AS careManagementAffiliationId,
       caseOrCm.CMBB_C4C_ID AS caseOrCmC4cId,
T.SETK_AFFN_UM_EVNT AS authAffiliationId,         auth.UMBS_C4C_ID AS
authAffiliationC4cId,         T.SETK_AFFN_PVDR AS
providerAffiliationId,         provider.USR_C4C_ID AS providerC4cId,
     T.SETK_TSK_TIMG_SNLTDT AS startNoLaterThanDate,
T.SETK_CNCLRESN AS cancelReasonId,         T.SETK_ORIGCRTR AS
originalCreatorId,         origCreator.USR_FRSTNAM AS
originalCreatorFirstName,         origCreator.USR_LAS_NAM AS
originalCreatorLastName,         caseOrCm.CLASSTYPE AS
caseOrCmClasstype,         T.SETK_TSK_DSCN AS description,
T.SETK_CMPD AS completedDate,         T.SETK_LAS_ACT_TIM AS
lastActionDate,         mod.USR_FRSTNAM lastModifiedByFirstName,
 mod.USR_LAS_NAM lastModifiedByLastName,         T.SETK_PRVSOWNR AS
previousOwnerId,         prevOwner.USR_FRSTNAM AS
previousOwnerFirstName,         prevOwner.USR_LAS_NAM AS
previousOwnerLastName,         prevOwner.CLASSTYPE AS
previousOwnerType,         CASE             WHEN
T.SETK_TSK_TIMG_DDLN_DT IS NOT NULL THEN (T.SETK_TSK_TIMG_DDLN_DT)
       WHEN T.SETK_TSK_TIMG_STRTDT IS NOT NULL THEN
(T.SETK_TSK_TIMG_STRTDT)             WHEN T.SETK_TSK_TIMG_SNLTDT IS NOT
NULL THEN (T.SETK_TSK_TIMG_SNLTDT)             ELSE (NULL)         END
       filterDate,         sender.USR_FRSTNAM fromUserFirstName,
 sender.USR_LAS_NAM fromUserLastName,         T.SETK_RESCHEDULE_REASON
AS rescheduleReason,         reason.DDLI_LBL AS rescheduleReasonLabel,
       T.SETK_RESCHEDULE_COMMENT AS rescheduleComment       FROM
T_SENTTSK T       LEFT OUTER JOIN T_USR own ON own.USR_ID=T.SETK_OWNR
    LEFT OUTER JOIN T_USR prevOwner ON prevOwner.USR_ID=T.SETK_PRVSOWNR
      LEFT OUTER JOIN T_USR member ON member.USR_ID=T.SETK_AFFN_MEMB
   LEFT OUTER JOIN T_USR origCreator ON
origCreator.USR_ID=T.SETK_ORIGCRTR       LEFT OUTER JOIN T_DDL_ITEM
taskType ON taskType.DDLI_ID=T.SETK_TSK_TYP       LEFT OUTER JOIN
T_DDL_ITEM reason ON reason.DDLI_ID=T.SETK_RESCHEDULE_REASON       LEFT
OUTER JOIN T_CM_BASEBASE caseOrCm ON caseOrCm.CMBB_ID=T.SETK_AFFN_CM
   LEFT OUTER JOIN T_UM_BASE auth ON auth.UMBS_ID=T.SETK_AFFN_UM_EVNT
    LEFT OUTER JOIN T_USR provider

Plan hash value: 1592253080

--------------------------------------------------------------------------------------------------------------------------------
| Id  | Operation                                      | Name                          | Rows  | Bytes | Cost (%CPU)| Time     |
--------------------------------------------------------------------------------------------------------------------------------
|   0 | SELECT STATEMENT                               |                               |       |       |  1961K(100)|          |
|   1 |  TABLE ACCESS BY INDEX ROWID                   | T_UM_BASE                     |     1 |    12 |     1   (0)| 00:00:01 |
|   2 |   INDEX UNIQUE SCAN                            | PK_T_UM_BASE                  |     1 |       |     1   (0)| 00:00:01 |
|   3 |   TABLE ACCESS BY INDEX ROWID                  | T_CM_BASEBASE                 |     1 |    12 |     1   (0)| 00:00:01 |
|   4 |    INDEX UNIQUE SCAN                           | PK_T_CM_BASEBASE              |     1 |       |     1   (0)| 00:00:01 |
|   5 |  NESTED LOOPS OUTER                            |                               |     1 | 46913 |  1961K  (1)| 00:01:17 |
|   6 |   NESTED LOOPS OUTER                           |                               |     1 | 46901 |  1961K  (1)| 00:01:17 |
|   7 |    NESTED LOOPS OUTER                          |                               |     1 | 46873 |    16   (7)| 00:00:01 |
|   8 |     VIEW                                       |                               |     1 | 46851 |    15   (7)| 00:00:01 |
|   9 |      VIEW                                      |                               |     1 | 46838 |    13   (8)| 00:00:01 |
|  10 |       COUNT STOPKEY                            |                               |       |       |            |          |
|  11 |        VIEW                                    |                               |     1 | 46838 |    13   (8)| 00:00:01 |
|  12 |         SORT ORDER BY STOPKEY                  |                               |     1 |   780 |    13   (8)| 00:00:01 |
|  13 |          NESTED LOOPS OUTER                    |                               |     1 |   780 |    12   (0)| 00:00:01 |
|  14 |           NESTED LOOPS OUTER                   |                               |     1 |   758 |    11   (0)| 00:00:01 |
|  15 |            NESTED LOOPS OUTER                  |                               |     1 |   736 |    10   (0)| 00:00:01 |
|  16 |             NESTED LOOPS OUTER                 |                               |     1 |   700 |     9   (0)| 00:00:01 |
|  17 |              NESTED LOOPS OUTER                |                               |     1 |   678 |     8   (0)| 00:00:01 |
|  18 |               NESTED LOOPS OUTER               |                               |     1 |   643 |     7   (0)| 00:00:01 |
|  19 |                MERGE JOIN OUTER                |                               |     1 |   624 |     6   (0)| 00:00:01 |
|  20 |                 NESTED LOOPS OUTER             |                               |     1 |   588 |     5   (0)| 00:00:01 |
|  21 |                  NESTED LOOPS OUTER            |                               |     1 |   560 |     4   (0)| 00:00:01 |
|  22 |                   NESTED LOOPS OUTER           |                               |     1 |   542 |     3   (0)| 00:00:01 |
|  23 |                    NESTED LOOPS OUTER          |                               |     1 |   518 |     2   (0)| 00:00:01 |
|  24 |                     TABLE ACCESS BY INDEX ROWID| T_SENTTSK                     |     1 |   496 |     1   (0)| 00:00:01 |
|  25 |                      INDEX RANGE SCAN          | IX_SETK_OWNR                  |     1 |       |     1   (0)| 00:00:01 |
|  26 |                     TABLE ACCESS BY INDEX ROWID| T_DDL_ITEM                    |     1 |    22 |     1   (0)| 00:00:01 |
|  27 |                      INDEX UNIQUE SCAN         | PK_T_DDL_ITEM                 |     1 |       |     1   (0)| 00:00:01 |
|  28 |                    TABLE ACCESS BY INDEX ROWID | T_DDL_ITEM                    |     1 |    24 |     1   (0)| 00:00:01 |
|  29 |                     INDEX UNIQUE SCAN          | PK_T_DDL_ITEM                 |     1 |       |     1   (0)| 00:00:01 |
|  30 |                   TABLE ACCESS BY INDEX ROWID  | T_UM_BASE                     |     1 |    18 |     1   (0)| 00:00:01 |
|  31 |                    INDEX UNIQUE SCAN           | PK_T_UM_BASE                  |     1 |       |     1   (0)| 00:00:01 |
|  32 |                  TABLE ACCESS BY INDEX ROWID   | T_CM_BASEBASE                 |     1 |    28 |     1   (0)| 00:00:01 |
|  33 |                   INDEX UNIQUE SCAN            | PK_T_CM_BASEBASE              |     1 |       |     1   (0)| 00:00:01 |
|  34 |                 BUFFER SORT                    |                               |     1 |    36 |     5   (0)| 00:00:01 |
|  35 |                  TABLE ACCESS BY INDEX ROWID   | T_USR                         |     1 |    36 |     1   (0)| 00:00:01 |
|  36 |                   INDEX UNIQUE SCAN            | PK_T_USR                      |     1 |       |     1   (0)| 00:00:01 |
|  37 |                TABLE ACCESS BY INDEX ROWID     | T_USR                         |     1 |    19 |     1   (0)| 00:00:01 |
|  38 |                 INDEX UNIQUE SCAN              | PK_T_USR                      |     1 |       |     1   (0)| 00:00:01 |
|  39 |               TABLE ACCESS BY INDEX ROWID      | T_USR                         |     1 |    35 |     1   (0)| 00:00:01 |
|  40 |                INDEX UNIQUE SCAN               | PK_T_USR                      |     1 |       |     1   (0)| 00:00:01 |
|  41 |              TABLE ACCESS BY INDEX ROWID       | T_USR                         |     1 |    22 |     1   (0)| 00:00:01 |
|  42 |               INDEX UNIQUE SCAN                | PK_T_USR                      |     1 |       |     1   (0)| 00:00:01 |
|  43 |             TABLE ACCESS BY INDEX ROWID        | T_USR                         |     1 |    36 |     1   (0)| 00:00:01 |
|  44 |              INDEX UNIQUE SCAN                 | PK_T_USR                      |     1 |       |     1   (0)| 00:00:01 |
|  45 |            TABLE ACCESS BY INDEX ROWID         | T_USR                         |     1 |    22 |     1   (0)| 00:00:01 |
|  46 |             INDEX UNIQUE SCAN                  | PK_T_USR                      |     1 |       |     1   (0)| 00:00:01 |
|  47 |           TABLE ACCESS BY INDEX ROWID          | T_USR                         |     1 |    22 |     1   (0)| 00:00:01 |
|  48 |            INDEX UNIQUE SCAN                   | PK_T_USR                      |     1 |       |     1   (0)| 00:00:01 |
|  49 |     TABLE ACCESS BY INDEX ROWID                | T_USR                         |     1 |    22 |     1   (0)| 00:00:01 |
|  50 |      INDEX UNIQUE SCAN                         | PK_T_USR                      |     1 |       |     1   (0)| 00:00:01 |
|  51 |    VIEW                                        | V_CURR_ENROLLMENT             |     1 |    28 |  1961K  (1)| 00:01:17 |
|  52 |     SORT UNIQUE                                |                               |     2 |  1092 |  1961K  (1)| 00:01:17 |
|  53 |      UNION ALL PUSHED PREDICATE                |                               |       |       |            |          |
|  54 |       FILTER                                   |                               |       |       |            |          |
|  55 |        TABLE ACCESS BY INDEX ROWID BATCHED     | T_ENNS                        |     1 |   273 |     1   (0)| 00:00:01 |
|  56 |         INDEX RANGE SCAN                       | IX_ELNS_MEMBENLTDTDSNTDTID    |     1 |       |     1   (0)| 00:00:01 |
|  57 |          SORT GROUP BY NOSORT                  |                               |     1 |    72 |     4   (0)| 00:00:01 |
|  58 |           NESTED LOOPS OUTER                   |                               |     1 |    72 |     4   (0)| 00:00:01 |
|  59 |            NESTED LOOPS                        |                               |     1 |    50 |     3   (0)| 00:00:01 |
|  60 |             NESTED LOOPS                       |                               |     1 |    12 |     2   (0)| 00:00:01 |
|  61 |              INDEX UNIQUE SCAN                 | PK_T_USR                      |     1 |     6 |     1   (0)| 00:00:01 |
|  62 |              INDEX RANGE SCAN                  | IX_NVL_USR_MRGEMSTR_USR_ID    |     1 |     6 |     1   (0)| 00:00:01 |
|  63 |             TABLE ACCESS BY INDEX ROWID        | T_ENNS                        |     1 |    38 |     1   (0)| 00:00:01 |
|  64 |              INDEX RANGE SCAN                  | IX_ELNS_MEMBENLTDTDSNTDTSTTID |     2 |       |     1   (0)| 00:00:01 |
|  65 |            TABLE ACCESS BY INDEX ROWID         | T_ENNS                        |     1 |    22 |     1   (0)| 00:00:01 |
|  66 |             INDEX RANGE SCAN                   | IX_ELNS_MEMBENLTDTDSNTDTID    |     1 |       |     1   (0)| 00:00:01 |
|  67 |        FAST DUAL                               |                               |     1 |       |     2   (0)| 00:00:01 |
|  68 |       FILTER                                   |                               |       |       |            |          |
|  69 |        TABLE ACCESS BY INDEX ROWID BATCHED     | T_ENNS                        |     1 |   273 |     1   (0)| 00:00:01 |
|  70 |         INDEX RANGE SCAN                       | IX_ELNS_MEMBENLTDTDSNTDTID    |     1 |       |     1   (0)| 00:00:01 |
|  71 |          SORT GROUP BY NOSORT                  |                               |     1 |    72 |     4   (0)| 00:00:01 |
|  72 |           NESTED LOOPS OUTER                   |                               |     1 |    72 |     4   (0)| 00:00:01 |
|  73 |            NESTED LOOPS                        |                               |     1 |    50 |     3   (0)| 00:00:01 |
|  74 |             NESTED LOOPS                       |                               |     1 |    12 |     2   (0)| 00:00:01 |
|  75 |              INDEX UNIQUE SCAN                 | PK_T_USR                      |     1 |     6 |     1   (0)| 00:00:01 |
|  76 |              INDEX RANGE SCAN                  | IX_NVL_USR_MRGEMSTR_USR_ID    |     1 |     6 |     1   (0)| 00:00:01 |
|  77 |             TABLE ACCESS BY INDEX ROWID        | T_ENNS                        |     1 |    38 |     1   (0)| 00:00:01 |
|  78 |              INDEX RANGE SCAN                  | IX_ELNS_MEMBENLTDTDSNTDTSTTID |     2 |       |     1   (0)| 00:00:01 |
|  79 |            TABLE ACCESS BY INDEX ROWID         | T_ENNS                        |     1 |    22 |     1   (0)| 00:00:01 |
|  80 |             INDEX RANGE SCAN                   | IX_ELNS_MEMBENLTDTDSNTDTID    |     1 |       |     1   (0)| 00:00:01 |
|  81 |        FAST DUAL                               |                               |     1 |       |     2   (0)| 00:00:01 |
|  82 |   TABLE ACCESS BY INDEX ROWID                  | T_BENSPKG                     |     1 |    12 |     1   (0)| 00:00:01 |
|  83 |    INDEX UNIQUE SCAN                           | PK_T_BENSPKG                  |     1 |       |     1   (0)| 00:00:01 |
--------------------------------------------------------------------------------------------------------------------------------

Query Block Name / Object Alias (identified by operation id):
-------------------------------------------------------------

   1 - SEL$4        / T_UM_BASE@SEL$4
   2 - SEL$4        / T_UM_BASE@SEL$4
   3 - SEL$5        / T_CM_BASEBASE@SEL$5
   4 - SEL$5        / T_CM_BASEBASE@SEL$5
   5 - SEL$0C04A374
   8 - SEL$3        / INFO_WITH_MEMBER_ID@SEL$2
   9 - SEL$6        / INFO@SEL$3
  10 - SEL$6
  11 - SEL$2D594895 / from$_subquery$_005@SEL$6
  12 - SEL$2D594895
  24 - SEL$2D594895 / T@SEL$8
  25 - SEL$2D594895 / T@SEL$8
  26 - SEL$2D594895 / REASON@SEL$17
  27 - SEL$2D594895 / REASON@SEL$17
  28 - SEL$2D594895 / TASKTYPE@SEL$15
  29 - SEL$2D594895 / TASKTYPE@SEL$15
  30 - SEL$2D594895 / AUTH@SEL$21
  31 - SEL$2D594895 / AUTH@SEL$21
  32 - SEL$2D594895 / CASEORCM@SEL$19
  33 - SEL$2D594895 / CASEORCM@SEL$19
  35 - SEL$2D594895 / OWN@SEL$7
  36 - SEL$2D594895 / OWN@SEL$7
  37 - SEL$2D594895 / PROVIDER@SEL$23
  38 - SEL$2D594895 / PROVIDER@SEL$23
  39 - SEL$2D594895 / MEMBER@SEL$11
  40 - SEL$2D594895 / MEMBER@SEL$11
  41 - SEL$2D594895 / SENDER@SEL$27
  42 - SEL$2D594895 / SENDER@SEL$27
  43 - SEL$2D594895 / PREVOWNER@SEL$9
  44 - SEL$2D594895 / PREVOWNER@SEL$9
  45 - SEL$2D594895 / ORIGCREATOR@SEL$13
  46 - SEL$2D594895 / ORIGCREATOR@SEL$13
  47 - SEL$2D594895 / MOD@SEL$25
  48 - SEL$2D594895 / MOD@SEL$25
  49 - SEL$0C04A374 / AFFMEMBER@SEL$1
  50 - SEL$0C04A374 / AFFMEMBER@SEL$1
  51 - SET$5715CE2E / ENROLLMENT@SEL$30
  52 - SET$5715CE2E
  54 - SEL$ECD9DCF1
  55 - SEL$ECD9DCF1 / T_SRC_ENNS@SEL$35
  56 - SEL$ECD9DCF1 / T_SRC_ENNS@SEL$35
  57 - SEL$5F185B4C
  61 - SEL$5F185B4C / T_ENNS_MASTERUSER@SEL$31
  62 - SEL$5F185B4C / T_ENNS_SLAVEUSER@SEL$31
  63 - SEL$5F185B4C / T_CURR_ENNS@SEL$32
  64 - SEL$5F185B4C / T_CURR_ENNS@SEL$32
  65 - SEL$5F185B4C / T_MAX_DISENROLLMENT_ENROLLMENT@SEL$33
  66 - SEL$5F185B4C / T_MAX_DISENROLLMENT_ENROLLMENT@SEL$33
  67 - SEL$40       / DUAL@SEL$40
  68 - SEL$0D115A56
  69 - SEL$0D115A56 / T_SRC_ENNS@SEL$42
  70 - SEL$0D115A56 / T_SRC_ENNS@SEL$42
  71 - SEL$CDBEA42D
  75 - SEL$CDBEA42D / T_ENNS_MASTERUSER@SEL$36
  76 - SEL$CDBEA42D / T_ENNS_SLAVEUSER@SEL$36
  77 - SEL$CDBEA42D / T_CURR_ENNS@SEL$37
  78 - SEL$CDBEA42D / T_CURR_ENNS@SEL$37
  79 - SEL$CDBEA42D / T_MAX_DISENROLLMENT_ENROLLMENT@SEL$38
  80 - SEL$CDBEA42D / T_MAX_DISENROLLMENT_ENROLLMENT@SEL$38
  81 - SEL$43       / DUAL@SEL$43
  82 - SEL$0C04A374 / BENEFIT@SEL$46
  83 - SEL$0C04A374 / BENEFIT@SEL$46

Outline Data
-------------

  /*+
      BEGIN_OUTLINE_DATA
      IGNORE_OPTIM_EMBEDDED_HINTS
      OPTIMIZER_FEATURES_ENABLE('12.1.0.2')
      DB_VERSION('12.1.0.2')
      OPT_PARAM('optimizer_index_cost_adj' 1)
      OPT_PARAM('optimizer_index_caching' 90)
      ALL_ROWS
      OUTLINE_LEAF(@"SEL$4")
      OUTLINE_LEAF(@"SEL$5")
      OUTLINE_LEAF(@"SEL$2D594895")
      MERGE(@"SEL$2DE0C8FF")
      OUTLINE_LEAF(@"SEL$6")
      OUTLINE_LEAF(@"SEL$3")
      OUTLINE_LEAF(@"SEL$40")
      OUTLINE_LEAF(@"SEL$5F185B4C")
      MERGE(@"SEL$6B15F4E0")
      OUTLINE_LEAF(@"SEL$ECD9DCF1")
      OUTLINE_LEAF(@"SEL$43")
      OUTLINE_LEAF(@"SEL$CDBEA42D")
      MERGE(@"SEL$57BA8109")
      OUTLINE_LEAF(@"SEL$0D115A56")
      OUTLINE_LEAF(@"SET$5715CE2E")
      PUSH_PRED(@"SEL$0C04A374" "ENROLLMENT"@"SEL$30" 3)
      OUTLINE_LEAF(@"SEL$0C04A374")
      MERGE(@"SEL$BC270230")
      OUTLINE(@"SEL$29")
      OUTLINE(@"SEL$2DE0C8FF")
      MERGE(@"SEL$27")
      MERGE(@"SEL$3B95C159")
      OUTLINE(@"SEL$41")
      OUTLINE(@"SEL$6B15F4E0")
      MERGE(@"SEL$78FE80F3")
      OUTLINE(@"SEL$35")
      OUTLINE(@"SEL$44")
      OUTLINE(@"SEL$57BA8109")
      MERGE(@"SEL$516D3A01")
      OUTLINE(@"SEL$42")
      OUTLINE(@"SET$1")
      OUTLINE(@"SEL$0C04A374")
      MERGE(@"SEL$BC270230")
      OUTLINE(@"SEL$48")
      OUTLINE(@"SEL$BC270230")
      MERGE(@"SEL$409758B4")
      MERGE(@"SEL$46")
      OUTLINE(@"SEL$28")
      OUTLINE(@"SEL$27")
      OUTLINE(@"SEL$3B95C159")
      MERGE(@"SEL$25")
      MERGE(@"SEL$6D003707")
      OUTLINE(@"SEL$D570F096")
      MERGE(@"SEL$33")
      OUTLINE(@"SEL$78FE80F3")
      MERGE(@"SEL$31")
      OUTLINE(@"SEL$067B9A3E")
      MERGE(@"SEL$38")
      OUTLINE(@"SEL$516D3A01")
      MERGE(@"SEL$36")
      OUTLINE(@"SEL$47")
      OUTLINE(@"SEL$409758B4")
      MERGE(@"SEL$30")
      MERGE(@"SEL$58A6D7F6")
      OUTLINE(@"SEL$46")
      OUTLINE(@"SEL$26")
      OUTLINE(@"SEL$25")
      OUTLINE(@"SEL$6D003707")
      MERGE(@"SEL$23")
      MERGE(@"SEL$23FAB6D1")
      OUTLINE(@"SEL$34")
      OUTLINE(@"SEL$33")
      OUTLINE(@"SEL$32")
      OUTLINE(@"SEL$31")
      OUTLINE(@"SEL$39")
      OUTLINE(@"SEL$38")
      OUTLINE(@"SEL$37")
      OUTLINE(@"SEL$36")
      OUTLINE(@"SEL$45")
      OUTLINE(@"SEL$30")
      OUTLINE(@"SEL$58A6D7F6")
      MERGE(@"SEL$1")
      OUTLINE(@"SEL$24")
      OUTLINE(@"SEL$23")
      OUTLINE(@"SEL$23FAB6D1")
      MERGE(@"SEL$21")
      MERGE(@"SEL$97A30ECD")
      OUTLINE(@"SEL$2")
      OUTLINE(@"SEL$1")
      OUTLINE(@"SEL$22")
      OUTLINE(@"SEL$21")
      OUTLINE(@"SEL$97A30ECD")
      MERGE(@"SEL$19")
      MERGE(@"SEL$CF22A5CA")
      OUTLINE(@"SEL$20")
      OUTLINE(@"SEL$19")
      OUTLINE(@"SEL$CF22A5CA")
      MERGE(@"SEL$17")
      MERGE(@"SEL$FF97D7FC")
      OUTLINE(@"SEL$18")
      OUTLINE(@"SEL$17")
      OUTLINE(@"SEL$FF97D7FC")
      MERGE(@"SEL$15")
      MERGE(@"SEL$DE5D921C")
      OUTLINE(@"SEL$16")
      OUTLINE(@"SEL$15")
      OUTLINE(@"SEL$DE5D921C")
      MERGE(@"SEL$01DD7F33")
      MERGE(@"SEL$13")
      OUTLINE(@"SEL$14")
      OUTLINE(@"SEL$01DD7F33")
      MERGE(@"SEL$11")
      MERGE(@"SEL$BDFBA881")
      OUTLINE(@"SEL$13")
      OUTLINE(@"SEL$12")
      OUTLINE(@"SEL$11")
      OUTLINE(@"SEL$BDFBA881")
      MERGE(@"SEL$9")
      MERGE(@"SEL$FC56C448")
      OUTLINE(@"SEL$10")
      OUTLINE(@"SEL$9")
      OUTLINE(@"SEL$FC56C448")
      MERGE(@"SEL$7")
      OUTLINE(@"SEL$8")
      OUTLINE(@"SEL$7")
      NO_ACCESS(@"SEL$0C04A374" "INFO_WITH_MEMBER_ID"@"SEL$2")
      INDEX_RS_ASC(@"SEL$0C04A374" "AFFMEMBER"@"SEL$1" ("T_USR"."USR_ID"))
      NO_ACCESS(@"SEL$0C04A374" "ENROLLMENT"@"SEL$30")
      INDEX_RS_ASC(@"SEL$0C04A374" "BENEFIT"@"SEL$46" ("T_BENSPKG"."BENP_ID"))
      LEADING(@"SEL$0C04A374" "INFO_WITH_MEMBER_ID"@"SEL$2" "AFFMEMBER"@"SEL$1" "ENROLLMENT"@"SEL$30" "BENEFIT"@"SEL$46")
      USE_NL(@"SEL$0C04A374" "AFFMEMBER"@"SEL$1")
      USE_NL(@"SEL$0C04A374" "ENROLLMENT"@"SEL$30")
      USE_NL(@"SEL$0C04A374" "BENEFIT"@"SEL$46")
      NO_ACCESS(@"SEL$3" "INFO"@"SEL$3")
      INDEX_RS_ASC(@"SEL$0D115A56" "T_SRC_ENNS"@"SEL$42" ("T_ENNS"."ELNS_MEMB" "T_ENNS"."ELNS_ENLTDT" "T_ENNS"."ELNS_DSNTDT"
              "T_ENNS"."ELNS_ID"))
      BATCH_TABLE_ACCESS_BY_ROWID(@"SEL$0D115A56" "T_SRC_ENNS"@"SEL$42")
      PUSH_SUBQ(@"SEL$CDBEA42D")
      INDEX_RS_ASC(@"SEL$ECD9DCF1" "T_SRC_ENNS"@"SEL$35" ("T_ENNS"."ELNS_MEMB" "T_ENNS"."ELNS_ENLTDT" "T_ENNS"."ELNS_DSNTDT"
              "T_ENNS"."ELNS_ID"))
      BATCH_TABLE_ACCESS_BY_ROWID(@"SEL$ECD9DCF1" "T_SRC_ENNS"@"SEL$35")
      PUSH_SUBQ(@"SEL$5F185B4C")
      INDEX(@"SEL$5F185B4C" "T_ENNS_MASTERUSER"@"SEL$31" ("T_USR"."USR_ID"))
      INDEX(@"SEL$5F185B4C" "T_ENNS_SLAVEUSER"@"SEL$31" "IX_NVL_USR_MRGEMSTR_USR_ID")
      INDEX_RS_ASC(@"SEL$5F185B4C" "T_CURR_ENNS"@"SEL$32" "IX_ELNS_MEMBENLTDTDSNTDTSTTID")
      INDEX_RS_ASC(@"SEL$5F185B4C" "T_MAX_DISENROLLMENT_ENROLLMENT"@"SEL$33" ("T_ENNS"."ELNS_MEMB" "T_ENNS"."ELNS_ENLTDT"
              "T_ENNS"."ELNS_DSNTDT" "T_ENNS"."ELNS_ID"))
      LEADING(@"SEL$5F185B4C" "T_ENNS_MASTERUSER"@"SEL$31" "T_ENNS_SLAVEUSER"@"SEL$31" "T_CURR_ENNS"@"SEL$32"
              "T_MAX_DISENROLLMENT_ENROLLMENT"@"SEL$33")
      USE_NL(@"SEL$5F185B4C" "T_ENNS_SLAVEUSER"@"SEL$31")
      USE_NL(@"SEL$5F185B4C" "T_CURR_ENNS"@"SEL$32")
      USE_NL(@"SEL$5F185B4C" "T_MAX_DISENROLLMENT_ENROLLMENT"@"SEL$33")
      INDEX(@"SEL$CDBEA42D" "T_ENNS_MASTERUSER"@"SEL$36" ("T_USR"."USR_ID"))
      INDEX(@"SEL$CDBEA42D" "T_ENNS_SLAVEUSER"@"SEL$36" "IX_NVL_USR_MRGEMSTR_USR_ID")
      INDEX_RS_ASC(@"SEL$CDBEA42D" "T_CURR_ENNS"@"SEL$37" "IX_ELNS_MEMBENLTDTDSNTDTSTTID")
      INDEX_RS_ASC(@"SEL$CDBEA42D" "T_MAX_DISENROLLMENT_ENROLLMENT"@"SEL$38" ("T_ENNS"."ELNS_MEMB" "T_ENNS"."ELNS_ENLTDT"
              "T_ENNS"."ELNS_DSNTDT" "T_ENNS"."ELNS_ID"))
      LEADING(@"SEL$CDBEA42D" "T_ENNS_MASTERUSER"@"SEL$36" "T_ENNS_SLAVEUSER"@"SEL$36" "T_CURR_ENNS"@"SEL$37"
              "T_MAX_DISENROLLMENT_ENROLLMENT"@"SEL$38")
      USE_NL(@"SEL$CDBEA42D" "T_ENNS_SLAVEUSER"@"SEL$36")
      USE_NL(@"SEL$CDBEA42D" "T_CURR_ENNS"@"SEL$37")
      USE_NL(@"SEL$CDBEA42D" "T_MAX_DISENROLLMENT_ENROLLMENT"@"SEL$38")
      NO_ACCESS(@"SEL$6" "from$_subquery$_005"@"SEL$6")
      INDEX_RS_ASC(@"SEL$2D594895" "T"@"SEL$8" ("T_SENTTSK"."SETK_OWNR"))
      INDEX_RS_ASC(@"SEL$2D594895" "REASON"@"SEL$17" ("T_DDL_ITEM"."DDLI_ID"))
      INDEX_RS_ASC(@"SEL$2D594895" "TASKTYPE"@"SEL$15" ("T_DDL_ITEM"."DDLI_ID"))
      INDEX_RS_ASC(@"SEL$2D594895" "AUTH"@"SEL$21" ("T_UM_BASE"."UMBS_ID"))
      INDEX_RS_ASC(@"SEL$2D594895" "CASEORCM"@"SEL$19" ("T_CM_BASEBASE"."CMBB_ID"))
      INDEX_RS_ASC(@"SEL$2D594895" "OWN"@"SEL$7" ("T_USR"."USR_ID"))
      INDEX_RS_ASC(@"SEL$2D594895" "PROVIDER"@"SEL$23" ("T_USR"."USR_ID"))
      INDEX_RS_ASC(@"SEL$2D594895" "MEMBER"@"SEL$11" ("T_USR"."USR_ID"))
      INDEX_RS_ASC(@"SEL$2D594895" "SENDER"@"SEL$27" ("T_USR"."USR_ID"))
      INDEX_RS_ASC(@"SEL$2D594895" "PREVOWNER"@"SEL$9" ("T_USR"."USR_ID"))
      INDEX_RS_ASC(@"SEL$2D594895" "ORIGCREATOR"@"SEL$13" ("T_USR"."USR_ID"))
      INDEX_RS_ASC(@"SEL$2D594895" "MOD"@"SEL$25" ("T_USR"."USR_ID"))
      LEADING(@"SEL$2D594895" "T"@"SEL$8" "REASON"@"SEL$17" "TASKTYPE"@"SEL$15" "AUTH"@"SEL$21" "CASEORCM"@"SEL$19"
              "OWN"@"SEL$7" "PROVIDER"@"SEL$23" "MEMBER"@"SEL$11" "SENDER"@"SEL$27" "PREVOWNER"@"SEL$9" "ORIGCREATOR"@"SEL$13"
              "MOD"@"SEL$25")
      USE_NL(@"SEL$2D594895" "REASON"@"SEL$17")
      USE_NL(@"SEL$2D594895" "TASKTYPE"@"SEL$15")
      USE_NL(@"SEL$2D594895" "AUTH"@"SEL$21")
      USE_NL(@"SEL$2D594895" "CASEORCM"@"SEL$19")
      USE_MERGE_CARTESIAN(@"SEL$2D594895" "OWN"@"SEL$7")
      USE_NL(@"SEL$2D594895" "PROVIDER"@"SEL$23")
      USE_NL(@"SEL$2D594895" "MEMBER"@"SEL$11")
      USE_NL(@"SEL$2D594895" "SENDER"@"SEL$27")
      USE_NL(@"SEL$2D594895" "PREVOWNER"@"SEL$9")
      USE_NL(@"SEL$2D594895" "ORIGCREATOR"@"SEL$13")
      USE_NL(@"SEL$2D594895" "MOD"@"SEL$25")
      INDEX_RS_ASC(@"SEL$5" "T_CM_BASEBASE"@"SEL$5" ("T_CM_BASEBASE"."CMBB_ID"))
      INDEX_RS_ASC(@"SEL$4" "T_UM_BASE"@"SEL$4" ("T_UM_BASE"."UMBS_ID"))
      END_OUTLINE_DATA
  */

Peeked Binds (identified by position):
--------------------------------------

   1 - :SYS_B_0 (NUMBER): 2
   2 - :1 (NUMBER): 11506872
   3 - :2 (NUMBER): 1
   4 - :3 (NUMBER): 3
   5 - :4 (NUMBER): 905
   6 - :5 (NUMBER): 906
   7 - :6 (NUMBER): 907
   8 - :7 (NUMBER): 908
   9 - :8 (NUMBER): 911
  10 - :9 (NUMBER): 912
  11 - :10 (NUMBER): 913
  12 - :SYS_B_1 (NUMBER): 500
  13 - :SYS_B_2 (VARCHAR2(30), CSID=178): '2020.11.24'
  14 - :SYS_B_3 (VARCHAR2(30), CSID=178): 'yyyy.MM.dd'

Note
-----
   - dynamic statistics used: dynamic sampling (level=2)
   - 2 Sql Plan Directives used for this statement

SQL_ID 0sjx29v99zfqc
--------------------
SELECT INFO_WITH_MEMBER_ID.*,     enrollment.ELNS_INSCPRSRGRP
ipgGroupId,     benefit.BENP_LWSTLVL_PRODCAT productCategoryId,
affMember.USR_FRSTNAM affiliatedMemberFirstName,
affMember.USR_LAS_NAM affiliatedMemberLastName FROM (   SELECT INFO.*,
   CASE     WHEN INFO.memberAffiliationId IS NOT NULL THEN
(INFO.memberAffiliationId)     WHEN INFO.authAffiliationId IS NOT NULL
THEN (SELECT UMBS_MEMB FROM T_UM_BASE WHERE
UMBS_ID=INFO.authAffiliationId)     WHEN
INFO.careManagementAffiliationId IS NOT NULL THEN (SELECT CMBS_MEMB
FROM T_CM_BASEBASE WHERE CMBB_ID=INFO.careManagementAffiliationId)
WHEN INFO.providerAffiliationId IS NOT NULL THEN
(INFO.providerAffiliationId)     ELSE (NULL)     END
affiliatedMemberId   FROM (   SELECT * FROM (     SELECT
T.SETK_ID AS id,         T.SETK_C4C_ID AS c4cId,         T.SETK_UNIVID
AS universalId,         taskType.TSKT_RCPTTYP AS categoryId,
T.SETK_TSK_TYP AS taskTypeId,         taskType.DDLI_LBL AS
taskTypeLabel,         T.SETK_TSK_NAM AS taskName,         T.SETK_SUBJ
AS subject,         T.SETK_CRTD AS createDate,         T.SETK_SENT AS
sentDate,         T.SETK_SRTD AS startedDate,
T.SETK_TSK_TIMG_STRTDT AS startDate,         T.SETK_TSK_TIMG_SCLDAT AS
startDateSeconds,         T.SETK_TSK_TIMG_DDLN_DT AS dueDate,
T.SETK_TSK_TIMG_DDLN_TIM_IN_DY AS dueDateSeconds,         T.SETK_OWNR
AS ownerId,         own.USR_FRSTNAM AS ownerFirstName,
own.USR_LAS_NAM AS ownerLastName,         own.CLASSTYPE AS ownerType,
      T.SETK_OBJ_STT AS status,         T.SETK_AFFN_MEMB AS
memberAffiliationId,         member.USR_C4C_ID AS memberC4cId,
member.USR_FRSTNAM AS memberFirstName,         member.USR_LAS_NAM AS
memberLastName,         T.SETK_AFFN_CM AS careManagementAffiliationId,
       caseOrCm.CMBB_C4C_ID AS caseOrCmC4cId,
T.SETK_AFFN_UM_EVNT AS authAffiliationId,         auth.UMBS_C4C_ID AS
authAffiliationC4cId,         T.SETK_AFFN_PVDR AS
providerAffiliationId,         provider.USR_C4C_ID AS providerC4cId,
     T.SETK_TSK_TIMG_SNLTDT AS startNoLaterThanDate,
T.SETK_CNCLRESN AS cancelReasonId,         T.SETK_ORIGCRTR AS
originalCreatorId,         origCreator.USR_FRSTNAM AS
originalCreatorFirstName,         origCreator.USR_LAS_NAM AS
originalCreatorLastName,         caseOrCm.CLASSTYPE AS
caseOrCmClasstype,         T.SETK_TSK_DSCN AS description,
T.SETK_CMPD AS completedDate,         T.SETK_LAS_ACT_TIM AS
lastActionDate,         mod.USR_FRSTNAM lastModifiedByFirstName,
 mod.USR_LAS_NAM lastModifiedByLastName,         T.SETK_PRVSOWNR AS
previousOwnerId,         prevOwner.USR_FRSTNAM AS
previousOwnerFirstName,         prevOwner.USR_LAS_NAM AS
previousOwnerLastName,         prevOwner.CLASSTYPE AS
previousOwnerType,         CASE             WHEN
T.SETK_TSK_TIMG_DDLN_DT IS NOT NULL THEN (T.SETK_TSK_TIMG_DDLN_DT)
       WHEN T.SETK_TSK_TIMG_STRTDT IS NOT NULL THEN
(T.SETK_TSK_TIMG_STRTDT)             WHEN T.SETK_TSK_TIMG_SNLTDT IS NOT
NULL THEN (T.SETK_TSK_TIMG_SNLTDT)             ELSE (NULL)         END
       filterDate,         sender.USR_FRSTNAM fromUserFirstName,
 sender.USR_LAS_NAM fromUserLastName,         T.SETK_RESCHEDULE_REASON
AS rescheduleReason,         reason.DDLI_LBL AS rescheduleReasonLabel,
       T.SETK_RESCHEDULE_COMMENT AS rescheduleComment       FROM
T_SENTTSK T       LEFT OUTER JOIN T_USR own ON own.USR_ID=T.SETK_OWNR
    LEFT OUTER JOIN T_USR prevOwner ON prevOwner.USR_ID=T.SETK_PRVSOWNR
      LEFT OUTER JOIN T_USR member ON member.USR_ID=T.SETK_AFFN_MEMB
   LEFT OUTER JOIN T_USR origCreator ON
origCreator.USR_ID=T.SETK_ORIGCRTR       LEFT OUTER JOIN T_DDL_ITEM
taskType ON taskType.DDLI_ID=T.SETK_TSK_TYP       LEFT OUTER JOIN
T_DDL_ITEM reason ON reason.DDLI_ID=T.SETK_RESCHEDULE_REASON       LEFT
OUTER JOIN T_CM_BASEBASE caseOrCm ON caseOrCm.CMBB_ID=T.SETK_AFFN_CM
   LEFT OUTER JOIN T_UM_BASE auth ON auth.UMBS_ID=T.SETK_AFFN_UM_EVNT
    LEFT OUTER JOIN T_USR provider

Plan hash value: 1705091248

---------------------------------------------------------------------------------------------------------------------------------
| Id  | Operation                                       | Name                          | Rows  | Bytes | Cost (%CPU)| Time     |
---------------------------------------------------------------------------------------------------------------------------------
|   0 | SELECT STATEMENT                                |                               |       |       |  2259K(100)|          |
|   1 |  TABLE ACCESS BY INDEX ROWID                    | T_UM_BASE                     |     1 |    12 |     1   (0)| 00:00:01 |
|   2 |   INDEX UNIQUE SCAN                             | PK_T_UM_BASE                  |     1 |       |     1   (0)| 00:00:01 |
|   3 |   TABLE ACCESS BY INDEX ROWID                   | T_CM_BASEBASE                 |     1 |    12 |     1   (0)| 00:00:01 |
|   4 |    INDEX UNIQUE SCAN                            | PK_T_CM_BASEBASE              |     1 |       |     1   (0)| 00:00:01 |
|   5 |  NESTED LOOPS OUTER                             |                               |    96 |  4399K|  2259K  (1)| 00:01:29 |
|   6 |   NESTED LOOPS OUTER                            |                               |    96 |  4397K|  2259K  (1)| 00:01:29 |
|   7 |    HASH JOIN RIGHT OUTER                        |                               |    96 |  4395K|  2259K  (1)| 00:01:29 |
|   8 |     VIEW                                        | V_CURR_ENROLLMENT             |     2 |    78 |  2259K  (1)| 00:01:29 |
|   9 |      SORT UNIQUE                                |                               |     2 |  1092 |  2259K  (1)| 00:01:29 |
|  10 |       UNION-ALL                                 |                               |       |       |            |          |
|  11 |        FILTER                                   |                               |       |       |            |          |
|  12 |         FILTER                                  |                               |       |       |            |          |
|  13 |          TABLE ACCESS STORAGE FULL              | T_ENNS                        |   245K|    64M|   160K  (1)| 00:00:07 |
|  14 |          FAST DUAL                              |                               |     1 |       |     2   (0)| 00:00:01 |
|  15 |         SORT GROUP BY NOSORT                    |                               |     1 |    72 |     4   (0)| 00:00:01 |
|  16 |          NESTED LOOPS OUTER                     |                               |     1 |    72 |     4   (0)| 00:00:01 |
|  17 |           NESTED LOOPS                          |                               |     1 |    50 |     3   (0)| 00:00:01 |
|  18 |            NESTED LOOPS                         |                               |     1 |    12 |     2   (0)| 00:00:01 |
|  19 |             INDEX UNIQUE SCAN                   | PK_T_USR                      |     1 |     6 |     1   (0)| 00:00:01 |
|  20 |             INDEX RANGE SCAN                    | IX_NVL_USR_MRGEMSTR_USR_ID    |     1 |     6 |     1   (0)| 00:00:01 |
|  21 |            TABLE ACCESS BY INDEX ROWID          | T_ENNS                        |     1 |    38 |     1   (0)| 00:00:01 |
|  22 |             INDEX RANGE SCAN                    | IX_ELNS_MEMBENLTDTDSNTDTSTTID |     2 |       |     1   (0)| 00:00:01 |
|  23 |           TABLE ACCESS BY INDEX ROWID           | T_ENNS                        |     1 |    22 |     1   (0)| 00:00:01 |
|  24 |            INDEX RANGE SCAN                     | IX_ELNS_MEMBENPENLTDSNDT      |     1 |       |     1   (0)| 00:00:01 |
|  25 |        FILTER                                   |                               |       |       |            |          |
|  26 |         FILTER                                  |                               |       |       |            |          |
|  27 |          TABLE ACCESS STORAGE FULL              | T_ENNS                        |   245K|    64M|   160K  (1)| 00:00:07 |
|  28 |          FAST DUAL                              |                               |     1 |       |     2   (0)| 00:00:01 |
|  29 |         SORT GROUP BY NOSORT                    |                               |     1 |    72 |     4   (0)| 00:00:01 |
|  30 |          NESTED LOOPS OUTER                     |                               |     1 |    72 |     4   (0)| 00:00:01 |
|  31 |           NESTED LOOPS                          |                               |     1 |    50 |     3   (0)| 00:00:01 |
|  32 |            NESTED LOOPS                         |                               |     1 |    12 |     2   (0)| 00:00:01 |
|  33 |             INDEX UNIQUE SCAN                   | PK_T_USR                      |     1 |     6 |     1   (0)| 00:00:01 |
|  34 |             INDEX RANGE SCAN                    | IX_NVL_USR_MRGEMSTR_USR_ID    |     1 |     6 |     1   (0)| 00:00:01 |
|  35 |            TABLE ACCESS BY INDEX ROWID          | T_ENNS                        |     1 |    38 |     1   (0)| 00:00:01 |
|  36 |             INDEX RANGE SCAN                    | IX_ELNS_MEMBENLTDTDSNTDTSTTID |     2 |       |     1   (0)| 00:00:01 |
|  37 |           TABLE ACCESS BY INDEX ROWID           | T_ENNS                        |     1 |    22 |     1   (0)| 00:00:01 |
|  38 |            INDEX RANGE SCAN                     | IX_ELNS_MEMBENPENLTDSNDT      |     1 |       |     1   (0)| 00:00:01 |
|  39 |     VIEW                                        |                               |    96 |  4392K|    82   (2)| 00:00:01 |
|  40 |      VIEW                                       |                               |    96 |  4391K|    14   (8)| 00:00:01 |
|  41 |       COUNT STOPKEY                             |                               |       |       |            |          |
|  42 |        VIEW                                     |                               |    96 |  4391K|    14   (8)| 00:00:01 |
|  43 |         SORT ORDER BY STOPKEY                   |                               |    96 | 74880 |    14   (8)| 00:00:01 |
|  44 |          NESTED LOOPS OUTER                     |                               |    96 | 74880 |    13   (0)| 00:00:01 |
|  45 |           NESTED LOOPS OUTER                    |                               |    96 | 72768 |    12   (0)| 00:00:01 |
|  46 |            NESTED LOOPS OUTER                   |                               |    96 | 70656 |    11   (0)| 00:00:01 |
|  47 |             NESTED LOOPS OUTER                  |                               |    96 | 68544 |    10   (0)| 00:00:01 |
|  48 |              NESTED LOOPS OUTER                 |                               |    96 | 65088 |     9   (0)| 00:00:01 |
|  49 |               NESTED LOOPS OUTER                |                               |    96 | 61728 |     8   (0)| 00:00:01 |
|  50 |                MERGE JOIN OUTER                 |                               |    96 | 59904 |     7   (0)| 00:00:01 |
|  51 |                 NESTED LOOPS OUTER              |                               |    96 | 56448 |     6   (0)| 00:00:01 |
|  52 |                  NESTED LOOPS OUTER             |                               |    96 | 53760 |     5   (0)| 00:00:01 |
|  53 |                   NESTED LOOPS OUTER            |                               |    96 | 52032 |     4   (0)| 00:00:01 |
|  54 |                    NESTED LOOPS OUTER           |                               |    96 | 49920 |     3   (0)| 00:00:01 |
|  55 |                     INLIST ITERATOR             |                               |       |       |            |          |
|  56 |                      TABLE ACCESS BY INDEX ROWID| T_SENTTSK                     |    97 | 48112 |     2   (0)| 00:00:01 |
|  57 |                       INDEX RANGE SCAN          | IX_SETK_OBJ_STT               |  1667 |       |     1   (0)| 00:00:01 |
|  58 |                     TABLE ACCESS BY INDEX ROWID | T_DDL_ITEM                    |     1 |    24 |     1   (0)| 00:00:01 |
|  59 |                      INDEX UNIQUE SCAN          | PK_T_DDL_ITEM                 |     1 |       |     1   (0)| 00:00:01 |
|  60 |                    TABLE ACCESS BY INDEX ROWID  | T_DDL_ITEM                    |     1 |    22 |     1   (0)| 00:00:01 |
|  61 |                     INDEX UNIQUE SCAN           | PK_T_DDL_ITEM                 |     1 |       |     1   (0)| 00:00:01 |
|  62 |                   TABLE ACCESS BY INDEX ROWID   | T_UM_BASE                     |     1 |    18 |     1   (0)| 00:00:01 |
|  63 |                    INDEX UNIQUE SCAN            | PK_T_UM_BASE                  |     1 |       |     1   (0)| 00:00:01 |
|  64 |                  TABLE ACCESS BY INDEX ROWID    | T_CM_BASEBASE                 |     1 |    28 |     1   (0)| 00:00:01 |
|  65 |                   INDEX UNIQUE SCAN             | PK_T_CM_BASEBASE              |     1 |       |     1   (0)| 00:00:01 |
|  66 |                 BUFFER SORT                     |                               |     1 |    36 |     6   (0)| 00:00:01 |
|  67 |                  TABLE ACCESS BY INDEX ROWID    | T_USR                         |     1 |    36 |     1   (0)| 00:00:01 |
|  68 |                   INDEX UNIQUE SCAN             | PK_T_USR                      |     1 |       |     1   (0)| 00:00:01 |
|  69 |                TABLE ACCESS BY INDEX ROWID      | T_USR                         |     1 |    19 |     1   (0)| 00:00:01 |
|  70 |                 INDEX UNIQUE SCAN               | PK_T_USR                      |     1 |       |     1   (0)| 00:00:01 |
|  71 |               TABLE ACCESS BY INDEX ROWID       | T_USR                         |     1 |    35 |     1   (0)| 00:00:01 |
|  72 |                INDEX UNIQUE SCAN                | PK_T_USR                      |     1 |       |     1   (0)| 00:00:01 |
|  73 |              TABLE ACCESS BY INDEX ROWID        | T_USR                         |     1 |    36 |     1   (0)| 00:00:01 |
|  74 |               INDEX UNIQUE SCAN                 | PK_T_USR                      |     1 |       |     1   (0)| 00:00:01 |
|  75 |             TABLE ACCESS BY INDEX ROWID         | T_USR                         |     1 |    22 |     1   (0)| 00:00:01 |
|  76 |              INDEX UNIQUE SCAN                  | PK_T_USR                      |     1 |       |     1   (0)| 00:00:01 |
|  77 |            TABLE ACCESS BY INDEX ROWID          | T_USR                         |     1 |    22 |     1   (0)| 00:00:01 |
|  78 |             INDEX UNIQUE SCAN                   | PK_T_USR                      |     1 |       |     1   (0)| 00:00:01 |
|  79 |           TABLE ACCESS BY INDEX ROWID           | T_USR                         |     1 |    22 |     1   (0)| 00:00:01 |
|  80 |            INDEX UNIQUE SCAN                    | PK_T_USR                      |     1 |       |     1   (0)| 00:00:01 |
|  81 |    TABLE ACCESS BY INDEX ROWID                  | T_BENSPKG                     |     1 |    12 |     1   (0)| 00:00:01 |
|  82 |     INDEX UNIQUE SCAN                           | PK_T_BENSPKG                  |     1 |       |     1   (0)| 00:00:01 |
|  83 |   TABLE ACCESS BY INDEX ROWID                   | T_USR                         |     1 |    22 |     1   (0)| 00:00:01 |
|  84 |    INDEX UNIQUE SCAN                            | PK_T_USR                      |     1 |       |     1   (0)| 00:00:01 |
---------------------------------------------------------------------------------------------------------------------------------

Query Block Name / Object Alias (identified by operation id):
-------------------------------------------------------------

   1 - SEL$4        / T_UM_BASE@SEL$4
   2 - SEL$4        / T_UM_BASE@SEL$4
   3 - SEL$5        / T_CM_BASEBASE@SEL$5
   4 - SEL$5        / T_CM_BASEBASE@SEL$5
   5 - SEL$0C04A374
   8 - SET$1        / ENROLLMENT@SEL$30
   9 - SET$1
  11 - SEL$35
  13 - SEL$35       / T_SRC_ENNS@SEL$35
  14 - SEL$40       / DUAL@SEL$40
  15 - SEL$5F185B4C
  19 - SEL$5F185B4C / T_ENNS_MASTERUSER@SEL$31
  20 - SEL$5F185B4C / T_ENNS_SLAVEUSER@SEL$31
  21 - SEL$5F185B4C / T_CURR_ENNS@SEL$32
  22 - SEL$5F185B4C / T_CURR_ENNS@SEL$32
  23 - SEL$5F185B4C / T_MAX_DISENROLLMENT_ENROLLMENT@SEL$33
  24 - SEL$5F185B4C / T_MAX_DISENROLLMENT_ENROLLMENT@SEL$33
  25 - SEL$42
  27 - SEL$42       / T_SRC_ENNS@SEL$42
  28 - SEL$43       / DUAL@SEL$43
  29 - SEL$CDBEA42D
  33 - SEL$CDBEA42D / T_ENNS_MASTERUSER@SEL$36
  34 - SEL$CDBEA42D / T_ENNS_SLAVEUSER@SEL$36
  35 - SEL$CDBEA42D / T_CURR_ENNS@SEL$37
  36 - SEL$CDBEA42D / T_CURR_ENNS@SEL$37
  37 - SEL$CDBEA42D / T_MAX_DISENROLLMENT_ENROLLMENT@SEL$38
  38 - SEL$CDBEA42D / T_MAX_DISENROLLMENT_ENROLLMENT@SEL$38
  39 - SEL$3        / INFO_WITH_MEMBER_ID@SEL$2
  40 - SEL$6        / INFO@SEL$3
  41 - SEL$6
  42 - SEL$2D594895 / from$_subquery$_005@SEL$6
  43 - SEL$2D594895
  56 - SEL$2D594895 / T@SEL$8
  57 - SEL$2D594895 / T@SEL$8
  58 - SEL$2D594895 / TASKTYPE@SEL$15
  59 - SEL$2D594895 / TASKTYPE@SEL$15
  60 - SEL$2D594895 / REASON@SEL$17
  61 - SEL$2D594895 / REASON@SEL$17
  62 - SEL$2D594895 / AUTH@SEL$21
  63 - SEL$2D594895 / AUTH@SEL$21
  64 - SEL$2D594895 / CASEORCM@SEL$19
  65 - SEL$2D594895 / CASEORCM@SEL$19
  67 - SEL$2D594895 / OWN@SEL$7
  68 - SEL$2D594895 / OWN@SEL$7
  69 - SEL$2D594895 / PROVIDER@SEL$23
  70 - SEL$2D594895 / PROVIDER@SEL$23
  71 - SEL$2D594895 / MEMBER@SEL$11
  72 - SEL$2D594895 / MEMBER@SEL$11
  73 - SEL$2D594895 / PREVOWNER@SEL$9
  74 - SEL$2D594895 / PREVOWNER@SEL$9
  75 - SEL$2D594895 / SENDER@SEL$27
  76 - SEL$2D594895 / SENDER@SEL$27
  77 - SEL$2D594895 / ORIGCREATOR@SEL$13
  78 - SEL$2D594895 / ORIGCREATOR@SEL$13
  79 - SEL$2D594895 / MOD@SEL$25
  80 - SEL$2D594895 / MOD@SEL$25
  81 - SEL$0C04A374 / BENEFIT@SEL$46
  82 - SEL$0C04A374 / BENEFIT@SEL$46
  83 - SEL$0C04A374 / AFFMEMBER@SEL$1
  84 - SEL$0C04A374 / AFFMEMBER@SEL$1

Outline Data
-------------

  /*+
      BEGIN_OUTLINE_DATA
      IGNORE_OPTIM_EMBEDDED_HINTS
      OPTIMIZER_FEATURES_ENABLE('12.1.0.2')
      DB_VERSION('12.1.0.2')
      OPT_PARAM('optimizer_index_cost_adj' 1)
      OPT_PARAM('optimizer_index_caching' 90)
      ALL_ROWS
      OUTLINE_LEAF(@"SEL$4")
      OUTLINE_LEAF(@"SEL$5")
      OUTLINE_LEAF(@"SEL$2D594895")
      MERGE(@"SEL$2DE0C8FF")
      OUTLINE_LEAF(@"SEL$6")
      OUTLINE_LEAF(@"SEL$3")
      OUTLINE_LEAF(@"SEL$40")
      OUTLINE_LEAF(@"SEL$5F185B4C")
      MERGE(@"SEL$6B15F4E0")
      OUTLINE_LEAF(@"SEL$35")
      OUTLINE_LEAF(@"SEL$43")
      OUTLINE_LEAF(@"SEL$CDBEA42D")
      MERGE(@"SEL$57BA8109")
      OUTLINE_LEAF(@"SEL$42")
      OUTLINE_LEAF(@"SET$1")
      OUTLINE_LEAF(@"SEL$0C04A374")
      MERGE(@"SEL$BC270230")
      OUTLINE(@"SEL$29")
      OUTLINE(@"SEL$2DE0C8FF")
      MERGE(@"SEL$27")
      MERGE(@"SEL$3B95C159")
      OUTLINE(@"SEL$41")
      OUTLINE(@"SEL$6B15F4E0")
      MERGE(@"SEL$78FE80F3")
      OUTLINE(@"SEL$44")
      OUTLINE(@"SEL$57BA8109")
      MERGE(@"SEL$516D3A01")
      OUTLINE(@"SEL$48")
      OUTLINE(@"SEL$BC270230")
      MERGE(@"SEL$409758B4")
      MERGE(@"SEL$46")
      OUTLINE(@"SEL$28")
      OUTLINE(@"SEL$27")
      OUTLINE(@"SEL$3B95C159")
      MERGE(@"SEL$25")
      MERGE(@"SEL$6D003707")
      OUTLINE(@"SEL$D570F096")
      MERGE(@"SEL$33")
      OUTLINE(@"SEL$78FE80F3")
      MERGE(@"SEL$31")
      OUTLINE(@"SEL$067B9A3E")
      MERGE(@"SEL$38")
      OUTLINE(@"SEL$516D3A01")
      MERGE(@"SEL$36")
      OUTLINE(@"SEL$47")
      OUTLINE(@"SEL$409758B4")
      MERGE(@"SEL$30")
      MERGE(@"SEL$58A6D7F6")
      OUTLINE(@"SEL$46")
      OUTLINE(@"SEL$26")
      OUTLINE(@"SEL$25")
      OUTLINE(@"SEL$6D003707")
      MERGE(@"SEL$23")
      MERGE(@"SEL$23FAB6D1")
      OUTLINE(@"SEL$34")
      OUTLINE(@"SEL$33")
      OUTLINE(@"SEL$32")
      OUTLINE(@"SEL$31")
      OUTLINE(@"SEL$39")
      OUTLINE(@"SEL$38")
      OUTLINE(@"SEL$37")
      OUTLINE(@"SEL$36")
      OUTLINE(@"SEL$45")
      OUTLINE(@"SEL$30")
      OUTLINE(@"SEL$58A6D7F6")
      MERGE(@"SEL$1")
      OUTLINE(@"SEL$24")
      OUTLINE(@"SEL$23")
      OUTLINE(@"SEL$23FAB6D1")
      MERGE(@"SEL$21")
      MERGE(@"SEL$97A30ECD")
      OUTLINE(@"SEL$2")
      OUTLINE(@"SEL$1")
      OUTLINE(@"SEL$22")
      OUTLINE(@"SEL$21")
      OUTLINE(@"SEL$97A30ECD")
      MERGE(@"SEL$19")
      MERGE(@"SEL$CF22A5CA")
      OUTLINE(@"SEL$20")
      OUTLINE(@"SEL$19")
      OUTLINE(@"SEL$CF22A5CA")
      MERGE(@"SEL$17")
      MERGE(@"SEL$FF97D7FC")
      OUTLINE(@"SEL$18")
      OUTLINE(@"SEL$17")
      OUTLINE(@"SEL$FF97D7FC")
      MERGE(@"SEL$15")
      MERGE(@"SEL$DE5D921C")
      OUTLINE(@"SEL$16")
      OUTLINE(@"SEL$15")
      OUTLINE(@"SEL$DE5D921C")
      MERGE(@"SEL$01DD7F33")
      MERGE(@"SEL$13")
      OUTLINE(@"SEL$14")
      OUTLINE(@"SEL$01DD7F33")
      MERGE(@"SEL$11")
      MERGE(@"SEL$BDFBA881")
      OUTLINE(@"SEL$13")
      OUTLINE(@"SEL$12")
      OUTLINE(@"SEL$11")
      OUTLINE(@"SEL$BDFBA881")
      MERGE(@"SEL$9")
      MERGE(@"SEL$FC56C448")
      OUTLINE(@"SEL$10")
      OUTLINE(@"SEL$9")
      OUTLINE(@"SEL$FC56C448")
      MERGE(@"SEL$7")
      OUTLINE(@"SEL$8")
      OUTLINE(@"SEL$7")
      NO_ACCESS(@"SEL$0C04A374" "INFO_WITH_MEMBER_ID"@"SEL$2")
      NO_ACCESS(@"SEL$0C04A374" "ENROLLMENT"@"SEL$30")
      INDEX_RS_ASC(@"SEL$0C04A374" "BENEFIT"@"SEL$46" ("T_BENSPKG"."BENP_ID"))
      INDEX_RS_ASC(@"SEL$0C04A374" "AFFMEMBER"@"SEL$1" ("T_USR"."USR_ID"))
      LEADING(@"SEL$0C04A374" "INFO_WITH_MEMBER_ID"@"SEL$2" "ENROLLMENT"@"SEL$30" "BENEFIT"@"SEL$46" "AFFMEMBER"@"SEL$1")
      USE_HASH(@"SEL$0C04A374" "ENROLLMENT"@"SEL$30")
      USE_NL(@"SEL$0C04A374" "BENEFIT"@"SEL$46")
      USE_NL(@"SEL$0C04A374" "AFFMEMBER"@"SEL$1")
      SWAP_JOIN_INPUTS(@"SEL$0C04A374" "ENROLLMENT"@"SEL$30")
      NO_ACCESS(@"SEL$3" "INFO"@"SEL$3")
      FULL(@"SEL$42" "T_SRC_ENNS"@"SEL$42")
      PQ_FILTER(@"SEL$42" SERIAL)
      FULL(@"SEL$35" "T_SRC_ENNS"@"SEL$35")
      PQ_FILTER(@"SEL$35" SERIAL)
      INDEX(@"SEL$5F185B4C" "T_ENNS_MASTERUSER"@"SEL$31" ("T_USR"."USR_ID"))
      INDEX(@"SEL$5F185B4C" "T_ENNS_SLAVEUSER"@"SEL$31" "IX_NVL_USR_MRGEMSTR_USR_ID")
      INDEX_RS_ASC(@"SEL$5F185B4C" "T_CURR_ENNS"@"SEL$32" "IX_ELNS_MEMBENLTDTDSNTDTSTTID")
      INDEX_RS_ASC(@"SEL$5F185B4C" "T_MAX_DISENROLLMENT_ENROLLMENT"@"SEL$33" "IX_ELNS_MEMBENPENLTDSNDT")
      LEADING(@"SEL$5F185B4C" "T_ENNS_MASTERUSER"@"SEL$31" "T_ENNS_SLAVEUSER"@"SEL$31" "T_CURR_ENNS"@"SEL$32"
              "T_MAX_DISENROLLMENT_ENROLLMENT"@"SEL$33")
      USE_NL(@"SEL$5F185B4C" "T_ENNS_SLAVEUSER"@"SEL$31")
      USE_NL(@"SEL$5F185B4C" "T_CURR_ENNS"@"SEL$32")
      USE_NL(@"SEL$5F185B4C" "T_MAX_DISENROLLMENT_ENROLLMENT"@"SEL$33")
      INDEX(@"SEL$CDBEA42D" "T_ENNS_MASTERUSER"@"SEL$36" ("T_USR"."USR_ID"))
      INDEX(@"SEL$CDBEA42D" "T_ENNS_SLAVEUSER"@"SEL$36" "IX_NVL_USR_MRGEMSTR_USR_ID")
      INDEX_RS_ASC(@"SEL$CDBEA42D" "T_CURR_ENNS"@"SEL$37" "IX_ELNS_MEMBENLTDTDSNTDTSTTID")
      INDEX_RS_ASC(@"SEL$CDBEA42D" "T_MAX_DISENROLLMENT_ENROLLMENT"@"SEL$38" "IX_ELNS_MEMBENPENLTDSNDT")
      LEADING(@"SEL$CDBEA42D" "T_ENNS_MASTERUSER"@"SEL$36" "T_ENNS_SLAVEUSER"@"SEL$36" "T_CURR_ENNS"@"SEL$37"
              "T_MAX_DISENROLLMENT_ENROLLMENT"@"SEL$38")
      USE_NL(@"SEL$CDBEA42D" "T_ENNS_SLAVEUSER"@"SEL$36")
      USE_NL(@"SEL$CDBEA42D" "T_CURR_ENNS"@"SEL$37")
      USE_NL(@"SEL$CDBEA42D" "T_MAX_DISENROLLMENT_ENROLLMENT"@"SEL$38")
      NO_ACCESS(@"SEL$6" "from$_subquery$_005"@"SEL$6")
      INDEX_RS_ASC(@"SEL$2D594895" "T"@"SEL$8" ("T_SENTTSK"."SETK_OBJ_STT"))
      INDEX_RS_ASC(@"SEL$2D594895" "TASKTYPE"@"SEL$15" ("T_DDL_ITEM"."DDLI_ID"))
      INDEX_RS_ASC(@"SEL$2D594895" "REASON"@"SEL$17" ("T_DDL_ITEM"."DDLI_ID"))
      INDEX_RS_ASC(@"SEL$2D594895" "AUTH"@"SEL$21" ("T_UM_BASE"."UMBS_ID"))
      INDEX_RS_ASC(@"SEL$2D594895" "CASEORCM"@"SEL$19" ("T_CM_BASEBASE"."CMBB_ID"))
      INDEX_RS_ASC(@"SEL$2D594895" "OWN"@"SEL$7" ("T_USR"."USR_ID"))
      INDEX_RS_ASC(@"SEL$2D594895" "PROVIDER"@"SEL$23" ("T_USR"."USR_ID"))
      INDEX_RS_ASC(@"SEL$2D594895" "MEMBER"@"SEL$11" ("T_USR"."USR_ID"))
      INDEX_RS_ASC(@"SEL$2D594895" "PREVOWNER"@"SEL$9" ("T_USR"."USR_ID"))
      INDEX_RS_ASC(@"SEL$2D594895" "SENDER"@"SEL$27" ("T_USR"."USR_ID"))
      INDEX_RS_ASC(@"SEL$2D594895" "ORIGCREATOR"@"SEL$13" ("T_USR"."USR_ID"))
      INDEX_RS_ASC(@"SEL$2D594895" "MOD"@"SEL$25" ("T_USR"."USR_ID"))
      LEADING(@"SEL$2D594895" "T"@"SEL$8" "TASKTYPE"@"SEL$15" "REASON"@"SEL$17" "AUTH"@"SEL$21" "CASEORCM"@"SEL$19"
              "OWN"@"SEL$7" "PROVIDER"@"SEL$23" "MEMBER"@"SEL$11" "PREVOWNER"@"SEL$9" "SENDER"@"SEL$27" "ORIGCREATOR"@"SEL$13"
              "MOD"@"SEL$25")
      USE_NL(@"SEL$2D594895" "TASKTYPE"@"SEL$15")
      USE_NL(@"SEL$2D594895" "REASON"@"SEL$17")
      USE_NL(@"SEL$2D594895" "AUTH"@"SEL$21")
      USE_NL(@"SEL$2D594895" "CASEORCM"@"SEL$19")
      USE_MERGE_CARTESIAN(@"SEL$2D594895" "OWN"@"SEL$7")
      USE_NL(@"SEL$2D594895" "PROVIDER"@"SEL$23")
      USE_NL(@"SEL$2D594895" "MEMBER"@"SEL$11")
      USE_NL(@"SEL$2D594895" "PREVOWNER"@"SEL$9")
      USE_NL(@"SEL$2D594895" "SENDER"@"SEL$27")
      USE_NL(@"SEL$2D594895" "ORIGCREATOR"@"SEL$13")
      USE_NL(@"SEL$2D594895" "MOD"@"SEL$25")
      INDEX_RS_ASC(@"SEL$5" "T_CM_BASEBASE"@"SEL$5" ("T_CM_BASEBASE"."CMBB_ID"))
      INDEX_RS_ASC(@"SEL$4" "T_UM_BASE"@"SEL$4" ("T_UM_BASE"."UMBS_ID"))
      END_OUTLINE_DATA
  */

Peeked Binds (identified by position):
--------------------------------------

   1 - :SYS_B_0 (NUMBER): 2
   2 - :1 (NUMBER): 11640563
   3 - :2 (NUMBER): 1
   4 - :3 (NUMBER): 3
   5 - :4 (NUMBER): 905
   6 - :5 (NUMBER): 906
   7 - :6 (NUMBER): 907
   8 - :7 (NUMBER): 908
   9 - :8 (NUMBER): 911
  10 - :9 (NUMBER): 912
  11 - :10 (NUMBER): 913
  12 - :SYS_B_1 (NUMBER): 500
  13 - :SYS_B_2 (VARCHAR2(30), CSID=178): '2020.12.12'
  14 - :SYS_B_3 (VARCHAR2(30), CSID=178): 'yyyy.MM.dd'

Note
-----
   - dynamic statistics used: dynamic sampling (level=2)
   - 5 Sql Plan Directives used for this statement

SQL_ID 0sjx29v99zfqc
--------------------
SELECT INFO_WITH_MEMBER_ID.*,     enrollment.ELNS_INSCPRSRGRP
ipgGroupId,     benefit.BENP_LWSTLVL_PRODCAT productCategoryId,
affMember.USR_FRSTNAM affiliatedMemberFirstName,
affMember.USR_LAS_NAM affiliatedMemberLastName FROM (   SELECT INFO.*,
   CASE     WHEN INFO.memberAffiliationId IS NOT NULL THEN
(INFO.memberAffiliationId)     WHEN INFO.authAffiliationId IS NOT NULL
THEN (SELECT UMBS_MEMB FROM T_UM_BASE WHERE
UMBS_ID=INFO.authAffiliationId)     WHEN
INFO.careManagementAffiliationId IS NOT NULL THEN (SELECT CMBS_MEMB
FROM T_CM_BASEBASE WHERE CMBB_ID=INFO.careManagementAffiliationId)
WHEN INFO.providerAffiliationId IS NOT NULL THEN
(INFO.providerAffiliationId)     ELSE (NULL)     END
affiliatedMemberId   FROM (   SELECT * FROM (     SELECT
T.SETK_ID AS id,         T.SETK_C4C_ID AS c4cId,         T.SETK_UNIVID
AS universalId,         taskType.TSKT_RCPTTYP AS categoryId,
T.SETK_TSK_TYP AS taskTypeId,         taskType.DDLI_LBL AS
taskTypeLabel,         T.SETK_TSK_NAM AS taskName,         T.SETK_SUBJ
AS subject,         T.SETK_CRTD AS createDate,         T.SETK_SENT AS
sentDate,         T.SETK_SRTD AS startedDate,
T.SETK_TSK_TIMG_STRTDT AS startDate,         T.SETK_TSK_TIMG_SCLDAT AS
startDateSeconds,         T.SETK_TSK_TIMG_DDLN_DT AS dueDate,
T.SETK_TSK_TIMG_DDLN_TIM_IN_DY AS dueDateSeconds,         T.SETK_OWNR
AS ownerId,         own.USR_FRSTNAM AS ownerFirstName,
own.USR_LAS_NAM AS ownerLastName,         own.CLASSTYPE AS ownerType,
      T.SETK_OBJ_STT AS status,         T.SETK_AFFN_MEMB AS
memberAffiliationId,         member.USR_C4C_ID AS memberC4cId,
member.USR_FRSTNAM AS memberFirstName,         member.USR_LAS_NAM AS
memberLastName,         T.SETK_AFFN_CM AS careManagementAffiliationId,
       caseOrCm.CMBB_C4C_ID AS caseOrCmC4cId,
T.SETK_AFFN_UM_EVNT AS authAffiliationId,         auth.UMBS_C4C_ID AS
authAffiliationC4cId,         T.SETK_AFFN_PVDR AS
providerAffiliationId,         provider.USR_C4C_ID AS providerC4cId,
     T.SETK_TSK_TIMG_SNLTDT AS startNoLaterThanDate,
T.SETK_CNCLRESN AS cancelReasonId,         T.SETK_ORIGCRTR AS
originalCreatorId,         origCreator.USR_FRSTNAM AS
originalCreatorFirstName,         origCreator.USR_LAS_NAM AS
originalCreatorLastName,         caseOrCm.CLASSTYPE AS
caseOrCmClasstype,         T.SETK_TSK_DSCN AS description,
T.SETK_CMPD AS completedDate,         T.SETK_LAS_ACT_TIM AS
lastActionDate,         mod.USR_FRSTNAM lastModifiedByFirstName,
 mod.USR_LAS_NAM lastModifiedByLastName,         T.SETK_PRVSOWNR AS
previousOwnerId,         prevOwner.USR_FRSTNAM AS
previousOwnerFirstName,         prevOwner.USR_LAS_NAM AS
previousOwnerLastName,         prevOwner.CLASSTYPE AS
previousOwnerType,         CASE             WHEN
T.SETK_TSK_TIMG_DDLN_DT IS NOT NULL THEN (T.SETK_TSK_TIMG_DDLN_DT)
       WHEN T.SETK_TSK_TIMG_STRTDT IS NOT NULL THEN
(T.SETK_TSK_TIMG_STRTDT)             WHEN T.SETK_TSK_TIMG_SNLTDT IS NOT
NULL THEN (T.SETK_TSK_TIMG_SNLTDT)             ELSE (NULL)         END
       filterDate,         sender.USR_FRSTNAM fromUserFirstName,
 sender.USR_LAS_NAM fromUserLastName,         T.SETK_RESCHEDULE_REASON
AS rescheduleReason,         reason.DDLI_LBL AS rescheduleReasonLabel,
       T.SETK_RESCHEDULE_COMMENT AS rescheduleComment       FROM
T_SENTTSK T       LEFT OUTER JOIN T_USR own ON own.USR_ID=T.SETK_OWNR
    LEFT OUTER JOIN T_USR prevOwner ON prevOwner.USR_ID=T.SETK_PRVSOWNR
      LEFT OUTER JOIN T_USR member ON member.USR_ID=T.SETK_AFFN_MEMB
   LEFT OUTER JOIN T_USR origCreator ON
origCreator.USR_ID=T.SETK_ORIGCRTR       LEFT OUTER JOIN T_DDL_ITEM
taskType ON taskType.DDLI_ID=T.SETK_TSK_TYP       LEFT OUTER JOIN
T_DDL_ITEM reason ON reason.DDLI_ID=T.SETK_RESCHEDULE_REASON       LEFT
OUTER JOIN T_CM_BASEBASE caseOrCm ON caseOrCm.CMBB_ID=T.SETK_AFFN_CM
   LEFT OUTER JOIN T_UM_BASE auth ON auth.UMBS_ID=T.SETK_AFFN_UM_EVNT
    LEFT OUTER JOIN T_USR provider

Plan hash value: 1707006562

---------------------------------------------------------------------------------------------------------------------------------
| Id  | Operation                                       | Name                          | Rows  | Bytes | Cost (%CPU)| Time     |
---------------------------------------------------------------------------------------------------------------------------------
|   0 | SELECT STATEMENT                                |                               |       |       |  2287K(100)|          |
|   1 |  TABLE ACCESS BY INDEX ROWID                    | T_UM_BASE                     |     1 |    12 |     1   (0)| 00:00:01 |
|   2 |   INDEX UNIQUE SCAN                             | PK_T_UM_BASE                  |     1 |       |     1   (0)| 00:00:01 |
|   3 |   TABLE ACCESS BY INDEX ROWID                   | T_CM_BASEBASE                 |     1 |    12 |     1   (0)| 00:00:01 |
|   4 |    INDEX UNIQUE SCAN                            | PK_T_CM_BASEBASE              |     1 |       |     1   (0)| 00:00:01 |
|   5 |  NESTED LOOPS OUTER                             |                               |    49 |  2245K|  2287K  (1)| 00:01:30 |
|   6 |   NESTED LOOPS OUTER                            |                               |    49 |  2244K|  2287K  (1)| 00:01:30 |
|   7 |    HASH JOIN RIGHT OUTER                        |                               |    49 |  2243K|  2287K  (1)| 00:01:30 |
|   8 |     VIEW                                        | V_CURR_ENROLLMENT             |     2 |    78 |  2287K  (1)| 00:01:30 |
|   9 |      SORT UNIQUE                                |                               |     2 |  1092 |  2287K  (1)| 00:01:30 |
|  10 |       UNION-ALL                                 |                               |       |       |            |          |
|  11 |        FILTER                                   |                               |       |       |            |          |
|  12 |         FILTER                                  |                               |       |       |            |          |
|  13 |          TABLE ACCESS STORAGE FULL              | T_ENNS                        |   249K|    64M|   160K  (1)| 00:00:07 |
|  14 |          FAST DUAL                              |                               |     1 |       |     2   (0)| 00:00:01 |
|  15 |         SORT GROUP BY NOSORT                    |                               |     1 |    72 |     4   (0)| 00:00:01 |
|  16 |          NESTED LOOPS OUTER                     |                               |     1 |    72 |     4   (0)| 00:00:01 |
|  17 |           NESTED LOOPS                          |                               |     1 |    50 |     3   (0)| 00:00:01 |
|  18 |            NESTED LOOPS                         |                               |     1 |    12 |     2   (0)| 00:00:01 |
|  19 |             INDEX UNIQUE SCAN                   | PK_T_USR                      |     1 |     6 |     1   (0)| 00:00:01 |
|  20 |             INDEX RANGE SCAN                    | IX_NVL_USR_MRGEMSTR_USR_ID    |     1 |     6 |     1   (0)| 00:00:01 |
|  21 |            TABLE ACCESS BY INDEX ROWID          | T_ENNS                        |     1 |    38 |     1   (0)| 00:00:01 |
|  22 |             INDEX RANGE SCAN                    | IX_ELNS_MEMBENLTDTDSNTDTSTTID |     2 |       |     1   (0)| 00:00:01 |
|  23 |           TABLE ACCESS BY INDEX ROWID           | T_ENNS                        |     1 |    22 |     1   (0)| 00:00:01 |
|  24 |            INDEX RANGE SCAN                     | IX_ELNS_MEMBENLTDTDSNTDTID    |     1 |       |     1   (0)| 00:00:01 |
|  25 |        FILTER                                   |                               |       |       |            |          |
|  26 |         FILTER                                  |                               |       |       |            |          |
|  27 |          TABLE ACCESS STORAGE FULL              | T_ENNS                        |   249K|    64M|   160K  (1)| 00:00:07 |
|  28 |          FAST DUAL                              |                               |     1 |       |     2   (0)| 00:00:01 |
|  29 |         SORT GROUP BY NOSORT                    |                               |     1 |    72 |     4   (0)| 00:00:01 |
|  30 |          NESTED LOOPS OUTER                     |                               |     1 |    72 |     4   (0)| 00:00:01 |
|  31 |           NESTED LOOPS                          |                               |     1 |    50 |     3   (0)| 00:00:01 |
|  32 |            NESTED LOOPS                         |                               |     1 |    12 |     2   (0)| 00:00:01 |
|  33 |             INDEX UNIQUE SCAN                   | PK_T_USR                      |     1 |     6 |     1   (0)| 00:00:01 |
|  34 |             INDEX RANGE SCAN                    | IX_NVL_USR_MRGEMSTR_USR_ID    |     1 |     6 |     1   (0)| 00:00:01 |
|  35 |            TABLE ACCESS BY INDEX ROWID          | T_ENNS                        |     1 |    38 |     1   (0)| 00:00:01 |
|  36 |             INDEX RANGE SCAN                    | IX_ELNS_MEMBENLTDTDSNTDTSTTID |     2 |       |     1   (0)| 00:00:01 |
|  37 |           TABLE ACCESS BY INDEX ROWID           | T_ENNS                        |     1 |    22 |     1   (0)| 00:00:01 |
|  38 |            INDEX RANGE SCAN                     | IX_ELNS_MEMBENLTDTDSNTDTID    |     1 |       |     1   (0)| 00:00:01 |
|  39 |     VIEW                                        |                               |    49 |  2241K|    59   (2)| 00:00:01 |
|  40 |      VIEW                                       |                               |    49 |  2241K|    15   (7)| 00:00:01 |
|  41 |       COUNT STOPKEY                             |                               |       |       |            |          |
|  42 |        VIEW                                     |                               |    49 |  2241K|    15   (7)| 00:00:01 |
|  43 |         SORT ORDER BY STOPKEY                   |                               |    49 | 38122 |    15   (7)| 00:00:01 |
|  44 |          NESTED LOOPS OUTER                     |                               |    49 | 38122 |    14   (0)| 00:00:01 |
|  45 |           NESTED LOOPS OUTER                    |                               |    49 | 37044 |    13   (0)| 00:00:01 |
|  46 |            NESTED LOOPS OUTER                   |                               |    49 | 35966 |    12   (0)| 00:00:01 |
|  47 |             NESTED LOOPS OUTER                  |                               |    49 | 34790 |    11   (0)| 00:00:01 |
|  48 |              NESTED LOOPS OUTER                 |                               |    49 | 33418 |    10   (0)| 00:00:01 |
|  49 |               NESTED LOOPS OUTER                |                               |    49 | 32340 |     9   (0)| 00:00:01 |
|  50 |                NESTED LOOPS OUTER               |                               |    49 | 30576 |     8   (0)| 00:00:01 |
|  51 |                 NESTED LOOPS OUTER              |                               |    49 | 28861 |     7   (0)| 00:00:01 |
|  52 |                  NESTED LOOPS OUTER             |                               |    49 | 27783 |     6   (0)| 00:00:01 |
|  53 |                   NESTED LOOPS OUTER            |                               |    49 | 26901 |     5   (0)| 00:00:01 |
|  54 |                    MERGE JOIN OUTER             |                               |    49 | 25970 |     4   (0)| 00:00:01 |
|  55 |                     INLIST ITERATOR             |                               |       |       |            |          |
|  56 |                      TABLE ACCESS BY INDEX ROWID| T_SENTTSK                     |    49 | 24206 |     3   (0)| 00:00:01 |
|  57 |                       INDEX RANGE SCAN          | IX_SETK_OBJ_STT               |  1896 |       |     1   (0)| 00:00:01 |
|  58 |                     BUFFER SORT                 |                               |     1 |    36 |     1   (0)| 00:00:01 |
|  59 |                      TABLE ACCESS BY INDEX ROWID| T_USR                         |     1 |    36 |     1   (0)| 00:00:01 |
|  60 |                       INDEX UNIQUE SCAN         | PK_T_USR                      |     1 |       |     1   (0)| 00:00:01 |
|  61 |                    TABLE ACCESS BY INDEX ROWID  | T_USR                         |     1 |    19 |     1   (0)| 00:00:01 |
|  62 |                     INDEX UNIQUE SCAN           | PK_T_USR                      |     1 |       |     1   (0)| 00:00:01 |
|  63 |                   TABLE ACCESS BY INDEX ROWID   | T_UM_BASE                     |     1 |    18 |     1   (0)| 00:00:01 |
|  64 |                    INDEX UNIQUE SCAN            | PK_T_UM_BASE                  |     1 |       |     1   (0)| 00:00:01 |
|  65 |                  TABLE ACCESS BY INDEX ROWID    | T_DDL_ITEM                    |     1 |    22 |     1   (0)| 00:00:01 |
|  66 |                   INDEX UNIQUE SCAN             | PK_T_DDL_ITEM                 |     1 |       |     1   (0)| 00:00:01 |
|  67 |                 TABLE ACCESS BY INDEX ROWID     | T_USR                         |     1 |    35 |     1   (0)| 00:00:01 |
|  68 |                  INDEX UNIQUE SCAN              | PK_T_USR                      |     1 |       |     1   (0)| 00:00:01 |
|  69 |                TABLE ACCESS BY INDEX ROWID      | T_USR                         |     1 |    36 |     1   (0)| 00:00:01 |
|  70 |                 INDEX UNIQUE SCAN               | PK_T_USR                      |     1 |       |     1   (0)| 00:00:01 |
|  71 |               TABLE ACCESS BY INDEX ROWID       | T_USR                         |     1 |    22 |     1   (0)| 00:00:01 |
|  72 |                INDEX UNIQUE SCAN                | PK_T_USR                      |     1 |       |     1   (0)| 00:00:01 |
|  73 |              TABLE ACCESS BY INDEX ROWID        | T_CM_BASEBASE                 |     1 |    28 |     1   (0)| 00:00:01 |
|  74 |               INDEX UNIQUE SCAN                 | PK_T_CM_BASEBASE              |     1 |       |     1   (0)| 00:00:01 |
|  75 |             TABLE ACCESS BY INDEX ROWID         | T_DDL_ITEM                    |     1 |    24 |     1   (0)| 00:00:01 |
|  76 |              INDEX UNIQUE SCAN                  | PK_T_DDL_ITEM                 |     1 |       |     1   (0)| 00:00:01 |
|  77 |            TABLE ACCESS BY INDEX ROWID          | T_USR                         |     1 |    22 |     1   (0)| 00:00:01 |
|  78 |             INDEX UNIQUE SCAN                   | PK_T_USR                      |     1 |       |     1   (0)| 00:00:01 |
|  79 |           TABLE ACCESS BY INDEX ROWID           | T_USR                         |     1 |    22 |     1   (0)| 00:00:01 |
|  80 |            INDEX UNIQUE SCAN                    | PK_T_USR                      |     1 |       |     1   (0)| 00:00:01 |
|  81 |    TABLE ACCESS BY INDEX ROWID                  | T_BENSPKG                     |     1 |    12 |     1   (0)| 00:00:01 |
|  82 |     INDEX UNIQUE SCAN                           | PK_T_BENSPKG                  |     1 |       |     1   (0)| 00:00:01 |
|  83 |   TABLE ACCESS BY INDEX ROWID                   | T_USR                         |     1 |    22 |     1   (0)| 00:00:01 |
|  84 |    INDEX UNIQUE SCAN                            | PK_T_USR                      |     1 |       |     1   (0)| 00:00:01 |
---------------------------------------------------------------------------------------------------------------------------------

Query Block Name / Object Alias (identified by operation id):
-------------------------------------------------------------

   1 - SEL$4        / T_UM_BASE@SEL$4
   2 - SEL$4        / T_UM_BASE@SEL$4
   3 - SEL$5        / T_CM_BASEBASE@SEL$5
   4 - SEL$5        / T_CM_BASEBASE@SEL$5
   5 - SEL$0C04A374
   8 - SET$1        / ENROLLMENT@SEL$30
   9 - SET$1
  11 - SEL$35
  13 - SEL$35       / T_SRC_ENNS@SEL$35
  14 - SEL$40       / DUAL@SEL$40
  15 - SEL$5F185B4C
  19 - SEL$5F185B4C / T_ENNS_MASTERUSER@SEL$31
  20 - SEL$5F185B4C / T_ENNS_SLAVEUSER@SEL$31
  21 - SEL$5F185B4C / T_CURR_ENNS@SEL$32
  22 - SEL$5F185B4C / T_CURR_ENNS@SEL$32
  23 - SEL$5F185B4C / T_MAX_DISENROLLMENT_ENROLLMENT@SEL$33
  24 - SEL$5F185B4C / T_MAX_DISENROLLMENT_ENROLLMENT@SEL$33
  25 - SEL$42
  27 - SEL$42       / T_SRC_ENNS@SEL$42
  28 - SEL$43       / DUAL@SEL$43
  29 - SEL$CDBEA42D
  33 - SEL$CDBEA42D / T_ENNS_MASTERUSER@SEL$36
  34 - SEL$CDBEA42D / T_ENNS_SLAVEUSER@SEL$36
  35 - SEL$CDBEA42D / T_CURR_ENNS@SEL$37
  36 - SEL$CDBEA42D / T_CURR_ENNS@SEL$37
  37 - SEL$CDBEA42D / T_MAX_DISENROLLMENT_ENROLLMENT@SEL$38
  38 - SEL$CDBEA42D / T_MAX_DISENROLLMENT_ENROLLMENT@SEL$38
  39 - SEL$3        / INFO_WITH_MEMBER_ID@SEL$2
  40 - SEL$6        / INFO@SEL$3
  41 - SEL$6
  42 - SEL$2D594895 / from$_subquery$_005@SEL$6
  43 - SEL$2D594895
  56 - SEL$2D594895 / T@SEL$8
  57 - SEL$2D594895 / T@SEL$8
  59 - SEL$2D594895 / OWN@SEL$7
  60 - SEL$2D594895 / OWN@SEL$7
  61 - SEL$2D594895 / PROVIDER@SEL$23
  62 - SEL$2D594895 / PROVIDER@SEL$23
  63 - SEL$2D594895 / AUTH@SEL$21
  64 - SEL$2D594895 / AUTH@SEL$21
  65 - SEL$2D594895 / REASON@SEL$17
  66 - SEL$2D594895 / REASON@SEL$17
  67 - SEL$2D594895 / MEMBER@SEL$11
  68 - SEL$2D594895 / MEMBER@SEL$11
  69 - SEL$2D594895 / PREVOWNER@SEL$9
  70 - SEL$2D594895 / PREVOWNER@SEL$9
  71 - SEL$2D594895 / SENDER@SEL$27
  72 - SEL$2D594895 / SENDER@SEL$27
  73 - SEL$2D594895 / CASEORCM@SEL$19
  74 - SEL$2D594895 / CASEORCM@SEL$19
  75 - SEL$2D594895 / TASKTYPE@SEL$15
  76 - SEL$2D594895 / TASKTYPE@SEL$15
  77 - SEL$2D594895 / ORIGCREATOR@SEL$13
  78 - SEL$2D594895 / ORIGCREATOR@SEL$13
  79 - SEL$2D594895 / MOD@SEL$25
  80 - SEL$2D594895 / MOD@SEL$25
  81 - SEL$0C04A374 / BENEFIT@SEL$46
  82 - SEL$0C04A374 / BENEFIT@SEL$46
  83 - SEL$0C04A374 / AFFMEMBER@SEL$1
  84 - SEL$0C04A374 / AFFMEMBER@SEL$1

Outline Data
-------------

  /*+
      BEGIN_OUTLINE_DATA
      IGNORE_OPTIM_EMBEDDED_HINTS
      OPTIMIZER_FEATURES_ENABLE('12.1.0.2')
      DB_VERSION('12.1.0.2')
      OPT_PARAM('optimizer_index_cost_adj' 1)
      OPT_PARAM('optimizer_index_caching' 90)
      ALL_ROWS
      OUTLINE_LEAF(@"SEL$4")
      OUTLINE_LEAF(@"SEL$5")
      OUTLINE_LEAF(@"SEL$2D594895")
      MERGE(@"SEL$2DE0C8FF")
      OUTLINE_LEAF(@"SEL$6")
      OUTLINE_LEAF(@"SEL$3")
      OUTLINE_LEAF(@"SEL$40")
      OUTLINE_LEAF(@"SEL$5F185B4C")
      MERGE(@"SEL$6B15F4E0")
      OUTLINE_LEAF(@"SEL$35")
      OUTLINE_LEAF(@"SEL$43")
      OUTLINE_LEAF(@"SEL$CDBEA42D")
      MERGE(@"SEL$57BA8109")
      OUTLINE_LEAF(@"SEL$42")
      OUTLINE_LEAF(@"SET$1")
      OUTLINE_LEAF(@"SEL$0C04A374")
      MERGE(@"SEL$BC270230")
      OUTLINE(@"SEL$29")
      OUTLINE(@"SEL$2DE0C8FF")
      MERGE(@"SEL$27")
      MERGE(@"SEL$3B95C159")
      OUTLINE(@"SEL$41")
      OUTLINE(@"SEL$6B15F4E0")
      MERGE(@"SEL$78FE80F3")
      OUTLINE(@"SEL$44")
      OUTLINE(@"SEL$57BA8109")
      MERGE(@"SEL$516D3A01")
      OUTLINE(@"SEL$48")
      OUTLINE(@"SEL$BC270230")
      MERGE(@"SEL$409758B4")
      MERGE(@"SEL$46")
      OUTLINE(@"SEL$28")
      OUTLINE(@"SEL$27")
      OUTLINE(@"SEL$3B95C159")
      MERGE(@"SEL$25")
      MERGE(@"SEL$6D003707")
      OUTLINE(@"SEL$D570F096")
      MERGE(@"SEL$33")
      OUTLINE(@"SEL$78FE80F3")
      MERGE(@"SEL$31")
      OUTLINE(@"SEL$067B9A3E")
      MERGE(@"SEL$38")
      OUTLINE(@"SEL$516D3A01")
      MERGE(@"SEL$36")
      OUTLINE(@"SEL$47")
      OUTLINE(@"SEL$409758B4")
      MERGE(@"SEL$30")
      MERGE(@"SEL$58A6D7F6")
      OUTLINE(@"SEL$46")
      OUTLINE(@"SEL$26")
      OUTLINE(@"SEL$25")
      OUTLINE(@"SEL$6D003707")
      MERGE(@"SEL$23")
      MERGE(@"SEL$23FAB6D1")
      OUTLINE(@"SEL$34")
      OUTLINE(@"SEL$33")
      OUTLINE(@"SEL$32")
      OUTLINE(@"SEL$31")
      OUTLINE(@"SEL$39")
      OUTLINE(@"SEL$38")
      OUTLINE(@"SEL$37")
      OUTLINE(@"SEL$36")
      OUTLINE(@"SEL$45")
      OUTLINE(@"SEL$30")
      OUTLINE(@"SEL$58A6D7F6")
      MERGE(@"SEL$1")
      OUTLINE(@"SEL$24")
      OUTLINE(@"SEL$23")
      OUTLINE(@"SEL$23FAB6D1")
      MERGE(@"SEL$21")
      MERGE(@"SEL$97A30ECD")
      OUTLINE(@"SEL$2")
      OUTLINE(@"SEL$1")
      OUTLINE(@"SEL$22")
      OUTLINE(@"SEL$21")
      OUTLINE(@"SEL$97A30ECD")
      MERGE(@"SEL$19")
      MERGE(@"SEL$CF22A5CA")
      OUTLINE(@"SEL$20")
      OUTLINE(@"SEL$19")
      OUTLINE(@"SEL$CF22A5CA")
      MERGE(@"SEL$17")
      MERGE(@"SEL$FF97D7FC")
      OUTLINE(@"SEL$18")
      OUTLINE(@"SEL$17")
      OUTLINE(@"SEL$FF97D7FC")
      MERGE(@"SEL$15")
      MERGE(@"SEL$DE5D921C")
      OUTLINE(@"SEL$16")
      OUTLINE(@"SEL$15")
      OUTLINE(@"SEL$DE5D921C")
      MERGE(@"SEL$01DD7F33")
      MERGE(@"SEL$13")
      OUTLINE(@"SEL$14")
      OUTLINE(@"SEL$01DD7F33")
      MERGE(@"SEL$11")
      MERGE(@"SEL$BDFBA881")
      OUTLINE(@"SEL$13")
      OUTLINE(@"SEL$12")
      OUTLINE(@"SEL$11")
      OUTLINE(@"SEL$BDFBA881")
      MERGE(@"SEL$9")
      MERGE(@"SEL$FC56C448")
      OUTLINE(@"SEL$10")
      OUTLINE(@"SEL$9")
      OUTLINE(@"SEL$FC56C448")
      MERGE(@"SEL$7")
      OUTLINE(@"SEL$8")
      OUTLINE(@"SEL$7")
      NO_ACCESS(@"SEL$0C04A374" "INFO_WITH_MEMBER_ID"@"SEL$2")
      NO_ACCESS(@"SEL$0C04A374" "ENROLLMENT"@"SEL$30")
      INDEX_RS_ASC(@"SEL$0C04A374" "BENEFIT"@"SEL$46" ("T_BENSPKG"."BENP_ID"))
      INDEX_RS_ASC(@"SEL$0C04A374" "AFFMEMBER"@"SEL$1" ("T_USR"."USR_ID"))
      LEADING(@"SEL$0C04A374" "INFO_WITH_MEMBER_ID"@"SEL$2" "ENROLLMENT"@"SEL$30" "BENEFIT"@"SEL$46" "AFFMEMBER"@"SEL$1")
      USE_HASH(@"SEL$0C04A374" "ENROLLMENT"@"SEL$30")
      USE_NL(@"SEL$0C04A374" "BENEFIT"@"SEL$46")
      USE_NL(@"SEL$0C04A374" "AFFMEMBER"@"SEL$1")
      SWAP_JOIN_INPUTS(@"SEL$0C04A374" "ENROLLMENT"@"SEL$30")
      NO_ACCESS(@"SEL$3" "INFO"@"SEL$3")
      FULL(@"SEL$42" "T_SRC_ENNS"@"SEL$42")
      PQ_FILTER(@"SEL$42" SERIAL)
      FULL(@"SEL$35" "T_SRC_ENNS"@"SEL$35")
      PQ_FILTER(@"SEL$35" SERIAL)
      INDEX(@"SEL$5F185B4C" "T_ENNS_MASTERUSER"@"SEL$31" ("T_USR"."USR_ID"))
      INDEX(@"SEL$5F185B4C" "T_ENNS_SLAVEUSER"@"SEL$31" "IX_NVL_USR_MRGEMSTR_USR_ID")
      INDEX_RS_ASC(@"SEL$5F185B4C" "T_CURR_ENNS"@"SEL$32" "IX_ELNS_MEMBENLTDTDSNTDTSTTID")
      INDEX_RS_ASC(@"SEL$5F185B4C" "T_MAX_DISENROLLMENT_ENROLLMENT"@"SEL$33" ("T_ENNS"."ELNS_MEMB" "T_ENNS"."ELNS_ENLTDT"
              "T_ENNS"."ELNS_DSNTDT" "T_ENNS"."ELNS_ID"))
      LEADING(@"SEL$5F185B4C" "T_ENNS_MASTERUSER"@"SEL$31" "T_ENNS_SLAVEUSER"@"SEL$31" "T_CURR_ENNS"@"SEL$32"
              "T_MAX_DISENROLLMENT_ENROLLMENT"@"SEL$33")
      USE_NL(@"SEL$5F185B4C" "T_ENNS_SLAVEUSER"@"SEL$31")
      USE_NL(@"SEL$5F185B4C" "T_CURR_ENNS"@"SEL$32")
      USE_NL(@"SEL$5F185B4C" "T_MAX_DISENROLLMENT_ENROLLMENT"@"SEL$33")
      INDEX(@"SEL$CDBEA42D" "T_ENNS_MASTERUSER"@"SEL$36" ("T_USR"."USR_ID"))
      INDEX(@"SEL$CDBEA42D" "T_ENNS_SLAVEUSER"@"SEL$36" "IX_NVL_USR_MRGEMSTR_USR_ID")
      INDEX_RS_ASC(@"SEL$CDBEA42D" "T_CURR_ENNS"@"SEL$37" "IX_ELNS_MEMBENLTDTDSNTDTSTTID")
      INDEX_RS_ASC(@"SEL$CDBEA42D" "T_MAX_DISENROLLMENT_ENROLLMENT"@"SEL$38" ("T_ENNS"."ELNS_MEMB" "T_ENNS"."ELNS_ENLTDT"
              "T_ENNS"."ELNS_DSNTDT" "T_ENNS"."ELNS_ID"))
      LEADING(@"SEL$CDBEA42D" "T_ENNS_MASTERUSER"@"SEL$36" "T_ENNS_SLAVEUSER"@"SEL$36" "T_CURR_ENNS"@"SEL$37"
              "T_MAX_DISENROLLMENT_ENROLLMENT"@"SEL$38")
      USE_NL(@"SEL$CDBEA42D" "T_ENNS_SLAVEUSER"@"SEL$36")
      USE_NL(@"SEL$CDBEA42D" "T_CURR_ENNS"@"SEL$37")
      USE_NL(@"SEL$CDBEA42D" "T_MAX_DISENROLLMENT_ENROLLMENT"@"SEL$38")
      NO_ACCESS(@"SEL$6" "from$_subquery$_005"@"SEL$6")
      INDEX_RS_ASC(@"SEL$2D594895" "T"@"SEL$8" ("T_SENTTSK"."SETK_OBJ_STT"))
      INDEX_RS_ASC(@"SEL$2D594895" "OWN"@"SEL$7" ("T_USR"."USR_ID"))
      INDEX_RS_ASC(@"SEL$2D594895" "PROVIDER"@"SEL$23" ("T_USR"."USR_ID"))
      INDEX_RS_ASC(@"SEL$2D594895" "AUTH"@"SEL$21" ("T_UM_BASE"."UMBS_ID"))
      INDEX_RS_ASC(@"SEL$2D594895" "REASON"@"SEL$17" ("T_DDL_ITEM"."DDLI_ID"))
      INDEX_RS_ASC(@"SEL$2D594895" "MEMBER"@"SEL$11" ("T_USR"."USR_ID"))
      INDEX_RS_ASC(@"SEL$2D594895" "PREVOWNER"@"SEL$9" ("T_USR"."USR_ID"))
      INDEX_RS_ASC(@"SEL$2D594895" "SENDER"@"SEL$27" ("T_USR"."USR_ID"))
      INDEX_RS_ASC(@"SEL$2D594895" "CASEORCM"@"SEL$19" ("T_CM_BASEBASE"."CMBB_ID"))
      INDEX_RS_ASC(@"SEL$2D594895" "TASKTYPE"@"SEL$15" ("T_DDL_ITEM"."DDLI_ID"))
      INDEX_RS_ASC(@"SEL$2D594895" "ORIGCREATOR"@"SEL$13" ("T_USR"."USR_ID"))
      INDEX_RS_ASC(@"SEL$2D594895" "MOD"@"SEL$25" ("T_USR"."USR_ID"))
      LEADING(@"SEL$2D594895" "T"@"SEL$8" "OWN"@"SEL$7" "PROVIDER"@"SEL$23" "AUTH"@"SEL$21" "REASON"@"SEL$17"
              "MEMBER"@"SEL$11" "PREVOWNER"@"SEL$9" "SENDER"@"SEL$27" "CASEORCM"@"SEL$19" "TASKTYPE"@"SEL$15" "ORIGCREATOR"@"SEL$13"
              "MOD"@"SEL$25")
      USE_MERGE_CARTESIAN(@"SEL$2D594895" "OWN"@"SEL$7")
      USE_NL(@"SEL$2D594895" "PROVIDER"@"SEL$23")
      USE_NL(@"SEL$2D594895" "AUTH"@"SEL$21")
      USE_NL(@"SEL$2D594895" "REASON"@"SEL$17")
      USE_NL(@"SEL$2D594895" "MEMBER"@"SEL$11")
      USE_NL(@"SEL$2D594895" "PREVOWNER"@"SEL$9")
      USE_NL(@"SEL$2D594895" "SENDER"@"SEL$27")
      USE_NL(@"SEL$2D594895" "CASEORCM"@"SEL$19")
      USE_NL(@"SEL$2D594895" "TASKTYPE"@"SEL$15")
      USE_NL(@"SEL$2D594895" "ORIGCREATOR"@"SEL$13")
      USE_NL(@"SEL$2D594895" "MOD"@"SEL$25")
      INDEX_RS_ASC(@"SEL$5" "T_CM_BASEBASE"@"SEL$5" ("T_CM_BASEBASE"."CMBB_ID"))
      INDEX_RS_ASC(@"SEL$4" "T_UM_BASE"@"SEL$4" ("T_UM_BASE"."UMBS_ID"))
      END_OUTLINE_DATA
  */

Peeked Binds (identified by position):
--------------------------------------

   1 - :SYS_B_0 (NUMBER): 2
   2 - :1 (NUMBER): 10550675
   3 - :2 (NUMBER): 1
   4 - :3 (NUMBER): 3
   5 - :4 (NUMBER): 905
   6 - :5 (NUMBER): 906
   7 - :6 (NUMBER): 907
   8 - :7 (NUMBER): 908
   9 - :8 (NUMBER): 911
  10 - :9 (NUMBER): 912
  11 - :10 (NUMBER): 913
  12 - :SYS_B_1 (NUMBER): 500
  13 - :SYS_B_2 (VARCHAR2(30), CSID=178): '2020.11.17'
  14 - :SYS_B_3 (VARCHAR2(30), CSID=178): 'yyyy.MM.dd'

Note
-----
   - dynamic statistics used: dynamic sampling (level=2)
   - 5 Sql Plan Directives used for this statement

SQL_ID 0sjx29v99zfqc
--------------------
SELECT INFO_WITH_MEMBER_ID.*,     enrollment.ELNS_INSCPRSRGRP
ipgGroupId,     benefit.BENP_LWSTLVL_PRODCAT productCategoryId,
affMember.USR_FRSTNAM affiliatedMemberFirstName,
affMember.USR_LAS_NAM affiliatedMemberLastName FROM (   SELECT INFO.*,
   CASE     WHEN INFO.memberAffiliationId IS NOT NULL THEN
(INFO.memberAffiliationId)     WHEN INFO.authAffiliationId IS NOT NULL
THEN (SELECT UMBS_MEMB FROM T_UM_BASE WHERE
UMBS_ID=INFO.authAffiliationId)     WHEN
INFO.careManagementAffiliationId IS NOT NULL THEN (SELECT CMBS_MEMB
FROM T_CM_BASEBASE WHERE CMBB_ID=INFO.careManagementAffiliationId)
WHEN INFO.providerAffiliationId IS NOT NULL THEN
(INFO.providerAffiliationId)     ELSE (NULL)     END
affiliatedMemberId   FROM (   SELECT * FROM (     SELECT
T.SETK_ID AS id,         T.SETK_C4C_ID AS c4cId,         T.SETK_UNIVID
AS universalId,         taskType.TSKT_RCPTTYP AS categoryId,
T.SETK_TSK_TYP AS taskTypeId,         taskType.DDLI_LBL AS
taskTypeLabel,         T.SETK_TSK_NAM AS taskName,         T.SETK_SUBJ
AS subject,         T.SETK_CRTD AS createDate,         T.SETK_SENT AS
sentDate,         T.SETK_SRTD AS startedDate,
T.SETK_TSK_TIMG_STRTDT AS startDate,         T.SETK_TSK_TIMG_SCLDAT AS
startDateSeconds,         T.SETK_TSK_TIMG_DDLN_DT AS dueDate,
T.SETK_TSK_TIMG_DDLN_TIM_IN_DY AS dueDateSeconds,         T.SETK_OWNR
AS ownerId,         own.USR_FRSTNAM AS ownerFirstName,
own.USR_LAS_NAM AS ownerLastName,         own.CLASSTYPE AS ownerType,
      T.SETK_OBJ_STT AS status,         T.SETK_AFFN_MEMB AS
memberAffiliationId,         member.USR_C4C_ID AS memberC4cId,
member.USR_FRSTNAM AS memberFirstName,         member.USR_LAS_NAM AS
memberLastName,         T.SETK_AFFN_CM AS careManagementAffiliationId,
       caseOrCm.CMBB_C4C_ID AS caseOrCmC4cId,
T.SETK_AFFN_UM_EVNT AS authAffiliationId,         auth.UMBS_C4C_ID AS
authAffiliationC4cId,         T.SETK_AFFN_PVDR AS
providerAffiliationId,         provider.USR_C4C_ID AS providerC4cId,
     T.SETK_TSK_TIMG_SNLTDT AS startNoLaterThanDate,
T.SETK_CNCLRESN AS cancelReasonId,         T.SETK_ORIGCRTR AS
originalCreatorId,         origCreator.USR_FRSTNAM AS
originalCreatorFirstName,         origCreator.USR_LAS_NAM AS
originalCreatorLastName,         caseOrCm.CLASSTYPE AS
caseOrCmClasstype,         T.SETK_TSK_DSCN AS description,
T.SETK_CMPD AS completedDate,         T.SETK_LAS_ACT_TIM AS
lastActionDate,         mod.USR_FRSTNAM lastModifiedByFirstName,
 mod.USR_LAS_NAM lastModifiedByLastName,         T.SETK_PRVSOWNR AS
previousOwnerId,         prevOwner.USR_FRSTNAM AS
previousOwnerFirstName,         prevOwner.USR_LAS_NAM AS
previousOwnerLastName,         prevOwner.CLASSTYPE AS
previousOwnerType,         CASE             WHEN
T.SETK_TSK_TIMG_DDLN_DT IS NOT NULL THEN (T.SETK_TSK_TIMG_DDLN_DT)
       WHEN T.SETK_TSK_TIMG_STRTDT IS NOT NULL THEN
(T.SETK_TSK_TIMG_STRTDT)             WHEN T.SETK_TSK_TIMG_SNLTDT IS NOT
NULL THEN (T.SETK_TSK_TIMG_SNLTDT)             ELSE (NULL)         END
       filterDate,         sender.USR_FRSTNAM fromUserFirstName,
 sender.USR_LAS_NAM fromUserLastName,         T.SETK_RESCHEDULE_REASON
AS rescheduleReason,         reason.DDLI_LBL AS rescheduleReasonLabel,
       T.SETK_RESCHEDULE_COMMENT AS rescheduleComment       FROM
T_SENTTSK T       LEFT OUTER JOIN T_USR own ON own.USR_ID=T.SETK_OWNR
    LEFT OUTER JOIN T_USR prevOwner ON prevOwner.USR_ID=T.SETK_PRVSOWNR
      LEFT OUTER JOIN T_USR member ON member.USR_ID=T.SETK_AFFN_MEMB
   LEFT OUTER JOIN T_USR origCreator ON
origCreator.USR_ID=T.SETK_ORIGCRTR       LEFT OUTER JOIN T_DDL_ITEM
taskType ON taskType.DDLI_ID=T.SETK_TSK_TYP       LEFT OUTER JOIN
T_DDL_ITEM reason ON reason.DDLI_ID=T.SETK_RESCHEDULE_REASON       LEFT
OUTER JOIN T_CM_BASEBASE caseOrCm ON caseOrCm.CMBB_ID=T.SETK_AFFN_CM
   LEFT OUTER JOIN T_UM_BASE auth ON auth.UMBS_ID=T.SETK_AFFN_UM_EVNT
    LEFT OUTER JOIN T_USR provider

Plan hash value: 1724349052

-----------------------------------------------------------------------------------------------------------------------------------------
| Id  | Operation                                               | Name                          | Rows  | Bytes | Cost (%CPU)| Time     |
-----------------------------------------------------------------------------------------------------------------------------------------
|   0 | SELECT STATEMENT                                        |                               |       |       |  2282K(100)|          |
|   1 |  TABLE ACCESS BY INDEX ROWID                            | T_UM_BASE                     |     1 |    12 |     1   (0)| 00:00:01 |
|   2 |   INDEX UNIQUE SCAN                                     | PK_T_UM_BASE                  |     1 |       |     1   (0)| 00:00:01 |
|   3 |   TABLE ACCESS BY INDEX ROWID                           | T_CM_BASEBASE                 |     1 |    12 |     1   (0)| 00:00:01 |
|   4 |    INDEX UNIQUE SCAN                                    | PK_T_CM_BASEBASE              |     1 |       |     1   (0)| 00:00:01 |
|   5 |  NESTED LOOPS OUTER                                     |                               |   114 |  5223K|  2282K  (1)| 00:01:30 |
|   6 |   NESTED LOOPS OUTER                                    |                               |   114 |  5221K|  2282K  (1)| 00:01:30 |
|   7 |    HASH JOIN RIGHT OUTER                                |                               |   114 |  5220K|  2282K  (1)| 00:01:30 |
|   8 |     VIEW                                                | V_CURR_ENROLLMENT             |     2 |    78 |  2282K  (1)| 00:01:30 |
|   9 |      SORT UNIQUE                                        |                               |     2 |  1092 |  2282K  (1)| 00:01:30 |
|  10 |       UNION-ALL                                         |                               |       |       |            |          |
|  11 |        FILTER                                           |                               |       |       |            |          |
|  12 |         FILTER                                          |                               |       |       |            |          |
|  13 |          TABLE ACCESS STORAGE FULL                      | T_ENNS                        |   248K|    64M|   160K  (1)| 00:00:07 |
|  14 |          FAST DUAL                                      |                               |     1 |       |     2   (0)| 00:00:01 |
|  15 |         SORT GROUP BY NOSORT                            |                               |     1 |    72 |     4   (0)| 00:00:01 |
|  16 |          NESTED LOOPS OUTER                             |                               |     1 |    72 |     4   (0)| 00:00:01 |
|  17 |           NESTED LOOPS                                  |                               |     1 |    50 |     3   (0)| 00:00:01 |
|  18 |            NESTED LOOPS                                 |                               |     1 |    12 |     2   (0)| 00:00:01 |
|  19 |             INDEX UNIQUE SCAN                           | PK_T_USR                      |     1 |     6 |     1   (0)| 00:00:01 |
|  20 |             INDEX RANGE SCAN                            | IX_NVL_USR_MRGEMSTR_USR_ID    |     1 |     6 |     1   (0)| 00:00:01 |
|  21 |            TABLE ACCESS BY INDEX ROWID                  | T_ENNS                        |     1 |    38 |     1   (0)| 00:00:01 |
|  22 |             INDEX RANGE SCAN                            | IX_ELNS_MEMBENLTDTDSNTDTSTTID |     2 |       |     1   (0)| 00:00:01 |
|  23 |           TABLE ACCESS BY INDEX ROWID                   | T_ENNS                        |     1 |    22 |     1   (0)| 00:00:01 |
|  24 |            INDEX RANGE SCAN                             | IX_ELNS_MEMBENLTDTDSNTDTSTTID |     1 |       |     1   (0)| 00:00:01 |
|  25 |        FILTER                                           |                               |       |       |            |          |
|  26 |         FILTER                                          |                               |       |       |            |          |
|  27 |          TABLE ACCESS STORAGE FULL                      | T_ENNS                        |   248K|    64M|   160K  (1)| 00:00:07 |
|  28 |          FAST DUAL                                      |                               |     1 |       |     2   (0)| 00:00:01 |
|  29 |         SORT GROUP BY NOSORT                            |                               |     1 |    72 |     4   (0)| 00:00:01 |
|  30 |          NESTED LOOPS OUTER                             |                               |     1 |    72 |     4   (0)| 00:00:01 |
|  31 |           NESTED LOOPS                                  |                               |     1 |    50 |     3   (0)| 00:00:01 |
|  32 |            NESTED LOOPS                                 |                               |     1 |    12 |     2   (0)| 00:00:01 |
|  33 |             INDEX UNIQUE SCAN                           | PK_T_USR                      |     1 |     6 |     1   (0)| 00:00:01 |
|  34 |             INDEX RANGE SCAN                            | IX_NVL_USR_MRGEMSTR_USR_ID    |     1 |     6 |     1   (0)| 00:00:01 |
|  35 |            TABLE ACCESS BY INDEX ROWID                  | T_ENNS                        |     1 |    38 |     1   (0)| 00:00:01 |
|  36 |             INDEX RANGE SCAN                            | IX_ELNS_MEMBENLTDTDSNTDTSTTID |     2 |       |     1   (0)| 00:00:01 |
|  37 |           TABLE ACCESS BY INDEX ROWID                   | T_ENNS                        |     1 |    22 |     1   (0)| 00:00:01 |
|  38 |            INDEX RANGE SCAN                             | IX_ELNS_MEMBENLTDTDSNTDTSTTID |     1 |       |     1   (0)| 00:00:01 |
|  39 |     VIEW                                                |                               |   114 |  5215K|    92   (2)| 00:00:01 |
|  40 |      VIEW                                               |                               |   114 |  5214K|    15   (7)| 00:00:01 |
|  41 |       COUNT STOPKEY                                     |                               |       |       |            |          |
|  42 |        VIEW                                             |                               |   114 |  5214K|    15   (7)| 00:00:01 |
|  43 |         SORT ORDER BY STOPKEY                           |                               |   114 | 88920 |    15   (7)| 00:00:01 |
|  44 |          NESTED LOOPS OUTER                             |                               |   114 | 88920 |    14   (0)| 00:00:01 |
|  45 |           NESTED LOOPS OUTER                            |                               |   114 | 86412 |    13   (0)| 00:00:01 |
|  46 |            NESTED LOOPS OUTER                           |                               |   114 | 83904 |    12   (0)| 00:00:01 |
|  47 |             NESTED LOOPS OUTER                          |                               |   114 | 81738 |    11   (0)| 00:00:01 |
|  48 |              NESTED LOOPS OUTER                         |                               |   114 | 79230 |    10   (0)| 00:00:01 |
|  49 |               NESTED LOOPS OUTER                        |                               |   114 | 75240 |     9   (0)| 00:00:01 |
|  50 |                NESTED LOOPS OUTER                       |                               |   114 | 71136 |     8   (0)| 00:00:01 |
|  51 |                 NESTED LOOPS OUTER                      |                               |   114 | 67944 |     7   (0)| 00:00:01 |
|  52 |                  NESTED LOOPS OUTER                     |                               |   114 | 65892 |     6   (0)| 00:00:01 |
|  53 |                   NESTED LOOPS OUTER                    |                               |   114 | 63384 |     5   (0)| 00:00:01 |
|  54 |                    HASH JOIN RIGHT OUTER                |                               |   114 | 60648 |     4   (0)| 00:00:01 |
|  55 |                     TABLE ACCESS BY INDEX ROWID         | T_USR                         |     1 |    36 |     1   (0)| 00:00:01 |
|  56 |                      INDEX UNIQUE SCAN                  | PK_T_USR                      |     1 |       |     1   (0)| 00:00:01 |
|  57 |                     INLIST ITERATOR                     |                               |       |       |            |          |
|  58 |                      TABLE ACCESS BY INDEX ROWID BATCHED| T_SENTTSK                     |   114 | 56544 |     3   (0)| 00:00:01 |
|  59 |                       INDEX RANGE SCAN                  | IX_SETK_OBJ_STT               |  1871 |       |     1   (0)| 00:00:01 |
|  60 |                    TABLE ACCESS BY INDEX ROWID          | T_DDL_ITEM                    |     1 |    24 |     1   (0)| 00:00:01 |
|  61 |                     INDEX UNIQUE SCAN                   | PK_T_DDL_ITEM                 |     1 |       |     1   (0)| 00:00:01 |
|  62 |                   TABLE ACCESS BY INDEX ROWID           | T_DDL_ITEM                    |     1 |    22 |     1   (0)| 00:00:01 |
|  63 |                    INDEX UNIQUE SCAN                    | PK_T_DDL_ITEM                 |     1 |       |     1   (0)| 00:00:01 |
|  64 |                  TABLE ACCESS BY INDEX ROWID            | T_UM_BASE                     |     1 |    18 |     1   (0)| 00:00:01 |
|  65 |                   INDEX UNIQUE SCAN                     | PK_T_UM_BASE                  |     1 |       |     1   (0)| 00:00:01 |
|  66 |                 TABLE ACCESS BY INDEX ROWID             | T_CM_BASEBASE                 |     1 |    28 |     1   (0)| 00:00:01 |
|  67 |                  INDEX UNIQUE SCAN                      | PK_T_CM_BASEBASE              |     1 |       |     1   (0)| 00:00:01 |
|  68 |                TABLE ACCESS BY INDEX ROWID              | T_USR                         |     1 |    36 |     1   (0)| 00:00:01 |
|  69 |                 INDEX UNIQUE SCAN                       | PK_T_USR                      |     1 |       |     1   (0)| 00:00:01 |
|  70 |               TABLE ACCESS BY INDEX ROWID               | T_USR                         |     1 |    35 |     1   (0)| 00:00:01 |
|  71 |                INDEX UNIQUE SCAN                        | PK_T_USR                      |     1 |       |     1   (0)| 00:00:01 |
|  72 |              TABLE ACCESS BY INDEX ROWID                | T_USR                         |     1 |    22 |     1   (0)| 00:00:01 |
|  73 |               INDEX UNIQUE SCAN                         | PK_T_USR                      |     1 |       |     1   (0)| 00:00:01 |
|  74 |             TABLE ACCESS BY INDEX ROWID                 | T_USR                         |     1 |    19 |     1   (0)| 00:00:01 |
|  75 |              INDEX UNIQUE SCAN                          | PK_T_USR                      |     1 |       |     1   (0)| 00:00:01 |
|  76 |            TABLE ACCESS BY INDEX ROWID                  | T_USR                         |     1 |    22 |     1   (0)| 00:00:01 |
|  77 |             INDEX UNIQUE SCAN                           | PK_T_USR                      |     1 |       |     1   (0)| 00:00:01 |
|  78 |           TABLE ACCESS BY INDEX ROWID                   | T_USR                         |     1 |    22 |     1   (0)| 00:00:01 |
|  79 |            INDEX UNIQUE SCAN                            | PK_T_USR                      |     1 |       |     1   (0)| 00:00:01 |
|  80 |    TABLE ACCESS BY INDEX ROWID                          | T_BENSPKG                     |     1 |    12 |     1   (0)| 00:00:01 |
|  81 |     INDEX UNIQUE SCAN                                   | PK_T_BENSPKG                  |     1 |       |     1   (0)| 00:00:01 |
|  82 |   TABLE ACCESS BY INDEX ROWID                           | T_USR                         |     1 |    22 |     1   (0)| 00:00:01 |
|  83 |    INDEX UNIQUE SCAN                                    | PK_T_USR                      |     1 |       |     1   (0)| 00:00:01 |
-----------------------------------------------------------------------------------------------------------------------------------------

Query Block Name / Object Alias (identified by operation id):
-------------------------------------------------------------

   1 - SEL$4        / T_UM_BASE@SEL$4
   2 - SEL$4        / T_UM_BASE@SEL$4
   3 - SEL$5        / T_CM_BASEBASE@SEL$5
   4 - SEL$5        / T_CM_BASEBASE@SEL$5
   5 - SEL$0C04A374
   8 - SET$1        / ENROLLMENT@SEL$30
   9 - SET$1
  11 - SEL$35
  13 - SEL$35       / T_SRC_ENNS@SEL$35
  14 - SEL$40       / DUAL@SEL$40
  15 - SEL$5F185B4C
  19 - SEL$5F185B4C / T_ENNS_MASTERUSER@SEL$31
  20 - SEL$5F185B4C / T_ENNS_SLAVEUSER@SEL$31
  21 - SEL$5F185B4C / T_CURR_ENNS@SEL$32
  22 - SEL$5F185B4C / T_CURR_ENNS@SEL$32
  23 - SEL$5F185B4C / T_MAX_DISENROLLMENT_ENROLLMENT@SEL$33
  24 - SEL$5F185B4C / T_MAX_DISENROLLMENT_ENROLLMENT@SEL$33
  25 - SEL$42
  27 - SEL$42       / T_SRC_ENNS@SEL$42
  28 - SEL$43       / DUAL@SEL$43
  29 - SEL$CDBEA42D
  33 - SEL$CDBEA42D / T_ENNS_MASTERUSER@SEL$36
  34 - SEL$CDBEA42D / T_ENNS_SLAVEUSER@SEL$36
  35 - SEL$CDBEA42D / T_CURR_ENNS@SEL$37
  36 - SEL$CDBEA42D / T_CURR_ENNS@SEL$37
  37 - SEL$CDBEA42D / T_MAX_DISENROLLMENT_ENROLLMENT@SEL$38
  38 - SEL$CDBEA42D / T_MAX_DISENROLLMENT_ENROLLMENT@SEL$38
  39 - SEL$3        / INFO_WITH_MEMBER_ID@SEL$2
  40 - SEL$6        / INFO@SEL$3
  41 - SEL$6
  42 - SEL$2D594895 / from$_subquery$_005@SEL$6
  43 - SEL$2D594895
  55 - SEL$2D594895 / OWN@SEL$7
  56 - SEL$2D594895 / OWN@SEL$7
  58 - SEL$2D594895 / T@SEL$8
  59 - SEL$2D594895 / T@SEL$8
  60 - SEL$2D594895 / TASKTYPE@SEL$15
  61 - SEL$2D594895 / TASKTYPE@SEL$15
  62 - SEL$2D594895 / REASON@SEL$17
  63 - SEL$2D594895 / REASON@SEL$17
  64 - SEL$2D594895 / AUTH@SEL$21
  65 - SEL$2D594895 / AUTH@SEL$21
  66 - SEL$2D594895 / CASEORCM@SEL$19
  67 - SEL$2D594895 / CASEORCM@SEL$19
  68 - SEL$2D594895 / PREVOWNER@SEL$9
  69 - SEL$2D594895 / PREVOWNER@SEL$9
  70 - SEL$2D594895 / MEMBER@SEL$11
  71 - SEL$2D594895 / MEMBER@SEL$11
  72 - SEL$2D594895 / ORIGCREATOR@SEL$13
  73 - SEL$2D594895 / ORIGCREATOR@SEL$13
  74 - SEL$2D594895 / PROVIDER@SEL$23
  75 - SEL$2D594895 / PROVIDER@SEL$23
  76 - SEL$2D594895 / MOD@SEL$25
  77 - SEL$2D594895 / MOD@SEL$25
  78 - SEL$2D594895 / SENDER@SEL$27
  79 - SEL$2D594895 / SENDER@SEL$27
  80 - SEL$0C04A374 / BENEFIT@SEL$46
  81 - SEL$0C04A374 / BENEFIT@SEL$46
  82 - SEL$0C04A374 / AFFMEMBER@SEL$1
  83 - SEL$0C04A374 / AFFMEMBER@SEL$1

Outline Data
-------------

  /*+
      BEGIN_OUTLINE_DATA
      IGNORE_OPTIM_EMBEDDED_HINTS
      OPTIMIZER_FEATURES_ENABLE('12.1.0.2')
      DB_VERSION('12.1.0.2')
      OPT_PARAM('optimizer_index_cost_adj' 1)
      OPT_PARAM('optimizer_index_caching' 90)
      ALL_ROWS
      OUTLINE_LEAF(@"SEL$4")
      OUTLINE_LEAF(@"SEL$5")
      OUTLINE_LEAF(@"SEL$2D594895")
      MERGE(@"SEL$2DE0C8FF")
      OUTLINE_LEAF(@"SEL$6")
      OUTLINE_LEAF(@"SEL$3")
      OUTLINE_LEAF(@"SEL$40")
      OUTLINE_LEAF(@"SEL$5F185B4C")
      MERGE(@"SEL$6B15F4E0")
      OUTLINE_LEAF(@"SEL$35")
      OUTLINE_LEAF(@"SEL$43")
      OUTLINE_LEAF(@"SEL$CDBEA42D")
      MERGE(@"SEL$57BA8109")
      OUTLINE_LEAF(@"SEL$42")
      OUTLINE_LEAF(@"SET$1")
      OUTLINE_LEAF(@"SEL$0C04A374")
      MERGE(@"SEL$BC270230")
      OUTLINE(@"SEL$29")
      OUTLINE(@"SEL$2DE0C8FF")
      MERGE(@"SEL$27")
      MERGE(@"SEL$3B95C159")
      OUTLINE(@"SEL$41")
      OUTLINE(@"SEL$6B15F4E0")
      MERGE(@"SEL$78FE80F3")
      OUTLINE(@"SEL$44")
      OUTLINE(@"SEL$57BA8109")
      MERGE(@"SEL$516D3A01")
      OUTLINE(@"SEL$48")
      OUTLINE(@"SEL$BC270230")
      MERGE(@"SEL$409758B4")
      MERGE(@"SEL$46")
      OUTLINE(@"SEL$28")
      OUTLINE(@"SEL$27")
      OUTLINE(@"SEL$3B95C159")
      MERGE(@"SEL$25")
      MERGE(@"SEL$6D003707")
      OUTLINE(@"SEL$D570F096")
      MERGE(@"SEL$33")
      OUTLINE(@"SEL$78FE80F3")
      MERGE(@"SEL$31")
      OUTLINE(@"SEL$067B9A3E")
      MERGE(@"SEL$38")
      OUTLINE(@"SEL$516D3A01")
      MERGE(@"SEL$36")
      OUTLINE(@"SEL$47")
      OUTLINE(@"SEL$409758B4")
      MERGE(@"SEL$30")
      MERGE(@"SEL$58A6D7F6")
      OUTLINE(@"SEL$46")
      OUTLINE(@"SEL$26")
      OUTLINE(@"SEL$25")
      OUTLINE(@"SEL$6D003707")
      MERGE(@"SEL$23")
      MERGE(@"SEL$23FAB6D1")
      OUTLINE(@"SEL$34")
      OUTLINE(@"SEL$33")
      OUTLINE(@"SEL$32")
      OUTLINE(@"SEL$31")
      OUTLINE(@"SEL$39")
      OUTLINE(@"SEL$38")
      OUTLINE(@"SEL$37")
      OUTLINE(@"SEL$36")
      OUTLINE(@"SEL$45")
      OUTLINE(@"SEL$30")
      OUTLINE(@"SEL$58A6D7F6")
      MERGE(@"SEL$1")
      OUTLINE(@"SEL$24")
      OUTLINE(@"SEL$23")
      OUTLINE(@"SEL$23FAB6D1")
      MERGE(@"SEL$21")
      MERGE(@"SEL$97A30ECD")
      OUTLINE(@"SEL$2")
      OUTLINE(@"SEL$1")
      OUTLINE(@"SEL$22")
      OUTLINE(@"SEL$21")
      OUTLINE(@"SEL$97A30ECD")
      MERGE(@"SEL$19")
      MERGE(@"SEL$CF22A5CA")
      OUTLINE(@"SEL$20")
      OUTLINE(@"SEL$19")
      OUTLINE(@"SEL$CF22A5CA")
      MERGE(@"SEL$17")
      MERGE(@"SEL$FF97D7FC")
      OUTLINE(@"SEL$18")
      OUTLINE(@"SEL$17")
      OUTLINE(@"SEL$FF97D7FC")
      MERGE(@"SEL$15")
      MERGE(@"SEL$DE5D921C")
      OUTLINE(@"SEL$16")
      OUTLINE(@"SEL$15")
      OUTLINE(@"SEL$DE5D921C")
      MERGE(@"SEL$01DD7F33")
      MERGE(@"SEL$13")
      OUTLINE(@"SEL$14")
      OUTLINE(@"SEL$01DD7F33")
      MERGE(@"SEL$11")
      MERGE(@"SEL$BDFBA881")
      OUTLINE(@"SEL$13")
      OUTLINE(@"SEL$12")
      OUTLINE(@"SEL$11")
      OUTLINE(@"SEL$BDFBA881")
      MERGE(@"SEL$9")
      MERGE(@"SEL$FC56C448")
      OUTLINE(@"SEL$10")
      OUTLINE(@"SEL$9")
      OUTLINE(@"SEL$FC56C448")
      MERGE(@"SEL$7")
      OUTLINE(@"SEL$8")
      OUTLINE(@"SEL$7")
      NO_ACCESS(@"SEL$0C04A374" "INFO_WITH_MEMBER_ID"@"SEL$2")
      NO_ACCESS(@"SEL$0C04A374" "ENROLLMENT"@"SEL$30")
      INDEX_RS_ASC(@"SEL$0C04A374" "BENEFIT"@"SEL$46" ("T_BENSPKG"."BENP_ID"))
      INDEX_RS_ASC(@"SEL$0C04A374" "AFFMEMBER"@"SEL$1" ("T_USR"."USR_ID"))
      LEADING(@"SEL$0C04A374" "INFO_WITH_MEMBER_ID"@"SEL$2" "ENROLLMENT"@"SEL$30" "BENEFIT"@"SEL$46" "AFFMEMBER"@"SEL$1")
      USE_HASH(@"SEL$0C04A374" "ENROLLMENT"@"SEL$30")
      USE_NL(@"SEL$0C04A374" "BENEFIT"@"SEL$46")
      USE_NL(@"SEL$0C04A374" "AFFMEMBER"@"SEL$1")
      SWAP_JOIN_INPUTS(@"SEL$0C04A374" "ENROLLMENT"@"SEL$30")
      NO_ACCESS(@"SEL$3" "INFO"@"SEL$3")
      FULL(@"SEL$42" "T_SRC_ENNS"@"SEL$42")
      PQ_FILTER(@"SEL$42" SERIAL)
      FULL(@"SEL$35" "T_SRC_ENNS"@"SEL$35")
      PQ_FILTER(@"SEL$35" SERIAL)
      INDEX(@"SEL$5F185B4C" "T_ENNS_MASTERUSER"@"SEL$31" ("T_USR"."USR_ID"))
      INDEX(@"SEL$5F185B4C" "T_ENNS_SLAVEUSER"@"SEL$31" "IX_NVL_USR_MRGEMSTR_USR_ID")
      INDEX_RS_ASC(@"SEL$5F185B4C" "T_CURR_ENNS"@"SEL$32" "IX_ELNS_MEMBENLTDTDSNTDTSTTID")
      INDEX_RS_ASC(@"SEL$5F185B4C" "T_MAX_DISENROLLMENT_ENROLLMENT"@"SEL$33" "IX_ELNS_MEMBENLTDTDSNTDTSTTID")
      LEADING(@"SEL$5F185B4C" "T_ENNS_MASTERUSER"@"SEL$31" "T_ENNS_SLAVEUSER"@"SEL$31" "T_CURR_ENNS"@"SEL$32"
              "T_MAX_DISENROLLMENT_ENROLLMENT"@"SEL$33")
      USE_NL(@"SEL$5F185B4C" "T_ENNS_SLAVEUSER"@"SEL$31")
      USE_NL(@"SEL$5F185B4C" "T_CURR_ENNS"@"SEL$32")
      USE_NL(@"SEL$5F185B4C" "T_MAX_DISENROLLMENT_ENROLLMENT"@"SEL$33")
      INDEX(@"SEL$CDBEA42D" "T_ENNS_MASTERUSER"@"SEL$36" ("T_USR"."USR_ID"))
      INDEX(@"SEL$CDBEA42D" "T_ENNS_SLAVEUSER"@"SEL$36" "IX_NVL_USR_MRGEMSTR_USR_ID")
      INDEX_RS_ASC(@"SEL$CDBEA42D" "T_CURR_ENNS"@"SEL$37" "IX_ELNS_MEMBENLTDTDSNTDTSTTID")
      INDEX_RS_ASC(@"SEL$CDBEA42D" "T_MAX_DISENROLLMENT_ENROLLMENT"@"SEL$38" "IX_ELNS_MEMBENLTDTDSNTDTSTTID")
      LEADING(@"SEL$CDBEA42D" "T_ENNS_MASTERUSER"@"SEL$36" "T_ENNS_SLAVEUSER"@"SEL$36" "T_CURR_ENNS"@"SEL$37"
              "T_MAX_DISENROLLMENT_ENROLLMENT"@"SEL$38")
      USE_NL(@"SEL$CDBEA42D" "T_ENNS_SLAVEUSER"@"SEL$36")
      USE_NL(@"SEL$CDBEA42D" "T_CURR_ENNS"@"SEL$37")
      USE_NL(@"SEL$CDBEA42D" "T_MAX_DISENROLLMENT_ENROLLMENT"@"SEL$38")
      NO_ACCESS(@"SEL$6" "from$_subquery$_005"@"SEL$6")
      INDEX_RS_ASC(@"SEL$2D594895" "T"@"SEL$8" ("T_SENTTSK"."SETK_OBJ_STT"))
      BATCH_TABLE_ACCESS_BY_ROWID(@"SEL$2D594895" "T"@"SEL$8")
      INDEX_RS_ASC(@"SEL$2D594895" "OWN"@"SEL$7" ("T_USR"."USR_ID"))
      INDEX_RS_ASC(@"SEL$2D594895" "TASKTYPE"@"SEL$15" ("T_DDL_ITEM"."DDLI_ID"))
      INDEX_RS_ASC(@"SEL$2D594895" "REASON"@"SEL$17" ("T_DDL_ITEM"."DDLI_ID"))
      INDEX_RS_ASC(@"SEL$2D594895" "AUTH"@"SEL$21" ("T_UM_BASE"."UMBS_ID"))
      INDEX_RS_ASC(@"SEL$2D594895" "CASEORCM"@"SEL$19" ("T_CM_BASEBASE"."CMBB_ID"))
      INDEX_RS_ASC(@"SEL$2D594895" "PREVOWNER"@"SEL$9" ("T_USR"."USR_ID"))
      INDEX_RS_ASC(@"SEL$2D594895" "MEMBER"@"SEL$11" ("T_USR"."USR_ID"))
      INDEX_RS_ASC(@"SEL$2D594895" "ORIGCREATOR"@"SEL$13" ("T_USR"."USR_ID"))
      INDEX_RS_ASC(@"SEL$2D594895" "PROVIDER"@"SEL$23" ("T_USR"."USR_ID"))
      INDEX_RS_ASC(@"SEL$2D594895" "MOD"@"SEL$25" ("T_USR"."USR_ID"))
      INDEX_RS_ASC(@"SEL$2D594895" "SENDER"@"SEL$27" ("T_USR"."USR_ID"))
      LEADING(@"SEL$2D594895" "T"@"SEL$8" "OWN"@"SEL$7" "TASKTYPE"@"SEL$15" "REASON"@"SEL$17" "AUTH"@"SEL$21" "CASEORCM"@"SEL$19"
              "PREVOWNER"@"SEL$9" "MEMBER"@"SEL$11" "ORIGCREATOR"@"SEL$13" "PROVIDER"@"SEL$23" "MOD"@"SEL$25" "SENDER"@"SEL$27")
      USE_HASH(@"SEL$2D594895" "OWN"@"SEL$7")
      USE_NL(@"SEL$2D594895" "TASKTYPE"@"SEL$15")
      USE_NL(@"SEL$2D594895" "REASON"@"SEL$17")
      USE_NL(@"SEL$2D594895" "AUTH"@"SEL$21")
      USE_NL(@"SEL$2D594895" "CASEORCM"@"SEL$19")
      USE_NL(@"SEL$2D594895" "PREVOWNER"@"SEL$9")
      USE_NL(@"SEL$2D594895" "MEMBER"@"SEL$11")
      USE_NL(@"SEL$2D594895" "ORIGCREATOR"@"SEL$13")
      USE_NL(@"SEL$2D594895" "PROVIDER"@"SEL$23")
      USE_NL(@"SEL$2D594895" "MOD"@"SEL$25")
      USE_NL(@"SEL$2D594895" "SENDER"@"SEL$27")
      SWAP_JOIN_INPUTS(@"SEL$2D594895" "OWN"@"SEL$7")
      INDEX_RS_ASC(@"SEL$5" "T_CM_BASEBASE"@"SEL$5" ("T_CM_BASEBASE"."CMBB_ID"))
      INDEX_RS_ASC(@"SEL$4" "T_UM_BASE"@"SEL$4" ("T_UM_BASE"."UMBS_ID"))
      END_OUTLINE_DATA
  */

Peeked Binds (identified by position):
--------------------------------------

   1 - :SYS_B_0 (NUMBER): 2
   2 - :1 (NUMBER): 11640563
   3 - :2 (NUMBER): 1
   4 - :3 (NUMBER): 3
   5 - :4 (NUMBER): 905
   6 - :5 (NUMBER): 906
   7 - :6 (NUMBER): 907
   8 - :7 (NUMBER): 908
   9 - :8 (NUMBER): 911
  10 - :9 (NUMBER): 912
  11 - :10 (NUMBER): 913
  12 - :SYS_B_1 (NUMBER): 500
  13 - :SYS_B_2 (VARCHAR2(30), CSID=178): '2020.11.28'
  14 - :SYS_B_3 (VARCHAR2(30), CSID=178): 'yyyy.MM.dd'

Note
-----
   - dynamic statistics used: dynamic sampling (level=2)
   - 5 Sql Plan Directives used for this statement

SQL_ID 0sjx29v99zfqc
--------------------
SELECT INFO_WITH_MEMBER_ID.*,     enrollment.ELNS_INSCPRSRGRP
ipgGroupId,     benefit.BENP_LWSTLVL_PRODCAT productCategoryId,
affMember.USR_FRSTNAM affiliatedMemberFirstName,
affMember.USR_LAS_NAM affiliatedMemberLastName FROM (   SELECT INFO.*,
   CASE     WHEN INFO.memberAffiliationId IS NOT NULL THEN
(INFO.memberAffiliationId)     WHEN INFO.authAffiliationId IS NOT NULL
THEN (SELECT UMBS_MEMB FROM T_UM_BASE WHERE
UMBS_ID=INFO.authAffiliationId)     WHEN
INFO.careManagementAffiliationId IS NOT NULL THEN (SELECT CMBS_MEMB
FROM T_CM_BASEBASE WHERE CMBB_ID=INFO.careManagementAffiliationId)
WHEN INFO.providerAffiliationId IS NOT NULL THEN
(INFO.providerAffiliationId)     ELSE (NULL)     END
affiliatedMemberId   FROM (   SELECT * FROM (     SELECT
T.SETK_ID AS id,         T.SETK_C4C_ID AS c4cId,         T.SETK_UNIVID
AS universalId,         taskType.TSKT_RCPTTYP AS categoryId,
T.SETK_TSK_TYP AS taskTypeId,         taskType.DDLI_LBL AS
taskTypeLabel,         T.SETK_TSK_NAM AS taskName,         T.SETK_SUBJ
AS subject,         T.SETK_CRTD AS createDate,         T.SETK_SENT AS
sentDate,         T.SETK_SRTD AS startedDate,
T.SETK_TSK_TIMG_STRTDT AS startDate,         T.SETK_TSK_TIMG_SCLDAT AS
startDateSeconds,         T.SETK_TSK_TIMG_DDLN_DT AS dueDate,
T.SETK_TSK_TIMG_DDLN_TIM_IN_DY AS dueDateSeconds,         T.SETK_OWNR
AS ownerId,         own.USR_FRSTNAM AS ownerFirstName,
own.USR_LAS_NAM AS ownerLastName,         own.CLASSTYPE AS ownerType,
      T.SETK_OBJ_STT AS status,         T.SETK_AFFN_MEMB AS
memberAffiliationId,         member.USR_C4C_ID AS memberC4cId,
member.USR_FRSTNAM AS memberFirstName,         member.USR_LAS_NAM AS
memberLastName,         T.SETK_AFFN_CM AS careManagementAffiliationId,
       caseOrCm.CMBB_C4C_ID AS caseOrCmC4cId,
T.SETK_AFFN_UM_EVNT AS authAffiliationId,         auth.UMBS_C4C_ID AS
authAffiliationC4cId,         T.SETK_AFFN_PVDR AS
providerAffiliationId,         provider.USR_C4C_ID AS providerC4cId,
     T.SETK_TSK_TIMG_SNLTDT AS startNoLaterThanDate,
T.SETK_CNCLRESN AS cancelReasonId,         T.SETK_ORIGCRTR AS
originalCreatorId,         origCreator.USR_FRSTNAM AS
originalCreatorFirstName,         origCreator.USR_LAS_NAM AS
originalCreatorLastName,         caseOrCm.CLASSTYPE AS
caseOrCmClasstype,         T.SETK_TSK_DSCN AS description,
T.SETK_CMPD AS completedDate,         T.SETK_LAS_ACT_TIM AS
lastActionDate,         mod.USR_FRSTNAM lastModifiedByFirstName,
 mod.USR_LAS_NAM lastModifiedByLastName,         T.SETK_PRVSOWNR AS
previousOwnerId,         prevOwner.USR_FRSTNAM AS
previousOwnerFirstName,         prevOwner.USR_LAS_NAM AS
previousOwnerLastName,         prevOwner.CLASSTYPE AS
previousOwnerType,         CASE             WHEN
T.SETK_TSK_TIMG_DDLN_DT IS NOT NULL THEN (T.SETK_TSK_TIMG_DDLN_DT)
       WHEN T.SETK_TSK_TIMG_STRTDT IS NOT NULL THEN
(T.SETK_TSK_TIMG_STRTDT)             WHEN T.SETK_TSK_TIMG_SNLTDT IS NOT
NULL THEN (T.SETK_TSK_TIMG_SNLTDT)             ELSE (NULL)         END
       filterDate,         sender.USR_FRSTNAM fromUserFirstName,
 sender.USR_LAS_NAM fromUserLastName,         T.SETK_RESCHEDULE_REASON
AS rescheduleReason,         reason.DDLI_LBL AS rescheduleReasonLabel,
       T.SETK_RESCHEDULE_COMMENT AS rescheduleComment       FROM
T_SENTTSK T       LEFT OUTER JOIN T_USR own ON own.USR_ID=T.SETK_OWNR
    LEFT OUTER JOIN T_USR prevOwner ON prevOwner.USR_ID=T.SETK_PRVSOWNR
      LEFT OUTER JOIN T_USR member ON member.USR_ID=T.SETK_AFFN_MEMB
   LEFT OUTER JOIN T_USR origCreator ON
origCreator.USR_ID=T.SETK_ORIGCRTR       LEFT OUTER JOIN T_DDL_ITEM
taskType ON taskType.DDLI_ID=T.SETK_TSK_TYP       LEFT OUTER JOIN
T_DDL_ITEM reason ON reason.DDLI_ID=T.SETK_RESCHEDULE_REASON       LEFT
OUTER JOIN T_CM_BASEBASE caseOrCm ON caseOrCm.CMBB_ID=T.SETK_AFFN_CM
   LEFT OUTER JOIN T_UM_BASE auth ON auth.UMBS_ID=T.SETK_AFFN_UM_EVNT
    LEFT OUTER JOIN T_USR provider

Plan hash value: 1795573849

---------------------------------------------------------------------------------------------------------------------------------
| Id  | Operation                                       | Name                          | Rows  | Bytes | Cost (%CPU)| Time     |
---------------------------------------------------------------------------------------------------------------------------------
|   0 | SELECT STATEMENT                                |                               |       |       |  2259K(100)|          |
|   1 |  TABLE ACCESS BY INDEX ROWID                    | T_UM_BASE                     |     1 |    12 |     1   (0)| 00:00:01 |
|   2 |   INDEX UNIQUE SCAN                             | PK_T_UM_BASE                  |     1 |       |     1   (0)| 00:00:01 |
|   3 |   TABLE ACCESS BY INDEX ROWID                   | T_CM_BASEBASE                 |     1 |    12 |     1   (0)| 00:00:01 |
|   4 |    INDEX UNIQUE SCAN                            | PK_T_CM_BASEBASE              |     1 |       |     1   (0)| 00:00:01 |
|   5 |  NESTED LOOPS OUTER                             |                               |    49 |  2245K|  2259K  (1)| 00:01:29 |
|   6 |   NESTED LOOPS OUTER                            |                               |    49 |  2244K|  2259K  (1)| 00:01:29 |
|   7 |    HASH JOIN RIGHT OUTER                        |                               |    49 |  2243K|  2259K  (1)| 00:01:29 |
|   8 |     VIEW                                        | V_CURR_ENROLLMENT             |     2 |    78 |  2259K  (1)| 00:01:29 |
|   9 |      SORT UNIQUE                                |                               |     2 |  1092 |  2259K  (1)| 00:01:29 |
|  10 |       UNION-ALL                                 |                               |       |       |            |          |
|  11 |        FILTER                                   |                               |       |       |            |          |
|  12 |         FILTER                                  |                               |       |       |            |          |
|  13 |          TABLE ACCESS STORAGE FULL              | T_ENNS                        |   245K|    64M|   160K  (1)| 00:00:07 |
|  14 |          FAST DUAL                              |                               |     1 |       |     2   (0)| 00:00:01 |
|  15 |         SORT GROUP BY NOSORT                    |                               |     1 |    72 |     4   (0)| 00:00:01 |
|  16 |          NESTED LOOPS OUTER                     |                               |     1 |    72 |     4   (0)| 00:00:01 |
|  17 |           NESTED LOOPS                          |                               |     1 |    50 |     3   (0)| 00:00:01 |
|  18 |            NESTED LOOPS                         |                               |     1 |    12 |     2   (0)| 00:00:01 |
|  19 |             INDEX UNIQUE SCAN                   | PK_T_USR                      |     1 |     6 |     1   (0)| 00:00:01 |
|  20 |             INDEX RANGE SCAN                    | IX_NVL_USR_MRGEMSTR_USR_ID    |     1 |     6 |     1   (0)| 00:00:01 |
|  21 |            TABLE ACCESS BY INDEX ROWID          | T_ENNS                        |     1 |    38 |     1   (0)| 00:00:01 |
|  22 |             INDEX RANGE SCAN                    | IX_ELNS_MEMBENLTDTDSNTDTSTTID |     2 |       |     1   (0)| 00:00:01 |
|  23 |           TABLE ACCESS BY INDEX ROWID           | T_ENNS                        |     1 |    22 |     1   (0)| 00:00:01 |
|  24 |            INDEX RANGE SCAN                     | IX_ELNS_MEMBENLTDTDSNTDTSTTID |     1 |       |     1   (0)| 00:00:01 |
|  25 |        FILTER                                   |                               |       |       |            |          |
|  26 |         FILTER                                  |                               |       |       |            |          |
|  27 |          TABLE ACCESS STORAGE FULL              | T_ENNS                        |   245K|    64M|   160K  (1)| 00:00:07 |
|  28 |          FAST DUAL                              |                               |     1 |       |     2   (0)| 00:00:01 |
|  29 |         SORT GROUP BY NOSORT                    |                               |     1 |    72 |     4   (0)| 00:00:01 |
|  30 |          NESTED LOOPS OUTER                     |                               |     1 |    72 |     4   (0)| 00:00:01 |
|  31 |           NESTED LOOPS                          |                               |     1 |    50 |     3   (0)| 00:00:01 |
|  32 |            NESTED LOOPS                         |                               |     1 |    12 |     2   (0)| 00:00:01 |
|  33 |             INDEX UNIQUE SCAN                   | PK_T_USR                      |     1 |     6 |     1   (0)| 00:00:01 |
|  34 |             INDEX RANGE SCAN                    | IX_NVL_USR_MRGEMSTR_USR_ID    |     1 |     6 |     1   (0)| 00:00:01 |
|  35 |            TABLE ACCESS BY INDEX ROWID          | T_ENNS                        |     1 |    38 |     1   (0)| 00:00:01 |
|  36 |             INDEX RANGE SCAN                    | IX_ELNS_MEMBENLTDTDSNTDTSTTID |     2 |       |     1   (0)| 00:00:01 |
|  37 |           TABLE ACCESS BY INDEX ROWID           | T_ENNS                        |     1 |    22 |     1   (0)| 00:00:01 |
|  38 |            INDEX RANGE SCAN                     | IX_ELNS_MEMBENLTDTDSNTDTSTTID |     1 |       |     1   (0)| 00:00:01 |
|  39 |     VIEW                                        |                               |    49 |  2241K|    59   (2)| 00:00:01 |
|  40 |      VIEW                                       |                               |    49 |  2241K|    14   (8)| 00:00:01 |
|  41 |       COUNT STOPKEY                             |                               |       |       |            |          |
|  42 |        VIEW                                     |                               |    49 |  2241K|    14   (8)| 00:00:01 |
|  43 |         SORT ORDER BY STOPKEY                   |                               |    49 | 38220 |    14   (8)| 00:00:01 |
|  44 |          NESTED LOOPS OUTER                     |                               |    49 | 38220 |    13   (0)| 00:00:01 |
|  45 |           NESTED LOOPS OUTER                    |                               |    49 | 37142 |    12   (0)| 00:00:01 |
|  46 |            NESTED LOOPS OUTER                   |                               |    49 | 36064 |    11   (0)| 00:00:01 |
|  47 |             NESTED LOOPS OUTER                  |                               |    49 | 34986 |    10   (0)| 00:00:01 |
|  48 |              NESTED LOOPS OUTER                 |                               |    49 | 33810 |     9   (0)| 00:00:01 |
|  49 |               NESTED LOOPS OUTER                |                               |    49 | 32438 |     8   (0)| 00:00:01 |
|  50 |                NESTED LOOPS OUTER               |                               |    49 | 31360 |     7   (0)| 00:00:01 |
|  51 |                 NESTED LOOPS OUTER              |                               |    49 | 29596 |     6   (0)| 00:00:01 |
|  52 |                  NESTED LOOPS OUTER             |                               |    49 | 27881 |     5   (0)| 00:00:01 |
|  53 |                   NESTED LOOPS OUTER            |                               |    49 | 26999 |     4   (0)| 00:00:01 |
|  54 |                    MERGE JOIN OUTER             |                               |    49 | 26068 |     3   (0)| 00:00:01 |
|  55 |                     INLIST ITERATOR             |                               |       |       |            |          |
|  56 |                      TABLE ACCESS BY INDEX ROWID| T_SENTTSK                     |    49 | 24304 |     2   (0)| 00:00:01 |
|  57 |                       INDEX RANGE SCAN          | IX_SETK_OBJ_STT               |  1768 |       |     1   (0)| 00:00:01 |
|  58 |                     BUFFER SORT                 |                               |     1 |    36 |     1   (0)| 00:00:01 |
|  59 |                      TABLE ACCESS BY INDEX ROWID| T_USR                         |     1 |    36 |     1   (0)| 00:00:01 |
|  60 |                       INDEX UNIQUE SCAN         | PK_T_USR                      |     1 |       |     1   (0)| 00:00:01 |
|  61 |                    TABLE ACCESS BY INDEX ROWID  | T_USR                         |     1 |    19 |     1   (0)| 00:00:01 |
|  62 |                     INDEX UNIQUE SCAN           | PK_T_USR                      |     1 |       |     1   (0)| 00:00:01 |
|  63 |                   TABLE ACCESS BY INDEX ROWID   | T_UM_BASE                     |     1 |    18 |     1   (0)| 00:00:01 |
|  64 |                    INDEX UNIQUE SCAN            | PK_T_UM_BASE                  |     1 |       |     1   (0)| 00:00:01 |
|  65 |                  TABLE ACCESS BY INDEX ROWID    | T_USR                         |     1 |    35 |     1   (0)| 00:00:01 |
|  66 |                   INDEX UNIQUE SCAN             | PK_T_USR                      |     1 |       |     1   (0)| 00:00:01 |
|  67 |                 TABLE ACCESS BY INDEX ROWID     | T_USR                         |     1 |    36 |     1   (0)| 00:00:01 |
|  68 |                  INDEX UNIQUE SCAN              | PK_T_USR                      |     1 |       |     1   (0)| 00:00:01 |
|  69 |                TABLE ACCESS BY INDEX ROWID      | T_USR                         |     1 |    22 |     1   (0)| 00:00:01 |
|  70 |                 INDEX UNIQUE SCAN               | PK_T_USR                      |     1 |       |     1   (0)| 00:00:01 |
|  71 |               TABLE ACCESS BY INDEX ROWID       | T_CM_BASEBASE                 |     1 |    28 |     1   (0)| 00:00:01 |
|  72 |                INDEX UNIQUE SCAN                | PK_T_CM_BASEBASE              |     1 |       |     1   (0)| 00:00:01 |
|  73 |              TABLE ACCESS BY INDEX ROWID        | T_DDL_ITEM                    |     1 |    24 |     1   (0)| 00:00:01 |
|  74 |               INDEX UNIQUE SCAN                 | PK_T_DDL_ITEM                 |     1 |       |     1   (0)| 00:00:01 |
|  75 |             TABLE ACCESS BY INDEX ROWID         | T_USR                         |     1 |    22 |     1   (0)| 00:00:01 |
|  76 |              INDEX UNIQUE SCAN                  | PK_T_USR                      |     1 |       |     1   (0)| 00:00:01 |
|  77 |            TABLE ACCESS BY INDEX ROWID          | T_USR                         |     1 |    22 |     1   (0)| 00:00:01 |
|  78 |             INDEX UNIQUE SCAN                   | PK_T_USR                      |     1 |       |     1   (0)| 00:00:01 |
|  79 |           TABLE ACCESS BY INDEX ROWID           | T_DDL_ITEM                    |     1 |    22 |     1   (0)| 00:00:01 |
|  80 |            INDEX UNIQUE SCAN                    | PK_T_DDL_ITEM                 |     1 |       |     1   (0)| 00:00:01 |
|  81 |    TABLE ACCESS BY INDEX ROWID                  | T_BENSPKG                     |     1 |    12 |     1   (0)| 00:00:01 |
|  82 |     INDEX UNIQUE SCAN                           | PK_T_BENSPKG                  |     1 |       |     1   (0)| 00:00:01 |
|  83 |   TABLE ACCESS BY INDEX ROWID                   | T_USR                         |     1 |    22 |     1   (0)| 00:00:01 |
|  84 |    INDEX UNIQUE SCAN                            | PK_T_USR                      |     1 |       |     1   (0)| 00:00:01 |
---------------------------------------------------------------------------------------------------------------------------------

Query Block Name / Object Alias (identified by operation id):
-------------------------------------------------------------

   1 - SEL$4        / T_UM_BASE@SEL$4
   2 - SEL$4        / T_UM_BASE@SEL$4
   3 - SEL$5        / T_CM_BASEBASE@SEL$5
   4 - SEL$5        / T_CM_BASEBASE@SEL$5
   5 - SEL$0C04A374
   8 - SET$1        / ENROLLMENT@SEL$30
   9 - SET$1
  11 - SEL$35
  13 - SEL$35       / T_SRC_ENNS@SEL$35
  14 - SEL$40       / DUAL@SEL$40
  15 - SEL$5F185B4C
  19 - SEL$5F185B4C / T_ENNS_MASTERUSER@SEL$31
  20 - SEL$5F185B4C / T_ENNS_SLAVEUSER@SEL$31
  21 - SEL$5F185B4C / T_CURR_ENNS@SEL$32
  22 - SEL$5F185B4C / T_CURR_ENNS@SEL$32
  23 - SEL$5F185B4C / T_MAX_DISENROLLMENT_ENROLLMENT@SEL$33
  24 - SEL$5F185B4C / T_MAX_DISENROLLMENT_ENROLLMENT@SEL$33
  25 - SEL$42
  27 - SEL$42       / T_SRC_ENNS@SEL$42
  28 - SEL$43       / DUAL@SEL$43
  29 - SEL$CDBEA42D
  33 - SEL$CDBEA42D / T_ENNS_MASTERUSER@SEL$36
  34 - SEL$CDBEA42D / T_ENNS_SLAVEUSER@SEL$36
  35 - SEL$CDBEA42D / T_CURR_ENNS@SEL$37
  36 - SEL$CDBEA42D / T_CURR_ENNS@SEL$37
  37 - SEL$CDBEA42D / T_MAX_DISENROLLMENT_ENROLLMENT@SEL$38
  38 - SEL$CDBEA42D / T_MAX_DISENROLLMENT_ENROLLMENT@SEL$38
  39 - SEL$3        / INFO_WITH_MEMBER_ID@SEL$2
  40 - SEL$6        / INFO@SEL$3
  41 - SEL$6
  42 - SEL$2D594895 / from$_subquery$_005@SEL$6
  43 - SEL$2D594895
  56 - SEL$2D594895 / T@SEL$8
  57 - SEL$2D594895 / T@SEL$8
  59 - SEL$2D594895 / OWN@SEL$7
  60 - SEL$2D594895 / OWN@SEL$7
  61 - SEL$2D594895 / PROVIDER@SEL$23
  62 - SEL$2D594895 / PROVIDER@SEL$23
  63 - SEL$2D594895 / AUTH@SEL$21
  64 - SEL$2D594895 / AUTH@SEL$21
  65 - SEL$2D594895 / MEMBER@SEL$11
  66 - SEL$2D594895 / MEMBER@SEL$11
  67 - SEL$2D594895 / PREVOWNER@SEL$9
  68 - SEL$2D594895 / PREVOWNER@SEL$9
  69 - SEL$2D594895 / SENDER@SEL$27
  70 - SEL$2D594895 / SENDER@SEL$27
  71 - SEL$2D594895 / CASEORCM@SEL$19
  72 - SEL$2D594895 / CASEORCM@SEL$19
  73 - SEL$2D594895 / TASKTYPE@SEL$15
  74 - SEL$2D594895 / TASKTYPE@SEL$15
  75 - SEL$2D594895 / ORIGCREATOR@SEL$13
  76 - SEL$2D594895 / ORIGCREATOR@SEL$13
  77 - SEL$2D594895 / MOD@SEL$25
  78 - SEL$2D594895 / MOD@SEL$25
  79 - SEL$2D594895 / REASON@SEL$17
  80 - SEL$2D594895 / REASON@SEL$17
  81 - SEL$0C04A374 / BENEFIT@SEL$46
  82 - SEL$0C04A374 / BENEFIT@SEL$46
  83 - SEL$0C04A374 / AFFMEMBER@SEL$1
  84 - SEL$0C04A374 / AFFMEMBER@SEL$1

Outline Data
-------------

  /*+
      BEGIN_OUTLINE_DATA
      IGNORE_OPTIM_EMBEDDED_HINTS
      OPTIMIZER_FEATURES_ENABLE('12.1.0.2')
      DB_VERSION('12.1.0.2')
      OPT_PARAM('optimizer_index_cost_adj' 1)
      OPT_PARAM('optimizer_index_caching' 90)
      ALL_ROWS
      OUTLINE_LEAF(@"SEL$4")
      OUTLINE_LEAF(@"SEL$5")
      OUTLINE_LEAF(@"SEL$2D594895")
      MERGE(@"SEL$2DE0C8FF")
      OUTLINE_LEAF(@"SEL$6")
      OUTLINE_LEAF(@"SEL$3")
      OUTLINE_LEAF(@"SEL$40")
      OUTLINE_LEAF(@"SEL$5F185B4C")
      MERGE(@"SEL$6B15F4E0")
      OUTLINE_LEAF(@"SEL$35")
      OUTLINE_LEAF(@"SEL$43")
      OUTLINE_LEAF(@"SEL$CDBEA42D")
      MERGE(@"SEL$57BA8109")
      OUTLINE_LEAF(@"SEL$42")
      OUTLINE_LEAF(@"SET$1")
      OUTLINE_LEAF(@"SEL$0C04A374")
      MERGE(@"SEL$BC270230")
      OUTLINE(@"SEL$29")
      OUTLINE(@"SEL$2DE0C8FF")
      MERGE(@"SEL$27")
      MERGE(@"SEL$3B95C159")
      OUTLINE(@"SEL$41")
      OUTLINE(@"SEL$6B15F4E0")
      MERGE(@"SEL$78FE80F3")
      OUTLINE(@"SEL$44")
      OUTLINE(@"SEL$57BA8109")
      MERGE(@"SEL$516D3A01")
      OUTLINE(@"SEL$48")
      OUTLINE(@"SEL$BC270230")
      MERGE(@"SEL$409758B4")
      MERGE(@"SEL$46")
      OUTLINE(@"SEL$28")
      OUTLINE(@"SEL$27")
      OUTLINE(@"SEL$3B95C159")
      MERGE(@"SEL$25")
      MERGE(@"SEL$6D003707")
      OUTLINE(@"SEL$D570F096")
      MERGE(@"SEL$33")
      OUTLINE(@"SEL$78FE80F3")
      MERGE(@"SEL$31")
      OUTLINE(@"SEL$067B9A3E")
      MERGE(@"SEL$38")
      OUTLINE(@"SEL$516D3A01")
      MERGE(@"SEL$36")
      OUTLINE(@"SEL$47")
      OUTLINE(@"SEL$409758B4")
      MERGE(@"SEL$30")
      MERGE(@"SEL$58A6D7F6")
      OUTLINE(@"SEL$46")
      OUTLINE(@"SEL$26")
      OUTLINE(@"SEL$25")
      OUTLINE(@"SEL$6D003707")
      MERGE(@"SEL$23")
      MERGE(@"SEL$23FAB6D1")
      OUTLINE(@"SEL$34")
      OUTLINE(@"SEL$33")
      OUTLINE(@"SEL$32")
      OUTLINE(@"SEL$31")
      OUTLINE(@"SEL$39")
      OUTLINE(@"SEL$38")
      OUTLINE(@"SEL$37")
      OUTLINE(@"SEL$36")
      OUTLINE(@"SEL$45")
      OUTLINE(@"SEL$30")
      OUTLINE(@"SEL$58A6D7F6")
      MERGE(@"SEL$1")
      OUTLINE(@"SEL$24")
      OUTLINE(@"SEL$23")
      OUTLINE(@"SEL$23FAB6D1")
      MERGE(@"SEL$21")
      MERGE(@"SEL$97A30ECD")
      OUTLINE(@"SEL$2")
      OUTLINE(@"SEL$1")
      OUTLINE(@"SEL$22")
      OUTLINE(@"SEL$21")
      OUTLINE(@"SEL$97A30ECD")
      MERGE(@"SEL$19")
      MERGE(@"SEL$CF22A5CA")
      OUTLINE(@"SEL$20")
      OUTLINE(@"SEL$19")
      OUTLINE(@"SEL$CF22A5CA")
      MERGE(@"SEL$17")
      MERGE(@"SEL$FF97D7FC")
      OUTLINE(@"SEL$18")
      OUTLINE(@"SEL$17")
      OUTLINE(@"SEL$FF97D7FC")
      MERGE(@"SEL$15")
      MERGE(@"SEL$DE5D921C")
      OUTLINE(@"SEL$16")
      OUTLINE(@"SEL$15")
      OUTLINE(@"SEL$DE5D921C")
      MERGE(@"SEL$01DD7F33")
      MERGE(@"SEL$13")
      OUTLINE(@"SEL$14")
      OUTLINE(@"SEL$01DD7F33")
      MERGE(@"SEL$11")
      MERGE(@"SEL$BDFBA881")
      OUTLINE(@"SEL$13")
      OUTLINE(@"SEL$12")
      OUTLINE(@"SEL$11")
      OUTLINE(@"SEL$BDFBA881")
      MERGE(@"SEL$9")
      MERGE(@"SEL$FC56C448")
      OUTLINE(@"SEL$10")
      OUTLINE(@"SEL$9")
      OUTLINE(@"SEL$FC56C448")
      MERGE(@"SEL$7")
      OUTLINE(@"SEL$8")
      OUTLINE(@"SEL$7")
      NO_ACCESS(@"SEL$0C04A374" "INFO_WITH_MEMBER_ID"@"SEL$2")
      NO_ACCESS(@"SEL$0C04A374" "ENROLLMENT"@"SEL$30")
      INDEX_RS_ASC(@"SEL$0C04A374" "BENEFIT"@"SEL$46" ("T_BENSPKG"."BENP_ID"))
      INDEX_RS_ASC(@"SEL$0C04A374" "AFFMEMBER"@"SEL$1" ("T_USR"."USR_ID"))
      LEADING(@"SEL$0C04A374" "INFO_WITH_MEMBER_ID"@"SEL$2" "ENROLLMENT"@"SEL$30" "BENEFIT"@"SEL$46" "AFFMEMBER"@"SEL$1")
      USE_HASH(@"SEL$0C04A374" "ENROLLMENT"@"SEL$30")
      USE_NL(@"SEL$0C04A374" "BENEFIT"@"SEL$46")
      USE_NL(@"SEL$0C04A374" "AFFMEMBER"@"SEL$1")
      SWAP_JOIN_INPUTS(@"SEL$0C04A374" "ENROLLMENT"@"SEL$30")
      NO_ACCESS(@"SEL$3" "INFO"@"SEL$3")
      FULL(@"SEL$42" "T_SRC_ENNS"@"SEL$42")
      PQ_FILTER(@"SEL$42" SERIAL)
      FULL(@"SEL$35" "T_SRC_ENNS"@"SEL$35")
      PQ_FILTER(@"SEL$35" SERIAL)
      INDEX(@"SEL$5F185B4C" "T_ENNS_MASTERUSER"@"SEL$31" ("T_USR"."USR_ID"))
      INDEX(@"SEL$5F185B4C" "T_ENNS_SLAVEUSER"@"SEL$31" "IX_NVL_USR_MRGEMSTR_USR_ID")
      INDEX_RS_ASC(@"SEL$5F185B4C" "T_CURR_ENNS"@"SEL$32" "IX_ELNS_MEMBENLTDTDSNTDTSTTID")
      INDEX_RS_ASC(@"SEL$5F185B4C" "T_MAX_DISENROLLMENT_ENROLLMENT"@"SEL$33" "IX_ELNS_MEMBENLTDTDSNTDTSTTID")
      LEADING(@"SEL$5F185B4C" "T_ENNS_MASTERUSER"@"SEL$31" "T_ENNS_SLAVEUSER"@"SEL$31" "T_CURR_ENNS"@"SEL$32"
              "T_MAX_DISENROLLMENT_ENROLLMENT"@"SEL$33")
      USE_NL(@"SEL$5F185B4C" "T_ENNS_SLAVEUSER"@"SEL$31")
      USE_NL(@"SEL$5F185B4C" "T_CURR_ENNS"@"SEL$32")
      USE_NL(@"SEL$5F185B4C" "T_MAX_DISENROLLMENT_ENROLLMENT"@"SEL$33")
      INDEX(@"SEL$CDBEA42D" "T_ENNS_MASTERUSER"@"SEL$36" ("T_USR"."USR_ID"))
      INDEX(@"SEL$CDBEA42D" "T_ENNS_SLAVEUSER"@"SEL$36" "IX_NVL_USR_MRGEMSTR_USR_ID")
      INDEX_RS_ASC(@"SEL$CDBEA42D" "T_CURR_ENNS"@"SEL$37" "IX_ELNS_MEMBENLTDTDSNTDTSTTID")
      INDEX_RS_ASC(@"SEL$CDBEA42D" "T_MAX_DISENROLLMENT_ENROLLMENT"@"SEL$38" "IX_ELNS_MEMBENLTDTDSNTDTSTTID")
      LEADING(@"SEL$CDBEA42D" "T_ENNS_MASTERUSER"@"SEL$36" "T_ENNS_SLAVEUSER"@"SEL$36" "T_CURR_ENNS"@"SEL$37"
              "T_MAX_DISENROLLMENT_ENROLLMENT"@"SEL$38")
      USE_NL(@"SEL$CDBEA42D" "T_ENNS_SLAVEUSER"@"SEL$36")
      USE_NL(@"SEL$CDBEA42D" "T_CURR_ENNS"@"SEL$37")
      USE_NL(@"SEL$CDBEA42D" "T_MAX_DISENROLLMENT_ENROLLMENT"@"SEL$38")
      NO_ACCESS(@"SEL$6" "from$_subquery$_005"@"SEL$6")
      INDEX_RS_ASC(@"SEL$2D594895" "T"@"SEL$8" ("T_SENTTSK"."SETK_OBJ_STT"))
      INDEX_RS_ASC(@"SEL$2D594895" "OWN"@"SEL$7" ("T_USR"."USR_ID"))
      INDEX_RS_ASC(@"SEL$2D594895" "PROVIDER"@"SEL$23" ("T_USR"."USR_ID"))
      INDEX_RS_ASC(@"SEL$2D594895" "AUTH"@"SEL$21" ("T_UM_BASE"."UMBS_ID"))
      INDEX_RS_ASC(@"SEL$2D594895" "MEMBER"@"SEL$11" ("T_USR"."USR_ID"))
      INDEX_RS_ASC(@"SEL$2D594895" "PREVOWNER"@"SEL$9" ("T_USR"."USR_ID"))
      INDEX_RS_ASC(@"SEL$2D594895" "SENDER"@"SEL$27" ("T_USR"."USR_ID"))
      INDEX_RS_ASC(@"SEL$2D594895" "CASEORCM"@"SEL$19" ("T_CM_BASEBASE"."CMBB_ID"))
      INDEX_RS_ASC(@"SEL$2D594895" "TASKTYPE"@"SEL$15" ("T_DDL_ITEM"."DDLI_ID"))
      INDEX_RS_ASC(@"SEL$2D594895" "ORIGCREATOR"@"SEL$13" ("T_USR"."USR_ID"))
      INDEX_RS_ASC(@"SEL$2D594895" "MOD"@"SEL$25" ("T_USR"."USR_ID"))
      INDEX_RS_ASC(@"SEL$2D594895" "REASON"@"SEL$17" ("T_DDL_ITEM"."DDLI_ID"))
      LEADING(@"SEL$2D594895" "T"@"SEL$8" "OWN"@"SEL$7" "PROVIDER"@"SEL$23" "AUTH"@"SEL$21" "MEMBER"@"SEL$11"
              "PREVOWNER"@"SEL$9" "SENDER"@"SEL$27" "CASEORCM"@"SEL$19" "TASKTYPE"@"SEL$15" "ORIGCREATOR"@"SEL$13" "MOD"@"SEL$25"
              "REASON"@"SEL$17")
      USE_MERGE_CARTESIAN(@"SEL$2D594895" "OWN"@"SEL$7")
      USE_NL(@"SEL$2D594895" "PROVIDER"@"SEL$23")
      USE_NL(@"SEL$2D594895" "AUTH"@"SEL$21")
      USE_NL(@"SEL$2D594895" "MEMBER"@"SEL$11")
      USE_NL(@"SEL$2D594895" "PREVOWNER"@"SEL$9")
      USE_NL(@"SEL$2D594895" "SENDER"@"SEL$27")
      USE_NL(@"SEL$2D594895" "CASEORCM"@"SEL$19")
      USE_NL(@"SEL$2D594895" "TASKTYPE"@"SEL$15")
      USE_NL(@"SEL$2D594895" "ORIGCREATOR"@"SEL$13")
      USE_NL(@"SEL$2D594895" "MOD"@"SEL$25")
      USE_NL(@"SEL$2D594895" "REASON"@"SEL$17")
      INDEX_RS_ASC(@"SEL$5" "T_CM_BASEBASE"@"SEL$5" ("T_CM_BASEBASE"."CMBB_ID"))
      INDEX_RS_ASC(@"SEL$4" "T_UM_BASE"@"SEL$4" ("T_UM_BASE"."UMBS_ID"))
      END_OUTLINE_DATA
  */

Peeked Binds (identified by position):
--------------------------------------

   1 - :SYS_B_0 (NUMBER): 2
   2 - :1 (NUMBER): 11640563
   3 - :2 (NUMBER): 1
   4 - :3 (NUMBER): 3
   5 - :4 (NUMBER): 905
   6 - :5 (NUMBER): 906
   7 - :6 (NUMBER): 907
   8 - :7 (NUMBER): 908
   9 - :8 (NUMBER): 911
  10 - :9 (NUMBER): 912
  11 - :10 (NUMBER): 913
  12 - :SYS_B_1 (NUMBER): 500
  13 - :SYS_B_2 (VARCHAR2(30), CSID=178): '2020.12.04'
  14 - :SYS_B_3 (VARCHAR2(30), CSID=178): 'yyyy.MM.dd'

Note
-----
   - dynamic statistics used: dynamic sampling (level=2)
   - 5 Sql Plan Directives used for this statement

SQL_ID 0sjx29v99zfqc
--------------------
SELECT INFO_WITH_MEMBER_ID.*,     enrollment.ELNS_INSCPRSRGRP
ipgGroupId,     benefit.BENP_LWSTLVL_PRODCAT productCategoryId,
affMember.USR_FRSTNAM affiliatedMemberFirstName,
affMember.USR_LAS_NAM affiliatedMemberLastName FROM (   SELECT INFO.*,
   CASE     WHEN INFO.memberAffiliationId IS NOT NULL THEN
(INFO.memberAffiliationId)     WHEN INFO.authAffiliationId IS NOT NULL
THEN (SELECT UMBS_MEMB FROM T_UM_BASE WHERE
UMBS_ID=INFO.authAffiliationId)     WHEN
INFO.careManagementAffiliationId IS NOT NULL THEN (SELECT CMBS_MEMB
FROM T_CM_BASEBASE WHERE CMBB_ID=INFO.careManagementAffiliationId)
WHEN INFO.providerAffiliationId IS NOT NULL THEN
(INFO.providerAffiliationId)     ELSE (NULL)     END
affiliatedMemberId   FROM (   SELECT * FROM (     SELECT
T.SETK_ID AS id,         T.SETK_C4C_ID AS c4cId,         T.SETK_UNIVID
AS universalId,         taskType.TSKT_RCPTTYP AS categoryId,
T.SETK_TSK_TYP AS taskTypeId,         taskType.DDLI_LBL AS
taskTypeLabel,         T.SETK_TSK_NAM AS taskName,         T.SETK_SUBJ
AS subject,         T.SETK_CRTD AS createDate,         T.SETK_SENT AS
sentDate,         T.SETK_SRTD AS startedDate,
T.SETK_TSK_TIMG_STRTDT AS startDate,         T.SETK_TSK_TIMG_SCLDAT AS
startDateSeconds,         T.SETK_TSK_TIMG_DDLN_DT AS dueDate,
T.SETK_TSK_TIMG_DDLN_TIM_IN_DY AS dueDateSeconds,         T.SETK_OWNR
AS ownerId,         own.USR_FRSTNAM AS ownerFirstName,
own.USR_LAS_NAM AS ownerLastName,         own.CLASSTYPE AS ownerType,
      T.SETK_OBJ_STT AS status,         T.SETK_AFFN_MEMB AS
memberAffiliationId,         member.USR_C4C_ID AS memberC4cId,
member.USR_FRSTNAM AS memberFirstName,         member.USR_LAS_NAM AS
memberLastName,         T.SETK_AFFN_CM AS careManagementAffiliationId,
       caseOrCm.CMBB_C4C_ID AS caseOrCmC4cId,
T.SETK_AFFN_UM_EVNT AS authAffiliationId,         auth.UMBS_C4C_ID AS
authAffiliationC4cId,         T.SETK_AFFN_PVDR AS
providerAffiliationId,         provider.USR_C4C_ID AS providerC4cId,
     T.SETK_TSK_TIMG_SNLTDT AS startNoLaterThanDate,
T.SETK_CNCLRESN AS cancelReasonId,         T.SETK_ORIGCRTR AS
originalCreatorId,         origCreator.USR_FRSTNAM AS
originalCreatorFirstName,         origCreator.USR_LAS_NAM AS
originalCreatorLastName,         caseOrCm.CLASSTYPE AS
caseOrCmClasstype,         T.SETK_TSK_DSCN AS description,
T.SETK_CMPD AS completedDate,         T.SETK_LAS_ACT_TIM AS
lastActionDate,         mod.USR_FRSTNAM lastModifiedByFirstName,
 mod.USR_LAS_NAM lastModifiedByLastName,         T.SETK_PRVSOWNR AS
previousOwnerId,         prevOwner.USR_FRSTNAM AS
previousOwnerFirstName,         prevOwner.USR_LAS_NAM AS
previousOwnerLastName,         prevOwner.CLASSTYPE AS
previousOwnerType,         CASE             WHEN
T.SETK_TSK_TIMG_DDLN_DT IS NOT NULL THEN (T.SETK_TSK_TIMG_DDLN_DT)
       WHEN T.SETK_TSK_TIMG_STRTDT IS NOT NULL THEN
(T.SETK_TSK_TIMG_STRTDT)             WHEN T.SETK_TSK_TIMG_SNLTDT IS NOT
NULL THEN (T.SETK_TSK_TIMG_SNLTDT)             ELSE (NULL)         END
       filterDate,         sender.USR_FRSTNAM fromUserFirstName,
 sender.USR_LAS_NAM fromUserLastName,         T.SETK_RESCHEDULE_REASON
AS rescheduleReason,         reason.DDLI_LBL AS rescheduleReasonLabel,
       T.SETK_RESCHEDULE_COMMENT AS rescheduleComment       FROM
T_SENTTSK T       LEFT OUTER JOIN T_USR own ON own.USR_ID=T.SETK_OWNR
    LEFT OUTER JOIN T_USR prevOwner ON prevOwner.USR_ID=T.SETK_PRVSOWNR
      LEFT OUTER JOIN T_USR member ON member.USR_ID=T.SETK_AFFN_MEMB
   LEFT OUTER JOIN T_USR origCreator ON
origCreator.USR_ID=T.SETK_ORIGCRTR       LEFT OUTER JOIN T_DDL_ITEM
taskType ON taskType.DDLI_ID=T.SETK_TSK_TYP       LEFT OUTER JOIN
T_DDL_ITEM reason ON reason.DDLI_ID=T.SETK_RESCHEDULE_REASON       LEFT
OUTER JOIN T_CM_BASEBASE caseOrCm ON caseOrCm.CMBB_ID=T.SETK_AFFN_CM
   LEFT OUTER JOIN T_UM_BASE auth ON auth.UMBS_ID=T.SETK_AFFN_UM_EVNT
    LEFT OUTER JOIN T_USR provider

Plan hash value: 1870894448

---------------------------------------------------------------------------------------------------------------------------------
| Id  | Operation                                       | Name                          | Rows  | Bytes | Cost (%CPU)| Time     |
---------------------------------------------------------------------------------------------------------------------------------
|   0 | SELECT STATEMENT                                |                               |       |       |  2254K(100)|          |
|   1 |  TABLE ACCESS BY INDEX ROWID                    | T_UM_BASE                     |     1 |    12 |     1   (0)| 00:00:01 |
|   2 |   INDEX UNIQUE SCAN                             | PK_T_UM_BASE                  |     1 |       |     1   (0)| 00:00:01 |
|   3 |   TABLE ACCESS BY INDEX ROWID                   | T_CM_BASEBASE                 |     1 |    12 |     1   (0)| 00:00:01 |
|   4 |    INDEX UNIQUE SCAN                            | PK_T_CM_BASEBASE              |     1 |       |     1   (0)| 00:00:01 |
|   5 |  NESTED LOOPS OUTER                             |                               |    16 |   733K|  2254K  (1)| 00:01:29 |
|   6 |   NESTED LOOPS OUTER                            |                               |    16 |   732K|  2254K  (1)| 00:01:29 |
|   7 |    HASH JOIN RIGHT OUTER                        |                               |    16 |   732K|  2254K  (1)| 00:01:29 |
|   8 |     VIEW                                        | V_CURR_ENROLLMENT             |     2 |    78 |  2254K  (1)| 00:01:29 |
|   9 |      SORT UNIQUE                                |                               |     2 |  1092 |  2254K  (1)| 00:01:29 |
|  10 |       UNION-ALL                                 |                               |       |       |            |          |
|  11 |        FILTER                                   |                               |       |       |            |          |
|  12 |         FILTER                                  |                               |       |       |            |          |
|  13 |          TABLE ACCESS STORAGE FULL              | T_ENNS                        |   245K|    63M|   160K  (1)| 00:00:07 |
|  14 |          FAST DUAL                              |                               |     1 |       |     2   (0)| 00:00:01 |
|  15 |         SORT GROUP BY NOSORT                    |                               |     1 |    72 |     4   (0)| 00:00:01 |
|  16 |          NESTED LOOPS OUTER                     |                               |     1 |    72 |     4   (0)| 00:00:01 |
|  17 |           NESTED LOOPS                          |                               |     1 |    50 |     3   (0)| 00:00:01 |
|  18 |            NESTED LOOPS                         |                               |     1 |    12 |     2   (0)| 00:00:01 |
|  19 |             INDEX UNIQUE SCAN                   | PK_T_USR                      |     1 |     6 |     1   (0)| 00:00:01 |
|  20 |             INDEX RANGE SCAN                    | IX_NVL_USR_MRGEMSTR_USR_ID    |     1 |     6 |     1   (0)| 00:00:01 |
|  21 |            TABLE ACCESS BY INDEX ROWID          | T_ENNS                        |     1 |    38 |     1   (0)| 00:00:01 |
|  22 |             INDEX RANGE SCAN                    | IX_ELNS_MEMBENLTDTDSNTDTSTTID |     2 |       |     1   (0)| 00:00:01 |
|  23 |           TABLE ACCESS BY INDEX ROWID           | T_ENNS                        |     1 |    22 |     1   (0)| 00:00:01 |
|  24 |            INDEX RANGE SCAN                     | IX_ELNS_MEMBENPENLTDSNDT      |     1 |       |     1   (0)| 00:00:01 |
|  25 |        FILTER                                   |                               |       |       |            |          |
|  26 |         FILTER                                  |                               |       |       |            |          |
|  27 |          TABLE ACCESS STORAGE FULL              | T_ENNS                        |   245K|    63M|   160K  (1)| 00:00:07 |
|  28 |          FAST DUAL                              |                               |     1 |       |     2   (0)| 00:00:01 |
|  29 |         SORT GROUP BY NOSORT                    |                               |     1 |    72 |     4   (0)| 00:00:01 |
|  30 |          NESTED LOOPS OUTER                     |                               |     1 |    72 |     4   (0)| 00:00:01 |
|  31 |           NESTED LOOPS                          |                               |     1 |    50 |     3   (0)| 00:00:01 |
|  32 |            NESTED LOOPS                         |                               |     1 |    12 |     2   (0)| 00:00:01 |
|  33 |             INDEX UNIQUE SCAN                   | PK_T_USR                      |     1 |     6 |     1   (0)| 00:00:01 |
|  34 |             INDEX RANGE SCAN                    | IX_NVL_USR_MRGEMSTR_USR_ID    |     1 |     6 |     1   (0)| 00:00:01 |
|  35 |            TABLE ACCESS BY INDEX ROWID          | T_ENNS                        |     1 |    38 |     1   (0)| 00:00:01 |
|  36 |             INDEX RANGE SCAN                    | IX_ELNS_MEMBENLTDTDSNTDTSTTID |     2 |       |     1   (0)| 00:00:01 |
|  37 |           TABLE ACCESS BY INDEX ROWID           | T_ENNS                        |     1 |    22 |     1   (0)| 00:00:01 |
|  38 |            INDEX RANGE SCAN                     | IX_ELNS_MEMBENPENLTDSNDT      |     1 |       |     1   (0)| 00:00:01 |
|  39 |     VIEW                                        |                               |    16 |   732K|    30   (4)| 00:00:01 |
|  40 |      VIEW                                       |                               |    16 |   731K|    14   (8)| 00:00:01 |
|  41 |       COUNT STOPKEY                             |                               |       |       |            |          |
|  42 |        VIEW                                     |                               |    16 |   731K|    14   (8)| 00:00:01 |
|  43 |         SORT ORDER BY STOPKEY                   |                               |    16 | 12480 |    14   (8)| 00:00:01 |
|  44 |          NESTED LOOPS OUTER                     |                               |    16 | 12480 |    13   (0)| 00:00:01 |
|  45 |           NESTED LOOPS OUTER                    |                               |    16 | 12096 |    12   (0)| 00:00:01 |
|  46 |            NESTED LOOPS OUTER                   |                               |    16 | 11744 |    11   (0)| 00:00:01 |
|  47 |             NESTED LOOPS OUTER                  |                               |    16 | 11392 |    10   (0)| 00:00:01 |
|  48 |              NESTED LOOPS OUTER                 |                               |    16 | 10944 |     9   (0)| 00:00:01 |
|  49 |               NESTED LOOPS OUTER                |                               |    16 | 10592 |     8   (0)| 00:00:01 |
|  50 |                NESTED LOOPS OUTER               |                               |    16 | 10016 |     7   (0)| 00:00:01 |
|  51 |                 NESTED LOOPS OUTER              |                               |    16 |  9456 |     6   (0)| 00:00:01 |
|  52 |                  NESTED LOOPS OUTER             |                               |    16 |  9104 |     5   (0)| 00:00:01 |
|  53 |                   NESTED LOOPS OUTER            |                               |    16 |  8816 |     4   (0)| 00:00:01 |
|  54 |                    MERGE JOIN OUTER             |                               |    16 |  8512 |     3   (0)| 00:00:01 |
|  55 |                     INLIST ITERATOR             |                               |       |       |            |          |
|  56 |                      TABLE ACCESS BY INDEX ROWID| T_SENTTSK                     |    16 |  7936 |     2   (0)| 00:00:01 |
|  57 |                       INDEX RANGE SCAN          | IX_SETK_OBJ_STT               |  1759 |       |     1   (0)| 00:00:01 |
|  58 |                     BUFFER SORT                 |                               |     1 |    36 |     1   (0)| 00:00:01 |
|  59 |                      TABLE ACCESS BY INDEX ROWID| T_USR                         |     1 |    36 |     1   (0)| 00:00:01 |
|  60 |                       INDEX UNIQUE SCAN         | PK_T_USR                      |     1 |       |     1   (0)| 00:00:01 |
|  61 |                    TABLE ACCESS BY INDEX ROWID  | T_USR                         |     1 |    19 |     1   (0)| 00:00:01 |
|  62 |                     INDEX UNIQUE SCAN           | PK_T_USR                      |     1 |       |     1   (0)| 00:00:01 |
|  63 |                   TABLE ACCESS BY INDEX ROWID   | T_UM_BASE                     |     1 |    18 |     1   (0)| 00:00:01 |
|  64 |                    INDEX UNIQUE SCAN            | PK_T_UM_BASE                  |     1 |       |     1   (0)| 00:00:01 |
|  65 |                  TABLE ACCESS BY INDEX ROWID    | T_DDL_ITEM                    |     1 |    22 |     1   (0)| 00:00:01 |
|  66 |                   INDEX UNIQUE SCAN             | PK_T_DDL_ITEM                 |     1 |       |     1   (0)| 00:00:01 |
|  67 |                 TABLE ACCESS BY INDEX ROWID     | T_USR                         |     1 |    35 |     1   (0)| 00:00:01 |
|  68 |                  INDEX UNIQUE SCAN              | PK_T_USR                      |     1 |       |     1   (0)| 00:00:01 |
|  69 |                TABLE ACCESS BY INDEX ROWID      | T_USR                         |     1 |    36 |     1   (0)| 00:00:01 |
|  70 |                 INDEX UNIQUE SCAN               | PK_T_USR                      |     1 |       |     1   (0)| 00:00:01 |
|  71 |               TABLE ACCESS BY INDEX ROWID       | T_USR                         |     1 |    22 |     1   (0)| 00:00:01 |
|  72 |                INDEX UNIQUE SCAN                | PK_T_USR                      |     1 |       |     1   (0)| 00:00:01 |
|  73 |              TABLE ACCESS BY INDEX ROWID        | T_CM_BASEBASE                 |     1 |    28 |     1   (0)| 00:00:01 |
|  74 |               INDEX UNIQUE SCAN                 | PK_T_CM_BASEBASE              |     1 |       |     1   (0)| 00:00:01 |
|  75 |             TABLE ACCESS BY INDEX ROWID         | T_USR                         |     1 |    22 |     1   (0)| 00:00:01 |
|  76 |              INDEX UNIQUE SCAN                  | PK_T_USR                      |     1 |       |     1   (0)| 00:00:01 |
|  77 |            TABLE ACCESS BY INDEX ROWID          | T_USR                         |     1 |    22 |     1   (0)| 00:00:01 |
|  78 |             INDEX UNIQUE SCAN                   | PK_T_USR                      |     1 |       |     1   (0)| 00:00:01 |
|  79 |           TABLE ACCESS BY INDEX ROWID           | T_DDL_ITEM                    |     1 |    24 |     1   (0)| 00:00:01 |
|  80 |            INDEX UNIQUE SCAN                    | PK_T_DDL_ITEM                 |     1 |       |     1   (0)| 00:00:01 |
|  81 |    TABLE ACCESS BY INDEX ROWID                  | T_BENSPKG                     |     1 |    12 |     1   (0)| 00:00:01 |
|  82 |     INDEX UNIQUE SCAN                           | PK_T_BENSPKG                  |     1 |       |     1   (0)| 00:00:01 |
|  83 |   TABLE ACCESS BY INDEX ROWID                   | T_USR                         |     1 |    22 |     1   (0)| 00:00:01 |
|  84 |    INDEX UNIQUE SCAN                            | PK_T_USR                      |     1 |       |     1   (0)| 00:00:01 |
---------------------------------------------------------------------------------------------------------------------------------

Query Block Name / Object Alias (identified by operation id):
-------------------------------------------------------------

   1 - SEL$4        / T_UM_BASE@SEL$4
   2 - SEL$4        / T_UM_BASE@SEL$4
   3 - SEL$5        / T_CM_BASEBASE@SEL$5
   4 - SEL$5        / T_CM_BASEBASE@SEL$5
   5 - SEL$0C04A374
   8 - SET$1        / ENROLLMENT@SEL$30
   9 - SET$1
  11 - SEL$35
  13 - SEL$35       / T_SRC_ENNS@SEL$35
  14 - SEL$40       / DUAL@SEL$40
  15 - SEL$5F185B4C
  19 - SEL$5F185B4C / T_ENNS_MASTERUSER@SEL$31
  20 - SEL$5F185B4C / T_ENNS_SLAVEUSER@SEL$31
  21 - SEL$5F185B4C / T_CURR_ENNS@SEL$32
  22 - SEL$5F185B4C / T_CURR_ENNS@SEL$32
  23 - SEL$5F185B4C / T_MAX_DISENROLLMENT_ENROLLMENT@SEL$33
  24 - SEL$5F185B4C / T_MAX_DISENROLLMENT_ENROLLMENT@SEL$33
  25 - SEL$42
  27 - SEL$42       / T_SRC_ENNS@SEL$42
  28 - SEL$43       / DUAL@SEL$43
  29 - SEL$CDBEA42D
  33 - SEL$CDBEA42D / T_ENNS_MASTERUSER@SEL$36
  34 - SEL$CDBEA42D / T_ENNS_SLAVEUSER@SEL$36
  35 - SEL$CDBEA42D / T_CURR_ENNS@SEL$37
  36 - SEL$CDBEA42D / T_CURR_ENNS@SEL$37
  37 - SEL$CDBEA42D / T_MAX_DISENROLLMENT_ENROLLMENT@SEL$38
  38 - SEL$CDBEA42D / T_MAX_DISENROLLMENT_ENROLLMENT@SEL$38
  39 - SEL$3        / INFO_WITH_MEMBER_ID@SEL$2
  40 - SEL$6        / INFO@SEL$3
  41 - SEL$6
  42 - SEL$2D594895 / from$_subquery$_005@SEL$6
  43 - SEL$2D594895
  56 - SEL$2D594895 / T@SEL$8
  57 - SEL$2D594895 / T@SEL$8
  59 - SEL$2D594895 / OWN@SEL$7
  60 - SEL$2D594895 / OWN@SEL$7
  61 - SEL$2D594895 / PROVIDER@SEL$23
  62 - SEL$2D594895 / PROVIDER@SEL$23
  63 - SEL$2D594895 / AUTH@SEL$21
  64 - SEL$2D594895 / AUTH@SEL$21
  65 - SEL$2D594895 / REASON@SEL$17
  66 - SEL$2D594895 / REASON@SEL$17
  67 - SEL$2D594895 / MEMBER@SEL$11
  68 - SEL$2D594895 / MEMBER@SEL$11
  69 - SEL$2D594895 / PREVOWNER@SEL$9
  70 - SEL$2D594895 / PREVOWNER@SEL$9
  71 - SEL$2D594895 / SENDER@SEL$27
  72 - SEL$2D594895 / SENDER@SEL$27
  73 - SEL$2D594895 / CASEORCM@SEL$19
  74 - SEL$2D594895 / CASEORCM@SEL$19
  75 - SEL$2D594895 / ORIGCREATOR@SEL$13
  76 - SEL$2D594895 / ORIGCREATOR@SEL$13
  77 - SEL$2D594895 / MOD@SEL$25
  78 - SEL$2D594895 / MOD@SEL$25
  79 - SEL$2D594895 / TASKTYPE@SEL$15
  80 - SEL$2D594895 / TASKTYPE@SEL$15
  81 - SEL$0C04A374 / BENEFIT@SEL$46
  82 - SEL$0C04A374 / BENEFIT@SEL$46
  83 - SEL$0C04A374 / AFFMEMBER@SEL$1
  84 - SEL$0C04A374 / AFFMEMBER@SEL$1

Outline Data
-------------

  /*+
      BEGIN_OUTLINE_DATA
      IGNORE_OPTIM_EMBEDDED_HINTS
      OPTIMIZER_FEATURES_ENABLE('12.1.0.2')
      DB_VERSION('12.1.0.2')
      OPT_PARAM('optimizer_index_cost_adj' 1)
      OPT_PARAM('optimizer_index_caching' 90)
      ALL_ROWS
      OUTLINE_LEAF(@"SEL$4")
      OUTLINE_LEAF(@"SEL$5")
      OUTLINE_LEAF(@"SEL$2D594895")
      MERGE(@"SEL$2DE0C8FF")
      OUTLINE_LEAF(@"SEL$6")
      OUTLINE_LEAF(@"SEL$3")
      OUTLINE_LEAF(@"SEL$40")
      OUTLINE_LEAF(@"SEL$5F185B4C")
      MERGE(@"SEL$6B15F4E0")
      OUTLINE_LEAF(@"SEL$35")
      OUTLINE_LEAF(@"SEL$43")
      OUTLINE_LEAF(@"SEL$CDBEA42D")
      MERGE(@"SEL$57BA8109")
      OUTLINE_LEAF(@"SEL$42")
      OUTLINE_LEAF(@"SET$1")
      OUTLINE_LEAF(@"SEL$0C04A374")
      MERGE(@"SEL$BC270230")
      OUTLINE(@"SEL$29")
      OUTLINE(@"SEL$2DE0C8FF")
      MERGE(@"SEL$27")
      MERGE(@"SEL$3B95C159")
      OUTLINE(@"SEL$41")
      OUTLINE(@"SEL$6B15F4E0")
      MERGE(@"SEL$78FE80F3")
      OUTLINE(@"SEL$44")
      OUTLINE(@"SEL$57BA8109")
      MERGE(@"SEL$516D3A01")
      OUTLINE(@"SEL$48")
      OUTLINE(@"SEL$BC270230")
      MERGE(@"SEL$409758B4")
      MERGE(@"SEL$46")
      OUTLINE(@"SEL$28")
      OUTLINE(@"SEL$27")
      OUTLINE(@"SEL$3B95C159")
      MERGE(@"SEL$25")
      MERGE(@"SEL$6D003707")
      OUTLINE(@"SEL$D570F096")
      MERGE(@"SEL$33")
      OUTLINE(@"SEL$78FE80F3")
      MERGE(@"SEL$31")
      OUTLINE(@"SEL$067B9A3E")
      MERGE(@"SEL$38")
      OUTLINE(@"SEL$516D3A01")
      MERGE(@"SEL$36")
      OUTLINE(@"SEL$47")
      OUTLINE(@"SEL$409758B4")
      MERGE(@"SEL$30")
      MERGE(@"SEL$58A6D7F6")
      OUTLINE(@"SEL$46")
      OUTLINE(@"SEL$26")
      OUTLINE(@"SEL$25")
      OUTLINE(@"SEL$6D003707")
      MERGE(@"SEL$23")
      MERGE(@"SEL$23FAB6D1")
      OUTLINE(@"SEL$34")
      OUTLINE(@"SEL$33")
      OUTLINE(@"SEL$32")
      OUTLINE(@"SEL$31")
      OUTLINE(@"SEL$39")
      OUTLINE(@"SEL$38")
      OUTLINE(@"SEL$37")
      OUTLINE(@"SEL$36")
      OUTLINE(@"SEL$45")
      OUTLINE(@"SEL$30")
      OUTLINE(@"SEL$58A6D7F6")
      MERGE(@"SEL$1")
      OUTLINE(@"SEL$24")
      OUTLINE(@"SEL$23")
      OUTLINE(@"SEL$23FAB6D1")
      MERGE(@"SEL$21")
      MERGE(@"SEL$97A30ECD")
      OUTLINE(@"SEL$2")
      OUTLINE(@"SEL$1")
      OUTLINE(@"SEL$22")
      OUTLINE(@"SEL$21")
      OUTLINE(@"SEL$97A30ECD")
      MERGE(@"SEL$19")
      MERGE(@"SEL$CF22A5CA")
      OUTLINE(@"SEL$20")
      OUTLINE(@"SEL$19")
      OUTLINE(@"SEL$CF22A5CA")
      MERGE(@"SEL$17")
      MERGE(@"SEL$FF97D7FC")
      OUTLINE(@"SEL$18")
      OUTLINE(@"SEL$17")
      OUTLINE(@"SEL$FF97D7FC")
      MERGE(@"SEL$15")
      MERGE(@"SEL$DE5D921C")
      OUTLINE(@"SEL$16")
      OUTLINE(@"SEL$15")
      OUTLINE(@"SEL$DE5D921C")
      MERGE(@"SEL$01DD7F33")
      MERGE(@"SEL$13")
      OUTLINE(@"SEL$14")
      OUTLINE(@"SEL$01DD7F33")
      MERGE(@"SEL$11")
      MERGE(@"SEL$BDFBA881")
      OUTLINE(@"SEL$13")
      OUTLINE(@"SEL$12")
      OUTLINE(@"SEL$11")
      OUTLINE(@"SEL$BDFBA881")
      MERGE(@"SEL$9")
      MERGE(@"SEL$FC56C448")
      OUTLINE(@"SEL$10")
      OUTLINE(@"SEL$9")
      OUTLINE(@"SEL$FC56C448")
      MERGE(@"SEL$7")
      OUTLINE(@"SEL$8")
      OUTLINE(@"SEL$7")
      NO_ACCESS(@"SEL$0C04A374" "INFO_WITH_MEMBER_ID"@"SEL$2")
      NO_ACCESS(@"SEL$0C04A374" "ENROLLMENT"@"SEL$30")
      INDEX_RS_ASC(@"SEL$0C04A374" "BENEFIT"@"SEL$46" ("T_BENSPKG"."BENP_ID"))
      INDEX_RS_ASC(@"SEL$0C04A374" "AFFMEMBER"@"SEL$1" ("T_USR"."USR_ID"))
      LEADING(@"SEL$0C04A374" "INFO_WITH_MEMBER_ID"@"SEL$2" "ENROLLMENT"@"SEL$30" "BENEFIT"@"SEL$46" "AFFMEMBER"@"SEL$1")
      USE_HASH(@"SEL$0C04A374" "ENROLLMENT"@"SEL$30")
      USE_NL(@"SEL$0C04A374" "BENEFIT"@"SEL$46")
      USE_NL(@"SEL$0C04A374" "AFFMEMBER"@"SEL$1")
      SWAP_JOIN_INPUTS(@"SEL$0C04A374" "ENROLLMENT"@"SEL$30")
      NO_ACCESS(@"SEL$3" "INFO"@"SEL$3")
      FULL(@"SEL$42" "T_SRC_ENNS"@"SEL$42")
      PQ_FILTER(@"SEL$42" SERIAL)
      FULL(@"SEL$35" "T_SRC_ENNS"@"SEL$35")
      PQ_FILTER(@"SEL$35" SERIAL)
      INDEX(@"SEL$5F185B4C" "T_ENNS_MASTERUSER"@"SEL$31" ("T_USR"."USR_ID"))
      INDEX(@"SEL$5F185B4C" "T_ENNS_SLAVEUSER"@"SEL$31" "IX_NVL_USR_MRGEMSTR_USR_ID")
      INDEX_RS_ASC(@"SEL$5F185B4C" "T_CURR_ENNS"@"SEL$32" "IX_ELNS_MEMBENLTDTDSNTDTSTTID")
      INDEX_RS_ASC(@"SEL$5F185B4C" "T_MAX_DISENROLLMENT_ENROLLMENT"@"SEL$33" "IX_ELNS_MEMBENPENLTDSNDT")
      LEADING(@"SEL$5F185B4C" "T_ENNS_MASTERUSER"@"SEL$31" "T_ENNS_SLAVEUSER"@"SEL$31" "T_CURR_ENNS"@"SEL$32"
              "T_MAX_DISENROLLMENT_ENROLLMENT"@"SEL$33")
      USE_NL(@"SEL$5F185B4C" "T_ENNS_SLAVEUSER"@"SEL$31")
      USE_NL(@"SEL$5F185B4C" "T_CURR_ENNS"@"SEL$32")
      USE_NL(@"SEL$5F185B4C" "T_MAX_DISENROLLMENT_ENROLLMENT"@"SEL$33")
      INDEX(@"SEL$CDBEA42D" "T_ENNS_MASTERUSER"@"SEL$36" ("T_USR"."USR_ID"))
      INDEX(@"SEL$CDBEA42D" "T_ENNS_SLAVEUSER"@"SEL$36" "IX_NVL_USR_MRGEMSTR_USR_ID")
      INDEX_RS_ASC(@"SEL$CDBEA42D" "T_CURR_ENNS"@"SEL$37" "IX_ELNS_MEMBENLTDTDSNTDTSTTID")
      INDEX_RS_ASC(@"SEL$CDBEA42D" "T_MAX_DISENROLLMENT_ENROLLMENT"@"SEL$38" "IX_ELNS_MEMBENPENLTDSNDT")
      LEADING(@"SEL$CDBEA42D" "T_ENNS_MASTERUSER"@"SEL$36" "T_ENNS_SLAVEUSER"@"SEL$36" "T_CURR_ENNS"@"SEL$37"
              "T_MAX_DISENROLLMENT_ENROLLMENT"@"SEL$38")
      USE_NL(@"SEL$CDBEA42D" "T_ENNS_SLAVEUSER"@"SEL$36")
      USE_NL(@"SEL$CDBEA42D" "T_CURR_ENNS"@"SEL$37")
      USE_NL(@"SEL$CDBEA42D" "T_MAX_DISENROLLMENT_ENROLLMENT"@"SEL$38")
      NO_ACCESS(@"SEL$6" "from$_subquery$_005"@"SEL$6")
      INDEX_RS_ASC(@"SEL$2D594895" "T"@"SEL$8" ("T_SENTTSK"."SETK_OBJ_STT"))
      INDEX_RS_ASC(@"SEL$2D594895" "OWN"@"SEL$7" ("T_USR"."USR_ID"))
      INDEX_RS_ASC(@"SEL$2D594895" "PROVIDER"@"SEL$23" ("T_USR"."USR_ID"))
      INDEX_RS_ASC(@"SEL$2D594895" "AUTH"@"SEL$21" ("T_UM_BASE"."UMBS_ID"))
      INDEX_RS_ASC(@"SEL$2D594895" "REASON"@"SEL$17" ("T_DDL_ITEM"."DDLI_ID"))
      INDEX_RS_ASC(@"SEL$2D594895" "MEMBER"@"SEL$11" ("T_USR"."USR_ID"))
      INDEX_RS_ASC(@"SEL$2D594895" "PREVOWNER"@"SEL$9" ("T_USR"."USR_ID"))
      INDEX_RS_ASC(@"SEL$2D594895" "SENDER"@"SEL$27" ("T_USR"."USR_ID"))
      INDEX_RS_ASC(@"SEL$2D594895" "CASEORCM"@"SEL$19" ("T_CM_BASEBASE"."CMBB_ID"))
      INDEX_RS_ASC(@"SEL$2D594895" "ORIGCREATOR"@"SEL$13" ("T_USR"."USR_ID"))
      INDEX_RS_ASC(@"SEL$2D594895" "MOD"@"SEL$25" ("T_USR"."USR_ID"))
      INDEX_RS_ASC(@"SEL$2D594895" "TASKTYPE"@"SEL$15" ("T_DDL_ITEM"."DDLI_ID"))
      LEADING(@"SEL$2D594895" "T"@"SEL$8" "OWN"@"SEL$7" "PROVIDER"@"SEL$23" "AUTH"@"SEL$21" "REASON"@"SEL$17"
              "MEMBER"@"SEL$11" "PREVOWNER"@"SEL$9" "SENDER"@"SEL$27" "CASEORCM"@"SEL$19" "ORIGCREATOR"@"SEL$13" "MOD"@"SEL$25"
              "TASKTYPE"@"SEL$15")
      USE_MERGE_CARTESIAN(@"SEL$2D594895" "OWN"@"SEL$7")
      USE_NL(@"SEL$2D594895" "PROVIDER"@"SEL$23")
      USE_NL(@"SEL$2D594895" "AUTH"@"SEL$21")
      USE_NL(@"SEL$2D594895" "REASON"@"SEL$17")
      USE_NL(@"SEL$2D594895" "MEMBER"@"SEL$11")
      USE_NL(@"SEL$2D594895" "PREVOWNER"@"SEL$9")
      USE_NL(@"SEL$2D594895" "SENDER"@"SEL$27")
      USE_NL(@"SEL$2D594895" "CASEORCM"@"SEL$19")
      USE_NL(@"SEL$2D594895" "ORIGCREATOR"@"SEL$13")
      USE_NL(@"SEL$2D594895" "MOD"@"SEL$25")
      USE_NL(@"SEL$2D594895" "TASKTYPE"@"SEL$15")
      INDEX_RS_ASC(@"SEL$5" "T_CM_BASEBASE"@"SEL$5" ("T_CM_BASEBASE"."CMBB_ID"))
      INDEX_RS_ASC(@"SEL$4" "T_UM_BASE"@"SEL$4" ("T_UM_BASE"."UMBS_ID"))
      END_OUTLINE_DATA
  */

Peeked Binds (identified by position):
--------------------------------------

   1 - :SYS_B_0 (NUMBER): 2
   2 - :1 (NUMBER): 11640563
   3 - :2 (NUMBER): 1
   4 - :3 (NUMBER): 3
   5 - :4 (NUMBER): 905
   6 - :5 (NUMBER): 906
   7 - :6 (NUMBER): 907
   8 - :7 (NUMBER): 908
   9 - :8 (NUMBER): 911
  10 - :9 (NUMBER): 912
  11 - :10 (NUMBER): 913
  12 - :SYS_B_1 (NUMBER): 500
  13 - :SYS_B_2 (VARCHAR2(30), CSID=178): '2020.12.26'
  14 - :SYS_B_3 (VARCHAR2(30), CSID=178): 'yyyy.MM.dd'

Note
-----
   - dynamic statistics used: dynamic sampling (level=2)
   - 5 Sql Plan Directives used for this statement

SQL_ID 0sjx29v99zfqc
--------------------
SELECT INFO_WITH_MEMBER_ID.*,     enrollment.ELNS_INSCPRSRGRP
ipgGroupId,     benefit.BENP_LWSTLVL_PRODCAT productCategoryId,
affMember.USR_FRSTNAM affiliatedMemberFirstName,
affMember.USR_LAS_NAM affiliatedMemberLastName FROM (   SELECT INFO.*,
   CASE     WHEN INFO.memberAffiliationId IS NOT NULL THEN
(INFO.memberAffiliationId)     WHEN INFO.authAffiliationId IS NOT NULL
THEN (SELECT UMBS_MEMB FROM T_UM_BASE WHERE
UMBS_ID=INFO.authAffiliationId)     WHEN
INFO.careManagementAffiliationId IS NOT NULL THEN (SELECT CMBS_MEMB
FROM T_CM_BASEBASE WHERE CMBB_ID=INFO.careManagementAffiliationId)
WHEN INFO.providerAffiliationId IS NOT NULL THEN
(INFO.providerAffiliationId)     ELSE (NULL)     END
affiliatedMemberId   FROM (   SELECT * FROM (     SELECT
T.SETK_ID AS id,         T.SETK_C4C_ID AS c4cId,         T.SETK_UNIVID
AS universalId,         taskType.TSKT_RCPTTYP AS categoryId,
T.SETK_TSK_TYP AS taskTypeId,         taskType.DDLI_LBL AS
taskTypeLabel,         T.SETK_TSK_NAM AS taskName,         T.SETK_SUBJ
AS subject,         T.SETK_CRTD AS createDate,         T.SETK_SENT AS
sentDate,         T.SETK_SRTD AS startedDate,
T.SETK_TSK_TIMG_STRTDT AS startDate,         T.SETK_TSK_TIMG_SCLDAT AS
startDateSeconds,         T.SETK_TSK_TIMG_DDLN_DT AS dueDate,
T.SETK_TSK_TIMG_DDLN_TIM_IN_DY AS dueDateSeconds,         T.SETK_OWNR
AS ownerId,         own.USR_FRSTNAM AS ownerFirstName,
own.USR_LAS_NAM AS ownerLastName,         own.CLASSTYPE AS ownerType,
      T.SETK_OBJ_STT AS status,         T.SETK_AFFN_MEMB AS
memberAffiliationId,         member.USR_C4C_ID AS memberC4cId,
member.USR_FRSTNAM AS memberFirstName,         member.USR_LAS_NAM AS
memberLastName,         T.SETK_AFFN_CM AS careManagementAffiliationId,
       caseOrCm.CMBB_C4C_ID AS caseOrCmC4cId,
T.SETK_AFFN_UM_EVNT AS authAffiliationId,         auth.UMBS_C4C_ID AS
authAffiliationC4cId,         T.SETK_AFFN_PVDR AS
providerAffiliationId,         provider.USR_C4C_ID AS providerC4cId,
     T.SETK_TSK_TIMG_SNLTDT AS startNoLaterThanDate,
T.SETK_CNCLRESN AS cancelReasonId,         T.SETK_ORIGCRTR AS
originalCreatorId,         origCreator.USR_FRSTNAM AS
originalCreatorFirstName,         origCreator.USR_LAS_NAM AS
originalCreatorLastName,         caseOrCm.CLASSTYPE AS
caseOrCmClasstype,         T.SETK_TSK_DSCN AS description,
T.SETK_CMPD AS completedDate,         T.SETK_LAS_ACT_TIM AS
lastActionDate,         mod.USR_FRSTNAM lastModifiedByFirstName,
 mod.USR_LAS_NAM lastModifiedByLastName,         T.SETK_PRVSOWNR AS
previousOwnerId,         prevOwner.USR_FRSTNAM AS
previousOwnerFirstName,         prevOwner.USR_LAS_NAM AS
previousOwnerLastName,         prevOwner.CLASSTYPE AS
previousOwnerType,         CASE             WHEN
T.SETK_TSK_TIMG_DDLN_DT IS NOT NULL THEN (T.SETK_TSK_TIMG_DDLN_DT)
       WHEN T.SETK_TSK_TIMG_STRTDT IS NOT NULL THEN
(T.SETK_TSK_TIMG_STRTDT)             WHEN T.SETK_TSK_TIMG_SNLTDT IS NOT
NULL THEN (T.SETK_TSK_TIMG_SNLTDT)             ELSE (NULL)         END
       filterDate,         sender.USR_FRSTNAM fromUserFirstName,
 sender.USR_LAS_NAM fromUserLastName,         T.SETK_RESCHEDULE_REASON
AS rescheduleReason,         reason.DDLI_LBL AS rescheduleReasonLabel,
       T.SETK_RESCHEDULE_COMMENT AS rescheduleComment       FROM
T_SENTTSK T       LEFT OUTER JOIN T_USR own ON own.USR_ID=T.SETK_OWNR
    LEFT OUTER JOIN T_USR prevOwner ON prevOwner.USR_ID=T.SETK_PRVSOWNR
      LEFT OUTER JOIN T_USR member ON member.USR_ID=T.SETK_AFFN_MEMB
   LEFT OUTER JOIN T_USR origCreator ON
origCreator.USR_ID=T.SETK_ORIGCRTR       LEFT OUTER JOIN T_DDL_ITEM
taskType ON taskType.DDLI_ID=T.SETK_TSK_TYP       LEFT OUTER JOIN
T_DDL_ITEM reason ON reason.DDLI_ID=T.SETK_RESCHEDULE_REASON       LEFT
OUTER JOIN T_CM_BASEBASE caseOrCm ON caseOrCm.CMBB_ID=T.SETK_AFFN_CM
   LEFT OUTER JOIN T_UM_BASE auth ON auth.UMBS_ID=T.SETK_AFFN_UM_EVNT
    LEFT OUTER JOIN T_USR provider

Plan hash value: 2031822258

---------------------------------------------------------------------------------------------------------------------------------
| Id  | Operation                                       | Name                          | Rows  | Bytes | Cost (%CPU)| Time     |
---------------------------------------------------------------------------------------------------------------------------------
|   0 | SELECT STATEMENT                                |                               |       |       |  2259K(100)|          |
|   1 |  TABLE ACCESS BY INDEX ROWID                    | T_UM_BASE                     |     1 |    12 |     1   (0)| 00:00:01 |
|   2 |   INDEX UNIQUE SCAN                             | PK_T_UM_BASE                  |     1 |       |     1   (0)| 00:00:01 |
|   3 |   TABLE ACCESS BY INDEX ROWID                   | T_CM_BASEBASE                 |     1 |    12 |     1   (0)| 00:00:01 |
|   4 |    INDEX UNIQUE SCAN                            | PK_T_CM_BASEBASE              |     1 |       |     1   (0)| 00:00:01 |
|   5 |  NESTED LOOPS OUTER                             |                               |    65 |  2978K|  2259K  (1)| 00:01:29 |
|   6 |   NESTED LOOPS OUTER                            |                               |    65 |  2977K|  2259K  (1)| 00:01:29 |
|   7 |    HASH JOIN RIGHT OUTER                        |                               |    65 |  2976K|  2259K  (1)| 00:01:29 |
|   8 |     VIEW                                        | V_CURR_ENROLLMENT             |     2 |    78 |  2259K  (1)| 00:01:29 |
|   9 |      SORT UNIQUE                                |                               |     2 |  1092 |  2259K  (1)| 00:01:29 |
|  10 |       UNION-ALL                                 |                               |       |       |            |          |
|  11 |        FILTER                                   |                               |       |       |            |          |
|  12 |         FILTER                                  |                               |       |       |            |          |
|  13 |          TABLE ACCESS STORAGE FULL              | T_ENNS                        |   245K|    64M|   160K  (1)| 00:00:07 |
|  14 |          FAST DUAL                              |                               |     1 |       |     2   (0)| 00:00:01 |
|  15 |         SORT GROUP BY NOSORT                    |                               |     1 |    72 |     4   (0)| 00:00:01 |
|  16 |          NESTED LOOPS OUTER                     |                               |     1 |    72 |     4   (0)| 00:00:01 |
|  17 |           NESTED LOOPS                          |                               |     1 |    50 |     3   (0)| 00:00:01 |
|  18 |            NESTED LOOPS                         |                               |     1 |    12 |     2   (0)| 00:00:01 |
|  19 |             INDEX UNIQUE SCAN                   | PK_T_USR                      |     1 |     6 |     1   (0)| 00:00:01 |
|  20 |             INDEX RANGE SCAN                    | IX_NVL_USR_MRGEMSTR_USR_ID    |     1 |     6 |     1   (0)| 00:00:01 |
|  21 |            TABLE ACCESS BY INDEX ROWID          | T_ENNS                        |     1 |    38 |     1   (0)| 00:00:01 |
|  22 |             INDEX RANGE SCAN                    | IX_ELNS_MEMBENLTDTDSNTDTSTTID |     2 |       |     1   (0)| 00:00:01 |
|  23 |           TABLE ACCESS BY INDEX ROWID           | T_ENNS                        |     1 |    22 |     1   (0)| 00:00:01 |
|  24 |            INDEX RANGE SCAN                     | IX_ELNS_MEMBENLTDTDSNTDTSTTID |     1 |       |     1   (0)| 00:00:01 |
|  25 |        FILTER                                   |                               |       |       |            |          |
|  26 |         FILTER                                  |                               |       |       |            |          |
|  27 |          TABLE ACCESS STORAGE FULL              | T_ENNS                        |   245K|    64M|   160K  (1)| 00:00:07 |
|  28 |          FAST DUAL                              |                               |     1 |       |     2   (0)| 00:00:01 |
|  29 |         SORT GROUP BY NOSORT                    |                               |     1 |    72 |     4   (0)| 00:00:01 |
|  30 |          NESTED LOOPS OUTER                     |                               |     1 |    72 |     4   (0)| 00:00:01 |
|  31 |           NESTED LOOPS                          |                               |     1 |    50 |     3   (0)| 00:00:01 |
|  32 |            NESTED LOOPS                         |                               |     1 |    12 |     2   (0)| 00:00:01 |
|  33 |             INDEX UNIQUE SCAN                   | PK_T_USR                      |     1 |     6 |     1   (0)| 00:00:01 |
|  34 |             INDEX RANGE SCAN                    | IX_NVL_USR_MRGEMSTR_USR_ID    |     1 |     6 |     1   (0)| 00:00:01 |
|  35 |            TABLE ACCESS BY INDEX ROWID          | T_ENNS                        |     1 |    38 |     1   (0)| 00:00:01 |
|  36 |             INDEX RANGE SCAN                    | IX_ELNS_MEMBENLTDTDSNTDTSTTID |     2 |       |     1   (0)| 00:00:01 |
|  37 |           TABLE ACCESS BY INDEX ROWID           | T_ENNS                        |     1 |    22 |     1   (0)| 00:00:01 |
|  38 |            INDEX RANGE SCAN                     | IX_ELNS_MEMBENLTDTDSNTDTSTTID |     1 |       |     1   (0)| 00:00:01 |
|  39 |     VIEW                                        |                               |    65 |  2973K|    67   (2)| 00:00:01 |
|  40 |      VIEW                                       |                               |    65 |  2973K|    14   (8)| 00:00:01 |
|  41 |       COUNT STOPKEY                             |                               |       |       |            |          |
|  42 |        VIEW                                     |                               |    65 |  2973K|    14   (8)| 00:00:01 |
|  43 |         SORT ORDER BY STOPKEY                   |                               |    65 | 50700 |    14   (8)| 00:00:01 |
|  44 |          NESTED LOOPS OUTER                     |                               |    65 | 50700 |    13   (0)| 00:00:01 |
|  45 |           NESTED LOOPS OUTER                    |                               |    65 | 49140 |    12   (0)| 00:00:01 |
|  46 |            NESTED LOOPS OUTER                   |                               |    65 | 47710 |    11   (0)| 00:00:01 |
|  47 |             NESTED LOOPS OUTER                  |                               |    65 | 46280 |    10   (0)| 00:00:01 |
|  48 |              NESTED LOOPS OUTER                 |                               |    65 | 44460 |     9   (0)| 00:00:01 |
|  49 |               NESTED LOOPS OUTER                |                               |    65 | 43030 |     8   (0)| 00:00:01 |
|  50 |                NESTED LOOPS OUTER               |                               |    65 | 40690 |     7   (0)| 00:00:01 |
|  51 |                 NESTED LOOPS OUTER              |                               |    65 | 38415 |     6   (0)| 00:00:01 |
|  52 |                  NESTED LOOPS OUTER             |                               |    65 | 36985 |     5   (0)| 00:00:01 |
|  53 |                   NESTED LOOPS OUTER            |                               |    65 | 35815 |     4   (0)| 00:00:01 |
|  54 |                    MERGE JOIN OUTER             |                               |    65 | 34580 |     3   (0)| 00:00:01 |
|  55 |                     INLIST ITERATOR             |                               |       |       |            |          |
|  56 |                      TABLE ACCESS BY INDEX ROWID| T_SENTTSK                     |    65 | 32240 |     2   (0)| 00:00:01 |
|  57 |                       INDEX RANGE SCAN          | IX_SETK_OBJ_STT               |  1770 |       |     1   (0)| 00:00:01 |
|  58 |                     BUFFER SORT                 |                               |     1 |    36 |     1   (0)| 00:00:01 |
|  59 |                      TABLE ACCESS BY INDEX ROWID| T_USR                         |     1 |    36 |     1   (0)| 00:00:01 |
|  60 |                       INDEX UNIQUE SCAN         | PK_T_USR                      |     1 |       |     1   (0)| 00:00:01 |
|  61 |                    TABLE ACCESS BY INDEX ROWID  | T_USR                         |     1 |    19 |     1   (0)| 00:00:01 |
|  62 |                     INDEX UNIQUE SCAN           | PK_T_USR                      |     1 |       |     1   (0)| 00:00:01 |
|  63 |                   TABLE ACCESS BY INDEX ROWID   | T_UM_BASE                     |     1 |    18 |     1   (0)| 00:00:01 |
|  64 |                    INDEX UNIQUE SCAN            | PK_T_UM_BASE                  |     1 |       |     1   (0)| 00:00:01 |
|  65 |                  TABLE ACCESS BY INDEX ROWID    | T_DDL_ITEM                    |     1 |    22 |     1   (0)| 00:00:01 |
|  66 |                   INDEX UNIQUE SCAN             | PK_T_DDL_ITEM                 |     1 |       |     1   (0)| 00:00:01 |
|  67 |                 TABLE ACCESS BY INDEX ROWID     | T_USR                         |     1 |    35 |     1   (0)| 00:00:01 |
|  68 |                  INDEX UNIQUE SCAN              | PK_T_USR                      |     1 |       |     1   (0)| 00:00:01 |
|  69 |                TABLE ACCESS BY INDEX ROWID      | T_USR                         |     1 |    36 |     1   (0)| 00:00:01 |
|  70 |                 INDEX UNIQUE SCAN               | PK_T_USR                      |     1 |       |     1   (0)| 00:00:01 |
|  71 |               TABLE ACCESS BY INDEX ROWID       | T_USR                         |     1 |    22 |     1   (0)| 00:00:01 |
|  72 |                INDEX UNIQUE SCAN                | PK_T_USR                      |     1 |       |     1   (0)| 00:00:01 |
|  73 |              TABLE ACCESS BY INDEX ROWID        | T_CM_BASEBASE                 |     1 |    28 |     1   (0)| 00:00:01 |
|  74 |               INDEX UNIQUE SCAN                 | PK_T_CM_BASEBASE              |     1 |       |     1   (0)| 00:00:01 |
|  75 |             TABLE ACCESS BY INDEX ROWID         | T_USR                         |     1 |    22 |     1   (0)| 00:00:01 |
|  76 |              INDEX UNIQUE SCAN                  | PK_T_USR                      |     1 |       |     1   (0)| 00:00:01 |
|  77 |            TABLE ACCESS BY INDEX ROWID          | T_USR                         |     1 |    22 |     1   (0)| 00:00:01 |
|  78 |             INDEX UNIQUE SCAN                   | PK_T_USR                      |     1 |       |     1   (0)| 00:00:01 |
|  79 |           TABLE ACCESS BY INDEX ROWID           | T_DDL_ITEM                    |     1 |    24 |     1   (0)| 00:00:01 |
|  80 |            INDEX UNIQUE SCAN                    | PK_T_DDL_ITEM                 |     1 |       |     1   (0)| 00:00:01 |
|  81 |    TABLE ACCESS BY INDEX ROWID                  | T_BENSPKG                     |     1 |    12 |     1   (0)| 00:00:01 |
|  82 |     INDEX UNIQUE SCAN                           | PK_T_BENSPKG                  |     1 |       |     1   (0)| 00:00:01 |
|  83 |   TABLE ACCESS BY INDEX ROWID                   | T_USR                         |     1 |    22 |     1   (0)| 00:00:01 |
|  84 |    INDEX UNIQUE SCAN                            | PK_T_USR                      |     1 |       |     1   (0)| 00:00:01 |
---------------------------------------------------------------------------------------------------------------------------------

Query Block Name / Object Alias (identified by operation id):
-------------------------------------------------------------

   1 - SEL$4        / T_UM_BASE@SEL$4
   2 - SEL$4        / T_UM_BASE@SEL$4
   3 - SEL$5        / T_CM_BASEBASE@SEL$5
   4 - SEL$5        / T_CM_BASEBASE@SEL$5
   5 - SEL$0C04A374
   8 - SET$1        / ENROLLMENT@SEL$30
   9 - SET$1
  11 - SEL$35
  13 - SEL$35       / T_SRC_ENNS@SEL$35
  14 - SEL$40       / DUAL@SEL$40
  15 - SEL$5F185B4C
  19 - SEL$5F185B4C / T_ENNS_MASTERUSER@SEL$31
  20 - SEL$5F185B4C / T_ENNS_SLAVEUSER@SEL$31
  21 - SEL$5F185B4C / T_CURR_ENNS@SEL$32
  22 - SEL$5F185B4C / T_CURR_ENNS@SEL$32
  23 - SEL$5F185B4C / T_MAX_DISENROLLMENT_ENROLLMENT@SEL$33
  24 - SEL$5F185B4C / T_MAX_DISENROLLMENT_ENROLLMENT@SEL$33
  25 - SEL$42
  27 - SEL$42       / T_SRC_ENNS@SEL$42
  28 - SEL$43       / DUAL@SEL$43
  29 - SEL$CDBEA42D
  33 - SEL$CDBEA42D / T_ENNS_MASTERUSER@SEL$36
  34 - SEL$CDBEA42D / T_ENNS_SLAVEUSER@SEL$36
  35 - SEL$CDBEA42D / T_CURR_ENNS@SEL$37
  36 - SEL$CDBEA42D / T_CURR_ENNS@SEL$37
  37 - SEL$CDBEA42D / T_MAX_DISENROLLMENT_ENROLLMENT@SEL$38
  38 - SEL$CDBEA42D / T_MAX_DISENROLLMENT_ENROLLMENT@SEL$38
  39 - SEL$3        / INFO_WITH_MEMBER_ID@SEL$2
  40 - SEL$6        / INFO@SEL$3
  41 - SEL$6
  42 - SEL$2D594895 / from$_subquery$_005@SEL$6
  43 - SEL$2D594895
  56 - SEL$2D594895 / T@SEL$8
  57 - SEL$2D594895 / T@SEL$8
  59 - SEL$2D594895 / OWN@SEL$7
  60 - SEL$2D594895 / OWN@SEL$7
  61 - SEL$2D594895 / PROVIDER@SEL$23
  62 - SEL$2D594895 / PROVIDER@SEL$23
  63 - SEL$2D594895 / AUTH@SEL$21
  64 - SEL$2D594895 / AUTH@SEL$21
  65 - SEL$2D594895 / REASON@SEL$17
  66 - SEL$2D594895 / REASON@SEL$17
  67 - SEL$2D594895 / MEMBER@SEL$11
  68 - SEL$2D594895 / MEMBER@SEL$11
  69 - SEL$2D594895 / PREVOWNER@SEL$9
  70 - SEL$2D594895 / PREVOWNER@SEL$9
  71 - SEL$2D594895 / SENDER@SEL$27
  72 - SEL$2D594895 / SENDER@SEL$27
  73 - SEL$2D594895 / CASEORCM@SEL$19
  74 - SEL$2D594895 / CASEORCM@SEL$19
  75 - SEL$2D594895 / ORIGCREATOR@SEL$13
  76 - SEL$2D594895 / ORIGCREATOR@SEL$13
  77 - SEL$2D594895 / MOD@SEL$25
  78 - SEL$2D594895 / MOD@SEL$25
  79 - SEL$2D594895 / TASKTYPE@SEL$15
  80 - SEL$2D594895 / TASKTYPE@SEL$15
  81 - SEL$0C04A374 / BENEFIT@SEL$46
  82 - SEL$0C04A374 / BENEFIT@SEL$46
  83 - SEL$0C04A374 / AFFMEMBER@SEL$1
  84 - SEL$0C04A374 / AFFMEMBER@SEL$1

Outline Data
-------------

  /*+
      BEGIN_OUTLINE_DATA
      IGNORE_OPTIM_EMBEDDED_HINTS
      OPTIMIZER_FEATURES_ENABLE('12.1.0.2')
      DB_VERSION('12.1.0.2')
      OPT_PARAM('optimizer_index_cost_adj' 1)
      OPT_PARAM('optimizer_index_caching' 90)
      ALL_ROWS
      OUTLINE_LEAF(@"SEL$4")
      OUTLINE_LEAF(@"SEL$5")
      OUTLINE_LEAF(@"SEL$2D594895")
      MERGE(@"SEL$2DE0C8FF")
      OUTLINE_LEAF(@"SEL$6")
      OUTLINE_LEAF(@"SEL$3")
      OUTLINE_LEAF(@"SEL$40")
      OUTLINE_LEAF(@"SEL$5F185B4C")
      MERGE(@"SEL$6B15F4E0")
      OUTLINE_LEAF(@"SEL$35")
      OUTLINE_LEAF(@"SEL$43")
      OUTLINE_LEAF(@"SEL$CDBEA42D")
      MERGE(@"SEL$57BA8109")
      OUTLINE_LEAF(@"SEL$42")
      OUTLINE_LEAF(@"SET$1")
      OUTLINE_LEAF(@"SEL$0C04A374")
      MERGE(@"SEL$BC270230")
      OUTLINE(@"SEL$29")
      OUTLINE(@"SEL$2DE0C8FF")
      MERGE(@"SEL$27")
      MERGE(@"SEL$3B95C159")
      OUTLINE(@"SEL$41")
      OUTLINE(@"SEL$6B15F4E0")
      MERGE(@"SEL$78FE80F3")
      OUTLINE(@"SEL$44")
      OUTLINE(@"SEL$57BA8109")
      MERGE(@"SEL$516D3A01")
      OUTLINE(@"SEL$48")
      OUTLINE(@"SEL$BC270230")
      MERGE(@"SEL$409758B4")
      MERGE(@"SEL$46")
      OUTLINE(@"SEL$28")
      OUTLINE(@"SEL$27")
      OUTLINE(@"SEL$3B95C159")
      MERGE(@"SEL$25")
      MERGE(@"SEL$6D003707")
      OUTLINE(@"SEL$D570F096")
      MERGE(@"SEL$33")
      OUTLINE(@"SEL$78FE80F3")
      MERGE(@"SEL$31")
      OUTLINE(@"SEL$067B9A3E")
      MERGE(@"SEL$38")
      OUTLINE(@"SEL$516D3A01")
      MERGE(@"SEL$36")
      OUTLINE(@"SEL$47")
      OUTLINE(@"SEL$409758B4")
      MERGE(@"SEL$30")
      MERGE(@"SEL$58A6D7F6")
      OUTLINE(@"SEL$46")
      OUTLINE(@"SEL$26")
      OUTLINE(@"SEL$25")
      OUTLINE(@"SEL$6D003707")
      MERGE(@"SEL$23")
      MERGE(@"SEL$23FAB6D1")
      OUTLINE(@"SEL$34")
      OUTLINE(@"SEL$33")
      OUTLINE(@"SEL$32")
      OUTLINE(@"SEL$31")
      OUTLINE(@"SEL$39")
      OUTLINE(@"SEL$38")
      OUTLINE(@"SEL$37")
      OUTLINE(@"SEL$36")
      OUTLINE(@"SEL$45")
      OUTLINE(@"SEL$30")
      OUTLINE(@"SEL$58A6D7F6")
      MERGE(@"SEL$1")
      OUTLINE(@"SEL$24")
      OUTLINE(@"SEL$23")
      OUTLINE(@"SEL$23FAB6D1")
      MERGE(@"SEL$21")
      MERGE(@"SEL$97A30ECD")
      OUTLINE(@"SEL$2")
      OUTLINE(@"SEL$1")
      OUTLINE(@"SEL$22")
      OUTLINE(@"SEL$21")
      OUTLINE(@"SEL$97A30ECD")
      MERGE(@"SEL$19")
      MERGE(@"SEL$CF22A5CA")
      OUTLINE(@"SEL$20")
      OUTLINE(@"SEL$19")
      OUTLINE(@"SEL$CF22A5CA")
      MERGE(@"SEL$17")
      MERGE(@"SEL$FF97D7FC")
      OUTLINE(@"SEL$18")
      OUTLINE(@"SEL$17")
      OUTLINE(@"SEL$FF97D7FC")
      MERGE(@"SEL$15")
      MERGE(@"SEL$DE5D921C")
      OUTLINE(@"SEL$16")
      OUTLINE(@"SEL$15")
      OUTLINE(@"SEL$DE5D921C")
      MERGE(@"SEL$01DD7F33")
      MERGE(@"SEL$13")
      OUTLINE(@"SEL$14")
      OUTLINE(@"SEL$01DD7F33")
      MERGE(@"SEL$11")
      MERGE(@"SEL$BDFBA881")
      OUTLINE(@"SEL$13")
      OUTLINE(@"SEL$12")
      OUTLINE(@"SEL$11")
      OUTLINE(@"SEL$BDFBA881")
      MERGE(@"SEL$9")
      MERGE(@"SEL$FC56C448")
      OUTLINE(@"SEL$10")
      OUTLINE(@"SEL$9")
      OUTLINE(@"SEL$FC56C448")
      MERGE(@"SEL$7")
      OUTLINE(@"SEL$8")
      OUTLINE(@"SEL$7")
      NO_ACCESS(@"SEL$0C04A374" "INFO_WITH_MEMBER_ID"@"SEL$2")
      NO_ACCESS(@"SEL$0C04A374" "ENROLLMENT"@"SEL$30")
      INDEX_RS_ASC(@"SEL$0C04A374" "BENEFIT"@"SEL$46" ("T_BENSPKG"."BENP_ID"))
      INDEX_RS_ASC(@"SEL$0C04A374" "AFFMEMBER"@"SEL$1" ("T_USR"."USR_ID"))
      LEADING(@"SEL$0C04A374" "INFO_WITH_MEMBER_ID"@"SEL$2" "ENROLLMENT"@"SEL$30" "BENEFIT"@"SEL$46" "AFFMEMBER"@"SEL$1")
      USE_HASH(@"SEL$0C04A374" "ENROLLMENT"@"SEL$30")
      USE_NL(@"SEL$0C04A374" "BENEFIT"@"SEL$46")
      USE_NL(@"SEL$0C04A374" "AFFMEMBER"@"SEL$1")
      SWAP_JOIN_INPUTS(@"SEL$0C04A374" "ENROLLMENT"@"SEL$30")
      NO_ACCESS(@"SEL$3" "INFO"@"SEL$3")
      FULL(@"SEL$42" "T_SRC_ENNS"@"SEL$42")
      PQ_FILTER(@"SEL$42" SERIAL)
      FULL(@"SEL$35" "T_SRC_ENNS"@"SEL$35")
      PQ_FILTER(@"SEL$35" SERIAL)
      INDEX(@"SEL$5F185B4C" "T_ENNS_MASTERUSER"@"SEL$31" ("T_USR"."USR_ID"))
      INDEX(@"SEL$5F185B4C" "T_ENNS_SLAVEUSER"@"SEL$31" "IX_NVL_USR_MRGEMSTR_USR_ID")
      INDEX_RS_ASC(@"SEL$5F185B4C" "T_CURR_ENNS"@"SEL$32" "IX_ELNS_MEMBENLTDTDSNTDTSTTID")
      INDEX_RS_ASC(@"SEL$5F185B4C" "T_MAX_DISENROLLMENT_ENROLLMENT"@"SEL$33" "IX_ELNS_MEMBENLTDTDSNTDTSTTID")
      LEADING(@"SEL$5F185B4C" "T_ENNS_MASTERUSER"@"SEL$31" "T_ENNS_SLAVEUSER"@"SEL$31" "T_CURR_ENNS"@"SEL$32"
              "T_MAX_DISENROLLMENT_ENROLLMENT"@"SEL$33")
      USE_NL(@"SEL$5F185B4C" "T_ENNS_SLAVEUSER"@"SEL$31")
      USE_NL(@"SEL$5F185B4C" "T_CURR_ENNS"@"SEL$32")
      USE_NL(@"SEL$5F185B4C" "T_MAX_DISENROLLMENT_ENROLLMENT"@"SEL$33")
      INDEX(@"SEL$CDBEA42D" "T_ENNS_MASTERUSER"@"SEL$36" ("T_USR"."USR_ID"))
      INDEX(@"SEL$CDBEA42D" "T_ENNS_SLAVEUSER"@"SEL$36" "IX_NVL_USR_MRGEMSTR_USR_ID")
      INDEX_RS_ASC(@"SEL$CDBEA42D" "T_CURR_ENNS"@"SEL$37" "IX_ELNS_MEMBENLTDTDSNTDTSTTID")
      INDEX_RS_ASC(@"SEL$CDBEA42D" "T_MAX_DISENROLLMENT_ENROLLMENT"@"SEL$38" "IX_ELNS_MEMBENLTDTDSNTDTSTTID")
      LEADING(@"SEL$CDBEA42D" "T_ENNS_MASTERUSER"@"SEL$36" "T_ENNS_SLAVEUSER"@"SEL$36" "T_CURR_ENNS"@"SEL$37"
              "T_MAX_DISENROLLMENT_ENROLLMENT"@"SEL$38")
      USE_NL(@"SEL$CDBEA42D" "T_ENNS_SLAVEUSER"@"SEL$36")
      USE_NL(@"SEL$CDBEA42D" "T_CURR_ENNS"@"SEL$37")
      USE_NL(@"SEL$CDBEA42D" "T_MAX_DISENROLLMENT_ENROLLMENT"@"SEL$38")
      NO_ACCESS(@"SEL$6" "from$_subquery$_005"@"SEL$6")
      INDEX_RS_ASC(@"SEL$2D594895" "T"@"SEL$8" ("T_SENTTSK"."SETK_OBJ_STT"))
      INDEX_RS_ASC(@"SEL$2D594895" "OWN"@"SEL$7" ("T_USR"."USR_ID"))
      INDEX_RS_ASC(@"SEL$2D594895" "PROVIDER"@"SEL$23" ("T_USR"."USR_ID"))
      INDEX_RS_ASC(@"SEL$2D594895" "AUTH"@"SEL$21" ("T_UM_BASE"."UMBS_ID"))
      INDEX_RS_ASC(@"SEL$2D594895" "REASON"@"SEL$17" ("T_DDL_ITEM"."DDLI_ID"))
      INDEX_RS_ASC(@"SEL$2D594895" "MEMBER"@"SEL$11" ("T_USR"."USR_ID"))
      INDEX_RS_ASC(@"SEL$2D594895" "PREVOWNER"@"SEL$9" ("T_USR"."USR_ID"))
      INDEX_RS_ASC(@"SEL$2D594895" "SENDER"@"SEL$27" ("T_USR"."USR_ID"))
      INDEX_RS_ASC(@"SEL$2D594895" "CASEORCM"@"SEL$19" ("T_CM_BASEBASE"."CMBB_ID"))
      INDEX_RS_ASC(@"SEL$2D594895" "ORIGCREATOR"@"SEL$13" ("T_USR"."USR_ID"))
      INDEX_RS_ASC(@"SEL$2D594895" "MOD"@"SEL$25" ("T_USR"."USR_ID"))
      INDEX_RS_ASC(@"SEL$2D594895" "TASKTYPE"@"SEL$15" ("T_DDL_ITEM"."DDLI_ID"))
      LEADING(@"SEL$2D594895" "T"@"SEL$8" "OWN"@"SEL$7" "PROVIDER"@"SEL$23" "AUTH"@"SEL$21" "REASON"@"SEL$17"
              "MEMBER"@"SEL$11" "PREVOWNER"@"SEL$9" "SENDER"@"SEL$27" "CASEORCM"@"SEL$19" "ORIGCREATOR"@"SEL$13" "MOD"@"SEL$25"
              "TASKTYPE"@"SEL$15")
      USE_MERGE_CARTESIAN(@"SEL$2D594895" "OWN"@"SEL$7")
      USE_NL(@"SEL$2D594895" "PROVIDER"@"SEL$23")
      USE_NL(@"SEL$2D594895" "AUTH"@"SEL$21")
      USE_NL(@"SEL$2D594895" "REASON"@"SEL$17")
      USE_NL(@"SEL$2D594895" "MEMBER"@"SEL$11")
      USE_NL(@"SEL$2D594895" "PREVOWNER"@"SEL$9")
      USE_NL(@"SEL$2D594895" "SENDER"@"SEL$27")
      USE_NL(@"SEL$2D594895" "CASEORCM"@"SEL$19")
      USE_NL(@"SEL$2D594895" "ORIGCREATOR"@"SEL$13")
      USE_NL(@"SEL$2D594895" "MOD"@"SEL$25")
      USE_NL(@"SEL$2D594895" "TASKTYPE"@"SEL$15")
      INDEX_RS_ASC(@"SEL$5" "T_CM_BASEBASE"@"SEL$5" ("T_CM_BASEBASE"."CMBB_ID"))
      INDEX_RS_ASC(@"SEL$4" "T_UM_BASE"@"SEL$4" ("T_UM_BASE"."UMBS_ID"))
      END_OUTLINE_DATA
  */

Peeked Binds (identified by position):
--------------------------------------

   1 - :SYS_B_0 (NUMBER): 2
   2 - :1 (NUMBER): 11640563
   3 - :2 (NUMBER): 1
   4 - :3 (NUMBER): 3
   5 - :4 (NUMBER): 905
   6 - :5 (NUMBER): 906
   7 - :6 (NUMBER): 907
   8 - :7 (NUMBER): 908
   9 - :8 (NUMBER): 911
  10 - :9 (NUMBER): 912
  11 - :10 (NUMBER): 913
  12 - :SYS_B_1 (NUMBER): 500
  13 - :SYS_B_2 (VARCHAR2(30), CSID=178): '2020.12.24'
  14 - :SYS_B_3 (VARCHAR2(30), CSID=178): 'yyyy.MM.dd'

Note
-----
   - dynamic statistics used: dynamic sampling (level=2)
   - 5 Sql Plan Directives used for this statement

SQL_ID 0sjx29v99zfqc
--------------------
SELECT INFO_WITH_MEMBER_ID.*,     enrollment.ELNS_INSCPRSRGRP
ipgGroupId,     benefit.BENP_LWSTLVL_PRODCAT productCategoryId,
affMember.USR_FRSTNAM affiliatedMemberFirstName,
affMember.USR_LAS_NAM affiliatedMemberLastName FROM (   SELECT INFO.*,
   CASE     WHEN INFO.memberAffiliationId IS NOT NULL THEN
(INFO.memberAffiliationId)     WHEN INFO.authAffiliationId IS NOT NULL
THEN (SELECT UMBS_MEMB FROM T_UM_BASE WHERE
UMBS_ID=INFO.authAffiliationId)     WHEN
INFO.careManagementAffiliationId IS NOT NULL THEN (SELECT CMBS_MEMB
FROM T_CM_BASEBASE WHERE CMBB_ID=INFO.careManagementAffiliationId)
WHEN INFO.providerAffiliationId IS NOT NULL THEN
(INFO.providerAffiliationId)     ELSE (NULL)     END
affiliatedMemberId   FROM (   SELECT * FROM (     SELECT
T.SETK_ID AS id,         T.SETK_C4C_ID AS c4cId,         T.SETK_UNIVID
AS universalId,         taskType.TSKT_RCPTTYP AS categoryId,
T.SETK_TSK_TYP AS taskTypeId,         taskType.DDLI_LBL AS
taskTypeLabel,         T.SETK_TSK_NAM AS taskName,         T.SETK_SUBJ
AS subject,         T.SETK_CRTD AS createDate,         T.SETK_SENT AS
sentDate,         T.SETK_SRTD AS startedDate,
T.SETK_TSK_TIMG_STRTDT AS startDate,         T.SETK_TSK_TIMG_SCLDAT AS
startDateSeconds,         T.SETK_TSK_TIMG_DDLN_DT AS dueDate,
T.SETK_TSK_TIMG_DDLN_TIM_IN_DY AS dueDateSeconds,         T.SETK_OWNR
AS ownerId,         own.USR_FRSTNAM AS ownerFirstName,
own.USR_LAS_NAM AS ownerLastName,         own.CLASSTYPE AS ownerType,
      T.SETK_OBJ_STT AS status,         T.SETK_AFFN_MEMB AS
memberAffiliationId,         member.USR_C4C_ID AS memberC4cId,
member.USR_FRSTNAM AS memberFirstName,         member.USR_LAS_NAM AS
memberLastName,         T.SETK_AFFN_CM AS careManagementAffiliationId,
       caseOrCm.CMBB_C4C_ID AS caseOrCmC4cId,
T.SETK_AFFN_UM_EVNT AS authAffiliationId,         auth.UMBS_C4C_ID AS
authAffiliationC4cId,         T.SETK_AFFN_PVDR AS
providerAffiliationId,         provider.USR_C4C_ID AS providerC4cId,
     T.SETK_TSK_TIMG_SNLTDT AS startNoLaterThanDate,
T.SETK_CNCLRESN AS cancelReasonId,         T.SETK_ORIGCRTR AS
originalCreatorId,         origCreator.USR_FRSTNAM AS
originalCreatorFirstName,         origCreator.USR_LAS_NAM AS
originalCreatorLastName,         caseOrCm.CLASSTYPE AS
caseOrCmClasstype,         T.SETK_TSK_DSCN AS description,
T.SETK_CMPD AS completedDate,         T.SETK_LAS_ACT_TIM AS
lastActionDate,         mod.USR_FRSTNAM lastModifiedByFirstName,
 mod.USR_LAS_NAM lastModifiedByLastName,         T.SETK_PRVSOWNR AS
previousOwnerId,         prevOwner.USR_FRSTNAM AS
previousOwnerFirstName,         prevOwner.USR_LAS_NAM AS
previousOwnerLastName,         prevOwner.CLASSTYPE AS
previousOwnerType,         CASE             WHEN
T.SETK_TSK_TIMG_DDLN_DT IS NOT NULL THEN (T.SETK_TSK_TIMG_DDLN_DT)
       WHEN T.SETK_TSK_TIMG_STRTDT IS NOT NULL THEN
(T.SETK_TSK_TIMG_STRTDT)             WHEN T.SETK_TSK_TIMG_SNLTDT IS NOT
NULL THEN (T.SETK_TSK_TIMG_SNLTDT)             ELSE (NULL)         END
       filterDate,         sender.USR_FRSTNAM fromUserFirstName,
 sender.USR_LAS_NAM fromUserLastName,         T.SETK_RESCHEDULE_REASON
AS rescheduleReason,         reason.DDLI_LBL AS rescheduleReasonLabel,
       T.SETK_RESCHEDULE_COMMENT AS rescheduleComment       FROM
T_SENTTSK T       LEFT OUTER JOIN T_USR own ON own.USR_ID=T.SETK_OWNR
    LEFT OUTER JOIN T_USR prevOwner ON prevOwner.USR_ID=T.SETK_PRVSOWNR
      LEFT OUTER JOIN T_USR member ON member.USR_ID=T.SETK_AFFN_MEMB
   LEFT OUTER JOIN T_USR origCreator ON
origCreator.USR_ID=T.SETK_ORIGCRTR       LEFT OUTER JOIN T_DDL_ITEM
taskType ON taskType.DDLI_ID=T.SETK_TSK_TYP       LEFT OUTER JOIN
T_DDL_ITEM reason ON reason.DDLI_ID=T.SETK_RESCHEDULE_REASON       LEFT
OUTER JOIN T_CM_BASEBASE caseOrCm ON caseOrCm.CMBB_ID=T.SETK_AFFN_CM
   LEFT OUTER JOIN T_UM_BASE auth ON auth.UMBS_ID=T.SETK_AFFN_UM_EVNT
    LEFT OUTER JOIN T_USR provider

Plan hash value: 2207044247

-----------------------------------------------------------------------------------------------------------------------------------------
| Id  | Operation                                               | Name                          | Rows  | Bytes | Cost (%CPU)| Time     |
-----------------------------------------------------------------------------------------------------------------------------------------
|   0 | SELECT STATEMENT                                        |                               |       |       |  2287K(100)|          |
|   1 |  TABLE ACCESS BY INDEX ROWID                            | T_UM_BASE                     |     1 |    12 |     1   (0)| 00:00:01 |
|   2 |   INDEX UNIQUE SCAN                                     | PK_T_UM_BASE                  |     1 |       |     1   (0)| 00:00:01 |
|   3 |   TABLE ACCESS BY INDEX ROWID                           | T_CM_BASEBASE                 |     1 |    12 |     1   (0)| 00:00:01 |
|   4 |    INDEX UNIQUE SCAN                                    | PK_T_CM_BASEBASE              |     1 |       |     1   (0)| 00:00:01 |
|   5 |  NESTED LOOPS OUTER                                     |                               |   130 |  5957K|  2287K  (1)| 00:01:30 |
|   6 |   NESTED LOOPS OUTER                                    |                               |   130 |  5954K|  2287K  (1)| 00:01:30 |
|   7 |    HASH JOIN RIGHT OUTER                                |                               |   130 |  5952K|  2287K  (1)| 00:01:30 |
|   8 |     VIEW                                                | V_CURR_ENROLLMENT             |     2 |    78 |  2287K  (1)| 00:01:30 |
|   9 |      SORT UNIQUE                                        |                               |     2 |  1092 |  2287K  (1)| 00:01:30 |
|  10 |       UNION-ALL                                         |                               |       |       |            |          |
|  11 |        FILTER                                           |                               |       |       |            |          |
|  12 |         FILTER                                          |                               |       |       |            |          |
|  13 |          TABLE ACCESS STORAGE FULL                      | T_ENNS                        |   249K|    64M|   160K  (1)| 00:00:07 |
|  14 |          FAST DUAL                                      |                               |     1 |       |     2   (0)| 00:00:01 |
|  15 |         SORT GROUP BY NOSORT                            |                               |     1 |    72 |     4   (0)| 00:00:01 |
|  16 |          NESTED LOOPS OUTER                             |                               |     1 |    72 |     4   (0)| 00:00:01 |
|  17 |           NESTED LOOPS                                  |                               |     1 |    50 |     3   (0)| 00:00:01 |
|  18 |            NESTED LOOPS                                 |                               |     1 |    12 |     2   (0)| 00:00:01 |
|  19 |             INDEX UNIQUE SCAN                           | PK_T_USR                      |     1 |     6 |     1   (0)| 00:00:01 |
|  20 |             INDEX RANGE SCAN                            | IX_NVL_USR_MRGEMSTR_USR_ID    |     1 |     6 |     1   (0)| 00:00:01 |
|  21 |            TABLE ACCESS BY INDEX ROWID                  | T_ENNS                        |     1 |    38 |     1   (0)| 00:00:01 |
|  22 |             INDEX RANGE SCAN                            | IX_ELNS_MEMBENLTDTDSNTDTSTTID |     2 |       |     1   (0)| 00:00:01 |
|  23 |           TABLE ACCESS BY INDEX ROWID                   | T_ENNS                        |     1 |    22 |     1   (0)| 00:00:01 |
|  24 |            INDEX RANGE SCAN                             | IX_ELNS_MEMBENLTDTDSNTDTSTTID |     1 |       |     1   (0)| 00:00:01 |
|  25 |        FILTER                                           |                               |       |       |            |          |
|  26 |         FILTER                                          |                               |       |       |            |          |
|  27 |          TABLE ACCESS STORAGE FULL                      | T_ENNS                        |   249K|    64M|   160K  (1)| 00:00:07 |
|  28 |          FAST DUAL                                      |                               |     1 |       |     2   (0)| 00:00:01 |
|  29 |         SORT GROUP BY NOSORT                            |                               |     1 |    72 |     4   (0)| 00:00:01 |
|  30 |          NESTED LOOPS OUTER                             |                               |     1 |    72 |     4   (0)| 00:00:01 |
|  31 |           NESTED LOOPS                                  |                               |     1 |    50 |     3   (0)| 00:00:01 |
|  32 |            NESTED LOOPS                                 |                               |     1 |    12 |     2   (0)| 00:00:01 |
|  33 |             INDEX UNIQUE SCAN                           | PK_T_USR                      |     1 |     6 |     1   (0)| 00:00:01 |
|  34 |             INDEX RANGE SCAN                            | IX_NVL_USR_MRGEMSTR_USR_ID    |     1 |     6 |     1   (0)| 00:00:01 |
|  35 |            TABLE ACCESS BY INDEX ROWID                  | T_ENNS                        |     1 |    38 |     1   (0)| 00:00:01 |
|  36 |             INDEX RANGE SCAN                            | IX_ELNS_MEMBENLTDTDSNTDTSTTID |     2 |       |     1   (0)| 00:00:01 |
|  37 |           TABLE ACCESS BY INDEX ROWID                   | T_ENNS                        |     1 |    22 |     1   (0)| 00:00:01 |
|  38 |            INDEX RANGE SCAN                             | IX_ELNS_MEMBENLTDTDSNTDTSTTID |     1 |       |     1   (0)| 00:00:01 |
|  39 |     VIEW                                                |                               |   130 |  5947K|   101   (1)| 00:00:01 |
|  40 |      VIEW                                               |                               |   130 |  5946K|    16   (7)| 00:00:01 |
|  41 |       COUNT STOPKEY                                     |                               |       |       |            |          |
|  42 |        VIEW                                             |                               |   130 |  5946K|    16   (7)| 00:00:01 |
|  43 |         SORT ORDER BY STOPKEY                           |                               |   130 |    99K|    16   (7)| 00:00:01 |
|  44 |          NESTED LOOPS OUTER                             |                               |   130 |    99K|    15   (0)| 00:00:01 |
|  45 |           NESTED LOOPS OUTER                            |                               |   130 | 98540 |    14   (0)| 00:00:01 |
|  46 |            NESTED LOOPS OUTER                           |                               |   130 | 95680 |    13   (0)| 00:00:01 |
|  47 |             NESTED LOOPS OUTER                          |                               |   130 | 93210 |    12   (0)| 00:00:01 |
|  48 |              NESTED LOOPS OUTER                         |                               |   130 | 90350 |    10   (0)| 00:00:01 |
|  49 |               NESTED LOOPS OUTER                        |                               |   130 | 85800 |     9   (0)| 00:00:01 |
|  50 |                HASH JOIN RIGHT OUTER                    |                               |   130 | 81120 |     8   (0)| 00:00:01 |
|  51 |                 TABLE ACCESS BY INDEX ROWID             | T_USR                         |     1 |    36 |     1   (0)| 00:00:01 |
|  52 |                  INDEX UNIQUE SCAN                      | PK_T_USR                      |     1 |       |     1   (0)| 00:00:01 |
|  53 |                 NESTED LOOPS OUTER                      |                               |   130 | 76440 |     7   (0)| 00:00:01 |
|  54 |                  NESTED LOOPS OUTER                     |                               |   130 | 72800 |     6   (0)| 00:00:01 |
|  55 |                   NESTED LOOPS OUTER                    |                               |   130 | 70460 |     5   (0)| 00:00:01 |
|  56 |                    NESTED LOOPS OUTER                   |                               |   130 | 67600 |     4   (0)| 00:00:01 |
|  57 |                     INLIST ITERATOR                     |                               |       |       |            |          |
|  58 |                      TABLE ACCESS BY INDEX ROWID BATCHED| T_SENTTSK                     |   162 | 80352 |     3   (0)| 00:00:01 |
|  59 |                       INDEX RANGE SCAN                  | IX_SETK_OBJ_STT               |  1884 |       |     1   (0)| 00:00:01 |
|  60 |                     TABLE ACCESS BY INDEX ROWID         | T_DDL_ITEM                    |     1 |    24 |     1   (0)| 00:00:01 |
|  61 |                      INDEX UNIQUE SCAN                  | PK_T_DDL_ITEM                 |     1 |       |     1   (0)| 00:00:01 |
|  62 |                    TABLE ACCESS BY INDEX ROWID          | T_DDL_ITEM                    |     1 |    22 |     1   (0)| 00:00:01 |
|  63 |                     INDEX UNIQUE SCAN                   | PK_T_DDL_ITEM                 |     1 |       |     1   (0)| 00:00:01 |
|  64 |                   TABLE ACCESS BY INDEX ROWID           | T_UM_BASE                     |     1 |    18 |     1   (0)| 00:00:01 |
|  65 |                    INDEX UNIQUE SCAN                    | PK_T_UM_BASE                  |     1 |       |     1   (0)| 00:00:01 |
|  66 |                  TABLE ACCESS BY INDEX ROWID            | T_CM_BASEBASE                 |     1 |    28 |     1   (0)| 00:00:01 |
|  67 |                   INDEX UNIQUE SCAN                     | PK_T_CM_BASEBASE              |     1 |       |     1   (0)| 00:00:01 |
|  68 |                TABLE ACCESS BY INDEX ROWID              | T_USR                         |     1 |    36 |     1   (0)| 00:00:01 |
|  69 |                 INDEX UNIQUE SCAN                       | PK_T_USR                      |     1 |       |     1   (0)| 00:00:01 |
|  70 |               TABLE ACCESS BY INDEX ROWID               | T_USR                         |     1 |    35 |     1   (0)| 00:00:01 |
|  71 |                INDEX UNIQUE SCAN                        | PK_T_USR                      |     1 |       |     1   (0)| 00:00:01 |
|  72 |              TABLE ACCESS BY INDEX ROWID                | T_USR                         |     1 |    22 |     1   (0)| 00:00:01 |
|  73 |               INDEX UNIQUE SCAN                         | PK_T_USR                      |     1 |       |     1   (0)| 00:00:01 |
|  74 |             TABLE ACCESS BY INDEX ROWID                 | T_USR                         |     1 |    19 |     1   (0)| 00:00:01 |
|  75 |              INDEX UNIQUE SCAN                          | PK_T_USR                      |     1 |       |     1   (0)| 00:00:01 |
|  76 |            TABLE ACCESS BY INDEX ROWID                  | T_USR                         |     1 |    22 |     1   (0)| 00:00:01 |
|  77 |             INDEX UNIQUE SCAN                           | PK_T_USR                      |     1 |       |     1   (0)| 00:00:01 |
|  78 |           TABLE ACCESS BY INDEX ROWID                   | T_USR                         |     1 |    22 |     1   (0)| 00:00:01 |
|  79 |            INDEX UNIQUE SCAN                            | PK_T_USR                      |     1 |       |     1   (0)| 00:00:01 |
|  80 |    TABLE ACCESS BY INDEX ROWID                          | T_BENSPKG                     |     1 |    12 |     1   (0)| 00:00:01 |
|  81 |     INDEX UNIQUE SCAN                                   | PK_T_BENSPKG                  |     1 |       |     1   (0)| 00:00:01 |
|  82 |   TABLE ACCESS BY INDEX ROWID                           | T_USR                         |     1 |    22 |     1   (0)| 00:00:01 |
|  83 |    INDEX UNIQUE SCAN                                    | PK_T_USR                      |     1 |       |     1   (0)| 00:00:01 |
-----------------------------------------------------------------------------------------------------------------------------------------

Query Block Name / Object Alias (identified by operation id):
-------------------------------------------------------------

   1 - SEL$4        / T_UM_BASE@SEL$4
   2 - SEL$4        / T_UM_BASE@SEL$4
   3 - SEL$5        / T_CM_BASEBASE@SEL$5
   4 - SEL$5        / T_CM_BASEBASE@SEL$5
   5 - SEL$0C04A374
   8 - SET$1        / ENROLLMENT@SEL$30
   9 - SET$1
  11 - SEL$35
  13 - SEL$35       / T_SRC_ENNS@SEL$35
  14 - SEL$40       / DUAL@SEL$40
  15 - SEL$5F185B4C
  19 - SEL$5F185B4C / T_ENNS_MASTERUSER@SEL$31
  20 - SEL$5F185B4C / T_ENNS_SLAVEUSER@SEL$31
  21 - SEL$5F185B4C / T_CURR_ENNS@SEL$32
  22 - SEL$5F185B4C / T_CURR_ENNS@SEL$32
  23 - SEL$5F185B4C / T_MAX_DISENROLLMENT_ENROLLMENT@SEL$33
  24 - SEL$5F185B4C / T_MAX_DISENROLLMENT_ENROLLMENT@SEL$33
  25 - SEL$42
  27 - SEL$42       / T_SRC_ENNS@SEL$42
  28 - SEL$43       / DUAL@SEL$43
  29 - SEL$CDBEA42D
  33 - SEL$CDBEA42D / T_ENNS_MASTERUSER@SEL$36
  34 - SEL$CDBEA42D / T_ENNS_SLAVEUSER@SEL$36
  35 - SEL$CDBEA42D / T_CURR_ENNS@SEL$37
  36 - SEL$CDBEA42D / T_CURR_ENNS@SEL$37
  37 - SEL$CDBEA42D / T_MAX_DISENROLLMENT_ENROLLMENT@SEL$38
  38 - SEL$CDBEA42D / T_MAX_DISENROLLMENT_ENROLLMENT@SEL$38
  39 - SEL$3        / INFO_WITH_MEMBER_ID@SEL$2
  40 - SEL$6        / INFO@SEL$3
  41 - SEL$6
  42 - SEL$2D594895 / from$_subquery$_005@SEL$6
  43 - SEL$2D594895
  51 - SEL$2D594895 / OWN@SEL$7
  52 - SEL$2D594895 / OWN@SEL$7
  58 - SEL$2D594895 / T@SEL$8
  59 - SEL$2D594895 / T@SEL$8
  60 - SEL$2D594895 / TASKTYPE@SEL$15
  61 - SEL$2D594895 / TASKTYPE@SEL$15
  62 - SEL$2D594895 / REASON@SEL$17
  63 - SEL$2D594895 / REASON@SEL$17
  64 - SEL$2D594895 / AUTH@SEL$21
  65 - SEL$2D594895 / AUTH@SEL$21
  66 - SEL$2D594895 / CASEORCM@SEL$19
  67 - SEL$2D594895 / CASEORCM@SEL$19
  68 - SEL$2D594895 / PREVOWNER@SEL$9
  69 - SEL$2D594895 / PREVOWNER@SEL$9
  70 - SEL$2D594895 / MEMBER@SEL$11
  71 - SEL$2D594895 / MEMBER@SEL$11
  72 - SEL$2D594895 / ORIGCREATOR@SEL$13
  73 - SEL$2D594895 / ORIGCREATOR@SEL$13
  74 - SEL$2D594895 / PROVIDER@SEL$23
  75 - SEL$2D594895 / PROVIDER@SEL$23
  76 - SEL$2D594895 / MOD@SEL$25
  77 - SEL$2D594895 / MOD@SEL$25
  78 - SEL$2D594895 / SENDER@SEL$27
  79 - SEL$2D594895 / SENDER@SEL$27
  80 - SEL$0C04A374 / BENEFIT@SEL$46
  81 - SEL$0C04A374 / BENEFIT@SEL$46
  82 - SEL$0C04A374 / AFFMEMBER@SEL$1
  83 - SEL$0C04A374 / AFFMEMBER@SEL$1

Outline Data
-------------

  /*+
      BEGIN_OUTLINE_DATA
      IGNORE_OPTIM_EMBEDDED_HINTS
      OPTIMIZER_FEATURES_ENABLE('12.1.0.2')
      DB_VERSION('12.1.0.2')
      OPT_PARAM('optimizer_index_cost_adj' 1)
      OPT_PARAM('optimizer_index_caching' 90)
      ALL_ROWS
      OUTLINE_LEAF(@"SEL$4")
      OUTLINE_LEAF(@"SEL$5")
      OUTLINE_LEAF(@"SEL$2D594895")
      MERGE(@"SEL$2DE0C8FF")
      OUTLINE_LEAF(@"SEL$6")
      OUTLINE_LEAF(@"SEL$3")
      OUTLINE_LEAF(@"SEL$40")
      OUTLINE_LEAF(@"SEL$5F185B4C")
      MERGE(@"SEL$6B15F4E0")
      OUTLINE_LEAF(@"SEL$35")
      OUTLINE_LEAF(@"SEL$43")
      OUTLINE_LEAF(@"SEL$CDBEA42D")
      MERGE(@"SEL$57BA8109")
      OUTLINE_LEAF(@"SEL$42")
      OUTLINE_LEAF(@"SET$1")
      OUTLINE_LEAF(@"SEL$0C04A374")
      MERGE(@"SEL$BC270230")
      OUTLINE(@"SEL$29")
      OUTLINE(@"SEL$2DE0C8FF")
      MERGE(@"SEL$27")
      MERGE(@"SEL$3B95C159")
      OUTLINE(@"SEL$41")
      OUTLINE(@"SEL$6B15F4E0")
      MERGE(@"SEL$78FE80F3")
      OUTLINE(@"SEL$44")
      OUTLINE(@"SEL$57BA8109")
      MERGE(@"SEL$516D3A01")
      OUTLINE(@"SEL$48")
      OUTLINE(@"SEL$BC270230")
      MERGE(@"SEL$409758B4")
      MERGE(@"SEL$46")
      OUTLINE(@"SEL$28")
      OUTLINE(@"SEL$27")
      OUTLINE(@"SEL$3B95C159")
      MERGE(@"SEL$25")
      MERGE(@"SEL$6D003707")
      OUTLINE(@"SEL$D570F096")
      MERGE(@"SEL$33")
      OUTLINE(@"SEL$78FE80F3")
      MERGE(@"SEL$31")
      OUTLINE(@"SEL$067B9A3E")
      MERGE(@"SEL$38")
      OUTLINE(@"SEL$516D3A01")
      MERGE(@"SEL$36")
      OUTLINE(@"SEL$47")
      OUTLINE(@"SEL$409758B4")
      MERGE(@"SEL$30")
      MERGE(@"SEL$58A6D7F6")
      OUTLINE(@"SEL$46")
      OUTLINE(@"SEL$26")
      OUTLINE(@"SEL$25")
      OUTLINE(@"SEL$6D003707")
      MERGE(@"SEL$23")
      MERGE(@"SEL$23FAB6D1")
      OUTLINE(@"SEL$34")
      OUTLINE(@"SEL$33")
      OUTLINE(@"SEL$32")
      OUTLINE(@"SEL$31")
      OUTLINE(@"SEL$39")
      OUTLINE(@"SEL$38")
      OUTLINE(@"SEL$37")
      OUTLINE(@"SEL$36")
      OUTLINE(@"SEL$45")
      OUTLINE(@"SEL$30")
      OUTLINE(@"SEL$58A6D7F6")
      MERGE(@"SEL$1")
      OUTLINE(@"SEL$24")
      OUTLINE(@"SEL$23")
      OUTLINE(@"SEL$23FAB6D1")
      MERGE(@"SEL$21")
      MERGE(@"SEL$97A30ECD")
      OUTLINE(@"SEL$2")
      OUTLINE(@"SEL$1")
      OUTLINE(@"SEL$22")
      OUTLINE(@"SEL$21")
      OUTLINE(@"SEL$97A30ECD")
      MERGE(@"SEL$19")
      MERGE(@"SEL$CF22A5CA")
      OUTLINE(@"SEL$20")
      OUTLINE(@"SEL$19")
      OUTLINE(@"SEL$CF22A5CA")
      MERGE(@"SEL$17")
      MERGE(@"SEL$FF97D7FC")
      OUTLINE(@"SEL$18")
      OUTLINE(@"SEL$17")
      OUTLINE(@"SEL$FF97D7FC")
      MERGE(@"SEL$15")
      MERGE(@"SEL$DE5D921C")
      OUTLINE(@"SEL$16")
      OUTLINE(@"SEL$15")
      OUTLINE(@"SEL$DE5D921C")
      MERGE(@"SEL$01DD7F33")
      MERGE(@"SEL$13")
      OUTLINE(@"SEL$14")
      OUTLINE(@"SEL$01DD7F33")
      MERGE(@"SEL$11")
      MERGE(@"SEL$BDFBA881")
      OUTLINE(@"SEL$13")
      OUTLINE(@"SEL$12")
      OUTLINE(@"SEL$11")
      OUTLINE(@"SEL$BDFBA881")
      MERGE(@"SEL$9")
      MERGE(@"SEL$FC56C448")
      OUTLINE(@"SEL$10")
      OUTLINE(@"SEL$9")
      OUTLINE(@"SEL$FC56C448")
      MERGE(@"SEL$7")
      OUTLINE(@"SEL$8")
      OUTLINE(@"SEL$7")
      NO_ACCESS(@"SEL$0C04A374" "INFO_WITH_MEMBER_ID"@"SEL$2")
      NO_ACCESS(@"SEL$0C04A374" "ENROLLMENT"@"SEL$30")
      INDEX_RS_ASC(@"SEL$0C04A374" "BENEFIT"@"SEL$46" ("T_BENSPKG"."BENP_ID"))
      INDEX_RS_ASC(@"SEL$0C04A374" "AFFMEMBER"@"SEL$1" ("T_USR"."USR_ID"))
      LEADING(@"SEL$0C04A374" "INFO_WITH_MEMBER_ID"@"SEL$2" "ENROLLMENT"@"SEL$30" "BENEFIT"@"SEL$46" "AFFMEMBER"@"SEL$1")
      USE_HASH(@"SEL$0C04A374" "ENROLLMENT"@"SEL$30")
      USE_NL(@"SEL$0C04A374" "BENEFIT"@"SEL$46")
      USE_NL(@"SEL$0C04A374" "AFFMEMBER"@"SEL$1")
      SWAP_JOIN_INPUTS(@"SEL$0C04A374" "ENROLLMENT"@"SEL$30")
      NO_ACCESS(@"SEL$3" "INFO"@"SEL$3")
      FULL(@"SEL$42" "T_SRC_ENNS"@"SEL$42")
      PQ_FILTER(@"SEL$42" SERIAL)
      FULL(@"SEL$35" "T_SRC_ENNS"@"SEL$35")
      PQ_FILTER(@"SEL$35" SERIAL)
      INDEX(@"SEL$5F185B4C" "T_ENNS_MASTERUSER"@"SEL$31" ("T_USR"."USR_ID"))
      INDEX(@"SEL$5F185B4C" "T_ENNS_SLAVEUSER"@"SEL$31" "IX_NVL_USR_MRGEMSTR_USR_ID")
      INDEX_RS_ASC(@"SEL$5F185B4C" "T_CURR_ENNS"@"SEL$32" "IX_ELNS_MEMBENLTDTDSNTDTSTTID")
      INDEX_RS_ASC(@"SEL$5F185B4C" "T_MAX_DISENROLLMENT_ENROLLMENT"@"SEL$33" "IX_ELNS_MEMBENLTDTDSNTDTSTTID")
      LEADING(@"SEL$5F185B4C" "T_ENNS_MASTERUSER"@"SEL$31" "T_ENNS_SLAVEUSER"@"SEL$31" "T_CURR_ENNS"@"SEL$32"
              "T_MAX_DISENROLLMENT_ENROLLMENT"@"SEL$33")
      USE_NL(@"SEL$5F185B4C" "T_ENNS_SLAVEUSER"@"SEL$31")
      USE_NL(@"SEL$5F185B4C" "T_CURR_ENNS"@"SEL$32")
      USE_NL(@"SEL$5F185B4C" "T_MAX_DISENROLLMENT_ENROLLMENT"@"SEL$33")
      INDEX(@"SEL$CDBEA42D" "T_ENNS_MASTERUSER"@"SEL$36" ("T_USR"."USR_ID"))
      INDEX(@"SEL$CDBEA42D" "T_ENNS_SLAVEUSER"@"SEL$36" "IX_NVL_USR_MRGEMSTR_USR_ID")
      INDEX_RS_ASC(@"SEL$CDBEA42D" "T_CURR_ENNS"@"SEL$37" "IX_ELNS_MEMBENLTDTDSNTDTSTTID")
      INDEX_RS_ASC(@"SEL$CDBEA42D" "T_MAX_DISENROLLMENT_ENROLLMENT"@"SEL$38" "IX_ELNS_MEMBENLTDTDSNTDTSTTID")
      LEADING(@"SEL$CDBEA42D" "T_ENNS_MASTERUSER"@"SEL$36" "T_ENNS_SLAVEUSER"@"SEL$36" "T_CURR_ENNS"@"SEL$37"
              "T_MAX_DISENROLLMENT_ENROLLMENT"@"SEL$38")
      USE_NL(@"SEL$CDBEA42D" "T_ENNS_SLAVEUSER"@"SEL$36")
      USE_NL(@"SEL$CDBEA42D" "T_CURR_ENNS"@"SEL$37")
      USE_NL(@"SEL$CDBEA42D" "T_MAX_DISENROLLMENT_ENROLLMENT"@"SEL$38")
      NO_ACCESS(@"SEL$6" "from$_subquery$_005"@"SEL$6")
      INDEX_RS_ASC(@"SEL$2D594895" "T"@"SEL$8" ("T_SENTTSK"."SETK_OBJ_STT"))
      BATCH_TABLE_ACCESS_BY_ROWID(@"SEL$2D594895" "T"@"SEL$8")
      INDEX_RS_ASC(@"SEL$2D594895" "TASKTYPE"@"SEL$15" ("T_DDL_ITEM"."DDLI_ID"))
      INDEX_RS_ASC(@"SEL$2D594895" "REASON"@"SEL$17" ("T_DDL_ITEM"."DDLI_ID"))
      INDEX_RS_ASC(@"SEL$2D594895" "AUTH"@"SEL$21" ("T_UM_BASE"."UMBS_ID"))
      INDEX_RS_ASC(@"SEL$2D594895" "CASEORCM"@"SEL$19" ("T_CM_BASEBASE"."CMBB_ID"))
      INDEX_RS_ASC(@"SEL$2D594895" "OWN"@"SEL$7" ("T_USR"."USR_ID"))
      INDEX_RS_ASC(@"SEL$2D594895" "PREVOWNER"@"SEL$9" ("T_USR"."USR_ID"))
      INDEX_RS_ASC(@"SEL$2D594895" "MEMBER"@"SEL$11" ("T_USR"."USR_ID"))
      INDEX_RS_ASC(@"SEL$2D594895" "ORIGCREATOR"@"SEL$13" ("T_USR"."USR_ID"))
      INDEX_RS_ASC(@"SEL$2D594895" "PROVIDER"@"SEL$23" ("T_USR"."USR_ID"))
      INDEX_RS_ASC(@"SEL$2D594895" "MOD"@"SEL$25" ("T_USR"."USR_ID"))
      INDEX_RS_ASC(@"SEL$2D594895" "SENDER"@"SEL$27" ("T_USR"."USR_ID"))
      LEADING(@"SEL$2D594895" "T"@"SEL$8" "TASKTYPE"@"SEL$15" "REASON"@"SEL$17" "AUTH"@"SEL$21" "CASEORCM"@"SEL$19" "OWN"@"SEL$7"
              "PREVOWNER"@"SEL$9" "MEMBER"@"SEL$11" "ORIGCREATOR"@"SEL$13" "PROVIDER"@"SEL$23" "MOD"@"SEL$25" "SENDER"@"SEL$27")
      USE_NL(@"SEL$2D594895" "TASKTYPE"@"SEL$15")
      USE_NL(@"SEL$2D594895" "REASON"@"SEL$17")
      USE_NL(@"SEL$2D594895" "AUTH"@"SEL$21")
      USE_NL(@"SEL$2D594895" "CASEORCM"@"SEL$19")
      USE_HASH(@"SEL$2D594895" "OWN"@"SEL$7")
      USE_NL(@"SEL$2D594895" "PREVOWNER"@"SEL$9")
      USE_NL(@"SEL$2D594895" "MEMBER"@"SEL$11")
      USE_NL(@"SEL$2D594895" "ORIGCREATOR"@"SEL$13")
      USE_NL(@"SEL$2D594895" "PROVIDER"@"SEL$23")
      USE_NL(@"SEL$2D594895" "MOD"@"SEL$25")
      USE_NL(@"SEL$2D594895" "SENDER"@"SEL$27")
      SWAP_JOIN_INPUTS(@"SEL$2D594895" "OWN"@"SEL$7")
      INDEX_RS_ASC(@"SEL$5" "T_CM_BASEBASE"@"SEL$5" ("T_CM_BASEBASE"."CMBB_ID"))
      INDEX_RS_ASC(@"SEL$4" "T_UM_BASE"@"SEL$4" ("T_UM_BASE"."UMBS_ID"))
      END_OUTLINE_DATA
  */

Peeked Binds (identified by position):
--------------------------------------

   1 - :SYS_B_0 (NUMBER): 2
   2 - :1 (NUMBER): 11640563
   3 - :2 (NUMBER): 1
   4 - :3 (NUMBER): 3
   5 - :4 (NUMBER): 905
   6 - :5 (NUMBER): 906
   7 - :6 (NUMBER): 907
   8 - :7 (NUMBER): 908
   9 - :8 (NUMBER): 911
  10 - :9 (NUMBER): 912
  11 - :10 (NUMBER): 913
  12 - :SYS_B_1 (NUMBER): 500
  13 - :SYS_B_2 (VARCHAR2(30), CSID=178): '2020.11.20'
  14 - :SYS_B_3 (VARCHAR2(30), CSID=178): 'yyyy.MM.dd'

Note
-----
   - dynamic statistics used: dynamic sampling (level=2)
   - 5 Sql Plan Directives used for this statement

SQL_ID 0sjx29v99zfqc
--------------------
SELECT INFO_WITH_MEMBER_ID.*,     enrollment.ELNS_INSCPRSRGRP
ipgGroupId,     benefit.BENP_LWSTLVL_PRODCAT productCategoryId,
affMember.USR_FRSTNAM affiliatedMemberFirstName,
affMember.USR_LAS_NAM affiliatedMemberLastName FROM (   SELECT INFO.*,
   CASE     WHEN INFO.memberAffiliationId IS NOT NULL THEN
(INFO.memberAffiliationId)     WHEN INFO.authAffiliationId IS NOT NULL
THEN (SELECT UMBS_MEMB FROM T_UM_BASE WHERE
UMBS_ID=INFO.authAffiliationId)     WHEN
INFO.careManagementAffiliationId IS NOT NULL THEN (SELECT CMBS_MEMB
FROM T_CM_BASEBASE WHERE CMBB_ID=INFO.careManagementAffiliationId)
WHEN INFO.providerAffiliationId IS NOT NULL THEN
(INFO.providerAffiliationId)     ELSE (NULL)     END
affiliatedMemberId   FROM (   SELECT * FROM (     SELECT
T.SETK_ID AS id,         T.SETK_C4C_ID AS c4cId,         T.SETK_UNIVID
AS universalId,         taskType.TSKT_RCPTTYP AS categoryId,
T.SETK_TSK_TYP AS taskTypeId,         taskType.DDLI_LBL AS
taskTypeLabel,         T.SETK_TSK_NAM AS taskName,         T.SETK_SUBJ
AS subject,         T.SETK_CRTD AS createDate,         T.SETK_SENT AS
sentDate,         T.SETK_SRTD AS startedDate,
T.SETK_TSK_TIMG_STRTDT AS startDate,         T.SETK_TSK_TIMG_SCLDAT AS
startDateSeconds,         T.SETK_TSK_TIMG_DDLN_DT AS dueDate,
T.SETK_TSK_TIMG_DDLN_TIM_IN_DY AS dueDateSeconds,         T.SETK_OWNR
AS ownerId,         own.USR_FRSTNAM AS ownerFirstName,
own.USR_LAS_NAM AS ownerLastName,         own.CLASSTYPE AS ownerType,
      T.SETK_OBJ_STT AS status,         T.SETK_AFFN_MEMB AS
memberAffiliationId,         member.USR_C4C_ID AS memberC4cId,
member.USR_FRSTNAM AS memberFirstName,         member.USR_LAS_NAM AS
memberLastName,         T.SETK_AFFN_CM AS careManagementAffiliationId,
       caseOrCm.CMBB_C4C_ID AS caseOrCmC4cId,
T.SETK_AFFN_UM_EVNT AS authAffiliationId,         auth.UMBS_C4C_ID AS
authAffiliationC4cId,         T.SETK_AFFN_PVDR AS
providerAffiliationId,         provider.USR_C4C_ID AS providerC4cId,
     T.SETK_TSK_TIMG_SNLTDT AS startNoLaterThanDate,
T.SETK_CNCLRESN AS cancelReasonId,         T.SETK_ORIGCRTR AS
originalCreatorId,         origCreator.USR_FRSTNAM AS
originalCreatorFirstName,         origCreator.USR_LAS_NAM AS
originalCreatorLastName,         caseOrCm.CLASSTYPE AS
caseOrCmClasstype,         T.SETK_TSK_DSCN AS description,
T.SETK_CMPD AS completedDate,         T.SETK_LAS_ACT_TIM AS
lastActionDate,         mod.USR_FRSTNAM lastModifiedByFirstName,
 mod.USR_LAS_NAM lastModifiedByLastName,         T.SETK_PRVSOWNR AS
previousOwnerId,         prevOwner.USR_FRSTNAM AS
previousOwnerFirstName,         prevOwner.USR_LAS_NAM AS
previousOwnerLastName,         prevOwner.CLASSTYPE AS
previousOwnerType,         CASE             WHEN
T.SETK_TSK_TIMG_DDLN_DT IS NOT NULL THEN (T.SETK_TSK_TIMG_DDLN_DT)
       WHEN T.SETK_TSK_TIMG_STRTDT IS NOT NULL THEN
(T.SETK_TSK_TIMG_STRTDT)             WHEN T.SETK_TSK_TIMG_SNLTDT IS NOT
NULL THEN (T.SETK_TSK_TIMG_SNLTDT)             ELSE (NULL)         END
       filterDate,         sender.USR_FRSTNAM fromUserFirstName,
 sender.USR_LAS_NAM fromUserLastName,         T.SETK_RESCHEDULE_REASON
AS rescheduleReason,         reason.DDLI_LBL AS rescheduleReasonLabel,
       T.SETK_RESCHEDULE_COMMENT AS rescheduleComment       FROM
T_SENTTSK T       LEFT OUTER JOIN T_USR own ON own.USR_ID=T.SETK_OWNR
    LEFT OUTER JOIN T_USR prevOwner ON prevOwner.USR_ID=T.SETK_PRVSOWNR
      LEFT OUTER JOIN T_USR member ON member.USR_ID=T.SETK_AFFN_MEMB
   LEFT OUTER JOIN T_USR origCreator ON
origCreator.USR_ID=T.SETK_ORIGCRTR       LEFT OUTER JOIN T_DDL_ITEM
taskType ON taskType.DDLI_ID=T.SETK_TSK_TYP       LEFT OUTER JOIN
T_DDL_ITEM reason ON reason.DDLI_ID=T.SETK_RESCHEDULE_REASON       LEFT
OUTER JOIN T_CM_BASEBASE caseOrCm ON caseOrCm.CMBB_ID=T.SETK_AFFN_CM
   LEFT OUTER JOIN T_UM_BASE auth ON auth.UMBS_ID=T.SETK_AFFN_UM_EVNT
    LEFT OUTER JOIN T_USR provider

Plan hash value: 2320460704

-----------------------------------------------------------------------------------------------------------------------------------------
| Id  | Operation                                               | Name                          | Rows  | Bytes | Cost (%CPU)| Time     |
-----------------------------------------------------------------------------------------------------------------------------------------
|   0 | SELECT STATEMENT                                        |                               |       |       |  2282K(100)|          |
|   1 |  TABLE ACCESS BY INDEX ROWID                            | T_UM_BASE                     |     1 |    12 |     1   (0)| 00:00:01 |
|   2 |   INDEX UNIQUE SCAN                                     | PK_T_UM_BASE                  |     1 |       |     1   (0)| 00:00:01 |
|   3 |   TABLE ACCESS BY INDEX ROWID                           | T_CM_BASEBASE                 |     1 |    12 |     1   (0)| 00:00:01 |
|   4 |    INDEX UNIQUE SCAN                                    | PK_T_CM_BASEBASE              |     1 |       |     1   (0)| 00:00:01 |
|   5 |  NESTED LOOPS OUTER                                     |                               |   130 |  5957K|  2282K  (1)| 00:01:30 |
|   6 |   NESTED LOOPS OUTER                                    |                               |   130 |  5954K|  2282K  (1)| 00:01:30 |
|   7 |    HASH JOIN RIGHT OUTER                                |                               |   130 |  5952K|  2282K  (1)| 00:01:30 |
|   8 |     VIEW                                                | V_CURR_ENROLLMENT             |     2 |    78 |  2282K  (1)| 00:01:30 |
|   9 |      SORT UNIQUE                                        |                               |     2 |  1092 |  2282K  (1)| 00:01:30 |
|  10 |       UNION-ALL                                         |                               |       |       |            |          |
|  11 |        FILTER                                           |                               |       |       |            |          |
|  12 |         FILTER                                          |                               |       |       |            |          |
|  13 |          TABLE ACCESS STORAGE FULL                      | T_ENNS                        |   248K|    64M|   160K  (1)| 00:00:07 |
|  14 |          FAST DUAL                                      |                               |     1 |       |     2   (0)| 00:00:01 |
|  15 |         SORT GROUP BY NOSORT                            |                               |     1 |    72 |     4   (0)| 00:00:01 |
|  16 |          NESTED LOOPS OUTER                             |                               |     1 |    72 |     4   (0)| 00:00:01 |
|  17 |           NESTED LOOPS                                  |                               |     1 |    50 |     3   (0)| 00:00:01 |
|  18 |            NESTED LOOPS                                 |                               |     1 |    12 |     2   (0)| 00:00:01 |
|  19 |             INDEX UNIQUE SCAN                           | PK_T_USR                      |     1 |     6 |     1   (0)| 00:00:01 |
|  20 |             INDEX RANGE SCAN                            | IX_NVL_USR_MRGEMSTR_USR_ID    |     1 |     6 |     1   (0)| 00:00:01 |
|  21 |            TABLE ACCESS BY INDEX ROWID                  | T_ENNS                        |     1 |    38 |     1   (0)| 00:00:01 |
|  22 |             INDEX RANGE SCAN                            | IX_ELNS_MEMBENLTDTDSNTDTSTTID |     2 |       |     1   (0)| 00:00:01 |
|  23 |           TABLE ACCESS BY INDEX ROWID                   | T_ENNS                        |     1 |    22 |     1   (0)| 00:00:01 |
|  24 |            INDEX RANGE SCAN                             | IX_ELNS_MEMBENLTDTDSNTDTID    |     1 |       |     1   (0)| 00:00:01 |
|  25 |        FILTER                                           |                               |       |       |            |          |
|  26 |         FILTER                                          |                               |       |       |            |          |
|  27 |          TABLE ACCESS STORAGE FULL                      | T_ENNS                        |   248K|    64M|   160K  (1)| 00:00:07 |
|  28 |          FAST DUAL                                      |                               |     1 |       |     2   (0)| 00:00:01 |
|  29 |         SORT GROUP BY NOSORT                            |                               |     1 |    72 |     4   (0)| 00:00:01 |
|  30 |          NESTED LOOPS OUTER                             |                               |     1 |    72 |     4   (0)| 00:00:01 |
|  31 |           NESTED LOOPS                                  |                               |     1 |    50 |     3   (0)| 00:00:01 |
|  32 |            NESTED LOOPS                                 |                               |     1 |    12 |     2   (0)| 00:00:01 |
|  33 |             INDEX UNIQUE SCAN                           | PK_T_USR                      |     1 |     6 |     1   (0)| 00:00:01 |
|  34 |             INDEX RANGE SCAN                            | IX_NVL_USR_MRGEMSTR_USR_ID    |     1 |     6 |     1   (0)| 00:00:01 |
|  35 |            TABLE ACCESS BY INDEX ROWID                  | T_ENNS                        |     1 |    38 |     1   (0)| 00:00:01 |
|  36 |             INDEX RANGE SCAN                            | IX_ELNS_MEMBENLTDTDSNTDTSTTID |     2 |       |     1   (0)| 00:00:01 |
|  37 |           TABLE ACCESS BY INDEX ROWID                   | T_ENNS                        |     1 |    22 |     1   (0)| 00:00:01 |
|  38 |            INDEX RANGE SCAN                             | IX_ELNS_MEMBENLTDTDSNTDTID    |     1 |       |     1   (0)| 00:00:01 |
|  39 |     VIEW                                                |                               |   130 |  5947K|   101   (1)| 00:00:01 |
|  40 |      VIEW                                               |                               |   130 |  5946K|    16   (7)| 00:00:01 |
|  41 |       COUNT STOPKEY                                     |                               |       |       |            |          |
|  42 |        VIEW                                             |                               |   130 |  5946K|    16   (7)| 00:00:01 |
|  43 |         SORT ORDER BY STOPKEY                           |                               |   130 |    99K|    16   (7)| 00:00:01 |
|  44 |          NESTED LOOPS OUTER                             |                               |   130 |    99K|    15   (0)| 00:00:01 |
|  45 |           NESTED LOOPS OUTER                            |                               |   130 | 98540 |    14   (0)| 00:00:01 |
|  46 |            NESTED LOOPS OUTER                           |                               |   130 | 95680 |    12   (0)| 00:00:01 |
|  47 |             NESTED LOOPS OUTER                          |                               |   130 | 93210 |    11   (0)| 00:00:01 |
|  48 |              NESTED LOOPS OUTER                         |                               |   130 | 90350 |    10   (0)| 00:00:01 |
|  49 |               NESTED LOOPS OUTER                        |                               |   130 | 85800 |     9   (0)| 00:00:01 |
|  50 |                NESTED LOOPS OUTER                       |                               |   130 | 81120 |     8   (0)| 00:00:01 |
|  51 |                 NESTED LOOPS OUTER                      |                               |   130 | 77480 |     7   (0)| 00:00:01 |
|  52 |                  NESTED LOOPS OUTER                     |                               |   130 | 75140 |     6   (0)| 00:00:01 |
|  53 |                   NESTED LOOPS OUTER                    |                               |   130 | 72280 |     5   (0)| 00:00:01 |
|  54 |                    HASH JOIN RIGHT OUTER                |                               |   130 | 69160 |     4   (0)| 00:00:01 |
|  55 |                     TABLE ACCESS BY INDEX ROWID         | T_USR                         |     1 |    36 |     1   (0)| 00:00:01 |
|  56 |                      INDEX UNIQUE SCAN                  | PK_T_USR                      |     1 |       |     1   (0)| 00:00:01 |
|  57 |                     INLIST ITERATOR                     |                               |       |       |            |          |
|  58 |                      TABLE ACCESS BY INDEX ROWID BATCHED| T_SENTTSK                     |   130 | 64480 |     3   (0)| 00:00:01 |
|  59 |                       INDEX RANGE SCAN                  | IX_SETK_OBJ_STT               |  1913 |       |     1   (0)| 00:00:01 |
|  60 |                    TABLE ACCESS BY INDEX ROWID          | T_DDL_ITEM                    |     1 |    24 |     1   (0)| 00:00:01 |
|  61 |                     INDEX UNIQUE SCAN                   | PK_T_DDL_ITEM                 |     1 |       |     1   (0)| 00:00:01 |
|  62 |                   TABLE ACCESS BY INDEX ROWID           | T_DDL_ITEM                    |     1 |    22 |     1   (0)| 00:00:01 |
|  63 |                    INDEX UNIQUE SCAN                    | PK_T_DDL_ITEM                 |     1 |       |     1   (0)| 00:00:01 |
|  64 |                  TABLE ACCESS BY INDEX ROWID            | T_UM_BASE                     |     1 |    18 |     1   (0)| 00:00:01 |
|  65 |                   INDEX UNIQUE SCAN                     | PK_T_UM_BASE                  |     1 |       |     1   (0)| 00:00:01 |
|  66 |                 TABLE ACCESS BY INDEX ROWID             | T_CM_BASEBASE                 |     1 |    28 |     1   (0)| 00:00:01 |
|  67 |                  INDEX UNIQUE SCAN                      | PK_T_CM_BASEBASE              |     1 |       |     1   (0)| 00:00:01 |
|  68 |                TABLE ACCESS BY INDEX ROWID              | T_USR                         |     1 |    36 |     1   (0)| 00:00:01 |
|  69 |                 INDEX UNIQUE SCAN                       | PK_T_USR                      |     1 |       |     1   (0)| 00:00:01 |
|  70 |               TABLE ACCESS BY INDEX ROWID               | T_USR                         |     1 |    35 |     1   (0)| 00:00:01 |
|  71 |                INDEX UNIQUE SCAN                        | PK_T_USR                      |     1 |       |     1   (0)| 00:00:01 |
|  72 |              TABLE ACCESS BY INDEX ROWID                | T_USR                         |     1 |    22 |     1   (0)| 00:00:01 |
|  73 |               INDEX UNIQUE SCAN                         | PK_T_USR                      |     1 |       |     1   (0)| 00:00:01 |
|  74 |             TABLE ACCESS BY INDEX ROWID                 | T_USR                         |     1 |    19 |     1   (0)| 00:00:01 |
|  75 |              INDEX UNIQUE SCAN                          | PK_T_USR                      |     1 |       |     1   (0)| 00:00:01 |
|  76 |            TABLE ACCESS BY INDEX ROWID                  | T_USR                         |     1 |    22 |     1   (0)| 00:00:01 |
|  77 |             INDEX UNIQUE SCAN                           | PK_T_USR                      |     1 |       |     1   (0)| 00:00:01 |
|  78 |           TABLE ACCESS BY INDEX ROWID                   | T_USR                         |     1 |    22 |     1   (0)| 00:00:01 |
|  79 |            INDEX UNIQUE SCAN                            | PK_T_USR                      |     1 |       |     1   (0)| 00:00:01 |
|  80 |    TABLE ACCESS BY INDEX ROWID                          | T_BENSPKG                     |     1 |    12 |     1   (0)| 00:00:01 |
|  81 |     INDEX UNIQUE SCAN                                   | PK_T_BENSPKG                  |     1 |       |     1   (0)| 00:00:01 |
|  82 |   TABLE ACCESS BY INDEX ROWID                           | T_USR                         |     1 |    22 |     1   (0)| 00:00:01 |
|  83 |    INDEX UNIQUE SCAN                                    | PK_T_USR                      |     1 |       |     1   (0)| 00:00:01 |
-----------------------------------------------------------------------------------------------------------------------------------------

Query Block Name / Object Alias (identified by operation id):
-------------------------------------------------------------

   1 - SEL$4        / T_UM_BASE@SEL$4
   2 - SEL$4        / T_UM_BASE@SEL$4
   3 - SEL$5        / T_CM_BASEBASE@SEL$5
   4 - SEL$5        / T_CM_BASEBASE@SEL$5
   5 - SEL$0C04A374
   8 - SET$1        / ENROLLMENT@SEL$30
   9 - SET$1
  11 - SEL$35
  13 - SEL$35       / T_SRC_ENNS@SEL$35
  14 - SEL$40       / DUAL@SEL$40
  15 - SEL$5F185B4C
  19 - SEL$5F185B4C / T_ENNS_MASTERUSER@SEL$31
  20 - SEL$5F185B4C / T_ENNS_SLAVEUSER@SEL$31
  21 - SEL$5F185B4C / T_CURR_ENNS@SEL$32
  22 - SEL$5F185B4C / T_CURR_ENNS@SEL$32
  23 - SEL$5F185B4C / T_MAX_DISENROLLMENT_ENROLLMENT@SEL$33
  24 - SEL$5F185B4C / T_MAX_DISENROLLMENT_ENROLLMENT@SEL$33
  25 - SEL$42
  27 - SEL$42       / T_SRC_ENNS@SEL$42
  28 - SEL$43       / DUAL@SEL$43
  29 - SEL$CDBEA42D
  33 - SEL$CDBEA42D / T_ENNS_MASTERUSER@SEL$36
  34 - SEL$CDBEA42D / T_ENNS_SLAVEUSER@SEL$36
  35 - SEL$CDBEA42D / T_CURR_ENNS@SEL$37
  36 - SEL$CDBEA42D / T_CURR_ENNS@SEL$37
  37 - SEL$CDBEA42D / T_MAX_DISENROLLMENT_ENROLLMENT@SEL$38
  38 - SEL$CDBEA42D / T_MAX_DISENROLLMENT_ENROLLMENT@SEL$38
  39 - SEL$3        / INFO_WITH_MEMBER_ID@SEL$2
  40 - SEL$6        / INFO@SEL$3
  41 - SEL$6
  42 - SEL$2D594895 / from$_subquery$_005@SEL$6
  43 - SEL$2D594895
  55 - SEL$2D594895 / OWN@SEL$7
  56 - SEL$2D594895 / OWN@SEL$7
  58 - SEL$2D594895 / T@SEL$8
  59 - SEL$2D594895 / T@SEL$8
  60 - SEL$2D594895 / TASKTYPE@SEL$15
  61 - SEL$2D594895 / TASKTYPE@SEL$15
  62 - SEL$2D594895 / REASON@SEL$17
  63 - SEL$2D594895 / REASON@SEL$17
  64 - SEL$2D594895 / AUTH@SEL$21
  65 - SEL$2D594895 / AUTH@SEL$21
  66 - SEL$2D594895 / CASEORCM@SEL$19
  67 - SEL$2D594895 / CASEORCM@SEL$19
  68 - SEL$2D594895 / PREVOWNER@SEL$9
  69 - SEL$2D594895 / PREVOWNER@SEL$9
  70 - SEL$2D594895 / MEMBER@SEL$11
  71 - SEL$2D594895 / MEMBER@SEL$11
  72 - SEL$2D594895 / ORIGCREATOR@SEL$13
  73 - SEL$2D594895 / ORIGCREATOR@SEL$13
  74 - SEL$2D594895 / PROVIDER@SEL$23
  75 - SEL$2D594895 / PROVIDER@SEL$23
  76 - SEL$2D594895 / MOD@SEL$25
  77 - SEL$2D594895 / MOD@SEL$25
  78 - SEL$2D594895 / SENDER@SEL$27
  79 - SEL$2D594895 / SENDER@SEL$27
  80 - SEL$0C04A374 / BENEFIT@SEL$46
  81 - SEL$0C04A374 / BENEFIT@SEL$46
  82 - SEL$0C04A374 / AFFMEMBER@SEL$1
  83 - SEL$0C04A374 / AFFMEMBER@SEL$1

Outline Data
-------------

  /*+
      BEGIN_OUTLINE_DATA
      IGNORE_OPTIM_EMBEDDED_HINTS
      OPTIMIZER_FEATURES_ENABLE('12.1.0.2')
      DB_VERSION('12.1.0.2')
      OPT_PARAM('optimizer_index_cost_adj' 1)
      OPT_PARAM('optimizer_index_caching' 90)
      ALL_ROWS
      OUTLINE_LEAF(@"SEL$4")
      OUTLINE_LEAF(@"SEL$5")
      OUTLINE_LEAF(@"SEL$2D594895")
      MERGE(@"SEL$2DE0C8FF")
      OUTLINE_LEAF(@"SEL$6")
      OUTLINE_LEAF(@"SEL$3")
      OUTLINE_LEAF(@"SEL$40")
      OUTLINE_LEAF(@"SEL$5F185B4C")
      MERGE(@"SEL$6B15F4E0")
      OUTLINE_LEAF(@"SEL$35")
      OUTLINE_LEAF(@"SEL$43")
      OUTLINE_LEAF(@"SEL$CDBEA42D")
      MERGE(@"SEL$57BA8109")
      OUTLINE_LEAF(@"SEL$42")
      OUTLINE_LEAF(@"SET$1")
      OUTLINE_LEAF(@"SEL$0C04A374")
      MERGE(@"SEL$BC270230")
      OUTLINE(@"SEL$29")
      OUTLINE(@"SEL$2DE0C8FF")
      MERGE(@"SEL$27")
      MERGE(@"SEL$3B95C159")
      OUTLINE(@"SEL$41")
      OUTLINE(@"SEL$6B15F4E0")
      MERGE(@"SEL$78FE80F3")
      OUTLINE(@"SEL$44")
      OUTLINE(@"SEL$57BA8109")
      MERGE(@"SEL$516D3A01")
      OUTLINE(@"SEL$48")
      OUTLINE(@"SEL$BC270230")
      MERGE(@"SEL$409758B4")
      MERGE(@"SEL$46")
      OUTLINE(@"SEL$28")
      OUTLINE(@"SEL$27")
      OUTLINE(@"SEL$3B95C159")
      MERGE(@"SEL$25")
      MERGE(@"SEL$6D003707")
      OUTLINE(@"SEL$D570F096")
      MERGE(@"SEL$33")
      OUTLINE(@"SEL$78FE80F3")
      MERGE(@"SEL$31")
      OUTLINE(@"SEL$067B9A3E")
      MERGE(@"SEL$38")
      OUTLINE(@"SEL$516D3A01")
      MERGE(@"SEL$36")
      OUTLINE(@"SEL$47")
      OUTLINE(@"SEL$409758B4")
      MERGE(@"SEL$30")
      MERGE(@"SEL$58A6D7F6")
      OUTLINE(@"SEL$46")
      OUTLINE(@"SEL$26")
      OUTLINE(@"SEL$25")
      OUTLINE(@"SEL$6D003707")
      MERGE(@"SEL$23")
      MERGE(@"SEL$23FAB6D1")
      OUTLINE(@"SEL$34")
      OUTLINE(@"SEL$33")
      OUTLINE(@"SEL$32")
      OUTLINE(@"SEL$31")
      OUTLINE(@"SEL$39")
      OUTLINE(@"SEL$38")
      OUTLINE(@"SEL$37")
      OUTLINE(@"SEL$36")
      OUTLINE(@"SEL$45")
      OUTLINE(@"SEL$30")
      OUTLINE(@"SEL$58A6D7F6")
      MERGE(@"SEL$1")
      OUTLINE(@"SEL$24")
      OUTLINE(@"SEL$23")
      OUTLINE(@"SEL$23FAB6D1")
      MERGE(@"SEL$21")
      MERGE(@"SEL$97A30ECD")
      OUTLINE(@"SEL$2")
      OUTLINE(@"SEL$1")
      OUTLINE(@"SEL$22")
      OUTLINE(@"SEL$21")
      OUTLINE(@"SEL$97A30ECD")
      MERGE(@"SEL$19")
      MERGE(@"SEL$CF22A5CA")
      OUTLINE(@"SEL$20")
      OUTLINE(@"SEL$19")
      OUTLINE(@"SEL$CF22A5CA")
      MERGE(@"SEL$17")
      MERGE(@"SEL$FF97D7FC")
      OUTLINE(@"SEL$18")
      OUTLINE(@"SEL$17")
      OUTLINE(@"SEL$FF97D7FC")
      MERGE(@"SEL$15")
      MERGE(@"SEL$DE5D921C")
      OUTLINE(@"SEL$16")
      OUTLINE(@"SEL$15")
      OUTLINE(@"SEL$DE5D921C")
      MERGE(@"SEL$01DD7F33")
      MERGE(@"SEL$13")
      OUTLINE(@"SEL$14")
      OUTLINE(@"SEL$01DD7F33")
      MERGE(@"SEL$11")
      MERGE(@"SEL$BDFBA881")
      OUTLINE(@"SEL$13")
      OUTLINE(@"SEL$12")
      OUTLINE(@"SEL$11")
      OUTLINE(@"SEL$BDFBA881")
      MERGE(@"SEL$9")
      MERGE(@"SEL$FC56C448")
      OUTLINE(@"SEL$10")
      OUTLINE(@"SEL$9")
      OUTLINE(@"SEL$FC56C448")
      MERGE(@"SEL$7")
      OUTLINE(@"SEL$8")
      OUTLINE(@"SEL$7")
      NO_ACCESS(@"SEL$0C04A374" "INFO_WITH_MEMBER_ID"@"SEL$2")
      NO_ACCESS(@"SEL$0C04A374" "ENROLLMENT"@"SEL$30")
      INDEX_RS_ASC(@"SEL$0C04A374" "BENEFIT"@"SEL$46" ("T_BENSPKG"."BENP_ID"))
      INDEX_RS_ASC(@"SEL$0C04A374" "AFFMEMBER"@"SEL$1" ("T_USR"."USR_ID"))
      LEADING(@"SEL$0C04A374" "INFO_WITH_MEMBER_ID"@"SEL$2" "ENROLLMENT"@"SEL$30" "BENEFIT"@"SEL$46" "AFFMEMBER"@"SEL$1")
      USE_HASH(@"SEL$0C04A374" "ENROLLMENT"@"SEL$30")
      USE_NL(@"SEL$0C04A374" "BENEFIT"@"SEL$46")
      USE_NL(@"SEL$0C04A374" "AFFMEMBER"@"SEL$1")
      SWAP_JOIN_INPUTS(@"SEL$0C04A374" "ENROLLMENT"@"SEL$30")
      NO_ACCESS(@"SEL$3" "INFO"@"SEL$3")
      FULL(@"SEL$42" "T_SRC_ENNS"@"SEL$42")
      PQ_FILTER(@"SEL$42" SERIAL)
      FULL(@"SEL$35" "T_SRC_ENNS"@"SEL$35")
      PQ_FILTER(@"SEL$35" SERIAL)
      INDEX(@"SEL$5F185B4C" "T_ENNS_MASTERUSER"@"SEL$31" ("T_USR"."USR_ID"))
      INDEX(@"SEL$5F185B4C" "T_ENNS_SLAVEUSER"@"SEL$31" "IX_NVL_USR_MRGEMSTR_USR_ID")
      INDEX_RS_ASC(@"SEL$5F185B4C" "T_CURR_ENNS"@"SEL$32" "IX_ELNS_MEMBENLTDTDSNTDTSTTID")
      INDEX_RS_ASC(@"SEL$5F185B4C" "T_MAX_DISENROLLMENT_ENROLLMENT"@"SEL$33" ("T_ENNS"."ELNS_MEMB" "T_ENNS"."ELNS_ENLTDT"
              "T_ENNS"."ELNS_DSNTDT" "T_ENNS"."ELNS_ID"))
      LEADING(@"SEL$5F185B4C" "T_ENNS_MASTERUSER"@"SEL$31" "T_ENNS_SLAVEUSER"@"SEL$31" "T_CURR_ENNS"@"SEL$32"
              "T_MAX_DISENROLLMENT_ENROLLMENT"@"SEL$33")
      USE_NL(@"SEL$5F185B4C" "T_ENNS_SLAVEUSER"@"SEL$31")
      USE_NL(@"SEL$5F185B4C" "T_CURR_ENNS"@"SEL$32")
      USE_NL(@"SEL$5F185B4C" "T_MAX_DISENROLLMENT_ENROLLMENT"@"SEL$33")
      INDEX(@"SEL$CDBEA42D" "T_ENNS_MASTERUSER"@"SEL$36" ("T_USR"."USR_ID"))
      INDEX(@"SEL$CDBEA42D" "T_ENNS_SLAVEUSER"@"SEL$36" "IX_NVL_USR_MRGEMSTR_USR_ID")
      INDEX_RS_ASC(@"SEL$CDBEA42D" "T_CURR_ENNS"@"SEL$37" "IX_ELNS_MEMBENLTDTDSNTDTSTTID")
      INDEX_RS_ASC(@"SEL$CDBEA42D" "T_MAX_DISENROLLMENT_ENROLLMENT"@"SEL$38" ("T_ENNS"."ELNS_MEMB" "T_ENNS"."ELNS_ENLTDT"
              "T_ENNS"."ELNS_DSNTDT" "T_ENNS"."ELNS_ID"))
      LEADING(@"SEL$CDBEA42D" "T_ENNS_MASTERUSER"@"SEL$36" "T_ENNS_SLAVEUSER"@"SEL$36" "T_CURR_ENNS"@"SEL$37"
              "T_MAX_DISENROLLMENT_ENROLLMENT"@"SEL$38")
      USE_NL(@"SEL$CDBEA42D" "T_ENNS_SLAVEUSER"@"SEL$36")
      USE_NL(@"SEL$CDBEA42D" "T_CURR_ENNS"@"SEL$37")
      USE_NL(@"SEL$CDBEA42D" "T_MAX_DISENROLLMENT_ENROLLMENT"@"SEL$38")
      NO_ACCESS(@"SEL$6" "from$_subquery$_005"@"SEL$6")
      INDEX_RS_ASC(@"SEL$2D594895" "T"@"SEL$8" ("T_SENTTSK"."SETK_OBJ_STT"))
      BATCH_TABLE_ACCESS_BY_ROWID(@"SEL$2D594895" "T"@"SEL$8")
      INDEX_RS_ASC(@"SEL$2D594895" "OWN"@"SEL$7" ("T_USR"."USR_ID"))
      INDEX_RS_ASC(@"SEL$2D594895" "TASKTYPE"@"SEL$15" ("T_DDL_ITEM"."DDLI_ID"))
      INDEX_RS_ASC(@"SEL$2D594895" "REASON"@"SEL$17" ("T_DDL_ITEM"."DDLI_ID"))
      INDEX_RS_ASC(@"SEL$2D594895" "AUTH"@"SEL$21" ("T_UM_BASE"."UMBS_ID"))
      INDEX_RS_ASC(@"SEL$2D594895" "CASEORCM"@"SEL$19" ("T_CM_BASEBASE"."CMBB_ID"))
      INDEX_RS_ASC(@"SEL$2D594895" "PREVOWNER"@"SEL$9" ("T_USR"."USR_ID"))
      INDEX_RS_ASC(@"SEL$2D594895" "MEMBER"@"SEL$11" ("T_USR"."USR_ID"))
      INDEX_RS_ASC(@"SEL$2D594895" "ORIGCREATOR"@"SEL$13" ("T_USR"."USR_ID"))
      INDEX_RS_ASC(@"SEL$2D594895" "PROVIDER"@"SEL$23" ("T_USR"."USR_ID"))
      INDEX_RS_ASC(@"SEL$2D594895" "MOD"@"SEL$25" ("T_USR"."USR_ID"))
      INDEX_RS_ASC(@"SEL$2D594895" "SENDER"@"SEL$27" ("T_USR"."USR_ID"))
      LEADING(@"SEL$2D594895" "T"@"SEL$8" "OWN"@"SEL$7" "TASKTYPE"@"SEL$15" "REASON"@"SEL$17" "AUTH"@"SEL$21" "CASEORCM"@"SEL$19"
              "PREVOWNER"@"SEL$9" "MEMBER"@"SEL$11" "ORIGCREATOR"@"SEL$13" "PROVIDER"@"SEL$23" "MOD"@"SEL$25" "SENDER"@"SEL$27")
      USE_HASH(@"SEL$2D594895" "OWN"@"SEL$7")
      USE_NL(@"SEL$2D594895" "TASKTYPE"@"SEL$15")
      USE_NL(@"SEL$2D594895" "REASON"@"SEL$17")
      USE_NL(@"SEL$2D594895" "AUTH"@"SEL$21")
      USE_NL(@"SEL$2D594895" "CASEORCM"@"SEL$19")
      USE_NL(@"SEL$2D594895" "PREVOWNER"@"SEL$9")
      USE_NL(@"SEL$2D594895" "MEMBER"@"SEL$11")
      USE_NL(@"SEL$2D594895" "ORIGCREATOR"@"SEL$13")
      USE_NL(@"SEL$2D594895" "PROVIDER"@"SEL$23")
      USE_NL(@"SEL$2D594895" "MOD"@"SEL$25")
      USE_NL(@"SEL$2D594895" "SENDER"@"SEL$27")
      SWAP_JOIN_INPUTS(@"SEL$2D594895" "OWN"@"SEL$7")
      INDEX_RS_ASC(@"SEL$5" "T_CM_BASEBASE"@"SEL$5" ("T_CM_BASEBASE"."CMBB_ID"))
      INDEX_RS_ASC(@"SEL$4" "T_UM_BASE"@"SEL$4" ("T_UM_BASE"."UMBS_ID"))
      END_OUTLINE_DATA
  */

Peeked Binds (identified by position):
--------------------------------------

   1 - :SYS_B_0 (NUMBER): 2
   2 - :1 (NUMBER): 11657619
   3 - :2 (NUMBER): 1
   4 - :3 (NUMBER): 3
   5 - :4 (NUMBER): 905
   6 - :5 (NUMBER): 906
   7 - :6 (NUMBER): 907
   8 - :7 (NUMBER): 908
   9 - :8 (NUMBER): 911
  10 - :9 (NUMBER): 912
  11 - :10 (NUMBER): 913
  12 - :SYS_B_1 (NUMBER): 500
  13 - :SYS_B_2 (VARCHAR2(30), CSID=178): '2021.09.23'
  14 - :SYS_B_3 (VARCHAR2(30), CSID=178): 'yyyy.MM.dd'

Note
-----
   - dynamic statistics used: dynamic sampling (level=2)
   - 5 Sql Plan Directives used for this statement

SQL_ID 0sjx29v99zfqc
--------------------
SELECT INFO_WITH_MEMBER_ID.*,     enrollment.ELNS_INSCPRSRGRP
ipgGroupId,     benefit.BENP_LWSTLVL_PRODCAT productCategoryId,
affMember.USR_FRSTNAM affiliatedMemberFirstName,
affMember.USR_LAS_NAM affiliatedMemberLastName FROM (   SELECT INFO.*,
   CASE     WHEN INFO.memberAffiliationId IS NOT NULL THEN
(INFO.memberAffiliationId)     WHEN INFO.authAffiliationId IS NOT NULL
THEN (SELECT UMBS_MEMB FROM T_UM_BASE WHERE
UMBS_ID=INFO.authAffiliationId)     WHEN
INFO.careManagementAffiliationId IS NOT NULL THEN (SELECT CMBS_MEMB
FROM T_CM_BASEBASE WHERE CMBB_ID=INFO.careManagementAffiliationId)
WHEN INFO.providerAffiliationId IS NOT NULL THEN
(INFO.providerAffiliationId)     ELSE (NULL)     END
affiliatedMemberId   FROM (   SELECT * FROM (     SELECT
T.SETK_ID AS id,         T.SETK_C4C_ID AS c4cId,         T.SETK_UNIVID
AS universalId,         taskType.TSKT_RCPTTYP AS categoryId,
T.SETK_TSK_TYP AS taskTypeId,         taskType.DDLI_LBL AS
taskTypeLabel,         T.SETK_TSK_NAM AS taskName,         T.SETK_SUBJ
AS subject,         T.SETK_CRTD AS createDate,         T.SETK_SENT AS
sentDate,         T.SETK_SRTD AS startedDate,
T.SETK_TSK_TIMG_STRTDT AS startDate,         T.SETK_TSK_TIMG_SCLDAT AS
startDateSeconds,         T.SETK_TSK_TIMG_DDLN_DT AS dueDate,
T.SETK_TSK_TIMG_DDLN_TIM_IN_DY AS dueDateSeconds,         T.SETK_OWNR
AS ownerId,         own.USR_FRSTNAM AS ownerFirstName,
own.USR_LAS_NAM AS ownerLastName,         own.CLASSTYPE AS ownerType,
      T.SETK_OBJ_STT AS status,         T.SETK_AFFN_MEMB AS
memberAffiliationId,         member.USR_C4C_ID AS memberC4cId,
member.USR_FRSTNAM AS memberFirstName,         member.USR_LAS_NAM AS
memberLastName,         T.SETK_AFFN_CM AS careManagementAffiliationId,
       caseOrCm.CMBB_C4C_ID AS caseOrCmC4cId,
T.SETK_AFFN_UM_EVNT AS authAffiliationId,         auth.UMBS_C4C_ID AS
authAffiliationC4cId,         T.SETK_AFFN_PVDR AS
providerAffiliationId,         provider.USR_C4C_ID AS providerC4cId,
     T.SETK_TSK_TIMG_SNLTDT AS startNoLaterThanDate,
T.SETK_CNCLRESN AS cancelReasonId,         T.SETK_ORIGCRTR AS
originalCreatorId,         origCreator.USR_FRSTNAM AS
originalCreatorFirstName,         origCreator.USR_LAS_NAM AS
originalCreatorLastName,         caseOrCm.CLASSTYPE AS
caseOrCmClasstype,         T.SETK_TSK_DSCN AS description,
T.SETK_CMPD AS completedDate,         T.SETK_LAS_ACT_TIM AS
lastActionDate,         mod.USR_FRSTNAM lastModifiedByFirstName,
 mod.USR_LAS_NAM lastModifiedByLastName,         T.SETK_PRVSOWNR AS
previousOwnerId,         prevOwner.USR_FRSTNAM AS
previousOwnerFirstName,         prevOwner.USR_LAS_NAM AS
previousOwnerLastName,         prevOwner.CLASSTYPE AS
previousOwnerType,         CASE             WHEN
T.SETK_TSK_TIMG_DDLN_DT IS NOT NULL THEN (T.SETK_TSK_TIMG_DDLN_DT)
       WHEN T.SETK_TSK_TIMG_STRTDT IS NOT NULL THEN
(T.SETK_TSK_TIMG_STRTDT)             WHEN T.SETK_TSK_TIMG_SNLTDT IS NOT
NULL THEN (T.SETK_TSK_TIMG_SNLTDT)             ELSE (NULL)         END
       filterDate,         sender.USR_FRSTNAM fromUserFirstName,
 sender.USR_LAS_NAM fromUserLastName,         T.SETK_RESCHEDULE_REASON
AS rescheduleReason,         reason.DDLI_LBL AS rescheduleReasonLabel,
       T.SETK_RESCHEDULE_COMMENT AS rescheduleComment       FROM
T_SENTTSK T       LEFT OUTER JOIN T_USR own ON own.USR_ID=T.SETK_OWNR
    LEFT OUTER JOIN T_USR prevOwner ON prevOwner.USR_ID=T.SETK_PRVSOWNR
      LEFT OUTER JOIN T_USR member ON member.USR_ID=T.SETK_AFFN_MEMB
   LEFT OUTER JOIN T_USR origCreator ON
origCreator.USR_ID=T.SETK_ORIGCRTR       LEFT OUTER JOIN T_DDL_ITEM
taskType ON taskType.DDLI_ID=T.SETK_TSK_TYP       LEFT OUTER JOIN
T_DDL_ITEM reason ON reason.DDLI_ID=T.SETK_RESCHEDULE_REASON       LEFT
OUTER JOIN T_CM_BASEBASE caseOrCm ON caseOrCm.CMBB_ID=T.SETK_AFFN_CM
   LEFT OUTER JOIN T_UM_BASE auth ON auth.UMBS_ID=T.SETK_AFFN_UM_EVNT
    LEFT OUTER JOIN T_USR provider

Plan hash value: 2380592788

---------------------------------------------------------------------------------------------------------------------------------
| Id  | Operation                                       | Name                          | Rows  | Bytes | Cost (%CPU)| Time     |
---------------------------------------------------------------------------------------------------------------------------------
|   0 | SELECT STATEMENT                                |                               |       |       |  1938K(100)|          |
|   1 |  TABLE ACCESS BY INDEX ROWID                    | T_UM_BASE                     |     1 |    12 |     1   (0)| 00:00:01 |
|   2 |   INDEX UNIQUE SCAN                             | PK_T_UM_BASE                  |     1 |       |     1   (0)| 00:00:01 |
|   3 |   TABLE ACCESS BY INDEX ROWID                   | T_CM_BASEBASE                 |     1 |    12 |     1   (0)| 00:00:01 |
|   4 |    INDEX UNIQUE SCAN                            | PK_T_CM_BASEBASE              |     1 |       |     1   (0)| 00:00:01 |
|   5 |  NESTED LOOPS OUTER                             |                               |     1 | 46913 |  1938K  (1)| 00:01:16 |
|   6 |   NESTED LOOPS OUTER                            |                               |     1 | 46901 |  1938K  (1)| 00:01:16 |
|   7 |    NESTED LOOPS OUTER                           |                               |     1 | 46873 |    17   (6)| 00:00:01 |
|   8 |     VIEW                                        |                               |     1 | 46851 |    16   (7)| 00:00:01 |
|   9 |      VIEW                                       |                               |     1 | 46838 |    14   (8)| 00:00:01 |
|  10 |       COUNT STOPKEY                             |                               |       |       |            |          |
|  11 |        VIEW                                     |                               |     1 | 46838 |    14   (8)| 00:00:01 |
|  12 |         SORT ORDER BY STOPKEY                   |                               |     1 |   780 |    14   (8)| 00:00:01 |
|  13 |          NESTED LOOPS OUTER                     |                               |     1 |   780 |    13   (0)| 00:00:01 |
|  14 |           NESTED LOOPS OUTER                    |                               |     1 |   756 |    12   (0)| 00:00:01 |
|  15 |            NESTED LOOPS OUTER                   |                               |     1 |   734 |    11   (0)| 00:00:01 |
|  16 |             NESTED LOOPS OUTER                  |                               |     1 |   712 |    10   (0)| 00:00:01 |
|  17 |              NESTED LOOPS OUTER                 |                               |     1 |   684 |     9   (0)| 00:00:01 |
|  18 |               NESTED LOOPS OUTER                |                               |     1 |   662 |     8   (0)| 00:00:01 |
|  19 |                NESTED LOOPS OUTER               |                               |     1 |   626 |     7   (0)| 00:00:01 |
|  20 |                 NESTED LOOPS OUTER              |                               |     1 |   591 |     6   (0)| 00:00:01 |
|  21 |                  NESTED LOOPS OUTER             |                               |     1 |   569 |     5   (0)| 00:00:01 |
|  22 |                   NESTED LOOPS OUTER            |                               |     1 |   551 |     4   (0)| 00:00:01 |
|  23 |                    MERGE JOIN OUTER             |                               |     1 |   532 |     3   (0)| 00:00:01 |
|  24 |                     INLIST ITERATOR             |                               |       |       |            |          |
|  25 |                      TABLE ACCESS BY INDEX ROWID| T_SENTTSK                     |     1 |   496 |     2   (0)| 00:00:01 |
|  26 |                       INDEX RANGE SCAN          | IX_SETK_OBJ_STT               |  1710 |       |     1   (0)| 00:00:01 |
|  27 |                     BUFFER SORT                 |                               |     1 |    36 |     1   (0)| 00:00:01 |
|  28 |                      TABLE ACCESS BY INDEX ROWID| T_USR                         |     1 |    36 |     1   (0)| 00:00:01 |
|  29 |                       INDEX UNIQUE SCAN         | PK_T_USR                      |     1 |       |     1   (0)| 00:00:01 |
|  30 |                    TABLE ACCESS BY INDEX ROWID  | T_USR                         |     1 |    19 |     1   (0)| 00:00:01 |
|  31 |                     INDEX UNIQUE SCAN           | PK_T_USR                      |     1 |       |     1   (0)| 00:00:01 |
|  32 |                   TABLE ACCESS BY INDEX ROWID   | T_UM_BASE                     |     1 |    18 |     1   (0)| 00:00:01 |
|  33 |                    INDEX UNIQUE SCAN            | PK_T_UM_BASE                  |     1 |       |     1   (0)| 00:00:01 |
|  34 |                  TABLE ACCESS BY INDEX ROWID    | T_DDL_ITEM                    |     1 |    22 |     1   (0)| 00:00:01 |
|  35 |                   INDEX UNIQUE SCAN             | PK_T_DDL_ITEM                 |     1 |       |     1   (0)| 00:00:01 |
|  36 |                 TABLE ACCESS BY INDEX ROWID     | T_USR                         |     1 |    35 |     1   (0)| 00:00:01 |
|  37 |                  INDEX UNIQUE SCAN              | PK_T_USR                      |     1 |       |     1   (0)| 00:00:01 |
|  38 |                TABLE ACCESS BY INDEX ROWID      | T_USR                         |     1 |    36 |     1   (0)| 00:00:01 |
|  39 |                 INDEX UNIQUE SCAN               | PK_T_USR                      |     1 |       |     1   (0)| 00:00:01 |
|  40 |               TABLE ACCESS BY INDEX ROWID       | T_USR                         |     1 |    22 |     1   (0)| 00:00:01 |
|  41 |                INDEX UNIQUE SCAN                | PK_T_USR                      |     1 |       |     1   (0)| 00:00:01 |
|  42 |              TABLE ACCESS BY INDEX ROWID        | T_CM_BASEBASE                 |     1 |    28 |     1   (0)| 00:00:01 |
|  43 |               INDEX UNIQUE SCAN                 | PK_T_CM_BASEBASE              |     1 |       |     1   (0)| 00:00:01 |
|  44 |             TABLE ACCESS BY INDEX ROWID         | T_USR                         |     1 |    22 |     1   (0)| 00:00:01 |
|  45 |              INDEX UNIQUE SCAN                  | PK_T_USR                      |     1 |       |     1   (0)| 00:00:01 |
|  46 |            TABLE ACCESS BY INDEX ROWID          | T_USR                         |     1 |    22 |     1   (0)| 00:00:01 |
|  47 |             INDEX UNIQUE SCAN                   | PK_T_USR                      |     1 |       |     1   (0)| 00:00:01 |
|  48 |           TABLE ACCESS BY INDEX ROWID           | T_DDL_ITEM                    |     1 |    24 |     1   (0)| 00:00:01 |
|  49 |            INDEX UNIQUE SCAN                    | PK_T_DDL_ITEM                 |     1 |       |     1   (0)| 00:00:01 |
|  50 |     TABLE ACCESS BY INDEX ROWID                 | T_USR                         |     1 |    22 |     1   (0)| 00:00:01 |
|  51 |      INDEX UNIQUE SCAN                          | PK_T_USR                      |     1 |       |     1   (0)| 00:00:01 |
|  52 |    VIEW                                         | V_CURR_ENROLLMENT             |     1 |    28 |  1938K  (1)| 00:01:16 |
|  53 |     SORT UNIQUE                                 |                               |     2 |  1092 |  1938K  (1)| 00:01:16 |
|  54 |      UNION ALL PUSHED PREDICATE                 |                               |       |       |            |          |
|  55 |       FILTER                                    |                               |       |       |            |          |
|  56 |        TABLE ACCESS BY INDEX ROWID BATCHED      | T_ENNS                        |     1 |   273 |     1   (0)| 00:00:01 |
|  57 |         INDEX RANGE SCAN                        | IX_ELNS_MEMBENLTDTDSNTDTID    |     1 |       |     1   (0)| 00:00:01 |
|  58 |          SORT GROUP BY NOSORT                   |                               |     1 |    72 |     4   (0)| 00:00:01 |
|  59 |           NESTED LOOPS OUTER                    |                               |     1 |    72 |     4   (0)| 00:00:01 |
|  60 |            NESTED LOOPS                         |                               |     1 |    50 |     3   (0)| 00:00:01 |
|  61 |             NESTED LOOPS                        |                               |     1 |    12 |     2   (0)| 00:00:01 |
|  62 |              INDEX UNIQUE SCAN                  | PK_T_USR                      |     1 |     6 |     1   (0)| 00:00:01 |
|  63 |              INDEX RANGE SCAN                   | IX_NVL_USR_MRGEMSTR_USR_ID    |     1 |     6 |     1   (0)| 00:00:01 |
|  64 |             TABLE ACCESS BY INDEX ROWID         | T_ENNS                        |     1 |    38 |     1   (0)| 00:00:01 |
|  65 |              INDEX RANGE SCAN                   | IX_ELNS_MEMBENLTDTDSNTDTSTTID |     2 |       |     1   (0)| 00:00:01 |
|  66 |            TABLE ACCESS BY INDEX ROWID          | T_ENNS                        |     1 |    22 |     1   (0)| 00:00:01 |
|  67 |             INDEX RANGE SCAN                    | IX_ELNS_MEMBENLTDTDSNTDTID    |     1 |       |     1   (0)| 00:00:01 |
|  68 |        FAST DUAL                                |                               |     1 |       |     2   (0)| 00:00:01 |
|  69 |       FILTER                                    |                               |       |       |            |          |
|  70 |        TABLE ACCESS BY INDEX ROWID BATCHED      | T_ENNS                        |     1 |   273 |     1   (0)| 00:00:01 |
|  71 |         INDEX RANGE SCAN                        | IX_ELNS_MEMBENLTDTDSNTDTID    |     1 |       |     1   (0)| 00:00:01 |
|  72 |          SORT GROUP BY NOSORT                   |                               |     1 |    72 |     4   (0)| 00:00:01 |
|  73 |           NESTED LOOPS OUTER                    |                               |     1 |    72 |     4   (0)| 00:00:01 |
|  74 |            NESTED LOOPS                         |                               |     1 |    50 |     3   (0)| 00:00:01 |
|  75 |             NESTED LOOPS                        |                               |     1 |    12 |     2   (0)| 00:00:01 |
|  76 |              INDEX UNIQUE SCAN                  | PK_T_USR                      |     1 |     6 |     1   (0)| 00:00:01 |
|  77 |              INDEX RANGE SCAN                   | IX_NVL_USR_MRGEMSTR_USR_ID    |     1 |     6 |     1   (0)| 00:00:01 |
|  78 |             TABLE ACCESS BY INDEX ROWID         | T_ENNS                        |     1 |    38 |     1   (0)| 00:00:01 |
|  79 |              INDEX RANGE SCAN                   | IX_ELNS_MEMBENLTDTDSNTDTSTTID |     2 |       |     1   (0)| 00:00:01 |
|  80 |            TABLE ACCESS BY INDEX ROWID          | T_ENNS                        |     1 |    22 |     1   (0)| 00:00:01 |
|  81 |             INDEX RANGE SCAN                    | IX_ELNS_MEMBENLTDTDSNTDTID    |     1 |       |     1   (0)| 00:00:01 |
|  82 |        FAST DUAL                                |                               |     1 |       |     2   (0)| 00:00:01 |
|  83 |   TABLE ACCESS BY INDEX ROWID                   | T_BENSPKG                     |     1 |    12 |     1   (0)| 00:00:01 |
|  84 |    INDEX UNIQUE SCAN                            | PK_T_BENSPKG                  |     1 |       |     1   (0)| 00:00:01 |
---------------------------------------------------------------------------------------------------------------------------------

Query Block Name / Object Alias (identified by operation id):
-------------------------------------------------------------

   1 - SEL$4        / T_UM_BASE@SEL$4
   2 - SEL$4        / T_UM_BASE@SEL$4
   3 - SEL$5        / T_CM_BASEBASE@SEL$5
   4 - SEL$5        / T_CM_BASEBASE@SEL$5
   5 - SEL$0C04A374
   8 - SEL$3        / INFO_WITH_MEMBER_ID@SEL$2
   9 - SEL$6        / INFO@SEL$3
  10 - SEL$6
  11 - SEL$2D594895 / from$_subquery$_005@SEL$6
  12 - SEL$2D594895
  25 - SEL$2D594895 / T@SEL$8
  26 - SEL$2D594895 / T@SEL$8
  28 - SEL$2D594895 / OWN@SEL$7
  29 - SEL$2D594895 / OWN@SEL$7
  30 - SEL$2D594895 / PROVIDER@SEL$23
  31 - SEL$2D594895 / PROVIDER@SEL$23
  32 - SEL$2D594895 / AUTH@SEL$21
  33 - SEL$2D594895 / AUTH@SEL$21
  34 - SEL$2D594895 / REASON@SEL$17
  35 - SEL$2D594895 / REASON@SEL$17
  36 - SEL$2D594895 / MEMBER@SEL$11
  37 - SEL$2D594895 / MEMBER@SEL$11
  38 - SEL$2D594895 / PREVOWNER@SEL$9
  39 - SEL$2D594895 / PREVOWNER@SEL$9
  40 - SEL$2D594895 / SENDER@SEL$27
  41 - SEL$2D594895 / SENDER@SEL$27
  42 - SEL$2D594895 / CASEORCM@SEL$19
  43 - SEL$2D594895 / CASEORCM@SEL$19
  44 - SEL$2D594895 / ORIGCREATOR@SEL$13
  45 - SEL$2D594895 / ORIGCREATOR@SEL$13
  46 - SEL$2D594895 / MOD@SEL$25
  47 - SEL$2D594895 / MOD@SEL$25
  48 - SEL$2D594895 / TASKTYPE@SEL$15
  49 - SEL$2D594895 / TASKTYPE@SEL$15
  50 - SEL$0C04A374 / AFFMEMBER@SEL$1
  51 - SEL$0C04A374 / AFFMEMBER@SEL$1
  52 - SET$5715CE2E / ENROLLMENT@SEL$30
  53 - SET$5715CE2E
  55 - SEL$ECD9DCF1
  56 - SEL$ECD9DCF1 / T_SRC_ENNS@SEL$35
  57 - SEL$ECD9DCF1 / T_SRC_ENNS@SEL$35
  58 - SEL$5F185B4C
  62 - SEL$5F185B4C / T_ENNS_MASTERUSER@SEL$31
  63 - SEL$5F185B4C / T_ENNS_SLAVEUSER@SEL$31
  64 - SEL$5F185B4C / T_CURR_ENNS@SEL$32
  65 - SEL$5F185B4C / T_CURR_ENNS@SEL$32
  66 - SEL$5F185B4C / T_MAX_DISENROLLMENT_ENROLLMENT@SEL$33
  67 - SEL$5F185B4C / T_MAX_DISENROLLMENT_ENROLLMENT@SEL$33
  68 - SEL$40       / DUAL@SEL$40
  69 - SEL$0D115A56
  70 - SEL$0D115A56 / T_SRC_ENNS@SEL$42
  71 - SEL$0D115A56 / T_SRC_ENNS@SEL$42
  72 - SEL$CDBEA42D
  76 - SEL$CDBEA42D / T_ENNS_MASTERUSER@SEL$36
  77 - SEL$CDBEA42D / T_ENNS_SLAVEUSER@SEL$36
  78 - SEL$CDBEA42D / T_CURR_ENNS@SEL$37
  79 - SEL$CDBEA42D / T_CURR_ENNS@SEL$37
  80 - SEL$CDBEA42D / T_MAX_DISENROLLMENT_ENROLLMENT@SEL$38
  81 - SEL$CDBEA42D / T_MAX_DISENROLLMENT_ENROLLMENT@SEL$38
  82 - SEL$43       / DUAL@SEL$43
  83 - SEL$0C04A374 / BENEFIT@SEL$46
  84 - SEL$0C04A374 / BENEFIT@SEL$46

Outline Data
-------------

  /*+
      BEGIN_OUTLINE_DATA
      IGNORE_OPTIM_EMBEDDED_HINTS
      OPTIMIZER_FEATURES_ENABLE('12.1.0.2')
      DB_VERSION('12.1.0.2')
      OPT_PARAM('optimizer_index_cost_adj' 1)
      OPT_PARAM('optimizer_index_caching' 90)
      ALL_ROWS
      OUTLINE_LEAF(@"SEL$4")
      OUTLINE_LEAF(@"SEL$5")
      OUTLINE_LEAF(@"SEL$2D594895")
      MERGE(@"SEL$2DE0C8FF")
      OUTLINE_LEAF(@"SEL$6")
      OUTLINE_LEAF(@"SEL$3")
      OUTLINE_LEAF(@"SEL$40")
      OUTLINE_LEAF(@"SEL$5F185B4C")
      MERGE(@"SEL$6B15F4E0")
      OUTLINE_LEAF(@"SEL$ECD9DCF1")
      OUTLINE_LEAF(@"SEL$43")
      OUTLINE_LEAF(@"SEL$CDBEA42D")
      MERGE(@"SEL$57BA8109")
      OUTLINE_LEAF(@"SEL$0D115A56")
      OUTLINE_LEAF(@"SET$5715CE2E")
      PUSH_PRED(@"SEL$0C04A374" "ENROLLMENT"@"SEL$30" 3)
      OUTLINE_LEAF(@"SEL$0C04A374")
      MERGE(@"SEL$BC270230")
      OUTLINE(@"SEL$29")
      OUTLINE(@"SEL$2DE0C8FF")
      MERGE(@"SEL$27")
      MERGE(@"SEL$3B95C159")
      OUTLINE(@"SEL$41")
      OUTLINE(@"SEL$6B15F4E0")
      MERGE(@"SEL$78FE80F3")
      OUTLINE(@"SEL$35")
      OUTLINE(@"SEL$44")
      OUTLINE(@"SEL$57BA8109")
      MERGE(@"SEL$516D3A01")
      OUTLINE(@"SEL$42")
      OUTLINE(@"SET$1")
      OUTLINE(@"SEL$0C04A374")
      MERGE(@"SEL$BC270230")
      OUTLINE(@"SEL$48")
      OUTLINE(@"SEL$BC270230")
      MERGE(@"SEL$409758B4")
      MERGE(@"SEL$46")
      OUTLINE(@"SEL$28")
      OUTLINE(@"SEL$27")
      OUTLINE(@"SEL$3B95C159")
      MERGE(@"SEL$25")
      MERGE(@"SEL$6D003707")
      OUTLINE(@"SEL$D570F096")
      MERGE(@"SEL$33")
      OUTLINE(@"SEL$78FE80F3")
      MERGE(@"SEL$31")
      OUTLINE(@"SEL$067B9A3E")
      MERGE(@"SEL$38")
      OUTLINE(@"SEL$516D3A01")
      MERGE(@"SEL$36")
      OUTLINE(@"SEL$47")
      OUTLINE(@"SEL$409758B4")
      MERGE(@"SEL$30")
      MERGE(@"SEL$58A6D7F6")
      OUTLINE(@"SEL$46")
      OUTLINE(@"SEL$26")
      OUTLINE(@"SEL$25")
      OUTLINE(@"SEL$6D003707")
      MERGE(@"SEL$23")
      MERGE(@"SEL$23FAB6D1")
      OUTLINE(@"SEL$34")
      OUTLINE(@"SEL$33")
      OUTLINE(@"SEL$32")
      OUTLINE(@"SEL$31")
      OUTLINE(@"SEL$39")
      OUTLINE(@"SEL$38")
      OUTLINE(@"SEL$37")
      OUTLINE(@"SEL$36")
      OUTLINE(@"SEL$45")
      OUTLINE(@"SEL$30")
      OUTLINE(@"SEL$58A6D7F6")
      MERGE(@"SEL$1")
      OUTLINE(@"SEL$24")
      OUTLINE(@"SEL$23")
      OUTLINE(@"SEL$23FAB6D1")
      MERGE(@"SEL$21")
      MERGE(@"SEL$97A30ECD")
      OUTLINE(@"SEL$2")
      OUTLINE(@"SEL$1")
      OUTLINE(@"SEL$22")
      OUTLINE(@"SEL$21")
      OUTLINE(@"SEL$97A30ECD")
      MERGE(@"SEL$19")
      MERGE(@"SEL$CF22A5CA")
      OUTLINE(@"SEL$20")
      OUTLINE(@"SEL$19")
      OUTLINE(@"SEL$CF22A5CA")
      MERGE(@"SEL$17")
      MERGE(@"SEL$FF97D7FC")
      OUTLINE(@"SEL$18")
      OUTLINE(@"SEL$17")
      OUTLINE(@"SEL$FF97D7FC")
      MERGE(@"SEL$15")
      MERGE(@"SEL$DE5D921C")
      OUTLINE(@"SEL$16")
      OUTLINE(@"SEL$15")
      OUTLINE(@"SEL$DE5D921C")
      MERGE(@"SEL$01DD7F33")
      MERGE(@"SEL$13")
      OUTLINE(@"SEL$14")
      OUTLINE(@"SEL$01DD7F33")
      MERGE(@"SEL$11")
      MERGE(@"SEL$BDFBA881")
      OUTLINE(@"SEL$13")
      OUTLINE(@"SEL$12")
      OUTLINE(@"SEL$11")
      OUTLINE(@"SEL$BDFBA881")
      MERGE(@"SEL$9")
      MERGE(@"SEL$FC56C448")
      OUTLINE(@"SEL$10")
      OUTLINE(@"SEL$9")
      OUTLINE(@"SEL$FC56C448")
      MERGE(@"SEL$7")
      OUTLINE(@"SEL$8")
      OUTLINE(@"SEL$7")
      NO_ACCESS(@"SEL$0C04A374" "INFO_WITH_MEMBER_ID"@"SEL$2")
      INDEX_RS_ASC(@"SEL$0C04A374" "AFFMEMBER"@"SEL$1" ("T_USR"."USR_ID"))
      NO_ACCESS(@"SEL$0C04A374" "ENROLLMENT"@"SEL$30")
      INDEX_RS_ASC(@"SEL$0C04A374" "BENEFIT"@"SEL$46" ("T_BENSPKG"."BENP_ID"))
      LEADING(@"SEL$0C04A374" "INFO_WITH_MEMBER_ID"@"SEL$2" "AFFMEMBER"@"SEL$1" "ENROLLMENT"@"SEL$30" "BENEFIT"@"SEL$46")
      USE_NL(@"SEL$0C04A374" "AFFMEMBER"@"SEL$1")
      USE_NL(@"SEL$0C04A374" "ENROLLMENT"@"SEL$30")
      USE_NL(@"SEL$0C04A374" "BENEFIT"@"SEL$46")
      NO_ACCESS(@"SEL$3" "INFO"@"SEL$3")
      INDEX_RS_ASC(@"SEL$0D115A56" "T_SRC_ENNS"@"SEL$42" ("T_ENNS"."ELNS_MEMB" "T_ENNS"."ELNS_ENLTDT" "T_ENNS"."ELNS_DSNTDT"
              "T_ENNS"."ELNS_ID"))
      BATCH_TABLE_ACCESS_BY_ROWID(@"SEL$0D115A56" "T_SRC_ENNS"@"SEL$42")
      PUSH_SUBQ(@"SEL$CDBEA42D")
      INDEX_RS_ASC(@"SEL$ECD9DCF1" "T_SRC_ENNS"@"SEL$35" ("T_ENNS"."ELNS_MEMB" "T_ENNS"."ELNS_ENLTDT" "T_ENNS"."ELNS_DSNTDT"
              "T_ENNS"."ELNS_ID"))
      BATCH_TABLE_ACCESS_BY_ROWID(@"SEL$ECD9DCF1" "T_SRC_ENNS"@"SEL$35")
      PUSH_SUBQ(@"SEL$5F185B4C")
      INDEX(@"SEL$5F185B4C" "T_ENNS_MASTERUSER"@"SEL$31" ("T_USR"."USR_ID"))
      INDEX(@"SEL$5F185B4C" "T_ENNS_SLAVEUSER"@"SEL$31" "IX_NVL_USR_MRGEMSTR_USR_ID")
      INDEX_RS_ASC(@"SEL$5F185B4C" "T_CURR_ENNS"@"SEL$32" "IX_ELNS_MEMBENLTDTDSNTDTSTTID")
      INDEX_RS_ASC(@"SEL$5F185B4C" "T_MAX_DISENROLLMENT_ENROLLMENT"@"SEL$33" ("T_ENNS"."ELNS_MEMB" "T_ENNS"."ELNS_ENLTDT"
              "T_ENNS"."ELNS_DSNTDT" "T_ENNS"."ELNS_ID"))
      LEADING(@"SEL$5F185B4C" "T_ENNS_MASTERUSER"@"SEL$31" "T_ENNS_SLAVEUSER"@"SEL$31" "T_CURR_ENNS"@"SEL$32"
              "T_MAX_DISENROLLMENT_ENROLLMENT"@"SEL$33")
      USE_NL(@"SEL$5F185B4C" "T_ENNS_SLAVEUSER"@"SEL$31")
      USE_NL(@"SEL$5F185B4C" "T_CURR_ENNS"@"SEL$32")
      USE_NL(@"SEL$5F185B4C" "T_MAX_DISENROLLMENT_ENROLLMENT"@"SEL$33")
      INDEX(@"SEL$CDBEA42D" "T_ENNS_MASTERUSER"@"SEL$36" ("T_USR"."USR_ID"))
      INDEX(@"SEL$CDBEA42D" "T_ENNS_SLAVEUSER"@"SEL$36" "IX_NVL_USR_MRGEMSTR_USR_ID")
      INDEX_RS_ASC(@"SEL$CDBEA42D" "T_CURR_ENNS"@"SEL$37" "IX_ELNS_MEMBENLTDTDSNTDTSTTID")
      INDEX_RS_ASC(@"SEL$CDBEA42D" "T_MAX_DISENROLLMENT_ENROLLMENT"@"SEL$38" ("T_ENNS"."ELNS_MEMB" "T_ENNS"."ELNS_ENLTDT"
              "T_ENNS"."ELNS_DSNTDT" "T_ENNS"."ELNS_ID"))
      LEADING(@"SEL$CDBEA42D" "T_ENNS_MASTERUSER"@"SEL$36" "T_ENNS_SLAVEUSER"@"SEL$36" "T_CURR_ENNS"@"SEL$37"
              "T_MAX_DISENROLLMENT_ENROLLMENT"@"SEL$38")
      USE_NL(@"SEL$CDBEA42D" "T_ENNS_SLAVEUSER"@"SEL$36")
      USE_NL(@"SEL$CDBEA42D" "T_CURR_ENNS"@"SEL$37")
      USE_NL(@"SEL$CDBEA42D" "T_MAX_DISENROLLMENT_ENROLLMENT"@"SEL$38")
      NO_ACCESS(@"SEL$6" "from$_subquery$_005"@"SEL$6")
      INDEX_RS_ASC(@"SEL$2D594895" "T"@"SEL$8" ("T_SENTTSK"."SETK_OBJ_STT"))
      INDEX_RS_ASC(@"SEL$2D594895" "OWN"@"SEL$7" ("T_USR"."USR_ID"))
      INDEX_RS_ASC(@"SEL$2D594895" "PROVIDER"@"SEL$23" ("T_USR"."USR_ID"))
      INDEX_RS_ASC(@"SEL$2D594895" "AUTH"@"SEL$21" ("T_UM_BASE"."UMBS_ID"))
      INDEX_RS_ASC(@"SEL$2D594895" "REASON"@"SEL$17" ("T_DDL_ITEM"."DDLI_ID"))
      INDEX_RS_ASC(@"SEL$2D594895" "MEMBER"@"SEL$11" ("T_USR"."USR_ID"))
      INDEX_RS_ASC(@"SEL$2D594895" "PREVOWNER"@"SEL$9" ("T_USR"."USR_ID"))
      INDEX_RS_ASC(@"SEL$2D594895" "SENDER"@"SEL$27" ("T_USR"."USR_ID"))
      INDEX_RS_ASC(@"SEL$2D594895" "CASEORCM"@"SEL$19" ("T_CM_BASEBASE"."CMBB_ID"))
      INDEX_RS_ASC(@"SEL$2D594895" "ORIGCREATOR"@"SEL$13" ("T_USR"."USR_ID"))
      INDEX_RS_ASC(@"SEL$2D594895" "MOD"@"SEL$25" ("T_USR"."USR_ID"))
      INDEX_RS_ASC(@"SEL$2D594895" "TASKTYPE"@"SEL$15" ("T_DDL_ITEM"."DDLI_ID"))
      LEADING(@"SEL$2D594895" "T"@"SEL$8" "OWN"@"SEL$7" "PROVIDER"@"SEL$23" "AUTH"@"SEL$21" "REASON"@"SEL$17"
              "MEMBER"@"SEL$11" "PREVOWNER"@"SEL$9" "SENDER"@"SEL$27" "CASEORCM"@"SEL$19" "ORIGCREATOR"@"SEL$13" "MOD"@"SEL$25"
              "TASKTYPE"@"SEL$15")
      USE_MERGE_CARTESIAN(@"SEL$2D594895" "OWN"@"SEL$7")
      USE_NL(@"SEL$2D594895" "PROVIDER"@"SEL$23")
      USE_NL(@"SEL$2D594895" "AUTH"@"SEL$21")
      USE_NL(@"SEL$2D594895" "REASON"@"SEL$17")
      USE_NL(@"SEL$2D594895" "MEMBER"@"SEL$11")
      USE_NL(@"SEL$2D594895" "PREVOWNER"@"SEL$9")
      USE_NL(@"SEL$2D594895" "SENDER"@"SEL$27")
      USE_NL(@"SEL$2D594895" "CASEORCM"@"SEL$19")
      USE_NL(@"SEL$2D594895" "ORIGCREATOR"@"SEL$13")
      USE_NL(@"SEL$2D594895" "MOD"@"SEL$25")
      USE_NL(@"SEL$2D594895" "TASKTYPE"@"SEL$15")
      INDEX_RS_ASC(@"SEL$5" "T_CM_BASEBASE"@"SEL$5" ("T_CM_BASEBASE"."CMBB_ID"))
      INDEX_RS_ASC(@"SEL$4" "T_UM_BASE"@"SEL$4" ("T_UM_BASE"."UMBS_ID"))
      END_OUTLINE_DATA
  */

Peeked Binds (identified by position):
--------------------------------------

   1 - :SYS_B_0 (NUMBER): 2
   2 - :1 (NUMBER): 10621934
   3 - :2 (NUMBER): 1
   4 - :3 (NUMBER): 3
   5 - :4 (NUMBER): 905
   6 - :5 (NUMBER): 906
   7 - :6 (NUMBER): 907
   8 - :7 (NUMBER): 908
   9 - :8 (NUMBER): 911
  10 - :9 (NUMBER): 912
  11 - :10 (NUMBER): 913
  12 - :SYS_B_1 (NUMBER): 500
  13 - :SYS_B_2 (VARCHAR2(30), CSID=178): '2020.10.20'
  14 - :SYS_B_3 (VARCHAR2(30), CSID=178): 'yyyy.MM.dd'

Note
-----
   - dynamic statistics used: dynamic sampling (level=2)
   - 4 Sql Plan Directives used for this statement

SQL_ID 0sjx29v99zfqc
--------------------
SELECT INFO_WITH_MEMBER_ID.*,     enrollment.ELNS_INSCPRSRGRP
ipgGroupId,     benefit.BENP_LWSTLVL_PRODCAT productCategoryId,
affMember.USR_FRSTNAM affiliatedMemberFirstName,
affMember.USR_LAS_NAM affiliatedMemberLastName FROM (   SELECT INFO.*,
   CASE     WHEN INFO.memberAffiliationId IS NOT NULL THEN
(INFO.memberAffiliationId)     WHEN INFO.authAffiliationId IS NOT NULL
THEN (SELECT UMBS_MEMB FROM T_UM_BASE WHERE
UMBS_ID=INFO.authAffiliationId)     WHEN
INFO.careManagementAffiliationId IS NOT NULL THEN (SELECT CMBS_MEMB
FROM T_CM_BASEBASE WHERE CMBB_ID=INFO.careManagementAffiliationId)
WHEN INFO.providerAffiliationId IS NOT NULL THEN
(INFO.providerAffiliationId)     ELSE (NULL)     END
affiliatedMemberId   FROM (   SELECT * FROM (     SELECT
T.SETK_ID AS id,         T.SETK_C4C_ID AS c4cId,         T.SETK_UNIVID
AS universalId,         taskType.TSKT_RCPTTYP AS categoryId,
T.SETK_TSK_TYP AS taskTypeId,         taskType.DDLI_LBL AS
taskTypeLabel,         T.SETK_TSK_NAM AS taskName,         T.SETK_SUBJ
AS subject,         T.SETK_CRTD AS createDate,         T.SETK_SENT AS
sentDate,         T.SETK_SRTD AS startedDate,
T.SETK_TSK_TIMG_STRTDT AS startDate,         T.SETK_TSK_TIMG_SCLDAT AS
startDateSeconds,         T.SETK_TSK_TIMG_DDLN_DT AS dueDate,
T.SETK_TSK_TIMG_DDLN_TIM_IN_DY AS dueDateSeconds,         T.SETK_OWNR
AS ownerId,         own.USR_FRSTNAM AS ownerFirstName,
own.USR_LAS_NAM AS ownerLastName,         own.CLASSTYPE AS ownerType,
      T.SETK_OBJ_STT AS status,         T.SETK_AFFN_MEMB AS
memberAffiliationId,         member.USR_C4C_ID AS memberC4cId,
member.USR_FRSTNAM AS memberFirstName,         member.USR_LAS_NAM AS
memberLastName,         T.SETK_AFFN_CM AS careManagementAffiliationId,
       caseOrCm.CMBB_C4C_ID AS caseOrCmC4cId,
T.SETK_AFFN_UM_EVNT AS authAffiliationId,         auth.UMBS_C4C_ID AS
authAffiliationC4cId,         T.SETK_AFFN_PVDR AS
providerAffiliationId,         provider.USR_C4C_ID AS providerC4cId,
     T.SETK_TSK_TIMG_SNLTDT AS startNoLaterThanDate,
T.SETK_CNCLRESN AS cancelReasonId,         T.SETK_ORIGCRTR AS
originalCreatorId,         origCreator.USR_FRSTNAM AS
originalCreatorFirstName,         origCreator.USR_LAS_NAM AS
originalCreatorLastName,         caseOrCm.CLASSTYPE AS
caseOrCmClasstype,         T.SETK_TSK_DSCN AS description,
T.SETK_CMPD AS completedDate,         T.SETK_LAS_ACT_TIM AS
lastActionDate,         mod.USR_FRSTNAM lastModifiedByFirstName,
 mod.USR_LAS_NAM lastModifiedByLastName,         T.SETK_PRVSOWNR AS
previousOwnerId,         prevOwner.USR_FRSTNAM AS
previousOwnerFirstName,         prevOwner.USR_LAS_NAM AS
previousOwnerLastName,         prevOwner.CLASSTYPE AS
previousOwnerType,         CASE             WHEN
T.SETK_TSK_TIMG_DDLN_DT IS NOT NULL THEN (T.SETK_TSK_TIMG_DDLN_DT)
       WHEN T.SETK_TSK_TIMG_STRTDT IS NOT NULL THEN
(T.SETK_TSK_TIMG_STRTDT)             WHEN T.SETK_TSK_TIMG_SNLTDT IS NOT
NULL THEN (T.SETK_TSK_TIMG_SNLTDT)             ELSE (NULL)         END
       filterDate,         sender.USR_FRSTNAM fromUserFirstName,
 sender.USR_LAS_NAM fromUserLastName,         T.SETK_RESCHEDULE_REASON
AS rescheduleReason,         reason.DDLI_LBL AS rescheduleReasonLabel,
       T.SETK_RESCHEDULE_COMMENT AS rescheduleComment       FROM
T_SENTTSK T       LEFT OUTER JOIN T_USR own ON own.USR_ID=T.SETK_OWNR
    LEFT OUTER JOIN T_USR prevOwner ON prevOwner.USR_ID=T.SETK_PRVSOWNR
      LEFT OUTER JOIN T_USR member ON member.USR_ID=T.SETK_AFFN_MEMB
   LEFT OUTER JOIN T_USR origCreator ON
origCreator.USR_ID=T.SETK_ORIGCRTR       LEFT OUTER JOIN T_DDL_ITEM
taskType ON taskType.DDLI_ID=T.SETK_TSK_TYP       LEFT OUTER JOIN
T_DDL_ITEM reason ON reason.DDLI_ID=T.SETK_RESCHEDULE_REASON       LEFT
OUTER JOIN T_CM_BASEBASE caseOrCm ON caseOrCm.CMBB_ID=T.SETK_AFFN_CM
   LEFT OUTER JOIN T_UM_BASE auth ON auth.UMBS_ID=T.SETK_AFFN_UM_EVNT
    LEFT OUTER JOIN T_USR provider

Plan hash value: 2541602941

---------------------------------------------------------------------------------------------------------------------------------
| Id  | Operation                                       | Name                          | Rows  | Bytes | Cost (%CPU)| Time     |
---------------------------------------------------------------------------------------------------------------------------------
|   0 | SELECT STATEMENT                                |                               |       |       |  1961K(100)|          |
|   1 |  TABLE ACCESS BY INDEX ROWID                    | T_UM_BASE                     |     1 |    12 |     1   (0)| 00:00:01 |
|   2 |   INDEX UNIQUE SCAN                             | PK_T_UM_BASE                  |     1 |       |     1   (0)| 00:00:01 |
|   3 |   TABLE ACCESS BY INDEX ROWID                   | T_CM_BASEBASE                 |     1 |    12 |     1   (0)| 00:00:01 |
|   4 |    INDEX UNIQUE SCAN                            | PK_T_CM_BASEBASE              |     1 |       |     1   (0)| 00:00:01 |
|   5 |  NESTED LOOPS OUTER                             |                               |     1 | 46913 |  1961K  (1)| 00:01:17 |
|   6 |   NESTED LOOPS OUTER                            |                               |     1 | 46901 |  1961K  (1)| 00:01:17 |
|   7 |    NESTED LOOPS OUTER                           |                               |     1 | 46873 |    18   (6)| 00:00:01 |
|   8 |     VIEW                                        |                               |     1 | 46851 |    17   (6)| 00:00:01 |
|   9 |      VIEW                                       |                               |     1 | 46838 |    15   (7)| 00:00:01 |
|  10 |       COUNT STOPKEY                             |                               |       |       |            |          |
|  11 |        VIEW                                     |                               |     1 | 46838 |    15   (7)| 00:00:01 |
|  12 |         SORT ORDER BY STOPKEY                   |                               |     1 |   780 |    15   (7)| 00:00:01 |
|  13 |          NESTED LOOPS OUTER                     |                               |     1 |   780 |    14   (0)| 00:00:01 |
|  14 |           NESTED LOOPS OUTER                    |                               |     1 |   758 |    13   (0)| 00:00:01 |
|  15 |            NESTED LOOPS OUTER                   |                               |     1 |   736 |    12   (0)| 00:00:01 |
|  16 |             NESTED LOOPS OUTER                  |                               |     1 |   714 |    11   (0)| 00:00:01 |
|  17 |              MERGE JOIN OUTER                   |                               |     1 |   690 |    10   (0)| 00:00:01 |
|  18 |               NESTED LOOPS OUTER                |                               |     1 |   654 |     9   (0)| 00:00:01 |
|  19 |                NESTED LOOPS OUTER               |                               |     1 |   626 |     8   (0)| 00:00:01 |
|  20 |                 NESTED LOOPS OUTER              |                               |     1 |   590 |     7   (0)| 00:00:01 |
|  21 |                  NESTED LOOPS OUTER             |                               |     1 |   568 |     6   (0)| 00:00:01 |
|  22 |                   NESTED LOOPS OUTER            |                               |     1 |   533 |     5   (0)| 00:00:01 |
|  23 |                    NESTED LOOPS OUTER           |                               |     1 |   515 |     4   (0)| 00:00:01 |
|  24 |                     INLIST ITERATOR             |                               |       |       |            |          |
|  25 |                      TABLE ACCESS BY INDEX ROWID| T_SENTTSK                     |     4 |  1984 |     3   (0)| 00:00:01 |
|  26 |                       INDEX RANGE SCAN          | IX_SETK_OBJ_STT               |  1918 |       |     1   (0)| 00:00:01 |
|  27 |                     TABLE ACCESS BY INDEX ROWID | T_USR                         |     1 |    19 |     1   (0)| 00:00:01 |
|  28 |                      INDEX UNIQUE SCAN          | PK_T_USR                      |     1 |       |     1   (0)| 00:00:01 |
|  29 |                    TABLE ACCESS BY INDEX ROWID  | T_UM_BASE                     |     1 |    18 |     1   (0)| 00:00:01 |
|  30 |                     INDEX UNIQUE SCAN           | PK_T_UM_BASE                  |     1 |       |     1   (0)| 00:00:01 |
|  31 |                   TABLE ACCESS BY INDEX ROWID   | T_USR                         |     1 |    35 |     1   (0)| 00:00:01 |
|  32 |                    INDEX UNIQUE SCAN            | PK_T_USR                      |     1 |       |     1   (0)| 00:00:01 |
|  33 |                  TABLE ACCESS BY INDEX ROWID    | T_USR                         |     1 |    22 |     1   (0)| 00:00:01 |
|  34 |                   INDEX UNIQUE SCAN             | PK_T_USR                      |     1 |       |     1   (0)| 00:00:01 |
|  35 |                 TABLE ACCESS BY INDEX ROWID     | T_USR                         |     1 |    36 |     1   (0)| 00:00:01 |
|  36 |                  INDEX UNIQUE SCAN              | PK_T_USR                      |     1 |       |     1   (0)| 00:00:01 |
|  37 |                TABLE ACCESS BY INDEX ROWID      | T_CM_BASEBASE                 |     1 |    28 |     1   (0)| 00:00:01 |
|  38 |                 INDEX UNIQUE SCAN               | PK_T_CM_BASEBASE              |     1 |       |     1   (0)| 00:00:01 |
|  39 |               BUFFER SORT                       |                               |     1 |    36 |     9   (0)| 00:00:01 |
|  40 |                TABLE ACCESS BY INDEX ROWID      | T_USR                         |     1 |    36 |     1   (0)| 00:00:01 |
|  41 |                 INDEX UNIQUE SCAN               | PK_T_USR                      |     1 |       |     1   (0)| 00:00:01 |
|  42 |              TABLE ACCESS BY INDEX ROWID        | T_DDL_ITEM                    |     1 |    24 |     1   (0)| 00:00:01 |
|  43 |               INDEX UNIQUE SCAN                 | PK_T_DDL_ITEM                 |     1 |       |     1   (0)| 00:00:01 |
|  44 |             TABLE ACCESS BY INDEX ROWID         | T_USR                         |     1 |    22 |     1   (0)| 00:00:01 |
|  45 |              INDEX UNIQUE SCAN                  | PK_T_USR                      |     1 |       |     1   (0)| 00:00:01 |
|  46 |            TABLE ACCESS BY INDEX ROWID          | T_USR                         |     1 |    22 |     1   (0)| 00:00:01 |
|  47 |             INDEX UNIQUE SCAN                   | PK_T_USR                      |     1 |       |     1   (0)| 00:00:01 |
|  48 |           TABLE ACCESS BY INDEX ROWID           | T_DDL_ITEM                    |     1 |    22 |     1   (0)| 00:00:01 |
|  49 |            INDEX UNIQUE SCAN                    | PK_T_DDL_ITEM                 |     1 |       |     1   (0)| 00:00:01 |
|  50 |     TABLE ACCESS BY INDEX ROWID                 | T_USR                         |     1 |    22 |     1   (0)| 00:00:01 |
|  51 |      INDEX UNIQUE SCAN                          | PK_T_USR                      |     1 |       |     1   (0)| 00:00:01 |
|  52 |    VIEW                                         | V_CURR_ENROLLMENT             |     1 |    28 |  1961K  (1)| 00:01:17 |
|  53 |     SORT UNIQUE                                 |                               |     2 |  1092 |  1961K  (1)| 00:01:17 |
|  54 |      UNION ALL PUSHED PREDICATE                 |                               |       |       |            |          |
|  55 |       FILTER                                    |                               |       |       |            |          |
|  56 |        TABLE ACCESS BY INDEX ROWID BATCHED      | T_ENNS                        |     1 |   273 |     1   (0)| 00:00:01 |
|  57 |         INDEX RANGE SCAN                        | IX_ELNS_MEMBENLTDTDSNTDTID    |     1 |       |     1   (0)| 00:00:01 |
|  58 |          SORT GROUP BY NOSORT                   |                               |     1 |    72 |     4   (0)| 00:00:01 |
|  59 |           NESTED LOOPS OUTER                    |                               |     1 |    72 |     4   (0)| 00:00:01 |
|  60 |            NESTED LOOPS                         |                               |     1 |    50 |     3   (0)| 00:00:01 |
|  61 |             NESTED LOOPS                        |                               |     1 |    12 |     2   (0)| 00:00:01 |
|  62 |              INDEX UNIQUE SCAN                  | PK_T_USR                      |     1 |     6 |     1   (0)| 00:00:01 |
|  63 |              INDEX RANGE SCAN                   | IX_NVL_USR_MRGEMSTR_USR_ID    |     1 |     6 |     1   (0)| 00:00:01 |
|  64 |             TABLE ACCESS BY INDEX ROWID         | T_ENNS                        |     1 |    38 |     1   (0)| 00:00:01 |
|  65 |              INDEX RANGE SCAN                   | IX_ELNS_MEMBENLTDTDSNTDTSTTID |     2 |       |     1   (0)| 00:00:01 |
|  66 |            TABLE ACCESS BY INDEX ROWID          | T_ENNS                        |     1 |    22 |     1   (0)| 00:00:01 |
|  67 |             INDEX RANGE SCAN                    | IX_ELNS_MEMBENLTDTDSNTDTID    |     1 |       |     1   (0)| 00:00:01 |
|  68 |        FAST DUAL                                |                               |     1 |       |     2   (0)| 00:00:01 |
|  69 |       FILTER                                    |                               |       |       |            |          |
|  70 |        TABLE ACCESS BY INDEX ROWID BATCHED      | T_ENNS                        |     1 |   273 |     1   (0)| 00:00:01 |
|  71 |         INDEX RANGE SCAN                        | IX_ELNS_MEMBENLTDTDSNTDTID    |     1 |       |     1   (0)| 00:00:01 |
|  72 |          SORT GROUP BY NOSORT                   |                               |     1 |    72 |     4   (0)| 00:00:01 |
|  73 |           NESTED LOOPS OUTER                    |                               |     1 |    72 |     4   (0)| 00:00:01 |
|  74 |            NESTED LOOPS                         |                               |     1 |    50 |     3   (0)| 00:00:01 |
|  75 |             NESTED LOOPS                        |                               |     1 |    12 |     2   (0)| 00:00:01 |
|  76 |              INDEX UNIQUE SCAN                  | PK_T_USR                      |     1 |     6 |     1   (0)| 00:00:01 |
|  77 |              INDEX RANGE SCAN                   | IX_NVL_USR_MRGEMSTR_USR_ID    |     1 |     6 |     1   (0)| 00:00:01 |
|  78 |             TABLE ACCESS BY INDEX ROWID         | T_ENNS                        |     1 |    38 |     1   (0)| 00:00:01 |
|  79 |              INDEX RANGE SCAN                   | IX_ELNS_MEMBENLTDTDSNTDTSTTID |     2 |       |     1   (0)| 00:00:01 |
|  80 |            TABLE ACCESS BY INDEX ROWID          | T_ENNS                        |     1 |    22 |     1   (0)| 00:00:01 |
|  81 |             INDEX RANGE SCAN                    | IX_ELNS_MEMBENLTDTDSNTDTID    |     1 |       |     1   (0)| 00:00:01 |
|  82 |        FAST DUAL                                |                               |     1 |       |     2   (0)| 00:00:01 |
|  83 |   TABLE ACCESS BY INDEX ROWID                   | T_BENSPKG                     |     1 |    12 |     1   (0)| 00:00:01 |
|  84 |    INDEX UNIQUE SCAN                            | PK_T_BENSPKG                  |     1 |       |     1   (0)| 00:00:01 |
---------------------------------------------------------------------------------------------------------------------------------

Query Block Name / Object Alias (identified by operation id):
-------------------------------------------------------------

   1 - SEL$4        / T_UM_BASE@SEL$4
   2 - SEL$4        / T_UM_BASE@SEL$4
   3 - SEL$5        / T_CM_BASEBASE@SEL$5
   4 - SEL$5        / T_CM_BASEBASE@SEL$5
   5 - SEL$0C04A374
   8 - SEL$3        / INFO_WITH_MEMBER_ID@SEL$2
   9 - SEL$6        / INFO@SEL$3
  10 - SEL$6
  11 - SEL$2D594895 / from$_subquery$_005@SEL$6
  12 - SEL$2D594895
  25 - SEL$2D594895 / T@SEL$8
  26 - SEL$2D594895 / T@SEL$8
  27 - SEL$2D594895 / PROVIDER@SEL$23
  28 - SEL$2D594895 / PROVIDER@SEL$23
  29 - SEL$2D594895 / AUTH@SEL$21
  30 - SEL$2D594895 / AUTH@SEL$21
  31 - SEL$2D594895 / MEMBER@SEL$11
  32 - SEL$2D594895 / MEMBER@SEL$11
  33 - SEL$2D594895 / SENDER@SEL$27
  34 - SEL$2D594895 / SENDER@SEL$27
  35 - SEL$2D594895 / PREVOWNER@SEL$9
  36 - SEL$2D594895 / PREVOWNER@SEL$9
  37 - SEL$2D594895 / CASEORCM@SEL$19
  38 - SEL$2D594895 / CASEORCM@SEL$19
  40 - SEL$2D594895 / OWN@SEL$7
  41 - SEL$2D594895 / OWN@SEL$7
  42 - SEL$2D594895 / TASKTYPE@SEL$15
  43 - SEL$2D594895 / TASKTYPE@SEL$15
  44 - SEL$2D594895 / ORIGCREATOR@SEL$13
  45 - SEL$2D594895 / ORIGCREATOR@SEL$13
  46 - SEL$2D594895 / MOD@SEL$25
  47 - SEL$2D594895 / MOD@SEL$25
  48 - SEL$2D594895 / REASON@SEL$17
  49 - SEL$2D594895 / REASON@SEL$17
  50 - SEL$0C04A374 / AFFMEMBER@SEL$1
  51 - SEL$0C04A374 / AFFMEMBER@SEL$1
  52 - SET$5715CE2E / ENROLLMENT@SEL$30
  53 - SET$5715CE2E
  55 - SEL$ECD9DCF1
  56 - SEL$ECD9DCF1 / T_SRC_ENNS@SEL$35
  57 - SEL$ECD9DCF1 / T_SRC_ENNS@SEL$35
  58 - SEL$5F185B4C
  62 - SEL$5F185B4C / T_ENNS_MASTERUSER@SEL$31
  63 - SEL$5F185B4C / T_ENNS_SLAVEUSER@SEL$31
  64 - SEL$5F185B4C / T_CURR_ENNS@SEL$32
  65 - SEL$5F185B4C / T_CURR_ENNS@SEL$32
  66 - SEL$5F185B4C / T_MAX_DISENROLLMENT_ENROLLMENT@SEL$33
  67 - SEL$5F185B4C / T_MAX_DISENROLLMENT_ENROLLMENT@SEL$33
  68 - SEL$40       / DUAL@SEL$40
  69 - SEL$0D115A56
  70 - SEL$0D115A56 / T_SRC_ENNS@SEL$42
  71 - SEL$0D115A56 / T_SRC_ENNS@SEL$42
  72 - SEL$CDBEA42D
  76 - SEL$CDBEA42D / T_ENNS_MASTERUSER@SEL$36
  77 - SEL$CDBEA42D / T_ENNS_SLAVEUSER@SEL$36
  78 - SEL$CDBEA42D / T_CURR_ENNS@SEL$37
  79 - SEL$CDBEA42D / T_CURR_ENNS@SEL$37
  80 - SEL$CDBEA42D / T_MAX_DISENROLLMENT_ENROLLMENT@SEL$38
  81 - SEL$CDBEA42D / T_MAX_DISENROLLMENT_ENROLLMENT@SEL$38
  82 - SEL$43       / DUAL@SEL$43
  83 - SEL$0C04A374 / BENEFIT@SEL$46
  84 - SEL$0C04A374 / BENEFIT@SEL$46

Outline Data
-------------

  /*+
      BEGIN_OUTLINE_DATA
      IGNORE_OPTIM_EMBEDDED_HINTS
      OPTIMIZER_FEATURES_ENABLE('12.1.0.2')
      DB_VERSION('12.1.0.2')
      OPT_PARAM('optimizer_index_cost_adj' 1)
      OPT_PARAM('optimizer_index_caching' 90)
      ALL_ROWS
      OUTLINE_LEAF(@"SEL$4")
      OUTLINE_LEAF(@"SEL$5")
      OUTLINE_LEAF(@"SEL$2D594895")
      MERGE(@"SEL$2DE0C8FF")
      OUTLINE_LEAF(@"SEL$6")
      OUTLINE_LEAF(@"SEL$3")
      OUTLINE_LEAF(@"SEL$40")
      OUTLINE_LEAF(@"SEL$5F185B4C")
      MERGE(@"SEL$6B15F4E0")
      OUTLINE_LEAF(@"SEL$ECD9DCF1")
      OUTLINE_LEAF(@"SEL$43")
      OUTLINE_LEAF(@"SEL$CDBEA42D")
      MERGE(@"SEL$57BA8109")
      OUTLINE_LEAF(@"SEL$0D115A56")
      OUTLINE_LEAF(@"SET$5715CE2E")
      PUSH_PRED(@"SEL$0C04A374" "ENROLLMENT"@"SEL$30" 3)
      OUTLINE_LEAF(@"SEL$0C04A374")
      MERGE(@"SEL$BC270230")
      OUTLINE(@"SEL$29")
      OUTLINE(@"SEL$2DE0C8FF")
      MERGE(@"SEL$27")
      MERGE(@"SEL$3B95C159")
      OUTLINE(@"SEL$41")
      OUTLINE(@"SEL$6B15F4E0")
      MERGE(@"SEL$78FE80F3")
      OUTLINE(@"SEL$35")
      OUTLINE(@"SEL$44")
      OUTLINE(@"SEL$57BA8109")
      MERGE(@"SEL$516D3A01")
      OUTLINE(@"SEL$42")
      OUTLINE(@"SET$1")
      OUTLINE(@"SEL$0C04A374")
      MERGE(@"SEL$BC270230")
      OUTLINE(@"SEL$48")
      OUTLINE(@"SEL$BC270230")
      MERGE(@"SEL$409758B4")
      MERGE(@"SEL$46")
      OUTLINE(@"SEL$28")
      OUTLINE(@"SEL$27")
      OUTLINE(@"SEL$3B95C159")
      MERGE(@"SEL$25")
      MERGE(@"SEL$6D003707")
      OUTLINE(@"SEL$D570F096")
      MERGE(@"SEL$33")
      OUTLINE(@"SEL$78FE80F3")
      MERGE(@"SEL$31")
      OUTLINE(@"SEL$067B9A3E")
      MERGE(@"SEL$38")
      OUTLINE(@"SEL$516D3A01")
      MERGE(@"SEL$36")
      OUTLINE(@"SEL$47")
      OUTLINE(@"SEL$409758B4")
      MERGE(@"SEL$30")
      MERGE(@"SEL$58A6D7F6")
      OUTLINE(@"SEL$46")
      OUTLINE(@"SEL$26")
      OUTLINE(@"SEL$25")
      OUTLINE(@"SEL$6D003707")
      MERGE(@"SEL$23")
      MERGE(@"SEL$23FAB6D1")
      OUTLINE(@"SEL$34")
      OUTLINE(@"SEL$33")
      OUTLINE(@"SEL$32")
      OUTLINE(@"SEL$31")
      OUTLINE(@"SEL$39")
      OUTLINE(@"SEL$38")
      OUTLINE(@"SEL$37")
      OUTLINE(@"SEL$36")
      OUTLINE(@"SEL$45")
      OUTLINE(@"SEL$30")
      OUTLINE(@"SEL$58A6D7F6")
      MERGE(@"SEL$1")
      OUTLINE(@"SEL$24")
      OUTLINE(@"SEL$23")
      OUTLINE(@"SEL$23FAB6D1")
      MERGE(@"SEL$21")
      MERGE(@"SEL$97A30ECD")
      OUTLINE(@"SEL$2")
      OUTLINE(@"SEL$1")
      OUTLINE(@"SEL$22")
      OUTLINE(@"SEL$21")
      OUTLINE(@"SEL$97A30ECD")
      MERGE(@"SEL$19")
      MERGE(@"SEL$CF22A5CA")
      OUTLINE(@"SEL$20")
      OUTLINE(@"SEL$19")
      OUTLINE(@"SEL$CF22A5CA")
      MERGE(@"SEL$17")
      MERGE(@"SEL$FF97D7FC")
      OUTLINE(@"SEL$18")
      OUTLINE(@"SEL$17")
      OUTLINE(@"SEL$FF97D7FC")
      MERGE(@"SEL$15")
      MERGE(@"SEL$DE5D921C")
      OUTLINE(@"SEL$16")
      OUTLINE(@"SEL$15")
      OUTLINE(@"SEL$DE5D921C")
      MERGE(@"SEL$01DD7F33")
      MERGE(@"SEL$13")
      OUTLINE(@"SEL$14")
      OUTLINE(@"SEL$01DD7F33")
      MERGE(@"SEL$11")
      MERGE(@"SEL$BDFBA881")
      OUTLINE(@"SEL$13")
      OUTLINE(@"SEL$12")
      OUTLINE(@"SEL$11")
      OUTLINE(@"SEL$BDFBA881")
      MERGE(@"SEL$9")
      MERGE(@"SEL$FC56C448")
      OUTLINE(@"SEL$10")
      OUTLINE(@"SEL$9")
      OUTLINE(@"SEL$FC56C448")
      MERGE(@"SEL$7")
      OUTLINE(@"SEL$8")
      OUTLINE(@"SEL$7")
      NO_ACCESS(@"SEL$0C04A374" "INFO_WITH_MEMBER_ID"@"SEL$2")
      INDEX_RS_ASC(@"SEL$0C04A374" "AFFMEMBER"@"SEL$1" ("T_USR"."USR_ID"))
      NO_ACCESS(@"SEL$0C04A374" "ENROLLMENT"@"SEL$30")
      INDEX_RS_ASC(@"SEL$0C04A374" "BENEFIT"@"SEL$46" ("T_BENSPKG"."BENP_ID"))
      LEADING(@"SEL$0C04A374" "INFO_WITH_MEMBER_ID"@"SEL$2" "AFFMEMBER"@"SEL$1" "ENROLLMENT"@"SEL$30" "BENEFIT"@"SEL$46")
      USE_NL(@"SEL$0C04A374" "AFFMEMBER"@"SEL$1")
      USE_NL(@"SEL$0C04A374" "ENROLLMENT"@"SEL$30")
      USE_NL(@"SEL$0C04A374" "BENEFIT"@"SEL$46")
      NO_ACCESS(@"SEL$3" "INFO"@"SEL$3")
      INDEX_RS_ASC(@"SEL$0D115A56" "T_SRC_ENNS"@"SEL$42" ("T_ENNS"."ELNS_MEMB" "T_ENNS"."ELNS_ENLTDT" "T_ENNS"."ELNS_DSNTDT"
              "T_ENNS"."ELNS_ID"))
      BATCH_TABLE_ACCESS_BY_ROWID(@"SEL$0D115A56" "T_SRC_ENNS"@"SEL$42")
      PUSH_SUBQ(@"SEL$CDBEA42D")
      INDEX_RS_ASC(@"SEL$ECD9DCF1" "T_SRC_ENNS"@"SEL$35" ("T_ENNS"."ELNS_MEMB" "T_ENNS"."ELNS_ENLTDT" "T_ENNS"."ELNS_DSNTDT"
              "T_ENNS"."ELNS_ID"))
      BATCH_TABLE_ACCESS_BY_ROWID(@"SEL$ECD9DCF1" "T_SRC_ENNS"@"SEL$35")
      PUSH_SUBQ(@"SEL$5F185B4C")
      INDEX(@"SEL$5F185B4C" "T_ENNS_MASTERUSER"@"SEL$31" ("T_USR"."USR_ID"))
      INDEX(@"SEL$5F185B4C" "T_ENNS_SLAVEUSER"@"SEL$31" "IX_NVL_USR_MRGEMSTR_USR_ID")
      INDEX_RS_ASC(@"SEL$5F185B4C" "T_CURR_ENNS"@"SEL$32" "IX_ELNS_MEMBENLTDTDSNTDTSTTID")
      INDEX_RS_ASC(@"SEL$5F185B4C" "T_MAX_DISENROLLMENT_ENROLLMENT"@"SEL$33" ("T_ENNS"."ELNS_MEMB" "T_ENNS"."ELNS_ENLTDT"
              "T_ENNS"."ELNS_DSNTDT" "T_ENNS"."ELNS_ID"))
      LEADING(@"SEL$5F185B4C" "T_ENNS_MASTERUSER"@"SEL$31" "T_ENNS_SLAVEUSER"@"SEL$31" "T_CURR_ENNS"@"SEL$32"
              "T_MAX_DISENROLLMENT_ENROLLMENT"@"SEL$33")
      USE_NL(@"SEL$5F185B4C" "T_ENNS_SLAVEUSER"@"SEL$31")
      USE_NL(@"SEL$5F185B4C" "T_CURR_ENNS"@"SEL$32")
      USE_NL(@"SEL$5F185B4C" "T_MAX_DISENROLLMENT_ENROLLMENT"@"SEL$33")
      INDEX(@"SEL$CDBEA42D" "T_ENNS_MASTERUSER"@"SEL$36" ("T_USR"."USR_ID"))
      INDEX(@"SEL$CDBEA42D" "T_ENNS_SLAVEUSER"@"SEL$36" "IX_NVL_USR_MRGEMSTR_USR_ID")
      INDEX_RS_ASC(@"SEL$CDBEA42D" "T_CURR_ENNS"@"SEL$37" "IX_ELNS_MEMBENLTDTDSNTDTSTTID")
      INDEX_RS_ASC(@"SEL$CDBEA42D" "T_MAX_DISENROLLMENT_ENROLLMENT"@"SEL$38" ("T_ENNS"."ELNS_MEMB" "T_ENNS"."ELNS_ENLTDT"
              "T_ENNS"."ELNS_DSNTDT" "T_ENNS"."ELNS_ID"))
      LEADING(@"SEL$CDBEA42D" "T_ENNS_MASTERUSER"@"SEL$36" "T_ENNS_SLAVEUSER"@"SEL$36" "T_CURR_ENNS"@"SEL$37"
              "T_MAX_DISENROLLMENT_ENROLLMENT"@"SEL$38")
      USE_NL(@"SEL$CDBEA42D" "T_ENNS_SLAVEUSER"@"SEL$36")
      USE_NL(@"SEL$CDBEA42D" "T_CURR_ENNS"@"SEL$37")
      USE_NL(@"SEL$CDBEA42D" "T_MAX_DISENROLLMENT_ENROLLMENT"@"SEL$38")
      NO_ACCESS(@"SEL$6" "from$_subquery$_005"@"SEL$6")
      INDEX_RS_ASC(@"SEL$2D594895" "T"@"SEL$8" ("T_SENTTSK"."SETK_OBJ_STT"))
      INDEX_RS_ASC(@"SEL$2D594895" "PROVIDER"@"SEL$23" ("T_USR"."USR_ID"))
      INDEX_RS_ASC(@"SEL$2D594895" "AUTH"@"SEL$21" ("T_UM_BASE"."UMBS_ID"))
      INDEX_RS_ASC(@"SEL$2D594895" "MEMBER"@"SEL$11" ("T_USR"."USR_ID"))
      INDEX_RS_ASC(@"SEL$2D594895" "SENDER"@"SEL$27" ("T_USR"."USR_ID"))
      INDEX_RS_ASC(@"SEL$2D594895" "PREVOWNER"@"SEL$9" ("T_USR"."USR_ID"))
      INDEX_RS_ASC(@"SEL$2D594895" "CASEORCM"@"SEL$19" ("T_CM_BASEBASE"."CMBB_ID"))
      INDEX_RS_ASC(@"SEL$2D594895" "OWN"@"SEL$7" ("T_USR"."USR_ID"))
      INDEX_RS_ASC(@"SEL$2D594895" "TASKTYPE"@"SEL$15" ("T_DDL_ITEM"."DDLI_ID"))
      INDEX_RS_ASC(@"SEL$2D594895" "ORIGCREATOR"@"SEL$13" ("T_USR"."USR_ID"))
      INDEX_RS_ASC(@"SEL$2D594895" "MOD"@"SEL$25" ("T_USR"."USR_ID"))
      INDEX_RS_ASC(@"SEL$2D594895" "REASON"@"SEL$17" ("T_DDL_ITEM"."DDLI_ID"))
      LEADING(@"SEL$2D594895" "T"@"SEL$8" "PROVIDER"@"SEL$23" "AUTH"@"SEL$21" "MEMBER"@"SEL$11" "SENDER"@"SEL$27"
              "PREVOWNER"@"SEL$9" "CASEORCM"@"SEL$19" "OWN"@"SEL$7" "TASKTYPE"@"SEL$15" "ORIGCREATOR"@"SEL$13" "MOD"@"SEL$25"
              "REASON"@"SEL$17")
      USE_NL(@"SEL$2D594895" "PROVIDER"@"SEL$23")
      USE_NL(@"SEL$2D594895" "AUTH"@"SEL$21")
      USE_NL(@"SEL$2D594895" "MEMBER"@"SEL$11")
      USE_NL(@"SEL$2D594895" "SENDER"@"SEL$27")
      USE_NL(@"SEL$2D594895" "PREVOWNER"@"SEL$9")
      USE_NL(@"SEL$2D594895" "CASEORCM"@"SEL$19")
      USE_MERGE_CARTESIAN(@"SEL$2D594895" "OWN"@"SEL$7")
      USE_NL(@"SEL$2D594895" "TASKTYPE"@"SEL$15")
      USE_NL(@"SEL$2D594895" "ORIGCREATOR"@"SEL$13")
      USE_NL(@"SEL$2D594895" "MOD"@"SEL$25")
      USE_NL(@"SEL$2D594895" "REASON"@"SEL$17")
      INDEX_RS_ASC(@"SEL$5" "T_CM_BASEBASE"@"SEL$5" ("T_CM_BASEBASE"."CMBB_ID"))
      INDEX_RS_ASC(@"SEL$4" "T_UM_BASE"@"SEL$4" ("T_UM_BASE"."UMBS_ID"))
      END_OUTLINE_DATA
  */

Peeked Binds (identified by position):
--------------------------------------

   1 - :SYS_B_0 (NUMBER): 2
   2 - :1 (NUMBER): 10621934
   3 - :2 (NUMBER): 1
   4 - :3 (NUMBER): 3
   5 - :4 (NUMBER): 905
   6 - :5 (NUMBER): 906
   7 - :6 (NUMBER): 907
   8 - :7 (NUMBER): 908
   9 - :8 (NUMBER): 911
  10 - :9 (NUMBER): 912
  11 - :10 (NUMBER): 913
  12 - :SYS_B_1 (NUMBER): 500
  13 - :SYS_B_2 (VARCHAR2(30), CSID=178): '2020.09.28'
  14 - :SYS_B_3 (VARCHAR2(30), CSID=178): 'yyyy.MM.dd'

Note
-----
   - dynamic statistics used: dynamic sampling (level=2)
   - 6 Sql Plan Directives used for this statement

SQL_ID 0sjx29v99zfqc
--------------------
SELECT INFO_WITH_MEMBER_ID.*,     enrollment.ELNS_INSCPRSRGRP
ipgGroupId,     benefit.BENP_LWSTLVL_PRODCAT productCategoryId,
affMember.USR_FRSTNAM affiliatedMemberFirstName,
affMember.USR_LAS_NAM affiliatedMemberLastName FROM (   SELECT INFO.*,
   CASE     WHEN INFO.memberAffiliationId IS NOT NULL THEN
(INFO.memberAffiliationId)     WHEN INFO.authAffiliationId IS NOT NULL
THEN (SELECT UMBS_MEMB FROM T_UM_BASE WHERE
UMBS_ID=INFO.authAffiliationId)     WHEN
INFO.careManagementAffiliationId IS NOT NULL THEN (SELECT CMBS_MEMB
FROM T_CM_BASEBASE WHERE CMBB_ID=INFO.careManagementAffiliationId)
WHEN INFO.providerAffiliationId IS NOT NULL THEN
(INFO.providerAffiliationId)     ELSE (NULL)     END
affiliatedMemberId   FROM (   SELECT * FROM (     SELECT
T.SETK_ID AS id,         T.SETK_C4C_ID AS c4cId,         T.SETK_UNIVID
AS universalId,         taskType.TSKT_RCPTTYP AS categoryId,
T.SETK_TSK_TYP AS taskTypeId,         taskType.DDLI_LBL AS
taskTypeLabel,         T.SETK_TSK_NAM AS taskName,         T.SETK_SUBJ
AS subject,         T.SETK_CRTD AS createDate,         T.SETK_SENT AS
sentDate,         T.SETK_SRTD AS startedDate,
T.SETK_TSK_TIMG_STRTDT AS startDate,         T.SETK_TSK_TIMG_SCLDAT AS
startDateSeconds,         T.SETK_TSK_TIMG_DDLN_DT AS dueDate,
T.SETK_TSK_TIMG_DDLN_TIM_IN_DY AS dueDateSeconds,         T.SETK_OWNR
AS ownerId,         own.USR_FRSTNAM AS ownerFirstName,
own.USR_LAS_NAM AS ownerLastName,         own.CLASSTYPE AS ownerType,
      T.SETK_OBJ_STT AS status,         T.SETK_AFFN_MEMB AS
memberAffiliationId,         member.USR_C4C_ID AS memberC4cId,
member.USR_FRSTNAM AS memberFirstName,         member.USR_LAS_NAM AS
memberLastName,         T.SETK_AFFN_CM AS careManagementAffiliationId,
       caseOrCm.CMBB_C4C_ID AS caseOrCmC4cId,
T.SETK_AFFN_UM_EVNT AS authAffiliationId,         auth.UMBS_C4C_ID AS
authAffiliationC4cId,         T.SETK_AFFN_PVDR AS
providerAffiliationId,         provider.USR_C4C_ID AS providerC4cId,
     T.SETK_TSK_TIMG_SNLTDT AS startNoLaterThanDate,
T.SETK_CNCLRESN AS cancelReasonId,         T.SETK_ORIGCRTR AS
originalCreatorId,         origCreator.USR_FRSTNAM AS
originalCreatorFirstName,         origCreator.USR_LAS_NAM AS
originalCreatorLastName,         caseOrCm.CLASSTYPE AS
caseOrCmClasstype,         T.SETK_TSK_DSCN AS description,
T.SETK_CMPD AS completedDate,         T.SETK_LAS_ACT_TIM AS
lastActionDate,         mod.USR_FRSTNAM lastModifiedByFirstName,
 mod.USR_LAS_NAM lastModifiedByLastName,         T.SETK_PRVSOWNR AS
previousOwnerId,         prevOwner.USR_FRSTNAM AS
previousOwnerFirstName,         prevOwner.USR_LAS_NAM AS
previousOwnerLastName,         prevOwner.CLASSTYPE AS
previousOwnerType,         CASE             WHEN
T.SETK_TSK_TIMG_DDLN_DT IS NOT NULL THEN (T.SETK_TSK_TIMG_DDLN_DT)
       WHEN T.SETK_TSK_TIMG_STRTDT IS NOT NULL THEN
(T.SETK_TSK_TIMG_STRTDT)             WHEN T.SETK_TSK_TIMG_SNLTDT IS NOT
NULL THEN (T.SETK_TSK_TIMG_SNLTDT)             ELSE (NULL)         END
       filterDate,         sender.USR_FRSTNAM fromUserFirstName,
 sender.USR_LAS_NAM fromUserLastName,         T.SETK_RESCHEDULE_REASON
AS rescheduleReason,         reason.DDLI_LBL AS rescheduleReasonLabel,
       T.SETK_RESCHEDULE_COMMENT AS rescheduleComment       FROM
T_SENTTSK T       LEFT OUTER JOIN T_USR own ON own.USR_ID=T.SETK_OWNR
    LEFT OUTER JOIN T_USR prevOwner ON prevOwner.USR_ID=T.SETK_PRVSOWNR
      LEFT OUTER JOIN T_USR member ON member.USR_ID=T.SETK_AFFN_MEMB
   LEFT OUTER JOIN T_USR origCreator ON
origCreator.USR_ID=T.SETK_ORIGCRTR       LEFT OUTER JOIN T_DDL_ITEM
taskType ON taskType.DDLI_ID=T.SETK_TSK_TYP       LEFT OUTER JOIN
T_DDL_ITEM reason ON reason.DDLI_ID=T.SETK_RESCHEDULE_REASON       LEFT
OUTER JOIN T_CM_BASEBASE caseOrCm ON caseOrCm.CMBB_ID=T.SETK_AFFN_CM
   LEFT OUTER JOIN T_UM_BASE auth ON auth.UMBS_ID=T.SETK_AFFN_UM_EVNT
    LEFT OUTER JOIN T_USR provider

Plan hash value: 2644118522

---------------------------------------------------------------------------------------------------------------------------------
| Id  | Operation                                       | Name                          | Rows  | Bytes | Cost (%CPU)| Time     |
---------------------------------------------------------------------------------------------------------------------------------
|   0 | SELECT STATEMENT                                |                               |       |       |  2282K(100)|          |
|   1 |  TABLE ACCESS BY INDEX ROWID                    | T_UM_BASE                     |     1 |    12 |     1   (0)| 00:00:01 |
|   2 |   INDEX UNIQUE SCAN                             | PK_T_UM_BASE                  |     1 |       |     1   (0)| 00:00:01 |
|   3 |   TABLE ACCESS BY INDEX ROWID                   | T_CM_BASEBASE                 |     1 |    12 |     1   (0)| 00:00:01 |
|   4 |    INDEX UNIQUE SCAN                            | PK_T_CM_BASEBASE              |     1 |       |     1   (0)| 00:00:01 |
|   5 |  NESTED LOOPS OUTER                             |                               |     8 |   366K|  2282K  (1)| 00:01:30 |
|   6 |   NESTED LOOPS OUTER                            |                               |     8 |   366K|  2282K  (1)| 00:01:30 |
|   7 |    HASH JOIN RIGHT OUTER                        |                               |     8 |   366K|  2282K  (1)| 00:01:30 |
|   8 |     VIEW                                        | V_CURR_ENROLLMENT             |     2 |    78 |  2282K  (1)| 00:01:30 |
|   9 |      SORT UNIQUE                                |                               |     2 |  1092 |  2282K  (1)| 00:01:30 |
|  10 |       UNION-ALL                                 |                               |       |       |            |          |
|  11 |        FILTER                                   |                               |       |       |            |          |
|  12 |         FILTER                                  |                               |       |       |            |          |
|  13 |          TABLE ACCESS STORAGE FULL              | T_ENNS                        |   248K|    64M|   160K  (1)| 00:00:07 |
|  14 |          FAST DUAL                              |                               |     1 |       |     2   (0)| 00:00:01 |
|  15 |         SORT GROUP BY NOSORT                    |                               |     1 |    72 |     4   (0)| 00:00:01 |
|  16 |          NESTED LOOPS OUTER                     |                               |     1 |    72 |     4   (0)| 00:00:01 |
|  17 |           NESTED LOOPS                          |                               |     1 |    50 |     3   (0)| 00:00:01 |
|  18 |            NESTED LOOPS                         |                               |     1 |    12 |     2   (0)| 00:00:01 |
|  19 |             INDEX UNIQUE SCAN                   | PK_T_USR                      |     1 |     6 |     1   (0)| 00:00:01 |
|  20 |             INDEX RANGE SCAN                    | IX_NVL_USR_MRGEMSTR_USR_ID    |     1 |     6 |     1   (0)| 00:00:01 |
|  21 |            TABLE ACCESS BY INDEX ROWID          | T_ENNS                        |     1 |    38 |     1   (0)| 00:00:01 |
|  22 |             INDEX RANGE SCAN                    | IX_ELNS_MEMBENLTDTDSNTDTSTTID |     2 |       |     1   (0)| 00:00:01 |
|  23 |           TABLE ACCESS BY INDEX ROWID           | T_ENNS                        |     1 |    22 |     1   (0)| 00:00:01 |
|  24 |            INDEX RANGE SCAN                     | IX_ELNS_MEMBENLTDTDSNTDTID    |     1 |       |     1   (0)| 00:00:01 |
|  25 |        FILTER                                   |                               |       |       |            |          |
|  26 |         FILTER                                  |                               |       |       |            |          |
|  27 |          TABLE ACCESS STORAGE FULL              | T_ENNS                        |   248K|    64M|   160K  (1)| 00:00:07 |
|  28 |          FAST DUAL                              |                               |     1 |       |     2   (0)| 00:00:01 |
|  29 |         SORT GROUP BY NOSORT                    |                               |     1 |    72 |     4   (0)| 00:00:01 |
|  30 |          NESTED LOOPS OUTER                     |                               |     1 |    72 |     4   (0)| 00:00:01 |
|  31 |           NESTED LOOPS                          |                               |     1 |    50 |     3   (0)| 00:00:01 |
|  32 |            NESTED LOOPS                         |                               |     1 |    12 |     2   (0)| 00:00:01 |
|  33 |             INDEX UNIQUE SCAN                   | PK_T_USR                      |     1 |     6 |     1   (0)| 00:00:01 |
|  34 |             INDEX RANGE SCAN                    | IX_NVL_USR_MRGEMSTR_USR_ID    |     1 |     6 |     1   (0)| 00:00:01 |
|  35 |            TABLE ACCESS BY INDEX ROWID          | T_ENNS                        |     1 |    38 |     1   (0)| 00:00:01 |
|  36 |             INDEX RANGE SCAN                    | IX_ELNS_MEMBENLTDTDSNTDTSTTID |     2 |       |     1   (0)| 00:00:01 |
|  37 |           TABLE ACCESS BY INDEX ROWID           | T_ENNS                        |     1 |    22 |     1   (0)| 00:00:01 |
|  38 |            INDEX RANGE SCAN                     | IX_ELNS_MEMBENLTDTDSNTDTID    |     1 |       |     1   (0)| 00:00:01 |
|  39 |     VIEW                                        |                               |     8 |   366K|    23   (5)| 00:00:01 |
|  40 |      VIEW                                       |                               |     8 |   365K|    15   (7)| 00:00:01 |
|  41 |       COUNT STOPKEY                             |                               |       |       |            |          |
|  42 |        VIEW                                     |                               |     8 |   365K|    15   (7)| 00:00:01 |
|  43 |         SORT ORDER BY STOPKEY                   |                               |     8 |  6240 |    15   (7)| 00:00:01 |
|  44 |          NESTED LOOPS OUTER                     |                               |     8 |  6240 |    14   (0)| 00:00:01 |
|  45 |           NESTED LOOPS OUTER                    |                               |     8 |  6064 |    13   (0)| 00:00:01 |
|  46 |            NESTED LOOPS OUTER                   |                               |     8 |  5888 |    12   (0)| 00:00:01 |
|  47 |             NESTED LOOPS OUTER                  |                               |     8 |  5712 |    11   (0)| 00:00:01 |
|  48 |              NESTED LOOPS OUTER                 |                               |     8 |  5520 |    10   (0)| 00:00:01 |
|  49 |               NESTED LOOPS OUTER                |                               |     8 |  5296 |     9   (0)| 00:00:01 |
|  50 |                NESTED LOOPS OUTER               |                               |     8 |  5120 |     8   (0)| 00:00:01 |
|  51 |                 NESTED LOOPS OUTER              |                               |     8 |  4832 |     7   (0)| 00:00:01 |
|  52 |                  NESTED LOOPS OUTER             |                               |     8 |  4552 |     6   (0)| 00:00:01 |
|  53 |                   NESTED LOOPS OUTER            |                               |     8 |  4408 |     5   (0)| 00:00:01 |
|  54 |                    MERGE JOIN OUTER             |                               |     8 |  4256 |     4   (0)| 00:00:01 |
|  55 |                     INLIST ITERATOR             |                               |       |       |            |          |
|  56 |                      TABLE ACCESS BY INDEX ROWID| T_SENTTSK                     |     8 |  3968 |     3   (0)| 00:00:01 |
|  57 |                       INDEX RANGE SCAN          | IX_SETK_OBJ_STT               |  1918 |       |     1   (0)| 00:00:01 |
|  58 |                     BUFFER SORT                 |                               |     1 |    36 |     1   (0)| 00:00:01 |
|  59 |                      TABLE ACCESS BY INDEX ROWID| T_USR                         |     1 |    36 |     1   (0)| 00:00:01 |
|  60 |                       INDEX UNIQUE SCAN         | PK_T_USR                      |     1 |       |     1   (0)| 00:00:01 |
|  61 |                    TABLE ACCESS BY INDEX ROWID  | T_USR                         |     1 |    19 |     1   (0)| 00:00:01 |
|  62 |                     INDEX UNIQUE SCAN           | PK_T_USR                      |     1 |       |     1   (0)| 00:00:01 |
|  63 |                   TABLE ACCESS BY INDEX ROWID   | T_UM_BASE                     |     1 |    18 |     1   (0)| 00:00:01 |
|  64 |                    INDEX UNIQUE SCAN            | PK_T_UM_BASE                  |     1 |       |     1   (0)| 00:00:01 |
|  65 |                  TABLE ACCESS BY INDEX ROWID    | T_USR                         |     1 |    35 |     1   (0)| 00:00:01 |
|  66 |                   INDEX UNIQUE SCAN             | PK_T_USR                      |     1 |       |     1   (0)| 00:00:01 |
|  67 |                 TABLE ACCESS BY INDEX ROWID     | T_USR                         |     1 |    36 |     1   (0)| 00:00:01 |
|  68 |                  INDEX UNIQUE SCAN              | PK_T_USR                      |     1 |       |     1   (0)| 00:00:01 |
|  69 |                TABLE ACCESS BY INDEX ROWID      | T_USR                         |     1 |    22 |     1   (0)| 00:00:01 |
|  70 |                 INDEX UNIQUE SCAN               | PK_T_USR                      |     1 |       |     1   (0)| 00:00:01 |
|  71 |               TABLE ACCESS BY INDEX ROWID       | T_CM_BASEBASE                 |     1 |    28 |     1   (0)| 00:00:01 |
|  72 |                INDEX UNIQUE SCAN                | PK_T_CM_BASEBASE              |     1 |       |     1   (0)| 00:00:01 |
|  73 |              TABLE ACCESS BY INDEX ROWID        | T_DDL_ITEM                    |     1 |    24 |     1   (0)| 00:00:01 |
|  74 |               INDEX UNIQUE SCAN                 | PK_T_DDL_ITEM                 |     1 |       |     1   (0)| 00:00:01 |
|  75 |             TABLE ACCESS BY INDEX ROWID         | T_USR                         |     1 |    22 |     1   (0)| 00:00:01 |
|  76 |              INDEX UNIQUE SCAN                  | PK_T_USR                      |     1 |       |     1   (0)| 00:00:01 |
|  77 |            TABLE ACCESS BY INDEX ROWID          | T_USR                         |     1 |    22 |     1   (0)| 00:00:01 |
|  78 |             INDEX UNIQUE SCAN                   | PK_T_USR                      |     1 |       |     1   (0)| 00:00:01 |
|  79 |           TABLE ACCESS BY INDEX ROWID           | T_DDL_ITEM                    |     1 |    22 |     1   (0)| 00:00:01 |
|  80 |            INDEX UNIQUE SCAN                    | PK_T_DDL_ITEM                 |     1 |       |     1   (0)| 00:00:01 |
|  81 |    TABLE ACCESS BY INDEX ROWID                  | T_BENSPKG                     |     1 |    12 |     1   (0)| 00:00:01 |
|  82 |     INDEX UNIQUE SCAN                           | PK_T_BENSPKG                  |     1 |       |     1   (0)| 00:00:01 |
|  83 |   TABLE ACCESS BY INDEX ROWID                   | T_USR                         |     1 |    22 |     1   (0)| 00:00:01 |
|  84 |    INDEX UNIQUE SCAN                            | PK_T_USR                      |     1 |       |     1   (0)| 00:00:01 |
---------------------------------------------------------------------------------------------------------------------------------

Query Block Name / Object Alias (identified by operation id):
-------------------------------------------------------------

   1 - SEL$4        / T_UM_BASE@SEL$4
   2 - SEL$4        / T_UM_BASE@SEL$4
   3 - SEL$5        / T_CM_BASEBASE@SEL$5
   4 - SEL$5        / T_CM_BASEBASE@SEL$5
   5 - SEL$0C04A374
   8 - SET$1        / ENROLLMENT@SEL$30
   9 - SET$1
  11 - SEL$35
  13 - SEL$35       / T_SRC_ENNS@SEL$35
  14 - SEL$40       / DUAL@SEL$40
  15 - SEL$5F185B4C
  19 - SEL$5F185B4C / T_ENNS_MASTERUSER@SEL$31
  20 - SEL$5F185B4C / T_ENNS_SLAVEUSER@SEL$31
  21 - SEL$5F185B4C / T_CURR_ENNS@SEL$32
  22 - SEL$5F185B4C / T_CURR_ENNS@SEL$32
  23 - SEL$5F185B4C / T_MAX_DISENROLLMENT_ENROLLMENT@SEL$33
  24 - SEL$5F185B4C / T_MAX_DISENROLLMENT_ENROLLMENT@SEL$33
  25 - SEL$42
  27 - SEL$42       / T_SRC_ENNS@SEL$42
  28 - SEL$43       / DUAL@SEL$43
  29 - SEL$CDBEA42D
  33 - SEL$CDBEA42D / T_ENNS_MASTERUSER@SEL$36
  34 - SEL$CDBEA42D / T_ENNS_SLAVEUSER@SEL$36
  35 - SEL$CDBEA42D / T_CURR_ENNS@SEL$37
  36 - SEL$CDBEA42D / T_CURR_ENNS@SEL$37
  37 - SEL$CDBEA42D / T_MAX_DISENROLLMENT_ENROLLMENT@SEL$38
  38 - SEL$CDBEA42D / T_MAX_DISENROLLMENT_ENROLLMENT@SEL$38
  39 - SEL$3        / INFO_WITH_MEMBER_ID@SEL$2
  40 - SEL$6        / INFO@SEL$3
  41 - SEL$6
  42 - SEL$2D594895 / from$_subquery$_005@SEL$6
  43 - SEL$2D594895
  56 - SEL$2D594895 / T@SEL$8
  57 - SEL$2D594895 / T@SEL$8
  59 - SEL$2D594895 / OWN@SEL$7
  60 - SEL$2D594895 / OWN@SEL$7
  61 - SEL$2D594895 / PROVIDER@SEL$23
  62 - SEL$2D594895 / PROVIDER@SEL$23
  63 - SEL$2D594895 / AUTH@SEL$21
  64 - SEL$2D594895 / AUTH@SEL$21
  65 - SEL$2D594895 / MEMBER@SEL$11
  66 - SEL$2D594895 / MEMBER@SEL$11
  67 - SEL$2D594895 / PREVOWNER@SEL$9
  68 - SEL$2D594895 / PREVOWNER@SEL$9
  69 - SEL$2D594895 / SENDER@SEL$27
  70 - SEL$2D594895 / SENDER@SEL$27
  71 - SEL$2D594895 / CASEORCM@SEL$19
  72 - SEL$2D594895 / CASEORCM@SEL$19
  73 - SEL$2D594895 / TASKTYPE@SEL$15
  74 - SEL$2D594895 / TASKTYPE@SEL$15
  75 - SEL$2D594895 / ORIGCREATOR@SEL$13
  76 - SEL$2D594895 / ORIGCREATOR@SEL$13
  77 - SEL$2D594895 / MOD@SEL$25
  78 - SEL$2D594895 / MOD@SEL$25
  79 - SEL$2D594895 / REASON@SEL$17
  80 - SEL$2D594895 / REASON@SEL$17
  81 - SEL$0C04A374 / BENEFIT@SEL$46
  82 - SEL$0C04A374 / BENEFIT@SEL$46
  83 - SEL$0C04A374 / AFFMEMBER@SEL$1
  84 - SEL$0C04A374 / AFFMEMBER@SEL$1

Outline Data
-------------

  /*+
      BEGIN_OUTLINE_DATA
      IGNORE_OPTIM_EMBEDDED_HINTS
      OPTIMIZER_FEATURES_ENABLE('12.1.0.2')
      DB_VERSION('12.1.0.2')
      OPT_PARAM('optimizer_index_cost_adj' 1)
      OPT_PARAM('optimizer_index_caching' 90)
      ALL_ROWS
      OUTLINE_LEAF(@"SEL$4")
      OUTLINE_LEAF(@"SEL$5")
      OUTLINE_LEAF(@"SEL$2D594895")
      MERGE(@"SEL$2DE0C8FF")
      OUTLINE_LEAF(@"SEL$6")
      OUTLINE_LEAF(@"SEL$3")
      OUTLINE_LEAF(@"SEL$40")
      OUTLINE_LEAF(@"SEL$5F185B4C")
      MERGE(@"SEL$6B15F4E0")
      OUTLINE_LEAF(@"SEL$35")
      OUTLINE_LEAF(@"SEL$43")
      OUTLINE_LEAF(@"SEL$CDBEA42D")
      MERGE(@"SEL$57BA8109")
      OUTLINE_LEAF(@"SEL$42")
      OUTLINE_LEAF(@"SET$1")
      OUTLINE_LEAF(@"SEL$0C04A374")
      MERGE(@"SEL$BC270230")
      OUTLINE(@"SEL$29")
      OUTLINE(@"SEL$2DE0C8FF")
      MERGE(@"SEL$27")
      MERGE(@"SEL$3B95C159")
      OUTLINE(@"SEL$41")
      OUTLINE(@"SEL$6B15F4E0")
      MERGE(@"SEL$78FE80F3")
      OUTLINE(@"SEL$44")
      OUTLINE(@"SEL$57BA8109")
      MERGE(@"SEL$516D3A01")
      OUTLINE(@"SEL$48")
      OUTLINE(@"SEL$BC270230")
      MERGE(@"SEL$409758B4")
      MERGE(@"SEL$46")
      OUTLINE(@"SEL$28")
      OUTLINE(@"SEL$27")
      OUTLINE(@"SEL$3B95C159")
      MERGE(@"SEL$25")
      MERGE(@"SEL$6D003707")
      OUTLINE(@"SEL$D570F096")
      MERGE(@"SEL$33")
      OUTLINE(@"SEL$78FE80F3")
      MERGE(@"SEL$31")
      OUTLINE(@"SEL$067B9A3E")
      MERGE(@"SEL$38")
      OUTLINE(@"SEL$516D3A01")
      MERGE(@"SEL$36")
      OUTLINE(@"SEL$47")
      OUTLINE(@"SEL$409758B4")
      MERGE(@"SEL$30")
      MERGE(@"SEL$58A6D7F6")
      OUTLINE(@"SEL$46")
      OUTLINE(@"SEL$26")
      OUTLINE(@"SEL$25")
      OUTLINE(@"SEL$6D003707")
      MERGE(@"SEL$23")
      MERGE(@"SEL$23FAB6D1")
      OUTLINE(@"SEL$34")
      OUTLINE(@"SEL$33")
      OUTLINE(@"SEL$32")
      OUTLINE(@"SEL$31")
      OUTLINE(@"SEL$39")
      OUTLINE(@"SEL$38")
      OUTLINE(@"SEL$37")
      OUTLINE(@"SEL$36")
      OUTLINE(@"SEL$45")
      OUTLINE(@"SEL$30")
      OUTLINE(@"SEL$58A6D7F6")
      MERGE(@"SEL$1")
      OUTLINE(@"SEL$24")
      OUTLINE(@"SEL$23")
      OUTLINE(@"SEL$23FAB6D1")
      MERGE(@"SEL$21")
      MERGE(@"SEL$97A30ECD")
      OUTLINE(@"SEL$2")
      OUTLINE(@"SEL$1")
      OUTLINE(@"SEL$22")
      OUTLINE(@"SEL$21")
      OUTLINE(@"SEL$97A30ECD")
      MERGE(@"SEL$19")
      MERGE(@"SEL$CF22A5CA")
      OUTLINE(@"SEL$20")
      OUTLINE(@"SEL$19")
      OUTLINE(@"SEL$CF22A5CA")
      MERGE(@"SEL$17")
      MERGE(@"SEL$FF97D7FC")
      OUTLINE(@"SEL$18")
      OUTLINE(@"SEL$17")
      OUTLINE(@"SEL$FF97D7FC")
      MERGE(@"SEL$15")
      MERGE(@"SEL$DE5D921C")
      OUTLINE(@"SEL$16")
      OUTLINE(@"SEL$15")
      OUTLINE(@"SEL$DE5D921C")
      MERGE(@"SEL$01DD7F33")
      MERGE(@"SEL$13")
      OUTLINE(@"SEL$14")
      OUTLINE(@"SEL$01DD7F33")
      MERGE(@"SEL$11")
      MERGE(@"SEL$BDFBA881")
      OUTLINE(@"SEL$13")
      OUTLINE(@"SEL$12")
      OUTLINE(@"SEL$11")
      OUTLINE(@"SEL$BDFBA881")
      MERGE(@"SEL$9")
      MERGE(@"SEL$FC56C448")
      OUTLINE(@"SEL$10")
      OUTLINE(@"SEL$9")
      OUTLINE(@"SEL$FC56C448")
      MERGE(@"SEL$7")
      OUTLINE(@"SEL$8")
      OUTLINE(@"SEL$7")
      NO_ACCESS(@"SEL$0C04A374" "INFO_WITH_MEMBER_ID"@"SEL$2")
      NO_ACCESS(@"SEL$0C04A374" "ENROLLMENT"@"SEL$30")
      INDEX_RS_ASC(@"SEL$0C04A374" "BENEFIT"@"SEL$46" ("T_BENSPKG"."BENP_ID"))
      INDEX_RS_ASC(@"SEL$0C04A374" "AFFMEMBER"@"SEL$1" ("T_USR"."USR_ID"))
      LEADING(@"SEL$0C04A374" "INFO_WITH_MEMBER_ID"@"SEL$2" "ENROLLMENT"@"SEL$30" "BENEFIT"@"SEL$46" "AFFMEMBER"@"SEL$1")
      USE_HASH(@"SEL$0C04A374" "ENROLLMENT"@"SEL$30")
      USE_NL(@"SEL$0C04A374" "BENEFIT"@"SEL$46")
      USE_NL(@"SEL$0C04A374" "AFFMEMBER"@"SEL$1")
      SWAP_JOIN_INPUTS(@"SEL$0C04A374" "ENROLLMENT"@"SEL$30")
      NO_ACCESS(@"SEL$3" "INFO"@"SEL$3")
      FULL(@"SEL$42" "T_SRC_ENNS"@"SEL$42")
      PQ_FILTER(@"SEL$42" SERIAL)
      FULL(@"SEL$35" "T_SRC_ENNS"@"SEL$35")
      PQ_FILTER(@"SEL$35" SERIAL)
      INDEX(@"SEL$5F185B4C" "T_ENNS_MASTERUSER"@"SEL$31" ("T_USR"."USR_ID"))
      INDEX(@"SEL$5F185B4C" "T_ENNS_SLAVEUSER"@"SEL$31" "IX_NVL_USR_MRGEMSTR_USR_ID")
      INDEX_RS_ASC(@"SEL$5F185B4C" "T_CURR_ENNS"@"SEL$32" "IX_ELNS_MEMBENLTDTDSNTDTSTTID")
      INDEX_RS_ASC(@"SEL$5F185B4C" "T_MAX_DISENROLLMENT_ENROLLMENT"@"SEL$33" ("T_ENNS"."ELNS_MEMB" "T_ENNS"."ELNS_ENLTDT"
              "T_ENNS"."ELNS_DSNTDT" "T_ENNS"."ELNS_ID"))
      LEADING(@"SEL$5F185B4C" "T_ENNS_MASTERUSER"@"SEL$31" "T_ENNS_SLAVEUSER"@"SEL$31" "T_CURR_ENNS"@"SEL$32"
              "T_MAX_DISENROLLMENT_ENROLLMENT"@"SEL$33")
      USE_NL(@"SEL$5F185B4C" "T_ENNS_SLAVEUSER"@"SEL$31")
      USE_NL(@"SEL$5F185B4C" "T_CURR_ENNS"@"SEL$32")
      USE_NL(@"SEL$5F185B4C" "T_MAX_DISENROLLMENT_ENROLLMENT"@"SEL$33")
      INDEX(@"SEL$CDBEA42D" "T_ENNS_MASTERUSER"@"SEL$36" ("T_USR"."USR_ID"))
      INDEX(@"SEL$CDBEA42D" "T_ENNS_SLAVEUSER"@"SEL$36" "IX_NVL_USR_MRGEMSTR_USR_ID")
      INDEX_RS_ASC(@"SEL$CDBEA42D" "T_CURR_ENNS"@"SEL$37" "IX_ELNS_MEMBENLTDTDSNTDTSTTID")
      INDEX_RS_ASC(@"SEL$CDBEA42D" "T_MAX_DISENROLLMENT_ENROLLMENT"@"SEL$38" ("T_ENNS"."ELNS_MEMB" "T_ENNS"."ELNS_ENLTDT"
              "T_ENNS"."ELNS_DSNTDT" "T_ENNS"."ELNS_ID"))
      LEADING(@"SEL$CDBEA42D" "T_ENNS_MASTERUSER"@"SEL$36" "T_ENNS_SLAVEUSER"@"SEL$36" "T_CURR_ENNS"@"SEL$37"
              "T_MAX_DISENROLLMENT_ENROLLMENT"@"SEL$38")
      USE_NL(@"SEL$CDBEA42D" "T_ENNS_SLAVEUSER"@"SEL$36")
      USE_NL(@"SEL$CDBEA42D" "T_CURR_ENNS"@"SEL$37")
      USE_NL(@"SEL$CDBEA42D" "T_MAX_DISENROLLMENT_ENROLLMENT"@"SEL$38")
      NO_ACCESS(@"SEL$6" "from$_subquery$_005"@"SEL$6")
      INDEX_RS_ASC(@"SEL$2D594895" "T"@"SEL$8" ("T_SENTTSK"."SETK_OBJ_STT"))
      INDEX_RS_ASC(@"SEL$2D594895" "OWN"@"SEL$7" ("T_USR"."USR_ID"))
      INDEX_RS_ASC(@"SEL$2D594895" "PROVIDER"@"SEL$23" ("T_USR"."USR_ID"))
      INDEX_RS_ASC(@"SEL$2D594895" "AUTH"@"SEL$21" ("T_UM_BASE"."UMBS_ID"))
      INDEX_RS_ASC(@"SEL$2D594895" "MEMBER"@"SEL$11" ("T_USR"."USR_ID"))
      INDEX_RS_ASC(@"SEL$2D594895" "PREVOWNER"@"SEL$9" ("T_USR"."USR_ID"))
      INDEX_RS_ASC(@"SEL$2D594895" "SENDER"@"SEL$27" ("T_USR"."USR_ID"))
      INDEX_RS_ASC(@"SEL$2D594895" "CASEORCM"@"SEL$19" ("T_CM_BASEBASE"."CMBB_ID"))
      INDEX_RS_ASC(@"SEL$2D594895" "TASKTYPE"@"SEL$15" ("T_DDL_ITEM"."DDLI_ID"))
      INDEX_RS_ASC(@"SEL$2D594895" "ORIGCREATOR"@"SEL$13" ("T_USR"."USR_ID"))
      INDEX_RS_ASC(@"SEL$2D594895" "MOD"@"SEL$25" ("T_USR"."USR_ID"))
      INDEX_RS_ASC(@"SEL$2D594895" "REASON"@"SEL$17" ("T_DDL_ITEM"."DDLI_ID"))
      LEADING(@"SEL$2D594895" "T"@"SEL$8" "OWN"@"SEL$7" "PROVIDER"@"SEL$23" "AUTH"@"SEL$21" "MEMBER"@"SEL$11"
              "PREVOWNER"@"SEL$9" "SENDER"@"SEL$27" "CASEORCM"@"SEL$19" "TASKTYPE"@"SEL$15" "ORIGCREATOR"@"SEL$13" "MOD"@"SEL$25"
              "REASON"@"SEL$17")
      USE_MERGE_CARTESIAN(@"SEL$2D594895" "OWN"@"SEL$7")
      USE_NL(@"SEL$2D594895" "PROVIDER"@"SEL$23")
      USE_NL(@"SEL$2D594895" "AUTH"@"SEL$21")
      USE_NL(@"SEL$2D594895" "MEMBER"@"SEL$11")
      USE_NL(@"SEL$2D594895" "PREVOWNER"@"SEL$9")
      USE_NL(@"SEL$2D594895" "SENDER"@"SEL$27")
      USE_NL(@"SEL$2D594895" "CASEORCM"@"SEL$19")
      USE_NL(@"SEL$2D594895" "TASKTYPE"@"SEL$15")
      USE_NL(@"SEL$2D594895" "ORIGCREATOR"@"SEL$13")
      USE_NL(@"SEL$2D594895" "MOD"@"SEL$25")
      USE_NL(@"SEL$2D594895" "REASON"@"SEL$17")
      INDEX_RS_ASC(@"SEL$5" "T_CM_BASEBASE"@"SEL$5" ("T_CM_BASEBASE"."CMBB_ID"))
      INDEX_RS_ASC(@"SEL$4" "T_UM_BASE"@"SEL$4" ("T_UM_BASE"."UMBS_ID"))
      END_OUTLINE_DATA
  */

Peeked Binds (identified by position):
--------------------------------------

   1 - :SYS_B_0 (NUMBER): 2
   2 - :1 (NUMBER): 10621934
   3 - :2 (NUMBER): 1
   4 - :3 (NUMBER): 3
   5 - :4 (NUMBER): 905
   6 - :5 (NUMBER): 906
   7 - :6 (NUMBER): 907
   8 - :7 (NUMBER): 908
   9 - :8 (NUMBER): 911
  10 - :9 (NUMBER): 912
  11 - :10 (NUMBER): 913
  12 - :SYS_B_1 (NUMBER): 500
  13 - :SYS_B_2 (VARCHAR2(30), CSID=178): '2020.11.26'
  14 - :SYS_B_3 (VARCHAR2(30), CSID=178): 'yyyy.MM.dd'

Note
-----
   - dynamic statistics used: dynamic sampling (level=2)
   - 5 Sql Plan Directives used for this statement

SQL_ID 0sjx29v99zfqc
--------------------
SELECT INFO_WITH_MEMBER_ID.*,     enrollment.ELNS_INSCPRSRGRP
ipgGroupId,     benefit.BENP_LWSTLVL_PRODCAT productCategoryId,
affMember.USR_FRSTNAM affiliatedMemberFirstName,
affMember.USR_LAS_NAM affiliatedMemberLastName FROM (   SELECT INFO.*,
   CASE     WHEN INFO.memberAffiliationId IS NOT NULL THEN
(INFO.memberAffiliationId)     WHEN INFO.authAffiliationId IS NOT NULL
THEN (SELECT UMBS_MEMB FROM T_UM_BASE WHERE
UMBS_ID=INFO.authAffiliationId)     WHEN
INFO.careManagementAffiliationId IS NOT NULL THEN (SELECT CMBS_MEMB
FROM T_CM_BASEBASE WHERE CMBB_ID=INFO.careManagementAffiliationId)
WHEN INFO.providerAffiliationId IS NOT NULL THEN
(INFO.providerAffiliationId)     ELSE (NULL)     END
affiliatedMemberId   FROM (   SELECT * FROM (     SELECT
T.SETK_ID AS id,         T.SETK_C4C_ID AS c4cId,         T.SETK_UNIVID
AS universalId,         taskType.TSKT_RCPTTYP AS categoryId,
T.SETK_TSK_TYP AS taskTypeId,         taskType.DDLI_LBL AS
taskTypeLabel,         T.SETK_TSK_NAM AS taskName,         T.SETK_SUBJ
AS subject,         T.SETK_CRTD AS createDate,         T.SETK_SENT AS
sentDate,         T.SETK_SRTD AS startedDate,
T.SETK_TSK_TIMG_STRTDT AS startDate,         T.SETK_TSK_TIMG_SCLDAT AS
startDateSeconds,         T.SETK_TSK_TIMG_DDLN_DT AS dueDate,
T.SETK_TSK_TIMG_DDLN_TIM_IN_DY AS dueDateSeconds,         T.SETK_OWNR
AS ownerId,         own.USR_FRSTNAM AS ownerFirstName,
own.USR_LAS_NAM AS ownerLastName,         own.CLASSTYPE AS ownerType,
      T.SETK_OBJ_STT AS status,         T.SETK_AFFN_MEMB AS
memberAffiliationId,         member.USR_C4C_ID AS memberC4cId,
member.USR_FRSTNAM AS memberFirstName,         member.USR_LAS_NAM AS
memberLastName,         T.SETK_AFFN_CM AS careManagementAffiliationId,
       caseOrCm.CMBB_C4C_ID AS caseOrCmC4cId,
T.SETK_AFFN_UM_EVNT AS authAffiliationId,         auth.UMBS_C4C_ID AS
authAffiliationC4cId,         T.SETK_AFFN_PVDR AS
providerAffiliationId,         provider.USR_C4C_ID AS providerC4cId,
     T.SETK_TSK_TIMG_SNLTDT AS startNoLaterThanDate,
T.SETK_CNCLRESN AS cancelReasonId,         T.SETK_ORIGCRTR AS
originalCreatorId,         origCreator.USR_FRSTNAM AS
originalCreatorFirstName,         origCreator.USR_LAS_NAM AS
originalCreatorLastName,         caseOrCm.CLASSTYPE AS
caseOrCmClasstype,         T.SETK_TSK_DSCN AS description,
T.SETK_CMPD AS completedDate,         T.SETK_LAS_ACT_TIM AS
lastActionDate,         mod.USR_FRSTNAM lastModifiedByFirstName,
 mod.USR_LAS_NAM lastModifiedByLastName,         T.SETK_PRVSOWNR AS
previousOwnerId,         prevOwner.USR_FRSTNAM AS
previousOwnerFirstName,         prevOwner.USR_LAS_NAM AS
previousOwnerLastName,         prevOwner.CLASSTYPE AS
previousOwnerType,         CASE             WHEN
T.SETK_TSK_TIMG_DDLN_DT IS NOT NULL THEN (T.SETK_TSK_TIMG_DDLN_DT)
       WHEN T.SETK_TSK_TIMG_STRTDT IS NOT NULL THEN
(T.SETK_TSK_TIMG_STRTDT)             WHEN T.SETK_TSK_TIMG_SNLTDT IS NOT
NULL THEN (T.SETK_TSK_TIMG_SNLTDT)             ELSE (NULL)         END
       filterDate,         sender.USR_FRSTNAM fromUserFirstName,
 sender.USR_LAS_NAM fromUserLastName,         T.SETK_RESCHEDULE_REASON
AS rescheduleReason,         reason.DDLI_LBL AS rescheduleReasonLabel,
       T.SETK_RESCHEDULE_COMMENT AS rescheduleComment       FROM
T_SENTTSK T       LEFT OUTER JOIN T_USR own ON own.USR_ID=T.SETK_OWNR
    LEFT OUTER JOIN T_USR prevOwner ON prevOwner.USR_ID=T.SETK_PRVSOWNR
      LEFT OUTER JOIN T_USR member ON member.USR_ID=T.SETK_AFFN_MEMB
   LEFT OUTER JOIN T_USR origCreator ON
origCreator.USR_ID=T.SETK_ORIGCRTR       LEFT OUTER JOIN T_DDL_ITEM
taskType ON taskType.DDLI_ID=T.SETK_TSK_TYP       LEFT OUTER JOIN
T_DDL_ITEM reason ON reason.DDLI_ID=T.SETK_RESCHEDULE_REASON       LEFT
OUTER JOIN T_CM_BASEBASE caseOrCm ON caseOrCm.CMBB_ID=T.SETK_AFFN_CM
   LEFT OUTER JOIN T_UM_BASE auth ON auth.UMBS_ID=T.SETK_AFFN_UM_EVNT
    LEFT OUTER JOIN T_USR provider

Plan hash value: 2646870572

-----------------------------------------------------------------------------------------------------------------------------------------
| Id  | Operation                                               | Name                          | Rows  | Bytes | Cost (%CPU)| Time     |
-----------------------------------------------------------------------------------------------------------------------------------------
|   0 | SELECT STATEMENT                                        |                               |       |       |  2287K(100)|          |
|   1 |  TABLE ACCESS BY INDEX ROWID                            | T_UM_BASE                     |     1 |    12 |     1   (0)| 00:00:01 |
|   2 |   INDEX UNIQUE SCAN                                     | PK_T_UM_BASE                  |     1 |       |     1   (0)| 00:00:01 |
|   3 |   TABLE ACCESS BY INDEX ROWID                           | T_CM_BASEBASE                 |     1 |    12 |     1   (0)| 00:00:01 |
|   4 |    INDEX UNIQUE SCAN                                    | PK_T_CM_BASEBASE              |     1 |       |     1   (0)| 00:00:01 |
|   5 |  NESTED LOOPS OUTER                                     |                               |   137 |  6277K|  2287K  (1)| 00:01:30 |
|   6 |   NESTED LOOPS OUTER                                    |                               |   137 |  6274K|  2287K  (1)| 00:01:30 |
|   7 |    HASH JOIN RIGHT OUTER                                |                               |   137 |  6273K|  2287K  (1)| 00:01:30 |
|   8 |     VIEW                                                | V_CURR_ENROLLMENT             |     2 |    78 |  2287K  (1)| 00:01:30 |
|   9 |      SORT UNIQUE                                        |                               |     2 |  1092 |  2287K  (1)| 00:01:30 |
|  10 |       UNION-ALL                                         |                               |       |       |            |          |
|  11 |        FILTER                                           |                               |       |       |            |          |
|  12 |         FILTER                                          |                               |       |       |            |          |
|  13 |          TABLE ACCESS STORAGE FULL                      | T_ENNS                        |   249K|    64M|   160K  (1)| 00:00:07 |
|  14 |          FAST DUAL                                      |                               |     1 |       |     2   (0)| 00:00:01 |
|  15 |         SORT GROUP BY NOSORT                            |                               |     1 |    72 |     4   (0)| 00:00:01 |
|  16 |          NESTED LOOPS OUTER                             |                               |     1 |    72 |     4   (0)| 00:00:01 |
|  17 |           NESTED LOOPS                                  |                               |     1 |    50 |     3   (0)| 00:00:01 |
|  18 |            NESTED LOOPS                                 |                               |     1 |    12 |     2   (0)| 00:00:01 |
|  19 |             INDEX UNIQUE SCAN                           | PK_T_USR                      |     1 |     6 |     1   (0)| 00:00:01 |
|  20 |             INDEX RANGE SCAN                            | IX_NVL_USR_MRGEMSTR_USR_ID    |     1 |     6 |     1   (0)| 00:00:01 |
|  21 |            TABLE ACCESS BY INDEX ROWID                  | T_ENNS                        |     1 |    38 |     1   (0)| 00:00:01 |
|  22 |             INDEX RANGE SCAN                            | IX_ELNS_MEMBENLTDTDSNTDTSTTID |     2 |       |     1   (0)| 00:00:01 |
|  23 |           TABLE ACCESS BY INDEX ROWID                   | T_ENNS                        |     1 |    22 |     1   (0)| 00:00:01 |
|  24 |            INDEX RANGE SCAN                             | IX_ELNS_MEMBENLTDTDSNTDTID    |     1 |       |     1   (0)| 00:00:01 |
|  25 |        FILTER                                           |                               |       |       |            |          |
|  26 |         FILTER                                          |                               |       |       |            |          |
|  27 |          TABLE ACCESS STORAGE FULL                      | T_ENNS                        |   249K|    64M|   160K  (1)| 00:00:07 |
|  28 |          FAST DUAL                                      |                               |     1 |       |     2   (0)| 00:00:01 |
|  29 |         SORT GROUP BY NOSORT                            |                               |     1 |    72 |     4   (0)| 00:00:01 |
|  30 |          NESTED LOOPS OUTER                             |                               |     1 |    72 |     4   (0)| 00:00:01 |
|  31 |           NESTED LOOPS                                  |                               |     1 |    50 |     3   (0)| 00:00:01 |
|  32 |            NESTED LOOPS                                 |                               |     1 |    12 |     2   (0)| 00:00:01 |
|  33 |             INDEX UNIQUE SCAN                           | PK_T_USR                      |     1 |     6 |     1   (0)| 00:00:01 |
|  34 |             INDEX RANGE SCAN                            | IX_NVL_USR_MRGEMSTR_USR_ID    |     1 |     6 |     1   (0)| 00:00:01 |
|  35 |            TABLE ACCESS BY INDEX ROWID                  | T_ENNS                        |     1 |    38 |     1   (0)| 00:00:01 |
|  36 |             INDEX RANGE SCAN                            | IX_ELNS_MEMBENLTDTDSNTDTSTTID |     2 |       |     1   (0)| 00:00:01 |
|  37 |           TABLE ACCESS BY INDEX ROWID                   | T_ENNS                        |     1 |    22 |     1   (0)| 00:00:01 |
|  38 |            INDEX RANGE SCAN                             | IX_ELNS_MEMBENLTDTDSNTDTID    |     1 |       |     1   (0)| 00:00:01 |
|  39 |     VIEW                                                |                               |   137 |  6268K|   104   (1)| 00:00:01 |
|  40 |      VIEW                                               |                               |   137 |  6266K|    16   (7)| 00:00:01 |
|  41 |       COUNT STOPKEY                                     |                               |       |       |            |          |
|  42 |        VIEW                                             |                               |   137 |  6266K|    16   (7)| 00:00:01 |
|  43 |         SORT ORDER BY STOPKEY                           |                               |   137 |   104K|    16   (7)| 00:00:01 |
|  44 |          NESTED LOOPS OUTER                             |                               |   137 |   104K|    15   (0)| 00:00:01 |
|  45 |           NESTED LOOPS OUTER                            |                               |   137 |   101K|    14   (0)| 00:00:01 |
|  46 |            NESTED LOOPS OUTER                           |                               |   137 |    98K|    13   (8)| 00:00:01 |
|  47 |             NESTED LOOPS OUTER                          |                               |   137 | 98229 |    12   (9)| 00:00:01 |
|  48 |              NESTED LOOPS OUTER                         |                               |   137 | 95215 |    10   (0)| 00:00:01 |
|  49 |               NESTED LOOPS OUTER                        |                               |   137 | 90420 |     9   (0)| 00:00:01 |
|  50 |                HASH JOIN RIGHT OUTER                    |                               |   137 | 85488 |     8   (0)| 00:00:01 |
|  51 |                 TABLE ACCESS BY INDEX ROWID             | T_USR                         |     1 |    36 |     1   (0)| 00:00:01 |
|  52 |                  INDEX UNIQUE SCAN                      | PK_T_USR                      |     1 |       |     1   (0)| 00:00:01 |
|  53 |                 NESTED LOOPS OUTER                      |                               |   137 | 80556 |     7   (0)| 00:00:01 |
|  54 |                  NESTED LOOPS OUTER                     |                               |   137 | 76720 |     6   (0)| 00:00:01 |
|  55 |                   NESTED LOOPS OUTER                    |                               |   137 | 74254 |     5   (0)| 00:00:01 |
|  56 |                    NESTED LOOPS OUTER                   |                               |   137 | 71240 |     4   (0)| 00:00:01 |
|  57 |                     INLIST ITERATOR                     |                               |       |       |            |          |
|  58 |                      TABLE ACCESS BY INDEX ROWID BATCHED| T_SENTTSK                     |   146 | 72416 |     3   (0)| 00:00:01 |
|  59 |                       INDEX RANGE SCAN                  | IX_SETK_OBJ_STT               |  1889 |       |     1   (0)| 00:00:01 |
|  60 |                     TABLE ACCESS BY INDEX ROWID         | T_DDL_ITEM                    |     1 |    24 |     1   (0)| 00:00:01 |
|  61 |                      INDEX UNIQUE SCAN                  | PK_T_DDL_ITEM                 |     1 |       |     1   (0)| 00:00:01 |
|  62 |                    TABLE ACCESS BY INDEX ROWID          | T_DDL_ITEM                    |     1 |    22 |     1   (0)| 00:00:01 |
|  63 |                     INDEX UNIQUE SCAN                   | PK_T_DDL_ITEM                 |     1 |       |     1   (0)| 00:00:01 |
|  64 |                   TABLE ACCESS BY INDEX ROWID           | T_UM_BASE                     |     1 |    18 |     1   (0)| 00:00:01 |
|  65 |                    INDEX UNIQUE SCAN                    | PK_T_UM_BASE                  |     1 |       |     1   (0)| 00:00:01 |
|  66 |                  TABLE ACCESS BY INDEX ROWID            | T_CM_BASEBASE                 |     1 |    28 |     1   (0)| 00:00:01 |
|  67 |                   INDEX UNIQUE SCAN                     | PK_T_CM_BASEBASE              |     1 |       |     1   (0)| 00:00:01 |
|  68 |                TABLE ACCESS BY INDEX ROWID              | T_USR                         |     1 |    36 |     1   (0)| 00:00:01 |
|  69 |                 INDEX UNIQUE SCAN                       | PK_T_USR                      |     1 |       |     1   (0)| 00:00:01 |
|  70 |               TABLE ACCESS BY INDEX ROWID               | T_USR                         |     1 |    35 |     1   (0)| 00:00:01 |
|  71 |                INDEX UNIQUE SCAN                        | PK_T_USR                      |     1 |       |     1   (0)| 00:00:01 |
|  72 |              TABLE ACCESS BY INDEX ROWID                | T_USR                         |     1 |    22 |     1   (0)| 00:00:01 |
|  73 |               INDEX UNIQUE SCAN                         | PK_T_USR                      |     1 |       |     1   (0)| 00:00:01 |
|  74 |             TABLE ACCESS BY INDEX ROWID                 | T_USR                         |     1 |    19 |     1   (0)| 00:00:01 |
|  75 |              INDEX UNIQUE SCAN                          | PK_T_USR                      |     1 |       |     1   (0)| 00:00:01 |
|  76 |            TABLE ACCESS BY INDEX ROWID                  | T_USR                         |     1 |    22 |     1   (0)| 00:00:01 |
|  77 |             INDEX UNIQUE SCAN                           | PK_T_USR                      |     1 |       |     1   (0)| 00:00:01 |
|  78 |           TABLE ACCESS BY INDEX ROWID                   | T_USR                         |     1 |    22 |     1   (0)| 00:00:01 |
|  79 |            INDEX UNIQUE SCAN                            | PK_T_USR                      |     1 |       |     1   (0)| 00:00:01 |
|  80 |    TABLE ACCESS BY INDEX ROWID                          | T_BENSPKG                     |     1 |    12 |     1   (0)| 00:00:01 |
|  81 |     INDEX UNIQUE SCAN                                   | PK_T_BENSPKG                  |     1 |       |     1   (0)| 00:00:01 |
|  82 |   TABLE ACCESS BY INDEX ROWID                           | T_USR                         |     1 |    22 |     1   (0)| 00:00:01 |
|  83 |    INDEX UNIQUE SCAN                                    | PK_T_USR                      |     1 |       |     1   (0)| 00:00:01 |
-----------------------------------------------------------------------------------------------------------------------------------------

Query Block Name / Object Alias (identified by operation id):
-------------------------------------------------------------

   1 - SEL$4        / T_UM_BASE@SEL$4
   2 - SEL$4        / T_UM_BASE@SEL$4
   3 - SEL$5        / T_CM_BASEBASE@SEL$5
   4 - SEL$5        / T_CM_BASEBASE@SEL$5
   5 - SEL$0C04A374
   8 - SET$1        / ENROLLMENT@SEL$30
   9 - SET$1
  11 - SEL$35
  13 - SEL$35       / T_SRC_ENNS@SEL$35
  14 - SEL$40       / DUAL@SEL$40
  15 - SEL$5F185B4C
  19 - SEL$5F185B4C / T_ENNS_MASTERUSER@SEL$31
  20 - SEL$5F185B4C / T_ENNS_SLAVEUSER@SEL$31
  21 - SEL$5F185B4C / T_CURR_ENNS@SEL$32
  22 - SEL$5F185B4C / T_CURR_ENNS@SEL$32
  23 - SEL$5F185B4C / T_MAX_DISENROLLMENT_ENROLLMENT@SEL$33
  24 - SEL$5F185B4C / T_MAX_DISENROLLMENT_ENROLLMENT@SEL$33
  25 - SEL$42
  27 - SEL$42       / T_SRC_ENNS@SEL$42
  28 - SEL$43       / DUAL@SEL$43
  29 - SEL$CDBEA42D
  33 - SEL$CDBEA42D / T_ENNS_MASTERUSER@SEL$36
  34 - SEL$CDBEA42D / T_ENNS_SLAVEUSER@SEL$36
  35 - SEL$CDBEA42D / T_CURR_ENNS@SEL$37
  36 - SEL$CDBEA42D / T_CURR_ENNS@SEL$37
  37 - SEL$CDBEA42D / T_MAX_DISENROLLMENT_ENROLLMENT@SEL$38
  38 - SEL$CDBEA42D / T_MAX_DISENROLLMENT_ENROLLMENT@SEL$38
  39 - SEL$3        / INFO_WITH_MEMBER_ID@SEL$2
  40 - SEL$6        / INFO@SEL$3
  41 - SEL$6
  42 - SEL$2D594895 / from$_subquery$_005@SEL$6
  43 - SEL$2D594895
  51 - SEL$2D594895 / OWN@SEL$7
  52 - SEL$2D594895 / OWN@SEL$7
  58 - SEL$2D594895 / T@SEL$8
  59 - SEL$2D594895 / T@SEL$8
  60 - SEL$2D594895 / TASKTYPE@SEL$15
  61 - SEL$2D594895 / TASKTYPE@SEL$15
  62 - SEL$2D594895 / REASON@SEL$17
  63 - SEL$2D594895 / REASON@SEL$17
  64 - SEL$2D594895 / AUTH@SEL$21
  65 - SEL$2D594895 / AUTH@SEL$21
  66 - SEL$2D594895 / CASEORCM@SEL$19
  67 - SEL$2D594895 / CASEORCM@SEL$19
  68 - SEL$2D594895 / PREVOWNER@SEL$9
  69 - SEL$2D594895 / PREVOWNER@SEL$9
  70 - SEL$2D594895 / MEMBER@SEL$11
  71 - SEL$2D594895 / MEMBER@SEL$11
  72 - SEL$2D594895 / ORIGCREATOR@SEL$13
  73 - SEL$2D594895 / ORIGCREATOR@SEL$13
  74 - SEL$2D594895 / PROVIDER@SEL$23
  75 - SEL$2D594895 / PROVIDER@SEL$23
  76 - SEL$2D594895 / MOD@SEL$25
  77 - SEL$2D594895 / MOD@SEL$25
  78 - SEL$2D594895 / SENDER@SEL$27
  79 - SEL$2D594895 / SENDER@SEL$27
  80 - SEL$0C04A374 / BENEFIT@SEL$46
  81 - SEL$0C04A374 / BENEFIT@SEL$46
  82 - SEL$0C04A374 / AFFMEMBER@SEL$1
  83 - SEL$0C04A374 / AFFMEMBER@SEL$1

Outline Data
-------------

  /*+
      BEGIN_OUTLINE_DATA
      IGNORE_OPTIM_EMBEDDED_HINTS
      OPTIMIZER_FEATURES_ENABLE('12.1.0.2')
      DB_VERSION('12.1.0.2')
      OPT_PARAM('optimizer_index_cost_adj' 1)
      OPT_PARAM('optimizer_index_caching' 90)
      ALL_ROWS
      OUTLINE_LEAF(@"SEL$4")
      OUTLINE_LEAF(@"SEL$5")
      OUTLINE_LEAF(@"SEL$2D594895")
      MERGE(@"SEL$2DE0C8FF")
      OUTLINE_LEAF(@"SEL$6")
      OUTLINE_LEAF(@"SEL$3")
      OUTLINE_LEAF(@"SEL$40")
      OUTLINE_LEAF(@"SEL$5F185B4C")
      MERGE(@"SEL$6B15F4E0")
      OUTLINE_LEAF(@"SEL$35")
      OUTLINE_LEAF(@"SEL$43")
      OUTLINE_LEAF(@"SEL$CDBEA42D")
      MERGE(@"SEL$57BA8109")
      OUTLINE_LEAF(@"SEL$42")
      OUTLINE_LEAF(@"SET$1")
      OUTLINE_LEAF(@"SEL$0C04A374")
      MERGE(@"SEL$BC270230")
      OUTLINE(@"SEL$29")
      OUTLINE(@"SEL$2DE0C8FF")
      MERGE(@"SEL$27")
      MERGE(@"SEL$3B95C159")
      OUTLINE(@"SEL$41")
      OUTLINE(@"SEL$6B15F4E0")
      MERGE(@"SEL$78FE80F3")
      OUTLINE(@"SEL$44")
      OUTLINE(@"SEL$57BA8109")
      MERGE(@"SEL$516D3A01")
      OUTLINE(@"SEL$48")
      OUTLINE(@"SEL$BC270230")
      MERGE(@"SEL$409758B4")
      MERGE(@"SEL$46")
      OUTLINE(@"SEL$28")
      OUTLINE(@"SEL$27")
      OUTLINE(@"SEL$3B95C159")
      MERGE(@"SEL$25")
      MERGE(@"SEL$6D003707")
      OUTLINE(@"SEL$D570F096")
      MERGE(@"SEL$33")
      OUTLINE(@"SEL$78FE80F3")
      MERGE(@"SEL$31")
      OUTLINE(@"SEL$067B9A3E")
      MERGE(@"SEL$38")
      OUTLINE(@"SEL$516D3A01")
      MERGE(@"SEL$36")
      OUTLINE(@"SEL$47")
      OUTLINE(@"SEL$409758B4")
      MERGE(@"SEL$30")
      MERGE(@"SEL$58A6D7F6")
      OUTLINE(@"SEL$46")
      OUTLINE(@"SEL$26")
      OUTLINE(@"SEL$25")
      OUTLINE(@"SEL$6D003707")
      MERGE(@"SEL$23")
      MERGE(@"SEL$23FAB6D1")
      OUTLINE(@"SEL$34")
      OUTLINE(@"SEL$33")
      OUTLINE(@"SEL$32")
      OUTLINE(@"SEL$31")
      OUTLINE(@"SEL$39")
      OUTLINE(@"SEL$38")
      OUTLINE(@"SEL$37")
      OUTLINE(@"SEL$36")
      OUTLINE(@"SEL$45")
      OUTLINE(@"SEL$30")
      OUTLINE(@"SEL$58A6D7F6")
      MERGE(@"SEL$1")
      OUTLINE(@"SEL$24")
      OUTLINE(@"SEL$23")
      OUTLINE(@"SEL$23FAB6D1")
      MERGE(@"SEL$21")
      MERGE(@"SEL$97A30ECD")
      OUTLINE(@"SEL$2")
      OUTLINE(@"SEL$1")
      OUTLINE(@"SEL$22")
      OUTLINE(@"SEL$21")
      OUTLINE(@"SEL$97A30ECD")
      MERGE(@"SEL$19")
      MERGE(@"SEL$CF22A5CA")
      OUTLINE(@"SEL$20")
      OUTLINE(@"SEL$19")
      OUTLINE(@"SEL$CF22A5CA")
      MERGE(@"SEL$17")
      MERGE(@"SEL$FF97D7FC")
      OUTLINE(@"SEL$18")
      OUTLINE(@"SEL$17")
      OUTLINE(@"SEL$FF97D7FC")
      MERGE(@"SEL$15")
      MERGE(@"SEL$DE5D921C")
      OUTLINE(@"SEL$16")
      OUTLINE(@"SEL$15")
      OUTLINE(@"SEL$DE5D921C")
      MERGE(@"SEL$01DD7F33")
      MERGE(@"SEL$13")
      OUTLINE(@"SEL$14")
      OUTLINE(@"SEL$01DD7F33")
      MERGE(@"SEL$11")
      MERGE(@"SEL$BDFBA881")
      OUTLINE(@"SEL$13")
      OUTLINE(@"SEL$12")
      OUTLINE(@"SEL$11")
      OUTLINE(@"SEL$BDFBA881")
      MERGE(@"SEL$9")
      MERGE(@"SEL$FC56C448")
      OUTLINE(@"SEL$10")
      OUTLINE(@"SEL$9")
      OUTLINE(@"SEL$FC56C448")
      MERGE(@"SEL$7")
      OUTLINE(@"SEL$8")
      OUTLINE(@"SEL$7")
      NO_ACCESS(@"SEL$0C04A374" "INFO_WITH_MEMBER_ID"@"SEL$2")
      NO_ACCESS(@"SEL$0C04A374" "ENROLLMENT"@"SEL$30")
      INDEX_RS_ASC(@"SEL$0C04A374" "BENEFIT"@"SEL$46" ("T_BENSPKG"."BENP_ID"))
      INDEX_RS_ASC(@"SEL$0C04A374" "AFFMEMBER"@"SEL$1" ("T_USR"."USR_ID"))
      LEADING(@"SEL$0C04A374" "INFO_WITH_MEMBER_ID"@"SEL$2" "ENROLLMENT"@"SEL$30" "BENEFIT"@"SEL$46" "AFFMEMBER"@"SEL$1")
      USE_HASH(@"SEL$0C04A374" "ENROLLMENT"@"SEL$30")
      USE_NL(@"SEL$0C04A374" "BENEFIT"@"SEL$46")
      USE_NL(@"SEL$0C04A374" "AFFMEMBER"@"SEL$1")
      SWAP_JOIN_INPUTS(@"SEL$0C04A374" "ENROLLMENT"@"SEL$30")
      NO_ACCESS(@"SEL$3" "INFO"@"SEL$3")
      FULL(@"SEL$42" "T_SRC_ENNS"@"SEL$42")
      PQ_FILTER(@"SEL$42" SERIAL)
      FULL(@"SEL$35" "T_SRC_ENNS"@"SEL$35")
      PQ_FILTER(@"SEL$35" SERIAL)
      INDEX(@"SEL$5F185B4C" "T_ENNS_MASTERUSER"@"SEL$31" ("T_USR"."USR_ID"))
      INDEX(@"SEL$5F185B4C" "T_ENNS_SLAVEUSER"@"SEL$31" "IX_NVL_USR_MRGEMSTR_USR_ID")
      INDEX_RS_ASC(@"SEL$5F185B4C" "T_CURR_ENNS"@"SEL$32" "IX_ELNS_MEMBENLTDTDSNTDTSTTID")
      INDEX_RS_ASC(@"SEL$5F185B4C" "T_MAX_DISENROLLMENT_ENROLLMENT"@"SEL$33" ("T_ENNS"."ELNS_MEMB" "T_ENNS"."ELNS_ENLTDT"
              "T_ENNS"."ELNS_DSNTDT" "T_ENNS"."ELNS_ID"))
      LEADING(@"SEL$5F185B4C" "T_ENNS_MASTERUSER"@"SEL$31" "T_ENNS_SLAVEUSER"@"SEL$31" "T_CURR_ENNS"@"SEL$32"
              "T_MAX_DISENROLLMENT_ENROLLMENT"@"SEL$33")
      USE_NL(@"SEL$5F185B4C" "T_ENNS_SLAVEUSER"@"SEL$31")
      USE_NL(@"SEL$5F185B4C" "T_CURR_ENNS"@"SEL$32")
      USE_NL(@"SEL$5F185B4C" "T_MAX_DISENROLLMENT_ENROLLMENT"@"SEL$33")
      INDEX(@"SEL$CDBEA42D" "T_ENNS_MASTERUSER"@"SEL$36" ("T_USR"."USR_ID"))
      INDEX(@"SEL$CDBEA42D" "T_ENNS_SLAVEUSER"@"SEL$36" "IX_NVL_USR_MRGEMSTR_USR_ID")
      INDEX_RS_ASC(@"SEL$CDBEA42D" "T_CURR_ENNS"@"SEL$37" "IX_ELNS_MEMBENLTDTDSNTDTSTTID")
      INDEX_RS_ASC(@"SEL$CDBEA42D" "T_MAX_DISENROLLMENT_ENROLLMENT"@"SEL$38" ("T_ENNS"."ELNS_MEMB" "T_ENNS"."ELNS_ENLTDT"
              "T_ENNS"."ELNS_DSNTDT" "T_ENNS"."ELNS_ID"))
      LEADING(@"SEL$CDBEA42D" "T_ENNS_MASTERUSER"@"SEL$36" "T_ENNS_SLAVEUSER"@"SEL$36" "T_CURR_ENNS"@"SEL$37"
              "T_MAX_DISENROLLMENT_ENROLLMENT"@"SEL$38")
      USE_NL(@"SEL$CDBEA42D" "T_ENNS_SLAVEUSER"@"SEL$36")
      USE_NL(@"SEL$CDBEA42D" "T_CURR_ENNS"@"SEL$37")
      USE_NL(@"SEL$CDBEA42D" "T_MAX_DISENROLLMENT_ENROLLMENT"@"SEL$38")
      NO_ACCESS(@"SEL$6" "from$_subquery$_005"@"SEL$6")
      INDEX_RS_ASC(@"SEL$2D594895" "T"@"SEL$8" ("T_SENTTSK"."SETK_OBJ_STT"))
      BATCH_TABLE_ACCESS_BY_ROWID(@"SEL$2D594895" "T"@"SEL$8")
      INDEX_RS_ASC(@"SEL$2D594895" "TASKTYPE"@"SEL$15" ("T_DDL_ITEM"."DDLI_ID"))
      INDEX_RS_ASC(@"SEL$2D594895" "REASON"@"SEL$17" ("T_DDL_ITEM"."DDLI_ID"))
      INDEX_RS_ASC(@"SEL$2D594895" "AUTH"@"SEL$21" ("T_UM_BASE"."UMBS_ID"))
      INDEX_RS_ASC(@"SEL$2D594895" "CASEORCM"@"SEL$19" ("T_CM_BASEBASE"."CMBB_ID"))
      INDEX_RS_ASC(@"SEL$2D594895" "OWN"@"SEL$7" ("T_USR"."USR_ID"))
      INDEX_RS_ASC(@"SEL$2D594895" "PREVOWNER"@"SEL$9" ("T_USR"."USR_ID"))
      INDEX_RS_ASC(@"SEL$2D594895" "MEMBER"@"SEL$11" ("T_USR"."USR_ID"))
      INDEX_RS_ASC(@"SEL$2D594895" "ORIGCREATOR"@"SEL$13" ("T_USR"."USR_ID"))
      INDEX_RS_ASC(@"SEL$2D594895" "PROVIDER"@"SEL$23" ("T_USR"."USR_ID"))
      INDEX_RS_ASC(@"SEL$2D594895" "MOD"@"SEL$25" ("T_USR"."USR_ID"))
      INDEX_RS_ASC(@"SEL$2D594895" "SENDER"@"SEL$27" ("T_USR"."USR_ID"))
      LEADING(@"SEL$2D594895" "T"@"SEL$8" "TASKTYPE"@"SEL$15" "REASON"@"SEL$17" "AUTH"@"SEL$21" "CASEORCM"@"SEL$19" "OWN"@"SEL$7"
              "PREVOWNER"@"SEL$9" "MEMBER"@"SEL$11" "ORIGCREATOR"@"SEL$13" "PROVIDER"@"SEL$23" "MOD"@"SEL$25" "SENDER"@"SEL$27")
      USE_NL(@"SEL$2D594895" "TASKTYPE"@"SEL$15")
      USE_NL(@"SEL$2D594895" "REASON"@"SEL$17")
      USE_NL(@"SEL$2D594895" "AUTH"@"SEL$21")
      USE_NL(@"SEL$2D594895" "CASEORCM"@"SEL$19")
      USE_HASH(@"SEL$2D594895" "OWN"@"SEL$7")
      USE_NL(@"SEL$2D594895" "PREVOWNER"@"SEL$9")
      USE_NL(@"SEL$2D594895" "MEMBER"@"SEL$11")
      USE_NL(@"SEL$2D594895" "ORIGCREATOR"@"SEL$13")
      USE_NL(@"SEL$2D594895" "PROVIDER"@"SEL$23")
      USE_NL(@"SEL$2D594895" "MOD"@"SEL$25")
      USE_NL(@"SEL$2D594895" "SENDER"@"SEL$27")
      SWAP_JOIN_INPUTS(@"SEL$2D594895" "OWN"@"SEL$7")
      INDEX_RS_ASC(@"SEL$5" "T_CM_BASEBASE"@"SEL$5" ("T_CM_BASEBASE"."CMBB_ID"))
      INDEX_RS_ASC(@"SEL$4" "T_UM_BASE"@"SEL$4" ("T_UM_BASE"."UMBS_ID"))
      END_OUTLINE_DATA
  */

Peeked Binds (identified by position):
--------------------------------------

   1 - :SYS_B_0 (NUMBER): 2
   2 - :1 (NUMBER): 11640563
   3 - :2 (NUMBER): 1
   4 - :3 (NUMBER): 3
   5 - :4 (NUMBER): 905
   6 - :5 (NUMBER): 906
   7 - :6 (NUMBER): 907
   8 - :7 (NUMBER): 908
   9 - :8 (NUMBER): 911
  10 - :9 (NUMBER): 912
  11 - :10 (NUMBER): 913
  12 - :SYS_B_1 (NUMBER): 500
  13 - :SYS_B_2 (VARCHAR2(30), CSID=178): '2020.11.19'
  14 - :SYS_B_3 (VARCHAR2(30), CSID=178): 'yyyy.MM.dd'

Note
-----
   - dynamic statistics used: dynamic sampling (level=2)
   - 5 Sql Plan Directives used for this statement

SQL_ID 0sjx29v99zfqc
--------------------
SELECT INFO_WITH_MEMBER_ID.*,     enrollment.ELNS_INSCPRSRGRP
ipgGroupId,     benefit.BENP_LWSTLVL_PRODCAT productCategoryId,
affMember.USR_FRSTNAM affiliatedMemberFirstName,
affMember.USR_LAS_NAM affiliatedMemberLastName FROM (   SELECT INFO.*,
   CASE     WHEN INFO.memberAffiliationId IS NOT NULL THEN
(INFO.memberAffiliationId)     WHEN INFO.authAffiliationId IS NOT NULL
THEN (SELECT UMBS_MEMB FROM T_UM_BASE WHERE
UMBS_ID=INFO.authAffiliationId)     WHEN
INFO.careManagementAffiliationId IS NOT NULL THEN (SELECT CMBS_MEMB
FROM T_CM_BASEBASE WHERE CMBB_ID=INFO.careManagementAffiliationId)
WHEN INFO.providerAffiliationId IS NOT NULL THEN
(INFO.providerAffiliationId)     ELSE (NULL)     END
affiliatedMemberId   FROM (   SELECT * FROM (     SELECT
T.SETK_ID AS id,         T.SETK_C4C_ID AS c4cId,         T.SETK_UNIVID
AS universalId,         taskType.TSKT_RCPTTYP AS categoryId,
T.SETK_TSK_TYP AS taskTypeId,         taskType.DDLI_LBL AS
taskTypeLabel,         T.SETK_TSK_NAM AS taskName,         T.SETK_SUBJ
AS subject,         T.SETK_CRTD AS createDate,         T.SETK_SENT AS
sentDate,         T.SETK_SRTD AS startedDate,
T.SETK_TSK_TIMG_STRTDT AS startDate,         T.SETK_TSK_TIMG_SCLDAT AS
startDateSeconds,         T.SETK_TSK_TIMG_DDLN_DT AS dueDate,
T.SETK_TSK_TIMG_DDLN_TIM_IN_DY AS dueDateSeconds,         T.SETK_OWNR
AS ownerId,         own.USR_FRSTNAM AS ownerFirstName,
own.USR_LAS_NAM AS ownerLastName,         own.CLASSTYPE AS ownerType,
      T.SETK_OBJ_STT AS status,         T.SETK_AFFN_MEMB AS
memberAffiliationId,         member.USR_C4C_ID AS memberC4cId,
member.USR_FRSTNAM AS memberFirstName,         member.USR_LAS_NAM AS
memberLastName,         T.SETK_AFFN_CM AS careManagementAffiliationId,
       caseOrCm.CMBB_C4C_ID AS caseOrCmC4cId,
T.SETK_AFFN_UM_EVNT AS authAffiliationId,         auth.UMBS_C4C_ID AS
authAffiliationC4cId,         T.SETK_AFFN_PVDR AS
providerAffiliationId,         provider.USR_C4C_ID AS providerC4cId,
     T.SETK_TSK_TIMG_SNLTDT AS startNoLaterThanDate,
T.SETK_CNCLRESN AS cancelReasonId,         T.SETK_ORIGCRTR AS
originalCreatorId,         origCreator.USR_FRSTNAM AS
originalCreatorFirstName,         origCreator.USR_LAS_NAM AS
originalCreatorLastName,         caseOrCm.CLASSTYPE AS
caseOrCmClasstype,         T.SETK_TSK_DSCN AS description,
T.SETK_CMPD AS completedDate,         T.SETK_LAS_ACT_TIM AS
lastActionDate,         mod.USR_FRSTNAM lastModifiedByFirstName,
 mod.USR_LAS_NAM lastModifiedByLastName,         T.SETK_PRVSOWNR AS
previousOwnerId,         prevOwner.USR_FRSTNAM AS
previousOwnerFirstName,         prevOwner.USR_LAS_NAM AS
previousOwnerLastName,         prevOwner.CLASSTYPE AS
previousOwnerType,         CASE             WHEN
T.SETK_TSK_TIMG_DDLN_DT IS NOT NULL THEN (T.SETK_TSK_TIMG_DDLN_DT)
       WHEN T.SETK_TSK_TIMG_STRTDT IS NOT NULL THEN
(T.SETK_TSK_TIMG_STRTDT)             WHEN T.SETK_TSK_TIMG_SNLTDT IS NOT
NULL THEN (T.SETK_TSK_TIMG_SNLTDT)             ELSE (NULL)         END
       filterDate,         sender.USR_FRSTNAM fromUserFirstName,
 sender.USR_LAS_NAM fromUserLastName,         T.SETK_RESCHEDULE_REASON
AS rescheduleReason,         reason.DDLI_LBL AS rescheduleReasonLabel,
       T.SETK_RESCHEDULE_COMMENT AS rescheduleComment       FROM
T_SENTTSK T       LEFT OUTER JOIN T_USR own ON own.USR_ID=T.SETK_OWNR
    LEFT OUTER JOIN T_USR prevOwner ON prevOwner.USR_ID=T.SETK_PRVSOWNR
      LEFT OUTER JOIN T_USR member ON member.USR_ID=T.SETK_AFFN_MEMB
   LEFT OUTER JOIN T_USR origCreator ON
origCreator.USR_ID=T.SETK_ORIGCRTR       LEFT OUTER JOIN T_DDL_ITEM
taskType ON taskType.DDLI_ID=T.SETK_TSK_TYP       LEFT OUTER JOIN
T_DDL_ITEM reason ON reason.DDLI_ID=T.SETK_RESCHEDULE_REASON       LEFT
OUTER JOIN T_CM_BASEBASE caseOrCm ON caseOrCm.CMBB_ID=T.SETK_AFFN_CM
   LEFT OUTER JOIN T_UM_BASE auth ON auth.UMBS_ID=T.SETK_AFFN_UM_EVNT
    LEFT OUTER JOIN T_USR provider

Plan hash value: 2788351063

---------------------------------------------------------------------------------------------------------------------------------
| Id  | Operation                                       | Name                          | Rows  | Bytes | Cost (%CPU)| Time     |
---------------------------------------------------------------------------------------------------------------------------------
|   0 | SELECT STATEMENT                                |                               |       |       |  2259K(100)|          |
|   1 |  TABLE ACCESS BY INDEX ROWID                    | T_UM_BASE                     |     1 |    12 |     1   (0)| 00:00:01 |
|   2 |   INDEX UNIQUE SCAN                             | PK_T_UM_BASE                  |     1 |       |     1   (0)| 00:00:01 |
|   3 |   TABLE ACCESS BY INDEX ROWID                   | T_CM_BASEBASE                 |     1 |    12 |     1   (0)| 00:00:01 |
|   4 |    INDEX UNIQUE SCAN                            | PK_T_CM_BASEBASE              |     1 |       |     1   (0)| 00:00:01 |
|   5 |  NESTED LOOPS OUTER                             |                               |    55 |  2520K|  2259K  (1)| 00:01:29 |
|   6 |   HASH JOIN RIGHT OUTER                         |                               |    46 |  2107K|  2259K  (1)| 00:01:29 |
|   7 |    VIEW                                         | V_CURR_ENROLLMENT             |     2 |    78 |  2259K  (1)| 00:01:29 |
|   8 |     SORT UNIQUE                                 |                               |     2 |  1092 |  2259K  (1)| 00:01:29 |
|   9 |      UNION-ALL                                  |                               |       |       |            |          |
|  10 |       FILTER                                    |                               |       |       |            |          |
|  11 |        FILTER                                   |                               |       |       |            |          |
|  12 |         TABLE ACCESS STORAGE FULL               | T_ENNS                        |   245K|    64M|   160K  (1)| 00:00:07 |
|  13 |         FAST DUAL                               |                               |     1 |       |     2   (0)| 00:00:01 |
|  14 |        SORT GROUP BY NOSORT                     |                               |     1 |    72 |     4   (0)| 00:00:01 |
|  15 |         NESTED LOOPS OUTER                      |                               |     1 |    72 |     4   (0)| 00:00:01 |
|  16 |          NESTED LOOPS                           |                               |     1 |    50 |     3   (0)| 00:00:01 |
|  17 |           NESTED LOOPS                          |                               |     1 |    12 |     2   (0)| 00:00:01 |
|  18 |            INDEX UNIQUE SCAN                    | PK_T_USR                      |     1 |     6 |     1   (0)| 00:00:01 |
|  19 |            INDEX RANGE SCAN                     | IX_NVL_USR_MRGEMSTR_USR_ID    |     1 |     6 |     1   (0)| 00:00:01 |
|  20 |           TABLE ACCESS BY INDEX ROWID           | T_ENNS                        |     1 |    38 |     1   (0)| 00:00:01 |
|  21 |            INDEX RANGE SCAN                     | IX_ELNS_MEMBENLTDTDSNTDTSTTID |     2 |       |     1   (0)| 00:00:01 |
|  22 |          TABLE ACCESS BY INDEX ROWID            | T_ENNS                        |     1 |    22 |     1   (0)| 00:00:01 |
|  23 |           INDEX RANGE SCAN                      | IX_ELNS_MEMBENLTDTDSNTDTID    |     1 |       |     1   (0)| 00:00:01 |
|  24 |       FILTER                                    |                               |       |       |            |          |
|  25 |        FILTER                                   |                               |       |       |            |          |
|  26 |         TABLE ACCESS STORAGE FULL               | T_ENNS                        |   245K|    64M|   160K  (1)| 00:00:07 |
|  27 |         FAST DUAL                               |                               |     1 |       |     2   (0)| 00:00:01 |
|  28 |        SORT GROUP BY NOSORT                     |                               |     1 |    72 |     4   (0)| 00:00:01 |
|  29 |         NESTED LOOPS OUTER                      |                               |     1 |    72 |     4   (0)| 00:00:01 |
|  30 |          NESTED LOOPS                           |                               |     1 |    50 |     3   (0)| 00:00:01 |
|  31 |           NESTED LOOPS                          |                               |     1 |    12 |     2   (0)| 00:00:01 |
|  32 |            INDEX UNIQUE SCAN                    | PK_T_USR                      |     1 |     6 |     1   (0)| 00:00:01 |
|  33 |            INDEX RANGE SCAN                     | IX_NVL_USR_MRGEMSTR_USR_ID    |     1 |     6 |     1   (0)| 00:00:01 |
|  34 |           TABLE ACCESS BY INDEX ROWID           | T_ENNS                        |     1 |    38 |     1   (0)| 00:00:01 |
|  35 |            INDEX RANGE SCAN                     | IX_ELNS_MEMBENLTDTDSNTDTSTTID |     2 |       |     1   (0)| 00:00:01 |
|  36 |          TABLE ACCESS BY INDEX ROWID            | T_ENNS                        |     1 |    22 |     1   (0)| 00:00:01 |
|  37 |           INDEX RANGE SCAN                      | IX_ELNS_MEMBENLTDTDSNTDTID    |     1 |       |     1   (0)| 00:00:01 |
|  38 |    NESTED LOOPS OUTER                           |                               |    46 |  2105K|    58   (2)| 00:00:01 |
|  39 |     VIEW                                        |                               |    46 |  2104K|    57   (2)| 00:00:01 |
|  40 |      VIEW                                       |                               |    46 |  2104K|    14   (8)| 00:00:01 |
|  41 |       COUNT STOPKEY                             |                               |       |       |            |          |
|  42 |        VIEW                                     |                               |    46 |  2104K|    14   (8)| 00:00:01 |
|  43 |         SORT ORDER BY STOPKEY                   |                               |    46 | 35880 |    14   (8)| 00:00:01 |
|  44 |          NESTED LOOPS OUTER                     |                               |    46 | 35880 |    13   (0)| 00:00:01 |
|  45 |           NESTED LOOPS OUTER                    |                               |    46 | 34868 |    12   (0)| 00:00:01 |
|  46 |            NESTED LOOPS OUTER                   |                               |    46 | 33856 |    11   (0)| 00:00:01 |
|  47 |             NESTED LOOPS OUTER                  |                               |    46 | 32844 |    10   (0)| 00:00:01 |
|  48 |              NESTED LOOPS OUTER                 |                               |    46 | 31188 |     9   (0)| 00:00:01 |
|  49 |               NESTED LOOPS OUTER                |                               |    46 | 29578 |     8   (0)| 00:00:01 |
|  50 |                MERGE JOIN OUTER                 |                               |    46 | 28704 |     7   (0)| 00:00:01 |
|  51 |                 NESTED LOOPS OUTER              |                               |    46 | 27048 |     6   (0)| 00:00:01 |
|  52 |                  NESTED LOOPS OUTER             |                               |    46 | 25760 |     5   (0)| 00:00:01 |
|  53 |                   NESTED LOOPS OUTER            |                               |    46 | 24932 |     4   (0)| 00:00:01 |
|  54 |                    NESTED LOOPS OUTER           |                               |    46 | 23828 |     3   (0)| 00:00:01 |
|  55 |                     INLIST ITERATOR             |                               |       |       |            |          |
|  56 |                      TABLE ACCESS BY INDEX ROWID| T_SENTTSK                     |    73 | 36208 |     2   (0)| 00:00:01 |
|  57 |                       INDEX RANGE SCAN          | IX_SETK_OBJ_STT               |  1719 |       |     1   (0)| 00:00:01 |
|  58 |                     TABLE ACCESS BY INDEX ROWID | T_DDL_ITEM                    |     1 |    22 |     1   (0)| 00:00:01 |
|  59 |                      INDEX UNIQUE SCAN          | PK_T_DDL_ITEM                 |     1 |       |     1   (0)| 00:00:01 |
|  60 |                    TABLE ACCESS BY INDEX ROWID  | T_DDL_ITEM                    |     1 |    24 |     1   (0)| 00:00:01 |
|  61 |                     INDEX UNIQUE SCAN           | PK_T_DDL_ITEM                 |     1 |       |     1   (0)| 00:00:01 |
|  62 |                   TABLE ACCESS BY INDEX ROWID   | T_UM_BASE                     |     1 |    18 |     1   (0)| 00:00:01 |
|  63 |                    INDEX UNIQUE SCAN            | PK_T_UM_BASE                  |     1 |       |     1   (0)| 00:00:01 |
|  64 |                  TABLE ACCESS BY INDEX ROWID    | T_CM_BASEBASE                 |     1 |    28 |     1   (0)| 00:00:01 |
|  65 |                   INDEX UNIQUE SCAN             | PK_T_CM_BASEBASE              |     1 |       |     1   (0)| 00:00:01 |
|  66 |                 BUFFER SORT                     |                               |     1 |    36 |     6   (0)| 00:00:01 |
|  67 |                  TABLE ACCESS BY INDEX ROWID    | T_USR                         |     1 |    36 |     1   (0)| 00:00:01 |
|  68 |                   INDEX UNIQUE SCAN             | PK_T_USR                      |     1 |       |     1   (0)| 00:00:01 |
|  69 |                TABLE ACCESS BY INDEX ROWID      | T_USR                         |     1 |    19 |     1   (0)| 00:00:01 |
|  70 |                 INDEX UNIQUE SCAN               | PK_T_USR                      |     1 |       |     1   (0)| 00:00:01 |
|  71 |               TABLE ACCESS BY INDEX ROWID       | T_USR                         |     1 |    35 |     1   (0)| 00:00:01 |
|  72 |                INDEX UNIQUE SCAN                | PK_T_USR                      |     1 |       |     1   (0)| 00:00:01 |
|  73 |              TABLE ACCESS BY INDEX ROWID        | T_USR                         |     1 |    36 |     1   (0)| 00:00:01 |
|  74 |               INDEX UNIQUE SCAN                 | PK_T_USR                      |     1 |       |     1   (0)| 00:00:01 |
|  75 |             TABLE ACCESS BY INDEX ROWID         | T_USR                         |     1 |    22 |     1   (0)| 00:00:01 |
|  76 |              INDEX UNIQUE SCAN                  | PK_T_USR                      |     1 |       |     1   (0)| 00:00:01 |
|  77 |            TABLE ACCESS BY INDEX ROWID          | T_USR                         |     1 |    22 |     1   (0)| 00:00:01 |
|  78 |             INDEX UNIQUE SCAN                   | PK_T_USR                      |     1 |       |     1   (0)| 00:00:01 |
|  79 |           TABLE ACCESS BY INDEX ROWID           | T_USR                         |     1 |    22 |     1   (0)| 00:00:01 |
|  80 |            INDEX UNIQUE SCAN                    | PK_T_USR                      |     1 |       |     1   (0)| 00:00:01 |
|  81 |     TABLE ACCESS BY INDEX ROWID                 | T_USR                         |     1 |    22 |     1   (0)| 00:00:01 |
|  82 |      INDEX UNIQUE SCAN                          | PK_T_USR                      |     1 |       |     1   (0)| 00:00:01 |
|  83 |   TABLE ACCESS BY INDEX ROWID                   | T_BENSPKG                     |     1 |    12 |     1   (0)| 00:00:01 |
|  84 |    INDEX UNIQUE SCAN                            | PK_T_BENSPKG                  |     1 |       |     1   (0)| 00:00:01 |
---------------------------------------------------------------------------------------------------------------------------------

Query Block Name / Object Alias (identified by operation id):
-------------------------------------------------------------

   1 - SEL$4        / T_UM_BASE@SEL$4
   2 - SEL$4        / T_UM_BASE@SEL$4
   3 - SEL$5        / T_CM_BASEBASE@SEL$5
   4 - SEL$5        / T_CM_BASEBASE@SEL$5
   5 - SEL$0C04A374
   7 - SET$1        / ENROLLMENT@SEL$30
   8 - SET$1
  10 - SEL$35
  12 - SEL$35       / T_SRC_ENNS@SEL$35
  13 - SEL$40       / DUAL@SEL$40
  14 - SEL$5F185B4C
  18 - SEL$5F185B4C / T_ENNS_MASTERUSER@SEL$31
  19 - SEL$5F185B4C / T_ENNS_SLAVEUSER@SEL$31
  20 - SEL$5F185B4C / T_CURR_ENNS@SEL$32
  21 - SEL$5F185B4C / T_CURR_ENNS@SEL$32
  22 - SEL$5F185B4C / T_MAX_DISENROLLMENT_ENROLLMENT@SEL$33
  23 - SEL$5F185B4C / T_MAX_DISENROLLMENT_ENROLLMENT@SEL$33
  24 - SEL$42
  26 - SEL$42       / T_SRC_ENNS@SEL$42
  27 - SEL$43       / DUAL@SEL$43
  28 - SEL$CDBEA42D
  32 - SEL$CDBEA42D / T_ENNS_MASTERUSER@SEL$36
  33 - SEL$CDBEA42D / T_ENNS_SLAVEUSER@SEL$36
  34 - SEL$CDBEA42D / T_CURR_ENNS@SEL$37
  35 - SEL$CDBEA42D / T_CURR_ENNS@SEL$37
  36 - SEL$CDBEA42D / T_MAX_DISENROLLMENT_ENROLLMENT@SEL$38
  37 - SEL$CDBEA42D / T_MAX_DISENROLLMENT_ENROLLMENT@SEL$38
  39 - SEL$3        / INFO_WITH_MEMBER_ID@SEL$2
  40 - SEL$6        / INFO@SEL$3
  41 - SEL$6
  42 - SEL$2D594895 / from$_subquery$_005@SEL$6
  43 - SEL$2D594895
  56 - SEL$2D594895 / T@SEL$8
  57 - SEL$2D594895 / T@SEL$8
  58 - SEL$2D594895 / REASON@SEL$17
  59 - SEL$2D594895 / REASON@SEL$17
  60 - SEL$2D594895 / TASKTYPE@SEL$15
  61 - SEL$2D594895 / TASKTYPE@SEL$15
  62 - SEL$2D594895 / AUTH@SEL$21
  63 - SEL$2D594895 / AUTH@SEL$21
  64 - SEL$2D594895 / CASEORCM@SEL$19
  65 - SEL$2D594895 / CASEORCM@SEL$19
  67 - SEL$2D594895 / OWN@SEL$7
  68 - SEL$2D594895 / OWN@SEL$7
  69 - SEL$2D594895 / PROVIDER@SEL$23
  70 - SEL$2D594895 / PROVIDER@SEL$23
  71 - SEL$2D594895 / MEMBER@SEL$11
  72 - SEL$2D594895 / MEMBER@SEL$11
  73 - SEL$2D594895 / PREVOWNER@SEL$9
  74 - SEL$2D594895 / PREVOWNER@SEL$9
  75 - SEL$2D594895 / SENDER@SEL$27
  76 - SEL$2D594895 / SENDER@SEL$27
  77 - SEL$2D594895 / ORIGCREATOR@SEL$13
  78 - SEL$2D594895 / ORIGCREATOR@SEL$13
  79 - SEL$2D594895 / MOD@SEL$25
  80 - SEL$2D594895 / MOD@SEL$25
  81 - SEL$0C04A374 / AFFMEMBER@SEL$1
  82 - SEL$0C04A374 / AFFMEMBER@SEL$1
  83 - SEL$0C04A374 / BENEFIT@SEL$46
  84 - SEL$0C04A374 / BENEFIT@SEL$46

Outline Data
-------------

  /*+
      BEGIN_OUTLINE_DATA
      IGNORE_OPTIM_EMBEDDED_HINTS
      OPTIMIZER_FEATURES_ENABLE('12.1.0.2')
      DB_VERSION('12.1.0.2')
      OPT_PARAM('optimizer_index_cost_adj' 1)
      OPT_PARAM('optimizer_index_caching' 90)
      ALL_ROWS
      OUTLINE_LEAF(@"SEL$4")
      OUTLINE_LEAF(@"SEL$5")
      OUTLINE_LEAF(@"SEL$2D594895")
      MERGE(@"SEL$2DE0C8FF")
      OUTLINE_LEAF(@"SEL$6")
      OUTLINE_LEAF(@"SEL$3")
      OUTLINE_LEAF(@"SEL$40")
      OUTLINE_LEAF(@"SEL$5F185B4C")
      MERGE(@"SEL$6B15F4E0")
      OUTLINE_LEAF(@"SEL$35")
      OUTLINE_LEAF(@"SEL$43")
      OUTLINE_LEAF(@"SEL$CDBEA42D")
      MERGE(@"SEL$57BA8109")
      OUTLINE_LEAF(@"SEL$42")
      OUTLINE_LEAF(@"SET$1")
      OUTLINE_LEAF(@"SEL$0C04A374")
      MERGE(@"SEL$BC270230")
      OUTLINE(@"SEL$29")
      OUTLINE(@"SEL$2DE0C8FF")
      MERGE(@"SEL$27")
      MERGE(@"SEL$3B95C159")
      OUTLINE(@"SEL$41")
      OUTLINE(@"SEL$6B15F4E0")
      MERGE(@"SEL$78FE80F3")
      OUTLINE(@"SEL$44")
      OUTLINE(@"SEL$57BA8109")
      MERGE(@"SEL$516D3A01")
      OUTLINE(@"SEL$48")
      OUTLINE(@"SEL$BC270230")
      MERGE(@"SEL$409758B4")
      MERGE(@"SEL$46")
      OUTLINE(@"SEL$28")
      OUTLINE(@"SEL$27")
      OUTLINE(@"SEL$3B95C159")
      MERGE(@"SEL$25")
      MERGE(@"SEL$6D003707")
      OUTLINE(@"SEL$D570F096")
      MERGE(@"SEL$33")
      OUTLINE(@"SEL$78FE80F3")
      MERGE(@"SEL$31")
      OUTLINE(@"SEL$067B9A3E")
      MERGE(@"SEL$38")
      OUTLINE(@"SEL$516D3A01")
      MERGE(@"SEL$36")
      OUTLINE(@"SEL$47")
      OUTLINE(@"SEL$409758B4")
      MERGE(@"SEL$30")
      MERGE(@"SEL$58A6D7F6")
      OUTLINE(@"SEL$46")
      OUTLINE(@"SEL$26")
      OUTLINE(@"SEL$25")
      OUTLINE(@"SEL$6D003707")
      MERGE(@"SEL$23")
      MERGE(@"SEL$23FAB6D1")
      OUTLINE(@"SEL$34")
      OUTLINE(@"SEL$33")
      OUTLINE(@"SEL$32")
      OUTLINE(@"SEL$31")
      OUTLINE(@"SEL$39")
      OUTLINE(@"SEL$38")
      OUTLINE(@"SEL$37")
      OUTLINE(@"SEL$36")
      OUTLINE(@"SEL$45")
      OUTLINE(@"SEL$30")
      OUTLINE(@"SEL$58A6D7F6")
      MERGE(@"SEL$1")
      OUTLINE(@"SEL$24")
      OUTLINE(@"SEL$23")
      OUTLINE(@"SEL$23FAB6D1")
      MERGE(@"SEL$21")
      MERGE(@"SEL$97A30ECD")
      OUTLINE(@"SEL$2")
      OUTLINE(@"SEL$1")
      OUTLINE(@"SEL$22")
      OUTLINE(@"SEL$21")
      OUTLINE(@"SEL$97A30ECD")
      MERGE(@"SEL$19")
      MERGE(@"SEL$CF22A5CA")
      OUTLINE(@"SEL$20")
      OUTLINE(@"SEL$19")
      OUTLINE(@"SEL$CF22A5CA")
      MERGE(@"SEL$17")
      MERGE(@"SEL$FF97D7FC")
      OUTLINE(@"SEL$18")
      OUTLINE(@"SEL$17")
      OUTLINE(@"SEL$FF97D7FC")
      MERGE(@"SEL$15")
      MERGE(@"SEL$DE5D921C")
      OUTLINE(@"SEL$16")
      OUTLINE(@"SEL$15")
      OUTLINE(@"SEL$DE5D921C")
      MERGE(@"SEL$01DD7F33")
      MERGE(@"SEL$13")
      OUTLINE(@"SEL$14")
      OUTLINE(@"SEL$01DD7F33")
      MERGE(@"SEL$11")
      MERGE(@"SEL$BDFBA881")
      OUTLINE(@"SEL$13")
      OUTLINE(@"SEL$12")
      OUTLINE(@"SEL$11")
      OUTLINE(@"SEL$BDFBA881")
      MERGE(@"SEL$9")
      MERGE(@"SEL$FC56C448")
      OUTLINE(@"SEL$10")
      OUTLINE(@"SEL$9")
      OUTLINE(@"SEL$FC56C448")
      MERGE(@"SEL$7")
      OUTLINE(@"SEL$8")
      OUTLINE(@"SEL$7")
      NO_ACCESS(@"SEL$0C04A374" "INFO_WITH_MEMBER_ID"@"SEL$2")
      INDEX_RS_ASC(@"SEL$0C04A374" "AFFMEMBER"@"SEL$1" ("T_USR"."USR_ID"))
      NO_ACCESS(@"SEL$0C04A374" "ENROLLMENT"@"SEL$30")
      INDEX_RS_ASC(@"SEL$0C04A374" "BENEFIT"@"SEL$46" ("T_BENSPKG"."BENP_ID"))
      LEADING(@"SEL$0C04A374" "INFO_WITH_MEMBER_ID"@"SEL$2" "AFFMEMBER"@"SEL$1" "ENROLLMENT"@"SEL$30" "BENEFIT"@"SEL$46")
      USE_NL(@"SEL$0C04A374" "AFFMEMBER"@"SEL$1")
      USE_HASH(@"SEL$0C04A374" "ENROLLMENT"@"SEL$30")
      USE_NL(@"SEL$0C04A374" "BENEFIT"@"SEL$46")
      SWAP_JOIN_INPUTS(@"SEL$0C04A374" "ENROLLMENT"@"SEL$30")
      NO_ACCESS(@"SEL$3" "INFO"@"SEL$3")
      FULL(@"SEL$42" "T_SRC_ENNS"@"SEL$42")
      PQ_FILTER(@"SEL$42" SERIAL)
      FULL(@"SEL$35" "T_SRC_ENNS"@"SEL$35")
      PQ_FILTER(@"SEL$35" SERIAL)
      INDEX(@"SEL$5F185B4C" "T_ENNS_MASTERUSER"@"SEL$31" ("T_USR"."USR_ID"))
      INDEX(@"SEL$5F185B4C" "T_ENNS_SLAVEUSER"@"SEL$31" "IX_NVL_USR_MRGEMSTR_USR_ID")
      INDEX_RS_ASC(@"SEL$5F185B4C" "T_CURR_ENNS"@"SEL$32" "IX_ELNS_MEMBENLTDTDSNTDTSTTID")
      INDEX_RS_ASC(@"SEL$5F185B4C" "T_MAX_DISENROLLMENT_ENROLLMENT"@"SEL$33" ("T_ENNS"."ELNS_MEMB" "T_ENNS"."ELNS_ENLTDT"
              "T_ENNS"."ELNS_DSNTDT" "T_ENNS"."ELNS_ID"))
      LEADING(@"SEL$5F185B4C" "T_ENNS_MASTERUSER"@"SEL$31" "T_ENNS_SLAVEUSER"@"SEL$31" "T_CURR_ENNS"@"SEL$32"
              "T_MAX_DISENROLLMENT_ENROLLMENT"@"SEL$33")
      USE_NL(@"SEL$5F185B4C" "T_ENNS_SLAVEUSER"@"SEL$31")
      USE_NL(@"SEL$5F185B4C" "T_CURR_ENNS"@"SEL$32")
      USE_NL(@"SEL$5F185B4C" "T_MAX_DISENROLLMENT_ENROLLMENT"@"SEL$33")
      INDEX(@"SEL$CDBEA42D" "T_ENNS_MASTERUSER"@"SEL$36" ("T_USR"."USR_ID"))
      INDEX(@"SEL$CDBEA42D" "T_ENNS_SLAVEUSER"@"SEL$36" "IX_NVL_USR_MRGEMSTR_USR_ID")
      INDEX_RS_ASC(@"SEL$CDBEA42D" "T_CURR_ENNS"@"SEL$37" "IX_ELNS_MEMBENLTDTDSNTDTSTTID")
      INDEX_RS_ASC(@"SEL$CDBEA42D" "T_MAX_DISENROLLMENT_ENROLLMENT"@"SEL$38" ("T_ENNS"."ELNS_MEMB" "T_ENNS"."ELNS_ENLTDT"
              "T_ENNS"."ELNS_DSNTDT" "T_ENNS"."ELNS_ID"))
      LEADING(@"SEL$CDBEA42D" "T_ENNS_MASTERUSER"@"SEL$36" "T_ENNS_SLAVEUSER"@"SEL$36" "T_CURR_ENNS"@"SEL$37"
              "T_MAX_DISENROLLMENT_ENROLLMENT"@"SEL$38")
      USE_NL(@"SEL$CDBEA42D" "T_ENNS_SLAVEUSER"@"SEL$36")
      USE_NL(@"SEL$CDBEA42D" "T_CURR_ENNS"@"SEL$37")
      USE_NL(@"SEL$CDBEA42D" "T_MAX_DISENROLLMENT_ENROLLMENT"@"SEL$38")
      NO_ACCESS(@"SEL$6" "from$_subquery$_005"@"SEL$6")
      INDEX_RS_ASC(@"SEL$2D594895" "T"@"SEL$8" ("T_SENTTSK"."SETK_OBJ_STT"))
      INDEX_RS_ASC(@"SEL$2D594895" "REASON"@"SEL$17" ("T_DDL_ITEM"."DDLI_ID"))
      INDEX_RS_ASC(@"SEL$2D594895" "TASKTYPE"@"SEL$15" ("T_DDL_ITEM"."DDLI_ID"))
      INDEX_RS_ASC(@"SEL$2D594895" "AUTH"@"SEL$21" ("T_UM_BASE"."UMBS_ID"))
      INDEX_RS_ASC(@"SEL$2D594895" "CASEORCM"@"SEL$19" ("T_CM_BASEBASE"."CMBB_ID"))
      INDEX_RS_ASC(@"SEL$2D594895" "OWN"@"SEL$7" ("T_USR"."USR_ID"))
      INDEX_RS_ASC(@"SEL$2D594895" "PROVIDER"@"SEL$23" ("T_USR"."USR_ID"))
      INDEX_RS_ASC(@"SEL$2D594895" "MEMBER"@"SEL$11" ("T_USR"."USR_ID"))
      INDEX_RS_ASC(@"SEL$2D594895" "PREVOWNER"@"SEL$9" ("T_USR"."USR_ID"))
      INDEX_RS_ASC(@"SEL$2D594895" "SENDER"@"SEL$27" ("T_USR"."USR_ID"))
      INDEX_RS_ASC(@"SEL$2D594895" "ORIGCREATOR"@"SEL$13" ("T_USR"."USR_ID"))
      INDEX_RS_ASC(@"SEL$2D594895" "MOD"@"SEL$25" ("T_USR"."USR_ID"))
      LEADING(@"SEL$2D594895" "T"@"SEL$8" "REASON"@"SEL$17" "TASKTYPE"@"SEL$15" "AUTH"@"SEL$21" "CASEORCM"@"SEL$19"
              "OWN"@"SEL$7" "PROVIDER"@"SEL$23" "MEMBER"@"SEL$11" "PREVOWNER"@"SEL$9" "SENDER"@"SEL$27" "ORIGCREATOR"@"SEL$13"
              "MOD"@"SEL$25")
      USE_NL(@"SEL$2D594895" "REASON"@"SEL$17")
      USE_NL(@"SEL$2D594895" "TASKTYPE"@"SEL$15")
      USE_NL(@"SEL$2D594895" "AUTH"@"SEL$21")
      USE_NL(@"SEL$2D594895" "CASEORCM"@"SEL$19")
      USE_MERGE_CARTESIAN(@"SEL$2D594895" "OWN"@"SEL$7")
      USE_NL(@"SEL$2D594895" "PROVIDER"@"SEL$23")
      USE_NL(@"SEL$2D594895" "MEMBER"@"SEL$11")
      USE_NL(@"SEL$2D594895" "PREVOWNER"@"SEL$9")
      USE_NL(@"SEL$2D594895" "SENDER"@"SEL$27")
      USE_NL(@"SEL$2D594895" "ORIGCREATOR"@"SEL$13")
      USE_NL(@"SEL$2D594895" "MOD"@"SEL$25")
      INDEX_RS_ASC(@"SEL$5" "T_CM_BASEBASE"@"SEL$5" ("T_CM_BASEBASE"."CMBB_ID"))
      INDEX_RS_ASC(@"SEL$4" "T_UM_BASE"@"SEL$4" ("T_UM_BASE"."UMBS_ID"))
      END_OUTLINE_DATA
  */

Peeked Binds (identified by position):
--------------------------------------

   1 - :SYS_B_0 (NUMBER): 2
   2 - :1 (NUMBER): 11657619
   3 - :2 (NUMBER): 1
   4 - :3 (NUMBER): 3
   5 - :4 (NUMBER): 905
   6 - :5 (NUMBER): 906
   7 - :6 (NUMBER): 907
   8 - :7 (NUMBER): 908
   9 - :8 (NUMBER): 911
  10 - :9 (NUMBER): 912
  11 - :10 (NUMBER): 913
  12 - :SYS_B_1 (NUMBER): 500
  13 - :SYS_B_2 (VARCHAR2(30), CSID=178): '2020.10.22'
  14 - :SYS_B_3 (VARCHAR2(30), CSID=178): 'yyyy.MM.dd'

Note
-----
   - dynamic statistics used: dynamic sampling (level=2)
   - statistics feedback used for this statement
   - 5 Sql Plan Directives used for this statement

SQL_ID 0sjx29v99zfqc
--------------------
SELECT INFO_WITH_MEMBER_ID.*,     enrollment.ELNS_INSCPRSRGRP
ipgGroupId,     benefit.BENP_LWSTLVL_PRODCAT productCategoryId,
affMember.USR_FRSTNAM affiliatedMemberFirstName,
affMember.USR_LAS_NAM affiliatedMemberLastName FROM (   SELECT INFO.*,
   CASE     WHEN INFO.memberAffiliationId IS NOT NULL THEN
(INFO.memberAffiliationId)     WHEN INFO.authAffiliationId IS NOT NULL
THEN (SELECT UMBS_MEMB FROM T_UM_BASE WHERE
UMBS_ID=INFO.authAffiliationId)     WHEN
INFO.careManagementAffiliationId IS NOT NULL THEN (SELECT CMBS_MEMB
FROM T_CM_BASEBASE WHERE CMBB_ID=INFO.careManagementAffiliationId)
WHEN INFO.providerAffiliationId IS NOT NULL THEN
(INFO.providerAffiliationId)     ELSE (NULL)     END
affiliatedMemberId   FROM (   SELECT * FROM (     SELECT
T.SETK_ID AS id,         T.SETK_C4C_ID AS c4cId,         T.SETK_UNIVID
AS universalId,         taskType.TSKT_RCPTTYP AS categoryId,
T.SETK_TSK_TYP AS taskTypeId,         taskType.DDLI_LBL AS
taskTypeLabel,         T.SETK_TSK_NAM AS taskName,         T.SETK_SUBJ
AS subject,         T.SETK_CRTD AS createDate,         T.SETK_SENT AS
sentDate,         T.SETK_SRTD AS startedDate,
T.SETK_TSK_TIMG_STRTDT AS startDate,         T.SETK_TSK_TIMG_SCLDAT AS
startDateSeconds,         T.SETK_TSK_TIMG_DDLN_DT AS dueDate,
T.SETK_TSK_TIMG_DDLN_TIM_IN_DY AS dueDateSeconds,         T.SETK_OWNR
AS ownerId,         own.USR_FRSTNAM AS ownerFirstName,
own.USR_LAS_NAM AS ownerLastName,         own.CLASSTYPE AS ownerType,
      T.SETK_OBJ_STT AS status,         T.SETK_AFFN_MEMB AS
memberAffiliationId,         member.USR_C4C_ID AS memberC4cId,
member.USR_FRSTNAM AS memberFirstName,         member.USR_LAS_NAM AS
memberLastName,         T.SETK_AFFN_CM AS careManagementAffiliationId,
       caseOrCm.CMBB_C4C_ID AS caseOrCmC4cId,
T.SETK_AFFN_UM_EVNT AS authAffiliationId,         auth.UMBS_C4C_ID AS
authAffiliationC4cId,         T.SETK_AFFN_PVDR AS
providerAffiliationId,         provider.USR_C4C_ID AS providerC4cId,
     T.SETK_TSK_TIMG_SNLTDT AS startNoLaterThanDate,
T.SETK_CNCLRESN AS cancelReasonId,         T.SETK_ORIGCRTR AS
originalCreatorId,         origCreator.USR_FRSTNAM AS
originalCreatorFirstName,         origCreator.USR_LAS_NAM AS
originalCreatorLastName,         caseOrCm.CLASSTYPE AS
caseOrCmClasstype,         T.SETK_TSK_DSCN AS description,
T.SETK_CMPD AS completedDate,         T.SETK_LAS_ACT_TIM AS
lastActionDate,         mod.USR_FRSTNAM lastModifiedByFirstName,
 mod.USR_LAS_NAM lastModifiedByLastName,         T.SETK_PRVSOWNR AS
previousOwnerId,         prevOwner.USR_FRSTNAM AS
previousOwnerFirstName,         prevOwner.USR_LAS_NAM AS
previousOwnerLastName,         prevOwner.CLASSTYPE AS
previousOwnerType,         CASE             WHEN
T.SETK_TSK_TIMG_DDLN_DT IS NOT NULL THEN (T.SETK_TSK_TIMG_DDLN_DT)
       WHEN T.SETK_TSK_TIMG_STRTDT IS NOT NULL THEN
(T.SETK_TSK_TIMG_STRTDT)             WHEN T.SETK_TSK_TIMG_SNLTDT IS NOT
NULL THEN (T.SETK_TSK_TIMG_SNLTDT)             ELSE (NULL)         END
       filterDate,         sender.USR_FRSTNAM fromUserFirstName,
 sender.USR_LAS_NAM fromUserLastName,         T.SETK_RESCHEDULE_REASON
AS rescheduleReason,         reason.DDLI_LBL AS rescheduleReasonLabel,
       T.SETK_RESCHEDULE_COMMENT AS rescheduleComment       FROM
T_SENTTSK T       LEFT OUTER JOIN T_USR own ON own.USR_ID=T.SETK_OWNR
    LEFT OUTER JOIN T_USR prevOwner ON prevOwner.USR_ID=T.SETK_PRVSOWNR
      LEFT OUTER JOIN T_USR member ON member.USR_ID=T.SETK_AFFN_MEMB
   LEFT OUTER JOIN T_USR origCreator ON
origCreator.USR_ID=T.SETK_ORIGCRTR       LEFT OUTER JOIN T_DDL_ITEM
taskType ON taskType.DDLI_ID=T.SETK_TSK_TYP       LEFT OUTER JOIN
T_DDL_ITEM reason ON reason.DDLI_ID=T.SETK_RESCHEDULE_REASON       LEFT
OUTER JOIN T_CM_BASEBASE caseOrCm ON caseOrCm.CMBB_ID=T.SETK_AFFN_CM
   LEFT OUTER JOIN T_UM_BASE auth ON auth.UMBS_ID=T.SETK_AFFN_UM_EVNT
    LEFT OUTER JOIN T_USR provider

Plan hash value: 2835568740

---------------------------------------------------------------------------------------------------------------------------------
| Id  | Operation                                       | Name                          | Rows  | Bytes | Cost (%CPU)| Time     |
---------------------------------------------------------------------------------------------------------------------------------
|   0 | SELECT STATEMENT                                |                               |       |       |  2264K(100)|          |
|   1 |  TABLE ACCESS BY INDEX ROWID                    | T_UM_BASE                     |     1 |    12 |     1   (0)| 00:00:01 |
|   2 |   INDEX UNIQUE SCAN                             | PK_T_UM_BASE                  |     1 |       |     1   (0)| 00:00:01 |
|   3 |   TABLE ACCESS BY INDEX ROWID                   | T_CM_BASEBASE                 |     1 |    12 |     1   (0)| 00:00:01 |
|   4 |    INDEX UNIQUE SCAN                            | PK_T_CM_BASEBASE              |     1 |       |     1   (0)| 00:00:01 |
|   5 |  NESTED LOOPS OUTER                             |                               |    16 |   733K|  2264K  (1)| 00:01:29 |
|   6 |   NESTED LOOPS OUTER                            |                               |    16 |   732K|  2264K  (1)| 00:01:29 |
|   7 |    HASH JOIN RIGHT OUTER                        |                               |    16 |   732K|  2264K  (1)| 00:01:29 |
|   8 |     VIEW                                        | V_CURR_ENROLLMENT             |     2 |    78 |  2264K  (1)| 00:01:29 |
|   9 |      SORT UNIQUE                                |                               |     2 |  1092 |  2264K  (1)| 00:01:29 |
|  10 |       UNION-ALL                                 |                               |       |       |            |          |
|  11 |        FILTER                                   |                               |       |       |            |          |
|  12 |         FILTER                                  |                               |       |       |            |          |
|  13 |          TABLE ACCESS STORAGE FULL              | T_ENNS                        |   246K|    64M|   160K  (1)| 00:00:07 |
|  14 |          FAST DUAL                              |                               |     1 |       |     2   (0)| 00:00:01 |
|  15 |         SORT GROUP BY NOSORT                    |                               |     1 |    72 |     4   (0)| 00:00:01 |
|  16 |          NESTED LOOPS OUTER                     |                               |     1 |    72 |     4   (0)| 00:00:01 |
|  17 |           NESTED LOOPS                          |                               |     1 |    50 |     3   (0)| 00:00:01 |
|  18 |            NESTED LOOPS                         |                               |     1 |    12 |     2   (0)| 00:00:01 |
|  19 |             INDEX UNIQUE SCAN                   | PK_T_USR                      |     1 |     6 |     1   (0)| 00:00:01 |
|  20 |             INDEX RANGE SCAN                    | IX_NVL_USR_MRGEMSTR_USR_ID    |     1 |     6 |     1   (0)| 00:00:01 |
|  21 |            TABLE ACCESS BY INDEX ROWID          | T_ENNS                        |     1 |    38 |     1   (0)| 00:00:01 |
|  22 |             INDEX RANGE SCAN                    | IX_ELNS_MEMBENLTDTDSNTDTSTTID |     2 |       |     1   (0)| 00:00:01 |
|  23 |           TABLE ACCESS BY INDEX ROWID           | T_ENNS                        |     1 |    22 |     1   (0)| 00:00:01 |
|  24 |            INDEX RANGE SCAN                     | IX_ELNS_MEMBENPENLTDSNDT      |     1 |       |     1   (0)| 00:00:01 |
|  25 |        FILTER                                   |                               |       |       |            |          |
|  26 |         FILTER                                  |                               |       |       |            |          |
|  27 |          TABLE ACCESS STORAGE FULL              | T_ENNS                        |   246K|    64M|   160K  (1)| 00:00:07 |
|  28 |          FAST DUAL                              |                               |     1 |       |     2   (0)| 00:00:01 |
|  29 |         SORT GROUP BY NOSORT                    |                               |     1 |    72 |     4   (0)| 00:00:01 |
|  30 |          NESTED LOOPS OUTER                     |                               |     1 |    72 |     4   (0)| 00:00:01 |
|  31 |           NESTED LOOPS                          |                               |     1 |    50 |     3   (0)| 00:00:01 |
|  32 |            NESTED LOOPS                         |                               |     1 |    12 |     2   (0)| 00:00:01 |
|  33 |             INDEX UNIQUE SCAN                   | PK_T_USR                      |     1 |     6 |     1   (0)| 00:00:01 |
|  34 |             INDEX RANGE SCAN                    | IX_NVL_USR_MRGEMSTR_USR_ID    |     1 |     6 |     1   (0)| 00:00:01 |
|  35 |            TABLE ACCESS BY INDEX ROWID          | T_ENNS                        |     1 |    38 |     1   (0)| 00:00:01 |
|  36 |             INDEX RANGE SCAN                    | IX_ELNS_MEMBENLTDTDSNTDTSTTID |     2 |       |     1   (0)| 00:00:01 |
|  37 |           TABLE ACCESS BY INDEX ROWID           | T_ENNS                        |     1 |    22 |     1   (0)| 00:00:01 |
|  38 |            INDEX RANGE SCAN                     | IX_ELNS_MEMBENPENLTDSNDT      |     1 |       |     1   (0)| 00:00:01 |
|  39 |     VIEW                                        |                               |    16 |   732K|    31   (4)| 00:00:01 |
|  40 |      VIEW                                       |                               |    16 |   731K|    15   (7)| 00:00:01 |
|  41 |       COUNT STOPKEY                             |                               |       |       |            |          |
|  42 |        VIEW                                     |                               |    16 |   731K|    15   (7)| 00:00:01 |
|  43 |         SORT ORDER BY STOPKEY                   |                               |    16 | 12480 |    15   (7)| 00:00:01 |
|  44 |          NESTED LOOPS OUTER                     |                               |    16 | 12480 |    14   (0)| 00:00:01 |
|  45 |           NESTED LOOPS OUTER                    |                               |    16 | 12128 |    13   (0)| 00:00:01 |
|  46 |            NESTED LOOPS OUTER                   |                               |    16 | 11776 |    12   (0)| 00:00:01 |
|  47 |             NESTED LOOPS OUTER                  |                               |    16 | 11424 |    11   (0)| 00:00:01 |
|  48 |              NESTED LOOPS OUTER                 |                               |    16 | 11040 |    10   (0)| 00:00:01 |
|  49 |               NESTED LOOPS OUTER                |                               |    16 | 10592 |     9   (0)| 00:00:01 |
|  50 |                NESTED LOOPS OUTER               |                               |    16 | 10240 |     8   (0)| 00:00:01 |
|  51 |                 NESTED LOOPS OUTER              |                               |    16 |  9664 |     7   (0)| 00:00:01 |
|  52 |                  NESTED LOOPS OUTER             |                               |    16 |  9104 |     6   (0)| 00:00:01 |
|  53 |                   NESTED LOOPS OUTER            |                               |    16 |  8816 |     5   (0)| 00:00:01 |
|  54 |                    MERGE JOIN OUTER             |                               |    16 |  8512 |     4   (0)| 00:00:01 |
|  55 |                     INLIST ITERATOR             |                               |       |       |            |          |
|  56 |                      TABLE ACCESS BY INDEX ROWID| T_SENTTSK                     |    16 |  7936 |     3   (0)| 00:00:01 |
|  57 |                       INDEX RANGE SCAN          | IX_SETK_OBJ_STT               |  1816 |       |     1   (0)| 00:00:01 |
|  58 |                     BUFFER SORT                 |                               |     1 |    36 |     1   (0)| 00:00:01 |
|  59 |                      TABLE ACCESS BY INDEX ROWID| T_USR                         |     1 |    36 |     1   (0)| 00:00:01 |
|  60 |                       INDEX UNIQUE SCAN         | PK_T_USR                      |     1 |       |     1   (0)| 00:00:01 |
|  61 |                    TABLE ACCESS BY INDEX ROWID  | T_USR                         |     1 |    19 |     1   (0)| 00:00:01 |
|  62 |                     INDEX UNIQUE SCAN           | PK_T_USR                      |     1 |       |     1   (0)| 00:00:01 |
|  63 |                   TABLE ACCESS BY INDEX ROWID   | T_UM_BASE                     |     1 |    18 |     1   (0)| 00:00:01 |
|  64 |                    INDEX UNIQUE SCAN            | PK_T_UM_BASE                  |     1 |       |     1   (0)| 00:00:01 |
|  65 |                  TABLE ACCESS BY INDEX ROWID    | T_USR                         |     1 |    35 |     1   (0)| 00:00:01 |
|  66 |                   INDEX UNIQUE SCAN             | PK_T_USR                      |     1 |       |     1   (0)| 00:00:01 |
|  67 |                 TABLE ACCESS BY INDEX ROWID     | T_USR                         |     1 |    36 |     1   (0)| 00:00:01 |
|  68 |                  INDEX UNIQUE SCAN              | PK_T_USR                      |     1 |       |     1   (0)| 00:00:01 |
|  69 |                TABLE ACCESS BY INDEX ROWID      | T_USR                         |     1 |    22 |     1   (0)| 00:00:01 |
|  70 |                 INDEX UNIQUE SCAN               | PK_T_USR                      |     1 |       |     1   (0)| 00:00:01 |
|  71 |               TABLE ACCESS BY INDEX ROWID       | T_CM_BASEBASE                 |     1 |    28 |     1   (0)| 00:00:01 |
|  72 |                INDEX UNIQUE SCAN                | PK_T_CM_BASEBASE              |     1 |       |     1   (0)| 00:00:01 |
|  73 |              TABLE ACCESS BY INDEX ROWID        | T_DDL_ITEM                    |     1 |    24 |     1   (0)| 00:00:01 |
|  74 |               INDEX UNIQUE SCAN                 | PK_T_DDL_ITEM                 |     1 |       |     1   (0)| 00:00:01 |
|  75 |             TABLE ACCESS BY INDEX ROWID         | T_USR                         |     1 |    22 |     1   (0)| 00:00:01 |
|  76 |              INDEX UNIQUE SCAN                  | PK_T_USR                      |     1 |       |     1   (0)| 00:00:01 |
|  77 |            TABLE ACCESS BY INDEX ROWID          | T_USR                         |     1 |    22 |     1   (0)| 00:00:01 |
|  78 |             INDEX UNIQUE SCAN                   | PK_T_USR                      |     1 |       |     1   (0)| 00:00:01 |
|  79 |           TABLE ACCESS BY INDEX ROWID           | T_DDL_ITEM                    |     1 |    22 |     1   (0)| 00:00:01 |
|  80 |            INDEX UNIQUE SCAN                    | PK_T_DDL_ITEM                 |     1 |       |     1   (0)| 00:00:01 |
|  81 |    TABLE ACCESS BY INDEX ROWID                  | T_BENSPKG                     |     1 |    12 |     1   (0)| 00:00:01 |
|  82 |     INDEX UNIQUE SCAN                           | PK_T_BENSPKG                  |     1 |       |     1   (0)| 00:00:01 |
|  83 |   TABLE ACCESS BY INDEX ROWID                   | T_USR                         |     1 |    22 |     1   (0)| 00:00:01 |
|  84 |    INDEX UNIQUE SCAN                            | PK_T_USR                      |     1 |       |     1   (0)| 00:00:01 |
---------------------------------------------------------------------------------------------------------------------------------

Query Block Name / Object Alias (identified by operation id):
-------------------------------------------------------------

   1 - SEL$4        / T_UM_BASE@SEL$4
   2 - SEL$4        / T_UM_BASE@SEL$4
   3 - SEL$5        / T_CM_BASEBASE@SEL$5
   4 - SEL$5        / T_CM_BASEBASE@SEL$5
   5 - SEL$0C04A374
   8 - SET$1        / ENROLLMENT@SEL$30
   9 - SET$1
  11 - SEL$35
  13 - SEL$35       / T_SRC_ENNS@SEL$35
  14 - SEL$40       / DUAL@SEL$40
  15 - SEL$5F185B4C
  19 - SEL$5F185B4C / T_ENNS_MASTERUSER@SEL$31
  20 - SEL$5F185B4C / T_ENNS_SLAVEUSER@SEL$31
  21 - SEL$5F185B4C / T_CURR_ENNS@SEL$32
  22 - SEL$5F185B4C / T_CURR_ENNS@SEL$32
  23 - SEL$5F185B4C / T_MAX_DISENROLLMENT_ENROLLMENT@SEL$33
  24 - SEL$5F185B4C / T_MAX_DISENROLLMENT_ENROLLMENT@SEL$33
  25 - SEL$42
  27 - SEL$42       / T_SRC_ENNS@SEL$42
  28 - SEL$43       / DUAL@SEL$43
  29 - SEL$CDBEA42D
  33 - SEL$CDBEA42D / T_ENNS_MASTERUSER@SEL$36
  34 - SEL$CDBEA42D / T_ENNS_SLAVEUSER@SEL$36
  35 - SEL$CDBEA42D / T_CURR_ENNS@SEL$37
  36 - SEL$CDBEA42D / T_CURR_ENNS@SEL$37
  37 - SEL$CDBEA42D / T_MAX_DISENROLLMENT_ENROLLMENT@SEL$38
  38 - SEL$CDBEA42D / T_MAX_DISENROLLMENT_ENROLLMENT@SEL$38
  39 - SEL$3        / INFO_WITH_MEMBER_ID@SEL$2
  40 - SEL$6        / INFO@SEL$3
  41 - SEL$6
  42 - SEL$2D594895 / from$_subquery$_005@SEL$6
  43 - SEL$2D594895
  56 - SEL$2D594895 / T@SEL$8
  57 - SEL$2D594895 / T@SEL$8
  59 - SEL$2D594895 / OWN@SEL$7
  60 - SEL$2D594895 / OWN@SEL$7
  61 - SEL$2D594895 / PROVIDER@SEL$23
  62 - SEL$2D594895 / PROVIDER@SEL$23
  63 - SEL$2D594895 / AUTH@SEL$21
  64 - SEL$2D594895 / AUTH@SEL$21
  65 - SEL$2D594895 / MEMBER@SEL$11
  66 - SEL$2D594895 / MEMBER@SEL$11
  67 - SEL$2D594895 / PREVOWNER@SEL$9
  68 - SEL$2D594895 / PREVOWNER@SEL$9
  69 - SEL$2D594895 / SENDER@SEL$27
  70 - SEL$2D594895 / SENDER@SEL$27
  71 - SEL$2D594895 / CASEORCM@SEL$19
  72 - SEL$2D594895 / CASEORCM@SEL$19
  73 - SEL$2D594895 / TASKTYPE@SEL$15
  74 - SEL$2D594895 / TASKTYPE@SEL$15
  75 - SEL$2D594895 / ORIGCREATOR@SEL$13
  76 - SEL$2D594895 / ORIGCREATOR@SEL$13
  77 - SEL$2D594895 / MOD@SEL$25
  78 - SEL$2D594895 / MOD@SEL$25
  79 - SEL$2D594895 / REASON@SEL$17
  80 - SEL$2D594895 / REASON@SEL$17
  81 - SEL$0C04A374 / BENEFIT@SEL$46
  82 - SEL$0C04A374 / BENEFIT@SEL$46
  83 - SEL$0C04A374 / AFFMEMBER@SEL$1
  84 - SEL$0C04A374 / AFFMEMBER@SEL$1

Outline Data
-------------

  /*+
      BEGIN_OUTLINE_DATA
      IGNORE_OPTIM_EMBEDDED_HINTS
      OPTIMIZER_FEATURES_ENABLE('12.1.0.2')
      DB_VERSION('12.1.0.2')
      OPT_PARAM('optimizer_index_cost_adj' 1)
      OPT_PARAM('optimizer_index_caching' 90)
      ALL_ROWS
      OUTLINE_LEAF(@"SEL$4")
      OUTLINE_LEAF(@"SEL$5")
      OUTLINE_LEAF(@"SEL$2D594895")
      MERGE(@"SEL$2DE0C8FF")
      OUTLINE_LEAF(@"SEL$6")
      OUTLINE_LEAF(@"SEL$3")
      OUTLINE_LEAF(@"SEL$40")
      OUTLINE_LEAF(@"SEL$5F185B4C")
      MERGE(@"SEL$6B15F4E0")
      OUTLINE_LEAF(@"SEL$35")
      OUTLINE_LEAF(@"SEL$43")
      OUTLINE_LEAF(@"SEL$CDBEA42D")
      MERGE(@"SEL$57BA8109")
      OUTLINE_LEAF(@"SEL$42")
      OUTLINE_LEAF(@"SET$1")
      OUTLINE_LEAF(@"SEL$0C04A374")
      MERGE(@"SEL$BC270230")
      OUTLINE(@"SEL$29")
      OUTLINE(@"SEL$2DE0C8FF")
      MERGE(@"SEL$27")
      MERGE(@"SEL$3B95C159")
      OUTLINE(@"SEL$41")
      OUTLINE(@"SEL$6B15F4E0")
      MERGE(@"SEL$78FE80F3")
      OUTLINE(@"SEL$44")
      OUTLINE(@"SEL$57BA8109")
      MERGE(@"SEL$516D3A01")
      OUTLINE(@"SEL$48")
      OUTLINE(@"SEL$BC270230")
      MERGE(@"SEL$409758B4")
      MERGE(@"SEL$46")
      OUTLINE(@"SEL$28")
      OUTLINE(@"SEL$27")
      OUTLINE(@"SEL$3B95C159")
      MERGE(@"SEL$25")
      MERGE(@"SEL$6D003707")
      OUTLINE(@"SEL$D570F096")
      MERGE(@"SEL$33")
      OUTLINE(@"SEL$78FE80F3")
      MERGE(@"SEL$31")
      OUTLINE(@"SEL$067B9A3E")
      MERGE(@"SEL$38")
      OUTLINE(@"SEL$516D3A01")
      MERGE(@"SEL$36")
      OUTLINE(@"SEL$47")
      OUTLINE(@"SEL$409758B4")
      MERGE(@"SEL$30")
      MERGE(@"SEL$58A6D7F6")
      OUTLINE(@"SEL$46")
      OUTLINE(@"SEL$26")
      OUTLINE(@"SEL$25")
      OUTLINE(@"SEL$6D003707")
      MERGE(@"SEL$23")
      MERGE(@"SEL$23FAB6D1")
      OUTLINE(@"SEL$34")
      OUTLINE(@"SEL$33")
      OUTLINE(@"SEL$32")
      OUTLINE(@"SEL$31")
      OUTLINE(@"SEL$39")
      OUTLINE(@"SEL$38")
      OUTLINE(@"SEL$37")
      OUTLINE(@"SEL$36")
      OUTLINE(@"SEL$45")
      OUTLINE(@"SEL$30")
      OUTLINE(@"SEL$58A6D7F6")
      MERGE(@"SEL$1")
      OUTLINE(@"SEL$24")
      OUTLINE(@"SEL$23")
      OUTLINE(@"SEL$23FAB6D1")
      MERGE(@"SEL$21")
      MERGE(@"SEL$97A30ECD")
      OUTLINE(@"SEL$2")
      OUTLINE(@"SEL$1")
      OUTLINE(@"SEL$22")
      OUTLINE(@"SEL$21")
      OUTLINE(@"SEL$97A30ECD")
      MERGE(@"SEL$19")
      MERGE(@"SEL$CF22A5CA")
      OUTLINE(@"SEL$20")
      OUTLINE(@"SEL$19")
      OUTLINE(@"SEL$CF22A5CA")
      MERGE(@"SEL$17")
      MERGE(@"SEL$FF97D7FC")
      OUTLINE(@"SEL$18")
      OUTLINE(@"SEL$17")
      OUTLINE(@"SEL$FF97D7FC")
      MERGE(@"SEL$15")
      MERGE(@"SEL$DE5D921C")
      OUTLINE(@"SEL$16")
      OUTLINE(@"SEL$15")
      OUTLINE(@"SEL$DE5D921C")
      MERGE(@"SEL$01DD7F33")
      MERGE(@"SEL$13")
      OUTLINE(@"SEL$14")
      OUTLINE(@"SEL$01DD7F33")
      MERGE(@"SEL$11")
      MERGE(@"SEL$BDFBA881")
      OUTLINE(@"SEL$13")
      OUTLINE(@"SEL$12")
      OUTLINE(@"SEL$11")
      OUTLINE(@"SEL$BDFBA881")
      MERGE(@"SEL$9")
      MERGE(@"SEL$FC56C448")
      OUTLINE(@"SEL$10")
      OUTLINE(@"SEL$9")
      OUTLINE(@"SEL$FC56C448")
      MERGE(@"SEL$7")
      OUTLINE(@"SEL$8")
      OUTLINE(@"SEL$7")
      NO_ACCESS(@"SEL$0C04A374" "INFO_WITH_MEMBER_ID"@"SEL$2")
      NO_ACCESS(@"SEL$0C04A374" "ENROLLMENT"@"SEL$30")
      INDEX_RS_ASC(@"SEL$0C04A374" "BENEFIT"@"SEL$46" ("T_BENSPKG"."BENP_ID"))
      INDEX_RS_ASC(@"SEL$0C04A374" "AFFMEMBER"@"SEL$1" ("T_USR"."USR_ID"))
      LEADING(@"SEL$0C04A374" "INFO_WITH_MEMBER_ID"@"SEL$2" "ENROLLMENT"@"SEL$30" "BENEFIT"@"SEL$46" "AFFMEMBER"@"SEL$1")
      USE_HASH(@"SEL$0C04A374" "ENROLLMENT"@"SEL$30")
      USE_NL(@"SEL$0C04A374" "BENEFIT"@"SEL$46")
      USE_NL(@"SEL$0C04A374" "AFFMEMBER"@"SEL$1")
      SWAP_JOIN_INPUTS(@"SEL$0C04A374" "ENROLLMENT"@"SEL$30")
      NO_ACCESS(@"SEL$3" "INFO"@"SEL$3")
      FULL(@"SEL$42" "T_SRC_ENNS"@"SEL$42")
      PQ_FILTER(@"SEL$42" SERIAL)
      FULL(@"SEL$35" "T_SRC_ENNS"@"SEL$35")
      PQ_FILTER(@"SEL$35" SERIAL)
      INDEX(@"SEL$5F185B4C" "T_ENNS_MASTERUSER"@"SEL$31" ("T_USR"."USR_ID"))
      INDEX(@"SEL$5F185B4C" "T_ENNS_SLAVEUSER"@"SEL$31" "IX_NVL_USR_MRGEMSTR_USR_ID")
      INDEX_RS_ASC(@"SEL$5F185B4C" "T_CURR_ENNS"@"SEL$32" "IX_ELNS_MEMBENLTDTDSNTDTSTTID")
      INDEX_RS_ASC(@"SEL$5F185B4C" "T_MAX_DISENROLLMENT_ENROLLMENT"@"SEL$33" "IX_ELNS_MEMBENPENLTDSNDT")
      LEADING(@"SEL$5F185B4C" "T_ENNS_MASTERUSER"@"SEL$31" "T_ENNS_SLAVEUSER"@"SEL$31" "T_CURR_ENNS"@"SEL$32"
              "T_MAX_DISENROLLMENT_ENROLLMENT"@"SEL$33")
      USE_NL(@"SEL$5F185B4C" "T_ENNS_SLAVEUSER"@"SEL$31")
      USE_NL(@"SEL$5F185B4C" "T_CURR_ENNS"@"SEL$32")
      USE_NL(@"SEL$5F185B4C" "T_MAX_DISENROLLMENT_ENROLLMENT"@"SEL$33")
      INDEX(@"SEL$CDBEA42D" "T_ENNS_MASTERUSER"@"SEL$36" ("T_USR"."USR_ID"))
      INDEX(@"SEL$CDBEA42D" "T_ENNS_SLAVEUSER"@"SEL$36" "IX_NVL_USR_MRGEMSTR_USR_ID")
      INDEX_RS_ASC(@"SEL$CDBEA42D" "T_CURR_ENNS"@"SEL$37" "IX_ELNS_MEMBENLTDTDSNTDTSTTID")
      INDEX_RS_ASC(@"SEL$CDBEA42D" "T_MAX_DISENROLLMENT_ENROLLMENT"@"SEL$38" "IX_ELNS_MEMBENPENLTDSNDT")
      LEADING(@"SEL$CDBEA42D" "T_ENNS_MASTERUSER"@"SEL$36" "T_ENNS_SLAVEUSER"@"SEL$36" "T_CURR_ENNS"@"SEL$37"
              "T_MAX_DISENROLLMENT_ENROLLMENT"@"SEL$38")
      USE_NL(@"SEL$CDBEA42D" "T_ENNS_SLAVEUSER"@"SEL$36")
      USE_NL(@"SEL$CDBEA42D" "T_CURR_ENNS"@"SEL$37")
      USE_NL(@"SEL$CDBEA42D" "T_MAX_DISENROLLMENT_ENROLLMENT"@"SEL$38")
      NO_ACCESS(@"SEL$6" "from$_subquery$_005"@"SEL$6")
      INDEX_RS_ASC(@"SEL$2D594895" "T"@"SEL$8" ("T_SENTTSK"."SETK_OBJ_STT"))
      INDEX_RS_ASC(@"SEL$2D594895" "OWN"@"SEL$7" ("T_USR"."USR_ID"))
      INDEX_RS_ASC(@"SEL$2D594895" "PROVIDER"@"SEL$23" ("T_USR"."USR_ID"))
      INDEX_RS_ASC(@"SEL$2D594895" "AUTH"@"SEL$21" ("T_UM_BASE"."UMBS_ID"))
      INDEX_RS_ASC(@"SEL$2D594895" "MEMBER"@"SEL$11" ("T_USR"."USR_ID"))
      INDEX_RS_ASC(@"SEL$2D594895" "PREVOWNER"@"SEL$9" ("T_USR"."USR_ID"))
      INDEX_RS_ASC(@"SEL$2D594895" "SENDER"@"SEL$27" ("T_USR"."USR_ID"))
      INDEX_RS_ASC(@"SEL$2D594895" "CASEORCM"@"SEL$19" ("T_CM_BASEBASE"."CMBB_ID"))
      INDEX_RS_ASC(@"SEL$2D594895" "TASKTYPE"@"SEL$15" ("T_DDL_ITEM"."DDLI_ID"))
      INDEX_RS_ASC(@"SEL$2D594895" "ORIGCREATOR"@"SEL$13" ("T_USR"."USR_ID"))
      INDEX_RS_ASC(@"SEL$2D594895" "MOD"@"SEL$25" ("T_USR"."USR_ID"))
      INDEX_RS_ASC(@"SEL$2D594895" "REASON"@"SEL$17" ("T_DDL_ITEM"."DDLI_ID"))
      LEADING(@"SEL$2D594895" "T"@"SEL$8" "OWN"@"SEL$7" "PROVIDER"@"SEL$23" "AUTH"@"SEL$21" "MEMBER"@"SEL$11"
              "PREVOWNER"@"SEL$9" "SENDER"@"SEL$27" "CASEORCM"@"SEL$19" "TASKTYPE"@"SEL$15" "ORIGCREATOR"@"SEL$13" "MOD"@"SEL$25"
              "REASON"@"SEL$17")
      USE_MERGE_CARTESIAN(@"SEL$2D594895" "OWN"@"SEL$7")
      USE_NL(@"SEL$2D594895" "PROVIDER"@"SEL$23")
      USE_NL(@"SEL$2D594895" "AUTH"@"SEL$21")
      USE_NL(@"SEL$2D594895" "MEMBER"@"SEL$11")
      USE_NL(@"SEL$2D594895" "PREVOWNER"@"SEL$9")
      USE_NL(@"SEL$2D594895" "SENDER"@"SEL$27")
      USE_NL(@"SEL$2D594895" "CASEORCM"@"SEL$19")
      USE_NL(@"SEL$2D594895" "TASKTYPE"@"SEL$15")
      USE_NL(@"SEL$2D594895" "ORIGCREATOR"@"SEL$13")
      USE_NL(@"SEL$2D594895" "MOD"@"SEL$25")
      USE_NL(@"SEL$2D594895" "REASON"@"SEL$17")
      INDEX_RS_ASC(@"SEL$5" "T_CM_BASEBASE"@"SEL$5" ("T_CM_BASEBASE"."CMBB_ID"))
      INDEX_RS_ASC(@"SEL$4" "T_UM_BASE"@"SEL$4" ("T_UM_BASE"."UMBS_ID"))
      END_OUTLINE_DATA
  */

Peeked Binds (identified by position):
--------------------------------------

   1 - :SYS_B_0 (NUMBER): 2
   2 - :1 (NUMBER): 11657619
   3 - :2 (NUMBER): 1
   4 - :3 (NUMBER): 3
   5 - :4 (NUMBER): 905
   6 - :5 (NUMBER): 906
   7 - :6 (NUMBER): 907
   8 - :7 (NUMBER): 908
   9 - :8 (NUMBER): 911
  10 - :9 (NUMBER): 912
  11 - :10 (NUMBER): 913
  12 - :SYS_B_1 (NUMBER): 500
  13 - :SYS_B_2 (VARCHAR2(30), CSID=178): '2020.10.02'
  14 - :SYS_B_3 (VARCHAR2(30), CSID=178): 'yyyy.MM.dd'

Note
-----
   - dynamic statistics used: dynamic sampling (level=2)
   - 5 Sql Plan Directives used for this statement

SQL_ID 0sjx29v99zfqc
--------------------
SELECT INFO_WITH_MEMBER_ID.*,     enrollment.ELNS_INSCPRSRGRP
ipgGroupId,     benefit.BENP_LWSTLVL_PRODCAT productCategoryId,
affMember.USR_FRSTNAM affiliatedMemberFirstName,
affMember.USR_LAS_NAM affiliatedMemberLastName FROM (   SELECT INFO.*,
   CASE     WHEN INFO.memberAffiliationId IS NOT NULL THEN
(INFO.memberAffiliationId)     WHEN INFO.authAffiliationId IS NOT NULL
THEN (SELECT UMBS_MEMB FROM T_UM_BASE WHERE
UMBS_ID=INFO.authAffiliationId)     WHEN
INFO.careManagementAffiliationId IS NOT NULL THEN (SELECT CMBS_MEMB
FROM T_CM_BASEBASE WHERE CMBB_ID=INFO.careManagementAffiliationId)
WHEN INFO.providerAffiliationId IS NOT NULL THEN
(INFO.providerAffiliationId)     ELSE (NULL)     END
affiliatedMemberId   FROM (   SELECT * FROM (     SELECT
T.SETK_ID AS id,         T.SETK_C4C_ID AS c4cId,         T.SETK_UNIVID
AS universalId,         taskType.TSKT_RCPTTYP AS categoryId,
T.SETK_TSK_TYP AS taskTypeId,         taskType.DDLI_LBL AS
taskTypeLabel,         T.SETK_TSK_NAM AS taskName,         T.SETK_SUBJ
AS subject,         T.SETK_CRTD AS createDate,         T.SETK_SENT AS
sentDate,         T.SETK_SRTD AS startedDate,
T.SETK_TSK_TIMG_STRTDT AS startDate,         T.SETK_TSK_TIMG_SCLDAT AS
startDateSeconds,         T.SETK_TSK_TIMG_DDLN_DT AS dueDate,
T.SETK_TSK_TIMG_DDLN_TIM_IN_DY AS dueDateSeconds,         T.SETK_OWNR
AS ownerId,         own.USR_FRSTNAM AS ownerFirstName,
own.USR_LAS_NAM AS ownerLastName,         own.CLASSTYPE AS ownerType,
      T.SETK_OBJ_STT AS status,         T.SETK_AFFN_MEMB AS
memberAffiliationId,         member.USR_C4C_ID AS memberC4cId,
member.USR_FRSTNAM AS memberFirstName,         member.USR_LAS_NAM AS
memberLastName,         T.SETK_AFFN_CM AS careManagementAffiliationId,
       caseOrCm.CMBB_C4C_ID AS caseOrCmC4cId,
T.SETK_AFFN_UM_EVNT AS authAffiliationId,         auth.UMBS_C4C_ID AS
authAffiliationC4cId,         T.SETK_AFFN_PVDR AS
providerAffiliationId,         provider.USR_C4C_ID AS providerC4cId,
     T.SETK_TSK_TIMG_SNLTDT AS startNoLaterThanDate,
T.SETK_CNCLRESN AS cancelReasonId,         T.SETK_ORIGCRTR AS
originalCreatorId,         origCreator.USR_FRSTNAM AS
originalCreatorFirstName,         origCreator.USR_LAS_NAM AS
originalCreatorLastName,         caseOrCm.CLASSTYPE AS
caseOrCmClasstype,         T.SETK_TSK_DSCN AS description,
T.SETK_CMPD AS completedDate,         T.SETK_LAS_ACT_TIM AS
lastActionDate,         mod.USR_FRSTNAM lastModifiedByFirstName,
 mod.USR_LAS_NAM lastModifiedByLastName,         T.SETK_PRVSOWNR AS
previousOwnerId,         prevOwner.USR_FRSTNAM AS
previousOwnerFirstName,         prevOwner.USR_LAS_NAM AS
previousOwnerLastName,         prevOwner.CLASSTYPE AS
previousOwnerType,         CASE             WHEN
T.SETK_TSK_TIMG_DDLN_DT IS NOT NULL THEN (T.SETK_TSK_TIMG_DDLN_DT)
       WHEN T.SETK_TSK_TIMG_STRTDT IS NOT NULL THEN
(T.SETK_TSK_TIMG_STRTDT)             WHEN T.SETK_TSK_TIMG_SNLTDT IS NOT
NULL THEN (T.SETK_TSK_TIMG_SNLTDT)             ELSE (NULL)         END
       filterDate,         sender.USR_FRSTNAM fromUserFirstName,
 sender.USR_LAS_NAM fromUserLastName,         T.SETK_RESCHEDULE_REASON
AS rescheduleReason,         reason.DDLI_LBL AS rescheduleReasonLabel,
       T.SETK_RESCHEDULE_COMMENT AS rescheduleComment       FROM
T_SENTTSK T       LEFT OUTER JOIN T_USR own ON own.USR_ID=T.SETK_OWNR
    LEFT OUTER JOIN T_USR prevOwner ON prevOwner.USR_ID=T.SETK_PRVSOWNR
      LEFT OUTER JOIN T_USR member ON member.USR_ID=T.SETK_AFFN_MEMB
   LEFT OUTER JOIN T_USR origCreator ON
origCreator.USR_ID=T.SETK_ORIGCRTR       LEFT OUTER JOIN T_DDL_ITEM
taskType ON taskType.DDLI_ID=T.SETK_TSK_TYP       LEFT OUTER JOIN
T_DDL_ITEM reason ON reason.DDLI_ID=T.SETK_RESCHEDULE_REASON       LEFT
OUTER JOIN T_CM_BASEBASE caseOrCm ON caseOrCm.CMBB_ID=T.SETK_AFFN_CM
   LEFT OUTER JOIN T_UM_BASE auth ON auth.UMBS_ID=T.SETK_AFFN_UM_EVNT
    LEFT OUTER JOIN T_USR provider

Plan hash value: 3435103059

--------------------------------------------------------------------------------------------------------------------------------
| Id  | Operation                                      | Name                          | Rows  | Bytes | Cost (%CPU)| Time     |
--------------------------------------------------------------------------------------------------------------------------------
|   0 | SELECT STATEMENT                               |                               |       |       |  1966K(100)|          |
|   1 |  TABLE ACCESS BY INDEX ROWID                   | T_UM_BASE                     |     1 |    12 |     1   (0)| 00:00:01 |
|   2 |   INDEX UNIQUE SCAN                            | PK_T_UM_BASE                  |     1 |       |     1   (0)| 00:00:01 |
|   3 |   TABLE ACCESS BY INDEX ROWID                  | T_CM_BASEBASE                 |     1 |    12 |     1   (0)| 00:00:01 |
|   4 |    INDEX UNIQUE SCAN                           | PK_T_CM_BASEBASE              |     1 |       |     1   (0)| 00:00:01 |
|   5 |  NESTED LOOPS OUTER                            |                               |     1 | 46913 |  1966K  (1)| 00:01:17 |
|   6 |   NESTED LOOPS OUTER                           |                               |     1 | 46901 |  1966K  (1)| 00:01:17 |
|   7 |    NESTED LOOPS OUTER                          |                               |     1 | 46873 |    16   (7)| 00:00:01 |
|   8 |     VIEW                                       |                               |     1 | 46851 |    15   (7)| 00:00:01 |
|   9 |      VIEW                                      |                               |     1 | 46838 |    13   (8)| 00:00:01 |
|  10 |       COUNT STOPKEY                            |                               |       |       |            |          |
|  11 |        VIEW                                    |                               |     1 | 46838 |    13   (8)| 00:00:01 |
|  12 |         SORT ORDER BY STOPKEY                  |                               |     1 |   780 |    13   (8)| 00:00:01 |
|  13 |          NESTED LOOPS OUTER                    |                               |     1 |   780 |    12   (0)| 00:00:01 |
|  14 |           NESTED LOOPS OUTER                   |                               |     1 |   758 |    11   (0)| 00:00:01 |
|  15 |            NESTED LOOPS OUTER                  |                               |     1 |   736 |    10   (0)| 00:00:01 |
|  16 |             NESTED LOOPS OUTER                 |                               |     1 |   700 |     9   (0)| 00:00:01 |
|  17 |              NESTED LOOPS OUTER                |                               |     1 |   678 |     8   (0)| 00:00:01 |
|  18 |               NESTED LOOPS OUTER               |                               |     1 |   643 |     7   (0)| 00:00:01 |
|  19 |                MERGE JOIN OUTER                |                               |     1 |   624 |     6   (0)| 00:00:01 |
|  20 |                 NESTED LOOPS OUTER             |                               |     1 |   588 |     5   (0)| 00:00:01 |
|  21 |                  NESTED LOOPS OUTER            |                               |     1 |   560 |     4   (0)| 00:00:01 |
|  22 |                   NESTED LOOPS OUTER           |                               |     1 |   542 |     3   (0)| 00:00:01 |
|  23 |                    NESTED LOOPS OUTER          |                               |     1 |   518 |     2   (0)| 00:00:01 |
|  24 |                     TABLE ACCESS BY INDEX ROWID| T_SENTTSK                     |     1 |   496 |     1   (0)| 00:00:01 |
|  25 |                      INDEX RANGE SCAN          | IX_SETK_OWNR                  |     1 |       |     1   (0)| 00:00:01 |
|  26 |                     TABLE ACCESS BY INDEX ROWID| T_DDL_ITEM                    |     1 |    22 |     1   (0)| 00:00:01 |
|  27 |                      INDEX UNIQUE SCAN         | PK_T_DDL_ITEM                 |     1 |       |     1   (0)| 00:00:01 |
|  28 |                    TABLE ACCESS BY INDEX ROWID | T_DDL_ITEM                    |     1 |    24 |     1   (0)| 00:00:01 |
|  29 |                     INDEX UNIQUE SCAN          | PK_T_DDL_ITEM                 |     1 |       |     1   (0)| 00:00:01 |
|  30 |                   TABLE ACCESS BY INDEX ROWID  | T_UM_BASE                     |     1 |    18 |     1   (0)| 00:00:01 |
|  31 |                    INDEX UNIQUE SCAN           | PK_T_UM_BASE                  |     1 |       |     1   (0)| 00:00:01 |
|  32 |                  TABLE ACCESS BY INDEX ROWID   | T_CM_BASEBASE                 |     1 |    28 |     1   (0)| 00:00:01 |
|  33 |                   INDEX UNIQUE SCAN            | PK_T_CM_BASEBASE              |     1 |       |     1   (0)| 00:00:01 |
|  34 |                 BUFFER SORT                    |                               |     1 |    36 |     5   (0)| 00:00:01 |
|  35 |                  TABLE ACCESS BY INDEX ROWID   | T_USR                         |     1 |    36 |     1   (0)| 00:00:01 |
|  36 |                   INDEX UNIQUE SCAN            | PK_T_USR                      |     1 |       |     1   (0)| 00:00:01 |
|  37 |                TABLE ACCESS BY INDEX ROWID     | T_USR                         |     1 |    19 |     1   (0)| 00:00:01 |
|  38 |                 INDEX UNIQUE SCAN              | PK_T_USR                      |     1 |       |     1   (0)| 00:00:01 |
|  39 |               TABLE ACCESS BY INDEX ROWID      | T_USR                         |     1 |    35 |     1   (0)| 00:00:01 |
|  40 |                INDEX UNIQUE SCAN               | PK_T_USR                      |     1 |       |     1   (0)| 00:00:01 |
|  41 |              TABLE ACCESS BY INDEX ROWID       | T_USR                         |     1 |    22 |     1   (0)| 00:00:01 |
|  42 |               INDEX UNIQUE SCAN                | PK_T_USR                      |     1 |       |     1   (0)| 00:00:01 |
|  43 |             TABLE ACCESS BY INDEX ROWID        | T_USR                         |     1 |    36 |     1   (0)| 00:00:01 |
|  44 |              INDEX UNIQUE SCAN                 | PK_T_USR                      |     1 |       |     1   (0)| 00:00:01 |
|  45 |            TABLE ACCESS BY INDEX ROWID         | T_USR                         |     1 |    22 |     1   (0)| 00:00:01 |
|  46 |             INDEX UNIQUE SCAN                  | PK_T_USR                      |     1 |       |     1   (0)| 00:00:01 |
|  47 |           TABLE ACCESS BY INDEX ROWID          | T_USR                         |     1 |    22 |     1   (0)| 00:00:01 |
|  48 |            INDEX UNIQUE SCAN                   | PK_T_USR                      |     1 |       |     1   (0)| 00:00:01 |
|  49 |     TABLE ACCESS BY INDEX ROWID                | T_USR                         |     1 |    22 |     1   (0)| 00:00:01 |
|  50 |      INDEX UNIQUE SCAN                         | PK_T_USR                      |     1 |       |     1   (0)| 00:00:01 |
|  51 |    VIEW                                        | V_CURR_ENROLLMENT             |     1 |    28 |  1966K  (1)| 00:01:17 |
|  52 |     SORT UNIQUE                                |                               |     2 |  1092 |  1966K  (1)| 00:01:17 |
|  53 |      UNION ALL PUSHED PREDICATE                |                               |       |       |            |          |
|  54 |       FILTER                                   |                               |       |       |            |          |
|  55 |        TABLE ACCESS BY INDEX ROWID BATCHED     | T_ENNS                        |     1 |   273 |     1   (0)| 00:00:01 |
|  56 |         INDEX RANGE SCAN                       | IX_ELNS_MEMBENLTDTDSNTDTID    |     1 |       |     1   (0)| 00:00:01 |
|  57 |          SORT GROUP BY NOSORT                  |                               |     1 |    72 |     4   (0)| 00:00:01 |
|  58 |           NESTED LOOPS OUTER                   |                               |     1 |    72 |     4   (0)| 00:00:01 |
|  59 |            NESTED LOOPS                        |                               |     1 |    50 |     3   (0)| 00:00:01 |
|  60 |             NESTED LOOPS                       |                               |     1 |    12 |     2   (0)| 00:00:01 |
|  61 |              INDEX UNIQUE SCAN                 | PK_T_USR                      |     1 |     6 |     1   (0)| 00:00:01 |
|  62 |              INDEX RANGE SCAN                  | IX_NVL_USR_MRGEMSTR_USR_ID    |     1 |     6 |     1   (0)| 00:00:01 |
|  63 |             TABLE ACCESS BY INDEX ROWID        | T_ENNS                        |     1 |    38 |     1   (0)| 00:00:01 |
|  64 |              INDEX RANGE SCAN                  | IX_ELNS_MEMBENLTDTDSNTDTSTTID |     2 |       |     1   (0)| 00:00:01 |
|  65 |            TABLE ACCESS BY INDEX ROWID         | T_ENNS                        |     1 |    22 |     1   (0)| 00:00:01 |
|  66 |             INDEX RANGE SCAN                   | IX_ELNS_MEMBENLTDTDSNTDTSTTID |     1 |       |     1   (0)| 00:00:01 |
|  67 |        FAST DUAL                               |                               |     1 |       |     2   (0)| 00:00:01 |
|  68 |       FILTER                                   |                               |       |       |            |          |
|  69 |        TABLE ACCESS BY INDEX ROWID BATCHED     | T_ENNS                        |     1 |   273 |     1   (0)| 00:00:01 |
|  70 |         INDEX RANGE SCAN                       | IX_ELNS_MEMBENLTDTDSNTDTID    |     1 |       |     1   (0)| 00:00:01 |
|  71 |          SORT GROUP BY NOSORT                  |                               |     1 |    72 |     4   (0)| 00:00:01 |
|  72 |           NESTED LOOPS OUTER                   |                               |     1 |    72 |     4   (0)| 00:00:01 |
|  73 |            NESTED LOOPS                        |                               |     1 |    50 |     3   (0)| 00:00:01 |
|  74 |             NESTED LOOPS                       |                               |     1 |    12 |     2   (0)| 00:00:01 |
|  75 |              INDEX UNIQUE SCAN                 | PK_T_USR                      |     1 |     6 |     1   (0)| 00:00:01 |
|  76 |              INDEX RANGE SCAN                  | IX_NVL_USR_MRGEMSTR_USR_ID    |     1 |     6 |     1   (0)| 00:00:01 |
|  77 |             TABLE ACCESS BY INDEX ROWID        | T_ENNS                        |     1 |    38 |     1   (0)| 00:00:01 |
|  78 |              INDEX RANGE SCAN                  | IX_ELNS_MEMBENLTDTDSNTDTSTTID |     2 |       |     1   (0)| 00:00:01 |
|  79 |            TABLE ACCESS BY INDEX ROWID         | T_ENNS                        |     1 |    22 |     1   (0)| 00:00:01 |
|  80 |             INDEX RANGE SCAN                   | IX_ELNS_MEMBENLTDTDSNTDTSTTID |     1 |       |     1   (0)| 00:00:01 |
|  81 |        FAST DUAL                               |                               |     1 |       |     2   (0)| 00:00:01 |
|  82 |   TABLE ACCESS BY INDEX ROWID                  | T_BENSPKG                     |     1 |    12 |     1   (0)| 00:00:01 |
|  83 |    INDEX UNIQUE SCAN                           | PK_T_BENSPKG                  |     1 |       |     1   (0)| 00:00:01 |
--------------------------------------------------------------------------------------------------------------------------------

Query Block Name / Object Alias (identified by operation id):
-------------------------------------------------------------

   1 - SEL$4        / T_UM_BASE@SEL$4
   2 - SEL$4        / T_UM_BASE@SEL$4
   3 - SEL$5        / T_CM_BASEBASE@SEL$5
   4 - SEL$5        / T_CM_BASEBASE@SEL$5
   5 - SEL$0C04A374
   8 - SEL$3        / INFO_WITH_MEMBER_ID@SEL$2
   9 - SEL$6        / INFO@SEL$3
  10 - SEL$6
  11 - SEL$2D594895 / from$_subquery$_005@SEL$6
  12 - SEL$2D594895
  24 - SEL$2D594895 / T@SEL$8
  25 - SEL$2D594895 / T@SEL$8
  26 - SEL$2D594895 / REASON@SEL$17
  27 - SEL$2D594895 / REASON@SEL$17
  28 - SEL$2D594895 / TASKTYPE@SEL$15
  29 - SEL$2D594895 / TASKTYPE@SEL$15
  30 - SEL$2D594895 / AUTH@SEL$21
  31 - SEL$2D594895 / AUTH@SEL$21
  32 - SEL$2D594895 / CASEORCM@SEL$19
  33 - SEL$2D594895 / CASEORCM@SEL$19
  35 - SEL$2D594895 / OWN@SEL$7
  36 - SEL$2D594895 / OWN@SEL$7
  37 - SEL$2D594895 / PROVIDER@SEL$23
  38 - SEL$2D594895 / PROVIDER@SEL$23
  39 - SEL$2D594895 / MEMBER@SEL$11
  40 - SEL$2D594895 / MEMBER@SEL$11
  41 - SEL$2D594895 / SENDER@SEL$27
  42 - SEL$2D594895 / SENDER@SEL$27
  43 - SEL$2D594895 / PREVOWNER@SEL$9
  44 - SEL$2D594895 / PREVOWNER@SEL$9
  45 - SEL$2D594895 / ORIGCREATOR@SEL$13
  46 - SEL$2D594895 / ORIGCREATOR@SEL$13
  47 - SEL$2D594895 / MOD@SEL$25
  48 - SEL$2D594895 / MOD@SEL$25
  49 - SEL$0C04A374 / AFFMEMBER@SEL$1
  50 - SEL$0C04A374 / AFFMEMBER@SEL$1
  51 - SET$5715CE2E / ENROLLMENT@SEL$30
  52 - SET$5715CE2E
  54 - SEL$ECD9DCF1
  55 - SEL$ECD9DCF1 / T_SRC_ENNS@SEL$35
  56 - SEL$ECD9DCF1 / T_SRC_ENNS@SEL$35
  57 - SEL$5F185B4C
  61 - SEL$5F185B4C / T_ENNS_MASTERUSER@SEL$31
  62 - SEL$5F185B4C / T_ENNS_SLAVEUSER@SEL$31
  63 - SEL$5F185B4C / T_CURR_ENNS@SEL$32
  64 - SEL$5F185B4C / T_CURR_ENNS@SEL$32
  65 - SEL$5F185B4C / T_MAX_DISENROLLMENT_ENROLLMENT@SEL$33
  66 - SEL$5F185B4C / T_MAX_DISENROLLMENT_ENROLLMENT@SEL$33
  67 - SEL$40       / DUAL@SEL$40
  68 - SEL$0D115A56
  69 - SEL$0D115A56 / T_SRC_ENNS@SEL$42
  70 - SEL$0D115A56 / T_SRC_ENNS@SEL$42
  71 - SEL$CDBEA42D
  75 - SEL$CDBEA42D / T_ENNS_MASTERUSER@SEL$36
  76 - SEL$CDBEA42D / T_ENNS_SLAVEUSER@SEL$36
  77 - SEL$CDBEA42D / T_CURR_ENNS@SEL$37
  78 - SEL$CDBEA42D / T_CURR_ENNS@SEL$37
  79 - SEL$CDBEA42D / T_MAX_DISENROLLMENT_ENROLLMENT@SEL$38
  80 - SEL$CDBEA42D / T_MAX_DISENROLLMENT_ENROLLMENT@SEL$38
  81 - SEL$43       / DUAL@SEL$43
  82 - SEL$0C04A374 / BENEFIT@SEL$46
  83 - SEL$0C04A374 / BENEFIT@SEL$46

Outline Data
-------------

  /*+
      BEGIN_OUTLINE_DATA
      IGNORE_OPTIM_EMBEDDED_HINTS
      OPTIMIZER_FEATURES_ENABLE('12.1.0.2')
      DB_VERSION('12.1.0.2')
      OPT_PARAM('optimizer_index_cost_adj' 1)
      OPT_PARAM('optimizer_index_caching' 90)
      ALL_ROWS
      OUTLINE_LEAF(@"SEL$4")
      OUTLINE_LEAF(@"SEL$5")
      OUTLINE_LEAF(@"SEL$2D594895")
      MERGE(@"SEL$2DE0C8FF")
      OUTLINE_LEAF(@"SEL$6")
      OUTLINE_LEAF(@"SEL$3")
      OUTLINE_LEAF(@"SEL$40")
      OUTLINE_LEAF(@"SEL$5F185B4C")
      MERGE(@"SEL$6B15F4E0")
      OUTLINE_LEAF(@"SEL$ECD9DCF1")
      OUTLINE_LEAF(@"SEL$43")
      OUTLINE_LEAF(@"SEL$CDBEA42D")
      MERGE(@"SEL$57BA8109")
      OUTLINE_LEAF(@"SEL$0D115A56")
      OUTLINE_LEAF(@"SET$5715CE2E")
      PUSH_PRED(@"SEL$0C04A374" "ENROLLMENT"@"SEL$30" 3)
      OUTLINE_LEAF(@"SEL$0C04A374")
      MERGE(@"SEL$BC270230")
      OUTLINE(@"SEL$29")
      OUTLINE(@"SEL$2DE0C8FF")
      MERGE(@"SEL$27")
      MERGE(@"SEL$3B95C159")
      OUTLINE(@"SEL$41")
      OUTLINE(@"SEL$6B15F4E0")
      MERGE(@"SEL$78FE80F3")
      OUTLINE(@"SEL$35")
      OUTLINE(@"SEL$44")
      OUTLINE(@"SEL$57BA8109")
      MERGE(@"SEL$516D3A01")
      OUTLINE(@"SEL$42")
      OUTLINE(@"SET$1")
      OUTLINE(@"SEL$0C04A374")
      MERGE(@"SEL$BC270230")
      OUTLINE(@"SEL$48")
      OUTLINE(@"SEL$BC270230")
      MERGE(@"SEL$409758B4")
      MERGE(@"SEL$46")
      OUTLINE(@"SEL$28")
      OUTLINE(@"SEL$27")
      OUTLINE(@"SEL$3B95C159")
      MERGE(@"SEL$25")
      MERGE(@"SEL$6D003707")
      OUTLINE(@"SEL$D570F096")
      MERGE(@"SEL$33")
      OUTLINE(@"SEL$78FE80F3")
      MERGE(@"SEL$31")
      OUTLINE(@"SEL$067B9A3E")
      MERGE(@"SEL$38")
      OUTLINE(@"SEL$516D3A01")
      MERGE(@"SEL$36")
      OUTLINE(@"SEL$47")
      OUTLINE(@"SEL$409758B4")
      MERGE(@"SEL$30")
      MERGE(@"SEL$58A6D7F6")
      OUTLINE(@"SEL$46")
      OUTLINE(@"SEL$26")
      OUTLINE(@"SEL$25")
      OUTLINE(@"SEL$6D003707")
      MERGE(@"SEL$23")
      MERGE(@"SEL$23FAB6D1")
      OUTLINE(@"SEL$34")
      OUTLINE(@"SEL$33")
      OUTLINE(@"SEL$32")
      OUTLINE(@"SEL$31")
      OUTLINE(@"SEL$39")
      OUTLINE(@"SEL$38")
      OUTLINE(@"SEL$37")
      OUTLINE(@"SEL$36")
      OUTLINE(@"SEL$45")
      OUTLINE(@"SEL$30")
      OUTLINE(@"SEL$58A6D7F6")
      MERGE(@"SEL$1")
      OUTLINE(@"SEL$24")
      OUTLINE(@"SEL$23")
      OUTLINE(@"SEL$23FAB6D1")
      MERGE(@"SEL$21")
      MERGE(@"SEL$97A30ECD")
      OUTLINE(@"SEL$2")
      OUTLINE(@"SEL$1")
      OUTLINE(@"SEL$22")
      OUTLINE(@"SEL$21")
      OUTLINE(@"SEL$97A30ECD")
      MERGE(@"SEL$19")
      MERGE(@"SEL$CF22A5CA")
      OUTLINE(@"SEL$20")
      OUTLINE(@"SEL$19")
      OUTLINE(@"SEL$CF22A5CA")
      MERGE(@"SEL$17")
      MERGE(@"SEL$FF97D7FC")
      OUTLINE(@"SEL$18")
      OUTLINE(@"SEL$17")
      OUTLINE(@"SEL$FF97D7FC")
      MERGE(@"SEL$15")
      MERGE(@"SEL$DE5D921C")
      OUTLINE(@"SEL$16")
      OUTLINE(@"SEL$15")
      OUTLINE(@"SEL$DE5D921C")
      MERGE(@"SEL$01DD7F33")
      MERGE(@"SEL$13")
      OUTLINE(@"SEL$14")
      OUTLINE(@"SEL$01DD7F33")
      MERGE(@"SEL$11")
      MERGE(@"SEL$BDFBA881")
      OUTLINE(@"SEL$13")
      OUTLINE(@"SEL$12")
      OUTLINE(@"SEL$11")
      OUTLINE(@"SEL$BDFBA881")
      MERGE(@"SEL$9")
      MERGE(@"SEL$FC56C448")
      OUTLINE(@"SEL$10")
      OUTLINE(@"SEL$9")
      OUTLINE(@"SEL$FC56C448")
      MERGE(@"SEL$7")
      OUTLINE(@"SEL$8")
      OUTLINE(@"SEL$7")
      NO_ACCESS(@"SEL$0C04A374" "INFO_WITH_MEMBER_ID"@"SEL$2")
      INDEX_RS_ASC(@"SEL$0C04A374" "AFFMEMBER"@"SEL$1" ("T_USR"."USR_ID"))
      NO_ACCESS(@"SEL$0C04A374" "ENROLLMENT"@"SEL$30")
      INDEX_RS_ASC(@"SEL$0C04A374" "BENEFIT"@"SEL$46" ("T_BENSPKG"."BENP_ID"))
      LEADING(@"SEL$0C04A374" "INFO_WITH_MEMBER_ID"@"SEL$2" "AFFMEMBER"@"SEL$1" "ENROLLMENT"@"SEL$30" "BENEFIT"@"SEL$46")
      USE_NL(@"SEL$0C04A374" "AFFMEMBER"@"SEL$1")
      USE_NL(@"SEL$0C04A374" "ENROLLMENT"@"SEL$30")
      USE_NL(@"SEL$0C04A374" "BENEFIT"@"SEL$46")
      NO_ACCESS(@"SEL$3" "INFO"@"SEL$3")
      INDEX_RS_ASC(@"SEL$0D115A56" "T_SRC_ENNS"@"SEL$42" ("T_ENNS"."ELNS_MEMB" "T_ENNS"."ELNS_ENLTDT" "T_ENNS"."ELNS_DSNTDT"
              "T_ENNS"."ELNS_ID"))
      BATCH_TABLE_ACCESS_BY_ROWID(@"SEL$0D115A56" "T_SRC_ENNS"@"SEL$42")
      PUSH_SUBQ(@"SEL$CDBEA42D")
      INDEX_RS_ASC(@"SEL$ECD9DCF1" "T_SRC_ENNS"@"SEL$35" ("T_ENNS"."ELNS_MEMB" "T_ENNS"."ELNS_ENLTDT" "T_ENNS"."ELNS_DSNTDT"
              "T_ENNS"."ELNS_ID"))
      BATCH_TABLE_ACCESS_BY_ROWID(@"SEL$ECD9DCF1" "T_SRC_ENNS"@"SEL$35")
      PUSH_SUBQ(@"SEL$5F185B4C")
      INDEX(@"SEL$5F185B4C" "T_ENNS_MASTERUSER"@"SEL$31" ("T_USR"."USR_ID"))
      INDEX(@"SEL$5F185B4C" "T_ENNS_SLAVEUSER"@"SEL$31" "IX_NVL_USR_MRGEMSTR_USR_ID")
      INDEX_RS_ASC(@"SEL$5F185B4C" "T_CURR_ENNS"@"SEL$32" "IX_ELNS_MEMBENLTDTDSNTDTSTTID")
      INDEX_RS_ASC(@"SEL$5F185B4C" "T_MAX_DISENROLLMENT_ENROLLMENT"@"SEL$33" "IX_ELNS_MEMBENLTDTDSNTDTSTTID")
      LEADING(@"SEL$5F185B4C" "T_ENNS_MASTERUSER"@"SEL$31" "T_ENNS_SLAVEUSER"@"SEL$31" "T_CURR_ENNS"@"SEL$32"
              "T_MAX_DISENROLLMENT_ENROLLMENT"@"SEL$33")
      USE_NL(@"SEL$5F185B4C" "T_ENNS_SLAVEUSER"@"SEL$31")
      USE_NL(@"SEL$5F185B4C" "T_CURR_ENNS"@"SEL$32")
      USE_NL(@"SEL$5F185B4C" "T_MAX_DISENROLLMENT_ENROLLMENT"@"SEL$33")
      INDEX(@"SEL$CDBEA42D" "T_ENNS_MASTERUSER"@"SEL$36" ("T_USR"."USR_ID"))
      INDEX(@"SEL$CDBEA42D" "T_ENNS_SLAVEUSER"@"SEL$36" "IX_NVL_USR_MRGEMSTR_USR_ID")
      INDEX_RS_ASC(@"SEL$CDBEA42D" "T_CURR_ENNS"@"SEL$37" "IX_ELNS_MEMBENLTDTDSNTDTSTTID")
      INDEX_RS_ASC(@"SEL$CDBEA42D" "T_MAX_DISENROLLMENT_ENROLLMENT"@"SEL$38" "IX_ELNS_MEMBENLTDTDSNTDTSTTID")
      LEADING(@"SEL$CDBEA42D" "T_ENNS_MASTERUSER"@"SEL$36" "T_ENNS_SLAVEUSER"@"SEL$36" "T_CURR_ENNS"@"SEL$37"
              "T_MAX_DISENROLLMENT_ENROLLMENT"@"SEL$38")
      USE_NL(@"SEL$CDBEA42D" "T_ENNS_SLAVEUSER"@"SEL$36")
      USE_NL(@"SEL$CDBEA42D" "T_CURR_ENNS"@"SEL$37")
      USE_NL(@"SEL$CDBEA42D" "T_MAX_DISENROLLMENT_ENROLLMENT"@"SEL$38")
      NO_ACCESS(@"SEL$6" "from$_subquery$_005"@"SEL$6")
      INDEX_RS_ASC(@"SEL$2D594895" "T"@"SEL$8" ("T_SENTTSK"."SETK_OWNR"))
      INDEX_RS_ASC(@"SEL$2D594895" "REASON"@"SEL$17" ("T_DDL_ITEM"."DDLI_ID"))
      INDEX_RS_ASC(@"SEL$2D594895" "TASKTYPE"@"SEL$15" ("T_DDL_ITEM"."DDLI_ID"))
      INDEX_RS_ASC(@"SEL$2D594895" "AUTH"@"SEL$21" ("T_UM_BASE"."UMBS_ID"))
      INDEX_RS_ASC(@"SEL$2D594895" "CASEORCM"@"SEL$19" ("T_CM_BASEBASE"."CMBB_ID"))
      INDEX_RS_ASC(@"SEL$2D594895" "OWN"@"SEL$7" ("T_USR"."USR_ID"))
      INDEX_RS_ASC(@"SEL$2D594895" "PROVIDER"@"SEL$23" ("T_USR"."USR_ID"))
      INDEX_RS_ASC(@"SEL$2D594895" "MEMBER"@"SEL$11" ("T_USR"."USR_ID"))
      INDEX_RS_ASC(@"SEL$2D594895" "SENDER"@"SEL$27" ("T_USR"."USR_ID"))
      INDEX_RS_ASC(@"SEL$2D594895" "PREVOWNER"@"SEL$9" ("T_USR"."USR_ID"))
      INDEX_RS_ASC(@"SEL$2D594895" "ORIGCREATOR"@"SEL$13" ("T_USR"."USR_ID"))
      INDEX_RS_ASC(@"SEL$2D594895" "MOD"@"SEL$25" ("T_USR"."USR_ID"))
      LEADING(@"SEL$2D594895" "T"@"SEL$8" "REASON"@"SEL$17" "TASKTYPE"@"SEL$15" "AUTH"@"SEL$21" "CASEORCM"@"SEL$19"
              "OWN"@"SEL$7" "PROVIDER"@"SEL$23" "MEMBER"@"SEL$11" "SENDER"@"SEL$27" "PREVOWNER"@"SEL$9" "ORIGCREATOR"@"SEL$13"
              "MOD"@"SEL$25")
      USE_NL(@"SEL$2D594895" "REASON"@"SEL$17")
      USE_NL(@"SEL$2D594895" "TASKTYPE"@"SEL$15")
      USE_NL(@"SEL$2D594895" "AUTH"@"SEL$21")
      USE_NL(@"SEL$2D594895" "CASEORCM"@"SEL$19")
      USE_MERGE_CARTESIAN(@"SEL$2D594895" "OWN"@"SEL$7")
      USE_NL(@"SEL$2D594895" "PROVIDER"@"SEL$23")
      USE_NL(@"SEL$2D594895" "MEMBER"@"SEL$11")
      USE_NL(@"SEL$2D594895" "SENDER"@"SEL$27")
      USE_NL(@"SEL$2D594895" "PREVOWNER"@"SEL$9")
      USE_NL(@"SEL$2D594895" "ORIGCREATOR"@"SEL$13")
      USE_NL(@"SEL$2D594895" "MOD"@"SEL$25")
      INDEX_RS_ASC(@"SEL$5" "T_CM_BASEBASE"@"SEL$5" ("T_CM_BASEBASE"."CMBB_ID"))
      INDEX_RS_ASC(@"SEL$4" "T_UM_BASE"@"SEL$4" ("T_UM_BASE"."UMBS_ID"))
      END_OUTLINE_DATA
  */

Peeked Binds (identified by position):
--------------------------------------

   1 - :SYS_B_0 (NUMBER): 2
   2 - :1 (NUMBER): 11657212
   3 - :2 (NUMBER): 1
   4 - :3 (NUMBER): 3
   5 - :4 (NUMBER): 905
   6 - :5 (NUMBER): 906
   7 - :6 (NUMBER): 907
   8 - :7 (NUMBER): 908
   9 - :8 (NUMBER): 911
  10 - :9 (NUMBER): 912
  11 - :10 (NUMBER): 913
  12 - :SYS_B_1 (NUMBER): 500
  13 - :SYS_B_2 (VARCHAR2(30), CSID=178): '2020.11.18'
  14 - :SYS_B_3 (VARCHAR2(30), CSID=178): 'yyyy.MM.dd'

Note
-----
   - dynamic statistics used: dynamic sampling (level=2)
   - 2 Sql Plan Directives used for this statement

SQL_ID 0sjx29v99zfqc
--------------------
SELECT INFO_WITH_MEMBER_ID.*,     enrollment.ELNS_INSCPRSRGRP
ipgGroupId,     benefit.BENP_LWSTLVL_PRODCAT productCategoryId,
affMember.USR_FRSTNAM affiliatedMemberFirstName,
affMember.USR_LAS_NAM affiliatedMemberLastName FROM (   SELECT INFO.*,
   CASE     WHEN INFO.memberAffiliationId IS NOT NULL THEN
(INFO.memberAffiliationId)     WHEN INFO.authAffiliationId IS NOT NULL
THEN (SELECT UMBS_MEMB FROM T_UM_BASE WHERE
UMBS_ID=INFO.authAffiliationId)     WHEN
INFO.careManagementAffiliationId IS NOT NULL THEN (SELECT CMBS_MEMB
FROM T_CM_BASEBASE WHERE CMBB_ID=INFO.careManagementAffiliationId)
WHEN INFO.providerAffiliationId IS NOT NULL THEN
(INFO.providerAffiliationId)     ELSE (NULL)     END
affiliatedMemberId   FROM (   SELECT * FROM (     SELECT
T.SETK_ID AS id,         T.SETK_C4C_ID AS c4cId,         T.SETK_UNIVID
AS universalId,         taskType.TSKT_RCPTTYP AS categoryId,
T.SETK_TSK_TYP AS taskTypeId,         taskType.DDLI_LBL AS
taskTypeLabel,         T.SETK_TSK_NAM AS taskName,         T.SETK_SUBJ
AS subject,         T.SETK_CRTD AS createDate,         T.SETK_SENT AS
sentDate,         T.SETK_SRTD AS startedDate,
T.SETK_TSK_TIMG_STRTDT AS startDate,         T.SETK_TSK_TIMG_SCLDAT AS
startDateSeconds,         T.SETK_TSK_TIMG_DDLN_DT AS dueDate,
T.SETK_TSK_TIMG_DDLN_TIM_IN_DY AS dueDateSeconds,         T.SETK_OWNR
AS ownerId,         own.USR_FRSTNAM AS ownerFirstName,
own.USR_LAS_NAM AS ownerLastName,         own.CLASSTYPE AS ownerType,
      T.SETK_OBJ_STT AS status,         T.SETK_AFFN_MEMB AS
memberAffiliationId,         member.USR_C4C_ID AS memberC4cId,
member.USR_FRSTNAM AS memberFirstName,         member.USR_LAS_NAM AS
memberLastName,         T.SETK_AFFN_CM AS careManagementAffiliationId,
       caseOrCm.CMBB_C4C_ID AS caseOrCmC4cId,
T.SETK_AFFN_UM_EVNT AS authAffiliationId,         auth.UMBS_C4C_ID AS
authAffiliationC4cId,         T.SETK_AFFN_PVDR AS
providerAffiliationId,         provider.USR_C4C_ID AS providerC4cId,
     T.SETK_TSK_TIMG_SNLTDT AS startNoLaterThanDate,
T.SETK_CNCLRESN AS cancelReasonId,         T.SETK_ORIGCRTR AS
originalCreatorId,         origCreator.USR_FRSTNAM AS
originalCreatorFirstName,         origCreator.USR_LAS_NAM AS
originalCreatorLastName,         caseOrCm.CLASSTYPE AS
caseOrCmClasstype,         T.SETK_TSK_DSCN AS description,
T.SETK_CMPD AS completedDate,         T.SETK_LAS_ACT_TIM AS
lastActionDate,         mod.USR_FRSTNAM lastModifiedByFirstName,
 mod.USR_LAS_NAM lastModifiedByLastName,         T.SETK_PRVSOWNR AS
previousOwnerId,         prevOwner.USR_FRSTNAM AS
previousOwnerFirstName,         prevOwner.USR_LAS_NAM AS
previousOwnerLastName,         prevOwner.CLASSTYPE AS
previousOwnerType,         CASE             WHEN
T.SETK_TSK_TIMG_DDLN_DT IS NOT NULL THEN (T.SETK_TSK_TIMG_DDLN_DT)
       WHEN T.SETK_TSK_TIMG_STRTDT IS NOT NULL THEN
(T.SETK_TSK_TIMG_STRTDT)             WHEN T.SETK_TSK_TIMG_SNLTDT IS NOT
NULL THEN (T.SETK_TSK_TIMG_SNLTDT)             ELSE (NULL)         END
       filterDate,         sender.USR_FRSTNAM fromUserFirstName,
 sender.USR_LAS_NAM fromUserLastName,         T.SETK_RESCHEDULE_REASON
AS rescheduleReason,         reason.DDLI_LBL AS rescheduleReasonLabel,
       T.SETK_RESCHEDULE_COMMENT AS rescheduleComment       FROM
T_SENTTSK T       LEFT OUTER JOIN T_USR own ON own.USR_ID=T.SETK_OWNR
    LEFT OUTER JOIN T_USR prevOwner ON prevOwner.USR_ID=T.SETK_PRVSOWNR
      LEFT OUTER JOIN T_USR member ON member.USR_ID=T.SETK_AFFN_MEMB
   LEFT OUTER JOIN T_USR origCreator ON
origCreator.USR_ID=T.SETK_ORIGCRTR       LEFT OUTER JOIN T_DDL_ITEM
taskType ON taskType.DDLI_ID=T.SETK_TSK_TYP       LEFT OUTER JOIN
T_DDL_ITEM reason ON reason.DDLI_ID=T.SETK_RESCHEDULE_REASON       LEFT
OUTER JOIN T_CM_BASEBASE caseOrCm ON caseOrCm.CMBB_ID=T.SETK_AFFN_CM
   LEFT OUTER JOIN T_UM_BASE auth ON auth.UMBS_ID=T.SETK_AFFN_UM_EVNT
    LEFT OUTER JOIN T_USR provider

Plan hash value: 3910764974

-----------------------------------------------------------------------------------------------------------------------------------------
| Id  | Operation                                               | Name                          | Rows  | Bytes | Cost (%CPU)| Time     |
-----------------------------------------------------------------------------------------------------------------------------------------
|   0 | SELECT STATEMENT                                        |                               |       |       |  2254K(100)|          |
|   1 |  TABLE ACCESS BY INDEX ROWID                            | T_UM_BASE                     |     1 |    12 |     1   (0)| 00:00:01 |
|   2 |   INDEX UNIQUE SCAN                                     | PK_T_UM_BASE                  |     1 |       |     1   (0)| 00:00:01 |
|   3 |   TABLE ACCESS BY INDEX ROWID                           | T_CM_BASEBASE                 |     1 |    12 |     1   (0)| 00:00:01 |
|   4 |    INDEX UNIQUE SCAN                                    | PK_T_CM_BASEBASE              |     1 |       |     1   (0)| 00:00:01 |
|   5 |  NESTED LOOPS OUTER                                     |                               |   112 |  5132K|  2254K  (1)| 00:01:29 |
|   6 |   NESTED LOOPS OUTER                                    |                               |   112 |  5129K|  2254K  (1)| 00:01:29 |
|   7 |    HASH JOIN RIGHT OUTER                                |                               |   112 |  5128K|  2254K  (1)| 00:01:29 |
|   8 |     VIEW                                                | V_CURR_ENROLLMENT             |     2 |    78 |  2254K  (1)| 00:01:29 |
|   9 |      SORT UNIQUE                                        |                               |     2 |  1092 |  2254K  (1)| 00:01:29 |
|  10 |       UNION-ALL                                         |                               |       |       |            |          |
|  11 |        FILTER                                           |                               |       |       |            |          |
|  12 |         FILTER                                          |                               |       |       |            |          |
|  13 |          TABLE ACCESS STORAGE FULL                      | T_ENNS                        |   245K|    63M|   160K  (1)| 00:00:07 |
|  14 |          FAST DUAL                                      |                               |     1 |       |     2   (0)| 00:00:01 |
|  15 |         SORT GROUP BY NOSORT                            |                               |     1 |    72 |     4   (0)| 00:00:01 |
|  16 |          NESTED LOOPS OUTER                             |                               |     1 |    72 |     4   (0)| 00:00:01 |
|  17 |           NESTED LOOPS                                  |                               |     1 |    50 |     3   (0)| 00:00:01 |
|  18 |            NESTED LOOPS                                 |                               |     1 |    12 |     2   (0)| 00:00:01 |
|  19 |             INDEX UNIQUE SCAN                           | PK_T_USR                      |     1 |     6 |     1   (0)| 00:00:01 |
|  20 |             INDEX RANGE SCAN                            | IX_NVL_USR_MRGEMSTR_USR_ID    |     1 |     6 |     1   (0)| 00:00:01 |
|  21 |            TABLE ACCESS BY INDEX ROWID                  | T_ENNS                        |     1 |    38 |     1   (0)| 00:00:01 |
|  22 |             INDEX RANGE SCAN                            | IX_ELNS_MEMBENLTDTDSNTDTSTTID |     2 |       |     1   (0)| 00:00:01 |
|  23 |           TABLE ACCESS BY INDEX ROWID                   | T_ENNS                        |     1 |    22 |     1   (0)| 00:00:01 |
|  24 |            INDEX RANGE SCAN                             | IX_ELNS_MEMBENPENLTDSNDT      |     1 |       |     1   (0)| 00:00:01 |
|  25 |        FILTER                                           |                               |       |       |            |          |
|  26 |         FILTER                                          |                               |       |       |            |          |
|  27 |          TABLE ACCESS STORAGE FULL                      | T_ENNS                        |   245K|    63M|   160K  (1)| 00:00:07 |
|  28 |          FAST DUAL                                      |                               |     1 |       |     2   (0)| 00:00:01 |
|  29 |         SORT GROUP BY NOSORT                            |                               |     1 |    72 |     4   (0)| 00:00:01 |
|  30 |          NESTED LOOPS OUTER                             |                               |     1 |    72 |     4   (0)| 00:00:01 |
|  31 |           NESTED LOOPS                                  |                               |     1 |    50 |     3   (0)| 00:00:01 |
|  32 |            NESTED LOOPS                                 |                               |     1 |    12 |     2   (0)| 00:00:01 |
|  33 |             INDEX UNIQUE SCAN                           | PK_T_USR                      |     1 |     6 |     1   (0)| 00:00:01 |
|  34 |             INDEX RANGE SCAN                            | IX_NVL_USR_MRGEMSTR_USR_ID    |     1 |     6 |     1   (0)| 00:00:01 |
|  35 |            TABLE ACCESS BY INDEX ROWID                  | T_ENNS                        |     1 |    38 |     1   (0)| 00:00:01 |
|  36 |             INDEX RANGE SCAN                            | IX_ELNS_MEMBENLTDTDSNTDTSTTID |     2 |       |     1   (0)| 00:00:01 |
|  37 |           TABLE ACCESS BY INDEX ROWID                   | T_ENNS                        |     1 |    22 |     1   (0)| 00:00:01 |
|  38 |            INDEX RANGE SCAN                             | IX_ELNS_MEMBENPENLTDSNDT      |     1 |       |     1   (0)| 00:00:01 |
|  39 |     VIEW                                                |                               |   112 |  5124K|    91   (2)| 00:00:01 |
|  40 |      VIEW                                               |                               |   112 |  5122K|    15   (7)| 00:00:01 |
|  41 |       COUNT STOPKEY                                     |                               |       |       |            |          |
|  42 |        VIEW                                             |                               |   112 |  5122K|    15   (7)| 00:00:01 |
|  43 |         SORT ORDER BY STOPKEY                           |                               |   112 | 87360 |    15   (7)| 00:00:01 |
|  44 |          NESTED LOOPS OUTER                             |                               |   112 | 87360 |    14   (0)| 00:00:01 |
|  45 |           NESTED LOOPS OUTER                            |                               |   112 | 84896 |    13   (0)| 00:00:01 |
|  46 |            NESTED LOOPS OUTER                           |                               |   112 | 82432 |    12   (0)| 00:00:01 |
|  47 |             NESTED LOOPS OUTER                          |                               |   112 | 80304 |    11   (0)| 00:00:01 |
|  48 |              NESTED LOOPS OUTER                         |                               |   112 | 77840 |    10   (0)| 00:00:01 |
|  49 |               NESTED LOOPS OUTER                        |                               |   112 | 73920 |     9   (0)| 00:00:01 |
|  50 |                HASH JOIN RIGHT OUTER                    |                               |   112 | 69888 |     8   (0)| 00:00:01 |
|  51 |                 TABLE ACCESS BY INDEX ROWID             | T_USR                         |     1 |    36 |     1   (0)| 00:00:01 |
|  52 |                  INDEX UNIQUE SCAN                      | PK_T_USR                      |     1 |       |     1   (0)| 00:00:01 |
|  53 |                 NESTED LOOPS OUTER                      |                               |   112 | 65856 |     7   (0)| 00:00:01 |
|  54 |                  NESTED LOOPS OUTER                     |                               |   112 | 62720 |     6   (0)| 00:00:01 |
|  55 |                   NESTED LOOPS OUTER                    |                               |   112 | 60704 |     5   (0)| 00:00:01 |
|  56 |                    NESTED LOOPS OUTER                   |                               |   112 | 58240 |     4   (0)| 00:00:01 |
|  57 |                     INLIST ITERATOR                     |                               |       |       |            |          |
|  58 |                      TABLE ACCESS BY INDEX ROWID BATCHED| T_SENTTSK                     |   146 | 72416 |     2   (0)| 00:00:01 |
|  59 |                       INDEX RANGE SCAN                  | IX_SETK_OBJ_STT               |  1759 |       |     1   (0)| 00:00:01 |
|  60 |                     TABLE ACCESS BY INDEX ROWID         | T_DDL_ITEM                    |     1 |    24 |     1   (0)| 00:00:01 |
|  61 |                      INDEX UNIQUE SCAN                  | PK_T_DDL_ITEM                 |     1 |       |     1   (0)| 00:00:01 |
|  62 |                    TABLE ACCESS BY INDEX ROWID          | T_DDL_ITEM                    |     1 |    22 |     1   (0)| 00:00:01 |
|  63 |                     INDEX UNIQUE SCAN                   | PK_T_DDL_ITEM                 |     1 |       |     1   (0)| 00:00:01 |
|  64 |                   TABLE ACCESS BY INDEX ROWID           | T_UM_BASE                     |     1 |    18 |     1   (0)| 00:00:01 |
|  65 |                    INDEX UNIQUE SCAN                    | PK_T_UM_BASE                  |     1 |       |     1   (0)| 00:00:01 |
|  66 |                  TABLE ACCESS BY INDEX ROWID            | T_CM_BASEBASE                 |     1 |    28 |     1   (0)| 00:00:01 |
|  67 |                   INDEX UNIQUE SCAN                     | PK_T_CM_BASEBASE              |     1 |       |     1   (0)| 00:00:01 |
|  68 |                TABLE ACCESS BY INDEX ROWID              | T_USR                         |     1 |    36 |     1   (0)| 00:00:01 |
|  69 |                 INDEX UNIQUE SCAN                       | PK_T_USR                      |     1 |       |     1   (0)| 00:00:01 |
|  70 |               TABLE ACCESS BY INDEX ROWID               | T_USR                         |     1 |    35 |     1   (0)| 00:00:01 |
|  71 |                INDEX UNIQUE SCAN                        | PK_T_USR                      |     1 |       |     1   (0)| 00:00:01 |
|  72 |              TABLE ACCESS BY INDEX ROWID                | T_USR                         |     1 |    22 |     1   (0)| 00:00:01 |
|  73 |               INDEX UNIQUE SCAN                         | PK_T_USR                      |     1 |       |     1   (0)| 00:00:01 |
|  74 |             TABLE ACCESS BY INDEX ROWID                 | T_USR                         |     1 |    19 |     1   (0)| 00:00:01 |
|  75 |              INDEX UNIQUE SCAN                          | PK_T_USR                      |     1 |       |     1   (0)| 00:00:01 |
|  76 |            TABLE ACCESS BY INDEX ROWID                  | T_USR                         |     1 |    22 |     1   (0)| 00:00:01 |
|  77 |             INDEX UNIQUE SCAN                           | PK_T_USR                      |     1 |       |     1   (0)| 00:00:01 |
|  78 |           TABLE ACCESS BY INDEX ROWID                   | T_USR                         |     1 |    22 |     1   (0)| 00:00:01 |
|  79 |            INDEX UNIQUE SCAN                            | PK_T_USR                      |     1 |       |     1   (0)| 00:00:01 |
|  80 |    TABLE ACCESS BY INDEX ROWID                          | T_BENSPKG                     |     1 |    12 |     1   (0)| 00:00:01 |
|  81 |     INDEX UNIQUE SCAN                                   | PK_T_BENSPKG                  |     1 |       |     1   (0)| 00:00:01 |
|  82 |   TABLE ACCESS BY INDEX ROWID                           | T_USR                         |     1 |    22 |     1   (0)| 00:00:01 |
|  83 |    INDEX UNIQUE SCAN                                    | PK_T_USR                      |     1 |       |     1   (0)| 00:00:01 |
-----------------------------------------------------------------------------------------------------------------------------------------

Query Block Name / Object Alias (identified by operation id):
-------------------------------------------------------------

   1 - SEL$4        / T_UM_BASE@SEL$4
   2 - SEL$4        / T_UM_BASE@SEL$4
   3 - SEL$5        / T_CM_BASEBASE@SEL$5
   4 - SEL$5        / T_CM_BASEBASE@SEL$5
   5 - SEL$0C04A374
   8 - SET$1        / ENROLLMENT@SEL$30
   9 - SET$1
  11 - SEL$35
  13 - SEL$35       / T_SRC_ENNS@SEL$35
  14 - SEL$40       / DUAL@SEL$40
  15 - SEL$5F185B4C
  19 - SEL$5F185B4C / T_ENNS_MASTERUSER@SEL$31
  20 - SEL$5F185B4C / T_ENNS_SLAVEUSER@SEL$31
  21 - SEL$5F185B4C / T_CURR_ENNS@SEL$32
  22 - SEL$5F185B4C / T_CURR_ENNS@SEL$32
  23 - SEL$5F185B4C / T_MAX_DISENROLLMENT_ENROLLMENT@SEL$33
  24 - SEL$5F185B4C / T_MAX_DISENROLLMENT_ENROLLMENT@SEL$33
  25 - SEL$42
  27 - SEL$42       / T_SRC_ENNS@SEL$42
  28 - SEL$43       / DUAL@SEL$43
  29 - SEL$CDBEA42D
  33 - SEL$CDBEA42D / T_ENNS_MASTERUSER@SEL$36
  34 - SEL$CDBEA42D / T_ENNS_SLAVEUSER@SEL$36
  35 - SEL$CDBEA42D / T_CURR_ENNS@SEL$37
  36 - SEL$CDBEA42D / T_CURR_ENNS@SEL$37
  37 - SEL$CDBEA42D / T_MAX_DISENROLLMENT_ENROLLMENT@SEL$38
  38 - SEL$CDBEA42D / T_MAX_DISENROLLMENT_ENROLLMENT@SEL$38
  39 - SEL$3        / INFO_WITH_MEMBER_ID@SEL$2
  40 - SEL$6        / INFO@SEL$3
  41 - SEL$6
  42 - SEL$2D594895 / from$_subquery$_005@SEL$6
  43 - SEL$2D594895
  51 - SEL$2D594895 / OWN@SEL$7
  52 - SEL$2D594895 / OWN@SEL$7
  58 - SEL$2D594895 / T@SEL$8
  59 - SEL$2D594895 / T@SEL$8
  60 - SEL$2D594895 / TASKTYPE@SEL$15
  61 - SEL$2D594895 / TASKTYPE@SEL$15
  62 - SEL$2D594895 / REASON@SEL$17
  63 - SEL$2D594895 / REASON@SEL$17
  64 - SEL$2D594895 / AUTH@SEL$21
  65 - SEL$2D594895 / AUTH@SEL$21
  66 - SEL$2D594895 / CASEORCM@SEL$19
  67 - SEL$2D594895 / CASEORCM@SEL$19
  68 - SEL$2D594895 / PREVOWNER@SEL$9
  69 - SEL$2D594895 / PREVOWNER@SEL$9
  70 - SEL$2D594895 / MEMBER@SEL$11
  71 - SEL$2D594895 / MEMBER@SEL$11
  72 - SEL$2D594895 / ORIGCREATOR@SEL$13
  73 - SEL$2D594895 / ORIGCREATOR@SEL$13
  74 - SEL$2D594895 / PROVIDER@SEL$23
  75 - SEL$2D594895 / PROVIDER@SEL$23
  76 - SEL$2D594895 / MOD@SEL$25
  77 - SEL$2D594895 / MOD@SEL$25
  78 - SEL$2D594895 / SENDER@SEL$27
  79 - SEL$2D594895 / SENDER@SEL$27
  80 - SEL$0C04A374 / BENEFIT@SEL$46
  81 - SEL$0C04A374 / BENEFIT@SEL$46
  82 - SEL$0C04A374 / AFFMEMBER@SEL$1
  83 - SEL$0C04A374 / AFFMEMBER@SEL$1

Outline Data
-------------

  /*+
      BEGIN_OUTLINE_DATA
      IGNORE_OPTIM_EMBEDDED_HINTS
      OPTIMIZER_FEATURES_ENABLE('12.1.0.2')
      DB_VERSION('12.1.0.2')
      OPT_PARAM('optimizer_index_cost_adj' 1)
      OPT_PARAM('optimizer_index_caching' 90)
      ALL_ROWS
      OUTLINE_LEAF(@"SEL$4")
      OUTLINE_LEAF(@"SEL$5")
      OUTLINE_LEAF(@"SEL$2D594895")
      MERGE(@"SEL$2DE0C8FF")
      OUTLINE_LEAF(@"SEL$6")
      OUTLINE_LEAF(@"SEL$3")
      OUTLINE_LEAF(@"SEL$40")
      OUTLINE_LEAF(@"SEL$5F185B4C")
      MERGE(@"SEL$6B15F4E0")
      OUTLINE_LEAF(@"SEL$35")
      OUTLINE_LEAF(@"SEL$43")
      OUTLINE_LEAF(@"SEL$CDBEA42D")
      MERGE(@"SEL$57BA8109")
      OUTLINE_LEAF(@"SEL$42")
      OUTLINE_LEAF(@"SET$1")
      OUTLINE_LEAF(@"SEL$0C04A374")
      MERGE(@"SEL$BC270230")
      OUTLINE(@"SEL$29")
      OUTLINE(@"SEL$2DE0C8FF")
      MERGE(@"SEL$27")
      MERGE(@"SEL$3B95C159")
      OUTLINE(@"SEL$41")
      OUTLINE(@"SEL$6B15F4E0")
      MERGE(@"SEL$78FE80F3")
      OUTLINE(@"SEL$44")
      OUTLINE(@"SEL$57BA8109")
      MERGE(@"SEL$516D3A01")
      OUTLINE(@"SEL$48")
      OUTLINE(@"SEL$BC270230")
      MERGE(@"SEL$409758B4")
      MERGE(@"SEL$46")
      OUTLINE(@"SEL$28")
      OUTLINE(@"SEL$27")
      OUTLINE(@"SEL$3B95C159")
      MERGE(@"SEL$25")
      MERGE(@"SEL$6D003707")
      OUTLINE(@"SEL$D570F096")
      MERGE(@"SEL$33")
      OUTLINE(@"SEL$78FE80F3")
      MERGE(@"SEL$31")
      OUTLINE(@"SEL$067B9A3E")
      MERGE(@"SEL$38")
      OUTLINE(@"SEL$516D3A01")
      MERGE(@"SEL$36")
      OUTLINE(@"SEL$47")
      OUTLINE(@"SEL$409758B4")
      MERGE(@"SEL$30")
      MERGE(@"SEL$58A6D7F6")
      OUTLINE(@"SEL$46")
      OUTLINE(@"SEL$26")
      OUTLINE(@"SEL$25")
      OUTLINE(@"SEL$6D003707")
      MERGE(@"SEL$23")
      MERGE(@"SEL$23FAB6D1")
      OUTLINE(@"SEL$34")
      OUTLINE(@"SEL$33")
      OUTLINE(@"SEL$32")
      OUTLINE(@"SEL$31")
      OUTLINE(@"SEL$39")
      OUTLINE(@"SEL$38")
      OUTLINE(@"SEL$37")
      OUTLINE(@"SEL$36")
      OUTLINE(@"SEL$45")
      OUTLINE(@"SEL$30")
      OUTLINE(@"SEL$58A6D7F6")
      MERGE(@"SEL$1")
      OUTLINE(@"SEL$24")
      OUTLINE(@"SEL$23")
      OUTLINE(@"SEL$23FAB6D1")
      MERGE(@"SEL$21")
      MERGE(@"SEL$97A30ECD")
      OUTLINE(@"SEL$2")
      OUTLINE(@"SEL$1")
      OUTLINE(@"SEL$22")
      OUTLINE(@"SEL$21")
      OUTLINE(@"SEL$97A30ECD")
      MERGE(@"SEL$19")
      MERGE(@"SEL$CF22A5CA")
      OUTLINE(@"SEL$20")
      OUTLINE(@"SEL$19")
      OUTLINE(@"SEL$CF22A5CA")
      MERGE(@"SEL$17")
      MERGE(@"SEL$FF97D7FC")
      OUTLINE(@"SEL$18")
      OUTLINE(@"SEL$17")
      OUTLINE(@"SEL$FF97D7FC")
      MERGE(@"SEL$15")
      MERGE(@"SEL$DE5D921C")
      OUTLINE(@"SEL$16")
      OUTLINE(@"SEL$15")
      OUTLINE(@"SEL$DE5D921C")
      MERGE(@"SEL$01DD7F33")
      MERGE(@"SEL$13")
      OUTLINE(@"SEL$14")
      OUTLINE(@"SEL$01DD7F33")
      MERGE(@"SEL$11")
      MERGE(@"SEL$BDFBA881")
      OUTLINE(@"SEL$13")
      OUTLINE(@"SEL$12")
      OUTLINE(@"SEL$11")
      OUTLINE(@"SEL$BDFBA881")
      MERGE(@"SEL$9")
      MERGE(@"SEL$FC56C448")
      OUTLINE(@"SEL$10")
      OUTLINE(@"SEL$9")
      OUTLINE(@"SEL$FC56C448")
      MERGE(@"SEL$7")
      OUTLINE(@"SEL$8")
      OUTLINE(@"SEL$7")
      NO_ACCESS(@"SEL$0C04A374" "INFO_WITH_MEMBER_ID"@"SEL$2")
      NO_ACCESS(@"SEL$0C04A374" "ENROLLMENT"@"SEL$30")
      INDEX_RS_ASC(@"SEL$0C04A374" "BENEFIT"@"SEL$46" ("T_BENSPKG"."BENP_ID"))
      INDEX_RS_ASC(@"SEL$0C04A374" "AFFMEMBER"@"SEL$1" ("T_USR"."USR_ID"))
      LEADING(@"SEL$0C04A374" "INFO_WITH_MEMBER_ID"@"SEL$2" "ENROLLMENT"@"SEL$30" "BENEFIT"@"SEL$46" "AFFMEMBER"@"SEL$1")
      USE_HASH(@"SEL$0C04A374" "ENROLLMENT"@"SEL$30")
      USE_NL(@"SEL$0C04A374" "BENEFIT"@"SEL$46")
      USE_NL(@"SEL$0C04A374" "AFFMEMBER"@"SEL$1")
      SWAP_JOIN_INPUTS(@"SEL$0C04A374" "ENROLLMENT"@"SEL$30")
      NO_ACCESS(@"SEL$3" "INFO"@"SEL$3")
      FULL(@"SEL$42" "T_SRC_ENNS"@"SEL$42")
      PQ_FILTER(@"SEL$42" SERIAL)
      FULL(@"SEL$35" "T_SRC_ENNS"@"SEL$35")
      PQ_FILTER(@"SEL$35" SERIAL)
      INDEX(@"SEL$5F185B4C" "T_ENNS_MASTERUSER"@"SEL$31" ("T_USR"."USR_ID"))
      INDEX(@"SEL$5F185B4C" "T_ENNS_SLAVEUSER"@"SEL$31" "IX_NVL_USR_MRGEMSTR_USR_ID")
      INDEX_RS_ASC(@"SEL$5F185B4C" "T_CURR_ENNS"@"SEL$32" "IX_ELNS_MEMBENLTDTDSNTDTSTTID")
      INDEX_RS_ASC(@"SEL$5F185B4C" "T_MAX_DISENROLLMENT_ENROLLMENT"@"SEL$33" "IX_ELNS_MEMBENPENLTDSNDT")
      LEADING(@"SEL$5F185B4C" "T_ENNS_MASTERUSER"@"SEL$31" "T_ENNS_SLAVEUSER"@"SEL$31" "T_CURR_ENNS"@"SEL$32"
              "T_MAX_DISENROLLMENT_ENROLLMENT"@"SEL$33")
      USE_NL(@"SEL$5F185B4C" "T_ENNS_SLAVEUSER"@"SEL$31")
      USE_NL(@"SEL$5F185B4C" "T_CURR_ENNS"@"SEL$32")
      USE_NL(@"SEL$5F185B4C" "T_MAX_DISENROLLMENT_ENROLLMENT"@"SEL$33")
      INDEX(@"SEL$CDBEA42D" "T_ENNS_MASTERUSER"@"SEL$36" ("T_USR"."USR_ID"))
      INDEX(@"SEL$CDBEA42D" "T_ENNS_SLAVEUSER"@"SEL$36" "IX_NVL_USR_MRGEMSTR_USR_ID")
      INDEX_RS_ASC(@"SEL$CDBEA42D" "T_CURR_ENNS"@"SEL$37" "IX_ELNS_MEMBENLTDTDSNTDTSTTID")
      INDEX_RS_ASC(@"SEL$CDBEA42D" "T_MAX_DISENROLLMENT_ENROLLMENT"@"SEL$38" "IX_ELNS_MEMBENPENLTDSNDT")
      LEADING(@"SEL$CDBEA42D" "T_ENNS_MASTERUSER"@"SEL$36" "T_ENNS_SLAVEUSER"@"SEL$36" "T_CURR_ENNS"@"SEL$37"
              "T_MAX_DISENROLLMENT_ENROLLMENT"@"SEL$38")
      USE_NL(@"SEL$CDBEA42D" "T_ENNS_SLAVEUSER"@"SEL$36")
      USE_NL(@"SEL$CDBEA42D" "T_CURR_ENNS"@"SEL$37")
      USE_NL(@"SEL$CDBEA42D" "T_MAX_DISENROLLMENT_ENROLLMENT"@"SEL$38")
      NO_ACCESS(@"SEL$6" "from$_subquery$_005"@"SEL$6")
      INDEX_RS_ASC(@"SEL$2D594895" "T"@"SEL$8" ("T_SENTTSK"."SETK_OBJ_STT"))
      BATCH_TABLE_ACCESS_BY_ROWID(@"SEL$2D594895" "T"@"SEL$8")
      INDEX_RS_ASC(@"SEL$2D594895" "TASKTYPE"@"SEL$15" ("T_DDL_ITEM"."DDLI_ID"))
      INDEX_RS_ASC(@"SEL$2D594895" "REASON"@"SEL$17" ("T_DDL_ITEM"."DDLI_ID"))
      INDEX_RS_ASC(@"SEL$2D594895" "AUTH"@"SEL$21" ("T_UM_BASE"."UMBS_ID"))
      INDEX_RS_ASC(@"SEL$2D594895" "CASEORCM"@"SEL$19" ("T_CM_BASEBASE"."CMBB_ID"))
      INDEX_RS_ASC(@"SEL$2D594895" "OWN"@"SEL$7" ("T_USR"."USR_ID"))
      INDEX_RS_ASC(@"SEL$2D594895" "PREVOWNER"@"SEL$9" ("T_USR"."USR_ID"))
      INDEX_RS_ASC(@"SEL$2D594895" "MEMBER"@"SEL$11" ("T_USR"."USR_ID"))
      INDEX_RS_ASC(@"SEL$2D594895" "ORIGCREATOR"@"SEL$13" ("T_USR"."USR_ID"))
      INDEX_RS_ASC(@"SEL$2D594895" "PROVIDER"@"SEL$23" ("T_USR"."USR_ID"))
      INDEX_RS_ASC(@"SEL$2D594895" "MOD"@"SEL$25" ("T_USR"."USR_ID"))
      INDEX_RS_ASC(@"SEL$2D594895" "SENDER"@"SEL$27" ("T_USR"."USR_ID"))
      LEADING(@"SEL$2D594895" "T"@"SEL$8" "TASKTYPE"@"SEL$15" "REASON"@"SEL$17" "AUTH"@"SEL$21" "CASEORCM"@"SEL$19" "OWN"@"SEL$7"
              "PREVOWNER"@"SEL$9" "MEMBER"@"SEL$11" "ORIGCREATOR"@"SEL$13" "PROVIDER"@"SEL$23" "MOD"@"SEL$25" "SENDER"@"SEL$27")
      USE_NL(@"SEL$2D594895" "TASKTYPE"@"SEL$15")
      USE_NL(@"SEL$2D594895" "REASON"@"SEL$17")
      USE_NL(@"SEL$2D594895" "AUTH"@"SEL$21")
      USE_NL(@"SEL$2D594895" "CASEORCM"@"SEL$19")
      USE_HASH(@"SEL$2D594895" "OWN"@"SEL$7")
      USE_NL(@"SEL$2D594895" "PREVOWNER"@"SEL$9")
      USE_NL(@"SEL$2D594895" "MEMBER"@"SEL$11")
      USE_NL(@"SEL$2D594895" "ORIGCREATOR"@"SEL$13")
      USE_NL(@"SEL$2D594895" "PROVIDER"@"SEL$23")
      USE_NL(@"SEL$2D594895" "MOD"@"SEL$25")
      USE_NL(@"SEL$2D594895" "SENDER"@"SEL$27")
      SWAP_JOIN_INPUTS(@"SEL$2D594895" "OWN"@"SEL$7")
      INDEX_RS_ASC(@"SEL$5" "T_CM_BASEBASE"@"SEL$5" ("T_CM_BASEBASE"."CMBB_ID"))
      INDEX_RS_ASC(@"SEL$4" "T_UM_BASE"@"SEL$4" ("T_UM_BASE"."UMBS_ID"))
      END_OUTLINE_DATA
  */

Peeked Binds (identified by position):
--------------------------------------

   1 - :SYS_B_0 (NUMBER): 2
   2 - :1 (NUMBER): 11642315
   3 - :2 (NUMBER): 1
   4 - :3 (NUMBER): 3
   5 - :4 (NUMBER): 905
   6 - :5 (NUMBER): 906
   7 - :6 (NUMBER): 907
   8 - :7 (NUMBER): 908
   9 - :8 (NUMBER): 911
  10 - :9 (NUMBER): 912
  11 - :10 (NUMBER): 913
  12 - :SYS_B_1 (NUMBER): 500
  13 - :SYS_B_2 (VARCHAR2(30), CSID=178): '2020.12.26'
  14 - :SYS_B_3 (VARCHAR2(30), CSID=178): 'yyyy.MM.dd'

Note
-----
   - dynamic statistics used: dynamic sampling (level=2)
   - 5 Sql Plan Directives used for this statement

SQL_ID 0sjx29v99zfqc
--------------------
SELECT INFO_WITH_MEMBER_ID.*,     enrollment.ELNS_INSCPRSRGRP
ipgGroupId,     benefit.BENP_LWSTLVL_PRODCAT productCategoryId,
affMember.USR_FRSTNAM affiliatedMemberFirstName,
affMember.USR_LAS_NAM affiliatedMemberLastName FROM (   SELECT INFO.*,
   CASE     WHEN INFO.memberAffiliationId IS NOT NULL THEN
(INFO.memberAffiliationId)     WHEN INFO.authAffiliationId IS NOT NULL
THEN (SELECT UMBS_MEMB FROM T_UM_BASE WHERE
UMBS_ID=INFO.authAffiliationId)     WHEN
INFO.careManagementAffiliationId IS NOT NULL THEN (SELECT CMBS_MEMB
FROM T_CM_BASEBASE WHERE CMBB_ID=INFO.careManagementAffiliationId)
WHEN INFO.providerAffiliationId IS NOT NULL THEN
(INFO.providerAffiliationId)     ELSE (NULL)     END
affiliatedMemberId   FROM (   SELECT * FROM (     SELECT
T.SETK_ID AS id,         T.SETK_C4C_ID AS c4cId,         T.SETK_UNIVID
AS universalId,         taskType.TSKT_RCPTTYP AS categoryId,
T.SETK_TSK_TYP AS taskTypeId,         taskType.DDLI_LBL AS
taskTypeLabel,         T.SETK_TSK_NAM AS taskName,         T.SETK_SUBJ
AS subject,         T.SETK_CRTD AS createDate,         T.SETK_SENT AS
sentDate,         T.SETK_SRTD AS startedDate,
T.SETK_TSK_TIMG_STRTDT AS startDate,         T.SETK_TSK_TIMG_SCLDAT AS
startDateSeconds,         T.SETK_TSK_TIMG_DDLN_DT AS dueDate,
T.SETK_TSK_TIMG_DDLN_TIM_IN_DY AS dueDateSeconds,         T.SETK_OWNR
AS ownerId,         own.USR_FRSTNAM AS ownerFirstName,
own.USR_LAS_NAM AS ownerLastName,         own.CLASSTYPE AS ownerType,
      T.SETK_OBJ_STT AS status,         T.SETK_AFFN_MEMB AS
memberAffiliationId,         member.USR_C4C_ID AS memberC4cId,
member.USR_FRSTNAM AS memberFirstName,         member.USR_LAS_NAM AS
memberLastName,         T.SETK_AFFN_CM AS careManagementAffiliationId,
       caseOrCm.CMBB_C4C_ID AS caseOrCmC4cId,
T.SETK_AFFN_UM_EVNT AS authAffiliationId,         auth.UMBS_C4C_ID AS
authAffiliationC4cId,         T.SETK_AFFN_PVDR AS
providerAffiliationId,         provider.USR_C4C_ID AS providerC4cId,
     T.SETK_TSK_TIMG_SNLTDT AS startNoLaterThanDate,
T.SETK_CNCLRESN AS cancelReasonId,         T.SETK_ORIGCRTR AS
originalCreatorId,         origCreator.USR_FRSTNAM AS
originalCreatorFirstName,         origCreator.USR_LAS_NAM AS
originalCreatorLastName,         caseOrCm.CLASSTYPE AS
caseOrCmClasstype,         T.SETK_TSK_DSCN AS description,
T.SETK_CMPD AS completedDate,         T.SETK_LAS_ACT_TIM AS
lastActionDate,         mod.USR_FRSTNAM lastModifiedByFirstName,
 mod.USR_LAS_NAM lastModifiedByLastName,         T.SETK_PRVSOWNR AS
previousOwnerId,         prevOwner.USR_FRSTNAM AS
previousOwnerFirstName,         prevOwner.USR_LAS_NAM AS
previousOwnerLastName,         prevOwner.CLASSTYPE AS
previousOwnerType,         CASE             WHEN
T.SETK_TSK_TIMG_DDLN_DT IS NOT NULL THEN (T.SETK_TSK_TIMG_DDLN_DT)
       WHEN T.SETK_TSK_TIMG_STRTDT IS NOT NULL THEN
(T.SETK_TSK_TIMG_STRTDT)             WHEN T.SETK_TSK_TIMG_SNLTDT IS NOT
NULL THEN (T.SETK_TSK_TIMG_SNLTDT)             ELSE (NULL)         END
       filterDate,         sender.USR_FRSTNAM fromUserFirstName,
 sender.USR_LAS_NAM fromUserLastName,         T.SETK_RESCHEDULE_REASON
AS rescheduleReason,         reason.DDLI_LBL AS rescheduleReasonLabel,
       T.SETK_RESCHEDULE_COMMENT AS rescheduleComment       FROM
T_SENTTSK T       LEFT OUTER JOIN T_USR own ON own.USR_ID=T.SETK_OWNR
    LEFT OUTER JOIN T_USR prevOwner ON prevOwner.USR_ID=T.SETK_PRVSOWNR
      LEFT OUTER JOIN T_USR member ON member.USR_ID=T.SETK_AFFN_MEMB
   LEFT OUTER JOIN T_USR origCreator ON
origCreator.USR_ID=T.SETK_ORIGCRTR       LEFT OUTER JOIN T_DDL_ITEM
taskType ON taskType.DDLI_ID=T.SETK_TSK_TYP       LEFT OUTER JOIN
T_DDL_ITEM reason ON reason.DDLI_ID=T.SETK_RESCHEDULE_REASON       LEFT
OUTER JOIN T_CM_BASEBASE caseOrCm ON caseOrCm.CMBB_ID=T.SETK_AFFN_CM
   LEFT OUTER JOIN T_UM_BASE auth ON auth.UMBS_ID=T.SETK_AFFN_UM_EVNT
    LEFT OUTER JOIN T_USR provider

Plan hash value: 4066339909

---------------------------------------------------------------------------------------------------------------------------------
| Id  | Operation                                       | Name                          | Rows  | Bytes | Cost (%CPU)| Time     |
---------------------------------------------------------------------------------------------------------------------------------
|   0 | SELECT STATEMENT                                |                               |       |       |  2259K(100)|          |
|   1 |  TABLE ACCESS BY INDEX ROWID                    | T_UM_BASE                     |     1 |    12 |     1   (0)| 00:00:01 |
|   2 |   INDEX UNIQUE SCAN                             | PK_T_UM_BASE                  |     1 |       |     1   (0)| 00:00:01 |
|   3 |   TABLE ACCESS BY INDEX ROWID                   | T_CM_BASEBASE                 |     1 |    12 |     1   (0)| 00:00:01 |
|   4 |    INDEX UNIQUE SCAN                            | PK_T_CM_BASEBASE              |     1 |       |     1   (0)| 00:00:01 |
|   5 |  NESTED LOOPS OUTER                             |                               |    32 |  1466K|  2259K  (1)| 00:01:29 |
|   6 |   NESTED LOOPS OUTER                            |                               |    32 |  1465K|  2259K  (1)| 00:01:29 |
|   7 |    HASH JOIN RIGHT OUTER                        |                               |    32 |  1465K|  2259K  (1)| 00:01:29 |
|   8 |     VIEW                                        | V_CURR_ENROLLMENT             |     2 |    78 |  2259K  (1)| 00:01:29 |
|   9 |      SORT UNIQUE                                |                               |     2 |  1092 |  2259K  (1)| 00:01:29 |
|  10 |       UNION-ALL                                 |                               |       |       |            |          |
|  11 |        FILTER                                   |                               |       |       |            |          |
|  12 |         FILTER                                  |                               |       |       |            |          |
|  13 |          TABLE ACCESS STORAGE FULL              | T_ENNS                        |   245K|    64M|   160K  (1)| 00:00:07 |
|  14 |          FAST DUAL                              |                               |     1 |       |     2   (0)| 00:00:01 |
|  15 |         SORT GROUP BY NOSORT                    |                               |     1 |    72 |     4   (0)| 00:00:01 |
|  16 |          NESTED LOOPS OUTER                     |                               |     1 |    72 |     4   (0)| 00:00:01 |
|  17 |           NESTED LOOPS                          |                               |     1 |    50 |     3   (0)| 00:00:01 |
|  18 |            NESTED LOOPS                         |                               |     1 |    12 |     2   (0)| 00:00:01 |
|  19 |             INDEX UNIQUE SCAN                   | PK_T_USR                      |     1 |     6 |     1   (0)| 00:00:01 |
|  20 |             INDEX RANGE SCAN                    | IX_NVL_USR_MRGEMSTR_USR_ID    |     1 |     6 |     1   (0)| 00:00:01 |
|  21 |            TABLE ACCESS BY INDEX ROWID          | T_ENNS                        |     1 |    38 |     1   (0)| 00:00:01 |
|  22 |             INDEX RANGE SCAN                    | IX_ELNS_MEMBENLTDTDSNTDTSTTID |     2 |       |     1   (0)| 00:00:01 |
|  23 |           TABLE ACCESS BY INDEX ROWID           | T_ENNS                        |     1 |    22 |     1   (0)| 00:00:01 |
|  24 |            INDEX RANGE SCAN                     | IX_ELNS_MEMBENLTDTDSNTDTID    |     1 |       |     1   (0)| 00:00:01 |
|  25 |        FILTER                                   |                               |       |       |            |          |
|  26 |         FILTER                                  |                               |       |       |            |          |
|  27 |          TABLE ACCESS STORAGE FULL              | T_ENNS                        |   245K|    64M|   160K  (1)| 00:00:07 |
|  28 |          FAST DUAL                              |                               |     1 |       |     2   (0)| 00:00:01 |
|  29 |         SORT GROUP BY NOSORT                    |                               |     1 |    72 |     4   (0)| 00:00:01 |
|  30 |          NESTED LOOPS OUTER                     |                               |     1 |    72 |     4   (0)| 00:00:01 |
|  31 |           NESTED LOOPS                          |                               |     1 |    50 |     3   (0)| 00:00:01 |
|  32 |            NESTED LOOPS                         |                               |     1 |    12 |     2   (0)| 00:00:01 |
|  33 |             INDEX UNIQUE SCAN                   | PK_T_USR                      |     1 |     6 |     1   (0)| 00:00:01 |
|  34 |             INDEX RANGE SCAN                    | IX_NVL_USR_MRGEMSTR_USR_ID    |     1 |     6 |     1   (0)| 00:00:01 |
|  35 |            TABLE ACCESS BY INDEX ROWID          | T_ENNS                        |     1 |    38 |     1   (0)| 00:00:01 |
|  36 |             INDEX RANGE SCAN                    | IX_ELNS_MEMBENLTDTDSNTDTSTTID |     2 |       |     1   (0)| 00:00:01 |
|  37 |           TABLE ACCESS BY INDEX ROWID           | T_ENNS                        |     1 |    22 |     1   (0)| 00:00:01 |
|  38 |            INDEX RANGE SCAN                     | IX_ELNS_MEMBENLTDTDSNTDTID    |     1 |       |     1   (0)| 00:00:01 |
|  39 |     VIEW                                        |                               |    32 |  1464K|    46   (3)| 00:00:01 |
|  40 |      VIEW                                       |                               |    32 |  1463K|    14   (8)| 00:00:01 |
|  41 |       COUNT STOPKEY                             |                               |       |       |            |          |
|  42 |        VIEW                                     |                               |    32 |  1463K|    14   (8)| 00:00:01 |
|  43 |         SORT ORDER BY STOPKEY                   |                               |    32 | 24960 |    14   (8)| 00:00:01 |
|  44 |          NESTED LOOPS OUTER                     |                               |    32 | 24960 |    13   (0)| 00:00:01 |
|  45 |           NESTED LOOPS OUTER                    |                               |    32 | 24192 |    12   (0)| 00:00:01 |
|  46 |            NESTED LOOPS OUTER                   |                               |    32 | 23488 |    11   (0)| 00:00:01 |
|  47 |             NESTED LOOPS OUTER                  |                               |    32 | 22784 |    10   (0)| 00:00:01 |
|  48 |              NESTED LOOPS OUTER                 |                               |    32 | 21888 |     9   (0)| 00:00:01 |
|  49 |               NESTED LOOPS OUTER                |                               |    32 | 21184 |     8   (0)| 00:00:01 |
|  50 |                NESTED LOOPS OUTER               |                               |    32 | 20032 |     7   (0)| 00:00:01 |
|  51 |                 NESTED LOOPS OUTER              |                               |    32 | 18912 |     6   (0)| 00:00:01 |
|  52 |                  NESTED LOOPS OUTER             |                               |    32 | 18208 |     5   (0)| 00:00:01 |
|  53 |                   NESTED LOOPS OUTER            |                               |    32 | 17632 |     4   (0)| 00:00:01 |
|  54 |                    MERGE JOIN OUTER             |                               |    32 | 17024 |     3   (0)| 00:00:01 |
|  55 |                     INLIST ITERATOR             |                               |       |       |            |          |
|  56 |                      TABLE ACCESS BY INDEX ROWID| T_SENTTSK                     |    32 | 15872 |     2   (0)| 00:00:01 |
|  57 |                       INDEX RANGE SCAN          | IX_SETK_OBJ_STT               |  1710 |       |     1   (0)| 00:00:01 |
|  58 |                     BUFFER SORT                 |                               |     1 |    36 |     1   (0)| 00:00:01 |
|  59 |                      TABLE ACCESS BY INDEX ROWID| T_USR                         |     1 |    36 |     1   (0)| 00:00:01 |
|  60 |                       INDEX UNIQUE SCAN         | PK_T_USR                      |     1 |       |     1   (0)| 00:00:01 |
|  61 |                    TABLE ACCESS BY INDEX ROWID  | T_USR                         |     1 |    19 |     1   (0)| 00:00:01 |
|  62 |                     INDEX UNIQUE SCAN           | PK_T_USR                      |     1 |       |     1   (0)| 00:00:01 |
|  63 |                   TABLE ACCESS BY INDEX ROWID   | T_UM_BASE                     |     1 |    18 |     1   (0)| 00:00:01 |
|  64 |                    INDEX UNIQUE SCAN            | PK_T_UM_BASE                  |     1 |       |     1   (0)| 00:00:01 |
|  65 |                  TABLE ACCESS BY INDEX ROWID    | T_DDL_ITEM                    |     1 |    22 |     1   (0)| 00:00:01 |
|  66 |                   INDEX UNIQUE SCAN             | PK_T_DDL_ITEM                 |     1 |       |     1   (0)| 00:00:01 |
|  67 |                 TABLE ACCESS BY INDEX ROWID     | T_USR                         |     1 |    35 |     1   (0)| 00:00:01 |
|  68 |                  INDEX UNIQUE SCAN              | PK_T_USR                      |     1 |       |     1   (0)| 00:00:01 |
|  69 |                TABLE ACCESS BY INDEX ROWID      | T_USR                         |     1 |    36 |     1   (0)| 00:00:01 |
|  70 |                 INDEX UNIQUE SCAN               | PK_T_USR                      |     1 |       |     1   (0)| 00:00:01 |
|  71 |               TABLE ACCESS BY INDEX ROWID       | T_USR                         |     1 |    22 |     1   (0)| 00:00:01 |
|  72 |                INDEX UNIQUE SCAN                | PK_T_USR                      |     1 |       |     1   (0)| 00:00:01 |
|  73 |              TABLE ACCESS BY INDEX ROWID        | T_CM_BASEBASE                 |     1 |    28 |     1   (0)| 00:00:01 |
|  74 |               INDEX UNIQUE SCAN                 | PK_T_CM_BASEBASE              |     1 |       |     1   (0)| 00:00:01 |
|  75 |             TABLE ACCESS BY INDEX ROWID         | T_USR                         |     1 |    22 |     1   (0)| 00:00:01 |
|  76 |              INDEX UNIQUE SCAN                  | PK_T_USR                      |     1 |       |     1   (0)| 00:00:01 |
|  77 |            TABLE ACCESS BY INDEX ROWID          | T_USR                         |     1 |    22 |     1   (0)| 00:00:01 |
|  78 |             INDEX UNIQUE SCAN                   | PK_T_USR                      |     1 |       |     1   (0)| 00:00:01 |
|  79 |           TABLE ACCESS BY INDEX ROWID           | T_DDL_ITEM                    |     1 |    24 |     1   (0)| 00:00:01 |
|  80 |            INDEX UNIQUE SCAN                    | PK_T_DDL_ITEM                 |     1 |       |     1   (0)| 00:00:01 |
|  81 |    TABLE ACCESS BY INDEX ROWID                  | T_BENSPKG                     |     1 |    12 |     1   (0)| 00:00:01 |
|  82 |     INDEX UNIQUE SCAN                           | PK_T_BENSPKG                  |     1 |       |     1   (0)| 00:00:01 |
|  83 |   TABLE ACCESS BY INDEX ROWID                   | T_USR                         |     1 |    22 |     1   (0)| 00:00:01 |
|  84 |    INDEX UNIQUE SCAN                            | PK_T_USR                      |     1 |       |     1   (0)| 00:00:01 |
---------------------------------------------------------------------------------------------------------------------------------

Query Block Name / Object Alias (identified by operation id):
-------------------------------------------------------------

   1 - SEL$4        / T_UM_BASE@SEL$4
   2 - SEL$4        / T_UM_BASE@SEL$4
   3 - SEL$5        / T_CM_BASEBASE@SEL$5
   4 - SEL$5        / T_CM_BASEBASE@SEL$5
   5 - SEL$0C04A374
   8 - SET$1        / ENROLLMENT@SEL$30
   9 - SET$1
  11 - SEL$35
  13 - SEL$35       / T_SRC_ENNS@SEL$35
  14 - SEL$40       / DUAL@SEL$40
  15 - SEL$5F185B4C
  19 - SEL$5F185B4C / T_ENNS_MASTERUSER@SEL$31
  20 - SEL$5F185B4C / T_ENNS_SLAVEUSER@SEL$31
  21 - SEL$5F185B4C / T_CURR_ENNS@SEL$32
  22 - SEL$5F185B4C / T_CURR_ENNS@SEL$32
  23 - SEL$5F185B4C / T_MAX_DISENROLLMENT_ENROLLMENT@SEL$33
  24 - SEL$5F185B4C / T_MAX_DISENROLLMENT_ENROLLMENT@SEL$33
  25 - SEL$42
  27 - SEL$42       / T_SRC_ENNS@SEL$42
  28 - SEL$43       / DUAL@SEL$43
  29 - SEL$CDBEA42D
  33 - SEL$CDBEA42D / T_ENNS_MASTERUSER@SEL$36
  34 - SEL$CDBEA42D / T_ENNS_SLAVEUSER@SEL$36
  35 - SEL$CDBEA42D / T_CURR_ENNS@SEL$37
  36 - SEL$CDBEA42D / T_CURR_ENNS@SEL$37
  37 - SEL$CDBEA42D / T_MAX_DISENROLLMENT_ENROLLMENT@SEL$38
  38 - SEL$CDBEA42D / T_MAX_DISENROLLMENT_ENROLLMENT@SEL$38
  39 - SEL$3        / INFO_WITH_MEMBER_ID@SEL$2
  40 - SEL$6        / INFO@SEL$3
  41 - SEL$6
  42 - SEL$2D594895 / from$_subquery$_005@SEL$6
  43 - SEL$2D594895
  56 - SEL$2D594895 / T@SEL$8
  57 - SEL$2D594895 / T@SEL$8
  59 - SEL$2D594895 / OWN@SEL$7
  60 - SEL$2D594895 / OWN@SEL$7
  61 - SEL$2D594895 / PROVIDER@SEL$23
  62 - SEL$2D594895 / PROVIDER@SEL$23
  63 - SEL$2D594895 / AUTH@SEL$21
  64 - SEL$2D594895 / AUTH@SEL$21
  65 - SEL$2D594895 / REASON@SEL$17
  66 - SEL$2D594895 / REASON@SEL$17
  67 - SEL$2D594895 / MEMBER@SEL$11
  68 - SEL$2D594895 / MEMBER@SEL$11
  69 - SEL$2D594895 / PREVOWNER@SEL$9
  70 - SEL$2D594895 / PREVOWNER@SEL$9
  71 - SEL$2D594895 / SENDER@SEL$27
  72 - SEL$2D594895 / SENDER@SEL$27
  73 - SEL$2D594895 / CASEORCM@SEL$19
  74 - SEL$2D594895 / CASEORCM@SEL$19
  75 - SEL$2D594895 / ORIGCREATOR@SEL$13
  76 - SEL$2D594895 / ORIGCREATOR@SEL$13
  77 - SEL$2D594895 / MOD@SEL$25
  78 - SEL$2D594895 / MOD@SEL$25
  79 - SEL$2D594895 / TASKTYPE@SEL$15
  80 - SEL$2D594895 / TASKTYPE@SEL$15
  81 - SEL$0C04A374 / BENEFIT@SEL$46
  82 - SEL$0C04A374 / BENEFIT@SEL$46
  83 - SEL$0C04A374 / AFFMEMBER@SEL$1
  84 - SEL$0C04A374 / AFFMEMBER@SEL$1

Outline Data
-------------

  /*+
      BEGIN_OUTLINE_DATA
      IGNORE_OPTIM_EMBEDDED_HINTS
      OPTIMIZER_FEATURES_ENABLE('12.1.0.2')
      DB_VERSION('12.1.0.2')
      OPT_PARAM('optimizer_index_cost_adj' 1)
      OPT_PARAM('optimizer_index_caching' 90)
      ALL_ROWS
      OUTLINE_LEAF(@"SEL$4")
      OUTLINE_LEAF(@"SEL$5")
      OUTLINE_LEAF(@"SEL$2D594895")
      MERGE(@"SEL$2DE0C8FF")
      OUTLINE_LEAF(@"SEL$6")
      OUTLINE_LEAF(@"SEL$3")
      OUTLINE_LEAF(@"SEL$40")
      OUTLINE_LEAF(@"SEL$5F185B4C")
      MERGE(@"SEL$6B15F4E0")
      OUTLINE_LEAF(@"SEL$35")
      OUTLINE_LEAF(@"SEL$43")
      OUTLINE_LEAF(@"SEL$CDBEA42D")
      MERGE(@"SEL$57BA8109")
      OUTLINE_LEAF(@"SEL$42")
      OUTLINE_LEAF(@"SET$1")
      OUTLINE_LEAF(@"SEL$0C04A374")
      MERGE(@"SEL$BC270230")
      OUTLINE(@"SEL$29")
      OUTLINE(@"SEL$2DE0C8FF")
      MERGE(@"SEL$27")
      MERGE(@"SEL$3B95C159")
      OUTLINE(@"SEL$41")
      OUTLINE(@"SEL$6B15F4E0")
      MERGE(@"SEL$78FE80F3")
      OUTLINE(@"SEL$44")
      OUTLINE(@"SEL$57BA8109")
      MERGE(@"SEL$516D3A01")
      OUTLINE(@"SEL$48")
      OUTLINE(@"SEL$BC270230")
      MERGE(@"SEL$409758B4")
      MERGE(@"SEL$46")
      OUTLINE(@"SEL$28")
      OUTLINE(@"SEL$27")
      OUTLINE(@"SEL$3B95C159")
      MERGE(@"SEL$25")
      MERGE(@"SEL$6D003707")
      OUTLINE(@"SEL$D570F096")
      MERGE(@"SEL$33")
      OUTLINE(@"SEL$78FE80F3")
      MERGE(@"SEL$31")
      OUTLINE(@"SEL$067B9A3E")
      MERGE(@"SEL$38")
      OUTLINE(@"SEL$516D3A01")
      MERGE(@"SEL$36")
      OUTLINE(@"SEL$47")
      OUTLINE(@"SEL$409758B4")
      MERGE(@"SEL$30")
      MERGE(@"SEL$58A6D7F6")
      OUTLINE(@"SEL$46")
      OUTLINE(@"SEL$26")
      OUTLINE(@"SEL$25")
      OUTLINE(@"SEL$6D003707")
      MERGE(@"SEL$23")
      MERGE(@"SEL$23FAB6D1")
      OUTLINE(@"SEL$34")
      OUTLINE(@"SEL$33")
      OUTLINE(@"SEL$32")
      OUTLINE(@"SEL$31")
      OUTLINE(@"SEL$39")
      OUTLINE(@"SEL$38")
      OUTLINE(@"SEL$37")
      OUTLINE(@"SEL$36")
      OUTLINE(@"SEL$45")
      OUTLINE(@"SEL$30")
      OUTLINE(@"SEL$58A6D7F6")
      MERGE(@"SEL$1")
      OUTLINE(@"SEL$24")
      OUTLINE(@"SEL$23")
      OUTLINE(@"SEL$23FAB6D1")
      MERGE(@"SEL$21")
      MERGE(@"SEL$97A30ECD")
      OUTLINE(@"SEL$2")
      OUTLINE(@"SEL$1")
      OUTLINE(@"SEL$22")
      OUTLINE(@"SEL$21")
      OUTLINE(@"SEL$97A30ECD")
      MERGE(@"SEL$19")
      MERGE(@"SEL$CF22A5CA")
      OUTLINE(@"SEL$20")
      OUTLINE(@"SEL$19")
      OUTLINE(@"SEL$CF22A5CA")
      MERGE(@"SEL$17")
      MERGE(@"SEL$FF97D7FC")
      OUTLINE(@"SEL$18")
      OUTLINE(@"SEL$17")
      OUTLINE(@"SEL$FF97D7FC")
      MERGE(@"SEL$15")
      MERGE(@"SEL$DE5D921C")
      OUTLINE(@"SEL$16")
      OUTLINE(@"SEL$15")
      OUTLINE(@"SEL$DE5D921C")
      MERGE(@"SEL$01DD7F33")
      MERGE(@"SEL$13")
      OUTLINE(@"SEL$14")
      OUTLINE(@"SEL$01DD7F33")
      MERGE(@"SEL$11")
      MERGE(@"SEL$BDFBA881")
      OUTLINE(@"SEL$13")
      OUTLINE(@"SEL$12")
      OUTLINE(@"SEL$11")
      OUTLINE(@"SEL$BDFBA881")
      MERGE(@"SEL$9")
      MERGE(@"SEL$FC56C448")
      OUTLINE(@"SEL$10")
      OUTLINE(@"SEL$9")
      OUTLINE(@"SEL$FC56C448")
      MERGE(@"SEL$7")
      OUTLINE(@"SEL$8")
      OUTLINE(@"SEL$7")
      NO_ACCESS(@"SEL$0C04A374" "INFO_WITH_MEMBER_ID"@"SEL$2")
      NO_ACCESS(@"SEL$0C04A374" "ENROLLMENT"@"SEL$30")
      INDEX_RS_ASC(@"SEL$0C04A374" "BENEFIT"@"SEL$46" ("T_BENSPKG"."BENP_ID"))
      INDEX_RS_ASC(@"SEL$0C04A374" "AFFMEMBER"@"SEL$1" ("T_USR"."USR_ID"))
      LEADING(@"SEL$0C04A374" "INFO_WITH_MEMBER_ID"@"SEL$2" "ENROLLMENT"@"SEL$30" "BENEFIT"@"SEL$46" "AFFMEMBER"@"SEL$1")
      USE_HASH(@"SEL$0C04A374" "ENROLLMENT"@"SEL$30")
      USE_NL(@"SEL$0C04A374" "BENEFIT"@"SEL$46")
      USE_NL(@"SEL$0C04A374" "AFFMEMBER"@"SEL$1")
      SWAP_JOIN_INPUTS(@"SEL$0C04A374" "ENROLLMENT"@"SEL$30")
      NO_ACCESS(@"SEL$3" "INFO"@"SEL$3")
      FULL(@"SEL$42" "T_SRC_ENNS"@"SEL$42")
      PQ_FILTER(@"SEL$42" SERIAL)
      FULL(@"SEL$35" "T_SRC_ENNS"@"SEL$35")
      PQ_FILTER(@"SEL$35" SERIAL)
      INDEX(@"SEL$5F185B4C" "T_ENNS_MASTERUSER"@"SEL$31" ("T_USR"."USR_ID"))
      INDEX(@"SEL$5F185B4C" "T_ENNS_SLAVEUSER"@"SEL$31" "IX_NVL_USR_MRGEMSTR_USR_ID")
      INDEX_RS_ASC(@"SEL$5F185B4C" "T_CURR_ENNS"@"SEL$32" "IX_ELNS_MEMBENLTDTDSNTDTSTTID")
      INDEX_RS_ASC(@"SEL$5F185B4C" "T_MAX_DISENROLLMENT_ENROLLMENT"@"SEL$33" ("T_ENNS"."ELNS_MEMB" "T_ENNS"."ELNS_ENLTDT"
              "T_ENNS"."ELNS_DSNTDT" "T_ENNS"."ELNS_ID"))
      LEADING(@"SEL$5F185B4C" "T_ENNS_MASTERUSER"@"SEL$31" "T_ENNS_SLAVEUSER"@"SEL$31" "T_CURR_ENNS"@"SEL$32"
              "T_MAX_DISENROLLMENT_ENROLLMENT"@"SEL$33")
      USE_NL(@"SEL$5F185B4C" "T_ENNS_SLAVEUSER"@"SEL$31")
      USE_NL(@"SEL$5F185B4C" "T_CURR_ENNS"@"SEL$32")
      USE_NL(@"SEL$5F185B4C" "T_MAX_DISENROLLMENT_ENROLLMENT"@"SEL$33")
      INDEX(@"SEL$CDBEA42D" "T_ENNS_MASTERUSER"@"SEL$36" ("T_USR"."USR_ID"))
      INDEX(@"SEL$CDBEA42D" "T_ENNS_SLAVEUSER"@"SEL$36" "IX_NVL_USR_MRGEMSTR_USR_ID")
      INDEX_RS_ASC(@"SEL$CDBEA42D" "T_CURR_ENNS"@"SEL$37" "IX_ELNS_MEMBENLTDTDSNTDTSTTID")
      INDEX_RS_ASC(@"SEL$CDBEA42D" "T_MAX_DISENROLLMENT_ENROLLMENT"@"SEL$38" ("T_ENNS"."ELNS_MEMB" "T_ENNS"."ELNS_ENLTDT"
              "T_ENNS"."ELNS_DSNTDT" "T_ENNS"."ELNS_ID"))
      LEADING(@"SEL$CDBEA42D" "T_ENNS_MASTERUSER"@"SEL$36" "T_ENNS_SLAVEUSER"@"SEL$36" "T_CURR_ENNS"@"SEL$37"
              "T_MAX_DISENROLLMENT_ENROLLMENT"@"SEL$38")
      USE_NL(@"SEL$CDBEA42D" "T_ENNS_SLAVEUSER"@"SEL$36")
      USE_NL(@"SEL$CDBEA42D" "T_CURR_ENNS"@"SEL$37")
      USE_NL(@"SEL$CDBEA42D" "T_MAX_DISENROLLMENT_ENROLLMENT"@"SEL$38")
      NO_ACCESS(@"SEL$6" "from$_subquery$_005"@"SEL$6")
      INDEX_RS_ASC(@"SEL$2D594895" "T"@"SEL$8" ("T_SENTTSK"."SETK_OBJ_STT"))
      INDEX_RS_ASC(@"SEL$2D594895" "OWN"@"SEL$7" ("T_USR"."USR_ID"))
      INDEX_RS_ASC(@"SEL$2D594895" "PROVIDER"@"SEL$23" ("T_USR"."USR_ID"))
      INDEX_RS_ASC(@"SEL$2D594895" "AUTH"@"SEL$21" ("T_UM_BASE"."UMBS_ID"))
      INDEX_RS_ASC(@"SEL$2D594895" "REASON"@"SEL$17" ("T_DDL_ITEM"."DDLI_ID"))
      INDEX_RS_ASC(@"SEL$2D594895" "MEMBER"@"SEL$11" ("T_USR"."USR_ID"))
      INDEX_RS_ASC(@"SEL$2D594895" "PREVOWNER"@"SEL$9" ("T_USR"."USR_ID"))
      INDEX_RS_ASC(@"SEL$2D594895" "SENDER"@"SEL$27" ("T_USR"."USR_ID"))
      INDEX_RS_ASC(@"SEL$2D594895" "CASEORCM"@"SEL$19" ("T_CM_BASEBASE"."CMBB_ID"))
      INDEX_RS_ASC(@"SEL$2D594895" "ORIGCREATOR"@"SEL$13" ("T_USR"."USR_ID"))
      INDEX_RS_ASC(@"SEL$2D594895" "MOD"@"SEL$25" ("T_USR"."USR_ID"))
      INDEX_RS_ASC(@"SEL$2D594895" "TASKTYPE"@"SEL$15" ("T_DDL_ITEM"."DDLI_ID"))
      LEADING(@"SEL$2D594895" "T"@"SEL$8" "OWN"@"SEL$7" "PROVIDER"@"SEL$23" "AUTH"@"SEL$21" "REASON"@"SEL$17"
              "MEMBER"@"SEL$11" "PREVOWNER"@"SEL$9" "SENDER"@"SEL$27" "CASEORCM"@"SEL$19" "ORIGCREATOR"@"SEL$13" "MOD"@"SEL$25"
              "TASKTYPE"@"SEL$15")
      USE_MERGE_CARTESIAN(@"SEL$2D594895" "OWN"@"SEL$7")
      USE_NL(@"SEL$2D594895" "PROVIDER"@"SEL$23")
      USE_NL(@"SEL$2D594895" "AUTH"@"SEL$21")
      USE_NL(@"SEL$2D594895" "REASON"@"SEL$17")
      USE_NL(@"SEL$2D594895" "MEMBER"@"SEL$11")
      USE_NL(@"SEL$2D594895" "PREVOWNER"@"SEL$9")
      USE_NL(@"SEL$2D594895" "SENDER"@"SEL$27")
      USE_NL(@"SEL$2D594895" "CASEORCM"@"SEL$19")
      USE_NL(@"SEL$2D594895" "ORIGCREATOR"@"SEL$13")
      USE_NL(@"SEL$2D594895" "MOD"@"SEL$25")
      USE_NL(@"SEL$2D594895" "TASKTYPE"@"SEL$15")
      INDEX_RS_ASC(@"SEL$5" "T_CM_BASEBASE"@"SEL$5" ("T_CM_BASEBASE"."CMBB_ID"))
      INDEX_RS_ASC(@"SEL$4" "T_UM_BASE"@"SEL$4" ("T_UM_BASE"."UMBS_ID"))
      END_OUTLINE_DATA
  */

Peeked Binds (identified by position):
--------------------------------------

   1 - :SYS_B_0 (NUMBER): 2
   2 - :1 (NUMBER): 11258232
   3 - :2 (NUMBER): 1
   4 - :3 (NUMBER): 3
   5 - :4 (NUMBER): 905
   6 - :5 (NUMBER): 906
   7 - :6 (NUMBER): 907
   8 - :7 (NUMBER): 908
   9 - :8 (NUMBER): 911
  10 - :9 (NUMBER): 912
  11 - :10 (NUMBER): 913
  12 - :SYS_B_1 (NUMBER): 500
  13 - :SYS_B_2 (VARCHAR2(30), CSID=178): '2020.12.18'
  14 - :SYS_B_3 (VARCHAR2(30), CSID=178): 'yyyy.MM.dd'

Note
-----
   - dynamic statistics used: dynamic sampling (level=2)
   - 5 Sql Plan Directives used for this statement

SQL_ID 0sjx29v99zfqc
--------------------
SELECT INFO_WITH_MEMBER_ID.*,     enrollment.ELNS_INSCPRSRGRP
ipgGroupId,     benefit.BENP_LWSTLVL_PRODCAT productCategoryId,
affMember.USR_FRSTNAM affiliatedMemberFirstName,
affMember.USR_LAS_NAM affiliatedMemberLastName FROM (   SELECT INFO.*,
   CASE     WHEN INFO.memberAffiliationId IS NOT NULL THEN
(INFO.memberAffiliationId)     WHEN INFO.authAffiliationId IS NOT NULL
THEN (SELECT UMBS_MEMB FROM T_UM_BASE WHERE
UMBS_ID=INFO.authAffiliationId)     WHEN
INFO.careManagementAffiliationId IS NOT NULL THEN (SELECT CMBS_MEMB
FROM T_CM_BASEBASE WHERE CMBB_ID=INFO.careManagementAffiliationId)
WHEN INFO.providerAffiliationId IS NOT NULL THEN
(INFO.providerAffiliationId)     ELSE (NULL)     END
affiliatedMemberId   FROM (   SELECT * FROM (     SELECT
T.SETK_ID AS id,         T.SETK_C4C_ID AS c4cId,         T.SETK_UNIVID
AS universalId,         taskType.TSKT_RCPTTYP AS categoryId,
T.SETK_TSK_TYP AS taskTypeId,         taskType.DDLI_LBL AS
taskTypeLabel,         T.SETK_TSK_NAM AS taskName,         T.SETK_SUBJ
AS subject,         T.SETK_CRTD AS createDate,         T.SETK_SENT AS
sentDate,         T.SETK_SRTD AS startedDate,
T.SETK_TSK_TIMG_STRTDT AS startDate,         T.SETK_TSK_TIMG_SCLDAT AS
startDateSeconds,         T.SETK_TSK_TIMG_DDLN_DT AS dueDate,
T.SETK_TSK_TIMG_DDLN_TIM_IN_DY AS dueDateSeconds,         T.SETK_OWNR
AS ownerId,         own.USR_FRSTNAM AS ownerFirstName,
own.USR_LAS_NAM AS ownerLastName,         own.CLASSTYPE AS ownerType,
      T.SETK_OBJ_STT AS status,         T.SETK_AFFN_MEMB AS
memberAffiliationId,         member.USR_C4C_ID AS memberC4cId,
member.USR_FRSTNAM AS memberFirstName,         member.USR_LAS_NAM AS
memberLastName,         T.SETK_AFFN_CM AS careManagementAffiliationId,
       caseOrCm.CMBB_C4C_ID AS caseOrCmC4cId,
T.SETK_AFFN_UM_EVNT AS authAffiliationId,         auth.UMBS_C4C_ID AS
authAffiliationC4cId,         T.SETK_AFFN_PVDR AS
providerAffiliationId,         provider.USR_C4C_ID AS providerC4cId,
     T.SETK_TSK_TIMG_SNLTDT AS startNoLaterThanDate,
T.SETK_CNCLRESN AS cancelReasonId,         T.SETK_ORIGCRTR AS
originalCreatorId,         origCreator.USR_FRSTNAM AS
originalCreatorFirstName,         origCreator.USR_LAS_NAM AS
originalCreatorLastName,         caseOrCm.CLASSTYPE AS
caseOrCmClasstype,         T.SETK_TSK_DSCN AS description,
T.SETK_CMPD AS completedDate,         T.SETK_LAS_ACT_TIM AS
lastActionDate,         mod.USR_FRSTNAM lastModifiedByFirstName,
 mod.USR_LAS_NAM lastModifiedByLastName,         T.SETK_PRVSOWNR AS
previousOwnerId,         prevOwner.USR_FRSTNAM AS
previousOwnerFirstName,         prevOwner.USR_LAS_NAM AS
previousOwnerLastName,         prevOwner.CLASSTYPE AS
previousOwnerType,         CASE             WHEN
T.SETK_TSK_TIMG_DDLN_DT IS NOT NULL THEN (T.SETK_TSK_TIMG_DDLN_DT)
       WHEN T.SETK_TSK_TIMG_STRTDT IS NOT NULL THEN
(T.SETK_TSK_TIMG_STRTDT)             WHEN T.SETK_TSK_TIMG_SNLTDT IS NOT
NULL THEN (T.SETK_TSK_TIMG_SNLTDT)             ELSE (NULL)         END
       filterDate,         sender.USR_FRSTNAM fromUserFirstName,
 sender.USR_LAS_NAM fromUserLastName,         T.SETK_RESCHEDULE_REASON
AS rescheduleReason,         reason.DDLI_LBL AS rescheduleReasonLabel,
       T.SETK_RESCHEDULE_COMMENT AS rescheduleComment       FROM
T_SENTTSK T       LEFT OUTER JOIN T_USR own ON own.USR_ID=T.SETK_OWNR
    LEFT OUTER JOIN T_USR prevOwner ON prevOwner.USR_ID=T.SETK_PRVSOWNR
      LEFT OUTER JOIN T_USR member ON member.USR_ID=T.SETK_AFFN_MEMB
   LEFT OUTER JOIN T_USR origCreator ON
origCreator.USR_ID=T.SETK_ORIGCRTR       LEFT OUTER JOIN T_DDL_ITEM
taskType ON taskType.DDLI_ID=T.SETK_TSK_TYP       LEFT OUTER JOIN
T_DDL_ITEM reason ON reason.DDLI_ID=T.SETK_RESCHEDULE_REASON       LEFT
OUTER JOIN T_CM_BASEBASE caseOrCm ON caseOrCm.CMBB_ID=T.SETK_AFFN_CM
   LEFT OUTER JOIN T_UM_BASE auth ON auth.UMBS_ID=T.SETK_AFFN_UM_EVNT
    LEFT OUTER JOIN T_USR provider

Plan hash value: 157137232

---------------------------------------------------------------------------------------------------------------------------------
| Id  | Operation                                       | Name                          | Rows  | Bytes | Cost (%CPU)| Time     |
---------------------------------------------------------------------------------------------------------------------------------
|   0 | SELECT STATEMENT                                |                               |       |       |  1933K(100)|          |
|   1 |  TABLE ACCESS BY INDEX ROWID                    | T_UM_BASE                     |     1 |    12 |     1   (0)| 00:00:01 |
|   2 |   INDEX UNIQUE SCAN                             | PK_T_UM_BASE                  |     1 |       |     1   (0)| 00:00:01 |
|   3 |   TABLE ACCESS BY INDEX ROWID                   | T_CM_BASEBASE                 |     1 |    12 |     1   (0)| 00:00:01 |
|   4 |    INDEX UNIQUE SCAN                            | PK_T_CM_BASEBASE              |     1 |       |     1   (0)| 00:00:01 |
|   5 |  NESTED LOOPS OUTER                             |                               |     1 | 46913 |  1933K  (1)| 00:01:16 |
|   6 |   NESTED LOOPS OUTER                            |                               |     1 | 46901 |  1933K  (1)| 00:01:16 |
|   7 |    NESTED LOOPS OUTER                           |                               |     1 | 46873 |    17   (6)| 00:00:01 |
|   8 |     VIEW                                        |                               |     1 | 46851 |    16   (7)| 00:00:01 |
|   9 |      VIEW                                       |                               |     1 | 46838 |    14   (8)| 00:00:01 |
|  10 |       COUNT STOPKEY                             |                               |       |       |            |          |
|  11 |        VIEW                                     |                               |     1 | 46838 |    14   (8)| 00:00:01 |
|  12 |         SORT ORDER BY STOPKEY                   |                               |     1 |   780 |    14   (8)| 00:00:01 |
|  13 |          NESTED LOOPS OUTER                     |                               |     1 |   780 |    13   (0)| 00:00:01 |
|  14 |           NESTED LOOPS OUTER                    |                               |     1 |   758 |    12   (0)| 00:00:01 |
|  15 |            NESTED LOOPS OUTER                   |                               |     1 |   736 |    11   (0)| 00:00:01 |
|  16 |             NESTED LOOPS OUTER                  |                               |     1 |   700 |    10   (0)| 00:00:01 |
|  17 |              NESTED LOOPS OUTER                 |                               |     1 |   678 |     9   (0)| 00:00:01 |
|  18 |               NESTED LOOPS OUTER                |                               |     1 |   643 |     8   (0)| 00:00:01 |
|  19 |                MERGE JOIN OUTER                 |                               |     1 |   624 |     7   (0)| 00:00:01 |
|  20 |                 NESTED LOOPS OUTER              |                               |     1 |   588 |     6   (0)| 00:00:01 |
|  21 |                  NESTED LOOPS OUTER             |                               |     1 |   560 |     5   (0)| 00:00:01 |
|  22 |                   NESTED LOOPS OUTER            |                               |     1 |   542 |     4   (0)| 00:00:01 |
|  23 |                    NESTED LOOPS OUTER           |                               |     1 |   518 |     3   (0)| 00:00:01 |
|  24 |                     INLIST ITERATOR             |                               |       |       |            |          |
|  25 |                      TABLE ACCESS BY INDEX ROWID| T_SENTTSK                     |     4 |  1984 |     2   (0)| 00:00:01 |
|  26 |                       INDEX RANGE SCAN          | IX_SETK_OBJ_STT               |  1759 |       |     1   (0)| 00:00:01 |
|  27 |                     TABLE ACCESS BY INDEX ROWID | T_DDL_ITEM                    |     1 |    22 |     1   (0)| 00:00:01 |
|  28 |                      INDEX UNIQUE SCAN          | PK_T_DDL_ITEM                 |     1 |       |     1   (0)| 00:00:01 |
|  29 |                    TABLE ACCESS BY INDEX ROWID  | T_DDL_ITEM                    |     1 |    24 |     1   (0)| 00:00:01 |
|  30 |                     INDEX UNIQUE SCAN           | PK_T_DDL_ITEM                 |     1 |       |     1   (0)| 00:00:01 |
|  31 |                   TABLE ACCESS BY INDEX ROWID   | T_UM_BASE                     |     1 |    18 |     1   (0)| 00:00:01 |
|  32 |                    INDEX UNIQUE SCAN            | PK_T_UM_BASE                  |     1 |       |     1   (0)| 00:00:01 |
|  33 |                  TABLE ACCESS BY INDEX ROWID    | T_CM_BASEBASE                 |     1 |    28 |     1   (0)| 00:00:01 |
|  34 |                   INDEX UNIQUE SCAN             | PK_T_CM_BASEBASE              |     1 |       |     1   (0)| 00:00:01 |
|  35 |                 BUFFER SORT                     |                               |     1 |    36 |     6   (0)| 00:00:01 |
|  36 |                  TABLE ACCESS BY INDEX ROWID    | T_USR                         |     1 |    36 |     1   (0)| 00:00:01 |
|  37 |                   INDEX UNIQUE SCAN             | PK_T_USR                      |     1 |       |     1   (0)| 00:00:01 |
|  38 |                TABLE ACCESS BY INDEX ROWID      | T_USR                         |     1 |    19 |     1   (0)| 00:00:01 |
|  39 |                 INDEX UNIQUE SCAN               | PK_T_USR                      |     1 |       |     1   (0)| 00:00:01 |
|  40 |               TABLE ACCESS BY INDEX ROWID       | T_USR                         |     1 |    35 |     1   (0)| 00:00:01 |
|  41 |                INDEX UNIQUE SCAN                | PK_T_USR                      |     1 |       |     1   (0)| 00:00:01 |
|  42 |              TABLE ACCESS BY INDEX ROWID        | T_USR                         |     1 |    22 |     1   (0)| 00:00:01 |
|  43 |               INDEX UNIQUE SCAN                 | PK_T_USR                      |     1 |       |     1   (0)| 00:00:01 |
|  44 |             TABLE ACCESS BY INDEX ROWID         | T_USR                         |     1 |    36 |     1   (0)| 00:00:01 |
|  45 |              INDEX UNIQUE SCAN                  | PK_T_USR                      |     1 |       |     1   (0)| 00:00:01 |
|  46 |            TABLE ACCESS BY INDEX ROWID          | T_USR                         |     1 |    22 |     1   (0)| 00:00:01 |
|  47 |             INDEX UNIQUE SCAN                   | PK_T_USR                      |     1 |       |     1   (0)| 00:00:01 |
|  48 |           TABLE ACCESS BY INDEX ROWID           | T_USR                         |     1 |    22 |     1   (0)| 00:00:01 |
|  49 |            INDEX UNIQUE SCAN                    | PK_T_USR                      |     1 |       |     1   (0)| 00:00:01 |
|  50 |     TABLE ACCESS BY INDEX ROWID                 | T_USR                         |     1 |    22 |     1   (0)| 00:00:01 |
|  51 |      INDEX UNIQUE SCAN                          | PK_T_USR                      |     1 |       |     1   (0)| 00:00:01 |
|  52 |    VIEW                                         | V_CURR_ENROLLMENT             |     1 |    28 |  1933K  (1)| 00:01:16 |
|  53 |     SORT UNIQUE                                 |                               |     2 |  1092 |  1933K  (1)| 00:01:16 |
|  54 |      UNION ALL PUSHED PREDICATE                 |                               |       |       |            |          |
|  55 |       FILTER                                    |                               |       |       |            |          |
|  56 |        TABLE ACCESS BY INDEX ROWID BATCHED      | T_ENNS                        |     1 |   273 |     1   (0)| 00:00:01 |
|  57 |         INDEX RANGE SCAN                        | IX_ELNS_MEMBENLTDTDSNTDTID    |     1 |       |     1   (0)| 00:00:01 |
|  58 |          SORT GROUP BY NOSORT                   |                               |     1 |    72 |     4   (0)| 00:00:01 |
|  59 |           NESTED LOOPS OUTER                    |                               |     1 |    72 |     4   (0)| 00:00:01 |
|  60 |            NESTED LOOPS                         |                               |     1 |    50 |     3   (0)| 00:00:01 |
|  61 |             NESTED LOOPS                        |                               |     1 |    12 |     2   (0)| 00:00:01 |
|  62 |              INDEX UNIQUE SCAN                  | PK_T_USR                      |     1 |     6 |     1   (0)| 00:00:01 |
|  63 |              INDEX RANGE SCAN                   | IX_NVL_USR_MRGEMSTR_USR_ID    |     1 |     6 |     1   (0)| 00:00:01 |
|  64 |             TABLE ACCESS BY INDEX ROWID         | T_ENNS                        |     1 |    38 |     1   (0)| 00:00:01 |
|  65 |              INDEX RANGE SCAN                   | IX_ELNS_MEMBENLTDTDSNTDTSTTID |     2 |       |     1   (0)| 00:00:01 |
|  66 |            TABLE ACCESS BY INDEX ROWID          | T_ENNS                        |     1 |    22 |     1   (0)| 00:00:01 |
|  67 |             INDEX RANGE SCAN                    | IX_ELNS_MEMBENPENLTDSNDT      |     1 |       |     1   (0)| 00:00:01 |
|  68 |        FAST DUAL                                |                               |     1 |       |     2   (0)| 00:00:01 |
|  69 |       FILTER                                    |                               |       |       |            |          |
|  70 |        TABLE ACCESS BY INDEX ROWID BATCHED      | T_ENNS                        |     1 |   273 |     1   (0)| 00:00:01 |
|  71 |         INDEX RANGE SCAN                        | IX_ELNS_MEMBENLTDTDSNTDTID    |     1 |       |     1   (0)| 00:00:01 |
|  72 |          SORT GROUP BY NOSORT                   |                               |     1 |    72 |     4   (0)| 00:00:01 |
|  73 |           NESTED LOOPS OUTER                    |                               |     1 |    72 |     4   (0)| 00:00:01 |
|  74 |            NESTED LOOPS                         |                               |     1 |    50 |     3   (0)| 00:00:01 |
|  75 |             NESTED LOOPS                        |                               |     1 |    12 |     2   (0)| 00:00:01 |
|  76 |              INDEX UNIQUE SCAN                  | PK_T_USR                      |     1 |     6 |     1   (0)| 00:00:01 |
|  77 |              INDEX RANGE SCAN                   | IX_NVL_USR_MRGEMSTR_USR_ID    |     1 |     6 |     1   (0)| 00:00:01 |
|  78 |             TABLE ACCESS BY INDEX ROWID         | T_ENNS                        |     1 |    38 |     1   (0)| 00:00:01 |
|  79 |              INDEX RANGE SCAN                   | IX_ELNS_MEMBENLTDTDSNTDTSTTID |     2 |       |     1   (0)| 00:00:01 |
|  80 |            TABLE ACCESS BY INDEX ROWID          | T_ENNS                        |     1 |    22 |     1   (0)| 00:00:01 |
|  81 |             INDEX RANGE SCAN                    | IX_ELNS_MEMBENPENLTDSNDT      |     1 |       |     1   (0)| 00:00:01 |
|  82 |        FAST DUAL                                |                               |     1 |       |     2   (0)| 00:00:01 |
|  83 |   TABLE ACCESS BY INDEX ROWID                   | T_BENSPKG                     |     1 |    12 |     1   (0)| 00:00:01 |
|  84 |    INDEX UNIQUE SCAN                            | PK_T_BENSPKG                  |     1 |       |     1   (0)| 00:00:01 |
---------------------------------------------------------------------------------------------------------------------------------

Query Block Name / Object Alias (identified by operation id):
-------------------------------------------------------------

   1 - SEL$4        / T_UM_BASE@SEL$4
   2 - SEL$4        / T_UM_BASE@SEL$4
   3 - SEL$5        / T_CM_BASEBASE@SEL$5
   4 - SEL$5        / T_CM_BASEBASE@SEL$5
   5 - SEL$0C04A374
   8 - SEL$3        / INFO_WITH_MEMBER_ID@SEL$2
   9 - SEL$6        / INFO@SEL$3
  10 - SEL$6
  11 - SEL$2D594895 / from$_subquery$_005@SEL$6
  12 - SEL$2D594895
  25 - SEL$2D594895 / T@SEL$8
  26 - SEL$2D594895 / T@SEL$8
  27 - SEL$2D594895 / REASON@SEL$17
  28 - SEL$2D594895 / REASON@SEL$17
  29 - SEL$2D594895 / TASKTYPE@SEL$15
  30 - SEL$2D594895 / TASKTYPE@SEL$15
  31 - SEL$2D594895 / AUTH@SEL$21
  32 - SEL$2D594895 / AUTH@SEL$21
  33 - SEL$2D594895 / CASEORCM@SEL$19
  34 - SEL$2D594895 / CASEORCM@SEL$19
  36 - SEL$2D594895 / OWN@SEL$7
  37 - SEL$2D594895 / OWN@SEL$7
  38 - SEL$2D594895 / PROVIDER@SEL$23
  39 - SEL$2D594895 / PROVIDER@SEL$23
  40 - SEL$2D594895 / MEMBER@SEL$11
  41 - SEL$2D594895 / MEMBER@SEL$11
  42 - SEL$2D594895 / SENDER@SEL$27
  43 - SEL$2D594895 / SENDER@SEL$27
  44 - SEL$2D594895 / PREVOWNER@SEL$9
  45 - SEL$2D594895 / PREVOWNER@SEL$9
  46 - SEL$2D594895 / ORIGCREATOR@SEL$13
  47 - SEL$2D594895 / ORIGCREATOR@SEL$13
  48 - SEL$2D594895 / MOD@SEL$25
  49 - SEL$2D594895 / MOD@SEL$25
  50 - SEL$0C04A374 / AFFMEMBER@SEL$1
  51 - SEL$0C04A374 / AFFMEMBER@SEL$1
  52 - SET$5715CE2E / ENROLLMENT@SEL$30
  53 - SET$5715CE2E
  55 - SEL$ECD9DCF1
  56 - SEL$ECD9DCF1 / T_SRC_ENNS@SEL$35
  57 - SEL$ECD9DCF1 / T_SRC_ENNS@SEL$35
  58 - SEL$5F185B4C
  62 - SEL$5F185B4C / T_ENNS_MASTERUSER@SEL$31
  63 - SEL$5F185B4C / T_ENNS_SLAVEUSER@SEL$31
  64 - SEL$5F185B4C / T_CURR_ENNS@SEL$32
  65 - SEL$5F185B4C / T_CURR_ENNS@SEL$32
  66 - SEL$5F185B4C / T_MAX_DISENROLLMENT_ENROLLMENT@SEL$33
  67 - SEL$5F185B4C / T_MAX_DISENROLLMENT_ENROLLMENT@SEL$33
  68 - SEL$40       / DUAL@SEL$40
  69 - SEL$0D115A56
  70 - SEL$0D115A56 / T_SRC_ENNS@SEL$42
  71 - SEL$0D115A56 / T_SRC_ENNS@SEL$42
  72 - SEL$CDBEA42D
  76 - SEL$CDBEA42D / T_ENNS_MASTERUSER@SEL$36
  77 - SEL$CDBEA42D / T_ENNS_SLAVEUSER@SEL$36
  78 - SEL$CDBEA42D / T_CURR_ENNS@SEL$37
  79 - SEL$CDBEA42D / T_CURR_ENNS@SEL$37
  80 - SEL$CDBEA42D / T_MAX_DISENROLLMENT_ENROLLMENT@SEL$38
  81 - SEL$CDBEA42D / T_MAX_DISENROLLMENT_ENROLLMENT@SEL$38
  82 - SEL$43       / DUAL@SEL$43
  83 - SEL$0C04A374 / BENEFIT@SEL$46
  84 - SEL$0C04A374 / BENEFIT@SEL$46

Outline Data
-------------

  /*+
      BEGIN_OUTLINE_DATA
      IGNORE_OPTIM_EMBEDDED_HINTS
      OPTIMIZER_FEATURES_ENABLE('12.1.0.2')
      DB_VERSION('12.1.0.2')
      OPT_PARAM('optimizer_index_cost_adj' 1)
      OPT_PARAM('optimizer_index_caching' 90)
      ALL_ROWS
      OUTLINE_LEAF(@"SEL$4")
      OUTLINE_LEAF(@"SEL$5")
      OUTLINE_LEAF(@"SEL$2D594895")
      MERGE(@"SEL$2DE0C8FF")
      OUTLINE_LEAF(@"SEL$6")
      OUTLINE_LEAF(@"SEL$3")
      OUTLINE_LEAF(@"SEL$40")
      OUTLINE_LEAF(@"SEL$5F185B4C")
      MERGE(@"SEL$6B15F4E0")
      OUTLINE_LEAF(@"SEL$ECD9DCF1")
      OUTLINE_LEAF(@"SEL$43")
      OUTLINE_LEAF(@"SEL$CDBEA42D")
      MERGE(@"SEL$57BA8109")
      OUTLINE_LEAF(@"SEL$0D115A56")
      OUTLINE_LEAF(@"SET$5715CE2E")
      PUSH_PRED(@"SEL$0C04A374" "ENROLLMENT"@"SEL$30" 3)
      OUTLINE_LEAF(@"SEL$0C04A374")
      MERGE(@"SEL$BC270230")
      OUTLINE(@"SEL$29")
      OUTLINE(@"SEL$2DE0C8FF")
      MERGE(@"SEL$27")
      MERGE(@"SEL$3B95C159")
      OUTLINE(@"SEL$41")
      OUTLINE(@"SEL$6B15F4E0")
      MERGE(@"SEL$78FE80F3")
      OUTLINE(@"SEL$35")
      OUTLINE(@"SEL$44")
      OUTLINE(@"SEL$57BA8109")
      MERGE(@"SEL$516D3A01")
      OUTLINE(@"SEL$42")
      OUTLINE(@"SET$1")
      OUTLINE(@"SEL$0C04A374")
      MERGE(@"SEL$BC270230")
      OUTLINE(@"SEL$48")
      OUTLINE(@"SEL$BC270230")
      MERGE(@"SEL$409758B4")
      MERGE(@"SEL$46")
      OUTLINE(@"SEL$28")
      OUTLINE(@"SEL$27")
      OUTLINE(@"SEL$3B95C159")
      MERGE(@"SEL$25")
      MERGE(@"SEL$6D003707")
      OUTLINE(@"SEL$D570F096")
      MERGE(@"SEL$33")
      OUTLINE(@"SEL$78FE80F3")
      MERGE(@"SEL$31")
      OUTLINE(@"SEL$067B9A3E")
      MERGE(@"SEL$38")
      OUTLINE(@"SEL$516D3A01")
      MERGE(@"SEL$36")
      OUTLINE(@"SEL$47")
      OUTLINE(@"SEL$409758B4")
      MERGE(@"SEL$30")
      MERGE(@"SEL$58A6D7F6")
      OUTLINE(@"SEL$46")
      OUTLINE(@"SEL$26")
      OUTLINE(@"SEL$25")
      OUTLINE(@"SEL$6D003707")
      MERGE(@"SEL$23")
      MERGE(@"SEL$23FAB6D1")
      OUTLINE(@"SEL$34")
      OUTLINE(@"SEL$33")
      OUTLINE(@"SEL$32")
      OUTLINE(@"SEL$31")
      OUTLINE(@"SEL$39")
      OUTLINE(@"SEL$38")
      OUTLINE(@"SEL$37")
      OUTLINE(@"SEL$36")
      OUTLINE(@"SEL$45")
      OUTLINE(@"SEL$30")
      OUTLINE(@"SEL$58A6D7F6")
      MERGE(@"SEL$1")
      OUTLINE(@"SEL$24")
      OUTLINE(@"SEL$23")
      OUTLINE(@"SEL$23FAB6D1")
      MERGE(@"SEL$21")
      MERGE(@"SEL$97A30ECD")
      OUTLINE(@"SEL$2")
      OUTLINE(@"SEL$1")
      OUTLINE(@"SEL$22")
      OUTLINE(@"SEL$21")
      OUTLINE(@"SEL$97A30ECD")
      MERGE(@"SEL$19")
      MERGE(@"SEL$CF22A5CA")
      OUTLINE(@"SEL$20")
      OUTLINE(@"SEL$19")
      OUTLINE(@"SEL$CF22A5CA")
      MERGE(@"SEL$17")
      MERGE(@"SEL$FF97D7FC")
      OUTLINE(@"SEL$18")
      OUTLINE(@"SEL$17")
      OUTLINE(@"SEL$FF97D7FC")
      MERGE(@"SEL$15")
      MERGE(@"SEL$DE5D921C")
      OUTLINE(@"SEL$16")
      OUTLINE(@"SEL$15")
      OUTLINE(@"SEL$DE5D921C")
      MERGE(@"SEL$01DD7F33")
      MERGE(@"SEL$13")
      OUTLINE(@"SEL$14")
      OUTLINE(@"SEL$01DD7F33")
      MERGE(@"SEL$11")
      MERGE(@"SEL$BDFBA881")
      OUTLINE(@"SEL$13")
      OUTLINE(@"SEL$12")
      OUTLINE(@"SEL$11")
      OUTLINE(@"SEL$BDFBA881")
      MERGE(@"SEL$9")
      MERGE(@"SEL$FC56C448")
      OUTLINE(@"SEL$10")
      OUTLINE(@"SEL$9")
      OUTLINE(@"SEL$FC56C448")
      MERGE(@"SEL$7")
      OUTLINE(@"SEL$8")
      OUTLINE(@"SEL$7")
      NO_ACCESS(@"SEL$0C04A374" "INFO_WITH_MEMBER_ID"@"SEL$2")
      INDEX_RS_ASC(@"SEL$0C04A374" "AFFMEMBER"@"SEL$1" ("T_USR"."USR_ID"))
      NO_ACCESS(@"SEL$0C04A374" "ENROLLMENT"@"SEL$30")
      INDEX_RS_ASC(@"SEL$0C04A374" "BENEFIT"@"SEL$46" ("T_BENSPKG"."BENP_ID"))
      LEADING(@"SEL$0C04A374" "INFO_WITH_MEMBER_ID"@"SEL$2" "AFFMEMBER"@"SEL$1" "ENROLLMENT"@"SEL$30" "BENEFIT"@"SEL$46")
      USE_NL(@"SEL$0C04A374" "AFFMEMBER"@"SEL$1")
      USE_NL(@"SEL$0C04A374" "ENROLLMENT"@"SEL$30")
      USE_NL(@"SEL$0C04A374" "BENEFIT"@"SEL$46")
      NO_ACCESS(@"SEL$3" "INFO"@"SEL$3")
      INDEX_RS_ASC(@"SEL$0D115A56" "T_SRC_ENNS"@"SEL$42" ("T_ENNS"."ELNS_MEMB" "T_ENNS"."ELNS_ENLTDT" "T_ENNS"."ELNS_DSNTDT"
              "T_ENNS"."ELNS_ID"))
      BATCH_TABLE_ACCESS_BY_ROWID(@"SEL$0D115A56" "T_SRC_ENNS"@"SEL$42")
      PUSH_SUBQ(@"SEL$CDBEA42D")
      INDEX_RS_ASC(@"SEL$ECD9DCF1" "T_SRC_ENNS"@"SEL$35" ("T_ENNS"."ELNS_MEMB" "T_ENNS"."ELNS_ENLTDT" "T_ENNS"."ELNS_DSNTDT"
              "T_ENNS"."ELNS_ID"))
      BATCH_TABLE_ACCESS_BY_ROWID(@"SEL$ECD9DCF1" "T_SRC_ENNS"@"SEL$35")
      PUSH_SUBQ(@"SEL$5F185B4C")
      INDEX(@"SEL$5F185B4C" "T_ENNS_MASTERUSER"@"SEL$31" ("T_USR"."USR_ID"))
      INDEX(@"SEL$5F185B4C" "T_ENNS_SLAVEUSER"@"SEL$31" "IX_NVL_USR_MRGEMSTR_USR_ID")
      INDEX_RS_ASC(@"SEL$5F185B4C" "T_CURR_ENNS"@"SEL$32" "IX_ELNS_MEMBENLTDTDSNTDTSTTID")
      INDEX_RS_ASC(@"SEL$5F185B4C" "T_MAX_DISENROLLMENT_ENROLLMENT"@"SEL$33" "IX_ELNS_MEMBENPENLTDSNDT")
      LEADING(@"SEL$5F185B4C" "T_ENNS_MASTERUSER"@"SEL$31" "T_ENNS_SLAVEUSER"@"SEL$31" "T_CURR_ENNS"@"SEL$32"
              "T_MAX_DISENROLLMENT_ENROLLMENT"@"SEL$33")
      USE_NL(@"SEL$5F185B4C" "T_ENNS_SLAVEUSER"@"SEL$31")
      USE_NL(@"SEL$5F185B4C" "T_CURR_ENNS"@"SEL$32")
      USE_NL(@"SEL$5F185B4C" "T_MAX_DISENROLLMENT_ENROLLMENT"@"SEL$33")
      INDEX(@"SEL$CDBEA42D" "T_ENNS_MASTERUSER"@"SEL$36" ("T_USR"."USR_ID"))
      INDEX(@"SEL$CDBEA42D" "T_ENNS_SLAVEUSER"@"SEL$36" "IX_NVL_USR_MRGEMSTR_USR_ID")
      INDEX_RS_ASC(@"SEL$CDBEA42D" "T_CURR_ENNS"@"SEL$37" "IX_ELNS_MEMBENLTDTDSNTDTSTTID")
      INDEX_RS_ASC(@"SEL$CDBEA42D" "T_MAX_DISENROLLMENT_ENROLLMENT"@"SEL$38" "IX_ELNS_MEMBENPENLTDSNDT")
      LEADING(@"SEL$CDBEA42D" "T_ENNS_MASTERUSER"@"SEL$36" "T_ENNS_SLAVEUSER"@"SEL$36" "T_CURR_ENNS"@"SEL$37"
              "T_MAX_DISENROLLMENT_ENROLLMENT"@"SEL$38")
      USE_NL(@"SEL$CDBEA42D" "T_ENNS_SLAVEUSER"@"SEL$36")
      USE_NL(@"SEL$CDBEA42D" "T_CURR_ENNS"@"SEL$37")
      USE_NL(@"SEL$CDBEA42D" "T_MAX_DISENROLLMENT_ENROLLMENT"@"SEL$38")
      NO_ACCESS(@"SEL$6" "from$_subquery$_005"@"SEL$6")
      INDEX_RS_ASC(@"SEL$2D594895" "T"@"SEL$8" ("T_SENTTSK"."SETK_OBJ_STT"))
      INDEX_RS_ASC(@"SEL$2D594895" "REASON"@"SEL$17" ("T_DDL_ITEM"."DDLI_ID"))
      INDEX_RS_ASC(@"SEL$2D594895" "TASKTYPE"@"SEL$15" ("T_DDL_ITEM"."DDLI_ID"))
      INDEX_RS_ASC(@"SEL$2D594895" "AUTH"@"SEL$21" ("T_UM_BASE"."UMBS_ID"))
      INDEX_RS_ASC(@"SEL$2D594895" "CASEORCM"@"SEL$19" ("T_CM_BASEBASE"."CMBB_ID"))
      INDEX_RS_ASC(@"SEL$2D594895" "OWN"@"SEL$7" ("T_USR"."USR_ID"))
      INDEX_RS_ASC(@"SEL$2D594895" "PROVIDER"@"SEL$23" ("T_USR"."USR_ID"))
      INDEX_RS_ASC(@"SEL$2D594895" "MEMBER"@"SEL$11" ("T_USR"."USR_ID"))
      INDEX_RS_ASC(@"SEL$2D594895" "SENDER"@"SEL$27" ("T_USR"."USR_ID"))
      INDEX_RS_ASC(@"SEL$2D594895" "PREVOWNER"@"SEL$9" ("T_USR"."USR_ID"))
      INDEX_RS_ASC(@"SEL$2D594895" "ORIGCREATOR"@"SEL$13" ("T_USR"."USR_ID"))
      INDEX_RS_ASC(@"SEL$2D594895" "MOD"@"SEL$25" ("T_USR"."USR_ID"))
      LEADING(@"SEL$2D594895" "T"@"SEL$8" "REASON"@"SEL$17" "TASKTYPE"@"SEL$15" "AUTH"@"SEL$21" "CASEORCM"@"SEL$19"
              "OWN"@"SEL$7" "PROVIDER"@"SEL$23" "MEMBER"@"SEL$11" "SENDER"@"SEL$27" "PREVOWNER"@"SEL$9" "ORIGCREATOR"@"SEL$13"
              "MOD"@"SEL$25")
      USE_NL(@"SEL$2D594895" "REASON"@"SEL$17")
      USE_NL(@"SEL$2D594895" "TASKTYPE"@"SEL$15")
      USE_NL(@"SEL$2D594895" "AUTH"@"SEL$21")
      USE_NL(@"SEL$2D594895" "CASEORCM"@"SEL$19")
      USE_MERGE_CARTESIAN(@"SEL$2D594895" "OWN"@"SEL$7")
      USE_NL(@"SEL$2D594895" "PROVIDER"@"SEL$23")
      USE_NL(@"SEL$2D594895" "MEMBER"@"SEL$11")
      USE_NL(@"SEL$2D594895" "SENDER"@"SEL$27")
      USE_NL(@"SEL$2D594895" "PREVOWNER"@"SEL$9")
      USE_NL(@"SEL$2D594895" "ORIGCREATOR"@"SEL$13")
      USE_NL(@"SEL$2D594895" "MOD"@"SEL$25")
      INDEX_RS_ASC(@"SEL$5" "T_CM_BASEBASE"@"SEL$5" ("T_CM_BASEBASE"."CMBB_ID"))
      INDEX_RS_ASC(@"SEL$4" "T_UM_BASE"@"SEL$4" ("T_UM_BASE"."UMBS_ID"))
      END_OUTLINE_DATA
  */

Peeked Binds (identified by position):
--------------------------------------

   1 - :SYS_B_0 (NUMBER): 2
   2 - :1 (NUMBER): 10621934
   3 - :2 (NUMBER): 1
   4 - :3 (NUMBER): 3
   5 - :4 (NUMBER): 905
   6 - :5 (NUMBER): 906
   7 - :6 (NUMBER): 907
   8 - :7 (NUMBER): 908
   9 - :8 (NUMBER): 911
  10 - :9 (NUMBER): 912
  11 - :10 (NUMBER): 913
  12 - :SYS_B_1 (NUMBER): 500
  13 - :SYS_B_2 (VARCHAR2(30), CSID=178): '2020.10.28'
  14 - :SYS_B_3 (VARCHAR2(30), CSID=178): 'yyyy.MM.dd'

Note
-----
   - dynamic statistics used: dynamic sampling (level=2)
   - 6 Sql Plan Directives used for this statement

SQL_ID 0sjx29v99zfqc
--------------------
SELECT INFO_WITH_MEMBER_ID.*,     enrollment.ELNS_INSCPRSRGRP
ipgGroupId,     benefit.BENP_LWSTLVL_PRODCAT productCategoryId,
affMember.USR_FRSTNAM affiliatedMemberFirstName,
affMember.USR_LAS_NAM affiliatedMemberLastName FROM (   SELECT INFO.*,
   CASE     WHEN INFO.memberAffiliationId IS NOT NULL THEN
(INFO.memberAffiliationId)     WHEN INFO.authAffiliationId IS NOT NULL
THEN (SELECT UMBS_MEMB FROM T_UM_BASE WHERE
UMBS_ID=INFO.authAffiliationId)     WHEN
INFO.careManagementAffiliationId IS NOT NULL THEN (SELECT CMBS_MEMB
FROM T_CM_BASEBASE WHERE CMBB_ID=INFO.careManagementAffiliationId)
WHEN INFO.providerAffiliationId IS NOT NULL THEN
(INFO.providerAffiliationId)     ELSE (NULL)     END
affiliatedMemberId   FROM (   SELECT * FROM (     SELECT
T.SETK_ID AS id,         T.SETK_C4C_ID AS c4cId,         T.SETK_UNIVID
AS universalId,         taskType.TSKT_RCPTTYP AS categoryId,
T.SETK_TSK_TYP AS taskTypeId,         taskType.DDLI_LBL AS
taskTypeLabel,         T.SETK_TSK_NAM AS taskName,         T.SETK_SUBJ
AS subject,         T.SETK_CRTD AS createDate,         T.SETK_SENT AS
sentDate,         T.SETK_SRTD AS startedDate,
T.SETK_TSK_TIMG_STRTDT AS startDate,         T.SETK_TSK_TIMG_SCLDAT AS
startDateSeconds,         T.SETK_TSK_TIMG_DDLN_DT AS dueDate,
T.SETK_TSK_TIMG_DDLN_TIM_IN_DY AS dueDateSeconds,         T.SETK_OWNR
AS ownerId,         own.USR_FRSTNAM AS ownerFirstName,
own.USR_LAS_NAM AS ownerLastName,         own.CLASSTYPE AS ownerType,
      T.SETK_OBJ_STT AS status,         T.SETK_AFFN_MEMB AS
memberAffiliationId,         member.USR_C4C_ID AS memberC4cId,
member.USR_FRSTNAM AS memberFirstName,         member.USR_LAS_NAM AS
memberLastName,         T.SETK_AFFN_CM AS careManagementAffiliationId,
       caseOrCm.CMBB_C4C_ID AS caseOrCmC4cId,
T.SETK_AFFN_UM_EVNT AS authAffiliationId,         auth.UMBS_C4C_ID AS
authAffiliationC4cId,         T.SETK_AFFN_PVDR AS
providerAffiliationId,         provider.USR_C4C_ID AS providerC4cId,
     T.SETK_TSK_TIMG_SNLTDT AS startNoLaterThanDate,
T.SETK_CNCLRESN AS cancelReasonId,         T.SETK_ORIGCRTR AS
originalCreatorId,         origCreator.USR_FRSTNAM AS
originalCreatorFirstName,         origCreator.USR_LAS_NAM AS
originalCreatorLastName,         caseOrCm.CLASSTYPE AS
caseOrCmClasstype,         T.SETK_TSK_DSCN AS description,
T.SETK_CMPD AS completedDate,         T.SETK_LAS_ACT_TIM AS
lastActionDate,         mod.USR_FRSTNAM lastModifiedByFirstName,
 mod.USR_LAS_NAM lastModifiedByLastName,         T.SETK_PRVSOWNR AS
previousOwnerId,         prevOwner.USR_FRSTNAM AS
previousOwnerFirstName,         prevOwner.USR_LAS_NAM AS
previousOwnerLastName,         prevOwner.CLASSTYPE AS
previousOwnerType,         CASE             WHEN
T.SETK_TSK_TIMG_DDLN_DT IS NOT NULL THEN (T.SETK_TSK_TIMG_DDLN_DT)
       WHEN T.SETK_TSK_TIMG_STRTDT IS NOT NULL THEN
(T.SETK_TSK_TIMG_STRTDT)             WHEN T.SETK_TSK_TIMG_SNLTDT IS NOT
NULL THEN (T.SETK_TSK_TIMG_SNLTDT)             ELSE (NULL)         END
       filterDate,         sender.USR_FRSTNAM fromUserFirstName,
 sender.USR_LAS_NAM fromUserLastName,         T.SETK_RESCHEDULE_REASON
AS rescheduleReason,         reason.DDLI_LBL AS rescheduleReasonLabel,
       T.SETK_RESCHEDULE_COMMENT AS rescheduleComment       FROM
T_SENTTSK T       LEFT OUTER JOIN T_USR own ON own.USR_ID=T.SETK_OWNR
    LEFT OUTER JOIN T_USR prevOwner ON prevOwner.USR_ID=T.SETK_PRVSOWNR
      LEFT OUTER JOIN T_USR member ON member.USR_ID=T.SETK_AFFN_MEMB
   LEFT OUTER JOIN T_USR origCreator ON
origCreator.USR_ID=T.SETK_ORIGCRTR       LEFT OUTER JOIN T_DDL_ITEM
taskType ON taskType.DDLI_ID=T.SETK_TSK_TYP       LEFT OUTER JOIN
T_DDL_ITEM reason ON reason.DDLI_ID=T.SETK_RESCHEDULE_REASON       LEFT
OUTER JOIN T_CM_BASEBASE caseOrCm ON caseOrCm.CMBB_ID=T.SETK_AFFN_CM
   LEFT OUTER JOIN T_UM_BASE auth ON auth.UMBS_ID=T.SETK_AFFN_UM_EVNT
    LEFT OUTER JOIN T_USR provider

Plan hash value: 312717859

---------------------------------------------------------------------------------------------------------------------------------
| Id  | Operation                                       | Name                          | Rows  | Bytes | Cost (%CPU)| Time     |
---------------------------------------------------------------------------------------------------------------------------------
|   0 | SELECT STATEMENT                                |                               |       |       |  2287K(100)|          |
|   1 |  TABLE ACCESS BY INDEX ROWID                    | T_UM_BASE                     |     1 |    12 |     1   (0)| 00:00:01 |
|   2 |   INDEX UNIQUE SCAN                             | PK_T_UM_BASE                  |     1 |       |     1   (0)| 00:00:01 |
|   3 |   TABLE ACCESS BY INDEX ROWID                   | T_CM_BASEBASE                 |     1 |    12 |     1   (0)| 00:00:01 |
|   4 |    INDEX UNIQUE SCAN                            | PK_T_CM_BASEBASE              |     1 |       |     1   (0)| 00:00:01 |
|   5 |  NESTED LOOPS OUTER                             |                               |    16 |   733K|  2287K  (1)| 00:01:30 |
|   6 |   NESTED LOOPS OUTER                            |                               |    16 |   732K|  2287K  (1)| 00:01:30 |
|   7 |    HASH JOIN RIGHT OUTER                        |                               |    16 |   732K|  2287K  (1)| 00:01:30 |
|   8 |     VIEW                                        | V_CURR_ENROLLMENT             |     2 |    78 |  2287K  (1)| 00:01:30 |
|   9 |      SORT UNIQUE                                |                               |     2 |  1092 |  2287K  (1)| 00:01:30 |
|  10 |       UNION-ALL                                 |                               |       |       |            |          |
|  11 |        FILTER                                   |                               |       |       |            |          |
|  12 |         FILTER                                  |                               |       |       |            |          |
|  13 |          TABLE ACCESS STORAGE FULL              | T_ENNS                        |   249K|    64M|   160K  (1)| 00:00:07 |
|  14 |          FAST DUAL                              |                               |     1 |       |     2   (0)| 00:00:01 |
|  15 |         SORT GROUP BY NOSORT                    |                               |     1 |    72 |     4   (0)| 00:00:01 |
|  16 |          NESTED LOOPS OUTER                     |                               |     1 |    72 |     4   (0)| 00:00:01 |
|  17 |           NESTED LOOPS                          |                               |     1 |    50 |     3   (0)| 00:00:01 |
|  18 |            NESTED LOOPS                         |                               |     1 |    12 |     2   (0)| 00:00:01 |
|  19 |             INDEX UNIQUE SCAN                   | PK_T_USR                      |     1 |     6 |     1   (0)| 00:00:01 |
|  20 |             INDEX RANGE SCAN                    | IX_NVL_USR_MRGEMSTR_USR_ID    |     1 |     6 |     1   (0)| 00:00:01 |
|  21 |            TABLE ACCESS BY INDEX ROWID          | T_ENNS                        |     1 |    38 |     1   (0)| 00:00:01 |
|  22 |             INDEX RANGE SCAN                    | IX_ELNS_MEMBENLTDTDSNTDTSTTID |     2 |       |     1   (0)| 00:00:01 |
|  23 |           TABLE ACCESS BY INDEX ROWID           | T_ENNS                        |     1 |    22 |     1   (0)| 00:00:01 |
|  24 |            INDEX RANGE SCAN                     | IX_ELNS_MEMBENLTDTDSNTDTID    |     1 |       |     1   (0)| 00:00:01 |
|  25 |        FILTER                                   |                               |       |       |            |          |
|  26 |         FILTER                                  |                               |       |       |            |          |
|  27 |          TABLE ACCESS STORAGE FULL              | T_ENNS                        |   249K|    64M|   160K  (1)| 00:00:07 |
|  28 |          FAST DUAL                              |                               |     1 |       |     2   (0)| 00:00:01 |
|  29 |         SORT GROUP BY NOSORT                    |                               |     1 |    72 |     4   (0)| 00:00:01 |
|  30 |          NESTED LOOPS OUTER                     |                               |     1 |    72 |     4   (0)| 00:00:01 |
|  31 |           NESTED LOOPS                          |                               |     1 |    50 |     3   (0)| 00:00:01 |
|  32 |            NESTED LOOPS                         |                               |     1 |    12 |     2   (0)| 00:00:01 |
|  33 |             INDEX UNIQUE SCAN                   | PK_T_USR                      |     1 |     6 |     1   (0)| 00:00:01 |
|  34 |             INDEX RANGE SCAN                    | IX_NVL_USR_MRGEMSTR_USR_ID    |     1 |     6 |     1   (0)| 00:00:01 |
|  35 |            TABLE ACCESS BY INDEX ROWID          | T_ENNS                        |     1 |    38 |     1   (0)| 00:00:01 |
|  36 |             INDEX RANGE SCAN                    | IX_ELNS_MEMBENLTDTDSNTDTSTTID |     2 |       |     1   (0)| 00:00:01 |
|  37 |           TABLE ACCESS BY INDEX ROWID           | T_ENNS                        |     1 |    22 |     1   (0)| 00:00:01 |
|  38 |            INDEX RANGE SCAN                     | IX_ELNS_MEMBENLTDTDSNTDTID    |     1 |       |     1   (0)| 00:00:01 |
|  39 |     VIEW                                        |                               |    16 |   732K|    31   (4)| 00:00:01 |
|  40 |      VIEW                                       |                               |    16 |   731K|    15   (7)| 00:00:01 |
|  41 |       COUNT STOPKEY                             |                               |       |       |            |          |
|  42 |        VIEW                                     |                               |    16 |   731K|    15   (7)| 00:00:01 |
|  43 |         SORT ORDER BY STOPKEY                   |                               |    16 | 12480 |    15   (7)| 00:00:01 |
|  44 |          NESTED LOOPS OUTER                     |                               |    16 | 12480 |    14   (0)| 00:00:01 |
|  45 |           NESTED LOOPS OUTER                    |                               |    16 | 12128 |    13   (0)| 00:00:01 |
|  46 |            NESTED LOOPS OUTER                   |                               |    16 | 11776 |    12   (0)| 00:00:01 |
|  47 |             NESTED LOOPS OUTER                  |                               |    16 | 11424 |    11   (0)| 00:00:01 |
|  48 |              NESTED LOOPS OUTER                 |                               |    16 | 10848 |    10   (0)| 00:00:01 |
|  49 |               NESTED LOOPS OUTER                |                               |    16 | 10288 |     9   (0)| 00:00:01 |
|  50 |                MERGE JOIN OUTER                 |                               |    16 |  9984 |     8   (0)| 00:00:01 |
|  51 |                 NESTED LOOPS OUTER              |                               |    16 |  9408 |     7   (0)| 00:00:01 |
|  52 |                  NESTED LOOPS OUTER             |                               |    16 |  8960 |     6   (0)| 00:00:01 |
|  53 |                   NESTED LOOPS OUTER            |                               |    16 |  8672 |     5   (0)| 00:00:01 |
|  54 |                    NESTED LOOPS OUTER           |                               |    16 |  8288 |     4   (0)| 00:00:01 |
|  55 |                     INLIST ITERATOR             |                               |       |       |            |          |
|  56 |                      TABLE ACCESS BY INDEX ROWID| T_SENTTSK                     |    49 | 24304 |     3   (0)| 00:00:01 |
|  57 |                       INDEX RANGE SCAN          | IX_SETK_OBJ_STT               |  1889 |       |     1   (0)| 00:00:01 |
|  58 |                     TABLE ACCESS BY INDEX ROWID | T_DDL_ITEM                    |     1 |    22 |     1   (0)| 00:00:01 |
|  59 |                      INDEX UNIQUE SCAN          | PK_T_DDL_ITEM                 |     1 |       |     1   (0)| 00:00:01 |
|  60 |                    TABLE ACCESS BY INDEX ROWID  | T_DDL_ITEM                    |     1 |    24 |     1   (0)| 00:00:01 |
|  61 |                     INDEX UNIQUE SCAN           | PK_T_DDL_ITEM                 |     1 |       |     1   (0)| 00:00:01 |
|  62 |                   TABLE ACCESS BY INDEX ROWID   | T_UM_BASE                     |     1 |    18 |     1   (0)| 00:00:01 |
|  63 |                    INDEX UNIQUE SCAN            | PK_T_UM_BASE                  |     1 |       |     1   (0)| 00:00:01 |
|  64 |                  TABLE ACCESS BY INDEX ROWID    | T_CM_BASEBASE                 |     1 |    28 |     1   (0)| 00:00:01 |
|  65 |                   INDEX UNIQUE SCAN             | PK_T_CM_BASEBASE              |     1 |       |     1   (0)| 00:00:01 |
|  66 |                 BUFFER SORT                     |                               |     1 |    36 |     7   (0)| 00:00:01 |
|  67 |                  TABLE ACCESS BY INDEX ROWID    | T_USR                         |     1 |    36 |     1   (0)| 00:00:01 |
|  68 |                   INDEX UNIQUE SCAN             | PK_T_USR                      |     1 |       |     1   (0)| 00:00:01 |
|  69 |                TABLE ACCESS BY INDEX ROWID      | T_USR                         |     1 |    19 |     1   (0)| 00:00:01 |
|  70 |                 INDEX UNIQUE SCAN               | PK_T_USR                      |     1 |       |     1   (0)| 00:00:01 |
|  71 |               TABLE ACCESS BY INDEX ROWID       | T_USR                         |     1 |    35 |     1   (0)| 00:00:01 |
|  72 |                INDEX UNIQUE SCAN                | PK_T_USR                      |     1 |       |     1   (0)| 00:00:01 |
|  73 |              TABLE ACCESS BY INDEX ROWID        | T_USR                         |     1 |    36 |     1   (0)| 00:00:01 |
|  74 |               INDEX UNIQUE SCAN                 | PK_T_USR                      |     1 |       |     1   (0)| 00:00:01 |
|  75 |             TABLE ACCESS BY INDEX ROWID         | T_USR                         |     1 |    22 |     1   (0)| 00:00:01 |
|  76 |              INDEX UNIQUE SCAN                  | PK_T_USR                      |     1 |       |     1   (0)| 00:00:01 |
|  77 |            TABLE ACCESS BY INDEX ROWID          | T_USR                         |     1 |    22 |     1   (0)| 00:00:01 |
|  78 |             INDEX UNIQUE SCAN                   | PK_T_USR                      |     1 |       |     1   (0)| 00:00:01 |
|  79 |           TABLE ACCESS BY INDEX ROWID           | T_USR                         |     1 |    22 |     1   (0)| 00:00:01 |
|  80 |            INDEX UNIQUE SCAN                    | PK_T_USR                      |     1 |       |     1   (0)| 00:00:01 |
|  81 |    TABLE ACCESS BY INDEX ROWID                  | T_BENSPKG                     |     1 |    12 |     1   (0)| 00:00:01 |
|  82 |     INDEX UNIQUE SCAN                           | PK_T_BENSPKG                  |     1 |       |     1   (0)| 00:00:01 |
|  83 |   TABLE ACCESS BY INDEX ROWID                   | T_USR                         |     1 |    22 |     1   (0)| 00:00:01 |
|  84 |    INDEX UNIQUE SCAN                            | PK_T_USR                      |     1 |       |     1   (0)| 00:00:01 |
---------------------------------------------------------------------------------------------------------------------------------

Query Block Name / Object Alias (identified by operation id):
-------------------------------------------------------------

   1 - SEL$4        / T_UM_BASE@SEL$4
   2 - SEL$4        / T_UM_BASE@SEL$4
   3 - SEL$5        / T_CM_BASEBASE@SEL$5
   4 - SEL$5        / T_CM_BASEBASE@SEL$5
   5 - SEL$0C04A374
   8 - SET$1        / ENROLLMENT@SEL$30
   9 - SET$1
  11 - SEL$35
  13 - SEL$35       / T_SRC_ENNS@SEL$35
  14 - SEL$40       / DUAL@SEL$40
  15 - SEL$5F185B4C
  19 - SEL$5F185B4C / T_ENNS_MASTERUSER@SEL$31
  20 - SEL$5F185B4C / T_ENNS_SLAVEUSER@SEL$31
  21 - SEL$5F185B4C / T_CURR_ENNS@SEL$32
  22 - SEL$5F185B4C / T_CURR_ENNS@SEL$32
  23 - SEL$5F185B4C / T_MAX_DISENROLLMENT_ENROLLMENT@SEL$33
  24 - SEL$5F185B4C / T_MAX_DISENROLLMENT_ENROLLMENT@SEL$33
  25 - SEL$42
  27 - SEL$42       / T_SRC_ENNS@SEL$42
  28 - SEL$43       / DUAL@SEL$43
  29 - SEL$CDBEA42D
  33 - SEL$CDBEA42D / T_ENNS_MASTERUSER@SEL$36
  34 - SEL$CDBEA42D / T_ENNS_SLAVEUSER@SEL$36
  35 - SEL$CDBEA42D / T_CURR_ENNS@SEL$37
  36 - SEL$CDBEA42D / T_CURR_ENNS@SEL$37
  37 - SEL$CDBEA42D / T_MAX_DISENROLLMENT_ENROLLMENT@SEL$38
  38 - SEL$CDBEA42D / T_MAX_DISENROLLMENT_ENROLLMENT@SEL$38
  39 - SEL$3        / INFO_WITH_MEMBER_ID@SEL$2
  40 - SEL$6        / INFO@SEL$3
  41 - SEL$6
  42 - SEL$2D594895 / from$_subquery$_005@SEL$6
  43 - SEL$2D594895
  56 - SEL$2D594895 / T@SEL$8
  57 - SEL$2D594895 / T@SEL$8
  58 - SEL$2D594895 / REASON@SEL$17
  59 - SEL$2D594895 / REASON@SEL$17
  60 - SEL$2D594895 / TASKTYPE@SEL$15
  61 - SEL$2D594895 / TASKTYPE@SEL$15
  62 - SEL$2D594895 / AUTH@SEL$21
  63 - SEL$2D594895 / AUTH@SEL$21
  64 - SEL$2D594895 / CASEORCM@SEL$19
  65 - SEL$2D594895 / CASEORCM@SEL$19
  67 - SEL$2D594895 / OWN@SEL$7
  68 - SEL$2D594895 / OWN@SEL$7
  69 - SEL$2D594895 / PROVIDER@SEL$23
  70 - SEL$2D594895 / PROVIDER@SEL$23
  71 - SEL$2D594895 / MEMBER@SEL$11
  72 - SEL$2D594895 / MEMBER@SEL$11
  73 - SEL$2D594895 / PREVOWNER@SEL$9
  74 - SEL$2D594895 / PREVOWNER@SEL$9
  75 - SEL$2D594895 / SENDER@SEL$27
  76 - SEL$2D594895 / SENDER@SEL$27
  77 - SEL$2D594895 / ORIGCREATOR@SEL$13
  78 - SEL$2D594895 / ORIGCREATOR@SEL$13
  79 - SEL$2D594895 / MOD@SEL$25
  80 - SEL$2D594895 / MOD@SEL$25
  81 - SEL$0C04A374 / BENEFIT@SEL$46
  82 - SEL$0C04A374 / BENEFIT@SEL$46
  83 - SEL$0C04A374 / AFFMEMBER@SEL$1
  84 - SEL$0C04A374 / AFFMEMBER@SEL$1

Outline Data
-------------

  /*+
      BEGIN_OUTLINE_DATA
      IGNORE_OPTIM_EMBEDDED_HINTS
      OPTIMIZER_FEATURES_ENABLE('12.1.0.2')
      DB_VERSION('12.1.0.2')
      OPT_PARAM('optimizer_index_cost_adj' 1)
      OPT_PARAM('optimizer_index_caching' 90)
      ALL_ROWS
      OUTLINE_LEAF(@"SEL$4")
      OUTLINE_LEAF(@"SEL$5")
      OUTLINE_LEAF(@"SEL$2D594895")
      MERGE(@"SEL$2DE0C8FF")
      OUTLINE_LEAF(@"SEL$6")
      OUTLINE_LEAF(@"SEL$3")
      OUTLINE_LEAF(@"SEL$40")
      OUTLINE_LEAF(@"SEL$5F185B4C")
      MERGE(@"SEL$6B15F4E0")
      OUTLINE_LEAF(@"SEL$35")
      OUTLINE_LEAF(@"SEL$43")
      OUTLINE_LEAF(@"SEL$CDBEA42D")
      MERGE(@"SEL$57BA8109")
      OUTLINE_LEAF(@"SEL$42")
      OUTLINE_LEAF(@"SET$1")
      OUTLINE_LEAF(@"SEL$0C04A374")
      MERGE(@"SEL$BC270230")
      OUTLINE(@"SEL$29")
      OUTLINE(@"SEL$2DE0C8FF")
      MERGE(@"SEL$27")
      MERGE(@"SEL$3B95C159")
      OUTLINE(@"SEL$41")
      OUTLINE(@"SEL$6B15F4E0")
      MERGE(@"SEL$78FE80F3")
      OUTLINE(@"SEL$44")
      OUTLINE(@"SEL$57BA8109")
      MERGE(@"SEL$516D3A01")
      OUTLINE(@"SEL$48")
      OUTLINE(@"SEL$BC270230")
      MERGE(@"SEL$409758B4")
      MERGE(@"SEL$46")
      OUTLINE(@"SEL$28")
      OUTLINE(@"SEL$27")
      OUTLINE(@"SEL$3B95C159")
      MERGE(@"SEL$25")
      MERGE(@"SEL$6D003707")
      OUTLINE(@"SEL$D570F096")
      MERGE(@"SEL$33")
      OUTLINE(@"SEL$78FE80F3")
      MERGE(@"SEL$31")
      OUTLINE(@"SEL$067B9A3E")
      MERGE(@"SEL$38")
      OUTLINE(@"SEL$516D3A01")
      MERGE(@"SEL$36")
      OUTLINE(@"SEL$47")
      OUTLINE(@"SEL$409758B4")
      MERGE(@"SEL$30")
      MERGE(@"SEL$58A6D7F6")
      OUTLINE(@"SEL$46")
      OUTLINE(@"SEL$26")
      OUTLINE(@"SEL$25")
      OUTLINE(@"SEL$6D003707")
      MERGE(@"SEL$23")
      MERGE(@"SEL$23FAB6D1")
      OUTLINE(@"SEL$34")
      OUTLINE(@"SEL$33")
      OUTLINE(@"SEL$32")
      OUTLINE(@"SEL$31")
      OUTLINE(@"SEL$39")
      OUTLINE(@"SEL$38")
      OUTLINE(@"SEL$37")
      OUTLINE(@"SEL$36")
      OUTLINE(@"SEL$45")
      OUTLINE(@"SEL$30")
      OUTLINE(@"SEL$58A6D7F6")
      MERGE(@"SEL$1")
      OUTLINE(@"SEL$24")
      OUTLINE(@"SEL$23")
      OUTLINE(@"SEL$23FAB6D1")
      MERGE(@"SEL$21")
      MERGE(@"SEL$97A30ECD")
      OUTLINE(@"SEL$2")
      OUTLINE(@"SEL$1")
      OUTLINE(@"SEL$22")
      OUTLINE(@"SEL$21")
      OUTLINE(@"SEL$97A30ECD")
      MERGE(@"SEL$19")
      MERGE(@"SEL$CF22A5CA")
      OUTLINE(@"SEL$20")
      OUTLINE(@"SEL$19")
      OUTLINE(@"SEL$CF22A5CA")
      MERGE(@"SEL$17")
      MERGE(@"SEL$FF97D7FC")
      OUTLINE(@"SEL$18")
      OUTLINE(@"SEL$17")
      OUTLINE(@"SEL$FF97D7FC")
      MERGE(@"SEL$15")
      MERGE(@"SEL$DE5D921C")
      OUTLINE(@"SEL$16")
      OUTLINE(@"SEL$15")
      OUTLINE(@"SEL$DE5D921C")
      MERGE(@"SEL$01DD7F33")
      MERGE(@"SEL$13")
      OUTLINE(@"SEL$14")
      OUTLINE(@"SEL$01DD7F33")
      MERGE(@"SEL$11")
      MERGE(@"SEL$BDFBA881")
      OUTLINE(@"SEL$13")
      OUTLINE(@"SEL$12")
      OUTLINE(@"SEL$11")
      OUTLINE(@"SEL$BDFBA881")
      MERGE(@"SEL$9")
      MERGE(@"SEL$FC56C448")
      OUTLINE(@"SEL$10")
      OUTLINE(@"SEL$9")
      OUTLINE(@"SEL$FC56C448")
      MERGE(@"SEL$7")
      OUTLINE(@"SEL$8")
      OUTLINE(@"SEL$7")
      NO_ACCESS(@"SEL$0C04A374" "INFO_WITH_MEMBER_ID"@"SEL$2")
      NO_ACCESS(@"SEL$0C04A374" "ENROLLMENT"@"SEL$30")
      INDEX_RS_ASC(@"SEL$0C04A374" "BENEFIT"@"SEL$46" ("T_BENSPKG"."BENP_ID"))
      INDEX_RS_ASC(@"SEL$0C04A374" "AFFMEMBER"@"SEL$1" ("T_USR"."USR_ID"))
      LEADING(@"SEL$0C04A374" "INFO_WITH_MEMBER_ID"@"SEL$2" "ENROLLMENT"@"SEL$30" "BENEFIT"@"SEL$46" "AFFMEMBER"@"SEL$1")
      USE_HASH(@"SEL$0C04A374" "ENROLLMENT"@"SEL$30")
      USE_NL(@"SEL$0C04A374" "BENEFIT"@"SEL$46")
      USE_NL(@"SEL$0C04A374" "AFFMEMBER"@"SEL$1")
      SWAP_JOIN_INPUTS(@"SEL$0C04A374" "ENROLLMENT"@"SEL$30")
      NO_ACCESS(@"SEL$3" "INFO"@"SEL$3")
      FULL(@"SEL$42" "T_SRC_ENNS"@"SEL$42")
      PQ_FILTER(@"SEL$42" SERIAL)
      FULL(@"SEL$35" "T_SRC_ENNS"@"SEL$35")
      PQ_FILTER(@"SEL$35" SERIAL)
      INDEX(@"SEL$5F185B4C" "T_ENNS_MASTERUSER"@"SEL$31" ("T_USR"."USR_ID"))
      INDEX(@"SEL$5F185B4C" "T_ENNS_SLAVEUSER"@"SEL$31" "IX_NVL_USR_MRGEMSTR_USR_ID")
      INDEX_RS_ASC(@"SEL$5F185B4C" "T_CURR_ENNS"@"SEL$32" "IX_ELNS_MEMBENLTDTDSNTDTSTTID")
      INDEX_RS_ASC(@"SEL$5F185B4C" "T_MAX_DISENROLLMENT_ENROLLMENT"@"SEL$33" ("T_ENNS"."ELNS_MEMB" "T_ENNS"."ELNS_ENLTDT"
              "T_ENNS"."ELNS_DSNTDT" "T_ENNS"."ELNS_ID"))
      LEADING(@"SEL$5F185B4C" "T_ENNS_MASTERUSER"@"SEL$31" "T_ENNS_SLAVEUSER"@"SEL$31" "T_CURR_ENNS"@"SEL$32"
              "T_MAX_DISENROLLMENT_ENROLLMENT"@"SEL$33")
      USE_NL(@"SEL$5F185B4C" "T_ENNS_SLAVEUSER"@"SEL$31")
      USE_NL(@"SEL$5F185B4C" "T_CURR_ENNS"@"SEL$32")
      USE_NL(@"SEL$5F185B4C" "T_MAX_DISENROLLMENT_ENROLLMENT"@"SEL$33")
      INDEX(@"SEL$CDBEA42D" "T_ENNS_MASTERUSER"@"SEL$36" ("T_USR"."USR_ID"))
      INDEX(@"SEL$CDBEA42D" "T_ENNS_SLAVEUSER"@"SEL$36" "IX_NVL_USR_MRGEMSTR_USR_ID")
      INDEX_RS_ASC(@"SEL$CDBEA42D" "T_CURR_ENNS"@"SEL$37" "IX_ELNS_MEMBENLTDTDSNTDTSTTID")
      INDEX_RS_ASC(@"SEL$CDBEA42D" "T_MAX_DISENROLLMENT_ENROLLMENT"@"SEL$38" ("T_ENNS"."ELNS_MEMB" "T_ENNS"."ELNS_ENLTDT"
              "T_ENNS"."ELNS_DSNTDT" "T_ENNS"."ELNS_ID"))
      LEADING(@"SEL$CDBEA42D" "T_ENNS_MASTERUSER"@"SEL$36" "T_ENNS_SLAVEUSER"@"SEL$36" "T_CURR_ENNS"@"SEL$37"
              "T_MAX_DISENROLLMENT_ENROLLMENT"@"SEL$38")
      USE_NL(@"SEL$CDBEA42D" "T_ENNS_SLAVEUSER"@"SEL$36")
      USE_NL(@"SEL$CDBEA42D" "T_CURR_ENNS"@"SEL$37")
      USE_NL(@"SEL$CDBEA42D" "T_MAX_DISENROLLMENT_ENROLLMENT"@"SEL$38")
      NO_ACCESS(@"SEL$6" "from$_subquery$_005"@"SEL$6")
      INDEX_RS_ASC(@"SEL$2D594895" "T"@"SEL$8" ("T_SENTTSK"."SETK_OBJ_STT"))
      INDEX_RS_ASC(@"SEL$2D594895" "REASON"@"SEL$17" ("T_DDL_ITEM"."DDLI_ID"))
      INDEX_RS_ASC(@"SEL$2D594895" "TASKTYPE"@"SEL$15" ("T_DDL_ITEM"."DDLI_ID"))
      INDEX_RS_ASC(@"SEL$2D594895" "AUTH"@"SEL$21" ("T_UM_BASE"."UMBS_ID"))
      INDEX_RS_ASC(@"SEL$2D594895" "CASEORCM"@"SEL$19" ("T_CM_BASEBASE"."CMBB_ID"))
      INDEX_RS_ASC(@"SEL$2D594895" "OWN"@"SEL$7" ("T_USR"."USR_ID"))
      INDEX_RS_ASC(@"SEL$2D594895" "PROVIDER"@"SEL$23" ("T_USR"."USR_ID"))
      INDEX_RS_ASC(@"SEL$2D594895" "MEMBER"@"SEL$11" ("T_USR"."USR_ID"))
      INDEX_RS_ASC(@"SEL$2D594895" "PREVOWNER"@"SEL$9" ("T_USR"."USR_ID"))
      INDEX_RS_ASC(@"SEL$2D594895" "SENDER"@"SEL$27" ("T_USR"."USR_ID"))
      INDEX_RS_ASC(@"SEL$2D594895" "ORIGCREATOR"@"SEL$13" ("T_USR"."USR_ID"))
      INDEX_RS_ASC(@"SEL$2D594895" "MOD"@"SEL$25" ("T_USR"."USR_ID"))
      LEADING(@"SEL$2D594895" "T"@"SEL$8" "REASON"@"SEL$17" "TASKTYPE"@"SEL$15" "AUTH"@"SEL$21" "CASEORCM"@"SEL$19"
              "OWN"@"SEL$7" "PROVIDER"@"SEL$23" "MEMBER"@"SEL$11" "PREVOWNER"@"SEL$9" "SENDER"@"SEL$27" "ORIGCREATOR"@"SEL$13"
              "MOD"@"SEL$25")
      USE_NL(@"SEL$2D594895" "REASON"@"SEL$17")
      USE_NL(@"SEL$2D594895" "TASKTYPE"@"SEL$15")
      USE_NL(@"SEL$2D594895" "AUTH"@"SEL$21")
      USE_NL(@"SEL$2D594895" "CASEORCM"@"SEL$19")
      USE_MERGE_CARTESIAN(@"SEL$2D594895" "OWN"@"SEL$7")
      USE_NL(@"SEL$2D594895" "PROVIDER"@"SEL$23")
      USE_NL(@"SEL$2D594895" "MEMBER"@"SEL$11")
      USE_NL(@"SEL$2D594895" "PREVOWNER"@"SEL$9")
      USE_NL(@"SEL$2D594895" "SENDER"@"SEL$27")
      USE_NL(@"SEL$2D594895" "ORIGCREATOR"@"SEL$13")
      USE_NL(@"SEL$2D594895" "MOD"@"SEL$25")
      INDEX_RS_ASC(@"SEL$5" "T_CM_BASEBASE"@"SEL$5" ("T_CM_BASEBASE"."CMBB_ID"))
      INDEX_RS_ASC(@"SEL$4" "T_UM_BASE"@"SEL$4" ("T_UM_BASE"."UMBS_ID"))
      END_OUTLINE_DATA
  */

Peeked Binds (identified by position):
--------------------------------------

   1 - :SYS_B_0 (NUMBER): 2
   2 - :1 (NUMBER): 10672218
   3 - :2 (NUMBER): 1
   4 - :3 (NUMBER): 3
   5 - :4 (NUMBER): 905
   6 - :5 (NUMBER): 906
   7 - :6 (NUMBER): 907
   8 - :7 (NUMBER): 908
   9 - :8 (NUMBER): 911
  10 - :9 (NUMBER): 912
  11 - :10 (NUMBER): 913
  12 - :SYS_B_1 (NUMBER): 500
  13 - :SYS_B_2 (VARCHAR2(30), CSID=178): '2020.11.19'
  14 - :SYS_B_3 (VARCHAR2(30), CSID=178): 'yyyy.MM.dd'

Note
-----
   - dynamic statistics used: dynamic sampling (level=2)
   - 5 Sql Plan Directives used for this statement

SQL_ID 0sjx29v99zfqc
--------------------
SELECT INFO_WITH_MEMBER_ID.*,     enrollment.ELNS_INSCPRSRGRP
ipgGroupId,     benefit.BENP_LWSTLVL_PRODCAT productCategoryId,
affMember.USR_FRSTNAM affiliatedMemberFirstName,
affMember.USR_LAS_NAM affiliatedMemberLastName FROM (   SELECT INFO.*,
   CASE     WHEN INFO.memberAffiliationId IS NOT NULL THEN
(INFO.memberAffiliationId)     WHEN INFO.authAffiliationId IS NOT NULL
THEN (SELECT UMBS_MEMB FROM T_UM_BASE WHERE
UMBS_ID=INFO.authAffiliationId)     WHEN
INFO.careManagementAffiliationId IS NOT NULL THEN (SELECT CMBS_MEMB
FROM T_CM_BASEBASE WHERE CMBB_ID=INFO.careManagementAffiliationId)
WHEN INFO.providerAffiliationId IS NOT NULL THEN
(INFO.providerAffiliationId)     ELSE (NULL)     END
affiliatedMemberId   FROM (   SELECT * FROM (     SELECT
T.SETK_ID AS id,         T.SETK_C4C_ID AS c4cId,         T.SETK_UNIVID
AS universalId,         taskType.TSKT_RCPTTYP AS categoryId,
T.SETK_TSK_TYP AS taskTypeId,         taskType.DDLI_LBL AS
taskTypeLabel,         T.SETK_TSK_NAM AS taskName,         T.SETK_SUBJ
AS subject,         T.SETK_CRTD AS createDate,         T.SETK_SENT AS
sentDate,         T.SETK_SRTD AS startedDate,
T.SETK_TSK_TIMG_STRTDT AS startDate,         T.SETK_TSK_TIMG_SCLDAT AS
startDateSeconds,         T.SETK_TSK_TIMG_DDLN_DT AS dueDate,
T.SETK_TSK_TIMG_DDLN_TIM_IN_DY AS dueDateSeconds,         T.SETK_OWNR
AS ownerId,         own.USR_FRSTNAM AS ownerFirstName,
own.USR_LAS_NAM AS ownerLastName,         own.CLASSTYPE AS ownerType,
      T.SETK_OBJ_STT AS status,         T.SETK_AFFN_MEMB AS
memberAffiliationId,         member.USR_C4C_ID AS memberC4cId,
member.USR_FRSTNAM AS memberFirstName,         member.USR_LAS_NAM AS
memberLastName,         T.SETK_AFFN_CM AS careManagementAffiliationId,
       caseOrCm.CMBB_C4C_ID AS caseOrCmC4cId,
T.SETK_AFFN_UM_EVNT AS authAffiliationId,         auth.UMBS_C4C_ID AS
authAffiliationC4cId,         T.SETK_AFFN_PVDR AS
providerAffiliationId,         provider.USR_C4C_ID AS providerC4cId,
     T.SETK_TSK_TIMG_SNLTDT AS startNoLaterThanDate,
T.SETK_CNCLRESN AS cancelReasonId,         T.SETK_ORIGCRTR AS
originalCreatorId,         origCreator.USR_FRSTNAM AS
originalCreatorFirstName,         origCreator.USR_LAS_NAM AS
originalCreatorLastName,         caseOrCm.CLASSTYPE AS
caseOrCmClasstype,         T.SETK_TSK_DSCN AS description,
T.SETK_CMPD AS completedDate,         T.SETK_LAS_ACT_TIM AS
lastActionDate,         mod.USR_FRSTNAM lastModifiedByFirstName,
 mod.USR_LAS_NAM lastModifiedByLastName,         T.SETK_PRVSOWNR AS
previousOwnerId,         prevOwner.USR_FRSTNAM AS
previousOwnerFirstName,         prevOwner.USR_LAS_NAM AS
previousOwnerLastName,         prevOwner.CLASSTYPE AS
previousOwnerType,         CASE             WHEN
T.SETK_TSK_TIMG_DDLN_DT IS NOT NULL THEN (T.SETK_TSK_TIMG_DDLN_DT)
       WHEN T.SETK_TSK_TIMG_STRTDT IS NOT NULL THEN
(T.SETK_TSK_TIMG_STRTDT)             WHEN T.SETK_TSK_TIMG_SNLTDT IS NOT
NULL THEN (T.SETK_TSK_TIMG_SNLTDT)             ELSE (NULL)         END
       filterDate,         sender.USR_FRSTNAM fromUserFirstName,
 sender.USR_LAS_NAM fromUserLastName,         T.SETK_RESCHEDULE_REASON
AS rescheduleReason,         reason.DDLI_LBL AS rescheduleReasonLabel,
       T.SETK_RESCHEDULE_COMMENT AS rescheduleComment       FROM
T_SENTTSK T       LEFT OUTER JOIN T_USR own ON own.USR_ID=T.SETK_OWNR
    LEFT OUTER JOIN T_USR prevOwner ON prevOwner.USR_ID=T.SETK_PRVSOWNR
      LEFT OUTER JOIN T_USR member ON member.USR_ID=T.SETK_AFFN_MEMB
   LEFT OUTER JOIN T_USR origCreator ON
origCreator.USR_ID=T.SETK_ORIGCRTR       LEFT OUTER JOIN T_DDL_ITEM
taskType ON taskType.DDLI_ID=T.SETK_TSK_TYP       LEFT OUTER JOIN
T_DDL_ITEM reason ON reason.DDLI_ID=T.SETK_RESCHEDULE_REASON       LEFT
OUTER JOIN T_CM_BASEBASE caseOrCm ON caseOrCm.CMBB_ID=T.SETK_AFFN_CM
   LEFT OUTER JOIN T_UM_BASE auth ON auth.UMBS_ID=T.SETK_AFFN_UM_EVNT
    LEFT OUTER JOIN T_USR provider

Plan hash value: 1169281721

---------------------------------------------------------------------------------------------------------------------------------
| Id  | Operation                                       | Name                          | Rows  | Bytes | Cost (%CPU)| Time     |
---------------------------------------------------------------------------------------------------------------------------------
|   0 | SELECT STATEMENT                                |                               |       |       |  2282K(100)|          |
|   1 |  TABLE ACCESS BY INDEX ROWID                    | T_UM_BASE                     |     1 |    12 |     1   (0)| 00:00:01 |
|   2 |   INDEX UNIQUE SCAN                             | PK_T_UM_BASE                  |     1 |       |     1   (0)| 00:00:01 |
|   3 |   TABLE ACCESS BY INDEX ROWID                   | T_CM_BASEBASE                 |     1 |    12 |     1   (0)| 00:00:01 |
|   4 |    INDEX UNIQUE SCAN                            | PK_T_CM_BASEBASE              |     1 |       |     1   (0)| 00:00:01 |
|   5 |  NESTED LOOPS OUTER                             |                               |    97 |  4444K|  2282K  (1)| 00:01:30 |
|   6 |   NESTED LOOPS OUTER                            |                               |    97 |  4442K|  2282K  (1)| 00:01:30 |
|   7 |    HASH JOIN RIGHT OUTER                        |                               |    97 |  4441K|  2282K  (1)| 00:01:30 |
|   8 |     VIEW                                        | V_CURR_ENROLLMENT             |     2 |    78 |  2282K  (1)| 00:01:30 |
|   9 |      SORT UNIQUE                                |                               |     2 |  1092 |  2282K  (1)| 00:01:30 |
|  10 |       UNION-ALL                                 |                               |       |       |            |          |
|  11 |        FILTER                                   |                               |       |       |            |          |
|  12 |         FILTER                                  |                               |       |       |            |          |
|  13 |          TABLE ACCESS STORAGE FULL              | T_ENNS                        |   248K|    64M|   160K  (1)| 00:00:07 |
|  14 |          FAST DUAL                              |                               |     1 |       |     2   (0)| 00:00:01 |
|  15 |         SORT GROUP BY NOSORT                    |                               |     1 |    72 |     4   (0)| 00:00:01 |
|  16 |          NESTED LOOPS OUTER                     |                               |     1 |    72 |     4   (0)| 00:00:01 |
|  17 |           NESTED LOOPS                          |                               |     1 |    50 |     3   (0)| 00:00:01 |
|  18 |            NESTED LOOPS                         |                               |     1 |    12 |     2   (0)| 00:00:01 |
|  19 |             INDEX UNIQUE SCAN                   | PK_T_USR                      |     1 |     6 |     1   (0)| 00:00:01 |
|  20 |             INDEX RANGE SCAN                    | IX_NVL_USR_MRGEMSTR_USR_ID    |     1 |     6 |     1   (0)| 00:00:01 |
|  21 |            TABLE ACCESS BY INDEX ROWID          | T_ENNS                        |     1 |    38 |     1   (0)| 00:00:01 |
|  22 |             INDEX RANGE SCAN                    | IX_ELNS_MEMBENLTDTDSNTDTSTTID |     2 |       |     1   (0)| 00:00:01 |
|  23 |           TABLE ACCESS BY INDEX ROWID           | T_ENNS                        |     1 |    22 |     1   (0)| 00:00:01 |
|  24 |            INDEX RANGE SCAN                     | IX_ELNS_MEMBENLTDTDSNTDTSTTID |     1 |       |     1   (0)| 00:00:01 |
|  25 |        FILTER                                   |                               |       |       |            |          |
|  26 |         FILTER                                  |                               |       |       |            |          |
|  27 |          TABLE ACCESS STORAGE FULL              | T_ENNS                        |   248K|    64M|   160K  (1)| 00:00:07 |
|  28 |          FAST DUAL                              |                               |     1 |       |     2   (0)| 00:00:01 |
|  29 |         SORT GROUP BY NOSORT                    |                               |     1 |    72 |     4   (0)| 00:00:01 |
|  30 |          NESTED LOOPS OUTER                     |                               |     1 |    72 |     4   (0)| 00:00:01 |
|  31 |           NESTED LOOPS                          |                               |     1 |    50 |     3   (0)| 00:00:01 |
|  32 |            NESTED LOOPS                         |                               |     1 |    12 |     2   (0)| 00:00:01 |
|  33 |             INDEX UNIQUE SCAN                   | PK_T_USR                      |     1 |     6 |     1   (0)| 00:00:01 |
|  34 |             INDEX RANGE SCAN                    | IX_NVL_USR_MRGEMSTR_USR_ID    |     1 |     6 |     1   (0)| 00:00:01 |
|  35 |            TABLE ACCESS BY INDEX ROWID          | T_ENNS                        |     1 |    38 |     1   (0)| 00:00:01 |
|  36 |             INDEX RANGE SCAN                    | IX_ELNS_MEMBENLTDTDSNTDTSTTID |     2 |       |     1   (0)| 00:00:01 |
|  37 |           TABLE ACCESS BY INDEX ROWID           | T_ENNS                        |     1 |    22 |     1   (0)| 00:00:01 |
|  38 |            INDEX RANGE SCAN                     | IX_ELNS_MEMBENLTDTDSNTDTSTTID |     1 |       |     1   (0)| 00:00:01 |
|  39 |     VIEW                                        |                               |    97 |  4438K|    83   (2)| 00:00:01 |
|  40 |      VIEW                                       |                               |    97 |  4436K|    15   (7)| 00:00:01 |
|  41 |       COUNT STOPKEY                             |                               |       |       |            |          |
|  42 |        VIEW                                     |                               |    97 |  4436K|    15   (7)| 00:00:01 |
|  43 |         SORT ORDER BY STOPKEY                   |                               |    97 | 75660 |    15   (7)| 00:00:01 |
|  44 |          NESTED LOOPS OUTER                     |                               |    97 | 75660 |    14   (0)| 00:00:01 |
|  45 |           NESTED LOOPS OUTER                    |                               |    97 | 73526 |    13   (0)| 00:00:01 |
|  46 |            NESTED LOOPS OUTER                   |                               |    97 | 71392 |    12   (0)| 00:00:01 |
|  47 |             NESTED LOOPS OUTER                  |                               |    97 | 69064 |    11   (0)| 00:00:01 |
|  48 |              NESTED LOOPS OUTER                 |                               |    97 | 66348 |    10   (0)| 00:00:01 |
|  49 |               NESTED LOOPS OUTER                |                               |    97 | 64214 |     9   (0)| 00:00:01 |
|  50 |                NESTED LOOPS OUTER               |                               |    97 | 60722 |     8   (0)| 00:00:01 |
|  51 |                 NESTED LOOPS OUTER              |                               |    97 | 57327 |     7   (0)| 00:00:01 |
|  52 |                  NESTED LOOPS OUTER             |                               |    97 | 55193 |     6   (0)| 00:00:01 |
|  53 |                   NESTED LOOPS OUTER            |                               |    97 | 53447 |     5   (0)| 00:00:01 |
|  54 |                    MERGE JOIN OUTER             |                               |    97 | 51604 |     4   (0)| 00:00:01 |
|  55 |                     INLIST ITERATOR             |                               |       |       |            |          |
|  56 |                      TABLE ACCESS BY INDEX ROWID| T_SENTTSK                     |    97 | 48112 |     3   (0)| 00:00:01 |
|  57 |                       INDEX RANGE SCAN          | IX_SETK_OBJ_STT               |  1918 |       |     1   (0)| 00:00:01 |
|  58 |                     BUFFER SORT                 |                               |     1 |    36 |     1   (0)| 00:00:01 |
|  59 |                      TABLE ACCESS BY INDEX ROWID| T_USR                         |     1 |    36 |     1   (0)| 00:00:01 |
|  60 |                       INDEX UNIQUE SCAN         | PK_T_USR                      |     1 |       |     1   (0)| 00:00:01 |
|  61 |                    TABLE ACCESS BY INDEX ROWID  | T_USR                         |     1 |    19 |     1   (0)| 00:00:01 |
|  62 |                     INDEX UNIQUE SCAN           | PK_T_USR                      |     1 |       |     1   (0)| 00:00:01 |
|  63 |                   TABLE ACCESS BY INDEX ROWID   | T_UM_BASE                     |     1 |    18 |     1   (0)| 00:00:01 |
|  64 |                    INDEX UNIQUE SCAN            | PK_T_UM_BASE                  |     1 |       |     1   (0)| 00:00:01 |
|  65 |                  TABLE ACCESS BY INDEX ROWID    | T_DDL_ITEM                    |     1 |    22 |     1   (0)| 00:00:01 |
|  66 |                   INDEX UNIQUE SCAN             | PK_T_DDL_ITEM                 |     1 |       |     1   (0)| 00:00:01 |
|  67 |                 TABLE ACCESS BY INDEX ROWID     | T_USR                         |     1 |    35 |     1   (0)| 00:00:01 |
|  68 |                  INDEX UNIQUE SCAN              | PK_T_USR                      |     1 |       |     1   (0)| 00:00:01 |
|  69 |                TABLE ACCESS BY INDEX ROWID      | T_USR                         |     1 |    36 |     1   (0)| 00:00:01 |
|  70 |                 INDEX UNIQUE SCAN               | PK_T_USR                      |     1 |       |     1   (0)| 00:00:01 |
|  71 |               TABLE ACCESS BY INDEX ROWID       | T_USR                         |     1 |    22 |     1   (0)| 00:00:01 |
|  72 |                INDEX UNIQUE SCAN                | PK_T_USR                      |     1 |       |     1   (0)| 00:00:01 |
|  73 |              TABLE ACCESS BY INDEX ROWID        | T_CM_BASEBASE                 |     1 |    28 |     1   (0)| 00:00:01 |
|  74 |               INDEX UNIQUE SCAN                 | PK_T_CM_BASEBASE              |     1 |       |     1   (0)| 00:00:01 |
|  75 |             TABLE ACCESS BY INDEX ROWID         | T_DDL_ITEM                    |     1 |    24 |     1   (0)| 00:00:01 |
|  76 |              INDEX UNIQUE SCAN                  | PK_T_DDL_ITEM                 |     1 |       |     1   (0)| 00:00:01 |
|  77 |            TABLE ACCESS BY INDEX ROWID          | T_USR                         |     1 |    22 |     1   (0)| 00:00:01 |
|  78 |             INDEX UNIQUE SCAN                   | PK_T_USR                      |     1 |       |     1   (0)| 00:00:01 |
|  79 |           TABLE ACCESS BY INDEX ROWID           | T_USR                         |     1 |    22 |     1   (0)| 00:00:01 |
|  80 |            INDEX UNIQUE SCAN                    | PK_T_USR                      |     1 |       |     1   (0)| 00:00:01 |
|  81 |    TABLE ACCESS BY INDEX ROWID                  | T_BENSPKG                     |     1 |    12 |     1   (0)| 00:00:01 |
|  82 |     INDEX UNIQUE SCAN                           | PK_T_BENSPKG                  |     1 |       |     1   (0)| 00:00:01 |
|  83 |   TABLE ACCESS BY INDEX ROWID                   | T_USR                         |     1 |    22 |     1   (0)| 00:00:01 |
|  84 |    INDEX UNIQUE SCAN                            | PK_T_USR                      |     1 |       |     1   (0)| 00:00:01 |
---------------------------------------------------------------------------------------------------------------------------------

Query Block Name / Object Alias (identified by operation id):
-------------------------------------------------------------

   1 - SEL$4        / T_UM_BASE@SEL$4
   2 - SEL$4        / T_UM_BASE@SEL$4
   3 - SEL$5        / T_CM_BASEBASE@SEL$5
   4 - SEL$5        / T_CM_BASEBASE@SEL$5
   5 - SEL$0C04A374
   8 - SET$1        / ENROLLMENT@SEL$30
   9 - SET$1
  11 - SEL$35
  13 - SEL$35       / T_SRC_ENNS@SEL$35
  14 - SEL$40       / DUAL@SEL$40
  15 - SEL$5F185B4C
  19 - SEL$5F185B4C / T_ENNS_MASTERUSER@SEL$31
  20 - SEL$5F185B4C / T_ENNS_SLAVEUSER@SEL$31
  21 - SEL$5F185B4C / T_CURR_ENNS@SEL$32
  22 - SEL$5F185B4C / T_CURR_ENNS@SEL$32
  23 - SEL$5F185B4C / T_MAX_DISENROLLMENT_ENROLLMENT@SEL$33
  24 - SEL$5F185B4C / T_MAX_DISENROLLMENT_ENROLLMENT@SEL$33
  25 - SEL$42
  27 - SEL$42       / T_SRC_ENNS@SEL$42
  28 - SEL$43       / DUAL@SEL$43
  29 - SEL$CDBEA42D
  33 - SEL$CDBEA42D / T_ENNS_MASTERUSER@SEL$36
  34 - SEL$CDBEA42D / T_ENNS_SLAVEUSER@SEL$36
  35 - SEL$CDBEA42D / T_CURR_ENNS@SEL$37
  36 - SEL$CDBEA42D / T_CURR_ENNS@SEL$37
  37 - SEL$CDBEA42D / T_MAX_DISENROLLMENT_ENROLLMENT@SEL$38
  38 - SEL$CDBEA42D / T_MAX_DISENROLLMENT_ENROLLMENT@SEL$38
  39 - SEL$3        / INFO_WITH_MEMBER_ID@SEL$2
  40 - SEL$6        / INFO@SEL$3
  41 - SEL$6
  42 - SEL$2D594895 / from$_subquery$_005@SEL$6
  43 - SEL$2D594895
  56 - SEL$2D594895 / T@SEL$8
  57 - SEL$2D594895 / T@SEL$8
  59 - SEL$2D594895 / OWN@SEL$7
  60 - SEL$2D594895 / OWN@SEL$7
  61 - SEL$2D594895 / PROVIDER@SEL$23
  62 - SEL$2D594895 / PROVIDER@SEL$23
  63 - SEL$2D594895 / AUTH@SEL$21
  64 - SEL$2D594895 / AUTH@SEL$21
  65 - SEL$2D594895 / REASON@SEL$17
  66 - SEL$2D594895 / REASON@SEL$17
  67 - SEL$2D594895 / MEMBER@SEL$11
  68 - SEL$2D594895 / MEMBER@SEL$11
  69 - SEL$2D594895 / PREVOWNER@SEL$9
  70 - SEL$2D594895 / PREVOWNER@SEL$9
  71 - SEL$2D594895 / SENDER@SEL$27
  72 - SEL$2D594895 / SENDER@SEL$27
  73 - SEL$2D594895 / CASEORCM@SEL$19
  74 - SEL$2D594895 / CASEORCM@SEL$19
  75 - SEL$2D594895 / TASKTYPE@SEL$15
  76 - SEL$2D594895 / TASKTYPE@SEL$15
  77 - SEL$2D594895 / ORIGCREATOR@SEL$13
  78 - SEL$2D594895 / ORIGCREATOR@SEL$13
  79 - SEL$2D594895 / MOD@SEL$25
  80 - SEL$2D594895 / MOD@SEL$25
  81 - SEL$0C04A374 / BENEFIT@SEL$46
  82 - SEL$0C04A374 / BENEFIT@SEL$46
  83 - SEL$0C04A374 / AFFMEMBER@SEL$1
  84 - SEL$0C04A374 / AFFMEMBER@SEL$1

Outline Data
-------------

  /*+
      BEGIN_OUTLINE_DATA
      IGNORE_OPTIM_EMBEDDED_HINTS
      OPTIMIZER_FEATURES_ENABLE('12.1.0.2')
      DB_VERSION('12.1.0.2')
      OPT_PARAM('optimizer_index_cost_adj' 1)
      OPT_PARAM('optimizer_index_caching' 90)
      ALL_ROWS
      OUTLINE_LEAF(@"SEL$4")
      OUTLINE_LEAF(@"SEL$5")
      OUTLINE_LEAF(@"SEL$2D594895")
      MERGE(@"SEL$2DE0C8FF")
      OUTLINE_LEAF(@"SEL$6")
      OUTLINE_LEAF(@"SEL$3")
      OUTLINE_LEAF(@"SEL$40")
      OUTLINE_LEAF(@"SEL$5F185B4C")
      MERGE(@"SEL$6B15F4E0")
      OUTLINE_LEAF(@"SEL$35")
      OUTLINE_LEAF(@"SEL$43")
      OUTLINE_LEAF(@"SEL$CDBEA42D")
      MERGE(@"SEL$57BA8109")
      OUTLINE_LEAF(@"SEL$42")
      OUTLINE_LEAF(@"SET$1")
      OUTLINE_LEAF(@"SEL$0C04A374")
      MERGE(@"SEL$BC270230")
      OUTLINE(@"SEL$29")
      OUTLINE(@"SEL$2DE0C8FF")
      MERGE(@"SEL$27")
      MERGE(@"SEL$3B95C159")
      OUTLINE(@"SEL$41")
      OUTLINE(@"SEL$6B15F4E0")
      MERGE(@"SEL$78FE80F3")
      OUTLINE(@"SEL$44")
      OUTLINE(@"SEL$57BA8109")
      MERGE(@"SEL$516D3A01")
      OUTLINE(@"SEL$48")
      OUTLINE(@"SEL$BC270230")
      MERGE(@"SEL$409758B4")
      MERGE(@"SEL$46")
      OUTLINE(@"SEL$28")
      OUTLINE(@"SEL$27")
      OUTLINE(@"SEL$3B95C159")
      MERGE(@"SEL$25")
      MERGE(@"SEL$6D003707")
      OUTLINE(@"SEL$D570F096")
      MERGE(@"SEL$33")
      OUTLINE(@"SEL$78FE80F3")
      MERGE(@"SEL$31")
      OUTLINE(@"SEL$067B9A3E")
      MERGE(@"SEL$38")
      OUTLINE(@"SEL$516D3A01")
      MERGE(@"SEL$36")
      OUTLINE(@"SEL$47")
      OUTLINE(@"SEL$409758B4")
      MERGE(@"SEL$30")
      MERGE(@"SEL$58A6D7F6")
      OUTLINE(@"SEL$46")
      OUTLINE(@"SEL$26")
      OUTLINE(@"SEL$25")
      OUTLINE(@"SEL$6D003707")
      MERGE(@"SEL$23")
      MERGE(@"SEL$23FAB6D1")
      OUTLINE(@"SEL$34")
      OUTLINE(@"SEL$33")
      OUTLINE(@"SEL$32")
      OUTLINE(@"SEL$31")
      OUTLINE(@"SEL$39")
      OUTLINE(@"SEL$38")
      OUTLINE(@"SEL$37")
      OUTLINE(@"SEL$36")
      OUTLINE(@"SEL$45")
      OUTLINE(@"SEL$30")
      OUTLINE(@"SEL$58A6D7F6")
      MERGE(@"SEL$1")
      OUTLINE(@"SEL$24")
      OUTLINE(@"SEL$23")
      OUTLINE(@"SEL$23FAB6D1")
      MERGE(@"SEL$21")
      MERGE(@"SEL$97A30ECD")
      OUTLINE(@"SEL$2")
      OUTLINE(@"SEL$1")
      OUTLINE(@"SEL$22")
      OUTLINE(@"SEL$21")
      OUTLINE(@"SEL$97A30ECD")
      MERGE(@"SEL$19")
      MERGE(@"SEL$CF22A5CA")
      OUTLINE(@"SEL$20")
      OUTLINE(@"SEL$19")
      OUTLINE(@"SEL$CF22A5CA")
      MERGE(@"SEL$17")
      MERGE(@"SEL$FF97D7FC")
      OUTLINE(@"SEL$18")
      OUTLINE(@"SEL$17")
      OUTLINE(@"SEL$FF97D7FC")
      MERGE(@"SEL$15")
      MERGE(@"SEL$DE5D921C")
      OUTLINE(@"SEL$16")
      OUTLINE(@"SEL$15")
      OUTLINE(@"SEL$DE5D921C")
      MERGE(@"SEL$01DD7F33")
      MERGE(@"SEL$13")
      OUTLINE(@"SEL$14")
      OUTLINE(@"SEL$01DD7F33")
      MERGE(@"SEL$11")
      MERGE(@"SEL$BDFBA881")
      OUTLINE(@"SEL$13")
      OUTLINE(@"SEL$12")
      OUTLINE(@"SEL$11")
      OUTLINE(@"SEL$BDFBA881")
      MERGE(@"SEL$9")
      MERGE(@"SEL$FC56C448")
      OUTLINE(@"SEL$10")
      OUTLINE(@"SEL$9")
      OUTLINE(@"SEL$FC56C448")
      MERGE(@"SEL$7")
      OUTLINE(@"SEL$8")
      OUTLINE(@"SEL$7")
      NO_ACCESS(@"SEL$0C04A374" "INFO_WITH_MEMBER_ID"@"SEL$2")
      NO_ACCESS(@"SEL$0C04A374" "ENROLLMENT"@"SEL$30")
      INDEX_RS_ASC(@"SEL$0C04A374" "BENEFIT"@"SEL$46" ("T_BENSPKG"."BENP_ID"))
      INDEX_RS_ASC(@"SEL$0C04A374" "AFFMEMBER"@"SEL$1" ("T_USR"."USR_ID"))
      LEADING(@"SEL$0C04A374" "INFO_WITH_MEMBER_ID"@"SEL$2" "ENROLLMENT"@"SEL$30" "BENEFIT"@"SEL$46" "AFFMEMBER"@"SEL$1")
      USE_HASH(@"SEL$0C04A374" "ENROLLMENT"@"SEL$30")
      USE_NL(@"SEL$0C04A374" "BENEFIT"@"SEL$46")
      USE_NL(@"SEL$0C04A374" "AFFMEMBER"@"SEL$1")
      SWAP_JOIN_INPUTS(@"SEL$0C04A374" "ENROLLMENT"@"SEL$30")
      NO_ACCESS(@"SEL$3" "INFO"@"SEL$3")
      FULL(@"SEL$42" "T_SRC_ENNS"@"SEL$42")
      PQ_FILTER(@"SEL$42" SERIAL)
      FULL(@"SEL$35" "T_SRC_ENNS"@"SEL$35")
      PQ_FILTER(@"SEL$35" SERIAL)
      INDEX(@"SEL$5F185B4C" "T_ENNS_MASTERUSER"@"SEL$31" ("T_USR"."USR_ID"))
      INDEX(@"SEL$5F185B4C" "T_ENNS_SLAVEUSER"@"SEL$31" "IX_NVL_USR_MRGEMSTR_USR_ID")
      INDEX_RS_ASC(@"SEL$5F185B4C" "T_CURR_ENNS"@"SEL$32" "IX_ELNS_MEMBENLTDTDSNTDTSTTID")
      INDEX_RS_ASC(@"SEL$5F185B4C" "T_MAX_DISENROLLMENT_ENROLLMENT"@"SEL$33" "IX_ELNS_MEMBENLTDTDSNTDTSTTID")
      LEADING(@"SEL$5F185B4C" "T_ENNS_MASTERUSER"@"SEL$31" "T_ENNS_SLAVEUSER"@"SEL$31" "T_CURR_ENNS"@"SEL$32"
              "T_MAX_DISENROLLMENT_ENROLLMENT"@"SEL$33")
      USE_NL(@"SEL$5F185B4C" "T_ENNS_SLAVEUSER"@"SEL$31")
      USE_NL(@"SEL$5F185B4C" "T_CURR_ENNS"@"SEL$32")
      USE_NL(@"SEL$5F185B4C" "T_MAX_DISENROLLMENT_ENROLLMENT"@"SEL$33")
      INDEX(@"SEL$CDBEA42D" "T_ENNS_MASTERUSER"@"SEL$36" ("T_USR"."USR_ID"))
      INDEX(@"SEL$CDBEA42D" "T_ENNS_SLAVEUSER"@"SEL$36" "IX_NVL_USR_MRGEMSTR_USR_ID")
      INDEX_RS_ASC(@"SEL$CDBEA42D" "T_CURR_ENNS"@"SEL$37" "IX_ELNS_MEMBENLTDTDSNTDTSTTID")
      INDEX_RS_ASC(@"SEL$CDBEA42D" "T_MAX_DISENROLLMENT_ENROLLMENT"@"SEL$38" "IX_ELNS_MEMBENLTDTDSNTDTSTTID")
      LEADING(@"SEL$CDBEA42D" "T_ENNS_MASTERUSER"@"SEL$36" "T_ENNS_SLAVEUSER"@"SEL$36" "T_CURR_ENNS"@"SEL$37"
              "T_MAX_DISENROLLMENT_ENROLLMENT"@"SEL$38")
      USE_NL(@"SEL$CDBEA42D" "T_ENNS_SLAVEUSER"@"SEL$36")
      USE_NL(@"SEL$CDBEA42D" "T_CURR_ENNS"@"SEL$37")
      USE_NL(@"SEL$CDBEA42D" "T_MAX_DISENROLLMENT_ENROLLMENT"@"SEL$38")
      NO_ACCESS(@"SEL$6" "from$_subquery$_005"@"SEL$6")
      INDEX_RS_ASC(@"SEL$2D594895" "T"@"SEL$8" ("T_SENTTSK"."SETK_OBJ_STT"))
      INDEX_RS_ASC(@"SEL$2D594895" "OWN"@"SEL$7" ("T_USR"."USR_ID"))
      INDEX_RS_ASC(@"SEL$2D594895" "PROVIDER"@"SEL$23" ("T_USR"."USR_ID"))
      INDEX_RS_ASC(@"SEL$2D594895" "AUTH"@"SEL$21" ("T_UM_BASE"."UMBS_ID"))
      INDEX_RS_ASC(@"SEL$2D594895" "REASON"@"SEL$17" ("T_DDL_ITEM"."DDLI_ID"))
      INDEX_RS_ASC(@"SEL$2D594895" "MEMBER"@"SEL$11" ("T_USR"."USR_ID"))
      INDEX_RS_ASC(@"SEL$2D594895" "PREVOWNER"@"SEL$9" ("T_USR"."USR_ID"))
      INDEX_RS_ASC(@"SEL$2D594895" "SENDER"@"SEL$27" ("T_USR"."USR_ID"))
      INDEX_RS_ASC(@"SEL$2D594895" "CASEORCM"@"SEL$19" ("T_CM_BASEBASE"."CMBB_ID"))
      INDEX_RS_ASC(@"SEL$2D594895" "TASKTYPE"@"SEL$15" ("T_DDL_ITEM"."DDLI_ID"))
      INDEX_RS_ASC(@"SEL$2D594895" "ORIGCREATOR"@"SEL$13" ("T_USR"."USR_ID"))
      INDEX_RS_ASC(@"SEL$2D594895" "MOD"@"SEL$25" ("T_USR"."USR_ID"))
      LEADING(@"SEL$2D594895" "T"@"SEL$8" "OWN"@"SEL$7" "PROVIDER"@"SEL$23" "AUTH"@"SEL$21" "REASON"@"SEL$17"
              "MEMBER"@"SEL$11" "PREVOWNER"@"SEL$9" "SENDER"@"SEL$27" "CASEORCM"@"SEL$19" "TASKTYPE"@"SEL$15" "ORIGCREATOR"@"SEL$13"
              "MOD"@"SEL$25")
      USE_MERGE_CARTESIAN(@"SEL$2D594895" "OWN"@"SEL$7")
      USE_NL(@"SEL$2D594895" "PROVIDER"@"SEL$23")
      USE_NL(@"SEL$2D594895" "AUTH"@"SEL$21")
      USE_NL(@"SEL$2D594895" "REASON"@"SEL$17")
      USE_NL(@"SEL$2D594895" "MEMBER"@"SEL$11")
      USE_NL(@"SEL$2D594895" "PREVOWNER"@"SEL$9")
      USE_NL(@"SEL$2D594895" "SENDER"@"SEL$27")
      USE_NL(@"SEL$2D594895" "CASEORCM"@"SEL$19")
      USE_NL(@"SEL$2D594895" "TASKTYPE"@"SEL$15")
      USE_NL(@"SEL$2D594895" "ORIGCREATOR"@"SEL$13")
      USE_NL(@"SEL$2D594895" "MOD"@"SEL$25")
      INDEX_RS_ASC(@"SEL$5" "T_CM_BASEBASE"@"SEL$5" ("T_CM_BASEBASE"."CMBB_ID"))
      INDEX_RS_ASC(@"SEL$4" "T_UM_BASE"@"SEL$4" ("T_UM_BASE"."UMBS_ID"))
      END_OUTLINE_DATA
  */

Peeked Binds (identified by position):
--------------------------------------

   1 - :SYS_B_0 (NUMBER): 2
   2 - :1 (NUMBER): 11640563
   3 - :2 (NUMBER): 1
   4 - :3 (NUMBER): 3
   5 - :4 (NUMBER): 905
   6 - :5 (NUMBER): 906
   7 - :6 (NUMBER): 907
   8 - :7 (NUMBER): 908
   9 - :8 (NUMBER): 911
  10 - :9 (NUMBER): 912
  11 - :10 (NUMBER): 913
  12 - :SYS_B_1 (NUMBER): 500
  13 - :SYS_B_2 (VARCHAR2(30), CSID=178): '2020.11.26'
  14 - :SYS_B_3 (VARCHAR2(30), CSID=178): 'yyyy.MM.dd'

Note
-----
   - dynamic statistics used: dynamic sampling (level=2)
   - 5 Sql Plan Directives used for this statement

SQL_ID 0sjx29v99zfqc
--------------------
SELECT INFO_WITH_MEMBER_ID.*,     enrollment.ELNS_INSCPRSRGRP
ipgGroupId,     benefit.BENP_LWSTLVL_PRODCAT productCategoryId,
affMember.USR_FRSTNAM affiliatedMemberFirstName,
affMember.USR_LAS_NAM affiliatedMemberLastName FROM (   SELECT INFO.*,
   CASE     WHEN INFO.memberAffiliationId IS NOT NULL THEN
(INFO.memberAffiliationId)     WHEN INFO.authAffiliationId IS NOT NULL
THEN (SELECT UMBS_MEMB FROM T_UM_BASE WHERE
UMBS_ID=INFO.authAffiliationId)     WHEN
INFO.careManagementAffiliationId IS NOT NULL THEN (SELECT CMBS_MEMB
FROM T_CM_BASEBASE WHERE CMBB_ID=INFO.careManagementAffiliationId)
WHEN INFO.providerAffiliationId IS NOT NULL THEN
(INFO.providerAffiliationId)     ELSE (NULL)     END
affiliatedMemberId   FROM (   SELECT * FROM (     SELECT
T.SETK_ID AS id,         T.SETK_C4C_ID AS c4cId,         T.SETK_UNIVID
AS universalId,         taskType.TSKT_RCPTTYP AS categoryId,
T.SETK_TSK_TYP AS taskTypeId,         taskType.DDLI_LBL AS
taskTypeLabel,         T.SETK_TSK_NAM AS taskName,         T.SETK_SUBJ
AS subject,         T.SETK_CRTD AS createDate,         T.SETK_SENT AS
sentDate,         T.SETK_SRTD AS startedDate,
T.SETK_TSK_TIMG_STRTDT AS startDate,         T.SETK_TSK_TIMG_SCLDAT AS
startDateSeconds,         T.SETK_TSK_TIMG_DDLN_DT AS dueDate,
T.SETK_TSK_TIMG_DDLN_TIM_IN_DY AS dueDateSeconds,         T.SETK_OWNR
AS ownerId,         own.USR_FRSTNAM AS ownerFirstName,
own.USR_LAS_NAM AS ownerLastName,         own.CLASSTYPE AS ownerType,
      T.SETK_OBJ_STT AS status,         T.SETK_AFFN_MEMB AS
memberAffiliationId,         member.USR_C4C_ID AS memberC4cId,
member.USR_FRSTNAM AS memberFirstName,         member.USR_LAS_NAM AS
memberLastName,         T.SETK_AFFN_CM AS careManagementAffiliationId,
       caseOrCm.CMBB_C4C_ID AS caseOrCmC4cId,
T.SETK_AFFN_UM_EVNT AS authAffiliationId,         auth.UMBS_C4C_ID AS
authAffiliationC4cId,         T.SETK_AFFN_PVDR AS
providerAffiliationId,         provider.USR_C4C_ID AS providerC4cId,
     T.SETK_TSK_TIMG_SNLTDT AS startNoLaterThanDate,
T.SETK_CNCLRESN AS cancelReasonId,         T.SETK_ORIGCRTR AS
originalCreatorId,         origCreator.USR_FRSTNAM AS
originalCreatorFirstName,         origCreator.USR_LAS_NAM AS
originalCreatorLastName,         caseOrCm.CLASSTYPE AS
caseOrCmClasstype,         T.SETK_TSK_DSCN AS description,
T.SETK_CMPD AS completedDate,         T.SETK_LAS_ACT_TIM AS
lastActionDate,         mod.USR_FRSTNAM lastModifiedByFirstName,
 mod.USR_LAS_NAM lastModifiedByLastName,         T.SETK_PRVSOWNR AS
previousOwnerId,         prevOwner.USR_FRSTNAM AS
previousOwnerFirstName,         prevOwner.USR_LAS_NAM AS
previousOwnerLastName,         prevOwner.CLASSTYPE AS
previousOwnerType,         CASE             WHEN
T.SETK_TSK_TIMG_DDLN_DT IS NOT NULL THEN (T.SETK_TSK_TIMG_DDLN_DT)
       WHEN T.SETK_TSK_TIMG_STRTDT IS NOT NULL THEN
(T.SETK_TSK_TIMG_STRTDT)             WHEN T.SETK_TSK_TIMG_SNLTDT IS NOT
NULL THEN (T.SETK_TSK_TIMG_SNLTDT)             ELSE (NULL)         END
       filterDate,         sender.USR_FRSTNAM fromUserFirstName,
 sender.USR_LAS_NAM fromUserLastName,         T.SETK_RESCHEDULE_REASON
AS rescheduleReason,         reason.DDLI_LBL AS rescheduleReasonLabel,
       T.SETK_RESCHEDULE_COMMENT AS rescheduleComment       FROM
T_SENTTSK T       LEFT OUTER JOIN T_USR own ON own.USR_ID=T.SETK_OWNR
    LEFT OUTER JOIN T_USR prevOwner ON prevOwner.USR_ID=T.SETK_PRVSOWNR
      LEFT OUTER JOIN T_USR member ON member.USR_ID=T.SETK_AFFN_MEMB
   LEFT OUTER JOIN T_USR origCreator ON
origCreator.USR_ID=T.SETK_ORIGCRTR       LEFT OUTER JOIN T_DDL_ITEM
taskType ON taskType.DDLI_ID=T.SETK_TSK_TYP       LEFT OUTER JOIN
T_DDL_ITEM reason ON reason.DDLI_ID=T.SETK_RESCHEDULE_REASON       LEFT
OUTER JOIN T_CM_BASEBASE caseOrCm ON caseOrCm.CMBB_ID=T.SETK_AFFN_CM
   LEFT OUTER JOIN T_UM_BASE auth ON auth.UMBS_ID=T.SETK_AFFN_UM_EVNT
    LEFT OUTER JOIN T_USR provider

Plan hash value: 1259275079

---------------------------------------------------------------------------------------------------------------------------------
| Id  | Operation                                       | Name                          | Rows  | Bytes | Cost (%CPU)| Time     |
---------------------------------------------------------------------------------------------------------------------------------
|   0 | SELECT STATEMENT                                |                               |       |       |  2259K(100)|          |
|   1 |  TABLE ACCESS BY INDEX ROWID                    | T_UM_BASE                     |     1 |    12 |     1   (0)| 00:00:01 |
|   2 |   INDEX UNIQUE SCAN                             | PK_T_UM_BASE                  |     1 |       |     1   (0)| 00:00:01 |
|   3 |   TABLE ACCESS BY INDEX ROWID                   | T_CM_BASEBASE                 |     1 |    12 |     1   (0)| 00:00:01 |
|   4 |    INDEX UNIQUE SCAN                            | PK_T_CM_BASEBASE              |     1 |       |     1   (0)| 00:00:01 |
|   5 |  NESTED LOOPS OUTER                             |                               |    53 |  2428K|  2259K  (1)| 00:01:29 |
|   6 |   HASH JOIN RIGHT OUTER                         |                               |    16 |   733K|  2259K  (1)| 00:01:29 |
|   7 |    VIEW                                         | V_CURR_ENROLLMENT             |     2 |    78 |  2259K  (1)| 00:01:29 |
|   8 |     SORT UNIQUE                                 |                               |     2 |  1092 |  2259K  (1)| 00:01:29 |
|   9 |      UNION-ALL                                  |                               |       |       |            |          |
|  10 |       FILTER                                    |                               |       |       |            |          |
|  11 |        FILTER                                   |                               |       |       |            |          |
|  12 |         TABLE ACCESS STORAGE FULL               | T_ENNS                        |   245K|    64M|   160K  (1)| 00:00:07 |
|  13 |         FAST DUAL                               |                               |     1 |       |     2   (0)| 00:00:01 |
|  14 |        SORT GROUP BY NOSORT                     |                               |     1 |    72 |     4   (0)| 00:00:01 |
|  15 |         NESTED LOOPS OUTER                      |                               |     1 |    72 |     4   (0)| 00:00:01 |
|  16 |          NESTED LOOPS                           |                               |     1 |    50 |     3   (0)| 00:00:01 |
|  17 |           NESTED LOOPS                          |                               |     1 |    12 |     2   (0)| 00:00:01 |
|  18 |            INDEX UNIQUE SCAN                    | PK_T_USR                      |     1 |     6 |     1   (0)| 00:00:01 |
|  19 |            INDEX RANGE SCAN                     | IX_NVL_USR_MRGEMSTR_USR_ID    |     1 |     6 |     1   (0)| 00:00:01 |
|  20 |           TABLE ACCESS BY INDEX ROWID           | T_ENNS                        |     1 |    38 |     1   (0)| 00:00:01 |
|  21 |            INDEX RANGE SCAN                     | IX_ELNS_MEMBENLTDTDSNTDTSTTID |     2 |       |     1   (0)| 00:00:01 |
|  22 |          TABLE ACCESS BY INDEX ROWID            | T_ENNS                        |     1 |    22 |     1   (0)| 00:00:01 |
|  23 |           INDEX RANGE SCAN                      | IX_ELNS_MEMBENLTDTDSNTDTID    |     1 |       |     1   (0)| 00:00:01 |
|  24 |       FILTER                                    |                               |       |       |            |          |
|  25 |        FILTER                                   |                               |       |       |            |          |
|  26 |         TABLE ACCESS STORAGE FULL               | T_ENNS                        |   245K|    64M|   160K  (1)| 00:00:07 |
|  27 |         FAST DUAL                               |                               |     1 |       |     2   (0)| 00:00:01 |
|  28 |        SORT GROUP BY NOSORT                     |                               |     1 |    72 |     4   (0)| 00:00:01 |
|  29 |         NESTED LOOPS OUTER                      |                               |     1 |    72 |     4   (0)| 00:00:01 |
|  30 |          NESTED LOOPS                           |                               |     1 |    50 |     3   (0)| 00:00:01 |
|  31 |           NESTED LOOPS                          |                               |     1 |    12 |     2   (0)| 00:00:01 |
|  32 |            INDEX UNIQUE SCAN                    | PK_T_USR                      |     1 |     6 |     1   (0)| 00:00:01 |
|  33 |            INDEX RANGE SCAN                     | IX_NVL_USR_MRGEMSTR_USR_ID    |     1 |     6 |     1   (0)| 00:00:01 |
|  34 |           TABLE ACCESS BY INDEX ROWID           | T_ENNS                        |     1 |    38 |     1   (0)| 00:00:01 |
|  35 |            INDEX RANGE SCAN                     | IX_ELNS_MEMBENLTDTDSNTDTSTTID |     2 |       |     1   (0)| 00:00:01 |
|  36 |          TABLE ACCESS BY INDEX ROWID            | T_ENNS                        |     1 |    22 |     1   (0)| 00:00:01 |
|  37 |           INDEX RANGE SCAN                      | IX_ELNS_MEMBENLTDTDSNTDTID    |     1 |       |     1   (0)| 00:00:01 |
|  38 |    NESTED LOOPS OUTER                           |                               |    16 |   732K|    31   (4)| 00:00:01 |
|  39 |     VIEW                                        |                               |    16 |   732K|    30   (4)| 00:00:01 |
|  40 |      VIEW                                       |                               |    16 |   731K|    14   (8)| 00:00:01 |
|  41 |       COUNT STOPKEY                             |                               |       |       |            |          |
|  42 |        VIEW                                     |                               |    16 |   731K|    14   (8)| 00:00:01 |
|  43 |         SORT ORDER BY STOPKEY                   |                               |    16 | 12480 |    14   (8)| 00:00:01 |
|  44 |          NESTED LOOPS OUTER                     |                               |    16 | 12480 |    13   (0)| 00:00:01 |
|  45 |           NESTED LOOPS OUTER                    |                               |    16 | 12096 |    12   (0)| 00:00:01 |
|  46 |            NESTED LOOPS OUTER                   |                               |    16 | 11744 |    11   (0)| 00:00:01 |
|  47 |             NESTED LOOPS OUTER                  |                               |    16 | 11392 |    10   (0)| 00:00:01 |
|  48 |              NESTED LOOPS OUTER                 |                               |    16 | 10944 |     9   (0)| 00:00:01 |
|  49 |               NESTED LOOPS OUTER                |                               |    16 | 10592 |     8   (0)| 00:00:01 |
|  50 |                NESTED LOOPS OUTER               |                               |    16 | 10016 |     7   (0)| 00:00:01 |
|  51 |                 NESTED LOOPS OUTER              |                               |    16 |  9456 |     6   (0)| 00:00:01 |
|  52 |                  NESTED LOOPS OUTER             |                               |    16 |  9104 |     5   (0)| 00:00:01 |
|  53 |                   NESTED LOOPS OUTER            |                               |    16 |  8816 |     4   (0)| 00:00:01 |
|  54 |                    MERGE JOIN OUTER             |                               |    16 |  8512 |     3   (0)| 00:00:01 |
|  55 |                     INLIST ITERATOR             |                               |       |       |            |          |
|  56 |                      TABLE ACCESS BY INDEX ROWID| T_SENTTSK                     |    16 |  7936 |     2   (0)| 00:00:01 |
|  57 |                       INDEX RANGE SCAN          | IX_SETK_OBJ_STT               |  1710 |       |     1   (0)| 00:00:01 |
|  58 |                     BUFFER SORT                 |                               |     1 |    36 |     1   (0)| 00:00:01 |
|  59 |                      TABLE ACCESS BY INDEX ROWID| T_USR                         |     1 |    36 |     1   (0)| 00:00:01 |
|  60 |                       INDEX UNIQUE SCAN         | PK_T_USR                      |     1 |       |     1   (0)| 00:00:01 |
|  61 |                    TABLE ACCESS BY INDEX ROWID  | T_USR                         |     1 |    19 |     1   (0)| 00:00:01 |
|  62 |                     INDEX UNIQUE SCAN           | PK_T_USR                      |     1 |       |     1   (0)| 00:00:01 |
|  63 |                   TABLE ACCESS BY INDEX ROWID   | T_UM_BASE                     |     1 |    18 |     1   (0)| 00:00:01 |
|  64 |                    INDEX UNIQUE SCAN            | PK_T_UM_BASE                  |     1 |       |     1   (0)| 00:00:01 |
|  65 |                  TABLE ACCESS BY INDEX ROWID    | T_DDL_ITEM                    |     1 |    22 |     1   (0)| 00:00:01 |
|  66 |                   INDEX UNIQUE SCAN             | PK_T_DDL_ITEM                 |     1 |       |     1   (0)| 00:00:01 |
|  67 |                 TABLE ACCESS BY INDEX ROWID     | T_USR                         |     1 |    35 |     1   (0)| 00:00:01 |
|  68 |                  INDEX UNIQUE SCAN              | PK_T_USR                      |     1 |       |     1   (0)| 00:00:01 |
|  69 |                TABLE ACCESS BY INDEX ROWID      | T_USR                         |     1 |    36 |     1   (0)| 00:00:01 |
|  70 |                 INDEX UNIQUE SCAN               | PK_T_USR                      |     1 |       |     1   (0)| 00:00:01 |
|  71 |               TABLE ACCESS BY INDEX ROWID       | T_USR                         |     1 |    22 |     1   (0)| 00:00:01 |
|  72 |                INDEX UNIQUE SCAN                | PK_T_USR                      |     1 |       |     1   (0)| 00:00:01 |
|  73 |              TABLE ACCESS BY INDEX ROWID        | T_CM_BASEBASE                 |     1 |    28 |     1   (0)| 00:00:01 |
|  74 |               INDEX UNIQUE SCAN                 | PK_T_CM_BASEBASE              |     1 |       |     1   (0)| 00:00:01 |
|  75 |             TABLE ACCESS BY INDEX ROWID         | T_USR                         |     1 |    22 |     1   (0)| 00:00:01 |
|  76 |              INDEX UNIQUE SCAN                  | PK_T_USR                      |     1 |       |     1   (0)| 00:00:01 |
|  77 |            TABLE ACCESS BY INDEX ROWID          | T_USR                         |     1 |    22 |     1   (0)| 00:00:01 |
|  78 |             INDEX UNIQUE SCAN                   | PK_T_USR                      |     1 |       |     1   (0)| 00:00:01 |
|  79 |           TABLE ACCESS BY INDEX ROWID           | T_DDL_ITEM                    |     1 |    24 |     1   (0)| 00:00:01 |
|  80 |            INDEX UNIQUE SCAN                    | PK_T_DDL_ITEM                 |     1 |       |     1   (0)| 00:00:01 |
|  81 |     TABLE ACCESS BY INDEX ROWID                 | T_USR                         |     1 |    22 |     1   (0)| 00:00:01 |
|  82 |      INDEX UNIQUE SCAN                          | PK_T_USR                      |     1 |       |     1   (0)| 00:00:01 |
|  83 |   TABLE ACCESS BY INDEX ROWID                   | T_BENSPKG                     |     3 |    36 |     1   (0)| 00:00:01 |
|  84 |    INDEX UNIQUE SCAN                            | PK_T_BENSPKG                  |     1 |       |     1   (0)| 00:00:01 |
---------------------------------------------------------------------------------------------------------------------------------

Query Block Name / Object Alias (identified by operation id):
-------------------------------------------------------------

   1 - SEL$4        / T_UM_BASE@SEL$4
   2 - SEL$4        / T_UM_BASE@SEL$4
   3 - SEL$5        / T_CM_BASEBASE@SEL$5
   4 - SEL$5        / T_CM_BASEBASE@SEL$5
   5 - SEL$0C04A374
   7 - SET$1        / ENROLLMENT@SEL$30
   8 - SET$1
  10 - SEL$35
  12 - SEL$35       / T_SRC_ENNS@SEL$35
  13 - SEL$40       / DUAL@SEL$40
  14 - SEL$5F185B4C
  18 - SEL$5F185B4C / T_ENNS_MASTERUSER@SEL$31
  19 - SEL$5F185B4C / T_ENNS_SLAVEUSER@SEL$31
  20 - SEL$5F185B4C / T_CURR_ENNS@SEL$32
  21 - SEL$5F185B4C / T_CURR_ENNS@SEL$32
  22 - SEL$5F185B4C / T_MAX_DISENROLLMENT_ENROLLMENT@SEL$33
  23 - SEL$5F185B4C / T_MAX_DISENROLLMENT_ENROLLMENT@SEL$33
  24 - SEL$42
  26 - SEL$42       / T_SRC_ENNS@SEL$42
  27 - SEL$43       / DUAL@SEL$43
  28 - SEL$CDBEA42D
  32 - SEL$CDBEA42D / T_ENNS_MASTERUSER@SEL$36
  33 - SEL$CDBEA42D / T_ENNS_SLAVEUSER@SEL$36
  34 - SEL$CDBEA42D / T_CURR_ENNS@SEL$37
  35 - SEL$CDBEA42D / T_CURR_ENNS@SEL$37
  36 - SEL$CDBEA42D / T_MAX_DISENROLLMENT_ENROLLMENT@SEL$38
  37 - SEL$CDBEA42D / T_MAX_DISENROLLMENT_ENROLLMENT@SEL$38
  39 - SEL$3        / INFO_WITH_MEMBER_ID@SEL$2
  40 - SEL$6        / INFO@SEL$3
  41 - SEL$6
  42 - SEL$2D594895 / from$_subquery$_005@SEL$6
  43 - SEL$2D594895
  56 - SEL$2D594895 / T@SEL$8
  57 - SEL$2D594895 / T@SEL$8
  59 - SEL$2D594895 / OWN@SEL$7
  60 - SEL$2D594895 / OWN@SEL$7
  61 - SEL$2D594895 / PROVIDER@SEL$23
  62 - SEL$2D594895 / PROVIDER@SEL$23
  63 - SEL$2D594895 / AUTH@SEL$21
  64 - SEL$2D594895 / AUTH@SEL$21
  65 - SEL$2D594895 / REASON@SEL$17
  66 - SEL$2D594895 / REASON@SEL$17
  67 - SEL$2D594895 / MEMBER@SEL$11
  68 - SEL$2D594895 / MEMBER@SEL$11
  69 - SEL$2D594895 / PREVOWNER@SEL$9
  70 - SEL$2D594895 / PREVOWNER@SEL$9
  71 - SEL$2D594895 / SENDER@SEL$27
  72 - SEL$2D594895 / SENDER@SEL$27
  73 - SEL$2D594895 / CASEORCM@SEL$19
  74 - SEL$2D594895 / CASEORCM@SEL$19
  75 - SEL$2D594895 / ORIGCREATOR@SEL$13
  76 - SEL$2D594895 / ORIGCREATOR@SEL$13
  77 - SEL$2D594895 / MOD@SEL$25
  78 - SEL$2D594895 / MOD@SEL$25
  79 - SEL$2D594895 / TASKTYPE@SEL$15
  80 - SEL$2D594895 / TASKTYPE@SEL$15
  81 - SEL$0C04A374 / AFFMEMBER@SEL$1
  82 - SEL$0C04A374 / AFFMEMBER@SEL$1
  83 - SEL$0C04A374 / BENEFIT@SEL$46
  84 - SEL$0C04A374 / BENEFIT@SEL$46

Outline Data
-------------

  /*+
      BEGIN_OUTLINE_DATA
      IGNORE_OPTIM_EMBEDDED_HINTS
      OPTIMIZER_FEATURES_ENABLE('12.1.0.2')
      DB_VERSION('12.1.0.2')
      OPT_PARAM('optimizer_index_cost_adj' 1)
      OPT_PARAM('optimizer_index_caching' 90)
      ALL_ROWS
      OUTLINE_LEAF(@"SEL$4")
      OUTLINE_LEAF(@"SEL$5")
      OUTLINE_LEAF(@"SEL$2D594895")
      MERGE(@"SEL$2DE0C8FF")
      OUTLINE_LEAF(@"SEL$6")
      OUTLINE_LEAF(@"SEL$3")
      OUTLINE_LEAF(@"SEL$40")
      OUTLINE_LEAF(@"SEL$5F185B4C")
      MERGE(@"SEL$6B15F4E0")
      OUTLINE_LEAF(@"SEL$35")
      OUTLINE_LEAF(@"SEL$43")
      OUTLINE_LEAF(@"SEL$CDBEA42D")
      MERGE(@"SEL$57BA8109")
      OUTLINE_LEAF(@"SEL$42")
      OUTLINE_LEAF(@"SET$1")
      OUTLINE_LEAF(@"SEL$0C04A374")
      MERGE(@"SEL$BC270230")
      OUTLINE(@"SEL$29")
      OUTLINE(@"SEL$2DE0C8FF")
      MERGE(@"SEL$27")
      MERGE(@"SEL$3B95C159")
      OUTLINE(@"SEL$41")
      OUTLINE(@"SEL$6B15F4E0")
      MERGE(@"SEL$78FE80F3")
      OUTLINE(@"SEL$44")
      OUTLINE(@"SEL$57BA8109")
      MERGE(@"SEL$516D3A01")
      OUTLINE(@"SEL$48")
      OUTLINE(@"SEL$BC270230")
      MERGE(@"SEL$409758B4")
      MERGE(@"SEL$46")
      OUTLINE(@"SEL$28")
      OUTLINE(@"SEL$27")
      OUTLINE(@"SEL$3B95C159")
      MERGE(@"SEL$25")
      MERGE(@"SEL$6D003707")
      OUTLINE(@"SEL$D570F096")
      MERGE(@"SEL$33")
      OUTLINE(@"SEL$78FE80F3")
      MERGE(@"SEL$31")
      OUTLINE(@"SEL$067B9A3E")
      MERGE(@"SEL$38")
      OUTLINE(@"SEL$516D3A01")
      MERGE(@"SEL$36")
      OUTLINE(@"SEL$47")
      OUTLINE(@"SEL$409758B4")
      MERGE(@"SEL$30")
      MERGE(@"SEL$58A6D7F6")
      OUTLINE(@"SEL$46")
      OUTLINE(@"SEL$26")
      OUTLINE(@"SEL$25")
      OUTLINE(@"SEL$6D003707")
      MERGE(@"SEL$23")
      MERGE(@"SEL$23FAB6D1")
      OUTLINE(@"SEL$34")
      OUTLINE(@"SEL$33")
      OUTLINE(@"SEL$32")
      OUTLINE(@"SEL$31")
      OUTLINE(@"SEL$39")
      OUTLINE(@"SEL$38")
      OUTLINE(@"SEL$37")
      OUTLINE(@"SEL$36")
      OUTLINE(@"SEL$45")
      OUTLINE(@"SEL$30")
      OUTLINE(@"SEL$58A6D7F6")
      MERGE(@"SEL$1")
      OUTLINE(@"SEL$24")
      OUTLINE(@"SEL$23")
      OUTLINE(@"SEL$23FAB6D1")
      MERGE(@"SEL$21")
      MERGE(@"SEL$97A30ECD")
      OUTLINE(@"SEL$2")
      OUTLINE(@"SEL$1")
      OUTLINE(@"SEL$22")
      OUTLINE(@"SEL$21")
      OUTLINE(@"SEL$97A30ECD")
      MERGE(@"SEL$19")
      MERGE(@"SEL$CF22A5CA")
      OUTLINE(@"SEL$20")
      OUTLINE(@"SEL$19")
      OUTLINE(@"SEL$CF22A5CA")
      MERGE(@"SEL$17")
      MERGE(@"SEL$FF97D7FC")
      OUTLINE(@"SEL$18")
      OUTLINE(@"SEL$17")
      OUTLINE(@"SEL$FF97D7FC")
      MERGE(@"SEL$15")
      MERGE(@"SEL$DE5D921C")
      OUTLINE(@"SEL$16")
      OUTLINE(@"SEL$15")
      OUTLINE(@"SEL$DE5D921C")
      MERGE(@"SEL$01DD7F33")
      MERGE(@"SEL$13")
      OUTLINE(@"SEL$14")
      OUTLINE(@"SEL$01DD7F33")
      MERGE(@"SEL$11")
      MERGE(@"SEL$BDFBA881")
      OUTLINE(@"SEL$13")
      OUTLINE(@"SEL$12")
      OUTLINE(@"SEL$11")
      OUTLINE(@"SEL$BDFBA881")
      MERGE(@"SEL$9")
      MERGE(@"SEL$FC56C448")
      OUTLINE(@"SEL$10")
      OUTLINE(@"SEL$9")
      OUTLINE(@"SEL$FC56C448")
      MERGE(@"SEL$7")
      OUTLINE(@"SEL$8")
      OUTLINE(@"SEL$7")
      NO_ACCESS(@"SEL$0C04A374" "INFO_WITH_MEMBER_ID"@"SEL$2")
      INDEX_RS_ASC(@"SEL$0C04A374" "AFFMEMBER"@"SEL$1" ("T_USR"."USR_ID"))
      NO_ACCESS(@"SEL$0C04A374" "ENROLLMENT"@"SEL$30")
      INDEX_RS_ASC(@"SEL$0C04A374" "BENEFIT"@"SEL$46" ("T_BENSPKG"."BENP_ID"))
      LEADING(@"SEL$0C04A374" "INFO_WITH_MEMBER_ID"@"SEL$2" "AFFMEMBER"@"SEL$1" "ENROLLMENT"@"SEL$30" "BENEFIT"@"SEL$46")
      USE_NL(@"SEL$0C04A374" "AFFMEMBER"@"SEL$1")
      USE_HASH(@"SEL$0C04A374" "ENROLLMENT"@"SEL$30")
      USE_NL(@"SEL$0C04A374" "BENEFIT"@"SEL$46")
      SWAP_JOIN_INPUTS(@"SEL$0C04A374" "ENROLLMENT"@"SEL$30")
      NO_ACCESS(@"SEL$3" "INFO"@"SEL$3")
      FULL(@"SEL$42" "T_SRC_ENNS"@"SEL$42")
      PQ_FILTER(@"SEL$42" SERIAL)
      FULL(@"SEL$35" "T_SRC_ENNS"@"SEL$35")
      PQ_FILTER(@"SEL$35" SERIAL)
      INDEX(@"SEL$5F185B4C" "T_ENNS_MASTERUSER"@"SEL$31" ("T_USR"."USR_ID"))
      INDEX(@"SEL$5F185B4C" "T_ENNS_SLAVEUSER"@"SEL$31" "IX_NVL_USR_MRGEMSTR_USR_ID")
      INDEX_RS_ASC(@"SEL$5F185B4C" "T_CURR_ENNS"@"SEL$32" "IX_ELNS_MEMBENLTDTDSNTDTSTTID")
      INDEX_RS_ASC(@"SEL$5F185B4C" "T_MAX_DISENROLLMENT_ENROLLMENT"@"SEL$33" ("T_ENNS"."ELNS_MEMB" "T_ENNS"."ELNS_ENLTDT"
              "T_ENNS"."ELNS_DSNTDT" "T_ENNS"."ELNS_ID"))
      LEADING(@"SEL$5F185B4C" "T_ENNS_MASTERUSER"@"SEL$31" "T_ENNS_SLAVEUSER"@"SEL$31" "T_CURR_ENNS"@"SEL$32"
              "T_MAX_DISENROLLMENT_ENROLLMENT"@"SEL$33")
      USE_NL(@"SEL$5F185B4C" "T_ENNS_SLAVEUSER"@"SEL$31")
      USE_NL(@"SEL$5F185B4C" "T_CURR_ENNS"@"SEL$32")
      USE_NL(@"SEL$5F185B4C" "T_MAX_DISENROLLMENT_ENROLLMENT"@"SEL$33")
      INDEX(@"SEL$CDBEA42D" "T_ENNS_MASTERUSER"@"SEL$36" ("T_USR"."USR_ID"))
      INDEX(@"SEL$CDBEA42D" "T_ENNS_SLAVEUSER"@"SEL$36" "IX_NVL_USR_MRGEMSTR_USR_ID")
      INDEX_RS_ASC(@"SEL$CDBEA42D" "T_CURR_ENNS"@"SEL$37" "IX_ELNS_MEMBENLTDTDSNTDTSTTID")
      INDEX_RS_ASC(@"SEL$CDBEA42D" "T_MAX_DISENROLLMENT_ENROLLMENT"@"SEL$38" ("T_ENNS"."ELNS_MEMB" "T_ENNS"."ELNS_ENLTDT"
              "T_ENNS"."ELNS_DSNTDT" "T_ENNS"."ELNS_ID"))
      LEADING(@"SEL$CDBEA42D" "T_ENNS_MASTERUSER"@"SEL$36" "T_ENNS_SLAVEUSER"@"SEL$36" "T_CURR_ENNS"@"SEL$37"
              "T_MAX_DISENROLLMENT_ENROLLMENT"@"SEL$38")
      USE_NL(@"SEL$CDBEA42D" "T_ENNS_SLAVEUSER"@"SEL$36")
      USE_NL(@"SEL$CDBEA42D" "T_CURR_ENNS"@"SEL$37")
      USE_NL(@"SEL$CDBEA42D" "T_MAX_DISENROLLMENT_ENROLLMENT"@"SEL$38")
      NO_ACCESS(@"SEL$6" "from$_subquery$_005"@"SEL$6")
      INDEX_RS_ASC(@"SEL$2D594895" "T"@"SEL$8" ("T_SENTTSK"."SETK_OBJ_STT"))
      INDEX_RS_ASC(@"SEL$2D594895" "OWN"@"SEL$7" ("T_USR"."USR_ID"))
      INDEX_RS_ASC(@"SEL$2D594895" "PROVIDER"@"SEL$23" ("T_USR"."USR_ID"))
      INDEX_RS_ASC(@"SEL$2D594895" "AUTH"@"SEL$21" ("T_UM_BASE"."UMBS_ID"))
      INDEX_RS_ASC(@"SEL$2D594895" "REASON"@"SEL$17" ("T_DDL_ITEM"."DDLI_ID"))
      INDEX_RS_ASC(@"SEL$2D594895" "MEMBER"@"SEL$11" ("T_USR"."USR_ID"))
      INDEX_RS_ASC(@"SEL$2D594895" "PREVOWNER"@"SEL$9" ("T_USR"."USR_ID"))
      INDEX_RS_ASC(@"SEL$2D594895" "SENDER"@"SEL$27" ("T_USR"."USR_ID"))
      INDEX_RS_ASC(@"SEL$2D594895" "CASEORCM"@"SEL$19" ("T_CM_BASEBASE"."CMBB_ID"))
      INDEX_RS_ASC(@"SEL$2D594895" "ORIGCREATOR"@"SEL$13" ("T_USR"."USR_ID"))
      INDEX_RS_ASC(@"SEL$2D594895" "MOD"@"SEL$25" ("T_USR"."USR_ID"))
      INDEX_RS_ASC(@"SEL$2D594895" "TASKTYPE"@"SEL$15" ("T_DDL_ITEM"."DDLI_ID"))
      LEADING(@"SEL$2D594895" "T"@"SEL$8" "OWN"@"SEL$7" "PROVIDER"@"SEL$23" "AUTH"@"SEL$21" "REASON"@"SEL$17"
              "MEMBER"@"SEL$11" "PREVOWNER"@"SEL$9" "SENDER"@"SEL$27" "CASEORCM"@"SEL$19" "ORIGCREATOR"@"SEL$13" "MOD"@"SEL$25"
              "TASKTYPE"@"SEL$15")
      USE_MERGE_CARTESIAN(@"SEL$2D594895" "OWN"@"SEL$7")
      USE_NL(@"SEL$2D594895" "PROVIDER"@"SEL$23")
      USE_NL(@"SEL$2D594895" "AUTH"@"SEL$21")
      USE_NL(@"SEL$2D594895" "REASON"@"SEL$17")
      USE_NL(@"SEL$2D594895" "MEMBER"@"SEL$11")
      USE_NL(@"SEL$2D594895" "PREVOWNER"@"SEL$9")
      USE_NL(@"SEL$2D594895" "SENDER"@"SEL$27")
      USE_NL(@"SEL$2D594895" "CASEORCM"@"SEL$19")
      USE_NL(@"SEL$2D594895" "ORIGCREATOR"@"SEL$13")
      USE_NL(@"SEL$2D594895" "MOD"@"SEL$25")
      USE_NL(@"SEL$2D594895" "TASKTYPE"@"SEL$15")
      INDEX_RS_ASC(@"SEL$5" "T_CM_BASEBASE"@"SEL$5" ("T_CM_BASEBASE"."CMBB_ID"))
      INDEX_RS_ASC(@"SEL$4" "T_UM_BASE"@"SEL$4" ("T_UM_BASE"."UMBS_ID"))
      END_OUTLINE_DATA
  */

Peeked Binds (identified by position):
--------------------------------------

   1 - :SYS_B_0 (NUMBER): 2
   2 - :1 (NUMBER): 11371997
   3 - :2 (NUMBER): 1
   4 - :3 (NUMBER): 3
   5 - :4 (NUMBER): 905
   6 - :5 (NUMBER): 906
   7 - :6 (NUMBER): 907
   8 - :7 (NUMBER): 908
   9 - :8 (NUMBER): 911
  10 - :9 (NUMBER): 912
  11 - :10 (NUMBER): 913
  12 - :SYS_B_1 (NUMBER): 500
  13 - :SYS_B_2 (VARCHAR2(30), CSID=178): '2020.10.20'
  14 - :SYS_B_3 (VARCHAR2(30), CSID=178): 'yyyy.MM.dd'

Note
-----
   - dynamic statistics used: dynamic sampling (level=2)
   - statistics feedback used for this statement
   - 5 Sql Plan Directives used for this statement

SQL_ID 0sjx29v99zfqc
--------------------
SELECT INFO_WITH_MEMBER_ID.*,     enrollment.ELNS_INSCPRSRGRP
ipgGroupId,     benefit.BENP_LWSTLVL_PRODCAT productCategoryId,
affMember.USR_FRSTNAM affiliatedMemberFirstName,
affMember.USR_LAS_NAM affiliatedMemberLastName FROM (   SELECT INFO.*,
   CASE     WHEN INFO.memberAffiliationId IS NOT NULL THEN
(INFO.memberAffiliationId)     WHEN INFO.authAffiliationId IS NOT NULL
THEN (SELECT UMBS_MEMB FROM T_UM_BASE WHERE
UMBS_ID=INFO.authAffiliationId)     WHEN
INFO.careManagementAffiliationId IS NOT NULL THEN (SELECT CMBS_MEMB
FROM T_CM_BASEBASE WHERE CMBB_ID=INFO.careManagementAffiliationId)
WHEN INFO.providerAffiliationId IS NOT NULL THEN
(INFO.providerAffiliationId)     ELSE (NULL)     END
affiliatedMemberId   FROM (   SELECT * FROM (     SELECT
T.SETK_ID AS id,         T.SETK_C4C_ID AS c4cId,         T.SETK_UNIVID
AS universalId,         taskType.TSKT_RCPTTYP AS categoryId,
T.SETK_TSK_TYP AS taskTypeId,         taskType.DDLI_LBL AS
taskTypeLabel,         T.SETK_TSK_NAM AS taskName,         T.SETK_SUBJ
AS subject,         T.SETK_CRTD AS createDate,         T.SETK_SENT AS
sentDate,         T.SETK_SRTD AS startedDate,
T.SETK_TSK_TIMG_STRTDT AS startDate,         T.SETK_TSK_TIMG_SCLDAT AS
startDateSeconds,         T.SETK_TSK_TIMG_DDLN_DT AS dueDate,
T.SETK_TSK_TIMG_DDLN_TIM_IN_DY AS dueDateSeconds,         T.SETK_OWNR
AS ownerId,         own.USR_FRSTNAM AS ownerFirstName,
own.USR_LAS_NAM AS ownerLastName,         own.CLASSTYPE AS ownerType,
      T.SETK_OBJ_STT AS status,         T.SETK_AFFN_MEMB AS
memberAffiliationId,         member.USR_C4C_ID AS memberC4cId,
member.USR_FRSTNAM AS memberFirstName,         member.USR_LAS_NAM AS
memberLastName,         T.SETK_AFFN_CM AS careManagementAffiliationId,
       caseOrCm.CMBB_C4C_ID AS caseOrCmC4cId,
T.SETK_AFFN_UM_EVNT AS authAffiliationId,         auth.UMBS_C4C_ID AS
authAffiliationC4cId,         T.SETK_AFFN_PVDR AS
providerAffiliationId,         provider.USR_C4C_ID AS providerC4cId,
     T.SETK_TSK_TIMG_SNLTDT AS startNoLaterThanDate,
T.SETK_CNCLRESN AS cancelReasonId,         T.SETK_ORIGCRTR AS
originalCreatorId,         origCreator.USR_FRSTNAM AS
originalCreatorFirstName,         origCreator.USR_LAS_NAM AS
originalCreatorLastName,         caseOrCm.CLASSTYPE AS
caseOrCmClasstype,         T.SETK_TSK_DSCN AS description,
T.SETK_CMPD AS completedDate,         T.SETK_LAS_ACT_TIM AS
lastActionDate,         mod.USR_FRSTNAM lastModifiedByFirstName,
 mod.USR_LAS_NAM lastModifiedByLastName,         T.SETK_PRVSOWNR AS
previousOwnerId,         prevOwner.USR_FRSTNAM AS
previousOwnerFirstName,         prevOwner.USR_LAS_NAM AS
previousOwnerLastName,         prevOwner.CLASSTYPE AS
previousOwnerType,         CASE             WHEN
T.SETK_TSK_TIMG_DDLN_DT IS NOT NULL THEN (T.SETK_TSK_TIMG_DDLN_DT)
       WHEN T.SETK_TSK_TIMG_STRTDT IS NOT NULL THEN
(T.SETK_TSK_TIMG_STRTDT)             WHEN T.SETK_TSK_TIMG_SNLTDT IS NOT
NULL THEN (T.SETK_TSK_TIMG_SNLTDT)             ELSE (NULL)         END
       filterDate,         sender.USR_FRSTNAM fromUserFirstName,
 sender.USR_LAS_NAM fromUserLastName,         T.SETK_RESCHEDULE_REASON
AS rescheduleReason,         reason.DDLI_LBL AS rescheduleReasonLabel,
       T.SETK_RESCHEDULE_COMMENT AS rescheduleComment       FROM
T_SENTTSK T       LEFT OUTER JOIN T_USR own ON own.USR_ID=T.SETK_OWNR
    LEFT OUTER JOIN T_USR prevOwner ON prevOwner.USR_ID=T.SETK_PRVSOWNR
      LEFT OUTER JOIN T_USR member ON member.USR_ID=T.SETK_AFFN_MEMB
   LEFT OUTER JOIN T_USR origCreator ON
origCreator.USR_ID=T.SETK_ORIGCRTR       LEFT OUTER JOIN T_DDL_ITEM
taskType ON taskType.DDLI_ID=T.SETK_TSK_TYP       LEFT OUTER JOIN
T_DDL_ITEM reason ON reason.DDLI_ID=T.SETK_RESCHEDULE_REASON       LEFT
OUTER JOIN T_CM_BASEBASE caseOrCm ON caseOrCm.CMBB_ID=T.SETK_AFFN_CM
   LEFT OUTER JOIN T_UM_BASE auth ON auth.UMBS_ID=T.SETK_AFFN_UM_EVNT
    LEFT OUTER JOIN T_USR provider

Plan hash value: 1370721523

---------------------------------------------------------------------------------------------------------------------------------
| Id  | Operation                                       | Name                          | Rows  | Bytes | Cost (%CPU)| Time     |
---------------------------------------------------------------------------------------------------------------------------------
|   0 | SELECT STATEMENT                                |                               |       |       |  1966K(100)|          |
|   1 |  TABLE ACCESS BY INDEX ROWID                    | T_UM_BASE                     |     1 |    12 |     1   (0)| 00:00:01 |
|   2 |   INDEX UNIQUE SCAN                             | PK_T_UM_BASE                  |     1 |       |     1   (0)| 00:00:01 |
|   3 |   TABLE ACCESS BY INDEX ROWID                   | T_CM_BASEBASE                 |     1 |    12 |     1   (0)| 00:00:01 |
|   4 |    INDEX UNIQUE SCAN                            | PK_T_CM_BASEBASE              |     1 |       |     1   (0)| 00:00:01 |
|   5 |  NESTED LOOPS OUTER                             |                               |     1 | 46913 |  1966K  (1)| 00:01:17 |
|   6 |   NESTED LOOPS OUTER                            |                               |     1 | 46901 |  1966K  (1)| 00:01:17 |
|   7 |    NESTED LOOPS OUTER                           |                               |     1 | 46873 |    18   (6)| 00:00:01 |
|   8 |     VIEW                                        |                               |     1 | 46851 |    17   (6)| 00:00:01 |
|   9 |      VIEW                                       |                               |     1 | 46838 |    15   (7)| 00:00:01 |
|  10 |       COUNT STOPKEY                             |                               |       |       |            |          |
|  11 |        VIEW                                     |                               |     1 | 46838 |    15   (7)| 00:00:01 |
|  12 |         SORT ORDER BY STOPKEY                   |                               |     1 |   780 |    15   (7)| 00:00:01 |
|  13 |          NESTED LOOPS OUTER                     |                               |     1 |   780 |    14   (0)| 00:00:01 |
|  14 |           NESTED LOOPS OUTER                    |                               |     1 |   758 |    13   (0)| 00:00:01 |
|  15 |            NESTED LOOPS OUTER                   |                               |     1 |   736 |    12   (0)| 00:00:01 |
|  16 |             NESTED LOOPS OUTER                  |                               |     1 |   714 |    11   (0)| 00:00:01 |
|  17 |              NESTED LOOPS OUTER                 |                               |     1 |   678 |    10   (0)| 00:00:01 |
|  18 |               NESTED LOOPS OUTER                |                               |     1 |   643 |     9   (0)| 00:00:01 |
|  19 |                MERGE JOIN OUTER                 |                               |     1 |   624 |     8   (0)| 00:00:01 |
|  20 |                 NESTED LOOPS OUTER              |                               |     1 |   588 |     7   (0)| 00:00:01 |
|  21 |                  NESTED LOOPS OUTER             |                               |     1 |   560 |     6   (0)| 00:00:01 |
|  22 |                   NESTED LOOPS OUTER            |                               |     1 |   542 |     5   (0)| 00:00:01 |
|  23 |                    NESTED LOOPS OUTER           |                               |     1 |   518 |     4   (0)| 00:00:01 |
|  24 |                     INLIST ITERATOR             |                               |       |       |            |          |
|  25 |                      TABLE ACCESS BY INDEX ROWID| T_SENTTSK                     |     6 |  2976 |     3   (0)| 00:00:01 |
|  26 |                       INDEX RANGE SCAN          | IX_SETK_OBJ_STT               |  1889 |       |     1   (0)| 00:00:01 |
|  27 |                     TABLE ACCESS BY INDEX ROWID | T_DDL_ITEM                    |     1 |    22 |     1   (0)| 00:00:01 |
|  28 |                      INDEX UNIQUE SCAN          | PK_T_DDL_ITEM                 |     1 |       |     1   (0)| 00:00:01 |
|  29 |                    TABLE ACCESS BY INDEX ROWID  | T_DDL_ITEM                    |     1 |    24 |     1   (0)| 00:00:01 |
|  30 |                     INDEX UNIQUE SCAN           | PK_T_DDL_ITEM                 |     1 |       |     1   (0)| 00:00:01 |
|  31 |                   TABLE ACCESS BY INDEX ROWID   | T_UM_BASE                     |     1 |    18 |     1   (0)| 00:00:01 |
|  32 |                    INDEX UNIQUE SCAN            | PK_T_UM_BASE                  |     1 |       |     1   (0)| 00:00:01 |
|  33 |                  TABLE ACCESS BY INDEX ROWID    | T_CM_BASEBASE                 |     1 |    28 |     1   (0)| 00:00:01 |
|  34 |                   INDEX UNIQUE SCAN             | PK_T_CM_BASEBASE              |     1 |       |     1   (0)| 00:00:01 |
|  35 |                 BUFFER SORT                     |                               |     1 |    36 |     7   (0)| 00:00:01 |
|  36 |                  TABLE ACCESS BY INDEX ROWID    | T_USR                         |     1 |    36 |     1   (0)| 00:00:01 |
|  37 |                   INDEX UNIQUE SCAN             | PK_T_USR                      |     1 |       |     1   (0)| 00:00:01 |
|  38 |                TABLE ACCESS BY INDEX ROWID      | T_USR                         |     1 |    19 |     1   (0)| 00:00:01 |
|  39 |                 INDEX UNIQUE SCAN               | PK_T_USR                      |     1 |       |     1   (0)| 00:00:01 |
|  40 |               TABLE ACCESS BY INDEX ROWID       | T_USR                         |     1 |    35 |     1   (0)| 00:00:01 |
|  41 |                INDEX UNIQUE SCAN                | PK_T_USR                      |     1 |       |     1   (0)| 00:00:01 |
|  42 |              TABLE ACCESS BY INDEX ROWID        | T_USR                         |     1 |    36 |     1   (0)| 00:00:01 |
|  43 |               INDEX UNIQUE SCAN                 | PK_T_USR                      |     1 |       |     1   (0)| 00:00:01 |
|  44 |             TABLE ACCESS BY INDEX ROWID         | T_USR                         |     1 |    22 |     1   (0)| 00:00:01 |
|  45 |              INDEX UNIQUE SCAN                  | PK_T_USR                      |     1 |       |     1   (0)| 00:00:01 |
|  46 |            TABLE ACCESS BY INDEX ROWID          | T_USR                         |     1 |    22 |     1   (0)| 00:00:01 |
|  47 |             INDEX UNIQUE SCAN                   | PK_T_USR                      |     1 |       |     1   (0)| 00:00:01 |
|  48 |           TABLE ACCESS BY INDEX ROWID           | T_USR                         |     1 |    22 |     1   (0)| 00:00:01 |
|  49 |            INDEX UNIQUE SCAN                    | PK_T_USR                      |     1 |       |     1   (0)| 00:00:01 |
|  50 |     TABLE ACCESS BY INDEX ROWID                 | T_USR                         |     1 |    22 |     1   (0)| 00:00:01 |
|  51 |      INDEX UNIQUE SCAN                          | PK_T_USR                      |     1 |       |     1   (0)| 00:00:01 |
|  52 |    VIEW                                         | V_CURR_ENROLLMENT             |     1 |    28 |  1966K  (1)| 00:01:17 |
|  53 |     SORT UNIQUE                                 |                               |     2 |  1092 |  1966K  (1)| 00:01:17 |
|  54 |      UNION ALL PUSHED PREDICATE                 |                               |       |       |            |          |
|  55 |       FILTER                                    |                               |       |       |            |          |
|  56 |        TABLE ACCESS BY INDEX ROWID BATCHED      | T_ENNS                        |     1 |   273 |     1   (0)| 00:00:01 |
|  57 |         INDEX RANGE SCAN                        | IX_ELNS_MEMBENLTDTDSNTDTID    |     1 |       |     1   (0)| 00:00:01 |
|  58 |          SORT GROUP BY NOSORT                   |                               |     1 |    72 |     4   (0)| 00:00:01 |
|  59 |           NESTED LOOPS OUTER                    |                               |     1 |    72 |     4   (0)| 00:00:01 |
|  60 |            NESTED LOOPS                         |                               |     1 |    50 |     3   (0)| 00:00:01 |
|  61 |             NESTED LOOPS                        |                               |     1 |    12 |     2   (0)| 00:00:01 |
|  62 |              INDEX UNIQUE SCAN                  | PK_T_USR                      |     1 |     6 |     1   (0)| 00:00:01 |
|  63 |              INDEX RANGE SCAN                   | IX_NVL_USR_MRGEMSTR_USR_ID    |     1 |     6 |     1   (0)| 00:00:01 |
|  64 |             TABLE ACCESS BY INDEX ROWID         | T_ENNS                        |     1 |    38 |     1   (0)| 00:00:01 |
|  65 |              INDEX RANGE SCAN                   | IX_ELNS_MEMBENLTDTDSNTDTSTTID |     2 |       |     1   (0)| 00:00:01 |
|  66 |            TABLE ACCESS BY INDEX ROWID          | T_ENNS                        |     1 |    22 |     1   (0)| 00:00:01 |
|  67 |             INDEX RANGE SCAN                    | IX_ELNS_MEMBENLTDTDSNTDTID    |     1 |       |     1   (0)| 00:00:01 |
|  68 |        FAST DUAL                                |                               |     1 |       |     2   (0)| 00:00:01 |
|  69 |       FILTER                                    |                               |       |       |            |          |
|  70 |        TABLE ACCESS BY INDEX ROWID BATCHED      | T_ENNS                        |     1 |   273 |     1   (0)| 00:00:01 |
|  71 |         INDEX RANGE SCAN                        | IX_ELNS_MEMBENLTDTDSNTDTID    |     1 |       |     1   (0)| 00:00:01 |
|  72 |          SORT GROUP BY NOSORT                   |                               |     1 |    72 |     4   (0)| 00:00:01 |
|  73 |           NESTED LOOPS OUTER                    |                               |     1 |    72 |     4   (0)| 00:00:01 |
|  74 |            NESTED LOOPS                         |                               |     1 |    50 |     3   (0)| 00:00:01 |
|  75 |             NESTED LOOPS                        |                               |     1 |    12 |     2   (0)| 00:00:01 |
|  76 |              INDEX UNIQUE SCAN                  | PK_T_USR                      |     1 |     6 |     1   (0)| 00:00:01 |
|  77 |              INDEX RANGE SCAN                   | IX_NVL_USR_MRGEMSTR_USR_ID    |     1 |     6 |     1   (0)| 00:00:01 |
|  78 |             TABLE ACCESS BY INDEX ROWID         | T_ENNS                        |     1 |    38 |     1   (0)| 00:00:01 |
|  79 |              INDEX RANGE SCAN                   | IX_ELNS_MEMBENLTDTDSNTDTSTTID |     2 |       |     1   (0)| 00:00:01 |
|  80 |            TABLE ACCESS BY INDEX ROWID          | T_ENNS                        |     1 |    22 |     1   (0)| 00:00:01 |
|  81 |             INDEX RANGE SCAN                    | IX_ELNS_MEMBENLTDTDSNTDTID    |     1 |       |     1   (0)| 00:00:01 |
|  82 |        FAST DUAL                                |                               |     1 |       |     2   (0)| 00:00:01 |
|  83 |   TABLE ACCESS BY INDEX ROWID                   | T_BENSPKG                     |     1 |    12 |     1   (0)| 00:00:01 |
|  84 |    INDEX UNIQUE SCAN                            | PK_T_BENSPKG                  |     1 |       |     1   (0)| 00:00:01 |
---------------------------------------------------------------------------------------------------------------------------------

Query Block Name / Object Alias (identified by operation id):
-------------------------------------------------------------

   1 - SEL$4        / T_UM_BASE@SEL$4
   2 - SEL$4        / T_UM_BASE@SEL$4
   3 - SEL$5        / T_CM_BASEBASE@SEL$5
   4 - SEL$5        / T_CM_BASEBASE@SEL$5
   5 - SEL$0C04A374
   8 - SEL$3        / INFO_WITH_MEMBER_ID@SEL$2
   9 - SEL$6        / INFO@SEL$3
  10 - SEL$6
  11 - SEL$2D594895 / from$_subquery$_005@SEL$6
  12 - SEL$2D594895
  25 - SEL$2D594895 / T@SEL$8
  26 - SEL$2D594895 / T@SEL$8
  27 - SEL$2D594895 / REASON@SEL$17
  28 - SEL$2D594895 / REASON@SEL$17
  29 - SEL$2D594895 / TASKTYPE@SEL$15
  30 - SEL$2D594895 / TASKTYPE@SEL$15
  31 - SEL$2D594895 / AUTH@SEL$21
  32 - SEL$2D594895 / AUTH@SEL$21
  33 - SEL$2D594895 / CASEORCM@SEL$19
  34 - SEL$2D594895 / CASEORCM@SEL$19
  36 - SEL$2D594895 / OWN@SEL$7
  37 - SEL$2D594895 / OWN@SEL$7
  38 - SEL$2D594895 / PROVIDER@SEL$23
  39 - SEL$2D594895 / PROVIDER@SEL$23
  40 - SEL$2D594895 / MEMBER@SEL$11
  41 - SEL$2D594895 / MEMBER@SEL$11
  42 - SEL$2D594895 / PREVOWNER@SEL$9
  43 - SEL$2D594895 / PREVOWNER@SEL$9
  44 - SEL$2D594895 / SENDER@SEL$27
  45 - SEL$2D594895 / SENDER@SEL$27
  46 - SEL$2D594895 / ORIGCREATOR@SEL$13
  47 - SEL$2D594895 / ORIGCREATOR@SEL$13
  48 - SEL$2D594895 / MOD@SEL$25
  49 - SEL$2D594895 / MOD@SEL$25
  50 - SEL$0C04A374 / AFFMEMBER@SEL$1
  51 - SEL$0C04A374 / AFFMEMBER@SEL$1
  52 - SET$5715CE2E / ENROLLMENT@SEL$30
  53 - SET$5715CE2E
  55 - SEL$ECD9DCF1
  56 - SEL$ECD9DCF1 / T_SRC_ENNS@SEL$35
  57 - SEL$ECD9DCF1 / T_SRC_ENNS@SEL$35
  58 - SEL$5F185B4C
  62 - SEL$5F185B4C / T_ENNS_MASTERUSER@SEL$31
  63 - SEL$5F185B4C / T_ENNS_SLAVEUSER@SEL$31
  64 - SEL$5F185B4C / T_CURR_ENNS@SEL$32
  65 - SEL$5F185B4C / T_CURR_ENNS@SEL$32
  66 - SEL$5F185B4C / T_MAX_DISENROLLMENT_ENROLLMENT@SEL$33
  67 - SEL$5F185B4C / T_MAX_DISENROLLMENT_ENROLLMENT@SEL$33
  68 - SEL$40       / DUAL@SEL$40
  69 - SEL$0D115A56
  70 - SEL$0D115A56 / T_SRC_ENNS@SEL$42
  71 - SEL$0D115A56 / T_SRC_ENNS@SEL$42
  72 - SEL$CDBEA42D
  76 - SEL$CDBEA42D / T_ENNS_MASTERUSER@SEL$36
  77 - SEL$CDBEA42D / T_ENNS_SLAVEUSER@SEL$36
  78 - SEL$CDBEA42D / T_CURR_ENNS@SEL$37
  79 - SEL$CDBEA42D / T_CURR_ENNS@SEL$37
  80 - SEL$CDBEA42D / T_MAX_DISENROLLMENT_ENROLLMENT@SEL$38
  81 - SEL$CDBEA42D / T_MAX_DISENROLLMENT_ENROLLMENT@SEL$38
  82 - SEL$43       / DUAL@SEL$43
  83 - SEL$0C04A374 / BENEFIT@SEL$46
  84 - SEL$0C04A374 / BENEFIT@SEL$46

Outline Data
-------------

  /*+
      BEGIN_OUTLINE_DATA
      IGNORE_OPTIM_EMBEDDED_HINTS
      OPTIMIZER_FEATURES_ENABLE('12.1.0.2')
      DB_VERSION('12.1.0.2')
      OPT_PARAM('optimizer_index_cost_adj' 1)
      OPT_PARAM('optimizer_index_caching' 90)
      ALL_ROWS
      OUTLINE_LEAF(@"SEL$4")
      OUTLINE_LEAF(@"SEL$5")
      OUTLINE_LEAF(@"SEL$2D594895")
      MERGE(@"SEL$2DE0C8FF")
      OUTLINE_LEAF(@"SEL$6")
      OUTLINE_LEAF(@"SEL$3")
      OUTLINE_LEAF(@"SEL$40")
      OUTLINE_LEAF(@"SEL$5F185B4C")
      MERGE(@"SEL$6B15F4E0")
      OUTLINE_LEAF(@"SEL$ECD9DCF1")
      OUTLINE_LEAF(@"SEL$43")
      OUTLINE_LEAF(@"SEL$CDBEA42D")
      MERGE(@"SEL$57BA8109")
      OUTLINE_LEAF(@"SEL$0D115A56")
      OUTLINE_LEAF(@"SET$5715CE2E")
      PUSH_PRED(@"SEL$0C04A374" "ENROLLMENT"@"SEL$30" 3)
      OUTLINE_LEAF(@"SEL$0C04A374")
      MERGE(@"SEL$BC270230")
      OUTLINE(@"SEL$29")
      OUTLINE(@"SEL$2DE0C8FF")
      MERGE(@"SEL$27")
      MERGE(@"SEL$3B95C159")
      OUTLINE(@"SEL$41")
      OUTLINE(@"SEL$6B15F4E0")
      MERGE(@"SEL$78FE80F3")
      OUTLINE(@"SEL$35")
      OUTLINE(@"SEL$44")
      OUTLINE(@"SEL$57BA8109")
      MERGE(@"SEL$516D3A01")
      OUTLINE(@"SEL$42")
      OUTLINE(@"SET$1")
      OUTLINE(@"SEL$0C04A374")
      MERGE(@"SEL$BC270230")
      OUTLINE(@"SEL$48")
      OUTLINE(@"SEL$BC270230")
      MERGE(@"SEL$409758B4")
      MERGE(@"SEL$46")
      OUTLINE(@"SEL$28")
      OUTLINE(@"SEL$27")
      OUTLINE(@"SEL$3B95C159")
      MERGE(@"SEL$25")
      MERGE(@"SEL$6D003707")
      OUTLINE(@"SEL$D570F096")
      MERGE(@"SEL$33")
      OUTLINE(@"SEL$78FE80F3")
      MERGE(@"SEL$31")
      OUTLINE(@"SEL$067B9A3E")
      MERGE(@"SEL$38")
      OUTLINE(@"SEL$516D3A01")
      MERGE(@"SEL$36")
      OUTLINE(@"SEL$47")
      OUTLINE(@"SEL$409758B4")
      MERGE(@"SEL$30")
      MERGE(@"SEL$58A6D7F6")
      OUTLINE(@"SEL$46")
      OUTLINE(@"SEL$26")
      OUTLINE(@"SEL$25")
      OUTLINE(@"SEL$6D003707")
      MERGE(@"SEL$23")
      MERGE(@"SEL$23FAB6D1")
      OUTLINE(@"SEL$34")
      OUTLINE(@"SEL$33")
      OUTLINE(@"SEL$32")
      OUTLINE(@"SEL$31")
      OUTLINE(@"SEL$39")
      OUTLINE(@"SEL$38")
      OUTLINE(@"SEL$37")
      OUTLINE(@"SEL$36")
      OUTLINE(@"SEL$45")
      OUTLINE(@"SEL$30")
      OUTLINE(@"SEL$58A6D7F6")
      MERGE(@"SEL$1")
      OUTLINE(@"SEL$24")
      OUTLINE(@"SEL$23")
      OUTLINE(@"SEL$23FAB6D1")
      MERGE(@"SEL$21")
      MERGE(@"SEL$97A30ECD")
      OUTLINE(@"SEL$2")
      OUTLINE(@"SEL$1")
      OUTLINE(@"SEL$22")
      OUTLINE(@"SEL$21")
      OUTLINE(@"SEL$97A30ECD")
      MERGE(@"SEL$19")
      MERGE(@"SEL$CF22A5CA")
      OUTLINE(@"SEL$20")
      OUTLINE(@"SEL$19")
      OUTLINE(@"SEL$CF22A5CA")
      MERGE(@"SEL$17")
      MERGE(@"SEL$FF97D7FC")
      OUTLINE(@"SEL$18")
      OUTLINE(@"SEL$17")
      OUTLINE(@"SEL$FF97D7FC")
      MERGE(@"SEL$15")
      MERGE(@"SEL$DE5D921C")
      OUTLINE(@"SEL$16")
      OUTLINE(@"SEL$15")
      OUTLINE(@"SEL$DE5D921C")
      MERGE(@"SEL$01DD7F33")
      MERGE(@"SEL$13")
      OUTLINE(@"SEL$14")
      OUTLINE(@"SEL$01DD7F33")
      MERGE(@"SEL$11")
      MERGE(@"SEL$BDFBA881")
      OUTLINE(@"SEL$13")
      OUTLINE(@"SEL$12")
      OUTLINE(@"SEL$11")
      OUTLINE(@"SEL$BDFBA881")
      MERGE(@"SEL$9")
      MERGE(@"SEL$FC56C448")
      OUTLINE(@"SEL$10")
      OUTLINE(@"SEL$9")
      OUTLINE(@"SEL$FC56C448")
      MERGE(@"SEL$7")
      OUTLINE(@"SEL$8")
      OUTLINE(@"SEL$7")
      NO_ACCESS(@"SEL$0C04A374" "INFO_WITH_MEMBER_ID"@"SEL$2")
      INDEX_RS_ASC(@"SEL$0C04A374" "AFFMEMBER"@"SEL$1" ("T_USR"."USR_ID"))
      NO_ACCESS(@"SEL$0C04A374" "ENROLLMENT"@"SEL$30")
      INDEX_RS_ASC(@"SEL$0C04A374" "BENEFIT"@"SEL$46" ("T_BENSPKG"."BENP_ID"))
      LEADING(@"SEL$0C04A374" "INFO_WITH_MEMBER_ID"@"SEL$2" "AFFMEMBER"@"SEL$1" "ENROLLMENT"@"SEL$30" "BENEFIT"@"SEL$46")
      USE_NL(@"SEL$0C04A374" "AFFMEMBER"@"SEL$1")
      USE_NL(@"SEL$0C04A374" "ENROLLMENT"@"SEL$30")
      USE_NL(@"SEL$0C04A374" "BENEFIT"@"SEL$46")
      NO_ACCESS(@"SEL$3" "INFO"@"SEL$3")
      INDEX_RS_ASC(@"SEL$0D115A56" "T_SRC_ENNS"@"SEL$42" ("T_ENNS"."ELNS_MEMB" "T_ENNS"."ELNS_ENLTDT" "T_ENNS"."ELNS_DSNTDT"
              "T_ENNS"."ELNS_ID"))
      BATCH_TABLE_ACCESS_BY_ROWID(@"SEL$0D115A56" "T_SRC_ENNS"@"SEL$42")
      PUSH_SUBQ(@"SEL$CDBEA42D")
      INDEX_RS_ASC(@"SEL$ECD9DCF1" "T_SRC_ENNS"@"SEL$35" ("T_ENNS"."ELNS_MEMB" "T_ENNS"."ELNS_ENLTDT" "T_ENNS"."ELNS_DSNTDT"
              "T_ENNS"."ELNS_ID"))
      BATCH_TABLE_ACCESS_BY_ROWID(@"SEL$ECD9DCF1" "T_SRC_ENNS"@"SEL$35")
      PUSH_SUBQ(@"SEL$5F185B4C")
      INDEX(@"SEL$5F185B4C" "T_ENNS_MASTERUSER"@"SEL$31" ("T_USR"."USR_ID"))
      INDEX(@"SEL$5F185B4C" "T_ENNS_SLAVEUSER"@"SEL$31" "IX_NVL_USR_MRGEMSTR_USR_ID")
      INDEX_RS_ASC(@"SEL$5F185B4C" "T_CURR_ENNS"@"SEL$32" "IX_ELNS_MEMBENLTDTDSNTDTSTTID")
      INDEX_RS_ASC(@"SEL$5F185B4C" "T_MAX_DISENROLLMENT_ENROLLMENT"@"SEL$33" ("T_ENNS"."ELNS_MEMB" "T_ENNS"."ELNS_ENLTDT"
              "T_ENNS"."ELNS_DSNTDT" "T_ENNS"."ELNS_ID"))
      LEADING(@"SEL$5F185B4C" "T_ENNS_MASTERUSER"@"SEL$31" "T_ENNS_SLAVEUSER"@"SEL$31" "T_CURR_ENNS"@"SEL$32"
              "T_MAX_DISENROLLMENT_ENROLLMENT"@"SEL$33")
      USE_NL(@"SEL$5F185B4C" "T_ENNS_SLAVEUSER"@"SEL$31")
      USE_NL(@"SEL$5F185B4C" "T_CURR_ENNS"@"SEL$32")
      USE_NL(@"SEL$5F185B4C" "T_MAX_DISENROLLMENT_ENROLLMENT"@"SEL$33")
      INDEX(@"SEL$CDBEA42D" "T_ENNS_MASTERUSER"@"SEL$36" ("T_USR"."USR_ID"))
      INDEX(@"SEL$CDBEA42D" "T_ENNS_SLAVEUSER"@"SEL$36" "IX_NVL_USR_MRGEMSTR_USR_ID")
      INDEX_RS_ASC(@"SEL$CDBEA42D" "T_CURR_ENNS"@"SEL$37" "IX_ELNS_MEMBENLTDTDSNTDTSTTID")
      INDEX_RS_ASC(@"SEL$CDBEA42D" "T_MAX_DISENROLLMENT_ENROLLMENT"@"SEL$38" ("T_ENNS"."ELNS_MEMB" "T_ENNS"."ELNS_ENLTDT"
              "T_ENNS"."ELNS_DSNTDT" "T_ENNS"."ELNS_ID"))
      LEADING(@"SEL$CDBEA42D" "T_ENNS_MASTERUSER"@"SEL$36" "T_ENNS_SLAVEUSER"@"SEL$36" "T_CURR_ENNS"@"SEL$37"
              "T_MAX_DISENROLLMENT_ENROLLMENT"@"SEL$38")
      USE_NL(@"SEL$CDBEA42D" "T_ENNS_SLAVEUSER"@"SEL$36")
      USE_NL(@"SEL$CDBEA42D" "T_CURR_ENNS"@"SEL$37")
      USE_NL(@"SEL$CDBEA42D" "T_MAX_DISENROLLMENT_ENROLLMENT"@"SEL$38")
      NO_ACCESS(@"SEL$6" "from$_subquery$_005"@"SEL$6")
      INDEX_RS_ASC(@"SEL$2D594895" "T"@"SEL$8" ("T_SENTTSK"."SETK_OBJ_STT"))
      INDEX_RS_ASC(@"SEL$2D594895" "REASON"@"SEL$17" ("T_DDL_ITEM"."DDLI_ID"))
      INDEX_RS_ASC(@"SEL$2D594895" "TASKTYPE"@"SEL$15" ("T_DDL_ITEM"."DDLI_ID"))
      INDEX_RS_ASC(@"SEL$2D594895" "AUTH"@"SEL$21" ("T_UM_BASE"."UMBS_ID"))
      INDEX_RS_ASC(@"SEL$2D594895" "CASEORCM"@"SEL$19" ("T_CM_BASEBASE"."CMBB_ID"))
      INDEX_RS_ASC(@"SEL$2D594895" "OWN"@"SEL$7" ("T_USR"."USR_ID"))
      INDEX_RS_ASC(@"SEL$2D594895" "PROVIDER"@"SEL$23" ("T_USR"."USR_ID"))
      INDEX_RS_ASC(@"SEL$2D594895" "MEMBER"@"SEL$11" ("T_USR"."USR_ID"))
      INDEX_RS_ASC(@"SEL$2D594895" "PREVOWNER"@"SEL$9" ("T_USR"."USR_ID"))
      INDEX_RS_ASC(@"SEL$2D594895" "SENDER"@"SEL$27" ("T_USR"."USR_ID"))
      INDEX_RS_ASC(@"SEL$2D594895" "ORIGCREATOR"@"SEL$13" ("T_USR"."USR_ID"))
      INDEX_RS_ASC(@"SEL$2D594895" "MOD"@"SEL$25" ("T_USR"."USR_ID"))
      LEADING(@"SEL$2D594895" "T"@"SEL$8" "REASON"@"SEL$17" "TASKTYPE"@"SEL$15" "AUTH"@"SEL$21" "CASEORCM"@"SEL$19"
              "OWN"@"SEL$7" "PROVIDER"@"SEL$23" "MEMBER"@"SEL$11" "PREVOWNER"@"SEL$9" "SENDER"@"SEL$27" "ORIGCREATOR"@"SEL$13"
              "MOD"@"SEL$25")
      USE_NL(@"SEL$2D594895" "REASON"@"SEL$17")
      USE_NL(@"SEL$2D594895" "TASKTYPE"@"SEL$15")
      USE_NL(@"SEL$2D594895" "AUTH"@"SEL$21")
      USE_NL(@"SEL$2D594895" "CASEORCM"@"SEL$19")
      USE_MERGE_CARTESIAN(@"SEL$2D594895" "OWN"@"SEL$7")
      USE_NL(@"SEL$2D594895" "PROVIDER"@"SEL$23")
      USE_NL(@"SEL$2D594895" "MEMBER"@"SEL$11")
      USE_NL(@"SEL$2D594895" "PREVOWNER"@"SEL$9")
      USE_NL(@"SEL$2D594895" "SENDER"@"SEL$27")
      USE_NL(@"SEL$2D594895" "ORIGCREATOR"@"SEL$13")
      USE_NL(@"SEL$2D594895" "MOD"@"SEL$25")
      INDEX_RS_ASC(@"SEL$5" "T_CM_BASEBASE"@"SEL$5" ("T_CM_BASEBASE"."CMBB_ID"))
      INDEX_RS_ASC(@"SEL$4" "T_UM_BASE"@"SEL$4" ("T_UM_BASE"."UMBS_ID"))
      END_OUTLINE_DATA
  */

Peeked Binds (identified by position):
--------------------------------------

   1 - :SYS_B_0 (NUMBER): 2
   2 - :1 (NUMBER): 10621934
   3 - :2 (NUMBER): 1
   4 - :3 (NUMBER): 3
   5 - :4 (NUMBER): 905
   6 - :5 (NUMBER): 906
   7 - :6 (NUMBER): 907
   8 - :7 (NUMBER): 908
   9 - :8 (NUMBER): 911
  10 - :9 (NUMBER): 912
  11 - :10 (NUMBER): 913
  12 - :SYS_B_1 (NUMBER): 500
  13 - :SYS_B_2 (VARCHAR2(30), CSID=178): '2020.09.21'
  14 - :SYS_B_3 (VARCHAR2(30), CSID=178): 'yyyy.MM.dd'

Note
-----
   - dynamic statistics used: dynamic sampling (level=2)
   - 5 Sql Plan Directives used for this statement

SQL_ID 0sjx29v99zfqc
--------------------
SELECT INFO_WITH_MEMBER_ID.*,     enrollment.ELNS_INSCPRSRGRP
ipgGroupId,     benefit.BENP_LWSTLVL_PRODCAT productCategoryId,
affMember.USR_FRSTNAM affiliatedMemberFirstName,
affMember.USR_LAS_NAM affiliatedMemberLastName FROM (   SELECT INFO.*,
   CASE     WHEN INFO.memberAffiliationId IS NOT NULL THEN
(INFO.memberAffiliationId)     WHEN INFO.authAffiliationId IS NOT NULL
THEN (SELECT UMBS_MEMB FROM T_UM_BASE WHERE
UMBS_ID=INFO.authAffiliationId)     WHEN
INFO.careManagementAffiliationId IS NOT NULL THEN (SELECT CMBS_MEMB
FROM T_CM_BASEBASE WHERE CMBB_ID=INFO.careManagementAffiliationId)
WHEN INFO.providerAffiliationId IS NOT NULL THEN
(INFO.providerAffiliationId)     ELSE (NULL)     END
affiliatedMemberId   FROM (   SELECT * FROM (     SELECT
T.SETK_ID AS id,         T.SETK_C4C_ID AS c4cId,         T.SETK_UNIVID
AS universalId,         taskType.TSKT_RCPTTYP AS categoryId,
T.SETK_TSK_TYP AS taskTypeId,         taskType.DDLI_LBL AS
taskTypeLabel,         T.SETK_TSK_NAM AS taskName,         T.SETK_SUBJ
AS subject,         T.SETK_CRTD AS createDate,         T.SETK_SENT AS
sentDate,         T.SETK_SRTD AS startedDate,
T.SETK_TSK_TIMG_STRTDT AS startDate,         T.SETK_TSK_TIMG_SCLDAT AS
startDateSeconds,         T.SETK_TSK_TIMG_DDLN_DT AS dueDate,
T.SETK_TSK_TIMG_DDLN_TIM_IN_DY AS dueDateSeconds,         T.SETK_OWNR
AS ownerId,         own.USR_FRSTNAM AS ownerFirstName,
own.USR_LAS_NAM AS ownerLastName,         own.CLASSTYPE AS ownerType,
      T.SETK_OBJ_STT AS status,         T.SETK_AFFN_MEMB AS
memberAffiliationId,         member.USR_C4C_ID AS memberC4cId,
member.USR_FRSTNAM AS memberFirstName,         member.USR_LAS_NAM AS
memberLastName,         T.SETK_AFFN_CM AS careManagementAffiliationId,
       caseOrCm.CMBB_C4C_ID AS caseOrCmC4cId,
T.SETK_AFFN_UM_EVNT AS authAffiliationId,         auth.UMBS_C4C_ID AS
authAffiliationC4cId,         T.SETK_AFFN_PVDR AS
providerAffiliationId,         provider.USR_C4C_ID AS providerC4cId,
     T.SETK_TSK_TIMG_SNLTDT AS startNoLaterThanDate,
T.SETK_CNCLRESN AS cancelReasonId,         T.SETK_ORIGCRTR AS
originalCreatorId,         origCreator.USR_FRSTNAM AS
originalCreatorFirstName,         origCreator.USR_LAS_NAM AS
originalCreatorLastName,         caseOrCm.CLASSTYPE AS
caseOrCmClasstype,         T.SETK_TSK_DSCN AS description,
T.SETK_CMPD AS completedDate,         T.SETK_LAS_ACT_TIM AS
lastActionDate,         mod.USR_FRSTNAM lastModifiedByFirstName,
 mod.USR_LAS_NAM lastModifiedByLastName,         T.SETK_PRVSOWNR AS
previousOwnerId,         prevOwner.USR_FRSTNAM AS
previousOwnerFirstName,         prevOwner.USR_LAS_NAM AS
previousOwnerLastName,         prevOwner.CLASSTYPE AS
previousOwnerType,         CASE             WHEN
T.SETK_TSK_TIMG_DDLN_DT IS NOT NULL THEN (T.SETK_TSK_TIMG_DDLN_DT)
       WHEN T.SETK_TSK_TIMG_STRTDT IS NOT NULL THEN
(T.SETK_TSK_TIMG_STRTDT)             WHEN T.SETK_TSK_TIMG_SNLTDT IS NOT
NULL THEN (T.SETK_TSK_TIMG_SNLTDT)             ELSE (NULL)         END
       filterDate,         sender.USR_FRSTNAM fromUserFirstName,
 sender.USR_LAS_NAM fromUserLastName,         T.SETK_RESCHEDULE_REASON
AS rescheduleReason,         reason.DDLI_LBL AS rescheduleReasonLabel,
       T.SETK_RESCHEDULE_COMMENT AS rescheduleComment       FROM
T_SENTTSK T       LEFT OUTER JOIN T_USR own ON own.USR_ID=T.SETK_OWNR
    LEFT OUTER JOIN T_USR prevOwner ON prevOwner.USR_ID=T.SETK_PRVSOWNR
      LEFT OUTER JOIN T_USR member ON member.USR_ID=T.SETK_AFFN_MEMB
   LEFT OUTER JOIN T_USR origCreator ON
origCreator.USR_ID=T.SETK_ORIGCRTR       LEFT OUTER JOIN T_DDL_ITEM
taskType ON taskType.DDLI_ID=T.SETK_TSK_TYP       LEFT OUTER JOIN
T_DDL_ITEM reason ON reason.DDLI_ID=T.SETK_RESCHEDULE_REASON       LEFT
OUTER JOIN T_CM_BASEBASE caseOrCm ON caseOrCm.CMBB_ID=T.SETK_AFFN_CM
   LEFT OUTER JOIN T_UM_BASE auth ON auth.UMBS_ID=T.SETK_AFFN_UM_EVNT
    LEFT OUTER JOIN T_USR provider

Plan hash value: 1552707893

---------------------------------------------------------------------------------------------------------------------------------
| Id  | Operation                                       | Name                          | Rows  | Bytes | Cost (%CPU)| Time     |
---------------------------------------------------------------------------------------------------------------------------------
|   0 | SELECT STATEMENT                                |                               |       |       |  2282K(100)|          |
|   1 |  TABLE ACCESS BY INDEX ROWID                    | T_UM_BASE                     |     1 |    12 |     1   (0)| 00:00:01 |
|   2 |   INDEX UNIQUE SCAN                             | PK_T_UM_BASE                  |     1 |       |     1   (0)| 00:00:01 |
|   3 |   TABLE ACCESS BY INDEX ROWID                   | T_CM_BASEBASE                 |     1 |    12 |     1   (0)| 00:00:01 |
|   4 |    INDEX UNIQUE SCAN                            | PK_T_CM_BASEBASE              |     1 |       |     1   (0)| 00:00:01 |
|   5 |  NESTED LOOPS OUTER                             |                               |     5 |   229K|  2282K  (1)| 00:01:30 |
|   6 |   NESTED LOOPS OUTER                            |                               |     5 |   229K|  2282K  (1)| 00:01:30 |
|   7 |    HASH JOIN RIGHT OUTER                        |                               |     5 |   228K|  2282K  (1)| 00:01:30 |
|   8 |     VIEW                                        | V_CURR_ENROLLMENT             |     2 |    78 |  2282K  (1)| 00:01:30 |
|   9 |      SORT UNIQUE                                |                               |     2 |  1092 |  2282K  (1)| 00:01:30 |
|  10 |       UNION-ALL                                 |                               |       |       |            |          |
|  11 |        FILTER                                   |                               |       |       |            |          |
|  12 |         FILTER                                  |                               |       |       |            |          |
|  13 |          TABLE ACCESS STORAGE FULL              | T_ENNS                        |   248K|    64M|   160K  (1)| 00:00:07 |
|  14 |          FAST DUAL                              |                               |     1 |       |     2   (0)| 00:00:01 |
|  15 |         SORT GROUP BY NOSORT                    |                               |     1 |    72 |     4   (0)| 00:00:01 |
|  16 |          NESTED LOOPS OUTER                     |                               |     1 |    72 |     4   (0)| 00:00:01 |
|  17 |           NESTED LOOPS                          |                               |     1 |    50 |     3   (0)| 00:00:01 |
|  18 |            NESTED LOOPS                         |                               |     1 |    12 |     2   (0)| 00:00:01 |
|  19 |             INDEX UNIQUE SCAN                   | PK_T_USR                      |     1 |     6 |     1   (0)| 00:00:01 |
|  20 |             INDEX RANGE SCAN                    | IX_NVL_USR_MRGEMSTR_USR_ID    |     1 |     6 |     1   (0)| 00:00:01 |
|  21 |            TABLE ACCESS BY INDEX ROWID          | T_ENNS                        |     1 |    38 |     1   (0)| 00:00:01 |
|  22 |             INDEX RANGE SCAN                    | IX_ELNS_MEMBENLTDTDSNTDTSTTID |     2 |       |     1   (0)| 00:00:01 |
|  23 |           TABLE ACCESS BY INDEX ROWID           | T_ENNS                        |     1 |    22 |     1   (0)| 00:00:01 |
|  24 |            INDEX RANGE SCAN                     | IX_ELNS_MEMBENLTDTDSNTDTID    |     1 |       |     1   (0)| 00:00:01 |
|  25 |        FILTER                                   |                               |       |       |            |          |
|  26 |         FILTER                                  |                               |       |       |            |          |
|  27 |          TABLE ACCESS STORAGE FULL              | T_ENNS                        |   248K|    64M|   160K  (1)| 00:00:07 |
|  28 |          FAST DUAL                              |                               |     1 |       |     2   (0)| 00:00:01 |
|  29 |         SORT GROUP BY NOSORT                    |                               |     1 |    72 |     4   (0)| 00:00:01 |
|  30 |          NESTED LOOPS OUTER                     |                               |     1 |    72 |     4   (0)| 00:00:01 |
|  31 |           NESTED LOOPS                          |                               |     1 |    50 |     3   (0)| 00:00:01 |
|  32 |            NESTED LOOPS                         |                               |     1 |    12 |     2   (0)| 00:00:01 |
|  33 |             INDEX UNIQUE SCAN                   | PK_T_USR                      |     1 |     6 |     1   (0)| 00:00:01 |
|  34 |             INDEX RANGE SCAN                    | IX_NVL_USR_MRGEMSTR_USR_ID    |     1 |     6 |     1   (0)| 00:00:01 |
|  35 |            TABLE ACCESS BY INDEX ROWID          | T_ENNS                        |     1 |    38 |     1   (0)| 00:00:01 |
|  36 |             INDEX RANGE SCAN                    | IX_ELNS_MEMBENLTDTDSNTDTSTTID |     2 |       |     1   (0)| 00:00:01 |
|  37 |           TABLE ACCESS BY INDEX ROWID           | T_ENNS                        |     1 |    22 |     1   (0)| 00:00:01 |
|  38 |            INDEX RANGE SCAN                     | IX_ELNS_MEMBENLTDTDSNTDTID    |     1 |       |     1   (0)| 00:00:01 |
|  39 |     VIEW                                        |                               |     5 |   228K|    20   (5)| 00:00:01 |
|  40 |      VIEW                                       |                               |     5 |   228K|    15   (7)| 00:00:01 |
|  41 |       COUNT STOPKEY                             |                               |       |       |            |          |
|  42 |        VIEW                                     |                               |     5 |   228K|    15   (7)| 00:00:01 |
|  43 |         SORT ORDER BY STOPKEY                   |                               |     5 |  3900 |    15   (7)| 00:00:01 |
|  44 |          MERGE JOIN OUTER                       |                               |     5 |  3900 |    14   (0)| 00:00:01 |
|  45 |           NESTED LOOPS OUTER                    |                               |     5 |  3720 |    13   (0)| 00:00:01 |
|  46 |            NESTED LOOPS OUTER                   |                               |     5 |  3540 |    12   (0)| 00:00:01 |
|  47 |             NESTED LOOPS OUTER                  |                               |     5 |  3365 |    11   (0)| 00:00:01 |
|  48 |              NESTED LOOPS OUTER                 |                               |     5 |  3255 |    10   (0)| 00:00:01 |
|  49 |               NESTED LOOPS OUTER                |                               |     5 |  3135 |     9   (0)| 00:00:01 |
|  50 |                NESTED LOOPS OUTER               |                               |     5 |  3025 |     8   (0)| 00:00:01 |
|  51 |                 NESTED LOOPS OUTER              |                               |     5 |  2885 |     7   (0)| 00:00:01 |
|  52 |                  NESTED LOOPS OUTER             |                               |     5 |  2795 |     6   (0)| 00:00:01 |
|  53 |                   NESTED LOOPS OUTER            |                               |     5 |  2700 |     5   (0)| 00:00:01 |
|  54 |                    NESTED LOOPS OUTER           |                               |     5 |  2590 |     4   (0)| 00:00:01 |
|  55 |                     INLIST ITERATOR             |                               |       |       |            |          |
|  56 |                      TABLE ACCESS BY INDEX ROWID| T_SENTTSK                     |     5 |  2480 |     3   (0)| 00:00:01 |
|  57 |                       INDEX RANGE SCAN          | IX_SETK_OBJ_STT               |  1834 |       |     1   (0)| 00:00:01 |
|  58 |                     TABLE ACCESS BY INDEX ROWID | T_USR                         |     1 |    22 |     1   (0)| 00:00:01 |
|  59 |                      INDEX UNIQUE SCAN          | PK_T_USR                      |     1 |       |     1   (0)| 00:00:01 |
|  60 |                    TABLE ACCESS BY INDEX ROWID  | T_USR                         |     1 |    22 |     1   (0)| 00:00:01 |
|  61 |                     INDEX UNIQUE SCAN           | PK_T_USR                      |     1 |       |     1   (0)| 00:00:01 |
|  62 |                   TABLE ACCESS BY INDEX ROWID   | T_USR                         |     1 |    19 |     1   (0)| 00:00:01 |
|  63 |                    INDEX UNIQUE SCAN            | PK_T_USR                      |     1 |       |     1   (0)| 00:00:01 |
|  64 |                  TABLE ACCESS BY INDEX ROWID    | T_UM_BASE                     |     1 |    18 |     1   (0)| 00:00:01 |
|  65 |                   INDEX UNIQUE SCAN             | PK_T_UM_BASE                  |     1 |       |     1   (0)| 00:00:01 |
|  66 |                 TABLE ACCESS BY INDEX ROWID     | T_CM_BASEBASE                 |     1 |    28 |     1   (0)| 00:00:01 |
|  67 |                  INDEX UNIQUE SCAN              | PK_T_CM_BASEBASE              |     1 |       |     1   (0)| 00:00:01 |
|  68 |                TABLE ACCESS BY INDEX ROWID      | T_DDL_ITEM                    |     1 |    22 |     1   (0)| 00:00:01 |
|  69 |                 INDEX UNIQUE SCAN               | PK_T_DDL_ITEM                 |     1 |       |     1   (0)| 00:00:01 |
|  70 |               TABLE ACCESS BY INDEX ROWID       | T_DDL_ITEM                    |     1 |    24 |     1   (0)| 00:00:01 |
|  71 |                INDEX UNIQUE SCAN                | PK_T_DDL_ITEM                 |     1 |       |     1   (0)| 00:00:01 |
|  72 |              TABLE ACCESS BY INDEX ROWID        | T_USR                         |     1 |    22 |     1   (0)| 00:00:01 |
|  73 |               INDEX UNIQUE SCAN                 | PK_T_USR                      |     1 |       |     1   (0)| 00:00:01 |
|  74 |             TABLE ACCESS BY INDEX ROWID         | T_USR                         |     1 |    35 |     1   (0)| 00:00:01 |
|  75 |              INDEX UNIQUE SCAN                  | PK_T_USR                      |     1 |       |     1   (0)| 00:00:01 |
|  76 |            TABLE ACCESS BY INDEX ROWID          | T_USR                         |     1 |    36 |     1   (0)| 00:00:01 |
|  77 |             INDEX UNIQUE SCAN                   | PK_T_USR                      |     1 |       |     1   (0)| 00:00:01 |
|  78 |           BUFFER SORT                           |                               |     1 |    36 |    14   (8)| 00:00:01 |
|  79 |            TABLE ACCESS BY INDEX ROWID          | T_USR                         |     1 |    36 |     1   (0)| 00:00:01 |
|  80 |             INDEX UNIQUE SCAN                   | PK_T_USR                      |     1 |       |     1   (0)| 00:00:01 |
|  81 |    TABLE ACCESS BY INDEX ROWID                  | T_BENSPKG                     |     1 |    12 |     1   (0)| 00:00:01 |
|  82 |     INDEX UNIQUE SCAN                           | PK_T_BENSPKG                  |     1 |       |     1   (0)| 00:00:01 |
|  83 |   TABLE ACCESS BY INDEX ROWID                   | T_USR                         |     1 |    22 |     1   (0)| 00:00:01 |
|  84 |    INDEX UNIQUE SCAN                            | PK_T_USR                      |     1 |       |     1   (0)| 00:00:01 |
---------------------------------------------------------------------------------------------------------------------------------

Query Block Name / Object Alias (identified by operation id):
-------------------------------------------------------------

   1 - SEL$4        / T_UM_BASE@SEL$4
   2 - SEL$4        / T_UM_BASE@SEL$4
   3 - SEL$5        / T_CM_BASEBASE@SEL$5
   4 - SEL$5        / T_CM_BASEBASE@SEL$5
   5 - SEL$0C04A374
   8 - SET$1        / ENROLLMENT@SEL$30
   9 - SET$1
  11 - SEL$35
  13 - SEL$35       / T_SRC_ENNS@SEL$35
  14 - SEL$40       / DUAL@SEL$40
  15 - SEL$5F185B4C
  19 - SEL$5F185B4C / T_ENNS_MASTERUSER@SEL$31
  20 - SEL$5F185B4C / T_ENNS_SLAVEUSER@SEL$31
  21 - SEL$5F185B4C / T_CURR_ENNS@SEL$32
  22 - SEL$5F185B4C / T_CURR_ENNS@SEL$32
  23 - SEL$5F185B4C / T_MAX_DISENROLLMENT_ENROLLMENT@SEL$33
  24 - SEL$5F185B4C / T_MAX_DISENROLLMENT_ENROLLMENT@SEL$33
  25 - SEL$42
  27 - SEL$42       / T_SRC_ENNS@SEL$42
  28 - SEL$43       / DUAL@SEL$43
  29 - SEL$CDBEA42D
  33 - SEL$CDBEA42D / T_ENNS_MASTERUSER@SEL$36
  34 - SEL$CDBEA42D / T_ENNS_SLAVEUSER@SEL$36
  35 - SEL$CDBEA42D / T_CURR_ENNS@SEL$37
  36 - SEL$CDBEA42D / T_CURR_ENNS@SEL$37
  37 - SEL$CDBEA42D / T_MAX_DISENROLLMENT_ENROLLMENT@SEL$38
  38 - SEL$CDBEA42D / T_MAX_DISENROLLMENT_ENROLLMENT@SEL$38
  39 - SEL$3        / INFO_WITH_MEMBER_ID@SEL$2
  40 - SEL$6        / INFO@SEL$3
  41 - SEL$6
  42 - SEL$2D594895 / from$_subquery$_005@SEL$6
  43 - SEL$2D594895
  56 - SEL$2D594895 / T@SEL$8
  57 - SEL$2D594895 / T@SEL$8
  58 - SEL$2D594895 / SENDER@SEL$27
  59 - SEL$2D594895 / SENDER@SEL$27
  60 - SEL$2D594895 / MOD@SEL$25
  61 - SEL$2D594895 / MOD@SEL$25
  62 - SEL$2D594895 / PROVIDER@SEL$23
  63 - SEL$2D594895 / PROVIDER@SEL$23
  64 - SEL$2D594895 / AUTH@SEL$21
  65 - SEL$2D594895 / AUTH@SEL$21
  66 - SEL$2D594895 / CASEORCM@SEL$19
  67 - SEL$2D594895 / CASEORCM@SEL$19
  68 - SEL$2D594895 / REASON@SEL$17
  69 - SEL$2D594895 / REASON@SEL$17
  70 - SEL$2D594895 / TASKTYPE@SEL$15
  71 - SEL$2D594895 / TASKTYPE@SEL$15
  72 - SEL$2D594895 / ORIGCREATOR@SEL$13
  73 - SEL$2D594895 / ORIGCREATOR@SEL$13
  74 - SEL$2D594895 / MEMBER@SEL$11
  75 - SEL$2D594895 / MEMBER@SEL$11
  76 - SEL$2D594895 / PREVOWNER@SEL$9
  77 - SEL$2D594895 / PREVOWNER@SEL$9
  79 - SEL$2D594895 / OWN@SEL$7
  80 - SEL$2D594895 / OWN@SEL$7
  81 - SEL$0C04A374 / BENEFIT@SEL$46
  82 - SEL$0C04A374 / BENEFIT@SEL$46
  83 - SEL$0C04A374 / AFFMEMBER@SEL$1
  84 - SEL$0C04A374 / AFFMEMBER@SEL$1

Outline Data
-------------

  /*+
      BEGIN_OUTLINE_DATA
      IGNORE_OPTIM_EMBEDDED_HINTS
      OPTIMIZER_FEATURES_ENABLE('12.1.0.2')
      DB_VERSION('12.1.0.2')
      OPT_PARAM('optimizer_index_cost_adj' 1)
      OPT_PARAM('optimizer_index_caching' 90)
      ALL_ROWS
      OUTLINE_LEAF(@"SEL$4")
      OUTLINE_LEAF(@"SEL$5")
      OUTLINE_LEAF(@"SEL$2D594895")
      MERGE(@"SEL$2DE0C8FF")
      OUTLINE_LEAF(@"SEL$6")
      OUTLINE_LEAF(@"SEL$3")
      OUTLINE_LEAF(@"SEL$40")
      OUTLINE_LEAF(@"SEL$5F185B4C")
      MERGE(@"SEL$6B15F4E0")
      OUTLINE_LEAF(@"SEL$35")
      OUTLINE_LEAF(@"SEL$43")
      OUTLINE_LEAF(@"SEL$CDBEA42D")
      MERGE(@"SEL$57BA8109")
      OUTLINE_LEAF(@"SEL$42")
      OUTLINE_LEAF(@"SET$1")
      OUTLINE_LEAF(@"SEL$0C04A374")
      MERGE(@"SEL$BC270230")
      OUTLINE(@"SEL$29")
      OUTLINE(@"SEL$2DE0C8FF")
      MERGE(@"SEL$27")
      MERGE(@"SEL$3B95C159")
      OUTLINE(@"SEL$41")
      OUTLINE(@"SEL$6B15F4E0")
      MERGE(@"SEL$78FE80F3")
      OUTLINE(@"SEL$44")
      OUTLINE(@"SEL$57BA8109")
      MERGE(@"SEL$516D3A01")
      OUTLINE(@"SEL$48")
      OUTLINE(@"SEL$BC270230")
      MERGE(@"SEL$409758B4")
      MERGE(@"SEL$46")
      OUTLINE(@"SEL$28")
      OUTLINE(@"SEL$27")
      OUTLINE(@"SEL$3B95C159")
      MERGE(@"SEL$25")
      MERGE(@"SEL$6D003707")
      OUTLINE(@"SEL$D570F096")
      MERGE(@"SEL$33")
      OUTLINE(@"SEL$78FE80F3")
      MERGE(@"SEL$31")
      OUTLINE(@"SEL$067B9A3E")
      MERGE(@"SEL$38")
      OUTLINE(@"SEL$516D3A01")
      MERGE(@"SEL$36")
      OUTLINE(@"SEL$47")
      OUTLINE(@"SEL$409758B4")
      MERGE(@"SEL$30")
      MERGE(@"SEL$58A6D7F6")
      OUTLINE(@"SEL$46")
      OUTLINE(@"SEL$26")
      OUTLINE(@"SEL$25")
      OUTLINE(@"SEL$6D003707")
      MERGE(@"SEL$23")
      MERGE(@"SEL$23FAB6D1")
      OUTLINE(@"SEL$34")
      OUTLINE(@"SEL$33")
      OUTLINE(@"SEL$32")
      OUTLINE(@"SEL$31")
      OUTLINE(@"SEL$39")
      OUTLINE(@"SEL$38")
      OUTLINE(@"SEL$37")
      OUTLINE(@"SEL$36")
      OUTLINE(@"SEL$45")
      OUTLINE(@"SEL$30")
      OUTLINE(@"SEL$58A6D7F6")
      MERGE(@"SEL$1")
      OUTLINE(@"SEL$24")
      OUTLINE(@"SEL$23")
      OUTLINE(@"SEL$23FAB6D1")
      MERGE(@"SEL$21")
      MERGE(@"SEL$97A30ECD")
      OUTLINE(@"SEL$2")
      OUTLINE(@"SEL$1")
      OUTLINE(@"SEL$22")
      OUTLINE(@"SEL$21")
      OUTLINE(@"SEL$97A30ECD")
      MERGE(@"SEL$19")
      MERGE(@"SEL$CF22A5CA")
      OUTLINE(@"SEL$20")
      OUTLINE(@"SEL$19")
      OUTLINE(@"SEL$CF22A5CA")
      MERGE(@"SEL$17")
      MERGE(@"SEL$FF97D7FC")
      OUTLINE(@"SEL$18")
      OUTLINE(@"SEL$17")
      OUTLINE(@"SEL$FF97D7FC")
      MERGE(@"SEL$15")
      MERGE(@"SEL$DE5D921C")
      OUTLINE(@"SEL$16")
      OUTLINE(@"SEL$15")
      OUTLINE(@"SEL$DE5D921C")
      MERGE(@"SEL$01DD7F33")
      MERGE(@"SEL$13")
      OUTLINE(@"SEL$14")
      OUTLINE(@"SEL$01DD7F33")
      MERGE(@"SEL$11")
      MERGE(@"SEL$BDFBA881")
      OUTLINE(@"SEL$13")
      OUTLINE(@"SEL$12")
      OUTLINE(@"SEL$11")
      OUTLINE(@"SEL$BDFBA881")
      MERGE(@"SEL$9")
      MERGE(@"SEL$FC56C448")
      OUTLINE(@"SEL$10")
      OUTLINE(@"SEL$9")
      OUTLINE(@"SEL$FC56C448")
      MERGE(@"SEL$7")
      OUTLINE(@"SEL$8")
      OUTLINE(@"SEL$7")
      NO_ACCESS(@"SEL$0C04A374" "INFO_WITH_MEMBER_ID"@"SEL$2")
      NO_ACCESS(@"SEL$0C04A374" "ENROLLMENT"@"SEL$30")
      INDEX_RS_ASC(@"SEL$0C04A374" "BENEFIT"@"SEL$46" ("T_BENSPKG"."BENP_ID"))
      INDEX_RS_ASC(@"SEL$0C04A374" "AFFMEMBER"@"SEL$1" ("T_USR"."USR_ID"))
      LEADING(@"SEL$0C04A374" "INFO_WITH_MEMBER_ID"@"SEL$2" "ENROLLMENT"@"SEL$30" "BENEFIT"@"SEL$46" "AFFMEMBER"@"SEL$1")
      USE_HASH(@"SEL$0C04A374" "ENROLLMENT"@"SEL$30")
      USE_NL(@"SEL$0C04A374" "BENEFIT"@"SEL$46")
      USE_NL(@"SEL$0C04A374" "AFFMEMBER"@"SEL$1")
      SWAP_JOIN_INPUTS(@"SEL$0C04A374" "ENROLLMENT"@"SEL$30")
      NO_ACCESS(@"SEL$3" "INFO"@"SEL$3")
      FULL(@"SEL$42" "T_SRC_ENNS"@"SEL$42")
      PQ_FILTER(@"SEL$42" SERIAL)
      FULL(@"SEL$35" "T_SRC_ENNS"@"SEL$35")
      PQ_FILTER(@"SEL$35" SERIAL)
      INDEX(@"SEL$5F185B4C" "T_ENNS_MASTERUSER"@"SEL$31" ("T_USR"."USR_ID"))
      INDEX(@"SEL$5F185B4C" "T_ENNS_SLAVEUSER"@"SEL$31" "IX_NVL_USR_MRGEMSTR_USR_ID")
      INDEX_RS_ASC(@"SEL$5F185B4C" "T_CURR_ENNS"@"SEL$32" "IX_ELNS_MEMBENLTDTDSNTDTSTTID")
      INDEX_RS_ASC(@"SEL$5F185B4C" "T_MAX_DISENROLLMENT_ENROLLMENT"@"SEL$33" ("T_ENNS"."ELNS_MEMB" "T_ENNS"."ELNS_ENLTDT"
              "T_ENNS"."ELNS_DSNTDT" "T_ENNS"."ELNS_ID"))
      LEADING(@"SEL$5F185B4C" "T_ENNS_MASTERUSER"@"SEL$31" "T_ENNS_SLAVEUSER"@"SEL$31" "T_CURR_ENNS"@"SEL$32"
              "T_MAX_DISENROLLMENT_ENROLLMENT"@"SEL$33")
      USE_NL(@"SEL$5F185B4C" "T_ENNS_SLAVEUSER"@"SEL$31")
      USE_NL(@"SEL$5F185B4C" "T_CURR_ENNS"@"SEL$32")
      USE_NL(@"SEL$5F185B4C" "T_MAX_DISENROLLMENT_ENROLLMENT"@"SEL$33")
      INDEX(@"SEL$CDBEA42D" "T_ENNS_MASTERUSER"@"SEL$36" ("T_USR"."USR_ID"))
      INDEX(@"SEL$CDBEA42D" "T_ENNS_SLAVEUSER"@"SEL$36" "IX_NVL_USR_MRGEMSTR_USR_ID")
      INDEX_RS_ASC(@"SEL$CDBEA42D" "T_CURR_ENNS"@"SEL$37" "IX_ELNS_MEMBENLTDTDSNTDTSTTID")
      INDEX_RS_ASC(@"SEL$CDBEA42D" "T_MAX_DISENROLLMENT_ENROLLMENT"@"SEL$38" ("T_ENNS"."ELNS_MEMB" "T_ENNS"."ELNS_ENLTDT"
              "T_ENNS"."ELNS_DSNTDT" "T_ENNS"."ELNS_ID"))
      LEADING(@"SEL$CDBEA42D" "T_ENNS_MASTERUSER"@"SEL$36" "T_ENNS_SLAVEUSER"@"SEL$36" "T_CURR_ENNS"@"SEL$37"
              "T_MAX_DISENROLLMENT_ENROLLMENT"@"SEL$38")
      USE_NL(@"SEL$CDBEA42D" "T_ENNS_SLAVEUSER"@"SEL$36")
      USE_NL(@"SEL$CDBEA42D" "T_CURR_ENNS"@"SEL$37")
      USE_NL(@"SEL$CDBEA42D" "T_MAX_DISENROLLMENT_ENROLLMENT"@"SEL$38")
      NO_ACCESS(@"SEL$6" "from$_subquery$_005"@"SEL$6")
      INDEX_RS_ASC(@"SEL$2D594895" "T"@"SEL$8" ("T_SENTTSK"."SETK_OBJ_STT"))
      INDEX_RS_ASC(@"SEL$2D594895" "SENDER"@"SEL$27" ("T_USR"."USR_ID"))
      INDEX_RS_ASC(@"SEL$2D594895" "MOD"@"SEL$25" ("T_USR"."USR_ID"))
      INDEX_RS_ASC(@"SEL$2D594895" "PROVIDER"@"SEL$23" ("T_USR"."USR_ID"))
      INDEX_RS_ASC(@"SEL$2D594895" "AUTH"@"SEL$21" ("T_UM_BASE"."UMBS_ID"))
      INDEX_RS_ASC(@"SEL$2D594895" "CASEORCM"@"SEL$19" ("T_CM_BASEBASE"."CMBB_ID"))
      INDEX_RS_ASC(@"SEL$2D594895" "REASON"@"SEL$17" ("T_DDL_ITEM"."DDLI_ID"))
      INDEX_RS_ASC(@"SEL$2D594895" "TASKTYPE"@"SEL$15" ("T_DDL_ITEM"."DDLI_ID"))
      INDEX_RS_ASC(@"SEL$2D594895" "ORIGCREATOR"@"SEL$13" ("T_USR"."USR_ID"))
      INDEX_RS_ASC(@"SEL$2D594895" "MEMBER"@"SEL$11" ("T_USR"."USR_ID"))
      INDEX_RS_ASC(@"SEL$2D594895" "PREVOWNER"@"SEL$9" ("T_USR"."USR_ID"))
      INDEX_RS_ASC(@"SEL$2D594895" "OWN"@"SEL$7" ("T_USR"."USR_ID"))
      LEADING(@"SEL$2D594895" "T"@"SEL$8" "SENDER"@"SEL$27" "MOD"@"SEL$25" "PROVIDER"@"SEL$23" "AUTH"@"SEL$21"
              "CASEORCM"@"SEL$19" "REASON"@"SEL$17" "TASKTYPE"@"SEL$15" "ORIGCREATOR"@"SEL$13" "MEMBER"@"SEL$11" "PREVOWNER"@"SEL$9"
              "OWN"@"SEL$7")
      USE_NL(@"SEL$2D594895" "SENDER"@"SEL$27")
      USE_NL(@"SEL$2D594895" "MOD"@"SEL$25")
      USE_NL(@"SEL$2D594895" "PROVIDER"@"SEL$23")
      USE_NL(@"SEL$2D594895" "AUTH"@"SEL$21")
      USE_NL(@"SEL$2D594895" "CASEORCM"@"SEL$19")
      USE_NL(@"SEL$2D594895" "REASON"@"SEL$17")
      USE_NL(@"SEL$2D594895" "TASKTYPE"@"SEL$15")
      USE_NL(@"SEL$2D594895" "ORIGCREATOR"@"SEL$13")
      USE_NL(@"SEL$2D594895" "MEMBER"@"SEL$11")
      USE_NL(@"SEL$2D594895" "PREVOWNER"@"SEL$9")
      USE_MERGE_CARTESIAN(@"SEL$2D594895" "OWN"@"SEL$7")
      INDEX_RS_ASC(@"SEL$5" "T_CM_BASEBASE"@"SEL$5" ("T_CM_BASEBASE"."CMBB_ID"))
      INDEX_RS_ASC(@"SEL$4" "T_UM_BASE"@"SEL$4" ("T_UM_BASE"."UMBS_ID"))
      END_OUTLINE_DATA
  */

Peeked Binds (identified by position):
--------------------------------------

   1 - :SYS_B_0 (NUMBER): 2
   2 - :1 (NUMBER): 10636254
   3 - :2 (NUMBER): 1
   4 - :3 (NUMBER): 3
   5 - :4 (NUMBER): 905
   6 - :5 (NUMBER): 906
   7 - :6 (NUMBER): 907
   8 - :7 (NUMBER): 908
   9 - :8 (NUMBER): 911
  10 - :9 (NUMBER): 912
  11 - :10 (NUMBER): 913
  12 - :SYS_B_1 (NUMBER): 500
  13 - :SYS_B_2 (VARCHAR2(30), CSID=178): '2020.10.06'
  14 - :SYS_B_3 (VARCHAR2(30), CSID=178): 'yyyy.MM.dd'

Note
-----
   - dynamic statistics used: dynamic sampling (level=2)
   - 6 Sql Plan Directives used for this statement

SQL_ID 0sjx29v99zfqc
--------------------
SELECT INFO_WITH_MEMBER_ID.*,     enrollment.ELNS_INSCPRSRGRP
ipgGroupId,     benefit.BENP_LWSTLVL_PRODCAT productCategoryId,
affMember.USR_FRSTNAM affiliatedMemberFirstName,
affMember.USR_LAS_NAM affiliatedMemberLastName FROM (   SELECT INFO.*,
   CASE     WHEN INFO.memberAffiliationId IS NOT NULL THEN
(INFO.memberAffiliationId)     WHEN INFO.authAffiliationId IS NOT NULL
THEN (SELECT UMBS_MEMB FROM T_UM_BASE WHERE
UMBS_ID=INFO.authAffiliationId)     WHEN
INFO.careManagementAffiliationId IS NOT NULL THEN (SELECT CMBS_MEMB
FROM T_CM_BASEBASE WHERE CMBB_ID=INFO.careManagementAffiliationId)
WHEN INFO.providerAffiliationId IS NOT NULL THEN
(INFO.providerAffiliationId)     ELSE (NULL)     END
affiliatedMemberId   FROM (   SELECT * FROM (     SELECT
T.SETK_ID AS id,         T.SETK_C4C_ID AS c4cId,         T.SETK_UNIVID
AS universalId,         taskType.TSKT_RCPTTYP AS categoryId,
T.SETK_TSK_TYP AS taskTypeId,         taskType.DDLI_LBL AS
taskTypeLabel,         T.SETK_TSK_NAM AS taskName,         T.SETK_SUBJ
AS subject,         T.SETK_CRTD AS createDate,         T.SETK_SENT AS
sentDate,         T.SETK_SRTD AS startedDate,
T.SETK_TSK_TIMG_STRTDT AS startDate,         T.SETK_TSK_TIMG_SCLDAT AS
startDateSeconds,         T.SETK_TSK_TIMG_DDLN_DT AS dueDate,
T.SETK_TSK_TIMG_DDLN_TIM_IN_DY AS dueDateSeconds,         T.SETK_OWNR
AS ownerId,         own.USR_FRSTNAM AS ownerFirstName,
own.USR_LAS_NAM AS ownerLastName,         own.CLASSTYPE AS ownerType,
      T.SETK_OBJ_STT AS status,         T.SETK_AFFN_MEMB AS
memberAffiliationId,         member.USR_C4C_ID AS memberC4cId,
member.USR_FRSTNAM AS memberFirstName,         member.USR_LAS_NAM AS
memberLastName,         T.SETK_AFFN_CM AS careManagementAffiliationId,
       caseOrCm.CMBB_C4C_ID AS caseOrCmC4cId,
T.SETK_AFFN_UM_EVNT AS authAffiliationId,         auth.UMBS_C4C_ID AS
authAffiliationC4cId,         T.SETK_AFFN_PVDR AS
providerAffiliationId,         provider.USR_C4C_ID AS providerC4cId,
     T.SETK_TSK_TIMG_SNLTDT AS startNoLaterThanDate,
T.SETK_CNCLRESN AS cancelReasonId,         T.SETK_ORIGCRTR AS
originalCreatorId,         origCreator.USR_FRSTNAM AS
originalCreatorFirstName,         origCreator.USR_LAS_NAM AS
originalCreatorLastName,         caseOrCm.CLASSTYPE AS
caseOrCmClasstype,         T.SETK_TSK_DSCN AS description,
T.SETK_CMPD AS completedDate,         T.SETK_LAS_ACT_TIM AS
lastActionDate,         mod.USR_FRSTNAM lastModifiedByFirstName,
 mod.USR_LAS_NAM lastModifiedByLastName,         T.SETK_PRVSOWNR AS
previousOwnerId,         prevOwner.USR_FRSTNAM AS
previousOwnerFirstName,         prevOwner.USR_LAS_NAM AS
previousOwnerLastName,         prevOwner.CLASSTYPE AS
previousOwnerType,         CASE             WHEN
T.SETK_TSK_TIMG_DDLN_DT IS NOT NULL THEN (T.SETK_TSK_TIMG_DDLN_DT)
       WHEN T.SETK_TSK_TIMG_STRTDT IS NOT NULL THEN
(T.SETK_TSK_TIMG_STRTDT)             WHEN T.SETK_TSK_TIMG_SNLTDT IS NOT
NULL THEN (T.SETK_TSK_TIMG_SNLTDT)             ELSE (NULL)         END
       filterDate,         sender.USR_FRSTNAM fromUserFirstName,
 sender.USR_LAS_NAM fromUserLastName,         T.SETK_RESCHEDULE_REASON
AS rescheduleReason,         reason.DDLI_LBL AS rescheduleReasonLabel,
       T.SETK_RESCHEDULE_COMMENT AS rescheduleComment       FROM
T_SENTTSK T       LEFT OUTER JOIN T_USR own ON own.USR_ID=T.SETK_OWNR
    LEFT OUTER JOIN T_USR prevOwner ON prevOwner.USR_ID=T.SETK_PRVSOWNR
      LEFT OUTER JOIN T_USR member ON member.USR_ID=T.SETK_AFFN_MEMB
   LEFT OUTER JOIN T_USR origCreator ON
origCreator.USR_ID=T.SETK_ORIGCRTR       LEFT OUTER JOIN T_DDL_ITEM
taskType ON taskType.DDLI_ID=T.SETK_TSK_TYP       LEFT OUTER JOIN
T_DDL_ITEM reason ON reason.DDLI_ID=T.SETK_RESCHEDULE_REASON       LEFT
OUTER JOIN T_CM_BASEBASE caseOrCm ON caseOrCm.CMBB_ID=T.SETK_AFFN_CM
   LEFT OUTER JOIN T_UM_BASE auth ON auth.UMBS_ID=T.SETK_AFFN_UM_EVNT
    LEFT OUTER JOIN T_USR provider

Plan hash value: 1592253080

--------------------------------------------------------------------------------------------------------------------------------
| Id  | Operation                                      | Name                          | Rows  | Bytes | Cost (%CPU)| Time     |
--------------------------------------------------------------------------------------------------------------------------------
|   0 | SELECT STATEMENT                               |                               |       |       |  1961K(100)|          |
|   1 |  TABLE ACCESS BY INDEX ROWID                   | T_UM_BASE                     |     1 |    12 |     1   (0)| 00:00:01 |
|   2 |   INDEX UNIQUE SCAN                            | PK_T_UM_BASE                  |     1 |       |     1   (0)| 00:00:01 |
|   3 |   TABLE ACCESS BY INDEX ROWID                  | T_CM_BASEBASE                 |     1 |    12 |     1   (0)| 00:00:01 |
|   4 |    INDEX UNIQUE SCAN                           | PK_T_CM_BASEBASE              |     1 |       |     1   (0)| 00:00:01 |
|   5 |  NESTED LOOPS OUTER                            |                               |     1 | 46913 |  1961K  (1)| 00:01:17 |
|   6 |   NESTED LOOPS OUTER                           |                               |     1 | 46901 |  1961K  (1)| 00:01:17 |
|   7 |    NESTED LOOPS OUTER                          |                               |     1 | 46873 |    16   (7)| 00:00:01 |
|   8 |     VIEW                                       |                               |     1 | 46851 |    15   (7)| 00:00:01 |
|   9 |      VIEW                                      |                               |     1 | 46838 |    13   (8)| 00:00:01 |
|  10 |       COUNT STOPKEY                            |                               |       |       |            |          |
|  11 |        VIEW                                    |                               |     1 | 46838 |    13   (8)| 00:00:01 |
|  12 |         SORT ORDER BY STOPKEY                  |                               |     1 |   780 |    13   (8)| 00:00:01 |
|  13 |          NESTED LOOPS OUTER                    |                               |     1 |   780 |    12   (0)| 00:00:01 |
|  14 |           NESTED LOOPS OUTER                   |                               |     1 |   758 |    11   (0)| 00:00:01 |
|  15 |            NESTED LOOPS OUTER                  |                               |     1 |   736 |    10   (0)| 00:00:01 |
|  16 |             NESTED LOOPS OUTER                 |                               |     1 |   700 |     9   (0)| 00:00:01 |
|  17 |              NESTED LOOPS OUTER                |                               |     1 |   678 |     8   (0)| 00:00:01 |
|  18 |               NESTED LOOPS OUTER               |                               |     1 |   643 |     7   (0)| 00:00:01 |
|  19 |                MERGE JOIN OUTER                |                               |     1 |   624 |     6   (0)| 00:00:01 |
|  20 |                 NESTED LOOPS OUTER             |                               |     1 |   588 |     5   (0)| 00:00:01 |
|  21 |                  NESTED LOOPS OUTER            |                               |     1 |   560 |     4   (0)| 00:00:01 |
|  22 |                   NESTED LOOPS OUTER           |                               |     1 |   542 |     3   (0)| 00:00:01 |
|  23 |                    NESTED LOOPS OUTER          |                               |     1 |   518 |     2   (0)| 00:00:01 |
|  24 |                     TABLE ACCESS BY INDEX ROWID| T_SENTTSK                     |     1 |   496 |     1   (0)| 00:00:01 |
|  25 |                      INDEX RANGE SCAN          | IX_SETK_OWNR                  |     1 |       |     1   (0)| 00:00:01 |
|  26 |                     TABLE ACCESS BY INDEX ROWID| T_DDL_ITEM                    |     1 |    22 |     1   (0)| 00:00:01 |
|  27 |                      INDEX UNIQUE SCAN         | PK_T_DDL_ITEM                 |     1 |       |     1   (0)| 00:00:01 |
|  28 |                    TABLE ACCESS BY INDEX ROWID | T_DDL_ITEM                    |     1 |    24 |     1   (0)| 00:00:01 |
|  29 |                     INDEX UNIQUE SCAN          | PK_T_DDL_ITEM                 |     1 |       |     1   (0)| 00:00:01 |
|  30 |                   TABLE ACCESS BY INDEX ROWID  | T_UM_BASE                     |     1 |    18 |     1   (0)| 00:00:01 |
|  31 |                    INDEX UNIQUE SCAN           | PK_T_UM_BASE                  |     1 |       |     1   (0)| 00:00:01 |
|  32 |                  TABLE ACCESS BY INDEX ROWID   | T_CM_BASEBASE                 |     1 |    28 |     1   (0)| 00:00:01 |
|  33 |                   INDEX UNIQUE SCAN            | PK_T_CM_BASEBASE              |     1 |       |     1   (0)| 00:00:01 |
|  34 |                 BUFFER SORT                    |                               |     1 |    36 |     5   (0)| 00:00:01 |
|  35 |                  TABLE ACCESS BY INDEX ROWID   | T_USR                         |     1 |    36 |     1   (0)| 00:00:01 |
|  36 |                   INDEX UNIQUE SCAN            | PK_T_USR                      |     1 |       |     1   (0)| 00:00:01 |
|  37 |                TABLE ACCESS BY INDEX ROWID     | T_USR                         |     1 |    19 |     1   (0)| 00:00:01 |
|  38 |                 INDEX UNIQUE SCAN              | PK_T_USR                      |     1 |       |     1   (0)| 00:00:01 |
|  39 |               TABLE ACCESS BY INDEX ROWID      | T_USR                         |     1 |    35 |     1   (0)| 00:00:01 |
|  40 |                INDEX UNIQUE SCAN               | PK_T_USR                      |     1 |       |     1   (0)| 00:00:01 |
|  41 |              TABLE ACCESS BY INDEX ROWID       | T_USR                         |     1 |    22 |     1   (0)| 00:00:01 |
|  42 |               INDEX UNIQUE SCAN                | PK_T_USR                      |     1 |       |     1   (0)| 00:00:01 |
|  43 |             TABLE ACCESS BY INDEX ROWID        | T_USR                         |     1 |    36 |     1   (0)| 00:00:01 |
|  44 |              INDEX UNIQUE SCAN                 | PK_T_USR                      |     1 |       |     1   (0)| 00:00:01 |
|  45 |            TABLE ACCESS BY INDEX ROWID         | T_USR                         |     1 |    22 |     1   (0)| 00:00:01 |
|  46 |             INDEX UNIQUE SCAN                  | PK_T_USR                      |     1 |       |     1   (0)| 00:00:01 |
|  47 |           TABLE ACCESS BY INDEX ROWID          | T_USR                         |     1 |    22 |     1   (0)| 00:00:01 |
|  48 |            INDEX UNIQUE SCAN                   | PK_T_USR                      |     1 |       |     1   (0)| 00:00:01 |
|  49 |     TABLE ACCESS BY INDEX ROWID                | T_USR                         |     1 |    22 |     1   (0)| 00:00:01 |
|  50 |      INDEX UNIQUE SCAN                         | PK_T_USR                      |     1 |       |     1   (0)| 00:00:01 |
|  51 |    VIEW                                        | V_CURR_ENROLLMENT             |     1 |    28 |  1961K  (1)| 00:01:17 |
|  52 |     SORT UNIQUE                                |                               |     2 |  1092 |  1961K  (1)| 00:01:17 |
|  53 |      UNION ALL PUSHED PREDICATE                |                               |       |       |            |          |
|  54 |       FILTER                                   |                               |       |       |            |          |
|  55 |        TABLE ACCESS BY INDEX ROWID BATCHED     | T_ENNS                        |     1 |   273 |     1   (0)| 00:00:01 |
|  56 |         INDEX RANGE SCAN                       | IX_ELNS_MEMBENLTDTDSNTDTID    |     1 |       |     1   (0)| 00:00:01 |
|  57 |          SORT GROUP BY NOSORT                  |                               |     1 |    72 |     4   (0)| 00:00:01 |
|  58 |           NESTED LOOPS OUTER                   |                               |     1 |    72 |     4   (0)| 00:00:01 |
|  59 |            NESTED LOOPS                        |                               |     1 |    50 |     3   (0)| 00:00:01 |
|  60 |             NESTED LOOPS                       |                               |     1 |    12 |     2   (0)| 00:00:01 |
|  61 |              INDEX UNIQUE SCAN                 | PK_T_USR                      |     1 |     6 |     1   (0)| 00:00:01 |
|  62 |              INDEX RANGE SCAN                  | IX_NVL_USR_MRGEMSTR_USR_ID    |     1 |     6 |     1   (0)| 00:00:01 |
|  63 |             TABLE ACCESS BY INDEX ROWID        | T_ENNS                        |     1 |    38 |     1   (0)| 00:00:01 |
|  64 |              INDEX RANGE SCAN                  | IX_ELNS_MEMBENLTDTDSNTDTSTTID |     2 |       |     1   (0)| 00:00:01 |
|  65 |            TABLE ACCESS BY INDEX ROWID         | T_ENNS                        |     1 |    22 |     1   (0)| 00:00:01 |
|  66 |             INDEX RANGE SCAN                   | IX_ELNS_MEMBENLTDTDSNTDTID    |     1 |       |     1   (0)| 00:00:01 |
|  67 |        FAST DUAL                               |                               |     1 |       |     2   (0)| 00:00:01 |
|  68 |       FILTER                                   |                               |       |       |            |          |
|  69 |        TABLE ACCESS BY INDEX ROWID BATCHED     | T_ENNS                        |     1 |   273 |     1   (0)| 00:00:01 |
|  70 |         INDEX RANGE SCAN                       | IX_ELNS_MEMBENLTDTDSNTDTID    |     1 |       |     1   (0)| 00:00:01 |
|  71 |          SORT GROUP BY NOSORT                  |                               |     1 |    72 |     4   (0)| 00:00:01 |
|  72 |           NESTED LOOPS OUTER                   |                               |     1 |    72 |     4   (0)| 00:00:01 |
|  73 |            NESTED LOOPS                        |                               |     1 |    50 |     3   (0)| 00:00:01 |
|  74 |             NESTED LOOPS                       |                               |     1 |    12 |     2   (0)| 00:00:01 |
|  75 |              INDEX UNIQUE SCAN                 | PK_T_USR                      |     1 |     6 |     1   (0)| 00:00:01 |
|  76 |              INDEX RANGE SCAN                  | IX_NVL_USR_MRGEMSTR_USR_ID    |     1 |     6 |     1   (0)| 00:00:01 |
|  77 |             TABLE ACCESS BY INDEX ROWID        | T_ENNS                        |     1 |    38 |     1   (0)| 00:00:01 |
|  78 |              INDEX RANGE SCAN                  | IX_ELNS_MEMBENLTDTDSNTDTSTTID |     2 |       |     1   (0)| 00:00:01 |
|  79 |            TABLE ACCESS BY INDEX ROWID         | T_ENNS                        |     1 |    22 |     1   (0)| 00:00:01 |
|  80 |             INDEX RANGE SCAN                   | IX_ELNS_MEMBENLTDTDSNTDTID    |     1 |       |     1   (0)| 00:00:01 |
|  81 |        FAST DUAL                               |                               |     1 |       |     2   (0)| 00:00:01 |
|  82 |   TABLE ACCESS BY INDEX ROWID                  | T_BENSPKG                     |     1 |    12 |     1   (0)| 00:00:01 |
|  83 |    INDEX UNIQUE SCAN                           | PK_T_BENSPKG                  |     1 |       |     1   (0)| 00:00:01 |
--------------------------------------------------------------------------------------------------------------------------------

Query Block Name / Object Alias (identified by operation id):
-------------------------------------------------------------

   1 - SEL$4        / T_UM_BASE@SEL$4
   2 - SEL$4        / T_UM_BASE@SEL$4
   3 - SEL$5        / T_CM_BASEBASE@SEL$5
   4 - SEL$5        / T_CM_BASEBASE@SEL$5
   5 - SEL$0C04A374
   8 - SEL$3        / INFO_WITH_MEMBER_ID@SEL$2
   9 - SEL$6        / INFO@SEL$3
  10 - SEL$6
  11 - SEL$2D594895 / from$_subquery$_005@SEL$6
  12 - SEL$2D594895
  24 - SEL$2D594895 / T@SEL$8
  25 - SEL$2D594895 / T@SEL$8
  26 - SEL$2D594895 / REASON@SEL$17
  27 - SEL$2D594895 / REASON@SEL$17
  28 - SEL$2D594895 / TASKTYPE@SEL$15
  29 - SEL$2D594895 / TASKTYPE@SEL$15
  30 - SEL$2D594895 / AUTH@SEL$21
  31 - SEL$2D594895 / AUTH@SEL$21
  32 - SEL$2D594895 / CASEORCM@SEL$19
  33 - SEL$2D594895 / CASEORCM@SEL$19
  35 - SEL$2D594895 / OWN@SEL$7
  36 - SEL$2D594895 / OWN@SEL$7
  37 - SEL$2D594895 / PROVIDER@SEL$23
  38 - SEL$2D594895 / PROVIDER@SEL$23
  39 - SEL$2D594895 / MEMBER@SEL$11
  40 - SEL$2D594895 / MEMBER@SEL$11
  41 - SEL$2D594895 / SENDER@SEL$27
  42 - SEL$2D594895 / SENDER@SEL$27
  43 - SEL$2D594895 / PREVOWNER@SEL$9
  44 - SEL$2D594895 / PREVOWNER@SEL$9
  45 - SEL$2D594895 / ORIGCREATOR@SEL$13
  46 - SEL$2D594895 / ORIGCREATOR@SEL$13
  47 - SEL$2D594895 / MOD@SEL$25
  48 - SEL$2D594895 / MOD@SEL$25
  49 - SEL$0C04A374 / AFFMEMBER@SEL$1
  50 - SEL$0C04A374 / AFFMEMBER@SEL$1
  51 - SET$5715CE2E / ENROLLMENT@SEL$30
  52 - SET$5715CE2E
  54 - SEL$ECD9DCF1
  55 - SEL$ECD9DCF1 / T_SRC_ENNS@SEL$35
  56 - SEL$ECD9DCF1 / T_SRC_ENNS@SEL$35
  57 - SEL$5F185B4C
  61 - SEL$5F185B4C / T_ENNS_MASTERUSER@SEL$31
  62 - SEL$5F185B4C / T_ENNS_SLAVEUSER@SEL$31
  63 - SEL$5F185B4C / T_CURR_ENNS@SEL$32
  64 - SEL$5F185B4C / T_CURR_ENNS@SEL$32
  65 - SEL$5F185B4C / T_MAX_DISENROLLMENT_ENROLLMENT@SEL$33
  66 - SEL$5F185B4C / T_MAX_DISENROLLMENT_ENROLLMENT@SEL$33
  67 - SEL$40       / DUAL@SEL$40
  68 - SEL$0D115A56
  69 - SEL$0D115A56 / T_SRC_ENNS@SEL$42
  70 - SEL$0D115A56 / T_SRC_ENNS@SEL$42
  71 - SEL$CDBEA42D
  75 - SEL$CDBEA42D / T_ENNS_MASTERUSER@SEL$36
  76 - SEL$CDBEA42D / T_ENNS_SLAVEUSER@SEL$36
  77 - SEL$CDBEA42D / T_CURR_ENNS@SEL$37
  78 - SEL$CDBEA42D / T_CURR_ENNS@SEL$37
  79 - SEL$CDBEA42D / T_MAX_DISENROLLMENT_ENROLLMENT@SEL$38
  80 - SEL$CDBEA42D / T_MAX_DISENROLLMENT_ENROLLMENT@SEL$38
  81 - SEL$43       / DUAL@SEL$43
  82 - SEL$0C04A374 / BENEFIT@SEL$46
  83 - SEL$0C04A374 / BENEFIT@SEL$46

Outline Data
-------------

  /*+
      BEGIN_OUTLINE_DATA
      IGNORE_OPTIM_EMBEDDED_HINTS
      OPTIMIZER_FEATURES_ENABLE('12.1.0.2')
      DB_VERSION('12.1.0.2')
      OPT_PARAM('optimizer_index_cost_adj' 1)
      OPT_PARAM('optimizer_index_caching' 90)
      ALL_ROWS
      OUTLINE_LEAF(@"SEL$4")
      OUTLINE_LEAF(@"SEL$5")
      OUTLINE_LEAF(@"SEL$2D594895")
      MERGE(@"SEL$2DE0C8FF")
      OUTLINE_LEAF(@"SEL$6")
      OUTLINE_LEAF(@"SEL$3")
      OUTLINE_LEAF(@"SEL$40")
      OUTLINE_LEAF(@"SEL$5F185B4C")
      MERGE(@"SEL$6B15F4E0")
      OUTLINE_LEAF(@"SEL$ECD9DCF1")
      OUTLINE_LEAF(@"SEL$43")
      OUTLINE_LEAF(@"SEL$CDBEA42D")
      MERGE(@"SEL$57BA8109")
      OUTLINE_LEAF(@"SEL$0D115A56")
      OUTLINE_LEAF(@"SET$5715CE2E")
      PUSH_PRED(@"SEL$0C04A374" "ENROLLMENT"@"SEL$30" 3)
      OUTLINE_LEAF(@"SEL$0C04A374")
      MERGE(@"SEL$BC270230")
      OUTLINE(@"SEL$29")
      OUTLINE(@"SEL$2DE0C8FF")
      MERGE(@"SEL$27")
      MERGE(@"SEL$3B95C159")
      OUTLINE(@"SEL$41")
      OUTLINE(@"SEL$6B15F4E0")
      MERGE(@"SEL$78FE80F3")
      OUTLINE(@"SEL$35")
      OUTLINE(@"SEL$44")
      OUTLINE(@"SEL$57BA8109")
      MERGE(@"SEL$516D3A01")
      OUTLINE(@"SEL$42")
      OUTLINE(@"SET$1")
      OUTLINE(@"SEL$0C04A374")
      MERGE(@"SEL$BC270230")
      OUTLINE(@"SEL$48")
      OUTLINE(@"SEL$BC270230")
      MERGE(@"SEL$409758B4")
      MERGE(@"SEL$46")
      OUTLINE(@"SEL$28")
      OUTLINE(@"SEL$27")
      OUTLINE(@"SEL$3B95C159")
      MERGE(@"SEL$25")
      MERGE(@"SEL$6D003707")
      OUTLINE(@"SEL$D570F096")
      MERGE(@"SEL$33")
      OUTLINE(@"SEL$78FE80F3")
      MERGE(@"SEL$31")
      OUTLINE(@"SEL$067B9A3E")
      MERGE(@"SEL$38")
      OUTLINE(@"SEL$516D3A01")
      MERGE(@"SEL$36")
      OUTLINE(@"SEL$47")
      OUTLINE(@"SEL$409758B4")
      MERGE(@"SEL$30")
      MERGE(@"SEL$58A6D7F6")
      OUTLINE(@"SEL$46")
      OUTLINE(@"SEL$26")
      OUTLINE(@"SEL$25")
      OUTLINE(@"SEL$6D003707")
      MERGE(@"SEL$23")
      MERGE(@"SEL$23FAB6D1")
      OUTLINE(@"SEL$34")
      OUTLINE(@"SEL$33")
      OUTLINE(@"SEL$32")
      OUTLINE(@"SEL$31")
      OUTLINE(@"SEL$39")
      OUTLINE(@"SEL$38")
      OUTLINE(@"SEL$37")
      OUTLINE(@"SEL$36")
      OUTLINE(@"SEL$45")
      OUTLINE(@"SEL$30")
      OUTLINE(@"SEL$58A6D7F6")
      MERGE(@"SEL$1")
      OUTLINE(@"SEL$24")
      OUTLINE(@"SEL$23")
      OUTLINE(@"SEL$23FAB6D1")
      MERGE(@"SEL$21")
      MERGE(@"SEL$97A30ECD")
      OUTLINE(@"SEL$2")
      OUTLINE(@"SEL$1")
      OUTLINE(@"SEL$22")
      OUTLINE(@"SEL$21")
      OUTLINE(@"SEL$97A30ECD")
      MERGE(@"SEL$19")
      MERGE(@"SEL$CF22A5CA")
      OUTLINE(@"SEL$20")
      OUTLINE(@"SEL$19")
      OUTLINE(@"SEL$CF22A5CA")
      MERGE(@"SEL$17")
      MERGE(@"SEL$FF97D7FC")
      OUTLINE(@"SEL$18")
      OUTLINE(@"SEL$17")
      OUTLINE(@"SEL$FF97D7FC")
      MERGE(@"SEL$15")
      MERGE(@"SEL$DE5D921C")
      OUTLINE(@"SEL$16")
      OUTLINE(@"SEL$15")
      OUTLINE(@"SEL$DE5D921C")
      MERGE(@"SEL$01DD7F33")
      MERGE(@"SEL$13")
      OUTLINE(@"SEL$14")
      OUTLINE(@"SEL$01DD7F33")
      MERGE(@"SEL$11")
      MERGE(@"SEL$BDFBA881")
      OUTLINE(@"SEL$13")
      OUTLINE(@"SEL$12")
      OUTLINE(@"SEL$11")
      OUTLINE(@"SEL$BDFBA881")
      MERGE(@"SEL$9")
      MERGE(@"SEL$FC56C448")
      OUTLINE(@"SEL$10")
      OUTLINE(@"SEL$9")
      OUTLINE(@"SEL$FC56C448")
      MERGE(@"SEL$7")
      OUTLINE(@"SEL$8")
      OUTLINE(@"SEL$7")
      NO_ACCESS(@"SEL$0C04A374" "INFO_WITH_MEMBER_ID"@"SEL$2")
      INDEX_RS_ASC(@"SEL$0C04A374" "AFFMEMBER"@"SEL$1" ("T_USR"."USR_ID"))
      NO_ACCESS(@"SEL$0C04A374" "ENROLLMENT"@"SEL$30")
      INDEX_RS_ASC(@"SEL$0C04A374" "BENEFIT"@"SEL$46" ("T_BENSPKG"."BENP_ID"))
      LEADING(@"SEL$0C04A374" "INFO_WITH_MEMBER_ID"@"SEL$2" "AFFMEMBER"@"SEL$1" "ENROLLMENT"@"SEL$30" "BENEFIT"@"SEL$46")
      USE_NL(@"SEL$0C04A374" "AFFMEMBER"@"SEL$1")
      USE_NL(@"SEL$0C04A374" "ENROLLMENT"@"SEL$30")
      USE_NL(@"SEL$0C04A374" "BENEFIT"@"SEL$46")
      NO_ACCESS(@"SEL$3" "INFO"@"SEL$3")
      INDEX_RS_ASC(@"SEL$0D115A56" "T_SRC_ENNS"@"SEL$42" ("T_ENNS"."ELNS_MEMB" "T_ENNS"."ELNS_ENLTDT" "T_ENNS"."ELNS_DSNTDT"
              "T_ENNS"."ELNS_ID"))
      BATCH_TABLE_ACCESS_BY_ROWID(@"SEL$0D115A56" "T_SRC_ENNS"@"SEL$42")
      PUSH_SUBQ(@"SEL$CDBEA42D")
      INDEX_RS_ASC(@"SEL$ECD9DCF1" "T_SRC_ENNS"@"SEL$35" ("T_ENNS"."ELNS_MEMB" "T_ENNS"."ELNS_ENLTDT" "T_ENNS"."ELNS_DSNTDT"
              "T_ENNS"."ELNS_ID"))
      BATCH_TABLE_ACCESS_BY_ROWID(@"SEL$ECD9DCF1" "T_SRC_ENNS"@"SEL$35")
      PUSH_SUBQ(@"SEL$5F185B4C")
      INDEX(@"SEL$5F185B4C" "T_ENNS_MASTERUSER"@"SEL$31" ("T_USR"."USR_ID"))
      INDEX(@"SEL$5F185B4C" "T_ENNS_SLAVEUSER"@"SEL$31" "IX_NVL_USR_MRGEMSTR_USR_ID")
      INDEX_RS_ASC(@"SEL$5F185B4C" "T_CURR_ENNS"@"SEL$32" "IX_ELNS_MEMBENLTDTDSNTDTSTTID")
      INDEX_RS_ASC(@"SEL$5F185B4C" "T_MAX_DISENROLLMENT_ENROLLMENT"@"SEL$33" ("T_ENNS"."ELNS_MEMB" "T_ENNS"."ELNS_ENLTDT"
              "T_ENNS"."ELNS_DSNTDT" "T_ENNS"."ELNS_ID"))
      LEADING(@"SEL$5F185B4C" "T_ENNS_MASTERUSER"@"SEL$31" "T_ENNS_SLAVEUSER"@"SEL$31" "T_CURR_ENNS"@"SEL$32"
              "T_MAX_DISENROLLMENT_ENROLLMENT"@"SEL$33")
      USE_NL(@"SEL$5F185B4C" "T_ENNS_SLAVEUSER"@"SEL$31")
      USE_NL(@"SEL$5F185B4C" "T_CURR_ENNS"@"SEL$32")
      USE_NL(@"SEL$5F185B4C" "T_MAX_DISENROLLMENT_ENROLLMENT"@"SEL$33")
      INDEX(@"SEL$CDBEA42D" "T_ENNS_MASTERUSER"@"SEL$36" ("T_USR"."USR_ID"))
      INDEX(@"SEL$CDBEA42D" "T_ENNS_SLAVEUSER"@"SEL$36" "IX_NVL_USR_MRGEMSTR_USR_ID")
      INDEX_RS_ASC(@"SEL$CDBEA42D" "T_CURR_ENNS"@"SEL$37" "IX_ELNS_MEMBENLTDTDSNTDTSTTID")
      INDEX_RS_ASC(@"SEL$CDBEA42D" "T_MAX_DISENROLLMENT_ENROLLMENT"@"SEL$38" ("T_ENNS"."ELNS_MEMB" "T_ENNS"."ELNS_ENLTDT"
              "T_ENNS"."ELNS_DSNTDT" "T_ENNS"."ELNS_ID"))
      LEADING(@"SEL$CDBEA42D" "T_ENNS_MASTERUSER"@"SEL$36" "T_ENNS_SLAVEUSER"@"SEL$36" "T_CURR_ENNS"@"SEL$37"
              "T_MAX_DISENROLLMENT_ENROLLMENT"@"SEL$38")
      USE_NL(@"SEL$CDBEA42D" "T_ENNS_SLAVEUSER"@"SEL$36")
      USE_NL(@"SEL$CDBEA42D" "T_CURR_ENNS"@"SEL$37")
      USE_NL(@"SEL$CDBEA42D" "T_MAX_DISENROLLMENT_ENROLLMENT"@"SEL$38")
      NO_ACCESS(@"SEL$6" "from$_subquery$_005"@"SEL$6")
      INDEX_RS_ASC(@"SEL$2D594895" "T"@"SEL$8" ("T_SENTTSK"."SETK_OWNR"))
      INDEX_RS_ASC(@"SEL$2D594895" "REASON"@"SEL$17" ("T_DDL_ITEM"."DDLI_ID"))
      INDEX_RS_ASC(@"SEL$2D594895" "TASKTYPE"@"SEL$15" ("T_DDL_ITEM"."DDLI_ID"))
      INDEX_RS_ASC(@"SEL$2D594895" "AUTH"@"SEL$21" ("T_UM_BASE"."UMBS_ID"))
      INDEX_RS_ASC(@"SEL$2D594895" "CASEORCM"@"SEL$19" ("T_CM_BASEBASE"."CMBB_ID"))
      INDEX_RS_ASC(@"SEL$2D594895" "OWN"@"SEL$7" ("T_USR"."USR_ID"))
      INDEX_RS_ASC(@"SEL$2D594895" "PROVIDER"@"SEL$23" ("T_USR"."USR_ID"))
      INDEX_RS_ASC(@"SEL$2D594895" "MEMBER"@"SEL$11" ("T_USR"."USR_ID"))
      INDEX_RS_ASC(@"SEL$2D594895" "SENDER"@"SEL$27" ("T_USR"."USR_ID"))
      INDEX_RS_ASC(@"SEL$2D594895" "PREVOWNER"@"SEL$9" ("T_USR"."USR_ID"))
      INDEX_RS_ASC(@"SEL$2D594895" "ORIGCREATOR"@"SEL$13" ("T_USR"."USR_ID"))
      INDEX_RS_ASC(@"SEL$2D594895" "MOD"@"SEL$25" ("T_USR"."USR_ID"))
      LEADING(@"SEL$2D594895" "T"@"SEL$8" "REASON"@"SEL$17" "TASKTYPE"@"SEL$15" "AUTH"@"SEL$21" "CASEORCM"@"SEL$19"
              "OWN"@"SEL$7" "PROVIDER"@"SEL$23" "MEMBER"@"SEL$11" "SENDER"@"SEL$27" "PREVOWNER"@"SEL$9" "ORIGCREATOR"@"SEL$13"
              "MOD"@"SEL$25")
      USE_NL(@"SEL$2D594895" "REASON"@"SEL$17")
      USE_NL(@"SEL$2D594895" "TASKTYPE"@"SEL$15")
      USE_NL(@"SEL$2D594895" "AUTH"@"SEL$21")
      USE_NL(@"SEL$2D594895" "CASEORCM"@"SEL$19")
      USE_MERGE_CARTESIAN(@"SEL$2D594895" "OWN"@"SEL$7")
      USE_NL(@"SEL$2D594895" "PROVIDER"@"SEL$23")
      USE_NL(@"SEL$2D594895" "MEMBER"@"SEL$11")
      USE_NL(@"SEL$2D594895" "SENDER"@"SEL$27")
      USE_NL(@"SEL$2D594895" "PREVOWNER"@"SEL$9")
      USE_NL(@"SEL$2D594895" "ORIGCREATOR"@"SEL$13")
      USE_NL(@"SEL$2D594895" "MOD"@"SEL$25")
      INDEX_RS_ASC(@"SEL$5" "T_CM_BASEBASE"@"SEL$5" ("T_CM_BASEBASE"."CMBB_ID"))
      INDEX_RS_ASC(@"SEL$4" "T_UM_BASE"@"SEL$4" ("T_UM_BASE"."UMBS_ID"))
      END_OUTLINE_DATA
  */

Peeked Binds (identified by position):
--------------------------------------

   1 - :SYS_B_0 (NUMBER): 2
   2 - :1 (NUMBER): 11506872
   3 - :2 (NUMBER): 1
   4 - :3 (NUMBER): 3
   5 - :4 (NUMBER): 905
   6 - :5 (NUMBER): 906
   7 - :6 (NUMBER): 907
   8 - :7 (NUMBER): 908
   9 - :8 (NUMBER): 911
  10 - :9 (NUMBER): 912
  11 - :10 (NUMBER): 913
  12 - :SYS_B_1 (NUMBER): 500
  13 - :SYS_B_2 (VARCHAR2(30), CSID=178): '2020.11.24'
  14 - :SYS_B_3 (VARCHAR2(30), CSID=178): 'yyyy.MM.dd'

Note
-----
   - dynamic statistics used: dynamic sampling (level=2)
   - 2 Sql Plan Directives used for this statement

SQL_ID 0sjx29v99zfqc
--------------------
SELECT INFO_WITH_MEMBER_ID.*,     enrollment.ELNS_INSCPRSRGRP
ipgGroupId,     benefit.BENP_LWSTLVL_PRODCAT productCategoryId,
affMember.USR_FRSTNAM affiliatedMemberFirstName,
affMember.USR_LAS_NAM affiliatedMemberLastName FROM (   SELECT INFO.*,
   CASE     WHEN INFO.memberAffiliationId IS NOT NULL THEN
(INFO.memberAffiliationId)     WHEN INFO.authAffiliationId IS NOT NULL
THEN (SELECT UMBS_MEMB FROM T_UM_BASE WHERE
UMBS_ID=INFO.authAffiliationId)     WHEN
INFO.careManagementAffiliationId IS NOT NULL THEN (SELECT CMBS_MEMB
FROM T_CM_BASEBASE WHERE CMBB_ID=INFO.careManagementAffiliationId)
WHEN INFO.providerAffiliationId IS NOT NULL THEN
(INFO.providerAffiliationId)     ELSE (NULL)     END
affiliatedMemberId   FROM (   SELECT * FROM (     SELECT
T.SETK_ID AS id,         T.SETK_C4C_ID AS c4cId,         T.SETK_UNIVID
AS universalId,         taskType.TSKT_RCPTTYP AS categoryId,
T.SETK_TSK_TYP AS taskTypeId,         taskType.DDLI_LBL AS
taskTypeLabel,         T.SETK_TSK_NAM AS taskName,         T.SETK_SUBJ
AS subject,         T.SETK_CRTD AS createDate,         T.SETK_SENT AS
sentDate,         T.SETK_SRTD AS startedDate,
T.SETK_TSK_TIMG_STRTDT AS startDate,         T.SETK_TSK_TIMG_SCLDAT AS
startDateSeconds,         T.SETK_TSK_TIMG_DDLN_DT AS dueDate,
T.SETK_TSK_TIMG_DDLN_TIM_IN_DY AS dueDateSeconds,         T.SETK_OWNR
AS ownerId,         own.USR_FRSTNAM AS ownerFirstName,
own.USR_LAS_NAM AS ownerLastName,         own.CLASSTYPE AS ownerType,
      T.SETK_OBJ_STT AS status,         T.SETK_AFFN_MEMB AS
memberAffiliationId,         member.USR_C4C_ID AS memberC4cId,
member.USR_FRSTNAM AS memberFirstName,         member.USR_LAS_NAM AS
memberLastName,         T.SETK_AFFN_CM AS careManagementAffiliationId,
       caseOrCm.CMBB_C4C_ID AS caseOrCmC4cId,
T.SETK_AFFN_UM_EVNT AS authAffiliationId,         auth.UMBS_C4C_ID AS
authAffiliationC4cId,         T.SETK_AFFN_PVDR AS
providerAffiliationId,         provider.USR_C4C_ID AS providerC4cId,
     T.SETK_TSK_TIMG_SNLTDT AS startNoLaterThanDate,
T.SETK_CNCLRESN AS cancelReasonId,         T.SETK_ORIGCRTR AS
originalCreatorId,         origCreator.USR_FRSTNAM AS
originalCreatorFirstName,         origCreator.USR_LAS_NAM AS
originalCreatorLastName,         caseOrCm.CLASSTYPE AS
caseOrCmClasstype,         T.SETK_TSK_DSCN AS description,
T.SETK_CMPD AS completedDate,         T.SETK_LAS_ACT_TIM AS
lastActionDate,         mod.USR_FRSTNAM lastModifiedByFirstName,
 mod.USR_LAS_NAM lastModifiedByLastName,         T.SETK_PRVSOWNR AS
previousOwnerId,         prevOwner.USR_FRSTNAM AS
previousOwnerFirstName,         prevOwner.USR_LAS_NAM AS
previousOwnerLastName,         prevOwner.CLASSTYPE AS
previousOwnerType,         CASE             WHEN
T.SETK_TSK_TIMG_DDLN_DT IS NOT NULL THEN (T.SETK_TSK_TIMG_DDLN_DT)
       WHEN T.SETK_TSK_TIMG_STRTDT IS NOT NULL THEN
(T.SETK_TSK_TIMG_STRTDT)             WHEN T.SETK_TSK_TIMG_SNLTDT IS NOT
NULL THEN (T.SETK_TSK_TIMG_SNLTDT)             ELSE (NULL)         END
       filterDate,         sender.USR_FRSTNAM fromUserFirstName,
 sender.USR_LAS_NAM fromUserLastName,         T.SETK_RESCHEDULE_REASON
AS rescheduleReason,         reason.DDLI_LBL AS rescheduleReasonLabel,
       T.SETK_RESCHEDULE_COMMENT AS rescheduleComment       FROM
T_SENTTSK T       LEFT OUTER JOIN T_USR own ON own.USR_ID=T.SETK_OWNR
    LEFT OUTER JOIN T_USR prevOwner ON prevOwner.USR_ID=T.SETK_PRVSOWNR
      LEFT OUTER JOIN T_USR member ON member.USR_ID=T.SETK_AFFN_MEMB
   LEFT OUTER JOIN T_USR origCreator ON
origCreator.USR_ID=T.SETK_ORIGCRTR       LEFT OUTER JOIN T_DDL_ITEM
taskType ON taskType.DDLI_ID=T.SETK_TSK_TYP       LEFT OUTER JOIN
T_DDL_ITEM reason ON reason.DDLI_ID=T.SETK_RESCHEDULE_REASON       LEFT
OUTER JOIN T_CM_BASEBASE caseOrCm ON caseOrCm.CMBB_ID=T.SETK_AFFN_CM
   LEFT OUTER JOIN T_UM_BASE auth ON auth.UMBS_ID=T.SETK_AFFN_UM_EVNT
    LEFT OUTER JOIN T_USR provider

Plan hash value: 1705091248

---------------------------------------------------------------------------------------------------------------------------------
| Id  | Operation                                       | Name                          | Rows  | Bytes | Cost (%CPU)| Time     |
---------------------------------------------------------------------------------------------------------------------------------
|   0 | SELECT STATEMENT                                |                               |       |       |  2259K(100)|          |
|   1 |  TABLE ACCESS BY INDEX ROWID                    | T_UM_BASE                     |     1 |    12 |     1   (0)| 00:00:01 |
|   2 |   INDEX UNIQUE SCAN                             | PK_T_UM_BASE                  |     1 |       |     1   (0)| 00:00:01 |
|   3 |   TABLE ACCESS BY INDEX ROWID                   | T_CM_BASEBASE                 |     1 |    12 |     1   (0)| 00:00:01 |
|   4 |    INDEX UNIQUE SCAN                            | PK_T_CM_BASEBASE              |     1 |       |     1   (0)| 00:00:01 |
|   5 |  NESTED LOOPS OUTER                             |                               |    96 |  4399K|  2259K  (1)| 00:01:29 |
|   6 |   NESTED LOOPS OUTER                            |                               |    96 |  4397K|  2259K  (1)| 00:01:29 |
|   7 |    HASH JOIN RIGHT OUTER                        |                               |    96 |  4395K|  2259K  (1)| 00:01:29 |
|   8 |     VIEW                                        | V_CURR_ENROLLMENT             |     2 |    78 |  2259K  (1)| 00:01:29 |
|   9 |      SORT UNIQUE                                |                               |     2 |  1092 |  2259K  (1)| 00:01:29 |
|  10 |       UNION-ALL                                 |                               |       |       |            |          |
|  11 |        FILTER                                   |                               |       |       |            |          |
|  12 |         FILTER                                  |                               |       |       |            |          |
|  13 |          TABLE ACCESS STORAGE FULL              | T_ENNS                        |   245K|    64M|   160K  (1)| 00:00:07 |
|  14 |          FAST DUAL                              |                               |     1 |       |     2   (0)| 00:00:01 |
|  15 |         SORT GROUP BY NOSORT                    |                               |     1 |    72 |     4   (0)| 00:00:01 |
|  16 |          NESTED LOOPS OUTER                     |                               |     1 |    72 |     4   (0)| 00:00:01 |
|  17 |           NESTED LOOPS                          |                               |     1 |    50 |     3   (0)| 00:00:01 |
|  18 |            NESTED LOOPS                         |                               |     1 |    12 |     2   (0)| 00:00:01 |
|  19 |             INDEX UNIQUE SCAN                   | PK_T_USR                      |     1 |     6 |     1   (0)| 00:00:01 |
|  20 |             INDEX RANGE SCAN                    | IX_NVL_USR_MRGEMSTR_USR_ID    |     1 |     6 |     1   (0)| 00:00:01 |
|  21 |            TABLE ACCESS BY INDEX ROWID          | T_ENNS                        |     1 |    38 |     1   (0)| 00:00:01 |
|  22 |             INDEX RANGE SCAN                    | IX_ELNS_MEMBENLTDTDSNTDTSTTID |     2 |       |     1   (0)| 00:00:01 |
|  23 |           TABLE ACCESS BY INDEX ROWID           | T_ENNS                        |     1 |    22 |     1   (0)| 00:00:01 |
|  24 |            INDEX RANGE SCAN                     | IX_ELNS_MEMBENPENLTDSNDT      |     1 |       |     1   (0)| 00:00:01 |
|  25 |        FILTER                                   |                               |       |       |            |          |
|  26 |         FILTER                                  |                               |       |       |            |          |
|  27 |          TABLE ACCESS STORAGE FULL              | T_ENNS                        |   245K|    64M|   160K  (1)| 00:00:07 |
|  28 |          FAST DUAL                              |                               |     1 |       |     2   (0)| 00:00:01 |
|  29 |         SORT GROUP BY NOSORT                    |                               |     1 |    72 |     4   (0)| 00:00:01 |
|  30 |          NESTED LOOPS OUTER                     |                               |     1 |    72 |     4   (0)| 00:00:01 |
|  31 |           NESTED LOOPS                          |                               |     1 |    50 |     3   (0)| 00:00:01 |
|  32 |            NESTED LOOPS                         |                               |     1 |    12 |     2   (0)| 00:00:01 |
|  33 |             INDEX UNIQUE SCAN                   | PK_T_USR                      |     1 |     6 |     1   (0)| 00:00:01 |
|  34 |             INDEX RANGE SCAN                    | IX_NVL_USR_MRGEMSTR_USR_ID    |     1 |     6 |     1   (0)| 00:00:01 |
|  35 |            TABLE ACCESS BY INDEX ROWID          | T_ENNS                        |     1 |    38 |     1   (0)| 00:00:01 |
|  36 |             INDEX RANGE SCAN                    | IX_ELNS_MEMBENLTDTDSNTDTSTTID |     2 |       |     1   (0)| 00:00:01 |
|  37 |           TABLE ACCESS BY INDEX ROWID           | T_ENNS                        |     1 |    22 |     1   (0)| 00:00:01 |
|  38 |            INDEX RANGE SCAN                     | IX_ELNS_MEMBENPENLTDSNDT      |     1 |       |     1   (0)| 00:00:01 |
|  39 |     VIEW                                        |                               |    96 |  4392K|    82   (2)| 00:00:01 |
|  40 |      VIEW                                       |                               |    96 |  4391K|    14   (8)| 00:00:01 |
|  41 |       COUNT STOPKEY                             |                               |       |       |            |          |
|  42 |        VIEW                                     |                               |    96 |  4391K|    14   (8)| 00:00:01 |
|  43 |         SORT ORDER BY STOPKEY                   |                               |    96 | 74880 |    14   (8)| 00:00:01 |
|  44 |          NESTED LOOPS OUTER                     |                               |    96 | 74880 |    13   (0)| 00:00:01 |
|  45 |           NESTED LOOPS OUTER                    |                               |    96 | 72768 |    12   (0)| 00:00:01 |
|  46 |            NESTED LOOPS OUTER                   |                               |    96 | 70656 |    11   (0)| 00:00:01 |
|  47 |             NESTED LOOPS OUTER                  |                               |    96 | 68544 |    10   (0)| 00:00:01 |
|  48 |              NESTED LOOPS OUTER                 |                               |    96 | 65088 |     9   (0)| 00:00:01 |
|  49 |               NESTED LOOPS OUTER                |                               |    96 | 61728 |     8   (0)| 00:00:01 |
|  50 |                MERGE JOIN OUTER                 |                               |    96 | 59904 |     7   (0)| 00:00:01 |
|  51 |                 NESTED LOOPS OUTER              |                               |    96 | 56448 |     6   (0)| 00:00:01 |
|  52 |                  NESTED LOOPS OUTER             |                               |    96 | 53760 |     5   (0)| 00:00:01 |
|  53 |                   NESTED LOOPS OUTER            |                               |    96 | 52032 |     4   (0)| 00:00:01 |
|  54 |                    NESTED LOOPS OUTER           |                               |    96 | 49920 |     3   (0)| 00:00:01 |
|  55 |                     INLIST ITERATOR             |                               |       |       |            |          |
|  56 |                      TABLE ACCESS BY INDEX ROWID| T_SENTTSK                     |    97 | 48112 |     2   (0)| 00:00:01 |
|  57 |                       INDEX RANGE SCAN          | IX_SETK_OBJ_STT               |  1667 |       |     1   (0)| 00:00:01 |
|  58 |                     TABLE ACCESS BY INDEX ROWID | T_DDL_ITEM                    |     1 |    24 |     1   (0)| 00:00:01 |
|  59 |                      INDEX UNIQUE SCAN          | PK_T_DDL_ITEM                 |     1 |       |     1   (0)| 00:00:01 |
|  60 |                    TABLE ACCESS BY INDEX ROWID  | T_DDL_ITEM                    |     1 |    22 |     1   (0)| 00:00:01 |
|  61 |                     INDEX UNIQUE SCAN           | PK_T_DDL_ITEM                 |     1 |       |     1   (0)| 00:00:01 |
|  62 |                   TABLE ACCESS BY INDEX ROWID   | T_UM_BASE                     |     1 |    18 |     1   (0)| 00:00:01 |
|  63 |                    INDEX UNIQUE SCAN            | PK_T_UM_BASE                  |     1 |       |     1   (0)| 00:00:01 |
|  64 |                  TABLE ACCESS BY INDEX ROWID    | T_CM_BASEBASE                 |     1 |    28 |     1   (0)| 00:00:01 |
|  65 |                   INDEX UNIQUE SCAN             | PK_T_CM_BASEBASE              |     1 |       |     1   (0)| 00:00:01 |
|  66 |                 BUFFER SORT                     |                               |     1 |    36 |     6   (0)| 00:00:01 |
|  67 |                  TABLE ACCESS BY INDEX ROWID    | T_USR                         |     1 |    36 |     1   (0)| 00:00:01 |
|  68 |                   INDEX UNIQUE SCAN             | PK_T_USR                      |     1 |       |     1   (0)| 00:00:01 |
|  69 |                TABLE ACCESS BY INDEX ROWID      | T_USR                         |     1 |    19 |     1   (0)| 00:00:01 |
|  70 |                 INDEX UNIQUE SCAN               | PK_T_USR                      |     1 |       |     1   (0)| 00:00:01 |
|  71 |               TABLE ACCESS BY INDEX ROWID       | T_USR                         |     1 |    35 |     1   (0)| 00:00:01 |
|  72 |                INDEX UNIQUE SCAN                | PK_T_USR                      |     1 |       |     1   (0)| 00:00:01 |
|  73 |              TABLE ACCESS BY INDEX ROWID        | T_USR                         |     1 |    36 |     1   (0)| 00:00:01 |
|  74 |               INDEX UNIQUE SCAN                 | PK_T_USR                      |     1 |       |     1   (0)| 00:00:01 |
|  75 |             TABLE ACCESS BY INDEX ROWID         | T_USR                         |     1 |    22 |     1   (0)| 00:00:01 |
|  76 |              INDEX UNIQUE SCAN                  | PK_T_USR                      |     1 |       |     1   (0)| 00:00:01 |
|  77 |            TABLE ACCESS BY INDEX ROWID          | T_USR                         |     1 |    22 |     1   (0)| 00:00:01 |
|  78 |             INDEX UNIQUE SCAN                   | PK_T_USR                      |     1 |       |     1   (0)| 00:00:01 |
|  79 |           TABLE ACCESS BY INDEX ROWID           | T_USR                         |     1 |    22 |     1   (0)| 00:00:01 |
|  80 |            INDEX UNIQUE SCAN                    | PK_T_USR                      |     1 |       |     1   (0)| 00:00:01 |
|  81 |    TABLE ACCESS BY INDEX ROWID                  | T_BENSPKG                     |     1 |    12 |     1   (0)| 00:00:01 |
|  82 |     INDEX UNIQUE SCAN                           | PK_T_BENSPKG                  |     1 |       |     1   (0)| 00:00:01 |
|  83 |   TABLE ACCESS BY INDEX ROWID                   | T_USR                         |     1 |    22 |     1   (0)| 00:00:01 |
|  84 |    INDEX UNIQUE SCAN                            | PK_T_USR                      |     1 |       |     1   (0)| 00:00:01 |
---------------------------------------------------------------------------------------------------------------------------------

Query Block Name / Object Alias (identified by operation id):
-------------------------------------------------------------

   1 - SEL$4        / T_UM_BASE@SEL$4
   2 - SEL$4        / T_UM_BASE@SEL$4
   3 - SEL$5        / T_CM_BASEBASE@SEL$5
   4 - SEL$5        / T_CM_BASEBASE@SEL$5
   5 - SEL$0C04A374
   8 - SET$1        / ENROLLMENT@SEL$30
   9 - SET$1
  11 - SEL$35
  13 - SEL$35       / T_SRC_ENNS@SEL$35
  14 - SEL$40       / DUAL@SEL$40
  15 - SEL$5F185B4C
  19 - SEL$5F185B4C / T_ENNS_MASTERUSER@SEL$31
  20 - SEL$5F185B4C / T_ENNS_SLAVEUSER@SEL$31
  21 - SEL$5F185B4C / T_CURR_ENNS@SEL$32
  22 - SEL$5F185B4C / T_CURR_ENNS@SEL$32
  23 - SEL$5F185B4C / T_MAX_DISENROLLMENT_ENROLLMENT@SEL$33
  24 - SEL$5F185B4C / T_MAX_DISENROLLMENT_ENROLLMENT@SEL$33
  25 - SEL$42
  27 - SEL$42       / T_SRC_ENNS@SEL$42
  28 - SEL$43       / DUAL@SEL$43
  29 - SEL$CDBEA42D
  33 - SEL$CDBEA42D / T_ENNS_MASTERUSER@SEL$36
  34 - SEL$CDBEA42D / T_ENNS_SLAVEUSER@SEL$36
  35 - SEL$CDBEA42D / T_CURR_ENNS@SEL$37
  36 - SEL$CDBEA42D / T_CURR_ENNS@SEL$37
  37 - SEL$CDBEA42D / T_MAX_DISENROLLMENT_ENROLLMENT@SEL$38
  38 - SEL$CDBEA42D / T_MAX_DISENROLLMENT_ENROLLMENT@SEL$38
  39 - SEL$3        / INFO_WITH_MEMBER_ID@SEL$2
  40 - SEL$6        / INFO@SEL$3
  41 - SEL$6
  42 - SEL$2D594895 / from$_subquery$_005@SEL$6
  43 - SEL$2D594895
  56 - SEL$2D594895 / T@SEL$8
  57 - SEL$2D594895 / T@SEL$8
  58 - SEL$2D594895 / TASKTYPE@SEL$15
  59 - SEL$2D594895 / TASKTYPE@SEL$15
  60 - SEL$2D594895 / REASON@SEL$17
  61 - SEL$2D594895 / REASON@SEL$17
  62 - SEL$2D594895 / AUTH@SEL$21
  63 - SEL$2D594895 / AUTH@SEL$21
  64 - SEL$2D594895 / CASEORCM@SEL$19
  65 - SEL$2D594895 / CASEORCM@SEL$19
  67 - SEL$2D594895 / OWN@SEL$7
  68 - SEL$2D594895 / OWN@SEL$7
  69 - SEL$2D594895 / PROVIDER@SEL$23
  70 - SEL$2D594895 / PROVIDER@SEL$23
  71 - SEL$2D594895 / MEMBER@SEL$11
  72 - SEL$2D594895 / MEMBER@SEL$11
  73 - SEL$2D594895 / PREVOWNER@SEL$9
  74 - SEL$2D594895 / PREVOWNER@SEL$9
  75 - SEL$2D594895 / SENDER@SEL$27
  76 - SEL$2D594895 / SENDER@SEL$27
  77 - SEL$2D594895 / ORIGCREATOR@SEL$13
  78 - SEL$2D594895 / ORIGCREATOR@SEL$13
  79 - SEL$2D594895 / MOD@SEL$25
  80 - SEL$2D594895 / MOD@SEL$25
  81 - SEL$0C04A374 / BENEFIT@SEL$46
  82 - SEL$0C04A374 / BENEFIT@SEL$46
  83 - SEL$0C04A374 / AFFMEMBER@SEL$1
  84 - SEL$0C04A374 / AFFMEMBER@SEL$1

Outline Data
-------------

  /*+
      BEGIN_OUTLINE_DATA
      IGNORE_OPTIM_EMBEDDED_HINTS
      OPTIMIZER_FEATURES_ENABLE('12.1.0.2')
      DB_VERSION('12.1.0.2')
      OPT_PARAM('optimizer_index_cost_adj' 1)
      OPT_PARAM('optimizer_index_caching' 90)
      ALL_ROWS
      OUTLINE_LEAF(@"SEL$4")
      OUTLINE_LEAF(@"SEL$5")
      OUTLINE_LEAF(@"SEL$2D594895")
      MERGE(@"SEL$2DE0C8FF")
      OUTLINE_LEAF(@"SEL$6")
      OUTLINE_LEAF(@"SEL$3")
      OUTLINE_LEAF(@"SEL$40")
      OUTLINE_LEAF(@"SEL$5F185B4C")
      MERGE(@"SEL$6B15F4E0")
      OUTLINE_LEAF(@"SEL$35")
      OUTLINE_LEAF(@"SEL$43")
      OUTLINE_LEAF(@"SEL$CDBEA42D")
      MERGE(@"SEL$57BA8109")
      OUTLINE_LEAF(@"SEL$42")
      OUTLINE_LEAF(@"SET$1")
      OUTLINE_LEAF(@"SEL$0C04A374")
      MERGE(@"SEL$BC270230")
      OUTLINE(@"SEL$29")
      OUTLINE(@"SEL$2DE0C8FF")
      MERGE(@"SEL$27")
      MERGE(@"SEL$3B95C159")
      OUTLINE(@"SEL$41")
      OUTLINE(@"SEL$6B15F4E0")
      MERGE(@"SEL$78FE80F3")
      OUTLINE(@"SEL$44")
      OUTLINE(@"SEL$57BA8109")
      MERGE(@"SEL$516D3A01")
      OUTLINE(@"SEL$48")
      OUTLINE(@"SEL$BC270230")
      MERGE(@"SEL$409758B4")
      MERGE(@"SEL$46")
      OUTLINE(@"SEL$28")
      OUTLINE(@"SEL$27")
      OUTLINE(@"SEL$3B95C159")
      MERGE(@"SEL$25")
      MERGE(@"SEL$6D003707")
      OUTLINE(@"SEL$D570F096")
      MERGE(@"SEL$33")
      OUTLINE(@"SEL$78FE80F3")
      MERGE(@"SEL$31")
      OUTLINE(@"SEL$067B9A3E")
      MERGE(@"SEL$38")
      OUTLINE(@"SEL$516D3A01")
      MERGE(@"SEL$36")
      OUTLINE(@"SEL$47")
      OUTLINE(@"SEL$409758B4")
      MERGE(@"SEL$30")
      MERGE(@"SEL$58A6D7F6")
      OUTLINE(@"SEL$46")
      OUTLINE(@"SEL$26")
      OUTLINE(@"SEL$25")
      OUTLINE(@"SEL$6D003707")
      MERGE(@"SEL$23")
      MERGE(@"SEL$23FAB6D1")
      OUTLINE(@"SEL$34")
      OUTLINE(@"SEL$33")
      OUTLINE(@"SEL$32")
      OUTLINE(@"SEL$31")
      OUTLINE(@"SEL$39")
      OUTLINE(@"SEL$38")
      OUTLINE(@"SEL$37")
      OUTLINE(@"SEL$36")
      OUTLINE(@"SEL$45")
      OUTLINE(@"SEL$30")
      OUTLINE(@"SEL$58A6D7F6")
      MERGE(@"SEL$1")
      OUTLINE(@"SEL$24")
      OUTLINE(@"SEL$23")
      OUTLINE(@"SEL$23FAB6D1")
      MERGE(@"SEL$21")
      MERGE(@"SEL$97A30ECD")
      OUTLINE(@"SEL$2")
      OUTLINE(@"SEL$1")
      OUTLINE(@"SEL$22")
      OUTLINE(@"SEL$21")
      OUTLINE(@"SEL$97A30ECD")
      MERGE(@"SEL$19")
      MERGE(@"SEL$CF22A5CA")
      OUTLINE(@"SEL$20")
      OUTLINE(@"SEL$19")
      OUTLINE(@"SEL$CF22A5CA")
      MERGE(@"SEL$17")
      MERGE(@"SEL$FF97D7FC")
      OUTLINE(@"SEL$18")
      OUTLINE(@"SEL$17")
      OUTLINE(@"SEL$FF97D7FC")
      MERGE(@"SEL$15")
      MERGE(@"SEL$DE5D921C")
      OUTLINE(@"SEL$16")
      OUTLINE(@"SEL$15")
      OUTLINE(@"SEL$DE5D921C")
      MERGE(@"SEL$01DD7F33")
      MERGE(@"SEL$13")
      OUTLINE(@"SEL$14")
      OUTLINE(@"SEL$01DD7F33")
      MERGE(@"SEL$11")
      MERGE(@"SEL$BDFBA881")
      OUTLINE(@"SEL$13")
      OUTLINE(@"SEL$12")
      OUTLINE(@"SEL$11")
      OUTLINE(@"SEL$BDFBA881")
      MERGE(@"SEL$9")
      MERGE(@"SEL$FC56C448")
      OUTLINE(@"SEL$10")
      OUTLINE(@"SEL$9")
      OUTLINE(@"SEL$FC56C448")
      MERGE(@"SEL$7")
      OUTLINE(@"SEL$8")
      OUTLINE(@"SEL$7")
      NO_ACCESS(@"SEL$0C04A374" "INFO_WITH_MEMBER_ID"@"SEL$2")
      NO_ACCESS(@"SEL$0C04A374" "ENROLLMENT"@"SEL$30")
      INDEX_RS_ASC(@"SEL$0C04A374" "BENEFIT"@"SEL$46" ("T_BENSPKG"."BENP_ID"))
      INDEX_RS_ASC(@"SEL$0C04A374" "AFFMEMBER"@"SEL$1" ("T_USR"."USR_ID"))
      LEADING(@"SEL$0C04A374" "INFO_WITH_MEMBER_ID"@"SEL$2" "ENROLLMENT"@"SEL$30" "BENEFIT"@"SEL$46" "AFFMEMBER"@"SEL$1")
      USE_HASH(@"SEL$0C04A374" "ENROLLMENT"@"SEL$30")
      USE_NL(@"SEL$0C04A374" "BENEFIT"@"SEL$46")
      USE_NL(@"SEL$0C04A374" "AFFMEMBER"@"SEL$1")
      SWAP_JOIN_INPUTS(@"SEL$0C04A374" "ENROLLMENT"@"SEL$30")
      NO_ACCESS(@"SEL$3" "INFO"@"SEL$3")
      FULL(@"SEL$42" "T_SRC_ENNS"@"SEL$42")
      PQ_FILTER(@"SEL$42" SERIAL)
      FULL(@"SEL$35" "T_SRC_ENNS"@"SEL$35")
      PQ_FILTER(@"SEL$35" SERIAL)
      INDEX(@"SEL$5F185B4C" "T_ENNS_MASTERUSER"@"SEL$31" ("T_USR"."USR_ID"))
      INDEX(@"SEL$5F185B4C" "T_ENNS_SLAVEUSER"@"SEL$31" "IX_NVL_USR_MRGEMSTR_USR_ID")
      INDEX_RS_ASC(@"SEL$5F185B4C" "T_CURR_ENNS"@"SEL$32" "IX_ELNS_MEMBENLTDTDSNTDTSTTID")
      INDEX_RS_ASC(@"SEL$5F185B4C" "T_MAX_DISENROLLMENT_ENROLLMENT"@"SEL$33" "IX_ELNS_MEMBENPENLTDSNDT")
      LEADING(@"SEL$5F185B4C" "T_ENNS_MASTERUSER"@"SEL$31" "T_ENNS_SLAVEUSER"@"SEL$31" "T_CURR_ENNS"@"SEL$32"
              "T_MAX_DISENROLLMENT_ENROLLMENT"@"SEL$33")
      USE_NL(@"SEL$5F185B4C" "T_ENNS_SLAVEUSER"@"SEL$31")
      USE_NL(@"SEL$5F185B4C" "T_CURR_ENNS"@"SEL$32")
      USE_NL(@"SEL$5F185B4C" "T_MAX_DISENROLLMENT_ENROLLMENT"@"SEL$33")
      INDEX(@"SEL$CDBEA42D" "T_ENNS_MASTERUSER"@"SEL$36" ("T_USR"."USR_ID"))
      INDEX(@"SEL$CDBEA42D" "T_ENNS_SLAVEUSER"@"SEL$36" "IX_NVL_USR_MRGEMSTR_USR_ID")
      INDEX_RS_ASC(@"SEL$CDBEA42D" "T_CURR_ENNS"@"SEL$37" "IX_ELNS_MEMBENLTDTDSNTDTSTTID")
      INDEX_RS_ASC(@"SEL$CDBEA42D" "T_MAX_DISENROLLMENT_ENROLLMENT"@"SEL$38" "IX_ELNS_MEMBENPENLTDSNDT")
      LEADING(@"SEL$CDBEA42D" "T_ENNS_MASTERUSER"@"SEL$36" "T_ENNS_SLAVEUSER"@"SEL$36" "T_CURR_ENNS"@"SEL$37"
              "T_MAX_DISENROLLMENT_ENROLLMENT"@"SEL$38")
      USE_NL(@"SEL$CDBEA42D" "T_ENNS_SLAVEUSER"@"SEL$36")
      USE_NL(@"SEL$CDBEA42D" "T_CURR_ENNS"@"SEL$37")
      USE_NL(@"SEL$CDBEA42D" "T_MAX_DISENROLLMENT_ENROLLMENT"@"SEL$38")
      NO_ACCESS(@"SEL$6" "from$_subquery$_005"@"SEL$6")
      INDEX_RS_ASC(@"SEL$2D594895" "T"@"SEL$8" ("T_SENTTSK"."SETK_OBJ_STT"))
      INDEX_RS_ASC(@"SEL$2D594895" "TASKTYPE"@"SEL$15" ("T_DDL_ITEM"."DDLI_ID"))
      INDEX_RS_ASC(@"SEL$2D594895" "REASON"@"SEL$17" ("T_DDL_ITEM"."DDLI_ID"))
      INDEX_RS_ASC(@"SEL$2D594895" "AUTH"@"SEL$21" ("T_UM_BASE"."UMBS_ID"))
      INDEX_RS_ASC(@"SEL$2D594895" "CASEORCM"@"SEL$19" ("T_CM_BASEBASE"."CMBB_ID"))
      INDEX_RS_ASC(@"SEL$2D594895" "OWN"@"SEL$7" ("T_USR"."USR_ID"))
      INDEX_RS_ASC(@"SEL$2D594895" "PROVIDER"@"SEL$23" ("T_USR"."USR_ID"))
      INDEX_RS_ASC(@"SEL$2D594895" "MEMBER"@"SEL$11" ("T_USR"."USR_ID"))
      INDEX_RS_ASC(@"SEL$2D594895" "PREVOWNER"@"SEL$9" ("T_USR"."USR_ID"))
      INDEX_RS_ASC(@"SEL$2D594895" "SENDER"@"SEL$27" ("T_USR"."USR_ID"))
      INDEX_RS_ASC(@"SEL$2D594895" "ORIGCREATOR"@"SEL$13" ("T_USR"."USR_ID"))
      INDEX_RS_ASC(@"SEL$2D594895" "MOD"@"SEL$25" ("T_USR"."USR_ID"))
      LEADING(@"SEL$2D594895" "T"@"SEL$8" "TASKTYPE"@"SEL$15" "REASON"@"SEL$17" "AUTH"@"SEL$21" "CASEORCM"@"SEL$19"
              "OWN"@"SEL$7" "PROVIDER"@"SEL$23" "MEMBER"@"SEL$11" "PREVOWNER"@"SEL$9" "SENDER"@"SEL$27" "ORIGCREATOR"@"SEL$13"
              "MOD"@"SEL$25")
      USE_NL(@"SEL$2D594895" "TASKTYPE"@"SEL$15")
      USE_NL(@"SEL$2D594895" "REASON"@"SEL$17")
      USE_NL(@"SEL$2D594895" "AUTH"@"SEL$21")
      USE_NL(@"SEL$2D594895" "CASEORCM"@"SEL$19")
      USE_MERGE_CARTESIAN(@"SEL$2D594895" "OWN"@"SEL$7")
      USE_NL(@"SEL$2D594895" "PROVIDER"@"SEL$23")
      USE_NL(@"SEL$2D594895" "MEMBER"@"SEL$11")
      USE_NL(@"SEL$2D594895" "PREVOWNER"@"SEL$9")
      USE_NL(@"SEL$2D594895" "SENDER"@"SEL$27")
      USE_NL(@"SEL$2D594895" "ORIGCREATOR"@"SEL$13")
      USE_NL(@"SEL$2D594895" "MOD"@"SEL$25")
      INDEX_RS_ASC(@"SEL$5" "T_CM_BASEBASE"@"SEL$5" ("T_CM_BASEBASE"."CMBB_ID"))
      INDEX_RS_ASC(@"SEL$4" "T_UM_BASE"@"SEL$4" ("T_UM_BASE"."UMBS_ID"))
      END_OUTLINE_DATA
  */

Peeked Binds (identified by position):
--------------------------------------

   1 - :SYS_B_0 (NUMBER): 2
   2 - :1 (NUMBER): 11640563
   3 - :2 (NUMBER): 1
   4 - :3 (NUMBER): 3
   5 - :4 (NUMBER): 905
   6 - :5 (NUMBER): 906
   7 - :6 (NUMBER): 907
   8 - :7 (NUMBER): 908
   9 - :8 (NUMBER): 911
  10 - :9 (NUMBER): 912
  11 - :10 (NUMBER): 913
  12 - :SYS_B_1 (NUMBER): 500
  13 - :SYS_B_2 (VARCHAR2(30), CSID=178): '2020.12.12'
  14 - :SYS_B_3 (VARCHAR2(30), CSID=178): 'yyyy.MM.dd'

Note
-----
   - dynamic statistics used: dynamic sampling (level=2)
   - 5 Sql Plan Directives used for this statement

SQL_ID 0sjx29v99zfqc
--------------------
SELECT INFO_WITH_MEMBER_ID.*,     enrollment.ELNS_INSCPRSRGRP
ipgGroupId,     benefit.BENP_LWSTLVL_PRODCAT productCategoryId,
affMember.USR_FRSTNAM affiliatedMemberFirstName,
affMember.USR_LAS_NAM affiliatedMemberLastName FROM (   SELECT INFO.*,
   CASE     WHEN INFO.memberAffiliationId IS NOT NULL THEN
(INFO.memberAffiliationId)     WHEN INFO.authAffiliationId IS NOT NULL
THEN (SELECT UMBS_MEMB FROM T_UM_BASE WHERE
UMBS_ID=INFO.authAffiliationId)     WHEN
INFO.careManagementAffiliationId IS NOT NULL THEN (SELECT CMBS_MEMB
FROM T_CM_BASEBASE WHERE CMBB_ID=INFO.careManagementAffiliationId)
WHEN INFO.providerAffiliationId IS NOT NULL THEN
(INFO.providerAffiliationId)     ELSE (NULL)     END
affiliatedMemberId   FROM (   SELECT * FROM (     SELECT
T.SETK_ID AS id,         T.SETK_C4C_ID AS c4cId,         T.SETK_UNIVID
AS universalId,         taskType.TSKT_RCPTTYP AS categoryId,
T.SETK_TSK_TYP AS taskTypeId,         taskType.DDLI_LBL AS
taskTypeLabel,         T.SETK_TSK_NAM AS taskName,         T.SETK_SUBJ
AS subject,         T.SETK_CRTD AS createDate,         T.SETK_SENT AS
sentDate,         T.SETK_SRTD AS startedDate,
T.SETK_TSK_TIMG_STRTDT AS startDate,         T.SETK_TSK_TIMG_SCLDAT AS
startDateSeconds,         T.SETK_TSK_TIMG_DDLN_DT AS dueDate,
T.SETK_TSK_TIMG_DDLN_TIM_IN_DY AS dueDateSeconds,         T.SETK_OWNR
AS ownerId,         own.USR_FRSTNAM AS ownerFirstName,
own.USR_LAS_NAM AS ownerLastName,         own.CLASSTYPE AS ownerType,
      T.SETK_OBJ_STT AS status,         T.SETK_AFFN_MEMB AS
memberAffiliationId,         member.USR_C4C_ID AS memberC4cId,
member.USR_FRSTNAM AS memberFirstName,         member.USR_LAS_NAM AS
memberLastName,         T.SETK_AFFN_CM AS careManagementAffiliationId,
       caseOrCm.CMBB_C4C_ID AS caseOrCmC4cId,
T.SETK_AFFN_UM_EVNT AS authAffiliationId,         auth.UMBS_C4C_ID AS
authAffiliationC4cId,         T.SETK_AFFN_PVDR AS
providerAffiliationId,         provider.USR_C4C_ID AS providerC4cId,
     T.SETK_TSK_TIMG_SNLTDT AS startNoLaterThanDate,
T.SETK_CNCLRESN AS cancelReasonId,         T.SETK_ORIGCRTR AS
originalCreatorId,         origCreator.USR_FRSTNAM AS
originalCreatorFirstName,         origCreator.USR_LAS_NAM AS
originalCreatorLastName,         caseOrCm.CLASSTYPE AS
caseOrCmClasstype,         T.SETK_TSK_DSCN AS description,
T.SETK_CMPD AS completedDate,         T.SETK_LAS_ACT_TIM AS
lastActionDate,         mod.USR_FRSTNAM lastModifiedByFirstName,
 mod.USR_LAS_NAM lastModifiedByLastName,         T.SETK_PRVSOWNR AS
previousOwnerId,         prevOwner.USR_FRSTNAM AS
previousOwnerFirstName,         prevOwner.USR_LAS_NAM AS
previousOwnerLastName,         prevOwner.CLASSTYPE AS
previousOwnerType,         CASE             WHEN
T.SETK_TSK_TIMG_DDLN_DT IS NOT NULL THEN (T.SETK_TSK_TIMG_DDLN_DT)
       WHEN T.SETK_TSK_TIMG_STRTDT IS NOT NULL THEN
(T.SETK_TSK_TIMG_STRTDT)             WHEN T.SETK_TSK_TIMG_SNLTDT IS NOT
NULL THEN (T.SETK_TSK_TIMG_SNLTDT)             ELSE (NULL)         END
       filterDate,         sender.USR_FRSTNAM fromUserFirstName,
 sender.USR_LAS_NAM fromUserLastName,         T.SETK_RESCHEDULE_REASON
AS rescheduleReason,         reason.DDLI_LBL AS rescheduleReasonLabel,
       T.SETK_RESCHEDULE_COMMENT AS rescheduleComment       FROM
T_SENTTSK T       LEFT OUTER JOIN T_USR own ON own.USR_ID=T.SETK_OWNR
    LEFT OUTER JOIN T_USR prevOwner ON prevOwner.USR_ID=T.SETK_PRVSOWNR
      LEFT OUTER JOIN T_USR member ON member.USR_ID=T.SETK_AFFN_MEMB
   LEFT OUTER JOIN T_USR origCreator ON
origCreator.USR_ID=T.SETK_ORIGCRTR       LEFT OUTER JOIN T_DDL_ITEM
taskType ON taskType.DDLI_ID=T.SETK_TSK_TYP       LEFT OUTER JOIN
T_DDL_ITEM reason ON reason.DDLI_ID=T.SETK_RESCHEDULE_REASON       LEFT
OUTER JOIN T_CM_BASEBASE caseOrCm ON caseOrCm.CMBB_ID=T.SETK_AFFN_CM
   LEFT OUTER JOIN T_UM_BASE auth ON auth.UMBS_ID=T.SETK_AFFN_UM_EVNT
    LEFT OUTER JOIN T_USR provider

Plan hash value: 1707006562

---------------------------------------------------------------------------------------------------------------------------------
| Id  | Operation                                       | Name                          | Rows  | Bytes | Cost (%CPU)| Time     |
---------------------------------------------------------------------------------------------------------------------------------
|   0 | SELECT STATEMENT                                |                               |       |       |  2287K(100)|          |
|   1 |  TABLE ACCESS BY INDEX ROWID                    | T_UM_BASE                     |     1 |    12 |     1   (0)| 00:00:01 |
|   2 |   INDEX UNIQUE SCAN                             | PK_T_UM_BASE                  |     1 |       |     1   (0)| 00:00:01 |
|   3 |   TABLE ACCESS BY INDEX ROWID                   | T_CM_BASEBASE                 |     1 |    12 |     1   (0)| 00:00:01 |
|   4 |    INDEX UNIQUE SCAN                            | PK_T_CM_BASEBASE              |     1 |       |     1   (0)| 00:00:01 |
|   5 |  NESTED LOOPS OUTER                             |                               |    49 |  2245K|  2287K  (1)| 00:01:30 |
|   6 |   NESTED LOOPS OUTER                            |                               |    49 |  2244K|  2287K  (1)| 00:01:30 |
|   7 |    HASH JOIN RIGHT OUTER                        |                               |    49 |  2243K|  2287K  (1)| 00:01:30 |
|   8 |     VIEW                                        | V_CURR_ENROLLMENT             |     2 |    78 |  2287K  (1)| 00:01:30 |
|   9 |      SORT UNIQUE                                |                               |     2 |  1092 |  2287K  (1)| 00:01:30 |
|  10 |       UNION-ALL                                 |                               |       |       |            |          |
|  11 |        FILTER                                   |                               |       |       |            |          |
|  12 |         FILTER                                  |                               |       |       |            |          |
|  13 |          TABLE ACCESS STORAGE FULL              | T_ENNS                        |   249K|    64M|   160K  (1)| 00:00:07 |
|  14 |          FAST DUAL                              |                               |     1 |       |     2   (0)| 00:00:01 |
|  15 |         SORT GROUP BY NOSORT                    |                               |     1 |    72 |     4   (0)| 00:00:01 |
|  16 |          NESTED LOOPS OUTER                     |                               |     1 |    72 |     4   (0)| 00:00:01 |
|  17 |           NESTED LOOPS                          |                               |     1 |    50 |     3   (0)| 00:00:01 |
|  18 |            NESTED LOOPS                         |                               |     1 |    12 |     2   (0)| 00:00:01 |
|  19 |             INDEX UNIQUE SCAN                   | PK_T_USR                      |     1 |     6 |     1   (0)| 00:00:01 |
|  20 |             INDEX RANGE SCAN                    | IX_NVL_USR_MRGEMSTR_USR_ID    |     1 |     6 |     1   (0)| 00:00:01 |
|  21 |            TABLE ACCESS BY INDEX ROWID          | T_ENNS                        |     1 |    38 |     1   (0)| 00:00:01 |
|  22 |             INDEX RANGE SCAN                    | IX_ELNS_MEMBENLTDTDSNTDTSTTID |     2 |       |     1   (0)| 00:00:01 |
|  23 |           TABLE ACCESS BY INDEX ROWID           | T_ENNS                        |     1 |    22 |     1   (0)| 00:00:01 |
|  24 |            INDEX RANGE SCAN                     | IX_ELNS_MEMBENLTDTDSNTDTID    |     1 |       |     1   (0)| 00:00:01 |
|  25 |        FILTER                                   |                               |       |       |            |          |
|  26 |         FILTER                                  |                               |       |       |            |          |
|  27 |          TABLE ACCESS STORAGE FULL              | T_ENNS                        |   249K|    64M|   160K  (1)| 00:00:07 |
|  28 |          FAST DUAL                              |                               |     1 |       |     2   (0)| 00:00:01 |
|  29 |         SORT GROUP BY NOSORT                    |                               |     1 |    72 |     4   (0)| 00:00:01 |
|  30 |          NESTED LOOPS OUTER                     |                               |     1 |    72 |     4   (0)| 00:00:01 |
|  31 |           NESTED LOOPS                          |                               |     1 |    50 |     3   (0)| 00:00:01 |
|  32 |            NESTED LOOPS                         |                               |     1 |    12 |     2   (0)| 00:00:01 |
|  33 |             INDEX UNIQUE SCAN                   | PK_T_USR                      |     1 |     6 |     1   (0)| 00:00:01 |
|  34 |             INDEX RANGE SCAN                    | IX_NVL_USR_MRGEMSTR_USR_ID    |     1 |     6 |     1   (0)| 00:00:01 |
|  35 |            TABLE ACCESS BY INDEX ROWID          | T_ENNS                        |     1 |    38 |     1   (0)| 00:00:01 |
|  36 |             INDEX RANGE SCAN                    | IX_ELNS_MEMBENLTDTDSNTDTSTTID |     2 |       |     1   (0)| 00:00:01 |
|  37 |           TABLE ACCESS BY INDEX ROWID           | T_ENNS                        |     1 |    22 |     1   (0)| 00:00:01 |
|  38 |            INDEX RANGE SCAN                     | IX_ELNS_MEMBENLTDTDSNTDTID    |     1 |       |     1   (0)| 00:00:01 |
|  39 |     VIEW                                        |                               |    49 |  2241K|    59   (2)| 00:00:01 |
|  40 |      VIEW                                       |                               |    49 |  2241K|    15   (7)| 00:00:01 |
|  41 |       COUNT STOPKEY                             |                               |       |       |            |          |
|  42 |        VIEW                                     |                               |    49 |  2241K|    15   (7)| 00:00:01 |
|  43 |         SORT ORDER BY STOPKEY                   |                               |    49 | 38122 |    15   (7)| 00:00:01 |
|  44 |          NESTED LOOPS OUTER                     |                               |    49 | 38122 |    14   (0)| 00:00:01 |
|  45 |           NESTED LOOPS OUTER                    |                               |    49 | 37044 |    13   (0)| 00:00:01 |
|  46 |            NESTED LOOPS OUTER                   |                               |    49 | 35966 |    12   (0)| 00:00:01 |
|  47 |             NESTED LOOPS OUTER                  |                               |    49 | 34790 |    11   (0)| 00:00:01 |
|  48 |              NESTED LOOPS OUTER                 |                               |    49 | 33418 |    10   (0)| 00:00:01 |
|  49 |               NESTED LOOPS OUTER                |                               |    49 | 32340 |     9   (0)| 00:00:01 |
|  50 |                NESTED LOOPS OUTER               |                               |    49 | 30576 |     8   (0)| 00:00:01 |
|  51 |                 NESTED LOOPS OUTER              |                               |    49 | 28861 |     7   (0)| 00:00:01 |
|  52 |                  NESTED LOOPS OUTER             |                               |    49 | 27783 |     6   (0)| 00:00:01 |
|  53 |                   NESTED LOOPS OUTER            |                               |    49 | 26901 |     5   (0)| 00:00:01 |
|  54 |                    MERGE JOIN OUTER             |                               |    49 | 25970 |     4   (0)| 00:00:01 |
|  55 |                     INLIST ITERATOR             |                               |       |       |            |          |
|  56 |                      TABLE ACCESS BY INDEX ROWID| T_SENTTSK                     |    49 | 24206 |     3   (0)| 00:00:01 |
|  57 |                       INDEX RANGE SCAN          | IX_SETK_OBJ_STT               |  1896 |       |     1   (0)| 00:00:01 |
|  58 |                     BUFFER SORT                 |                               |     1 |    36 |     1   (0)| 00:00:01 |
|  59 |                      TABLE ACCESS BY INDEX ROWID| T_USR                         |     1 |    36 |     1   (0)| 00:00:01 |
|  60 |                       INDEX UNIQUE SCAN         | PK_T_USR                      |     1 |       |     1   (0)| 00:00:01 |
|  61 |                    TABLE ACCESS BY INDEX ROWID  | T_USR                         |     1 |    19 |     1   (0)| 00:00:01 |
|  62 |                     INDEX UNIQUE SCAN           | PK_T_USR                      |     1 |       |     1   (0)| 00:00:01 |
|  63 |                   TABLE ACCESS BY INDEX ROWID   | T_UM_BASE                     |     1 |    18 |     1   (0)| 00:00:01 |
|  64 |                    INDEX UNIQUE SCAN            | PK_T_UM_BASE                  |     1 |       |     1   (0)| 00:00:01 |
|  65 |                  TABLE ACCESS BY INDEX ROWID    | T_DDL_ITEM                    |     1 |    22 |     1   (0)| 00:00:01 |
|  66 |                   INDEX UNIQUE SCAN             | PK_T_DDL_ITEM                 |     1 |       |     1   (0)| 00:00:01 |
|  67 |                 TABLE ACCESS BY INDEX ROWID     | T_USR                         |     1 |    35 |     1   (0)| 00:00:01 |
|  68 |                  INDEX UNIQUE SCAN              | PK_T_USR                      |     1 |       |     1   (0)| 00:00:01 |
|  69 |                TABLE ACCESS BY INDEX ROWID      | T_USR                         |     1 |    36 |     1   (0)| 00:00:01 |
|  70 |                 INDEX UNIQUE SCAN               | PK_T_USR                      |     1 |       |     1   (0)| 00:00:01 |
|  71 |               TABLE ACCESS BY INDEX ROWID       | T_USR                         |     1 |    22 |     1   (0)| 00:00:01 |
|  72 |                INDEX UNIQUE SCAN                | PK_T_USR                      |     1 |       |     1   (0)| 00:00:01 |
|  73 |              TABLE ACCESS BY INDEX ROWID        | T_CM_BASEBASE                 |     1 |    28 |     1   (0)| 00:00:01 |
|  74 |               INDEX UNIQUE SCAN                 | PK_T_CM_BASEBASE              |     1 |       |     1   (0)| 00:00:01 |
|  75 |             TABLE ACCESS BY INDEX ROWID         | T_DDL_ITEM                    |     1 |    24 |     1   (0)| 00:00:01 |
|  76 |              INDEX UNIQUE SCAN                  | PK_T_DDL_ITEM                 |     1 |       |     1   (0)| 00:00:01 |
|  77 |            TABLE ACCESS BY INDEX ROWID          | T_USR                         |     1 |    22 |     1   (0)| 00:00:01 |
|  78 |             INDEX UNIQUE SCAN                   | PK_T_USR                      |     1 |       |     1   (0)| 00:00:01 |
|  79 |           TABLE ACCESS BY INDEX ROWID           | T_USR                         |     1 |    22 |     1   (0)| 00:00:01 |
|  80 |            INDEX UNIQUE SCAN                    | PK_T_USR                      |     1 |       |     1   (0)| 00:00:01 |
|  81 |    TABLE ACCESS BY INDEX ROWID                  | T_BENSPKG                     |     1 |    12 |     1   (0)| 00:00:01 |
|  82 |     INDEX UNIQUE SCAN                           | PK_T_BENSPKG                  |     1 |       |     1   (0)| 00:00:01 |
|  83 |   TABLE ACCESS BY INDEX ROWID                   | T_USR                         |     1 |    22 |     1   (0)| 00:00:01 |
|  84 |    INDEX UNIQUE SCAN                            | PK_T_USR                      |     1 |       |     1   (0)| 00:00:01 |
---------------------------------------------------------------------------------------------------------------------------------

Query Block Name / Object Alias (identified by operation id):
-------------------------------------------------------------

   1 - SEL$4        / T_UM_BASE@SEL$4
   2 - SEL$4        / T_UM_BASE@SEL$4
   3 - SEL$5        / T_CM_BASEBASE@SEL$5
   4 - SEL$5        / T_CM_BASEBASE@SEL$5
   5 - SEL$0C04A374
   8 - SET$1        / ENROLLMENT@SEL$30
   9 - SET$1
  11 - SEL$35
  13 - SEL$35       / T_SRC_ENNS@SEL$35
  14 - SEL$40       / DUAL@SEL$40
  15 - SEL$5F185B4C
  19 - SEL$5F185B4C / T_ENNS_MASTERUSER@SEL$31
  20 - SEL$5F185B4C / T_ENNS_SLAVEUSER@SEL$31
  21 - SEL$5F185B4C / T_CURR_ENNS@SEL$32
  22 - SEL$5F185B4C / T_CURR_ENNS@SEL$32
  23 - SEL$5F185B4C / T_MAX_DISENROLLMENT_ENROLLMENT@SEL$33
  24 - SEL$5F185B4C / T_MAX_DISENROLLMENT_ENROLLMENT@SEL$33
  25 - SEL$42
  27 - SEL$42       / T_SRC_ENNS@SEL$42
  28 - SEL$43       / DUAL@SEL$43
  29 - SEL$CDBEA42D
  33 - SEL$CDBEA42D / T_ENNS_MASTERUSER@SEL$36
  34 - SEL$CDBEA42D / T_ENNS_SLAVEUSER@SEL$36
  35 - SEL$CDBEA42D / T_CURR_ENNS@SEL$37
  36 - SEL$CDBEA42D / T_CURR_ENNS@SEL$37
  37 - SEL$CDBEA42D / T_MAX_DISENROLLMENT_ENROLLMENT@SEL$38
  38 - SEL$CDBEA42D / T_MAX_DISENROLLMENT_ENROLLMENT@SEL$38
  39 - SEL$3        / INFO_WITH_MEMBER_ID@SEL$2
  40 - SEL$6        / INFO@SEL$3
  41 - SEL$6
  42 - SEL$2D594895 / from$_subquery$_005@SEL$6
  43 - SEL$2D594895
  56 - SEL$2D594895 / T@SEL$8
  57 - SEL$2D594895 / T@SEL$8
  59 - SEL$2D594895 / OWN@SEL$7
  60 - SEL$2D594895 / OWN@SEL$7
  61 - SEL$2D594895 / PROVIDER@SEL$23
  62 - SEL$2D594895 / PROVIDER@SEL$23
  63 - SEL$2D594895 / AUTH@SEL$21
  64 - SEL$2D594895 / AUTH@SEL$21
  65 - SEL$2D594895 / REASON@SEL$17
  66 - SEL$2D594895 / REASON@SEL$17
  67 - SEL$2D594895 / MEMBER@SEL$11
  68 - SEL$2D594895 / MEMBER@SEL$11
  69 - SEL$2D594895 / PREVOWNER@SEL$9
  70 - SEL$2D594895 / PREVOWNER@SEL$9
  71 - SEL$2D594895 / SENDER@SEL$27
  72 - SEL$2D594895 / SENDER@SEL$27
  73 - SEL$2D594895 / CASEORCM@SEL$19
  74 - SEL$2D594895 / CASEORCM@SEL$19
  75 - SEL$2D594895 / TASKTYPE@SEL$15
  76 - SEL$2D594895 / TASKTYPE@SEL$15
  77 - SEL$2D594895 / ORIGCREATOR@SEL$13
  78 - SEL$2D594895 / ORIGCREATOR@SEL$13
  79 - SEL$2D594895 / MOD@SEL$25
  80 - SEL$2D594895 / MOD@SEL$25
  81 - SEL$0C04A374 / BENEFIT@SEL$46
  82 - SEL$0C04A374 / BENEFIT@SEL$46
  83 - SEL$0C04A374 / AFFMEMBER@SEL$1
  84 - SEL$0C04A374 / AFFMEMBER@SEL$1

Outline Data
-------------

  /*+
      BEGIN_OUTLINE_DATA
      IGNORE_OPTIM_EMBEDDED_HINTS
      OPTIMIZER_FEATURES_ENABLE('12.1.0.2')
      DB_VERSION('12.1.0.2')
      OPT_PARAM('optimizer_index_cost_adj' 1)
      OPT_PARAM('optimizer_index_caching' 90)
      ALL_ROWS
      OUTLINE_LEAF(@"SEL$4")
      OUTLINE_LEAF(@"SEL$5")
      OUTLINE_LEAF(@"SEL$2D594895")
      MERGE(@"SEL$2DE0C8FF")
      OUTLINE_LEAF(@"SEL$6")
      OUTLINE_LEAF(@"SEL$3")
      OUTLINE_LEAF(@"SEL$40")
      OUTLINE_LEAF(@"SEL$5F185B4C")
      MERGE(@"SEL$6B15F4E0")
      OUTLINE_LEAF(@"SEL$35")
      OUTLINE_LEAF(@"SEL$43")
      OUTLINE_LEAF(@"SEL$CDBEA42D")
      MERGE(@"SEL$57BA8109")
      OUTLINE_LEAF(@"SEL$42")
      OUTLINE_LEAF(@"SET$1")
      OUTLINE_LEAF(@"SEL$0C04A374")
      MERGE(@"SEL$BC270230")
      OUTLINE(@"SEL$29")
      OUTLINE(@"SEL$2DE0C8FF")
      MERGE(@"SEL$27")
      MERGE(@"SEL$3B95C159")
      OUTLINE(@"SEL$41")
      OUTLINE(@"SEL$6B15F4E0")
      MERGE(@"SEL$78FE80F3")
      OUTLINE(@"SEL$44")
      OUTLINE(@"SEL$57BA8109")
      MERGE(@"SEL$516D3A01")
      OUTLINE(@"SEL$48")
      OUTLINE(@"SEL$BC270230")
      MERGE(@"SEL$409758B4")
      MERGE(@"SEL$46")
      OUTLINE(@"SEL$28")
      OUTLINE(@"SEL$27")
      OUTLINE(@"SEL$3B95C159")
      MERGE(@"SEL$25")
      MERGE(@"SEL$6D003707")
      OUTLINE(@"SEL$D570F096")
      MERGE(@"SEL$33")
      OUTLINE(@"SEL$78FE80F3")
      MERGE(@"SEL$31")
      OUTLINE(@"SEL$067B9A3E")
      MERGE(@"SEL$38")
      OUTLINE(@"SEL$516D3A01")
      MERGE(@"SEL$36")
      OUTLINE(@"SEL$47")
      OUTLINE(@"SEL$409758B4")
      MERGE(@"SEL$30")
      MERGE(@"SEL$58A6D7F6")
      OUTLINE(@"SEL$46")
      OUTLINE(@"SEL$26")
      OUTLINE(@"SEL$25")
      OUTLINE(@"SEL$6D003707")
      MERGE(@"SEL$23")
      MERGE(@"SEL$23FAB6D1")
      OUTLINE(@"SEL$34")
      OUTLINE(@"SEL$33")
      OUTLINE(@"SEL$32")
      OUTLINE(@"SEL$31")
      OUTLINE(@"SEL$39")
      OUTLINE(@"SEL$38")
      OUTLINE(@"SEL$37")
      OUTLINE(@"SEL$36")
      OUTLINE(@"SEL$45")
      OUTLINE(@"SEL$30")
      OUTLINE(@"SEL$58A6D7F6")
      MERGE(@"SEL$1")
      OUTLINE(@"SEL$24")
      OUTLINE(@"SEL$23")
      OUTLINE(@"SEL$23FAB6D1")
      MERGE(@"SEL$21")
      MERGE(@"SEL$97A30ECD")
      OUTLINE(@"SEL$2")
      OUTLINE(@"SEL$1")
      OUTLINE(@"SEL$22")
      OUTLINE(@"SEL$21")
      OUTLINE(@"SEL$97A30ECD")
      MERGE(@"SEL$19")
      MERGE(@"SEL$CF22A5CA")
      OUTLINE(@"SEL$20")
      OUTLINE(@"SEL$19")
      OUTLINE(@"SEL$CF22A5CA")
      MERGE(@"SEL$17")
      MERGE(@"SEL$FF97D7FC")
      OUTLINE(@"SEL$18")
      OUTLINE(@"SEL$17")
      OUTLINE(@"SEL$FF97D7FC")
      MERGE(@"SEL$15")
      MERGE(@"SEL$DE5D921C")
      OUTLINE(@"SEL$16")
      OUTLINE(@"SEL$15")
      OUTLINE(@"SEL$DE5D921C")
      MERGE(@"SEL$01DD7F33")
      MERGE(@"SEL$13")
      OUTLINE(@"SEL$14")
      OUTLINE(@"SEL$01DD7F33")
      MERGE(@"SEL$11")
      MERGE(@"SEL$BDFBA881")
      OUTLINE(@"SEL$13")
      OUTLINE(@"SEL$12")
      OUTLINE(@"SEL$11")
      OUTLINE(@"SEL$BDFBA881")
      MERGE(@"SEL$9")
      MERGE(@"SEL$FC56C448")
      OUTLINE(@"SEL$10")
      OUTLINE(@"SEL$9")
      OUTLINE(@"SEL$FC56C448")
      MERGE(@"SEL$7")
      OUTLINE(@"SEL$8")
      OUTLINE(@"SEL$7")
      NO_ACCESS(@"SEL$0C04A374" "INFO_WITH_MEMBER_ID"@"SEL$2")
      NO_ACCESS(@"SEL$0C04A374" "ENROLLMENT"@"SEL$30")
      INDEX_RS_ASC(@"SEL$0C04A374" "BENEFIT"@"SEL$46" ("T_BENSPKG"."BENP_ID"))
      INDEX_RS_ASC(@"SEL$0C04A374" "AFFMEMBER"@"SEL$1" ("T_USR"."USR_ID"))
      LEADING(@"SEL$0C04A374" "INFO_WITH_MEMBER_ID"@"SEL$2" "ENROLLMENT"@"SEL$30" "BENEFIT"@"SEL$46" "AFFMEMBER"@"SEL$1")
      USE_HASH(@"SEL$0C04A374" "ENROLLMENT"@"SEL$30")
      USE_NL(@"SEL$0C04A374" "BENEFIT"@"SEL$46")
      USE_NL(@"SEL$0C04A374" "AFFMEMBER"@"SEL$1")
      SWAP_JOIN_INPUTS(@"SEL$0C04A374" "ENROLLMENT"@"SEL$30")
      NO_ACCESS(@"SEL$3" "INFO"@"SEL$3")
      FULL(@"SEL$42" "T_SRC_ENNS"@"SEL$42")
      PQ_FILTER(@"SEL$42" SERIAL)
      FULL(@"SEL$35" "T_SRC_ENNS"@"SEL$35")
      PQ_FILTER(@"SEL$35" SERIAL)
      INDEX(@"SEL$5F185B4C" "T_ENNS_MASTERUSER"@"SEL$31" ("T_USR"."USR_ID"))
      INDEX(@"SEL$5F185B4C" "T_ENNS_SLAVEUSER"@"SEL$31" "IX_NVL_USR_MRGEMSTR_USR_ID")
      INDEX_RS_ASC(@"SEL$5F185B4C" "T_CURR_ENNS"@"SEL$32" "IX_ELNS_MEMBENLTDTDSNTDTSTTID")
      INDEX_RS_ASC(@"SEL$5F185B4C" "T_MAX_DISENROLLMENT_ENROLLMENT"@"SEL$33" ("T_ENNS"."ELNS_MEMB" "T_ENNS"."ELNS_ENLTDT"
              "T_ENNS"."ELNS_DSNTDT" "T_ENNS"."ELNS_ID"))
      LEADING(@"SEL$5F185B4C" "T_ENNS_MASTERUSER"@"SEL$31" "T_ENNS_SLAVEUSER"@"SEL$31" "T_CURR_ENNS"@"SEL$32"
              "T_MAX_DISENROLLMENT_ENROLLMENT"@"SEL$33")
      USE_NL(@"SEL$5F185B4C" "T_ENNS_SLAVEUSER"@"SEL$31")
      USE_NL(@"SEL$5F185B4C" "T_CURR_ENNS"@"SEL$32")
      USE_NL(@"SEL$5F185B4C" "T_MAX_DISENROLLMENT_ENROLLMENT"@"SEL$33")
      INDEX(@"SEL$CDBEA42D" "T_ENNS_MASTERUSER"@"SEL$36" ("T_USR"."USR_ID"))
      INDEX(@"SEL$CDBEA42D" "T_ENNS_SLAVEUSER"@"SEL$36" "IX_NVL_USR_MRGEMSTR_USR_ID")
      INDEX_RS_ASC(@"SEL$CDBEA42D" "T_CURR_ENNS"@"SEL$37" "IX_ELNS_MEMBENLTDTDSNTDTSTTID")
      INDEX_RS_ASC(@"SEL$CDBEA42D" "T_MAX_DISENROLLMENT_ENROLLMENT"@"SEL$38" ("T_ENNS"."ELNS_MEMB" "T_ENNS"."ELNS_ENLTDT"
              "T_ENNS"."ELNS_DSNTDT" "T_ENNS"."ELNS_ID"))
      LEADING(@"SEL$CDBEA42D" "T_ENNS_MASTERUSER"@"SEL$36" "T_ENNS_SLAVEUSER"@"SEL$36" "T_CURR_ENNS"@"SEL$37"
              "T_MAX_DISENROLLMENT_ENROLLMENT"@"SEL$38")
      USE_NL(@"SEL$CDBEA42D" "T_ENNS_SLAVEUSER"@"SEL$36")
      USE_NL(@"SEL$CDBEA42D" "T_CURR_ENNS"@"SEL$37")
      USE_NL(@"SEL$CDBEA42D" "T_MAX_DISENROLLMENT_ENROLLMENT"@"SEL$38")
      NO_ACCESS(@"SEL$6" "from$_subquery$_005"@"SEL$6")
      INDEX_RS_ASC(@"SEL$2D594895" "T"@"SEL$8" ("T_SENTTSK"."SETK_OBJ_STT"))
      INDEX_RS_ASC(@"SEL$2D594895" "OWN"@"SEL$7" ("T_USR"."USR_ID"))
      INDEX_RS_ASC(@"SEL$2D594895" "PROVIDER"@"SEL$23" ("T_USR"."USR_ID"))
      INDEX_RS_ASC(@"SEL$2D594895" "AUTH"@"SEL$21" ("T_UM_BASE"."UMBS_ID"))
      INDEX_RS_ASC(@"SEL$2D594895" "REASON"@"SEL$17" ("T_DDL_ITEM"."DDLI_ID"))
      INDEX_RS_ASC(@"SEL$2D594895" "MEMBER"@"SEL$11" ("T_USR"."USR_ID"))
      INDEX_RS_ASC(@"SEL$2D594895" "PREVOWNER"@"SEL$9" ("T_USR"."USR_ID"))
      INDEX_RS_ASC(@"SEL$2D594895" "SENDER"@"SEL$27" ("T_USR"."USR_ID"))
      INDEX_RS_ASC(@"SEL$2D594895" "CASEORCM"@"SEL$19" ("T_CM_BASEBASE"."CMBB_ID"))
      INDEX_RS_ASC(@"SEL$2D594895" "TASKTYPE"@"SEL$15" ("T_DDL_ITEM"."DDLI_ID"))
      INDEX_RS_ASC(@"SEL$2D594895" "ORIGCREATOR"@"SEL$13" ("T_USR"."USR_ID"))
      INDEX_RS_ASC(@"SEL$2D594895" "MOD"@"SEL$25" ("T_USR"."USR_ID"))
      LEADING(@"SEL$2D594895" "T"@"SEL$8" "OWN"@"SEL$7" "PROVIDER"@"SEL$23" "AUTH"@"SEL$21" "REASON"@"SEL$17"
              "MEMBER"@"SEL$11" "PREVOWNER"@"SEL$9" "SENDER"@"SEL$27" "CASEORCM"@"SEL$19" "TASKTYPE"@"SEL$15" "ORIGCREATOR"@"SEL$13"
              "MOD"@"SEL$25")
      USE_MERGE_CARTESIAN(@"SEL$2D594895" "OWN"@"SEL$7")
      USE_NL(@"SEL$2D594895" "PROVIDER"@"SEL$23")
      USE_NL(@"SEL$2D594895" "AUTH"@"SEL$21")
      USE_NL(@"SEL$2D594895" "REASON"@"SEL$17")
      USE_NL(@"SEL$2D594895" "MEMBER"@"SEL$11")
      USE_NL(@"SEL$2D594895" "PREVOWNER"@"SEL$9")
      USE_NL(@"SEL$2D594895" "SENDER"@"SEL$27")
      USE_NL(@"SEL$2D594895" "CASEORCM"@"SEL$19")
      USE_NL(@"SEL$2D594895" "TASKTYPE"@"SEL$15")
      USE_NL(@"SEL$2D594895" "ORIGCREATOR"@"SEL$13")
      USE_NL(@"SEL$2D594895" "MOD"@"SEL$25")
      INDEX_RS_ASC(@"SEL$5" "T_CM_BASEBASE"@"SEL$5" ("T_CM_BASEBASE"."CMBB_ID"))
      INDEX_RS_ASC(@"SEL$4" "T_UM_BASE"@"SEL$4" ("T_UM_BASE"."UMBS_ID"))
      END_OUTLINE_DATA
  */

Peeked Binds (identified by position):
--------------------------------------

   1 - :SYS_B_0 (NUMBER): 2
   2 - :1 (NUMBER): 10550675
   3 - :2 (NUMBER): 1
   4 - :3 (NUMBER): 3
   5 - :4 (NUMBER): 905
   6 - :5 (NUMBER): 906
   7 - :6 (NUMBER): 907
   8 - :7 (NUMBER): 908
   9 - :8 (NUMBER): 911
  10 - :9 (NUMBER): 912
  11 - :10 (NUMBER): 913
  12 - :SYS_B_1 (NUMBER): 500
  13 - :SYS_B_2 (VARCHAR2(30), CSID=178): '2020.11.17'
  14 - :SYS_B_3 (VARCHAR2(30), CSID=178): 'yyyy.MM.dd'

Note
-----
   - dynamic statistics used: dynamic sampling (level=2)
   - 5 Sql Plan Directives used for this statement

SQL_ID 0sjx29v99zfqc
--------------------
SELECT INFO_WITH_MEMBER_ID.*,     enrollment.ELNS_INSCPRSRGRP
ipgGroupId,     benefit.BENP_LWSTLVL_PRODCAT productCategoryId,
affMember.USR_FRSTNAM affiliatedMemberFirstName,
affMember.USR_LAS_NAM affiliatedMemberLastName FROM (   SELECT INFO.*,
   CASE     WHEN INFO.memberAffiliationId IS NOT NULL THEN
(INFO.memberAffiliationId)     WHEN INFO.authAffiliationId IS NOT NULL
THEN (SELECT UMBS_MEMB FROM T_UM_BASE WHERE
UMBS_ID=INFO.authAffiliationId)     WHEN
INFO.careManagementAffiliationId IS NOT NULL THEN (SELECT CMBS_MEMB
FROM T_CM_BASEBASE WHERE CMBB_ID=INFO.careManagementAffiliationId)
WHEN INFO.providerAffiliationId IS NOT NULL THEN
(INFO.providerAffiliationId)     ELSE (NULL)     END
affiliatedMemberId   FROM (   SELECT * FROM (     SELECT
T.SETK_ID AS id,         T.SETK_C4C_ID AS c4cId,         T.SETK_UNIVID
AS universalId,         taskType.TSKT_RCPTTYP AS categoryId,
T.SETK_TSK_TYP AS taskTypeId,         taskType.DDLI_LBL AS
taskTypeLabel,         T.SETK_TSK_NAM AS taskName,         T.SETK_SUBJ
AS subject,         T.SETK_CRTD AS createDate,         T.SETK_SENT AS
sentDate,         T.SETK_SRTD AS startedDate,
T.SETK_TSK_TIMG_STRTDT AS startDate,         T.SETK_TSK_TIMG_SCLDAT AS
startDateSeconds,         T.SETK_TSK_TIMG_DDLN_DT AS dueDate,
T.SETK_TSK_TIMG_DDLN_TIM_IN_DY AS dueDateSeconds,         T.SETK_OWNR
AS ownerId,         own.USR_FRSTNAM AS ownerFirstName,
own.USR_LAS_NAM AS ownerLastName,         own.CLASSTYPE AS ownerType,
      T.SETK_OBJ_STT AS status,         T.SETK_AFFN_MEMB AS
memberAffiliationId,         member.USR_C4C_ID AS memberC4cId,
member.USR_FRSTNAM AS memberFirstName,         member.USR_LAS_NAM AS
memberLastName,         T.SETK_AFFN_CM AS careManagementAffiliationId,
       caseOrCm.CMBB_C4C_ID AS caseOrCmC4cId,
T.SETK_AFFN_UM_EVNT AS authAffiliationId,         auth.UMBS_C4C_ID AS
authAffiliationC4cId,         T.SETK_AFFN_PVDR AS
providerAffiliationId,         provider.USR_C4C_ID AS providerC4cId,
     T.SETK_TSK_TIMG_SNLTDT AS startNoLaterThanDate,
T.SETK_CNCLRESN AS cancelReasonId,         T.SETK_ORIGCRTR AS
originalCreatorId,         origCreator.USR_FRSTNAM AS
originalCreatorFirstName,         origCreator.USR_LAS_NAM AS
originalCreatorLastName,         caseOrCm.CLASSTYPE AS
caseOrCmClasstype,         T.SETK_TSK_DSCN AS description,
T.SETK_CMPD AS completedDate,         T.SETK_LAS_ACT_TIM AS
lastActionDate,         mod.USR_FRSTNAM lastModifiedByFirstName,
 mod.USR_LAS_NAM lastModifiedByLastName,         T.SETK_PRVSOWNR AS
previousOwnerId,         prevOwner.USR_FRSTNAM AS
previousOwnerFirstName,         prevOwner.USR_LAS_NAM AS
previousOwnerLastName,         prevOwner.CLASSTYPE AS
previousOwnerType,         CASE             WHEN
T.SETK_TSK_TIMG_DDLN_DT IS NOT NULL THEN (T.SETK_TSK_TIMG_DDLN_DT)
       WHEN T.SETK_TSK_TIMG_STRTDT IS NOT NULL THEN
(T.SETK_TSK_TIMG_STRTDT)             WHEN T.SETK_TSK_TIMG_SNLTDT IS NOT
NULL THEN (T.SETK_TSK_TIMG_SNLTDT)             ELSE (NULL)         END
       filterDate,         sender.USR_FRSTNAM fromUserFirstName,
 sender.USR_LAS_NAM fromUserLastName,         T.SETK_RESCHEDULE_REASON
AS rescheduleReason,         reason.DDLI_LBL AS rescheduleReasonLabel,
       T.SETK_RESCHEDULE_COMMENT AS rescheduleComment       FROM
T_SENTTSK T       LEFT OUTER JOIN T_USR own ON own.USR_ID=T.SETK_OWNR
    LEFT OUTER JOIN T_USR prevOwner ON prevOwner.USR_ID=T.SETK_PRVSOWNR
      LEFT OUTER JOIN T_USR member ON member.USR_ID=T.SETK_AFFN_MEMB
   LEFT OUTER JOIN T_USR origCreator ON
origCreator.USR_ID=T.SETK_ORIGCRTR       LEFT OUTER JOIN T_DDL_ITEM
taskType ON taskType.DDLI_ID=T.SETK_TSK_TYP       LEFT OUTER JOIN
T_DDL_ITEM reason ON reason.DDLI_ID=T.SETK_RESCHEDULE_REASON       LEFT
OUTER JOIN T_CM_BASEBASE caseOrCm ON caseOrCm.CMBB_ID=T.SETK_AFFN_CM
   LEFT OUTER JOIN T_UM_BASE auth ON auth.UMBS_ID=T.SETK_AFFN_UM_EVNT
    LEFT OUTER JOIN T_USR provider

Plan hash value: 1724349052

-----------------------------------------------------------------------------------------------------------------------------------------
| Id  | Operation                                               | Name                          | Rows  | Bytes | Cost (%CPU)| Time     |
-----------------------------------------------------------------------------------------------------------------------------------------
|   0 | SELECT STATEMENT                                        |                               |       |       |  2282K(100)|          |
|   1 |  TABLE ACCESS BY INDEX ROWID                            | T_UM_BASE                     |     1 |    12 |     1   (0)| 00:00:01 |
|   2 |   INDEX UNIQUE SCAN                                     | PK_T_UM_BASE                  |     1 |       |     1   (0)| 00:00:01 |
|   3 |   TABLE ACCESS BY INDEX ROWID                           | T_CM_BASEBASE                 |     1 |    12 |     1   (0)| 00:00:01 |
|   4 |    INDEX UNIQUE SCAN                                    | PK_T_CM_BASEBASE              |     1 |       |     1   (0)| 00:00:01 |
|   5 |  NESTED LOOPS OUTER                                     |                               |   114 |  5223K|  2282K  (1)| 00:01:30 |
|   6 |   NESTED LOOPS OUTER                                    |                               |   114 |  5221K|  2282K  (1)| 00:01:30 |
|   7 |    HASH JOIN RIGHT OUTER                                |                               |   114 |  5220K|  2282K  (1)| 00:01:30 |
|   8 |     VIEW                                                | V_CURR_ENROLLMENT             |     2 |    78 |  2282K  (1)| 00:01:30 |
|   9 |      SORT UNIQUE                                        |                               |     2 |  1092 |  2282K  (1)| 00:01:30 |
|  10 |       UNION-ALL                                         |                               |       |       |            |          |
|  11 |        FILTER                                           |                               |       |       |            |          |
|  12 |         FILTER                                          |                               |       |       |            |          |
|  13 |          TABLE ACCESS STORAGE FULL                      | T_ENNS                        |   248K|    64M|   160K  (1)| 00:00:07 |
|  14 |          FAST DUAL                                      |                               |     1 |       |     2   (0)| 00:00:01 |
|  15 |         SORT GROUP BY NOSORT                            |                               |     1 |    72 |     4   (0)| 00:00:01 |
|  16 |          NESTED LOOPS OUTER                             |                               |     1 |    72 |     4   (0)| 00:00:01 |
|  17 |           NESTED LOOPS                                  |                               |     1 |    50 |     3   (0)| 00:00:01 |
|  18 |            NESTED LOOPS                                 |                               |     1 |    12 |     2   (0)| 00:00:01 |
|  19 |             INDEX UNIQUE SCAN                           | PK_T_USR                      |     1 |     6 |     1   (0)| 00:00:01 |
|  20 |             INDEX RANGE SCAN                            | IX_NVL_USR_MRGEMSTR_USR_ID    |     1 |     6 |     1   (0)| 00:00:01 |
|  21 |            TABLE ACCESS BY INDEX ROWID                  | T_ENNS                        |     1 |    38 |     1   (0)| 00:00:01 |
|  22 |             INDEX RANGE SCAN                            | IX_ELNS_MEMBENLTDTDSNTDTSTTID |     2 |       |     1   (0)| 00:00:01 |
|  23 |           TABLE ACCESS BY INDEX ROWID                   | T_ENNS                        |     1 |    22 |     1   (0)| 00:00:01 |
|  24 |            INDEX RANGE SCAN                             | IX_ELNS_MEMBENLTDTDSNTDTSTTID |     1 |       |     1   (0)| 00:00:01 |
|  25 |        FILTER                                           |                               |       |       |            |          |
|  26 |         FILTER                                          |                               |       |       |            |          |
|  27 |          TABLE ACCESS STORAGE FULL                      | T_ENNS                        |   248K|    64M|   160K  (1)| 00:00:07 |
|  28 |          FAST DUAL                                      |                               |     1 |       |     2   (0)| 00:00:01 |
|  29 |         SORT GROUP BY NOSORT                            |                               |     1 |    72 |     4   (0)| 00:00:01 |
|  30 |          NESTED LOOPS OUTER                             |                               |     1 |    72 |     4   (0)| 00:00:01 |
|  31 |           NESTED LOOPS                                  |                               |     1 |    50 |     3   (0)| 00:00:01 |
|  32 |            NESTED LOOPS                                 |                               |     1 |    12 |     2   (0)| 00:00:01 |
|  33 |             INDEX UNIQUE SCAN                           | PK_T_USR                      |     1 |     6 |     1   (0)| 00:00:01 |
|  34 |             INDEX RANGE SCAN                            | IX_NVL_USR_MRGEMSTR_USR_ID    |     1 |     6 |     1   (0)| 00:00:01 |
|  35 |            TABLE ACCESS BY INDEX ROWID                  | T_ENNS                        |     1 |    38 |     1   (0)| 00:00:01 |
|  36 |             INDEX RANGE SCAN                            | IX_ELNS_MEMBENLTDTDSNTDTSTTID |     2 |       |     1   (0)| 00:00:01 |
|  37 |           TABLE ACCESS BY INDEX ROWID                   | T_ENNS                        |     1 |    22 |     1   (0)| 00:00:01 |
|  38 |            INDEX RANGE SCAN                             | IX_ELNS_MEMBENLTDTDSNTDTSTTID |     1 |       |     1   (0)| 00:00:01 |
|  39 |     VIEW                                                |                               |   114 |  5215K|    92   (2)| 00:00:01 |
|  40 |      VIEW                                               |                               |   114 |  5214K|    15   (7)| 00:00:01 |
|  41 |       COUNT STOPKEY                                     |                               |       |       |            |          |
|  42 |        VIEW                                             |                               |   114 |  5214K|    15   (7)| 00:00:01 |
|  43 |         SORT ORDER BY STOPKEY                           |                               |   114 | 88920 |    15   (7)| 00:00:01 |
|  44 |          NESTED LOOPS OUTER                             |                               |   114 | 88920 |    14   (0)| 00:00:01 |
|  45 |           NESTED LOOPS OUTER                            |                               |   114 | 86412 |    13   (0)| 00:00:01 |
|  46 |            NESTED LOOPS OUTER                           |                               |   114 | 83904 |    12   (0)| 00:00:01 |
|  47 |             NESTED LOOPS OUTER                          |                               |   114 | 81738 |    11   (0)| 00:00:01 |
|  48 |              NESTED LOOPS OUTER                         |                               |   114 | 79230 |    10   (0)| 00:00:01 |
|  49 |               NESTED LOOPS OUTER                        |                               |   114 | 75240 |     9   (0)| 00:00:01 |
|  50 |                NESTED LOOPS OUTER                       |                               |   114 | 71136 |     8   (0)| 00:00:01 |
|  51 |                 NESTED LOOPS OUTER                      |                               |   114 | 67944 |     7   (0)| 00:00:01 |
|  52 |                  NESTED LOOPS OUTER                     |                               |   114 | 65892 |     6   (0)| 00:00:01 |
|  53 |                   NESTED LOOPS OUTER                    |                               |   114 | 63384 |     5   (0)| 00:00:01 |
|  54 |                    HASH JOIN RIGHT OUTER                |                               |   114 | 60648 |     4   (0)| 00:00:01 |
|  55 |                     TABLE ACCESS BY INDEX ROWID         | T_USR                         |     1 |    36 |     1   (0)| 00:00:01 |
|  56 |                      INDEX UNIQUE SCAN                  | PK_T_USR                      |     1 |       |     1   (0)| 00:00:01 |
|  57 |                     INLIST ITERATOR                     |                               |       |       |            |          |
|  58 |                      TABLE ACCESS BY INDEX ROWID BATCHED| T_SENTTSK                     |   114 | 56544 |     3   (0)| 00:00:01 |
|  59 |                       INDEX RANGE SCAN                  | IX_SETK_OBJ_STT               |  1871 |       |     1   (0)| 00:00:01 |
|  60 |                    TABLE ACCESS BY INDEX ROWID          | T_DDL_ITEM                    |     1 |    24 |     1   (0)| 00:00:01 |
|  61 |                     INDEX UNIQUE SCAN                   | PK_T_DDL_ITEM                 |     1 |       |     1   (0)| 00:00:01 |
|  62 |                   TABLE ACCESS BY INDEX ROWID           | T_DDL_ITEM                    |     1 |    22 |     1   (0)| 00:00:01 |
|  63 |                    INDEX UNIQUE SCAN                    | PK_T_DDL_ITEM                 |     1 |       |     1   (0)| 00:00:01 |
|  64 |                  TABLE ACCESS BY INDEX ROWID            | T_UM_BASE                     |     1 |    18 |     1   (0)| 00:00:01 |
|  65 |                   INDEX UNIQUE SCAN                     | PK_T_UM_BASE                  |     1 |       |     1   (0)| 00:00:01 |
|  66 |                 TABLE ACCESS BY INDEX ROWID             | T_CM_BASEBASE                 |     1 |    28 |     1   (0)| 00:00:01 |
|  67 |                  INDEX UNIQUE SCAN                      | PK_T_CM_BASEBASE              |     1 |       |     1   (0)| 00:00:01 |
|  68 |                TABLE ACCESS BY INDEX ROWID              | T_USR                         |     1 |    36 |     1   (0)| 00:00:01 |
|  69 |                 INDEX UNIQUE SCAN                       | PK_T_USR                      |     1 |       |     1   (0)| 00:00:01 |
|  70 |               TABLE ACCESS BY INDEX ROWID               | T_USR                         |     1 |    35 |     1   (0)| 00:00:01 |
|  71 |                INDEX UNIQUE SCAN                        | PK_T_USR                      |     1 |       |     1   (0)| 00:00:01 |
|  72 |              TABLE ACCESS BY INDEX ROWID                | T_USR                         |     1 |    22 |     1   (0)| 00:00:01 |
|  73 |               INDEX UNIQUE SCAN                         | PK_T_USR                      |     1 |       |     1   (0)| 00:00:01 |
|  74 |             TABLE ACCESS BY INDEX ROWID                 | T_USR                         |     1 |    19 |     1   (0)| 00:00:01 |
|  75 |              INDEX UNIQUE SCAN                          | PK_T_USR                      |     1 |       |     1   (0)| 00:00:01 |
|  76 |            TABLE ACCESS BY INDEX ROWID                  | T_USR                         |     1 |    22 |     1   (0)| 00:00:01 |
|  77 |             INDEX UNIQUE SCAN                           | PK_T_USR                      |     1 |       |     1   (0)| 00:00:01 |
|  78 |           TABLE ACCESS BY INDEX ROWID                   | T_USR                         |     1 |    22 |     1   (0)| 00:00:01 |
|  79 |            INDEX UNIQUE SCAN                            | PK_T_USR                      |     1 |       |     1   (0)| 00:00:01 |
|  80 |    TABLE ACCESS BY INDEX ROWID                          | T_BENSPKG                     |     1 |    12 |     1   (0)| 00:00:01 |
|  81 |     INDEX UNIQUE SCAN                                   | PK_T_BENSPKG                  |     1 |       |     1   (0)| 00:00:01 |
|  82 |   TABLE ACCESS BY INDEX ROWID                           | T_USR                         |     1 |    22 |     1   (0)| 00:00:01 |
|  83 |    INDEX UNIQUE SCAN                                    | PK_T_USR                      |     1 |       |     1   (0)| 00:00:01 |
-----------------------------------------------------------------------------------------------------------------------------------------

Query Block Name / Object Alias (identified by operation id):
-------------------------------------------------------------

   1 - SEL$4        / T_UM_BASE@SEL$4
   2 - SEL$4        / T_UM_BASE@SEL$4
   3 - SEL$5        / T_CM_BASEBASE@SEL$5
   4 - SEL$5        / T_CM_BASEBASE@SEL$5
   5 - SEL$0C04A374
   8 - SET$1        / ENROLLMENT@SEL$30
   9 - SET$1
  11 - SEL$35
  13 - SEL$35       / T_SRC_ENNS@SEL$35
  14 - SEL$40       / DUAL@SEL$40
  15 - SEL$5F185B4C
  19 - SEL$5F185B4C / T_ENNS_MASTERUSER@SEL$31
  20 - SEL$5F185B4C / T_ENNS_SLAVEUSER@SEL$31
  21 - SEL$5F185B4C / T_CURR_ENNS@SEL$32
  22 - SEL$5F185B4C / T_CURR_ENNS@SEL$32
  23 - SEL$5F185B4C / T_MAX_DISENROLLMENT_ENROLLMENT@SEL$33
  24 - SEL$5F185B4C / T_MAX_DISENROLLMENT_ENROLLMENT@SEL$33
  25 - SEL$42
  27 - SEL$42       / T_SRC_ENNS@SEL$42
  28 - SEL$43       / DUAL@SEL$43
  29 - SEL$CDBEA42D
  33 - SEL$CDBEA42D / T_ENNS_MASTERUSER@SEL$36
  34 - SEL$CDBEA42D / T_ENNS_SLAVEUSER@SEL$36
  35 - SEL$CDBEA42D / T_CURR_ENNS@SEL$37
  36 - SEL$CDBEA42D / T_CURR_ENNS@SEL$37
  37 - SEL$CDBEA42D / T_MAX_DISENROLLMENT_ENROLLMENT@SEL$38
  38 - SEL$CDBEA42D / T_MAX_DISENROLLMENT_ENROLLMENT@SEL$38
  39 - SEL$3        / INFO_WITH_MEMBER_ID@SEL$2
  40 - SEL$6        / INFO@SEL$3
  41 - SEL$6
  42 - SEL$2D594895 / from$_subquery$_005@SEL$6
  43 - SEL$2D594895
  55 - SEL$2D594895 / OWN@SEL$7
  56 - SEL$2D594895 / OWN@SEL$7
  58 - SEL$2D594895 / T@SEL$8
  59 - SEL$2D594895 / T@SEL$8
  60 - SEL$2D594895 / TASKTYPE@SEL$15
  61 - SEL$2D594895 / TASKTYPE@SEL$15
  62 - SEL$2D594895 / REASON@SEL$17
  63 - SEL$2D594895 / REASON@SEL$17
  64 - SEL$2D594895 / AUTH@SEL$21
  65 - SEL$2D594895 / AUTH@SEL$21
  66 - SEL$2D594895 / CASEORCM@SEL$19
  67 - SEL$2D594895 / CASEORCM@SEL$19
  68 - SEL$2D594895 / PREVOWNER@SEL$9
  69 - SEL$2D594895 / PREVOWNER@SEL$9
  70 - SEL$2D594895 / MEMBER@SEL$11
  71 - SEL$2D594895 / MEMBER@SEL$11
  72 - SEL$2D594895 / ORIGCREATOR@SEL$13
  73 - SEL$2D594895 / ORIGCREATOR@SEL$13
  74 - SEL$2D594895 / PROVIDER@SEL$23
  75 - SEL$2D594895 / PROVIDER@SEL$23
  76 - SEL$2D594895 / MOD@SEL$25
  77 - SEL$2D594895 / MOD@SEL$25
  78 - SEL$2D594895 / SENDER@SEL$27
  79 - SEL$2D594895 / SENDER@SEL$27
  80 - SEL$0C04A374 / BENEFIT@SEL$46
  81 - SEL$0C04A374 / BENEFIT@SEL$46
  82 - SEL$0C04A374 / AFFMEMBER@SEL$1
  83 - SEL$0C04A374 / AFFMEMBER@SEL$1

Outline Data
-------------

  /*+
      BEGIN_OUTLINE_DATA
      IGNORE_OPTIM_EMBEDDED_HINTS
      OPTIMIZER_FEATURES_ENABLE('12.1.0.2')
      DB_VERSION('12.1.0.2')
      OPT_PARAM('optimizer_index_cost_adj' 1)
      OPT_PARAM('optimizer_index_caching' 90)
      ALL_ROWS
      OUTLINE_LEAF(@"SEL$4")
      OUTLINE_LEAF(@"SEL$5")
      OUTLINE_LEAF(@"SEL$2D594895")
      MERGE(@"SEL$2DE0C8FF")
      OUTLINE_LEAF(@"SEL$6")
      OUTLINE_LEAF(@"SEL$3")
      OUTLINE_LEAF(@"SEL$40")
      OUTLINE_LEAF(@"SEL$5F185B4C")
      MERGE(@"SEL$6B15F4E0")
      OUTLINE_LEAF(@"SEL$35")
      OUTLINE_LEAF(@"SEL$43")
      OUTLINE_LEAF(@"SEL$CDBEA42D")
      MERGE(@"SEL$57BA8109")
      OUTLINE_LEAF(@"SEL$42")
      OUTLINE_LEAF(@"SET$1")
      OUTLINE_LEAF(@"SEL$0C04A374")
      MERGE(@"SEL$BC270230")
      OUTLINE(@"SEL$29")
      OUTLINE(@"SEL$2DE0C8FF")
      MERGE(@"SEL$27")
      MERGE(@"SEL$3B95C159")
      OUTLINE(@"SEL$41")
      OUTLINE(@"SEL$6B15F4E0")
      MERGE(@"SEL$78FE80F3")
      OUTLINE(@"SEL$44")
      OUTLINE(@"SEL$57BA8109")
      MERGE(@"SEL$516D3A01")
      OUTLINE(@"SEL$48")
      OUTLINE(@"SEL$BC270230")
      MERGE(@"SEL$409758B4")
      MERGE(@"SEL$46")
      OUTLINE(@"SEL$28")
      OUTLINE(@"SEL$27")
      OUTLINE(@"SEL$3B95C159")
      MERGE(@"SEL$25")
      MERGE(@"SEL$6D003707")
      OUTLINE(@"SEL$D570F096")
      MERGE(@"SEL$33")
      OUTLINE(@"SEL$78FE80F3")
      MERGE(@"SEL$31")
      OUTLINE(@"SEL$067B9A3E")
      MERGE(@"SEL$38")
      OUTLINE(@"SEL$516D3A01")
      MERGE(@"SEL$36")
      OUTLINE(@"SEL$47")
      OUTLINE(@"SEL$409758B4")
      MERGE(@"SEL$30")
      MERGE(@"SEL$58A6D7F6")
      OUTLINE(@"SEL$46")
      OUTLINE(@"SEL$26")
      OUTLINE(@"SEL$25")
      OUTLINE(@"SEL$6D003707")
      MERGE(@"SEL$23")
      MERGE(@"SEL$23FAB6D1")
      OUTLINE(@"SEL$34")
      OUTLINE(@"SEL$33")
      OUTLINE(@"SEL$32")
      OUTLINE(@"SEL$31")
      OUTLINE(@"SEL$39")
      OUTLINE(@"SEL$38")
      OUTLINE(@"SEL$37")
      OUTLINE(@"SEL$36")
      OUTLINE(@"SEL$45")
      OUTLINE(@"SEL$30")
      OUTLINE(@"SEL$58A6D7F6")
      MERGE(@"SEL$1")
      OUTLINE(@"SEL$24")
      OUTLINE(@"SEL$23")
      OUTLINE(@"SEL$23FAB6D1")
      MERGE(@"SEL$21")
      MERGE(@"SEL$97A30ECD")
      OUTLINE(@"SEL$2")
      OUTLINE(@"SEL$1")
      OUTLINE(@"SEL$22")
      OUTLINE(@"SEL$21")
      OUTLINE(@"SEL$97A30ECD")
      MERGE(@"SEL$19")
      MERGE(@"SEL$CF22A5CA")
      OUTLINE(@"SEL$20")
      OUTLINE(@"SEL$19")
      OUTLINE(@"SEL$CF22A5CA")
      MERGE(@"SEL$17")
      MERGE(@"SEL$FF97D7FC")
      OUTLINE(@"SEL$18")
      OUTLINE(@"SEL$17")
      OUTLINE(@"SEL$FF97D7FC")
      MERGE(@"SEL$15")
      MERGE(@"SEL$DE5D921C")
      OUTLINE(@"SEL$16")
      OUTLINE(@"SEL$15")
      OUTLINE(@"SEL$DE5D921C")
      MERGE(@"SEL$01DD7F33")
      MERGE(@"SEL$13")
      OUTLINE(@"SEL$14")
      OUTLINE(@"SEL$01DD7F33")
      MERGE(@"SEL$11")
      MERGE(@"SEL$BDFBA881")
      OUTLINE(@"SEL$13")
      OUTLINE(@"SEL$12")
      OUTLINE(@"SEL$11")
      OUTLINE(@"SEL$BDFBA881")
      MERGE(@"SEL$9")
      MERGE(@"SEL$FC56C448")
      OUTLINE(@"SEL$10")
      OUTLINE(@"SEL$9")
      OUTLINE(@"SEL$FC56C448")
      MERGE(@"SEL$7")
      OUTLINE(@"SEL$8")
      OUTLINE(@"SEL$7")
      NO_ACCESS(@"SEL$0C04A374" "INFO_WITH_MEMBER_ID"@"SEL$2")
      NO_ACCESS(@"SEL$0C04A374" "ENROLLMENT"@"SEL$30")
      INDEX_RS_ASC(@"SEL$0C04A374" "BENEFIT"@"SEL$46" ("T_BENSPKG"."BENP_ID"))
      INDEX_RS_ASC(@"SEL$0C04A374" "AFFMEMBER"@"SEL$1" ("T_USR"."USR_ID"))
      LEADING(@"SEL$0C04A374" "INFO_WITH_MEMBER_ID"@"SEL$2" "ENROLLMENT"@"SEL$30" "BENEFIT"@"SEL$46" "AFFMEMBER"@"SEL$1")
      USE_HASH(@"SEL$0C04A374" "ENROLLMENT"@"SEL$30")
      USE_NL(@"SEL$0C04A374" "BENEFIT"@"SEL$46")
      USE_NL(@"SEL$0C04A374" "AFFMEMBER"@"SEL$1")
      SWAP_JOIN_INPUTS(@"SEL$0C04A374" "ENROLLMENT"@"SEL$30")
      NO_ACCESS(@"SEL$3" "INFO"@"SEL$3")
      FULL(@"SEL$42" "T_SRC_ENNS"@"SEL$42")
      PQ_FILTER(@"SEL$42" SERIAL)
      FULL(@"SEL$35" "T_SRC_ENNS"@"SEL$35")
      PQ_FILTER(@"SEL$35" SERIAL)
      INDEX(@"SEL$5F185B4C" "T_ENNS_MASTERUSER"@"SEL$31" ("T_USR"."USR_ID"))
      INDEX(@"SEL$5F185B4C" "T_ENNS_SLAVEUSER"@"SEL$31" "IX_NVL_USR_MRGEMSTR_USR_ID")
      INDEX_RS_ASC(@"SEL$5F185B4C" "T_CURR_ENNS"@"SEL$32" "IX_ELNS_MEMBENLTDTDSNTDTSTTID")
      INDEX_RS_ASC(@"SEL$5F185B4C" "T_MAX_DISENROLLMENT_ENROLLMENT"@"SEL$33" "IX_ELNS_MEMBENLTDTDSNTDTSTTID")
      LEADING(@"SEL$5F185B4C" "T_ENNS_MASTERUSER"@"SEL$31" "T_ENNS_SLAVEUSER"@"SEL$31" "T_CURR_ENNS"@"SEL$32"
              "T_MAX_DISENROLLMENT_ENROLLMENT"@"SEL$33")
      USE_NL(@"SEL$5F185B4C" "T_ENNS_SLAVEUSER"@"SEL$31")
      USE_NL(@"SEL$5F185B4C" "T_CURR_ENNS"@"SEL$32")
      USE_NL(@"SEL$5F185B4C" "T_MAX_DISENROLLMENT_ENROLLMENT"@"SEL$33")
      INDEX(@"SEL$CDBEA42D" "T_ENNS_MASTERUSER"@"SEL$36" ("T_USR"."USR_ID"))
      INDEX(@"SEL$CDBEA42D" "T_ENNS_SLAVEUSER"@"SEL$36" "IX_NVL_USR_MRGEMSTR_USR_ID")
      INDEX_RS_ASC(@"SEL$CDBEA42D" "T_CURR_ENNS"@"SEL$37" "IX_ELNS_MEMBENLTDTDSNTDTSTTID")
      INDEX_RS_ASC(@"SEL$CDBEA42D" "T_MAX_DISENROLLMENT_ENROLLMENT"@"SEL$38" "IX_ELNS_MEMBENLTDTDSNTDTSTTID")
      LEADING(@"SEL$CDBEA42D" "T_ENNS_MASTERUSER"@"SEL$36" "T_ENNS_SLAVEUSER"@"SEL$36" "T_CURR_ENNS"@"SEL$37"
              "T_MAX_DISENROLLMENT_ENROLLMENT"@"SEL$38")
      USE_NL(@"SEL$CDBEA42D" "T_ENNS_SLAVEUSER"@"SEL$36")
      USE_NL(@"SEL$CDBEA42D" "T_CURR_ENNS"@"SEL$37")
      USE_NL(@"SEL$CDBEA42D" "T_MAX_DISENROLLMENT_ENROLLMENT"@"SEL$38")
      NO_ACCESS(@"SEL$6" "from$_subquery$_005"@"SEL$6")
      INDEX_RS_ASC(@"SEL$2D594895" "T"@"SEL$8" ("T_SENTTSK"."SETK_OBJ_STT"))
      BATCH_TABLE_ACCESS_BY_ROWID(@"SEL$2D594895" "T"@"SEL$8")
      INDEX_RS_ASC(@"SEL$2D594895" "OWN"@"SEL$7" ("T_USR"."USR_ID"))
      INDEX_RS_ASC(@"SEL$2D594895" "TASKTYPE"@"SEL$15" ("T_DDL_ITEM"."DDLI_ID"))
      INDEX_RS_ASC(@"SEL$2D594895" "REASON"@"SEL$17" ("T_DDL_ITEM"."DDLI_ID"))
      INDEX_RS_ASC(@"SEL$2D594895" "AUTH"@"SEL$21" ("T_UM_BASE"."UMBS_ID"))
      INDEX_RS_ASC(@"SEL$2D594895" "CASEORCM"@"SEL$19" ("T_CM_BASEBASE"."CMBB_ID"))
      INDEX_RS_ASC(@"SEL$2D594895" "PREVOWNER"@"SEL$9" ("T_USR"."USR_ID"))
      INDEX_RS_ASC(@"SEL$2D594895" "MEMBER"@"SEL$11" ("T_USR"."USR_ID"))
      INDEX_RS_ASC(@"SEL$2D594895" "ORIGCREATOR"@"SEL$13" ("T_USR"."USR_ID"))
      INDEX_RS_ASC(@"SEL$2D594895" "PROVIDER"@"SEL$23" ("T_USR"."USR_ID"))
      INDEX_RS_ASC(@"SEL$2D594895" "MOD"@"SEL$25" ("T_USR"."USR_ID"))
      INDEX_RS_ASC(@"SEL$2D594895" "SENDER"@"SEL$27" ("T_USR"."USR_ID"))
      LEADING(@"SEL$2D594895" "T"@"SEL$8" "OWN"@"SEL$7" "TASKTYPE"@"SEL$15" "REASON"@"SEL$17" "AUTH"@"SEL$21" "CASEORCM"@"SEL$19"
              "PREVOWNER"@"SEL$9" "MEMBER"@"SEL$11" "ORIGCREATOR"@"SEL$13" "PROVIDER"@"SEL$23" "MOD"@"SEL$25" "SENDER"@"SEL$27")
      USE_HASH(@"SEL$2D594895" "OWN"@"SEL$7")
      USE_NL(@"SEL$2D594895" "TASKTYPE"@"SEL$15")
      USE_NL(@"SEL$2D594895" "REASON"@"SEL$17")
      USE_NL(@"SEL$2D594895" "AUTH"@"SEL$21")
      USE_NL(@"SEL$2D594895" "CASEORCM"@"SEL$19")
      USE_NL(@"SEL$2D594895" "PREVOWNER"@"SEL$9")
      USE_NL(@"SEL$2D594895" "MEMBER"@"SEL$11")
      USE_NL(@"SEL$2D594895" "ORIGCREATOR"@"SEL$13")
      USE_NL(@"SEL$2D594895" "PROVIDER"@"SEL$23")
      USE_NL(@"SEL$2D594895" "MOD"@"SEL$25")
      USE_NL(@"SEL$2D594895" "SENDER"@"SEL$27")
      SWAP_JOIN_INPUTS(@"SEL$2D594895" "OWN"@"SEL$7")
      INDEX_RS_ASC(@"SEL$5" "T_CM_BASEBASE"@"SEL$5" ("T_CM_BASEBASE"."CMBB_ID"))
      INDEX_RS_ASC(@"SEL$4" "T_UM_BASE"@"SEL$4" ("T_UM_BASE"."UMBS_ID"))
      END_OUTLINE_DATA
  */

Peeked Binds (identified by position):
--------------------------------------

   1 - :SYS_B_0 (NUMBER): 2
   2 - :1 (NUMBER): 11640563
   3 - :2 (NUMBER): 1
   4 - :3 (NUMBER): 3
   5 - :4 (NUMBER): 905
   6 - :5 (NUMBER): 906
   7 - :6 (NUMBER): 907
   8 - :7 (NUMBER): 908
   9 - :8 (NUMBER): 911
  10 - :9 (NUMBER): 912
  11 - :10 (NUMBER): 913
  12 - :SYS_B_1 (NUMBER): 500
  13 - :SYS_B_2 (VARCHAR2(30), CSID=178): '2020.11.28'
  14 - :SYS_B_3 (VARCHAR2(30), CSID=178): 'yyyy.MM.dd'

Note
-----
   - dynamic statistics used: dynamic sampling (level=2)
   - 5 Sql Plan Directives used for this statement

SQL_ID 0sjx29v99zfqc
--------------------
SELECT INFO_WITH_MEMBER_ID.*,     enrollment.ELNS_INSCPRSRGRP
ipgGroupId,     benefit.BENP_LWSTLVL_PRODCAT productCategoryId,
affMember.USR_FRSTNAM affiliatedMemberFirstName,
affMember.USR_LAS_NAM affiliatedMemberLastName FROM (   SELECT INFO.*,
   CASE     WHEN INFO.memberAffiliationId IS NOT NULL THEN
(INFO.memberAffiliationId)     WHEN INFO.authAffiliationId IS NOT NULL
THEN (SELECT UMBS_MEMB FROM T_UM_BASE WHERE
UMBS_ID=INFO.authAffiliationId)     WHEN
INFO.careManagementAffiliationId IS NOT NULL THEN (SELECT CMBS_MEMB
FROM T_CM_BASEBASE WHERE CMBB_ID=INFO.careManagementAffiliationId)
WHEN INFO.providerAffiliationId IS NOT NULL THEN
(INFO.providerAffiliationId)     ELSE (NULL)     END
affiliatedMemberId   FROM (   SELECT * FROM (     SELECT
T.SETK_ID AS id,         T.SETK_C4C_ID AS c4cId,         T.SETK_UNIVID
AS universalId,         taskType.TSKT_RCPTTYP AS categoryId,
T.SETK_TSK_TYP AS taskTypeId,         taskType.DDLI_LBL AS
taskTypeLabel,         T.SETK_TSK_NAM AS taskName,         T.SETK_SUBJ
AS subject,         T.SETK_CRTD AS createDate,         T.SETK_SENT AS
sentDate,         T.SETK_SRTD AS startedDate,
T.SETK_TSK_TIMG_STRTDT AS startDate,         T.SETK_TSK_TIMG_SCLDAT AS
startDateSeconds,         T.SETK_TSK_TIMG_DDLN_DT AS dueDate,
T.SETK_TSK_TIMG_DDLN_TIM_IN_DY AS dueDateSeconds,         T.SETK_OWNR
AS ownerId,         own.USR_FRSTNAM AS ownerFirstName,
own.USR_LAS_NAM AS ownerLastName,         own.CLASSTYPE AS ownerType,
      T.SETK_OBJ_STT AS status,         T.SETK_AFFN_MEMB AS
memberAffiliationId,         member.USR_C4C_ID AS memberC4cId,
member.USR_FRSTNAM AS memberFirstName,         member.USR_LAS_NAM AS
memberLastName,         T.SETK_AFFN_CM AS careManagementAffiliationId,
       caseOrCm.CMBB_C4C_ID AS caseOrCmC4cId,
T.SETK_AFFN_UM_EVNT AS authAffiliationId,         auth.UMBS_C4C_ID AS
authAffiliationC4cId,         T.SETK_AFFN_PVDR AS
providerAffiliationId,         provider.USR_C4C_ID AS providerC4cId,
     T.SETK_TSK_TIMG_SNLTDT AS startNoLaterThanDate,
T.SETK_CNCLRESN AS cancelReasonId,         T.SETK_ORIGCRTR AS
originalCreatorId,         origCreator.USR_FRSTNAM AS
originalCreatorFirstName,         origCreator.USR_LAS_NAM AS
originalCreatorLastName,         caseOrCm.CLASSTYPE AS
caseOrCmClasstype,         T.SETK_TSK_DSCN AS description,
T.SETK_CMPD AS completedDate,         T.SETK_LAS_ACT_TIM AS
lastActionDate,         mod.USR_FRSTNAM lastModifiedByFirstName,
 mod.USR_LAS_NAM lastModifiedByLastName,         T.SETK_PRVSOWNR AS
previousOwnerId,         prevOwner.USR_FRSTNAM AS
previousOwnerFirstName,         prevOwner.USR_LAS_NAM AS
previousOwnerLastName,         prevOwner.CLASSTYPE AS
previousOwnerType,         CASE             WHEN
T.SETK_TSK_TIMG_DDLN_DT IS NOT NULL THEN (T.SETK_TSK_TIMG_DDLN_DT)
       WHEN T.SETK_TSK_TIMG_STRTDT IS NOT NULL THEN
(T.SETK_TSK_TIMG_STRTDT)             WHEN T.SETK_TSK_TIMG_SNLTDT IS NOT
NULL THEN (T.SETK_TSK_TIMG_SNLTDT)             ELSE (NULL)         END
       filterDate,         sender.USR_FRSTNAM fromUserFirstName,
 sender.USR_LAS_NAM fromUserLastName,         T.SETK_RESCHEDULE_REASON
AS rescheduleReason,         reason.DDLI_LBL AS rescheduleReasonLabel,
       T.SETK_RESCHEDULE_COMMENT AS rescheduleComment       FROM
T_SENTTSK T       LEFT OUTER JOIN T_USR own ON own.USR_ID=T.SETK_OWNR
    LEFT OUTER JOIN T_USR prevOwner ON prevOwner.USR_ID=T.SETK_PRVSOWNR
      LEFT OUTER JOIN T_USR member ON member.USR_ID=T.SETK_AFFN_MEMB
   LEFT OUTER JOIN T_USR origCreator ON
origCreator.USR_ID=T.SETK_ORIGCRTR       LEFT OUTER JOIN T_DDL_ITEM
taskType ON taskType.DDLI_ID=T.SETK_TSK_TYP       LEFT OUTER JOIN
T_DDL_ITEM reason ON reason.DDLI_ID=T.SETK_RESCHEDULE_REASON       LEFT
OUTER JOIN T_CM_BASEBASE caseOrCm ON caseOrCm.CMBB_ID=T.SETK_AFFN_CM
   LEFT OUTER JOIN T_UM_BASE auth ON auth.UMBS_ID=T.SETK_AFFN_UM_EVNT
    LEFT OUTER JOIN T_USR provider

Plan hash value: 1795573849

---------------------------------------------------------------------------------------------------------------------------------
| Id  | Operation                                       | Name                          | Rows  | Bytes | Cost (%CPU)| Time     |
---------------------------------------------------------------------------------------------------------------------------------
|   0 | SELECT STATEMENT                                |                               |       |       |  2259K(100)|          |
|   1 |  TABLE ACCESS BY INDEX ROWID                    | T_UM_BASE                     |     1 |    12 |     1   (0)| 00:00:01 |
|   2 |   INDEX UNIQUE SCAN                             | PK_T_UM_BASE                  |     1 |       |     1   (0)| 00:00:01 |
|   3 |   TABLE ACCESS BY INDEX ROWID                   | T_CM_BASEBASE                 |     1 |    12 |     1   (0)| 00:00:01 |
|   4 |    INDEX UNIQUE SCAN                            | PK_T_CM_BASEBASE              |     1 |       |     1   (0)| 00:00:01 |
|   5 |  NESTED LOOPS OUTER                             |                               |    49 |  2245K|  2259K  (1)| 00:01:29 |
|   6 |   NESTED LOOPS OUTER                            |                               |    49 |  2244K|  2259K  (1)| 00:01:29 |
|   7 |    HASH JOIN RIGHT OUTER                        |                               |    49 |  2243K|  2259K  (1)| 00:01:29 |
|   8 |     VIEW                                        | V_CURR_ENROLLMENT             |     2 |    78 |  2259K  (1)| 00:01:29 |
|   9 |      SORT UNIQUE                                |                               |     2 |  1092 |  2259K  (1)| 00:01:29 |
|  10 |       UNION-ALL                                 |                               |       |       |            |          |
|  11 |        FILTER                                   |                               |       |       |            |          |
|  12 |         FILTER                                  |                               |       |       |            |          |
|  13 |          TABLE ACCESS STORAGE FULL              | T_ENNS                        |   245K|    64M|   160K  (1)| 00:00:07 |
|  14 |          FAST DUAL                              |                               |     1 |       |     2   (0)| 00:00:01 |
|  15 |         SORT GROUP BY NOSORT                    |                               |     1 |    72 |     4   (0)| 00:00:01 |
|  16 |          NESTED LOOPS OUTER                     |                               |     1 |    72 |     4   (0)| 00:00:01 |
|  17 |           NESTED LOOPS                          |                               |     1 |    50 |     3   (0)| 00:00:01 |
|  18 |            NESTED LOOPS                         |                               |     1 |    12 |     2   (0)| 00:00:01 |
|  19 |             INDEX UNIQUE SCAN                   | PK_T_USR                      |     1 |     6 |     1   (0)| 00:00:01 |
|  20 |             INDEX RANGE SCAN                    | IX_NVL_USR_MRGEMSTR_USR_ID    |     1 |     6 |     1   (0)| 00:00:01 |
|  21 |            TABLE ACCESS BY INDEX ROWID          | T_ENNS                        |     1 |    38 |     1   (0)| 00:00:01 |
|  22 |             INDEX RANGE SCAN                    | IX_ELNS_MEMBENLTDTDSNTDTSTTID |     2 |       |     1   (0)| 00:00:01 |
|  23 |           TABLE ACCESS BY INDEX ROWID           | T_ENNS                        |     1 |    22 |     1   (0)| 00:00:01 |
|  24 |            INDEX RANGE SCAN                     | IX_ELNS_MEMBENLTDTDSNTDTSTTID |     1 |       |     1   (0)| 00:00:01 |
|  25 |        FILTER                                   |                               |       |       |            |          |
|  26 |         FILTER                                  |                               |       |       |            |          |
|  27 |          TABLE ACCESS STORAGE FULL              | T_ENNS                        |   245K|    64M|   160K  (1)| 00:00:07 |
|  28 |          FAST DUAL                              |                               |     1 |       |     2   (0)| 00:00:01 |
|  29 |         SORT GROUP BY NOSORT                    |                               |     1 |    72 |     4   (0)| 00:00:01 |
|  30 |          NESTED LOOPS OUTER                     |                               |     1 |    72 |     4   (0)| 00:00:01 |
|  31 |           NESTED LOOPS                          |                               |     1 |    50 |     3   (0)| 00:00:01 |
|  32 |            NESTED LOOPS                         |                               |     1 |    12 |     2   (0)| 00:00:01 |
|  33 |             INDEX UNIQUE SCAN                   | PK_T_USR                      |     1 |     6 |     1   (0)| 00:00:01 |
|  34 |             INDEX RANGE SCAN                    | IX_NVL_USR_MRGEMSTR_USR_ID    |     1 |     6 |     1   (0)| 00:00:01 |
|  35 |            TABLE ACCESS BY INDEX ROWID          | T_ENNS                        |     1 |    38 |     1   (0)| 00:00:01 |
|  36 |             INDEX RANGE SCAN                    | IX_ELNS_MEMBENLTDTDSNTDTSTTID |     2 |       |     1   (0)| 00:00:01 |
|  37 |           TABLE ACCESS BY INDEX ROWID           | T_ENNS                        |     1 |    22 |     1   (0)| 00:00:01 |
|  38 |            INDEX RANGE SCAN                     | IX_ELNS_MEMBENLTDTDSNTDTSTTID |     1 |       |     1   (0)| 00:00:01 |
|  39 |     VIEW                                        |                               |    49 |  2241K|    59   (2)| 00:00:01 |
|  40 |      VIEW                                       |                               |    49 |  2241K|    14   (8)| 00:00:01 |
|  41 |       COUNT STOPKEY                             |                               |       |       |            |          |
|  42 |        VIEW                                     |                               |    49 |  2241K|    14   (8)| 00:00:01 |
|  43 |         SORT ORDER BY STOPKEY                   |                               |    49 | 38220 |    14   (8)| 00:00:01 |
|  44 |          NESTED LOOPS OUTER                     |                               |    49 | 38220 |    13   (0)| 00:00:01 |
|  45 |           NESTED LOOPS OUTER                    |                               |    49 | 37142 |    12   (0)| 00:00:01 |
|  46 |            NESTED LOOPS OUTER                   |                               |    49 | 36064 |    11   (0)| 00:00:01 |
|  47 |             NESTED LOOPS OUTER                  |                               |    49 | 34986 |    10   (0)| 00:00:01 |
|  48 |              NESTED LOOPS OUTER                 |                               |    49 | 33810 |     9   (0)| 00:00:01 |
|  49 |               NESTED LOOPS OUTER                |                               |    49 | 32438 |     8   (0)| 00:00:01 |
|  50 |                NESTED LOOPS OUTER               |                               |    49 | 31360 |     7   (0)| 00:00:01 |
|  51 |                 NESTED LOOPS OUTER              |                               |    49 | 29596 |     6   (0)| 00:00:01 |
|  52 |                  NESTED LOOPS OUTER             |                               |    49 | 27881 |     5   (0)| 00:00:01 |
|  53 |                   NESTED LOOPS OUTER            |                               |    49 | 26999 |     4   (0)| 00:00:01 |
|  54 |                    MERGE JOIN OUTER             |                               |    49 | 26068 |     3   (0)| 00:00:01 |
|  55 |                     INLIST ITERATOR             |                               |       |       |            |          |
|  56 |                      TABLE ACCESS BY INDEX ROWID| T_SENTTSK                     |    49 | 24304 |     2   (0)| 00:00:01 |
|  57 |                       INDEX RANGE SCAN          | IX_SETK_OBJ_STT               |  1768 |       |     1   (0)| 00:00:01 |
|  58 |                     BUFFER SORT                 |                               |     1 |    36 |     1   (0)| 00:00:01 |
|  59 |                      TABLE ACCESS BY INDEX ROWID| T_USR                         |     1 |    36 |     1   (0)| 00:00:01 |
|  60 |                       INDEX UNIQUE SCAN         | PK_T_USR                      |     1 |       |     1   (0)| 00:00:01 |
|  61 |                    TABLE ACCESS BY INDEX ROWID  | T_USR                         |     1 |    19 |     1   (0)| 00:00:01 |
|  62 |                     INDEX UNIQUE SCAN           | PK_T_USR                      |     1 |       |     1   (0)| 00:00:01 |
|  63 |                   TABLE ACCESS BY INDEX ROWID   | T_UM_BASE                     |     1 |    18 |     1   (0)| 00:00:01 |
|  64 |                    INDEX UNIQUE SCAN            | PK_T_UM_BASE                  |     1 |       |     1   (0)| 00:00:01 |
|  65 |                  TABLE ACCESS BY INDEX ROWID    | T_USR                         |     1 |    35 |     1   (0)| 00:00:01 |
|  66 |                   INDEX UNIQUE SCAN             | PK_T_USR                      |     1 |       |     1   (0)| 00:00:01 |
|  67 |                 TABLE ACCESS BY INDEX ROWID     | T_USR                         |     1 |    36 |     1   (0)| 00:00:01 |
|  68 |                  INDEX UNIQUE SCAN              | PK_T_USR                      |     1 |       |     1   (0)| 00:00:01 |
|  69 |                TABLE ACCESS BY INDEX ROWID      | T_USR                         |     1 |    22 |     1   (0)| 00:00:01 |
|  70 |                 INDEX UNIQUE SCAN               | PK_T_USR                      |     1 |       |     1   (0)| 00:00:01 |
|  71 |               TABLE ACCESS BY INDEX ROWID       | T_CM_BASEBASE                 |     1 |    28 |     1   (0)| 00:00:01 |
|  72 |                INDEX UNIQUE SCAN                | PK_T_CM_BASEBASE              |     1 |       |     1   (0)| 00:00:01 |
|  73 |              TABLE ACCESS BY INDEX ROWID        | T_DDL_ITEM                    |     1 |    24 |     1   (0)| 00:00:01 |
|  74 |               INDEX UNIQUE SCAN                 | PK_T_DDL_ITEM                 |     1 |       |     1   (0)| 00:00:01 |
|  75 |             TABLE ACCESS BY INDEX ROWID         | T_USR                         |     1 |    22 |     1   (0)| 00:00:01 |
|  76 |              INDEX UNIQUE SCAN                  | PK_T_USR                      |     1 |       |     1   (0)| 00:00:01 |
|  77 |            TABLE ACCESS BY INDEX ROWID          | T_USR                         |     1 |    22 |     1   (0)| 00:00:01 |
|  78 |             INDEX UNIQUE SCAN                   | PK_T_USR                      |     1 |       |     1   (0)| 00:00:01 |
|  79 |           TABLE ACCESS BY INDEX ROWID           | T_DDL_ITEM                    |     1 |    22 |     1   (0)| 00:00:01 |
|  80 |            INDEX UNIQUE SCAN                    | PK_T_DDL_ITEM                 |     1 |       |     1   (0)| 00:00:01 |
|  81 |    TABLE ACCESS BY INDEX ROWID                  | T_BENSPKG                     |     1 |    12 |     1   (0)| 00:00:01 |
|  82 |     INDEX UNIQUE SCAN                           | PK_T_BENSPKG                  |     1 |       |     1   (0)| 00:00:01 |
|  83 |   TABLE ACCESS BY INDEX ROWID                   | T_USR                         |     1 |    22 |     1   (0)| 00:00:01 |
|  84 |    INDEX UNIQUE SCAN                            | PK_T_USR                      |     1 |       |     1   (0)| 00:00:01 |
---------------------------------------------------------------------------------------------------------------------------------

Query Block Name / Object Alias (identified by operation id):
-------------------------------------------------------------

   1 - SEL$4        / T_UM_BASE@SEL$4
   2 - SEL$4        / T_UM_BASE@SEL$4
   3 - SEL$5        / T_CM_BASEBASE@SEL$5
   4 - SEL$5        / T_CM_BASEBASE@SEL$5
   5 - SEL$0C04A374
   8 - SET$1        / ENROLLMENT@SEL$30
   9 - SET$1
  11 - SEL$35
  13 - SEL$35       / T_SRC_ENNS@SEL$35
  14 - SEL$40       / DUAL@SEL$40
  15 - SEL$5F185B4C
  19 - SEL$5F185B4C / T_ENNS_MASTERUSER@SEL$31
  20 - SEL$5F185B4C / T_ENNS_SLAVEUSER@SEL$31
  21 - SEL$5F185B4C / T_CURR_ENNS@SEL$32
  22 - SEL$5F185B4C / T_CURR_ENNS@SEL$32
  23 - SEL$5F185B4C / T_MAX_DISENROLLMENT_ENROLLMENT@SEL$33
  24 - SEL$5F185B4C / T_MAX_DISENROLLMENT_ENROLLMENT@SEL$33
  25 - SEL$42
  27 - SEL$42       / T_SRC_ENNS@SEL$42
  28 - SEL$43       / DUAL@SEL$43
  29 - SEL$CDBEA42D
  33 - SEL$CDBEA42D / T_ENNS_MASTERUSER@SEL$36
  34 - SEL$CDBEA42D / T_ENNS_SLAVEUSER@SEL$36
  35 - SEL$CDBEA42D / T_CURR_ENNS@SEL$37
  36 - SEL$CDBEA42D / T_CURR_ENNS@SEL$37
  37 - SEL$CDBEA42D / T_MAX_DISENROLLMENT_ENROLLMENT@SEL$38
  38 - SEL$CDBEA42D / T_MAX_DISENROLLMENT_ENROLLMENT@SEL$38
  39 - SEL$3        / INFO_WITH_MEMBER_ID@SEL$2
  40 - SEL$6        / INFO@SEL$3
  41 - SEL$6
  42 - SEL$2D594895 / from$_subquery$_005@SEL$6
  43 - SEL$2D594895
  56 - SEL$2D594895 / T@SEL$8
  57 - SEL$2D594895 / T@SEL$8
  59 - SEL$2D594895 / OWN@SEL$7
  60 - SEL$2D594895 / OWN@SEL$7
  61 - SEL$2D594895 / PROVIDER@SEL$23
  62 - SEL$2D594895 / PROVIDER@SEL$23
  63 - SEL$2D594895 / AUTH@SEL$21
  64 - SEL$2D594895 / AUTH@SEL$21
  65 - SEL$2D594895 / MEMBER@SEL$11
  66 - SEL$2D594895 / MEMBER@SEL$11
  67 - SEL$2D594895 / PREVOWNER@SEL$9
  68 - SEL$2D594895 / PREVOWNER@SEL$9
  69 - SEL$2D594895 / SENDER@SEL$27
  70 - SEL$2D594895 / SENDER@SEL$27
  71 - SEL$2D594895 / CASEORCM@SEL$19
  72 - SEL$2D594895 / CASEORCM@SEL$19
  73 - SEL$2D594895 / TASKTYPE@SEL$15
  74 - SEL$2D594895 / TASKTYPE@SEL$15
  75 - SEL$2D594895 / ORIGCREATOR@SEL$13
  76 - SEL$2D594895 / ORIGCREATOR@SEL$13
  77 - SEL$2D594895 / MOD@SEL$25
  78 - SEL$2D594895 / MOD@SEL$25
  79 - SEL$2D594895 / REASON@SEL$17
  80 - SEL$2D594895 / REASON@SEL$17
  81 - SEL$0C04A374 / BENEFIT@SEL$46
  82 - SEL$0C04A374 / BENEFIT@SEL$46
  83 - SEL$0C04A374 / AFFMEMBER@SEL$1
  84 - SEL$0C04A374 / AFFMEMBER@SEL$1

Outline Data
-------------

  /*+
      BEGIN_OUTLINE_DATA
      IGNORE_OPTIM_EMBEDDED_HINTS
      OPTIMIZER_FEATURES_ENABLE('12.1.0.2')
      DB_VERSION('12.1.0.2')
      OPT_PARAM('optimizer_index_cost_adj' 1)
      OPT_PARAM('optimizer_index_caching' 90)
      ALL_ROWS
      OUTLINE_LEAF(@"SEL$4")
      OUTLINE_LEAF(@"SEL$5")
      OUTLINE_LEAF(@"SEL$2D594895")
      MERGE(@"SEL$2DE0C8FF")
      OUTLINE_LEAF(@"SEL$6")
      OUTLINE_LEAF(@"SEL$3")
      OUTLINE_LEAF(@"SEL$40")
      OUTLINE_LEAF(@"SEL$5F185B4C")
      MERGE(@"SEL$6B15F4E0")
      OUTLINE_LEAF(@"SEL$35")
      OUTLINE_LEAF(@"SEL$43")
      OUTLINE_LEAF(@"SEL$CDBEA42D")
      MERGE(@"SEL$57BA8109")
      OUTLINE_LEAF(@"SEL$42")
      OUTLINE_LEAF(@"SET$1")
      OUTLINE_LEAF(@"SEL$0C04A374")
      MERGE(@"SEL$BC270230")
      OUTLINE(@"SEL$29")
      OUTLINE(@"SEL$2DE0C8FF")
      MERGE(@"SEL$27")
      MERGE(@"SEL$3B95C159")
      OUTLINE(@"SEL$41")
      OUTLINE(@"SEL$6B15F4E0")
      MERGE(@"SEL$78FE80F3")
      OUTLINE(@"SEL$44")
      OUTLINE(@"SEL$57BA8109")
      MERGE(@"SEL$516D3A01")
      OUTLINE(@"SEL$48")
      OUTLINE(@"SEL$BC270230")
      MERGE(@"SEL$409758B4")
      MERGE(@"SEL$46")
      OUTLINE(@"SEL$28")
      OUTLINE(@"SEL$27")
      OUTLINE(@"SEL$3B95C159")
      MERGE(@"SEL$25")
      MERGE(@"SEL$6D003707")
      OUTLINE(@"SEL$D570F096")
      MERGE(@"SEL$33")
      OUTLINE(@"SEL$78FE80F3")
      MERGE(@"SEL$31")
      OUTLINE(@"SEL$067B9A3E")
      MERGE(@"SEL$38")
      OUTLINE(@"SEL$516D3A01")
      MERGE(@"SEL$36")
      OUTLINE(@"SEL$47")
      OUTLINE(@"SEL$409758B4")
      MERGE(@"SEL$30")
      MERGE(@"SEL$58A6D7F6")
      OUTLINE(@"SEL$46")
      OUTLINE(@"SEL$26")
      OUTLINE(@"SEL$25")
      OUTLINE(@"SEL$6D003707")
      MERGE(@"SEL$23")
      MERGE(@"SEL$23FAB6D1")
      OUTLINE(@"SEL$34")
      OUTLINE(@"SEL$33")
      OUTLINE(@"SEL$32")
      OUTLINE(@"SEL$31")
      OUTLINE(@"SEL$39")
      OUTLINE(@"SEL$38")
      OUTLINE(@"SEL$37")
      OUTLINE(@"SEL$36")
      OUTLINE(@"SEL$45")
      OUTLINE(@"SEL$30")
      OUTLINE(@"SEL$58A6D7F6")
      MERGE(@"SEL$1")
      OUTLINE(@"SEL$24")
      OUTLINE(@"SEL$23")
      OUTLINE(@"SEL$23FAB6D1")
      MERGE(@"SEL$21")
      MERGE(@"SEL$97A30ECD")
      OUTLINE(@"SEL$2")
      OUTLINE(@"SEL$1")
      OUTLINE(@"SEL$22")
      OUTLINE(@"SEL$21")
      OUTLINE(@"SEL$97A30ECD")
      MERGE(@"SEL$19")
      MERGE(@"SEL$CF22A5CA")
      OUTLINE(@"SEL$20")
      OUTLINE(@"SEL$19")
      OUTLINE(@"SEL$CF22A5CA")
      MERGE(@"SEL$17")
      MERGE(@"SEL$FF97D7FC")
      OUTLINE(@"SEL$18")
      OUTLINE(@"SEL$17")
      OUTLINE(@"SEL$FF97D7FC")
      MERGE(@"SEL$15")
      MERGE(@"SEL$DE5D921C")
      OUTLINE(@"SEL$16")
      OUTLINE(@"SEL$15")
      OUTLINE(@"SEL$DE5D921C")
      MERGE(@"SEL$01DD7F33")
      MERGE(@"SEL$13")
      OUTLINE(@"SEL$14")
      OUTLINE(@"SEL$01DD7F33")
      MERGE(@"SEL$11")
      MERGE(@"SEL$BDFBA881")
      OUTLINE(@"SEL$13")
      OUTLINE(@"SEL$12")
      OUTLINE(@"SEL$11")
      OUTLINE(@"SEL$BDFBA881")
      MERGE(@"SEL$9")
      MERGE(@"SEL$FC56C448")
      OUTLINE(@"SEL$10")
      OUTLINE(@"SEL$9")
      OUTLINE(@"SEL$FC56C448")
      MERGE(@"SEL$7")
      OUTLINE(@"SEL$8")
      OUTLINE(@"SEL$7")
      NO_ACCESS(@"SEL$0C04A374" "INFO_WITH_MEMBER_ID"@"SEL$2")
      NO_ACCESS(@"SEL$0C04A374" "ENROLLMENT"@"SEL$30")
      INDEX_RS_ASC(@"SEL$0C04A374" "BENEFIT"@"SEL$46" ("T_BENSPKG"."BENP_ID"))
      INDEX_RS_ASC(@"SEL$0C04A374" "AFFMEMBER"@"SEL$1" ("T_USR"."USR_ID"))
      LEADING(@"SEL$0C04A374" "INFO_WITH_MEMBER_ID"@"SEL$2" "ENROLLMENT"@"SEL$30" "BENEFIT"@"SEL$46" "AFFMEMBER"@"SEL$1")
      USE_HASH(@"SEL$0C04A374" "ENROLLMENT"@"SEL$30")
      USE_NL(@"SEL$0C04A374" "BENEFIT"@"SEL$46")
      USE_NL(@"SEL$0C04A374" "AFFMEMBER"@"SEL$1")
      SWAP_JOIN_INPUTS(@"SEL$0C04A374" "ENROLLMENT"@"SEL$30")
      NO_ACCESS(@"SEL$3" "INFO"@"SEL$3")
      FULL(@"SEL$42" "T_SRC_ENNS"@"SEL$42")
      PQ_FILTER(@"SEL$42" SERIAL)
      FULL(@"SEL$35" "T_SRC_ENNS"@"SEL$35")
      PQ_FILTER(@"SEL$35" SERIAL)
      INDEX(@"SEL$5F185B4C" "T_ENNS_MASTERUSER"@"SEL$31" ("T_USR"."USR_ID"))
      INDEX(@"SEL$5F185B4C" "T_ENNS_SLAVEUSER"@"SEL$31" "IX_NVL_USR_MRGEMSTR_USR_ID")
      INDEX_RS_ASC(@"SEL$5F185B4C" "T_CURR_ENNS"@"SEL$32" "IX_ELNS_MEMBENLTDTDSNTDTSTTID")
      INDEX_RS_ASC(@"SEL$5F185B4C" "T_MAX_DISENROLLMENT_ENROLLMENT"@"SEL$33" "IX_ELNS_MEMBENLTDTDSNTDTSTTID")
      LEADING(@"SEL$5F185B4C" "T_ENNS_MASTERUSER"@"SEL$31" "T_ENNS_SLAVEUSER"@"SEL$31" "T_CURR_ENNS"@"SEL$32"
              "T_MAX_DISENROLLMENT_ENROLLMENT"@"SEL$33")
      USE_NL(@"SEL$5F185B4C" "T_ENNS_SLAVEUSER"@"SEL$31")
      USE_NL(@"SEL$5F185B4C" "T_CURR_ENNS"@"SEL$32")
      USE_NL(@"SEL$5F185B4C" "T_MAX_DISENROLLMENT_ENROLLMENT"@"SEL$33")
      INDEX(@"SEL$CDBEA42D" "T_ENNS_MASTERUSER"@"SEL$36" ("T_USR"."USR_ID"))
      INDEX(@"SEL$CDBEA42D" "T_ENNS_SLAVEUSER"@"SEL$36" "IX_NVL_USR_MRGEMSTR_USR_ID")
      INDEX_RS_ASC(@"SEL$CDBEA42D" "T_CURR_ENNS"@"SEL$37" "IX_ELNS_MEMBENLTDTDSNTDTSTTID")
      INDEX_RS_ASC(@"SEL$CDBEA42D" "T_MAX_DISENROLLMENT_ENROLLMENT"@"SEL$38" "IX_ELNS_MEMBENLTDTDSNTDTSTTID")
      LEADING(@"SEL$CDBEA42D" "T_ENNS_MASTERUSER"@"SEL$36" "T_ENNS_SLAVEUSER"@"SEL$36" "T_CURR_ENNS"@"SEL$37"
              "T_MAX_DISENROLLMENT_ENROLLMENT"@"SEL$38")
      USE_NL(@"SEL$CDBEA42D" "T_ENNS_SLAVEUSER"@"SEL$36")
      USE_NL(@"SEL$CDBEA42D" "T_CURR_ENNS"@"SEL$37")
      USE_NL(@"SEL$CDBEA42D" "T_MAX_DISENROLLMENT_ENROLLMENT"@"SEL$38")
      NO_ACCESS(@"SEL$6" "from$_subquery$_005"@"SEL$6")
      INDEX_RS_ASC(@"SEL$2D594895" "T"@"SEL$8" ("T_SENTTSK"."SETK_OBJ_STT"))
      INDEX_RS_ASC(@"SEL$2D594895" "OWN"@"SEL$7" ("T_USR"."USR_ID"))
      INDEX_RS_ASC(@"SEL$2D594895" "PROVIDER"@"SEL$23" ("T_USR"."USR_ID"))
      INDEX_RS_ASC(@"SEL$2D594895" "AUTH"@"SEL$21" ("T_UM_BASE"."UMBS_ID"))
      INDEX_RS_ASC(@"SEL$2D594895" "MEMBER"@"SEL$11" ("T_USR"."USR_ID"))
      INDEX_RS_ASC(@"SEL$2D594895" "PREVOWNER"@"SEL$9" ("T_USR"."USR_ID"))
      INDEX_RS_ASC(@"SEL$2D594895" "SENDER"@"SEL$27" ("T_USR"."USR_ID"))
      INDEX_RS_ASC(@"SEL$2D594895" "CASEORCM"@"SEL$19" ("T_CM_BASEBASE"."CMBB_ID"))
      INDEX_RS_ASC(@"SEL$2D594895" "TASKTYPE"@"SEL$15" ("T_DDL_ITEM"."DDLI_ID"))
      INDEX_RS_ASC(@"SEL$2D594895" "ORIGCREATOR"@"SEL$13" ("T_USR"."USR_ID"))
      INDEX_RS_ASC(@"SEL$2D594895" "MOD"@"SEL$25" ("T_USR"."USR_ID"))
      INDEX_RS_ASC(@"SEL$2D594895" "REASON"@"SEL$17" ("T_DDL_ITEM"."DDLI_ID"))
      LEADING(@"SEL$2D594895" "T"@"SEL$8" "OWN"@"SEL$7" "PROVIDER"@"SEL$23" "AUTH"@"SEL$21" "MEMBER"@"SEL$11"
              "PREVOWNER"@"SEL$9" "SENDER"@"SEL$27" "CASEORCM"@"SEL$19" "TASKTYPE"@"SEL$15" "ORIGCREATOR"@"SEL$13" "MOD"@"SEL$25"
              "REASON"@"SEL$17")
      USE_MERGE_CARTESIAN(@"SEL$2D594895" "OWN"@"SEL$7")
      USE_NL(@"SEL$2D594895" "PROVIDER"@"SEL$23")
      USE_NL(@"SEL$2D594895" "AUTH"@"SEL$21")
      USE_NL(@"SEL$2D594895" "MEMBER"@"SEL$11")
      USE_NL(@"SEL$2D594895" "PREVOWNER"@"SEL$9")
      USE_NL(@"SEL$2D594895" "SENDER"@"SEL$27")
      USE_NL(@"SEL$2D594895" "CASEORCM"@"SEL$19")
      USE_NL(@"SEL$2D594895" "TASKTYPE"@"SEL$15")
      USE_NL(@"SEL$2D594895" "ORIGCREATOR"@"SEL$13")
      USE_NL(@"SEL$2D594895" "MOD"@"SEL$25")
      USE_NL(@"SEL$2D594895" "REASON"@"SEL$17")
      INDEX_RS_ASC(@"SEL$5" "T_CM_BASEBASE"@"SEL$5" ("T_CM_BASEBASE"."CMBB_ID"))
      INDEX_RS_ASC(@"SEL$4" "T_UM_BASE"@"SEL$4" ("T_UM_BASE"."UMBS_ID"))
      END_OUTLINE_DATA
  */

Peeked Binds (identified by position):
--------------------------------------

   1 - :SYS_B_0 (NUMBER): 2
   2 - :1 (NUMBER): 11640563
   3 - :2 (NUMBER): 1
   4 - :3 (NUMBER): 3
   5 - :4 (NUMBER): 905
   6 - :5 (NUMBER): 906
   7 - :6 (NUMBER): 907
   8 - :7 (NUMBER): 908
   9 - :8 (NUMBER): 911
  10 - :9 (NUMBER): 912
  11 - :10 (NUMBER): 913
  12 - :SYS_B_1 (NUMBER): 500
  13 - :SYS_B_2 (VARCHAR2(30), CSID=178): '2020.12.04'
  14 - :SYS_B_3 (VARCHAR2(30), CSID=178): 'yyyy.MM.dd'

Note
-----
   - dynamic statistics used: dynamic sampling (level=2)
   - 5 Sql Plan Directives used for this statement

SQL_ID 0sjx29v99zfqc
--------------------
SELECT INFO_WITH_MEMBER_ID.*,     enrollment.ELNS_INSCPRSRGRP
ipgGroupId,     benefit.BENP_LWSTLVL_PRODCAT productCategoryId,
affMember.USR_FRSTNAM affiliatedMemberFirstName,
affMember.USR_LAS_NAM affiliatedMemberLastName FROM (   SELECT INFO.*,
   CASE     WHEN INFO.memberAffiliationId IS NOT NULL THEN
(INFO.memberAffiliationId)     WHEN INFO.authAffiliationId IS NOT NULL
THEN (SELECT UMBS_MEMB FROM T_UM_BASE WHERE
UMBS_ID=INFO.authAffiliationId)     WHEN
INFO.careManagementAffiliationId IS NOT NULL THEN (SELECT CMBS_MEMB
FROM T_CM_BASEBASE WHERE CMBB_ID=INFO.careManagementAffiliationId)
WHEN INFO.providerAffiliationId IS NOT NULL THEN
(INFO.providerAffiliationId)     ELSE (NULL)     END
affiliatedMemberId   FROM (   SELECT * FROM (     SELECT
T.SETK_ID AS id,         T.SETK_C4C_ID AS c4cId,         T.SETK_UNIVID
AS universalId,         taskType.TSKT_RCPTTYP AS categoryId,
T.SETK_TSK_TYP AS taskTypeId,         taskType.DDLI_LBL AS
taskTypeLabel,         T.SETK_TSK_NAM AS taskName,         T.SETK_SUBJ
AS subject,         T.SETK_CRTD AS createDate,         T.SETK_SENT AS
sentDate,         T.SETK_SRTD AS startedDate,
T.SETK_TSK_TIMG_STRTDT AS startDate,         T.SETK_TSK_TIMG_SCLDAT AS
startDateSeconds,         T.SETK_TSK_TIMG_DDLN_DT AS dueDate,
T.SETK_TSK_TIMG_DDLN_TIM_IN_DY AS dueDateSeconds,         T.SETK_OWNR
AS ownerId,         own.USR_FRSTNAM AS ownerFirstName,
own.USR_LAS_NAM AS ownerLastName,         own.CLASSTYPE AS ownerType,
      T.SETK_OBJ_STT AS status,         T.SETK_AFFN_MEMB AS
memberAffiliationId,         member.USR_C4C_ID AS memberC4cId,
member.USR_FRSTNAM AS memberFirstName,         member.USR_LAS_NAM AS
memberLastName,         T.SETK_AFFN_CM AS careManagementAffiliationId,
       caseOrCm.CMBB_C4C_ID AS caseOrCmC4cId,
T.SETK_AFFN_UM_EVNT AS authAffiliationId,         auth.UMBS_C4C_ID AS
authAffiliationC4cId,         T.SETK_AFFN_PVDR AS
providerAffiliationId,         provider.USR_C4C_ID AS providerC4cId,
     T.SETK_TSK_TIMG_SNLTDT AS startNoLaterThanDate,
T.SETK_CNCLRESN AS cancelReasonId,         T.SETK_ORIGCRTR AS
originalCreatorId,         origCreator.USR_FRSTNAM AS
originalCreatorFirstName,         origCreator.USR_LAS_NAM AS
originalCreatorLastName,         caseOrCm.CLASSTYPE AS
caseOrCmClasstype,         T.SETK_TSK_DSCN AS description,
T.SETK_CMPD AS completedDate,         T.SETK_LAS_ACT_TIM AS
lastActionDate,         mod.USR_FRSTNAM lastModifiedByFirstName,
 mod.USR_LAS_NAM lastModifiedByLastName,         T.SETK_PRVSOWNR AS
previousOwnerId,         prevOwner.USR_FRSTNAM AS
previousOwnerFirstName,         prevOwner.USR_LAS_NAM AS
previousOwnerLastName,         prevOwner.CLASSTYPE AS
previousOwnerType,         CASE             WHEN
T.SETK_TSK_TIMG_DDLN_DT IS NOT NULL THEN (T.SETK_TSK_TIMG_DDLN_DT)
       WHEN T.SETK_TSK_TIMG_STRTDT IS NOT NULL THEN
(T.SETK_TSK_TIMG_STRTDT)             WHEN T.SETK_TSK_TIMG_SNLTDT IS NOT
NULL THEN (T.SETK_TSK_TIMG_SNLTDT)             ELSE (NULL)         END
       filterDate,         sender.USR_FRSTNAM fromUserFirstName,
 sender.USR_LAS_NAM fromUserLastName,         T.SETK_RESCHEDULE_REASON
AS rescheduleReason,         reason.DDLI_LBL AS rescheduleReasonLabel,
       T.SETK_RESCHEDULE_COMMENT AS rescheduleComment       FROM
T_SENTTSK T       LEFT OUTER JOIN T_USR own ON own.USR_ID=T.SETK_OWNR
    LEFT OUTER JOIN T_USR prevOwner ON prevOwner.USR_ID=T.SETK_PRVSOWNR
      LEFT OUTER JOIN T_USR member ON member.USR_ID=T.SETK_AFFN_MEMB
   LEFT OUTER JOIN T_USR origCreator ON
origCreator.USR_ID=T.SETK_ORIGCRTR       LEFT OUTER JOIN T_DDL_ITEM
taskType ON taskType.DDLI_ID=T.SETK_TSK_TYP       LEFT OUTER JOIN
T_DDL_ITEM reason ON reason.DDLI_ID=T.SETK_RESCHEDULE_REASON       LEFT
OUTER JOIN T_CM_BASEBASE caseOrCm ON caseOrCm.CMBB_ID=T.SETK_AFFN_CM
   LEFT OUTER JOIN T_UM_BASE auth ON auth.UMBS_ID=T.SETK_AFFN_UM_EVNT
    LEFT OUTER JOIN T_USR provider

Plan hash value: 1870894448

---------------------------------------------------------------------------------------------------------------------------------
| Id  | Operation                                       | Name                          | Rows  | Bytes | Cost (%CPU)| Time     |
---------------------------------------------------------------------------------------------------------------------------------
|   0 | SELECT STATEMENT                                |                               |       |       |  2254K(100)|          |
|   1 |  TABLE ACCESS BY INDEX ROWID                    | T_UM_BASE                     |     1 |    12 |     1   (0)| 00:00:01 |
|   2 |   INDEX UNIQUE SCAN                             | PK_T_UM_BASE                  |     1 |       |     1   (0)| 00:00:01 |
|   3 |   TABLE ACCESS BY INDEX ROWID                   | T_CM_BASEBASE                 |     1 |    12 |     1   (0)| 00:00:01 |
|   4 |    INDEX UNIQUE SCAN                            | PK_T_CM_BASEBASE              |     1 |       |     1   (0)| 00:00:01 |
|   5 |  NESTED LOOPS OUTER                             |                               |    16 |   733K|  2254K  (1)| 00:01:29 |
|   6 |   NESTED LOOPS OUTER                            |                               |    16 |   732K|  2254K  (1)| 00:01:29 |
|   7 |    HASH JOIN RIGHT OUTER                        |                               |    16 |   732K|  2254K  (1)| 00:01:29 |
|   8 |     VIEW                                        | V_CURR_ENROLLMENT             |     2 |    78 |  2254K  (1)| 00:01:29 |
|   9 |      SORT UNIQUE                                |                               |     2 |  1092 |  2254K  (1)| 00:01:29 |
|  10 |       UNION-ALL                                 |                               |       |       |            |          |
|  11 |        FILTER                                   |                               |       |       |            |          |
|  12 |         FILTER                                  |                               |       |       |            |          |
|  13 |          TABLE ACCESS STORAGE FULL              | T_ENNS                        |   245K|    63M|   160K  (1)| 00:00:07 |
|  14 |          FAST DUAL                              |                               |     1 |       |     2   (0)| 00:00:01 |
|  15 |         SORT GROUP BY NOSORT                    |                               |     1 |    72 |     4   (0)| 00:00:01 |
|  16 |          NESTED LOOPS OUTER                     |                               |     1 |    72 |     4   (0)| 00:00:01 |
|  17 |           NESTED LOOPS                          |                               |     1 |    50 |     3   (0)| 00:00:01 |
|  18 |            NESTED LOOPS                         |                               |     1 |    12 |     2   (0)| 00:00:01 |
|  19 |             INDEX UNIQUE SCAN                   | PK_T_USR                      |     1 |     6 |     1   (0)| 00:00:01 |
|  20 |             INDEX RANGE SCAN                    | IX_NVL_USR_MRGEMSTR_USR_ID    |     1 |     6 |     1   (0)| 00:00:01 |
|  21 |            TABLE ACCESS BY INDEX ROWID          | T_ENNS                        |     1 |    38 |     1   (0)| 00:00:01 |
|  22 |             INDEX RANGE SCAN                    | IX_ELNS_MEMBENLTDTDSNTDTSTTID |     2 |       |     1   (0)| 00:00:01 |
|  23 |           TABLE ACCESS BY INDEX ROWID           | T_ENNS                        |     1 |    22 |     1   (0)| 00:00:01 |
|  24 |            INDEX RANGE SCAN                     | IX_ELNS_MEMBENPENLTDSNDT      |     1 |       |     1   (0)| 00:00:01 |
|  25 |        FILTER                                   |                               |       |       |            |          |
|  26 |         FILTER                                  |                               |       |       |            |          |
|  27 |          TABLE ACCESS STORAGE FULL              | T_ENNS                        |   245K|    63M|   160K  (1)| 00:00:07 |
|  28 |          FAST DUAL                              |                               |     1 |       |     2   (0)| 00:00:01 |
|  29 |         SORT GROUP BY NOSORT                    |                               |     1 |    72 |     4   (0)| 00:00:01 |
|  30 |          NESTED LOOPS OUTER                     |                               |     1 |    72 |     4   (0)| 00:00:01 |
|  31 |           NESTED LOOPS                          |                               |     1 |    50 |     3   (0)| 00:00:01 |
|  32 |            NESTED LOOPS                         |                               |     1 |    12 |     2   (0)| 00:00:01 |
|  33 |             INDEX UNIQUE SCAN                   | PK_T_USR                      |     1 |     6 |     1   (0)| 00:00:01 |
|  34 |             INDEX RANGE SCAN                    | IX_NVL_USR_MRGEMSTR_USR_ID    |     1 |     6 |     1   (0)| 00:00:01 |
|  35 |            TABLE ACCESS BY INDEX ROWID          | T_ENNS                        |     1 |    38 |     1   (0)| 00:00:01 |
|  36 |             INDEX RANGE SCAN                    | IX_ELNS_MEMBENLTDTDSNTDTSTTID |     2 |       |     1   (0)| 00:00:01 |
|  37 |           TABLE ACCESS BY INDEX ROWID           | T_ENNS                        |     1 |    22 |     1   (0)| 00:00:01 |
|  38 |            INDEX RANGE SCAN                     | IX_ELNS_MEMBENPENLTDSNDT      |     1 |       |     1   (0)| 00:00:01 |
|  39 |     VIEW                                        |                               |    16 |   732K|    30   (4)| 00:00:01 |
|  40 |      VIEW                                       |                               |    16 |   731K|    14   (8)| 00:00:01 |
|  41 |       COUNT STOPKEY                             |                               |       |       |            |          |
|  42 |        VIEW                                     |                               |    16 |   731K|    14   (8)| 00:00:01 |
|  43 |         SORT ORDER BY STOPKEY                   |                               |    16 | 12480 |    14   (8)| 00:00:01 |
|  44 |          NESTED LOOPS OUTER                     |                               |    16 | 12480 |    13   (0)| 00:00:01 |
|  45 |           NESTED LOOPS OUTER                    |                               |    16 | 12096 |    12   (0)| 00:00:01 |
|  46 |            NESTED LOOPS OUTER                   |                               |    16 | 11744 |    11   (0)| 00:00:01 |
|  47 |             NESTED LOOPS OUTER                  |                               |    16 | 11392 |    10   (0)| 00:00:01 |
|  48 |              NESTED LOOPS OUTER                 |                               |    16 | 10944 |     9   (0)| 00:00:01 |
|  49 |               NESTED LOOPS OUTER                |                               |    16 | 10592 |     8   (0)| 00:00:01 |
|  50 |                NESTED LOOPS OUTER               |                               |    16 | 10016 |     7   (0)| 00:00:01 |
|  51 |                 NESTED LOOPS OUTER              |                               |    16 |  9456 |     6   (0)| 00:00:01 |
|  52 |                  NESTED LOOPS OUTER             |                               |    16 |  9104 |     5   (0)| 00:00:01 |
|  53 |                   NESTED LOOPS OUTER            |                               |    16 |  8816 |     4   (0)| 00:00:01 |
|  54 |                    MERGE JOIN OUTER             |                               |    16 |  8512 |     3   (0)| 00:00:01 |
|  55 |                     INLIST ITERATOR             |                               |       |       |            |          |
|  56 |                      TABLE ACCESS BY INDEX ROWID| T_SENTTSK                     |    16 |  7936 |     2   (0)| 00:00:01 |
|  57 |                       INDEX RANGE SCAN          | IX_SETK_OBJ_STT               |  1759 |       |     1   (0)| 00:00:01 |
|  58 |                     BUFFER SORT                 |                               |     1 |    36 |     1   (0)| 00:00:01 |
|  59 |                      TABLE ACCESS BY INDEX ROWID| T_USR                         |     1 |    36 |     1   (0)| 00:00:01 |
|  60 |                       INDEX UNIQUE SCAN         | PK_T_USR                      |     1 |       |     1   (0)| 00:00:01 |
|  61 |                    TABLE ACCESS BY INDEX ROWID  | T_USR                         |     1 |    19 |     1   (0)| 00:00:01 |
|  62 |                     INDEX UNIQUE SCAN           | PK_T_USR                      |     1 |       |     1   (0)| 00:00:01 |
|  63 |                   TABLE ACCESS BY INDEX ROWID   | T_UM_BASE                     |     1 |    18 |     1   (0)| 00:00:01 |
|  64 |                    INDEX UNIQUE SCAN            | PK_T_UM_BASE                  |     1 |       |     1   (0)| 00:00:01 |
|  65 |                  TABLE ACCESS BY INDEX ROWID    | T_DDL_ITEM                    |     1 |    22 |     1   (0)| 00:00:01 |
|  66 |                   INDEX UNIQUE SCAN             | PK_T_DDL_ITEM                 |     1 |       |     1   (0)| 00:00:01 |
|  67 |                 TABLE ACCESS BY INDEX ROWID     | T_USR                         |     1 |    35 |     1   (0)| 00:00:01 |
|  68 |                  INDEX UNIQUE SCAN              | PK_T_USR                      |     1 |       |     1   (0)| 00:00:01 |
|  69 |                TABLE ACCESS BY INDEX ROWID      | T_USR                         |     1 |    36 |     1   (0)| 00:00:01 |
|  70 |                 INDEX UNIQUE SCAN               | PK_T_USR                      |     1 |       |     1   (0)| 00:00:01 |
|  71 |               TABLE ACCESS BY INDEX ROWID       | T_USR                         |     1 |    22 |     1   (0)| 00:00:01 |
|  72 |                INDEX UNIQUE SCAN                | PK_T_USR                      |     1 |       |     1   (0)| 00:00:01 |
|  73 |              TABLE ACCESS BY INDEX ROWID        | T_CM_BASEBASE                 |     1 |    28 |     1   (0)| 00:00:01 |
|  74 |               INDEX UNIQUE SCAN                 | PK_T_CM_BASEBASE              |     1 |       |     1   (0)| 00:00:01 |
|  75 |             TABLE ACCESS BY INDEX ROWID         | T_USR                         |     1 |    22 |     1   (0)| 00:00:01 |
|  76 |              INDEX UNIQUE SCAN                  | PK_T_USR                      |     1 |       |     1   (0)| 00:00:01 |
|  77 |            TABLE ACCESS BY INDEX ROWID          | T_USR                         |     1 |    22 |     1   (0)| 00:00:01 |
|  78 |             INDEX UNIQUE SCAN                   | PK_T_USR                      |     1 |       |     1   (0)| 00:00:01 |
|  79 |           TABLE ACCESS BY INDEX ROWID           | T_DDL_ITEM                    |     1 |    24 |     1   (0)| 00:00:01 |
|  80 |            INDEX UNIQUE SCAN                    | PK_T_DDL_ITEM                 |     1 |       |     1   (0)| 00:00:01 |
|  81 |    TABLE ACCESS BY INDEX ROWID                  | T_BENSPKG                     |     1 |    12 |     1   (0)| 00:00:01 |
|  82 |     INDEX UNIQUE SCAN                           | PK_T_BENSPKG                  |     1 |       |     1   (0)| 00:00:01 |
|  83 |   TABLE ACCESS BY INDEX ROWID                   | T_USR                         |     1 |    22 |     1   (0)| 00:00:01 |
|  84 |    INDEX UNIQUE SCAN                            | PK_T_USR                      |     1 |       |     1   (0)| 00:00:01 |
---------------------------------------------------------------------------------------------------------------------------------

Query Block Name / Object Alias (identified by operation id):
-------------------------------------------------------------

   1 - SEL$4        / T_UM_BASE@SEL$4
   2 - SEL$4        / T_UM_BASE@SEL$4
   3 - SEL$5        / T_CM_BASEBASE@SEL$5
   4 - SEL$5        / T_CM_BASEBASE@SEL$5
   5 - SEL$0C04A374
   8 - SET$1        / ENROLLMENT@SEL$30
   9 - SET$1
  11 - SEL$35
  13 - SEL$35       / T_SRC_ENNS@SEL$35
  14 - SEL$40       / DUAL@SEL$40
  15 - SEL$5F185B4C
  19 - SEL$5F185B4C / T_ENNS_MASTERUSER@SEL$31
  20 - SEL$5F185B4C / T_ENNS_SLAVEUSER@SEL$31
  21 - SEL$5F185B4C / T_CURR_ENNS@SEL$32
  22 - SEL$5F185B4C / T_CURR_ENNS@SEL$32
  23 - SEL$5F185B4C / T_MAX_DISENROLLMENT_ENROLLMENT@SEL$33
  24 - SEL$5F185B4C / T_MAX_DISENROLLMENT_ENROLLMENT@SEL$33
  25 - SEL$42
  27 - SEL$42       / T_SRC_ENNS@SEL$42
  28 - SEL$43       / DUAL@SEL$43
  29 - SEL$CDBEA42D
  33 - SEL$CDBEA42D / T_ENNS_MASTERUSER@SEL$36
  34 - SEL$CDBEA42D / T_ENNS_SLAVEUSER@SEL$36
  35 - SEL$CDBEA42D / T_CURR_ENNS@SEL$37
  36 - SEL$CDBEA42D / T_CURR_ENNS@SEL$37
  37 - SEL$CDBEA42D / T_MAX_DISENROLLMENT_ENROLLMENT@SEL$38
  38 - SEL$CDBEA42D / T_MAX_DISENROLLMENT_ENROLLMENT@SEL$38
  39 - SEL$3        / INFO_WITH_MEMBER_ID@SEL$2
  40 - SEL$6        / INFO@SEL$3
  41 - SEL$6
  42 - SEL$2D594895 / from$_subquery$_005@SEL$6
  43 - SEL$2D594895
  56 - SEL$2D594895 / T@SEL$8
  57 - SEL$2D594895 / T@SEL$8
  59 - SEL$2D594895 / OWN@SEL$7
  60 - SEL$2D594895 / OWN@SEL$7
  61 - SEL$2D594895 / PROVIDER@SEL$23
  62 - SEL$2D594895 / PROVIDER@SEL$23
  63 - SEL$2D594895 / AUTH@SEL$21
  64 - SEL$2D594895 / AUTH@SEL$21
  65 - SEL$2D594895 / REASON@SEL$17
  66 - SEL$2D594895 / REASON@SEL$17
  67 - SEL$2D594895 / MEMBER@SEL$11
  68 - SEL$2D594895 / MEMBER@SEL$11
  69 - SEL$2D594895 / PREVOWNER@SEL$9
  70 - SEL$2D594895 / PREVOWNER@SEL$9
  71 - SEL$2D594895 / SENDER@SEL$27
  72 - SEL$2D594895 / SENDER@SEL$27
  73 - SEL$2D594895 / CASEORCM@SEL$19
  74 - SEL$2D594895 / CASEORCM@SEL$19
  75 - SEL$2D594895 / ORIGCREATOR@SEL$13
  76 - SEL$2D594895 / ORIGCREATOR@SEL$13
  77 - SEL$2D594895 / MOD@SEL$25
  78 - SEL$2D594895 / MOD@SEL$25
  79 - SEL$2D594895 / TASKTYPE@SEL$15
  80 - SEL$2D594895 / TASKTYPE@SEL$15
  81 - SEL$0C04A374 / BENEFIT@SEL$46
  82 - SEL$0C04A374 / BENEFIT@SEL$46
  83 - SEL$0C04A374 / AFFMEMBER@SEL$1
  84 - SEL$0C04A374 / AFFMEMBER@SEL$1

Outline Data
-------------

  /*+
      BEGIN_OUTLINE_DATA
      IGNORE_OPTIM_EMBEDDED_HINTS
      OPTIMIZER_FEATURES_ENABLE('12.1.0.2')
      DB_VERSION('12.1.0.2')
      OPT_PARAM('optimizer_index_cost_adj' 1)
      OPT_PARAM('optimizer_index_caching' 90)
      ALL_ROWS
      OUTLINE_LEAF(@"SEL$4")
      OUTLINE_LEAF(@"SEL$5")
      OUTLINE_LEAF(@"SEL$2D594895")
      MERGE(@"SEL$2DE0C8FF")
      OUTLINE_LEAF(@"SEL$6")
      OUTLINE_LEAF(@"SEL$3")
      OUTLINE_LEAF(@"SEL$40")
      OUTLINE_LEAF(@"SEL$5F185B4C")
      MERGE(@"SEL$6B15F4E0")
      OUTLINE_LEAF(@"SEL$35")
      OUTLINE_LEAF(@"SEL$43")
      OUTLINE_LEAF(@"SEL$CDBEA42D")
      MERGE(@"SEL$57BA8109")
      OUTLINE_LEAF(@"SEL$42")
      OUTLINE_LEAF(@"SET$1")
      OUTLINE_LEAF(@"SEL$0C04A374")
      MERGE(@"SEL$BC270230")
      OUTLINE(@"SEL$29")
      OUTLINE(@"SEL$2DE0C8FF")
      MERGE(@"SEL$27")
      MERGE(@"SEL$3B95C159")
      OUTLINE(@"SEL$41")
      OUTLINE(@"SEL$6B15F4E0")
      MERGE(@"SEL$78FE80F3")
      OUTLINE(@"SEL$44")
      OUTLINE(@"SEL$57BA8109")
      MERGE(@"SEL$516D3A01")
      OUTLINE(@"SEL$48")
      OUTLINE(@"SEL$BC270230")
      MERGE(@"SEL$409758B4")
      MERGE(@"SEL$46")
      OUTLINE(@"SEL$28")
      OUTLINE(@"SEL$27")
      OUTLINE(@"SEL$3B95C159")
      MERGE(@"SEL$25")
      MERGE(@"SEL$6D003707")
      OUTLINE(@"SEL$D570F096")
      MERGE(@"SEL$33")
      OUTLINE(@"SEL$78FE80F3")
      MERGE(@"SEL$31")
      OUTLINE(@"SEL$067B9A3E")
      MERGE(@"SEL$38")
      OUTLINE(@"SEL$516D3A01")
      MERGE(@"SEL$36")
      OUTLINE(@"SEL$47")
      OUTLINE(@"SEL$409758B4")
      MERGE(@"SEL$30")
      MERGE(@"SEL$58A6D7F6")
      OUTLINE(@"SEL$46")
      OUTLINE(@"SEL$26")
      OUTLINE(@"SEL$25")
      OUTLINE(@"SEL$6D003707")
      MERGE(@"SEL$23")
      MERGE(@"SEL$23FAB6D1")
      OUTLINE(@"SEL$34")
      OUTLINE(@"SEL$33")
      OUTLINE(@"SEL$32")
      OUTLINE(@"SEL$31")
      OUTLINE(@"SEL$39")
      OUTLINE(@"SEL$38")
      OUTLINE(@"SEL$37")
      OUTLINE(@"SEL$36")
      OUTLINE(@"SEL$45")
      OUTLINE(@"SEL$30")
      OUTLINE(@"SEL$58A6D7F6")
      MERGE(@"SEL$1")
      OUTLINE(@"SEL$24")
      OUTLINE(@"SEL$23")
      OUTLINE(@"SEL$23FAB6D1")
      MERGE(@"SEL$21")
      MERGE(@"SEL$97A30ECD")
      OUTLINE(@"SEL$2")
      OUTLINE(@"SEL$1")
      OUTLINE(@"SEL$22")
      OUTLINE(@"SEL$21")
      OUTLINE(@"SEL$97A30ECD")
      MERGE(@"SEL$19")
      MERGE(@"SEL$CF22A5CA")
      OUTLINE(@"SEL$20")
      OUTLINE(@"SEL$19")
      OUTLINE(@"SEL$CF22A5CA")
      MERGE(@"SEL$17")
      MERGE(@"SEL$FF97D7FC")
      OUTLINE(@"SEL$18")
      OUTLINE(@"SEL$17")
      OUTLINE(@"SEL$FF97D7FC")
      MERGE(@"SEL$15")
      MERGE(@"SEL$DE5D921C")
      OUTLINE(@"SEL$16")
      OUTLINE(@"SEL$15")
      OUTLINE(@"SEL$DE5D921C")
      MERGE(@"SEL$01DD7F33")
      MERGE(@"SEL$13")
      OUTLINE(@"SEL$14")
      OUTLINE(@"SEL$01DD7F33")
      MERGE(@"SEL$11")
      MERGE(@"SEL$BDFBA881")
      OUTLINE(@"SEL$13")
      OUTLINE(@"SEL$12")
      OUTLINE(@"SEL$11")
      OUTLINE(@"SEL$BDFBA881")
      MERGE(@"SEL$9")
      MERGE(@"SEL$FC56C448")
      OUTLINE(@"SEL$10")
      OUTLINE(@"SEL$9")
      OUTLINE(@"SEL$FC56C448")
      MERGE(@"SEL$7")
      OUTLINE(@"SEL$8")
      OUTLINE(@"SEL$7")
      NO_ACCESS(@"SEL$0C04A374" "INFO_WITH_MEMBER_ID"@"SEL$2")
      NO_ACCESS(@"SEL$0C04A374" "ENROLLMENT"@"SEL$30")
      INDEX_RS_ASC(@"SEL$0C04A374" "BENEFIT"@"SEL$46" ("T_BENSPKG"."BENP_ID"))
      INDEX_RS_ASC(@"SEL$0C04A374" "AFFMEMBER"@"SEL$1" ("T_USR"."USR_ID"))
      LEADING(@"SEL$0C04A374" "INFO_WITH_MEMBER_ID"@"SEL$2" "ENROLLMENT"@"SEL$30" "BENEFIT"@"SEL$46" "AFFMEMBER"@"SEL$1")
      USE_HASH(@"SEL$0C04A374" "ENROLLMENT"@"SEL$30")
      USE_NL(@"SEL$0C04A374" "BENEFIT"@"SEL$46")
      USE_NL(@"SEL$0C04A374" "AFFMEMBER"@"SEL$1")
      SWAP_JOIN_INPUTS(@"SEL$0C04A374" "ENROLLMENT"@"SEL$30")
      NO_ACCESS(@"SEL$3" "INFO"@"SEL$3")
      FULL(@"SEL$42" "T_SRC_ENNS"@"SEL$42")
      PQ_FILTER(@"SEL$42" SERIAL)
      FULL(@"SEL$35" "T_SRC_ENNS"@"SEL$35")
      PQ_FILTER(@"SEL$35" SERIAL)
      INDEX(@"SEL$5F185B4C" "T_ENNS_MASTERUSER"@"SEL$31" ("T_USR"."USR_ID"))
      INDEX(@"SEL$5F185B4C" "T_ENNS_SLAVEUSER"@"SEL$31" "IX_NVL_USR_MRGEMSTR_USR_ID")
      INDEX_RS_ASC(@"SEL$5F185B4C" "T_CURR_ENNS"@"SEL$32" "IX_ELNS_MEMBENLTDTDSNTDTSTTID")
      INDEX_RS_ASC(@"SEL$5F185B4C" "T_MAX_DISENROLLMENT_ENROLLMENT"@"SEL$33" "IX_ELNS_MEMBENPENLTDSNDT")
      LEADING(@"SEL$5F185B4C" "T_ENNS_MASTERUSER"@"SEL$31" "T_ENNS_SLAVEUSER"@"SEL$31" "T_CURR_ENNS"@"SEL$32"
              "T_MAX_DISENROLLMENT_ENROLLMENT"@"SEL$33")
      USE_NL(@"SEL$5F185B4C" "T_ENNS_SLAVEUSER"@"SEL$31")
      USE_NL(@"SEL$5F185B4C" "T_CURR_ENNS"@"SEL$32")
      USE_NL(@"SEL$5F185B4C" "T_MAX_DISENROLLMENT_ENROLLMENT"@"SEL$33")
      INDEX(@"SEL$CDBEA42D" "T_ENNS_MASTERUSER"@"SEL$36" ("T_USR"."USR_ID"))
      INDEX(@"SEL$CDBEA42D" "T_ENNS_SLAVEUSER"@"SEL$36" "IX_NVL_USR_MRGEMSTR_USR_ID")
      INDEX_RS_ASC(@"SEL$CDBEA42D" "T_CURR_ENNS"@"SEL$37" "IX_ELNS_MEMBENLTDTDSNTDTSTTID")
      INDEX_RS_ASC(@"SEL$CDBEA42D" "T_MAX_DISENROLLMENT_ENROLLMENT"@"SEL$38" "IX_ELNS_MEMBENPENLTDSNDT")
      LEADING(@"SEL$CDBEA42D" "T_ENNS_MASTERUSER"@"SEL$36" "T_ENNS_SLAVEUSER"@"SEL$36" "T_CURR_ENNS"@"SEL$37"
              "T_MAX_DISENROLLMENT_ENROLLMENT"@"SEL$38")
      USE_NL(@"SEL$CDBEA42D" "T_ENNS_SLAVEUSER"@"SEL$36")
      USE_NL(@"SEL$CDBEA42D" "T_CURR_ENNS"@"SEL$37")
      USE_NL(@"SEL$CDBEA42D" "T_MAX_DISENROLLMENT_ENROLLMENT"@"SEL$38")
      NO_ACCESS(@"SEL$6" "from$_subquery$_005"@"SEL$6")
      INDEX_RS_ASC(@"SEL$2D594895" "T"@"SEL$8" ("T_SENTTSK"."SETK_OBJ_STT"))
      INDEX_RS_ASC(@"SEL$2D594895" "OWN"@"SEL$7" ("T_USR"."USR_ID"))
      INDEX_RS_ASC(@"SEL$2D594895" "PROVIDER"@"SEL$23" ("T_USR"."USR_ID"))
      INDEX_RS_ASC(@"SEL$2D594895" "AUTH"@"SEL$21" ("T_UM_BASE"."UMBS_ID"))
      INDEX_RS_ASC(@"SEL$2D594895" "REASON"@"SEL$17" ("T_DDL_ITEM"."DDLI_ID"))
      INDEX_RS_ASC(@"SEL$2D594895" "MEMBER"@"SEL$11" ("T_USR"."USR_ID"))
      INDEX_RS_ASC(@"SEL$2D594895" "PREVOWNER"@"SEL$9" ("T_USR"."USR_ID"))
      INDEX_RS_ASC(@"SEL$2D594895" "SENDER"@"SEL$27" ("T_USR"."USR_ID"))
      INDEX_RS_ASC(@"SEL$2D594895" "CASEORCM"@"SEL$19" ("T_CM_BASEBASE"."CMBB_ID"))
      INDEX_RS_ASC(@"SEL$2D594895" "ORIGCREATOR"@"SEL$13" ("T_USR"."USR_ID"))
      INDEX_RS_ASC(@"SEL$2D594895" "MOD"@"SEL$25" ("T_USR"."USR_ID"))
      INDEX_RS_ASC(@"SEL$2D594895" "TASKTYPE"@"SEL$15" ("T_DDL_ITEM"."DDLI_ID"))
      LEADING(@"SEL$2D594895" "T"@"SEL$8" "OWN"@"SEL$7" "PROVIDER"@"SEL$23" "AUTH"@"SEL$21" "REASON"@"SEL$17"
              "MEMBER"@"SEL$11" "PREVOWNER"@"SEL$9" "SENDER"@"SEL$27" "CASEORCM"@"SEL$19" "ORIGCREATOR"@"SEL$13" "MOD"@"SEL$25"
              "TASKTYPE"@"SEL$15")
      USE_MERGE_CARTESIAN(@"SEL$2D594895" "OWN"@"SEL$7")
      USE_NL(@"SEL$2D594895" "PROVIDER"@"SEL$23")
      USE_NL(@"SEL$2D594895" "AUTH"@"SEL$21")
      USE_NL(@"SEL$2D594895" "REASON"@"SEL$17")
      USE_NL(@"SEL$2D594895" "MEMBER"@"SEL$11")
      USE_NL(@"SEL$2D594895" "PREVOWNER"@"SEL$9")
      USE_NL(@"SEL$2D594895" "SENDER"@"SEL$27")
      USE_NL(@"SEL$2D594895" "CASEORCM"@"SEL$19")
      USE_NL(@"SEL$2D594895" "ORIGCREATOR"@"SEL$13")
      USE_NL(@"SEL$2D594895" "MOD"@"SEL$25")
      USE_NL(@"SEL$2D594895" "TASKTYPE"@"SEL$15")
      INDEX_RS_ASC(@"SEL$5" "T_CM_BASEBASE"@"SEL$5" ("T_CM_BASEBASE"."CMBB_ID"))
      INDEX_RS_ASC(@"SEL$4" "T_UM_BASE"@"SEL$4" ("T_UM_BASE"."UMBS_ID"))
      END_OUTLINE_DATA
  */

Peeked Binds (identified by position):
--------------------------------------

   1 - :SYS_B_0 (NUMBER): 2
   2 - :1 (NUMBER): 11640563
   3 - :2 (NUMBER): 1
   4 - :3 (NUMBER): 3
   5 - :4 (NUMBER): 905
   6 - :5 (NUMBER): 906
   7 - :6 (NUMBER): 907
   8 - :7 (NUMBER): 908
   9 - :8 (NUMBER): 911
  10 - :9 (NUMBER): 912
  11 - :10 (NUMBER): 913
  12 - :SYS_B_1 (NUMBER): 500
  13 - :SYS_B_2 (VARCHAR2(30), CSID=178): '2020.12.26'
  14 - :SYS_B_3 (VARCHAR2(30), CSID=178): 'yyyy.MM.dd'

Note
-----
   - dynamic statistics used: dynamic sampling (level=2)
   - 5 Sql Plan Directives used for this statement

SQL_ID 0sjx29v99zfqc
--------------------
SELECT INFO_WITH_MEMBER_ID.*,     enrollment.ELNS_INSCPRSRGRP
ipgGroupId,     benefit.BENP_LWSTLVL_PRODCAT productCategoryId,
affMember.USR_FRSTNAM affiliatedMemberFirstName,
affMember.USR_LAS_NAM affiliatedMemberLastName FROM (   SELECT INFO.*,
   CASE     WHEN INFO.memberAffiliationId IS NOT NULL THEN
(INFO.memberAffiliationId)     WHEN INFO.authAffiliationId IS NOT NULL
THEN (SELECT UMBS_MEMB FROM T_UM_BASE WHERE
UMBS_ID=INFO.authAffiliationId)     WHEN
INFO.careManagementAffiliationId IS NOT NULL THEN (SELECT CMBS_MEMB
FROM T_CM_BASEBASE WHERE CMBB_ID=INFO.careManagementAffiliationId)
WHEN INFO.providerAffiliationId IS NOT NULL THEN
(INFO.providerAffiliationId)     ELSE (NULL)     END
affiliatedMemberId   FROM (   SELECT * FROM (     SELECT
T.SETK_ID AS id,         T.SETK_C4C_ID AS c4cId,         T.SETK_UNIVID
AS universalId,         taskType.TSKT_RCPTTYP AS categoryId,
T.SETK_TSK_TYP AS taskTypeId,         taskType.DDLI_LBL AS
taskTypeLabel,         T.SETK_TSK_NAM AS taskName,         T.SETK_SUBJ
AS subject,         T.SETK_CRTD AS createDate,         T.SETK_SENT AS
sentDate,         T.SETK_SRTD AS startedDate,
T.SETK_TSK_TIMG_STRTDT AS startDate,         T.SETK_TSK_TIMG_SCLDAT AS
startDateSeconds,         T.SETK_TSK_TIMG_DDLN_DT AS dueDate,
T.SETK_TSK_TIMG_DDLN_TIM_IN_DY AS dueDateSeconds,         T.SETK_OWNR
AS ownerId,         own.USR_FRSTNAM AS ownerFirstName,
own.USR_LAS_NAM AS ownerLastName,         own.CLASSTYPE AS ownerType,
      T.SETK_OBJ_STT AS status,         T.SETK_AFFN_MEMB AS
memberAffiliationId,         member.USR_C4C_ID AS memberC4cId,
member.USR_FRSTNAM AS memberFirstName,         member.USR_LAS_NAM AS
memberLastName,         T.SETK_AFFN_CM AS careManagementAffiliationId,
       caseOrCm.CMBB_C4C_ID AS caseOrCmC4cId,
T.SETK_AFFN_UM_EVNT AS authAffiliationId,         auth.UMBS_C4C_ID AS
authAffiliationC4cId,         T.SETK_AFFN_PVDR AS
providerAffiliationId,         provider.USR_C4C_ID AS providerC4cId,
     T.SETK_TSK_TIMG_SNLTDT AS startNoLaterThanDate,
T.SETK_CNCLRESN AS cancelReasonId,         T.SETK_ORIGCRTR AS
originalCreatorId,         origCreator.USR_FRSTNAM AS
originalCreatorFirstName,         origCreator.USR_LAS_NAM AS
originalCreatorLastName,         caseOrCm.CLASSTYPE AS
caseOrCmClasstype,         T.SETK_TSK_DSCN AS description,
T.SETK_CMPD AS completedDate,         T.SETK_LAS_ACT_TIM AS
lastActionDate,         mod.USR_FRSTNAM lastModifiedByFirstName,
 mod.USR_LAS_NAM lastModifiedByLastName,         T.SETK_PRVSOWNR AS
previousOwnerId,         prevOwner.USR_FRSTNAM AS
previousOwnerFirstName,         prevOwner.USR_LAS_NAM AS
previousOwnerLastName,         prevOwner.CLASSTYPE AS
previousOwnerType,         CASE             WHEN
T.SETK_TSK_TIMG_DDLN_DT IS NOT NULL THEN (T.SETK_TSK_TIMG_DDLN_DT)
       WHEN T.SETK_TSK_TIMG_STRTDT IS NOT NULL THEN
(T.SETK_TSK_TIMG_STRTDT)             WHEN T.SETK_TSK_TIMG_SNLTDT IS NOT
NULL THEN (T.SETK_TSK_TIMG_SNLTDT)             ELSE (NULL)         END
       filterDate,         sender.USR_FRSTNAM fromUserFirstName,
 sender.USR_LAS_NAM fromUserLastName,         T.SETK_RESCHEDULE_REASON
AS rescheduleReason,         reason.DDLI_LBL AS rescheduleReasonLabel,
       T.SETK_RESCHEDULE_COMMENT AS rescheduleComment       FROM
T_SENTTSK T       LEFT OUTER JOIN T_USR own ON own.USR_ID=T.SETK_OWNR
    LEFT OUTER JOIN T_USR prevOwner ON prevOwner.USR_ID=T.SETK_PRVSOWNR
      LEFT OUTER JOIN T_USR member ON member.USR_ID=T.SETK_AFFN_MEMB
   LEFT OUTER JOIN T_USR origCreator ON
origCreator.USR_ID=T.SETK_ORIGCRTR       LEFT OUTER JOIN T_DDL_ITEM
taskType ON taskType.DDLI_ID=T.SETK_TSK_TYP       LEFT OUTER JOIN
T_DDL_ITEM reason ON reason.DDLI_ID=T.SETK_RESCHEDULE_REASON       LEFT
OUTER JOIN T_CM_BASEBASE caseOrCm ON caseOrCm.CMBB_ID=T.SETK_AFFN_CM
   LEFT OUTER JOIN T_UM_BASE auth ON auth.UMBS_ID=T.SETK_AFFN_UM_EVNT
    LEFT OUTER JOIN T_USR provider

Plan hash value: 2031822258

---------------------------------------------------------------------------------------------------------------------------------
| Id  | Operation                                       | Name                          | Rows  | Bytes | Cost (%CPU)| Time     |
---------------------------------------------------------------------------------------------------------------------------------
|   0 | SELECT STATEMENT                                |                               |       |       |  2259K(100)|          |
|   1 |  TABLE ACCESS BY INDEX ROWID                    | T_UM_BASE                     |     1 |    12 |     1   (0)| 00:00:01 |
|   2 |   INDEX UNIQUE SCAN                             | PK_T_UM_BASE                  |     1 |       |     1   (0)| 00:00:01 |
|   3 |   TABLE ACCESS BY INDEX ROWID                   | T_CM_BASEBASE                 |     1 |    12 |     1   (0)| 00:00:01 |
|   4 |    INDEX UNIQUE SCAN                            | PK_T_CM_BASEBASE              |     1 |       |     1   (0)| 00:00:01 |
|   5 |  NESTED LOOPS OUTER                             |                               |    65 |  2978K|  2259K  (1)| 00:01:29 |
|   6 |   NESTED LOOPS OUTER                            |                               |    65 |  2977K|  2259K  (1)| 00:01:29 |
|   7 |    HASH JOIN RIGHT OUTER                        |                               |    65 |  2976K|  2259K  (1)| 00:01:29 |
|   8 |     VIEW                                        | V_CURR_ENROLLMENT             |     2 |    78 |  2259K  (1)| 00:01:29 |
|   9 |      SORT UNIQUE                                |                               |     2 |  1092 |  2259K  (1)| 00:01:29 |
|  10 |       UNION-ALL                                 |                               |       |       |            |          |
|  11 |        FILTER                                   |                               |       |       |            |          |
|  12 |         FILTER                                  |                               |       |       |            |          |
|  13 |          TABLE ACCESS STORAGE FULL              | T_ENNS                        |   245K|    64M|   160K  (1)| 00:00:07 |
|  14 |          FAST DUAL                              |                               |     1 |       |     2   (0)| 00:00:01 |
|  15 |         SORT GROUP BY NOSORT                    |                               |     1 |    72 |     4   (0)| 00:00:01 |
|  16 |          NESTED LOOPS OUTER                     |                               |     1 |    72 |     4   (0)| 00:00:01 |
|  17 |           NESTED LOOPS                          |                               |     1 |    50 |     3   (0)| 00:00:01 |
|  18 |            NESTED LOOPS                         |                               |     1 |    12 |     2   (0)| 00:00:01 |
|  19 |             INDEX UNIQUE SCAN                   | PK_T_USR                      |     1 |     6 |     1   (0)| 00:00:01 |
|  20 |             INDEX RANGE SCAN                    | IX_NVL_USR_MRGEMSTR_USR_ID    |     1 |     6 |     1   (0)| 00:00:01 |
|  21 |            TABLE ACCESS BY INDEX ROWID          | T_ENNS                        |     1 |    38 |     1   (0)| 00:00:01 |
|  22 |             INDEX RANGE SCAN                    | IX_ELNS_MEMBENLTDTDSNTDTSTTID |     2 |       |     1   (0)| 00:00:01 |
|  23 |           TABLE ACCESS BY INDEX ROWID           | T_ENNS                        |     1 |    22 |     1   (0)| 00:00:01 |
|  24 |            INDEX RANGE SCAN                     | IX_ELNS_MEMBENLTDTDSNTDTSTTID |     1 |       |     1   (0)| 00:00:01 |
|  25 |        FILTER                                   |                               |       |       |            |          |
|  26 |         FILTER                                  |                               |       |       |            |          |
|  27 |          TABLE ACCESS STORAGE FULL              | T_ENNS                        |   245K|    64M|   160K  (1)| 00:00:07 |
|  28 |          FAST DUAL                              |                               |     1 |       |     2   (0)| 00:00:01 |
|  29 |         SORT GROUP BY NOSORT                    |                               |     1 |    72 |     4   (0)| 00:00:01 |
|  30 |          NESTED LOOPS OUTER                     |                               |     1 |    72 |     4   (0)| 00:00:01 |
|  31 |           NESTED LOOPS                          |                               |     1 |    50 |     3   (0)| 00:00:01 |
|  32 |            NESTED LOOPS                         |                               |     1 |    12 |     2   (0)| 00:00:01 |
|  33 |             INDEX UNIQUE SCAN                   | PK_T_USR                      |     1 |     6 |     1   (0)| 00:00:01 |
|  34 |             INDEX RANGE SCAN                    | IX_NVL_USR_MRGEMSTR_USR_ID    |     1 |     6 |     1   (0)| 00:00:01 |
|  35 |            TABLE ACCESS BY INDEX ROWID          | T_ENNS                        |     1 |    38 |     1   (0)| 00:00:01 |
|  36 |             INDEX RANGE SCAN                    | IX_ELNS_MEMBENLTDTDSNTDTSTTID |     2 |       |     1   (0)| 00:00:01 |
|  37 |           TABLE ACCESS BY INDEX ROWID           | T_ENNS                        |     1 |    22 |     1   (0)| 00:00:01 |
|  38 |            INDEX RANGE SCAN                     | IX_ELNS_MEMBENLTDTDSNTDTSTTID |     1 |       |     1   (0)| 00:00:01 |
|  39 |     VIEW                                        |                               |    65 |  2973K|    67   (2)| 00:00:01 |
|  40 |      VIEW                                       |                               |    65 |  2973K|    14   (8)| 00:00:01 |
|  41 |       COUNT STOPKEY                             |                               |       |       |            |          |
|  42 |        VIEW                                     |                               |    65 |  2973K|    14   (8)| 00:00:01 |
|  43 |         SORT ORDER BY STOPKEY                   |                               |    65 | 50700 |    14   (8)| 00:00:01 |
|  44 |          NESTED LOOPS OUTER                     |                               |    65 | 50700 |    13   (0)| 00:00:01 |
|  45 |           NESTED LOOPS OUTER                    |                               |    65 | 49140 |    12   (0)| 00:00:01 |
|  46 |            NESTED LOOPS OUTER                   |                               |    65 | 47710 |    11   (0)| 00:00:01 |
|  47 |             NESTED LOOPS OUTER                  |                               |    65 | 46280 |    10   (0)| 00:00:01 |
|  48 |              NESTED LOOPS OUTER                 |                               |    65 | 44460 |     9   (0)| 00:00:01 |
|  49 |               NESTED LOOPS OUTER                |                               |    65 | 43030 |     8   (0)| 00:00:01 |
|  50 |                NESTED LOOPS OUTER               |                               |    65 | 40690 |     7   (0)| 00:00:01 |
|  51 |                 NESTED LOOPS OUTER              |                               |    65 | 38415 |     6   (0)| 00:00:01 |
|  52 |                  NESTED LOOPS OUTER             |                               |    65 | 36985 |     5   (0)| 00:00:01 |
|  53 |                   NESTED LOOPS OUTER            |                               |    65 | 35815 |     4   (0)| 00:00:01 |
|  54 |                    MERGE JOIN OUTER             |                               |    65 | 34580 |     3   (0)| 00:00:01 |
|  55 |                     INLIST ITERATOR             |                               |       |       |            |          |
|  56 |                      TABLE ACCESS BY INDEX ROWID| T_SENTTSK                     |    65 | 32240 |     2   (0)| 00:00:01 |
|  57 |                       INDEX RANGE SCAN          | IX_SETK_OBJ_STT               |  1770 |       |     1   (0)| 00:00:01 |
|  58 |                     BUFFER SORT                 |                               |     1 |    36 |     1   (0)| 00:00:01 |
|  59 |                      TABLE ACCESS BY INDEX ROWID| T_USR                         |     1 |    36 |     1   (0)| 00:00:01 |
|  60 |                       INDEX UNIQUE SCAN         | PK_T_USR                      |     1 |       |     1   (0)| 00:00:01 |
|  61 |                    TABLE ACCESS BY INDEX ROWID  | T_USR                         |     1 |    19 |     1   (0)| 00:00:01 |
|  62 |                     INDEX UNIQUE SCAN           | PK_T_USR                      |     1 |       |     1   (0)| 00:00:01 |
|  63 |                   TABLE ACCESS BY INDEX ROWID   | T_UM_BASE                     |     1 |    18 |     1   (0)| 00:00:01 |
|  64 |                    INDEX UNIQUE SCAN            | PK_T_UM_BASE                  |     1 |       |     1   (0)| 00:00:01 |
|  65 |                  TABLE ACCESS BY INDEX ROWID    | T_DDL_ITEM                    |     1 |    22 |     1   (0)| 00:00:01 |
|  66 |                   INDEX UNIQUE SCAN             | PK_T_DDL_ITEM                 |     1 |       |     1   (0)| 00:00:01 |
|  67 |                 TABLE ACCESS BY INDEX ROWID     | T_USR                         |     1 |    35 |     1   (0)| 00:00:01 |
|  68 |                  INDEX UNIQUE SCAN              | PK_T_USR                      |     1 |       |     1   (0)| 00:00:01 |
|  69 |                TABLE ACCESS BY INDEX ROWID      | T_USR                         |     1 |    36 |     1   (0)| 00:00:01 |
|  70 |                 INDEX UNIQUE SCAN               | PK_T_USR                      |     1 |       |     1   (0)| 00:00:01 |
|  71 |               TABLE ACCESS BY INDEX ROWID       | T_USR                         |     1 |    22 |     1   (0)| 00:00:01 |
|  72 |                INDEX UNIQUE SCAN                | PK_T_USR                      |     1 |       |     1   (0)| 00:00:01 |
|  73 |              TABLE ACCESS BY INDEX ROWID        | T_CM_BASEBASE                 |     1 |    28 |     1   (0)| 00:00:01 |
|  74 |               INDEX UNIQUE SCAN                 | PK_T_CM_BASEBASE              |     1 |       |     1   (0)| 00:00:01 |
|  75 |             TABLE ACCESS BY INDEX ROWID         | T_USR                         |     1 |    22 |     1   (0)| 00:00:01 |
|  76 |              INDEX UNIQUE SCAN                  | PK_T_USR                      |     1 |       |     1   (0)| 00:00:01 |
|  77 |            TABLE ACCESS BY INDEX ROWID          | T_USR                         |     1 |    22 |     1   (0)| 00:00:01 |
|  78 |             INDEX UNIQUE SCAN                   | PK_T_USR                      |     1 |       |     1   (0)| 00:00:01 |
|  79 |           TABLE ACCESS BY INDEX ROWID           | T_DDL_ITEM                    |     1 |    24 |     1   (0)| 00:00:01 |
|  80 |            INDEX UNIQUE SCAN                    | PK_T_DDL_ITEM                 |     1 |       |     1   (0)| 00:00:01 |
|  81 |    TABLE ACCESS BY INDEX ROWID                  | T_BENSPKG                     |     1 |    12 |     1   (0)| 00:00:01 |
|  82 |     INDEX UNIQUE SCAN                           | PK_T_BENSPKG                  |     1 |       |     1   (0)| 00:00:01 |
|  83 |   TABLE ACCESS BY INDEX ROWID                   | T_USR                         |     1 |    22 |     1   (0)| 00:00:01 |
|  84 |    INDEX UNIQUE SCAN                            | PK_T_USR                      |     1 |       |     1   (0)| 00:00:01 |
---------------------------------------------------------------------------------------------------------------------------------

Query Block Name / Object Alias (identified by operation id):
-------------------------------------------------------------

   1 - SEL$4        / T_UM_BASE@SEL$4
   2 - SEL$4        / T_UM_BASE@SEL$4
   3 - SEL$5        / T_CM_BASEBASE@SEL$5
   4 - SEL$5        / T_CM_BASEBASE@SEL$5
   5 - SEL$0C04A374
   8 - SET$1        / ENROLLMENT@SEL$30
   9 - SET$1
  11 - SEL$35
  13 - SEL$35       / T_SRC_ENNS@SEL$35
  14 - SEL$40       / DUAL@SEL$40
  15 - SEL$5F185B4C
  19 - SEL$5F185B4C / T_ENNS_MASTERUSER@SEL$31
  20 - SEL$5F185B4C / T_ENNS_SLAVEUSER@SEL$31
  21 - SEL$5F185B4C / T_CURR_ENNS@SEL$32
  22 - SEL$5F185B4C / T_CURR_ENNS@SEL$32
  23 - SEL$5F185B4C / T_MAX_DISENROLLMENT_ENROLLMENT@SEL$33
  24 - SEL$5F185B4C / T_MAX_DISENROLLMENT_ENROLLMENT@SEL$33
  25 - SEL$42
  27 - SEL$42       / T_SRC_ENNS@SEL$42
  28 - SEL$43       / DUAL@SEL$43
  29 - SEL$CDBEA42D
  33 - SEL$CDBEA42D / T_ENNS_MASTERUSER@SEL$36
  34 - SEL$CDBEA42D / T_ENNS_SLAVEUSER@SEL$36
  35 - SEL$CDBEA42D / T_CURR_ENNS@SEL$37
  36 - SEL$CDBEA42D / T_CURR_ENNS@SEL$37
  37 - SEL$CDBEA42D / T_MAX_DISENROLLMENT_ENROLLMENT@SEL$38
  38 - SEL$CDBEA42D / T_MAX_DISENROLLMENT_ENROLLMENT@SEL$38
  39 - SEL$3        / INFO_WITH_MEMBER_ID@SEL$2
  40 - SEL$6        / INFO@SEL$3
  41 - SEL$6
  42 - SEL$2D594895 / from$_subquery$_005@SEL$6
  43 - SEL$2D594895
  56 - SEL$2D594895 / T@SEL$8
  57 - SEL$2D594895 / T@SEL$8
  59 - SEL$2D594895 / OWN@SEL$7
  60 - SEL$2D594895 / OWN@SEL$7
  61 - SEL$2D594895 / PROVIDER@SEL$23
  62 - SEL$2D594895 / PROVIDER@SEL$23
  63 - SEL$2D594895 / AUTH@SEL$21
  64 - SEL$2D594895 / AUTH@SEL$21
  65 - SEL$2D594895 / REASON@SEL$17
  66 - SEL$2D594895 / REASON@SEL$17
  67 - SEL$2D594895 / MEMBER@SEL$11
  68 - SEL$2D594895 / MEMBER@SEL$11
  69 - SEL$2D594895 / PREVOWNER@SEL$9
  70 - SEL$2D594895 / PREVOWNER@SEL$9
  71 - SEL$2D594895 / SENDER@SEL$27
  72 - SEL$2D594895 / SENDER@SEL$27
  73 - SEL$2D594895 / CASEORCM@SEL$19
  74 - SEL$2D594895 / CASEORCM@SEL$19
  75 - SEL$2D594895 / ORIGCREATOR@SEL$13
  76 - SEL$2D594895 / ORIGCREATOR@SEL$13
  77 - SEL$2D594895 / MOD@SEL$25
  78 - SEL$2D594895 / MOD@SEL$25
  79 - SEL$2D594895 / TASKTYPE@SEL$15
  80 - SEL$2D594895 / TASKTYPE@SEL$15
  81 - SEL$0C04A374 / BENEFIT@SEL$46
  82 - SEL$0C04A374 / BENEFIT@SEL$46
  83 - SEL$0C04A374 / AFFMEMBER@SEL$1
  84 - SEL$0C04A374 / AFFMEMBER@SEL$1

Outline Data
-------------

  /*+
      BEGIN_OUTLINE_DATA
      IGNORE_OPTIM_EMBEDDED_HINTS
      OPTIMIZER_FEATURES_ENABLE('12.1.0.2')
      DB_VERSION('12.1.0.2')
      OPT_PARAM('optimizer_index_cost_adj' 1)
      OPT_PARAM('optimizer_index_caching' 90)
      ALL_ROWS
      OUTLINE_LEAF(@"SEL$4")
      OUTLINE_LEAF(@"SEL$5")
      OUTLINE_LEAF(@"SEL$2D594895")
      MERGE(@"SEL$2DE0C8FF")
      OUTLINE_LEAF(@"SEL$6")
      OUTLINE_LEAF(@"SEL$3")
      OUTLINE_LEAF(@"SEL$40")
      OUTLINE_LEAF(@"SEL$5F185B4C")
      MERGE(@"SEL$6B15F4E0")
      OUTLINE_LEAF(@"SEL$35")
      OUTLINE_LEAF(@"SEL$43")
      OUTLINE_LEAF(@"SEL$CDBEA42D")
      MERGE(@"SEL$57BA8109")
      OUTLINE_LEAF(@"SEL$42")
      OUTLINE_LEAF(@"SET$1")
      OUTLINE_LEAF(@"SEL$0C04A374")
      MERGE(@"SEL$BC270230")
      OUTLINE(@"SEL$29")
      OUTLINE(@"SEL$2DE0C8FF")
      MERGE(@"SEL$27")
      MERGE(@"SEL$3B95C159")
      OUTLINE(@"SEL$41")
      OUTLINE(@"SEL$6B15F4E0")
      MERGE(@"SEL$78FE80F3")
      OUTLINE(@"SEL$44")
      OUTLINE(@"SEL$57BA8109")
      MERGE(@"SEL$516D3A01")
      OUTLINE(@"SEL$48")
      OUTLINE(@"SEL$BC270230")
      MERGE(@"SEL$409758B4")
      MERGE(@"SEL$46")
      OUTLINE(@"SEL$28")
      OUTLINE(@"SEL$27")
      OUTLINE(@"SEL$3B95C159")
      MERGE(@"SEL$25")
      MERGE(@"SEL$6D003707")
      OUTLINE(@"SEL$D570F096")
      MERGE(@"SEL$33")
      OUTLINE(@"SEL$78FE80F3")
      MERGE(@"SEL$31")
      OUTLINE(@"SEL$067B9A3E")
      MERGE(@"SEL$38")
      OUTLINE(@"SEL$516D3A01")
      MERGE(@"SEL$36")
      OUTLINE(@"SEL$47")
      OUTLINE(@"SEL$409758B4")
      MERGE(@"SEL$30")
      MERGE(@"SEL$58A6D7F6")
      OUTLINE(@"SEL$46")
      OUTLINE(@"SEL$26")
      OUTLINE(@"SEL$25")
      OUTLINE(@"SEL$6D003707")
      MERGE(@"SEL$23")
      MERGE(@"SEL$23FAB6D1")
      OUTLINE(@"SEL$34")
      OUTLINE(@"SEL$33")
      OUTLINE(@"SEL$32")
      OUTLINE(@"SEL$31")
      OUTLINE(@"SEL$39")
      OUTLINE(@"SEL$38")
      OUTLINE(@"SEL$37")
      OUTLINE(@"SEL$36")
      OUTLINE(@"SEL$45")
      OUTLINE(@"SEL$30")
      OUTLINE(@"SEL$58A6D7F6")
      MERGE(@"SEL$1")
      OUTLINE(@"SEL$24")
      OUTLINE(@"SEL$23")
      OUTLINE(@"SEL$23FAB6D1")
      MERGE(@"SEL$21")
      MERGE(@"SEL$97A30ECD")
      OUTLINE(@"SEL$2")
      OUTLINE(@"SEL$1")
      OUTLINE(@"SEL$22")
      OUTLINE(@"SEL$21")
      OUTLINE(@"SEL$97A30ECD")
      MERGE(@"SEL$19")
      MERGE(@"SEL$CF22A5CA")
      OUTLINE(@"SEL$20")
      OUTLINE(@"SEL$19")
      OUTLINE(@"SEL$CF22A5CA")
      MERGE(@"SEL$17")
      MERGE(@"SEL$FF97D7FC")
      OUTLINE(@"SEL$18")
      OUTLINE(@"SEL$17")
      OUTLINE(@"SEL$FF97D7FC")
      MERGE(@"SEL$15")
      MERGE(@"SEL$DE5D921C")
      OUTLINE(@"SEL$16")
      OUTLINE(@"SEL$15")
      OUTLINE(@"SEL$DE5D921C")
      MERGE(@"SEL$01DD7F33")
      MERGE(@"SEL$13")
      OUTLINE(@"SEL$14")
      OUTLINE(@"SEL$01DD7F33")
      MERGE(@"SEL$11")
      MERGE(@"SEL$BDFBA881")
      OUTLINE(@"SEL$13")
      OUTLINE(@"SEL$12")
      OUTLINE(@"SEL$11")
      OUTLINE(@"SEL$BDFBA881")
      MERGE(@"SEL$9")
      MERGE(@"SEL$FC56C448")
      OUTLINE(@"SEL$10")
      OUTLINE(@"SEL$9")
      OUTLINE(@"SEL$FC56C448")
      MERGE(@"SEL$7")
      OUTLINE(@"SEL$8")
      OUTLINE(@"SEL$7")
      NO_ACCESS(@"SEL$0C04A374" "INFO_WITH_MEMBER_ID"@"SEL$2")
      NO_ACCESS(@"SEL$0C04A374" "ENROLLMENT"@"SEL$30")
      INDEX_RS_ASC(@"SEL$0C04A374" "BENEFIT"@"SEL$46" ("T_BENSPKG"."BENP_ID"))
      INDEX_RS_ASC(@"SEL$0C04A374" "AFFMEMBER"@"SEL$1" ("T_USR"."USR_ID"))
      LEADING(@"SEL$0C04A374" "INFO_WITH_MEMBER_ID"@"SEL$2" "ENROLLMENT"@"SEL$30" "BENEFIT"@"SEL$46" "AFFMEMBER"@"SEL$1")
      USE_HASH(@"SEL$0C04A374" "ENROLLMENT"@"SEL$30")
      USE_NL(@"SEL$0C04A374" "BENEFIT"@"SEL$46")
      USE_NL(@"SEL$0C04A374" "AFFMEMBER"@"SEL$1")
      SWAP_JOIN_INPUTS(@"SEL$0C04A374" "ENROLLMENT"@"SEL$30")
      NO_ACCESS(@"SEL$3" "INFO"@"SEL$3")
      FULL(@"SEL$42" "T_SRC_ENNS"@"SEL$42")
      PQ_FILTER(@"SEL$42" SERIAL)
      FULL(@"SEL$35" "T_SRC_ENNS"@"SEL$35")
      PQ_FILTER(@"SEL$35" SERIAL)
      INDEX(@"SEL$5F185B4C" "T_ENNS_MASTERUSER"@"SEL$31" ("T_USR"."USR_ID"))
      INDEX(@"SEL$5F185B4C" "T_ENNS_SLAVEUSER"@"SEL$31" "IX_NVL_USR_MRGEMSTR_USR_ID")
      INDEX_RS_ASC(@"SEL$5F185B4C" "T_CURR_ENNS"@"SEL$32" "IX_ELNS_MEMBENLTDTDSNTDTSTTID")
      INDEX_RS_ASC(@"SEL$5F185B4C" "T_MAX_DISENROLLMENT_ENROLLMENT"@"SEL$33" "IX_ELNS_MEMBENLTDTDSNTDTSTTID")
      LEADING(@"SEL$5F185B4C" "T_ENNS_MASTERUSER"@"SEL$31" "T_ENNS_SLAVEUSER"@"SEL$31" "T_CURR_ENNS"@"SEL$32"
              "T_MAX_DISENROLLMENT_ENROLLMENT"@"SEL$33")
      USE_NL(@"SEL$5F185B4C" "T_ENNS_SLAVEUSER"@"SEL$31")
      USE_NL(@"SEL$5F185B4C" "T_CURR_ENNS"@"SEL$32")
      USE_NL(@"SEL$5F185B4C" "T_MAX_DISENROLLMENT_ENROLLMENT"@"SEL$33")
      INDEX(@"SEL$CDBEA42D" "T_ENNS_MASTERUSER"@"SEL$36" ("T_USR"."USR_ID"))
      INDEX(@"SEL$CDBEA42D" "T_ENNS_SLAVEUSER"@"SEL$36" "IX_NVL_USR_MRGEMSTR_USR_ID")
      INDEX_RS_ASC(@"SEL$CDBEA42D" "T_CURR_ENNS"@"SEL$37" "IX_ELNS_MEMBENLTDTDSNTDTSTTID")
      INDEX_RS_ASC(@"SEL$CDBEA42D" "T_MAX_DISENROLLMENT_ENROLLMENT"@"SEL$38" "IX_ELNS_MEMBENLTDTDSNTDTSTTID")
      LEADING(@"SEL$CDBEA42D" "T_ENNS_MASTERUSER"@"SEL$36" "T_ENNS_SLAVEUSER"@"SEL$36" "T_CURR_ENNS"@"SEL$37"
              "T_MAX_DISENROLLMENT_ENROLLMENT"@"SEL$38")
      USE_NL(@"SEL$CDBEA42D" "T_ENNS_SLAVEUSER"@"SEL$36")
      USE_NL(@"SEL$CDBEA42D" "T_CURR_ENNS"@"SEL$37")
      USE_NL(@"SEL$CDBEA42D" "T_MAX_DISENROLLMENT_ENROLLMENT"@"SEL$38")
      NO_ACCESS(@"SEL$6" "from$_subquery$_005"@"SEL$6")
      INDEX_RS_ASC(@"SEL$2D594895" "T"@"SEL$8" ("T_SENTTSK"."SETK_OBJ_STT"))
      INDEX_RS_ASC(@"SEL$2D594895" "OWN"@"SEL$7" ("T_USR"."USR_ID"))
      INDEX_RS_ASC(@"SEL$2D594895" "PROVIDER"@"SEL$23" ("T_USR"."USR_ID"))
      INDEX_RS_ASC(@"SEL$2D594895" "AUTH"@"SEL$21" ("T_UM_BASE"."UMBS_ID"))
      INDEX_RS_ASC(@"SEL$2D594895" "REASON"@"SEL$17" ("T_DDL_ITEM"."DDLI_ID"))
      INDEX_RS_ASC(@"SEL$2D594895" "MEMBER"@"SEL$11" ("T_USR"."USR_ID"))
      INDEX_RS_ASC(@"SEL$2D594895" "PREVOWNER"@"SEL$9" ("T_USR"."USR_ID"))
      INDEX_RS_ASC(@"SEL$2D594895" "SENDER"@"SEL$27" ("T_USR"."USR_ID"))
      INDEX_RS_ASC(@"SEL$2D594895" "CASEORCM"@"SEL$19" ("T_CM_BASEBASE"."CMBB_ID"))
      INDEX_RS_ASC(@"SEL$2D594895" "ORIGCREATOR"@"SEL$13" ("T_USR"."USR_ID"))
      INDEX_RS_ASC(@"SEL$2D594895" "MOD"@"SEL$25" ("T_USR"."USR_ID"))
      INDEX_RS_ASC(@"SEL$2D594895" "TASKTYPE"@"SEL$15" ("T_DDL_ITEM"."DDLI_ID"))
      LEADING(@"SEL$2D594895" "T"@"SEL$8" "OWN"@"SEL$7" "PROVIDER"@"SEL$23" "AUTH"@"SEL$21" "REASON"@"SEL$17"
              "MEMBER"@"SEL$11" "PREVOWNER"@"SEL$9" "SENDER"@"SEL$27" "CASEORCM"@"SEL$19" "ORIGCREATOR"@"SEL$13" "MOD"@"SEL$25"
              "TASKTYPE"@"SEL$15")
      USE_MERGE_CARTESIAN(@"SEL$2D594895" "OWN"@"SEL$7")
      USE_NL(@"SEL$2D594895" "PROVIDER"@"SEL$23")
      USE_NL(@"SEL$2D594895" "AUTH"@"SEL$21")
      USE_NL(@"SEL$2D594895" "REASON"@"SEL$17")
      USE_NL(@"SEL$2D594895" "MEMBER"@"SEL$11")
      USE_NL(@"SEL$2D594895" "PREVOWNER"@"SEL$9")
      USE_NL(@"SEL$2D594895" "SENDER"@"SEL$27")
      USE_NL(@"SEL$2D594895" "CASEORCM"@"SEL$19")
      USE_NL(@"SEL$2D594895" "ORIGCREATOR"@"SEL$13")
      USE_NL(@"SEL$2D594895" "MOD"@"SEL$25")
      USE_NL(@"SEL$2D594895" "TASKTYPE"@"SEL$15")
      INDEX_RS_ASC(@"SEL$5" "T_CM_BASEBASE"@"SEL$5" ("T_CM_BASEBASE"."CMBB_ID"))
      INDEX_RS_ASC(@"SEL$4" "T_UM_BASE"@"SEL$4" ("T_UM_BASE"."UMBS_ID"))
      END_OUTLINE_DATA
  */

Peeked Binds (identified by position):
--------------------------------------

   1 - :SYS_B_0 (NUMBER): 2
   2 - :1 (NUMBER): 11640563
   3 - :2 (NUMBER): 1
   4 - :3 (NUMBER): 3
   5 - :4 (NUMBER): 905
   6 - :5 (NUMBER): 906
   7 - :6 (NUMBER): 907
   8 - :7 (NUMBER): 908
   9 - :8 (NUMBER): 911
  10 - :9 (NUMBER): 912
  11 - :10 (NUMBER): 913
  12 - :SYS_B_1 (NUMBER): 500
  13 - :SYS_B_2 (VARCHAR2(30), CSID=178): '2020.12.24'
  14 - :SYS_B_3 (VARCHAR2(30), CSID=178): 'yyyy.MM.dd'

Note
-----
   - dynamic statistics used: dynamic sampling (level=2)
   - 5 Sql Plan Directives used for this statement

SQL_ID 0sjx29v99zfqc
--------------------
SELECT INFO_WITH_MEMBER_ID.*,     enrollment.ELNS_INSCPRSRGRP
ipgGroupId,     benefit.BENP_LWSTLVL_PRODCAT productCategoryId,
affMember.USR_FRSTNAM affiliatedMemberFirstName,
affMember.USR_LAS_NAM affiliatedMemberLastName FROM (   SELECT INFO.*,
   CASE     WHEN INFO.memberAffiliationId IS NOT NULL THEN
(INFO.memberAffiliationId)     WHEN INFO.authAffiliationId IS NOT NULL
THEN (SELECT UMBS_MEMB FROM T_UM_BASE WHERE
UMBS_ID=INFO.authAffiliationId)     WHEN
INFO.careManagementAffiliationId IS NOT NULL THEN (SELECT CMBS_MEMB
FROM T_CM_BASEBASE WHERE CMBB_ID=INFO.careManagementAffiliationId)
WHEN INFO.providerAffiliationId IS NOT NULL THEN
(INFO.providerAffiliationId)     ELSE (NULL)     END
affiliatedMemberId   FROM (   SELECT * FROM (     SELECT
T.SETK_ID AS id,         T.SETK_C4C_ID AS c4cId,         T.SETK_UNIVID
AS universalId,         taskType.TSKT_RCPTTYP AS categoryId,
T.SETK_TSK_TYP AS taskTypeId,         taskType.DDLI_LBL AS
taskTypeLabel,         T.SETK_TSK_NAM AS taskName,         T.SETK_SUBJ
AS subject,         T.SETK_CRTD AS createDate,         T.SETK_SENT AS
sentDate,         T.SETK_SRTD AS startedDate,
T.SETK_TSK_TIMG_STRTDT AS startDate,         T.SETK_TSK_TIMG_SCLDAT AS
startDateSeconds,         T.SETK_TSK_TIMG_DDLN_DT AS dueDate,
T.SETK_TSK_TIMG_DDLN_TIM_IN_DY AS dueDateSeconds,         T.SETK_OWNR
AS ownerId,         own.USR_FRSTNAM AS ownerFirstName,
own.USR_LAS_NAM AS ownerLastName,         own.CLASSTYPE AS ownerType,
      T.SETK_OBJ_STT AS status,         T.SETK_AFFN_MEMB AS
memberAffiliationId,         member.USR_C4C_ID AS memberC4cId,
member.USR_FRSTNAM AS memberFirstName,         member.USR_LAS_NAM AS
memberLastName,         T.SETK_AFFN_CM AS careManagementAffiliationId,
       caseOrCm.CMBB_C4C_ID AS caseOrCmC4cId,
T.SETK_AFFN_UM_EVNT AS authAffiliationId,         auth.UMBS_C4C_ID AS
authAffiliationC4cId,         T.SETK_AFFN_PVDR AS
providerAffiliationId,         provider.USR_C4C_ID AS providerC4cId,
     T.SETK_TSK_TIMG_SNLTDT AS startNoLaterThanDate,
T.SETK_CNCLRESN AS cancelReasonId,         T.SETK_ORIGCRTR AS
originalCreatorId,         origCreator.USR_FRSTNAM AS
originalCreatorFirstName,         origCreator.USR_LAS_NAM AS
originalCreatorLastName,         caseOrCm.CLASSTYPE AS
caseOrCmClasstype,         T.SETK_TSK_DSCN AS description,
T.SETK_CMPD AS completedDate,         T.SETK_LAS_ACT_TIM AS
lastActionDate,         mod.USR_FRSTNAM lastModifiedByFirstName,
 mod.USR_LAS_NAM lastModifiedByLastName,         T.SETK_PRVSOWNR AS
previousOwnerId,         prevOwner.USR_FRSTNAM AS
previousOwnerFirstName,         prevOwner.USR_LAS_NAM AS
previousOwnerLastName,         prevOwner.CLASSTYPE AS
previousOwnerType,         CASE             WHEN
T.SETK_TSK_TIMG_DDLN_DT IS NOT NULL THEN (T.SETK_TSK_TIMG_DDLN_DT)
       WHEN T.SETK_TSK_TIMG_STRTDT IS NOT NULL THEN
(T.SETK_TSK_TIMG_STRTDT)             WHEN T.SETK_TSK_TIMG_SNLTDT IS NOT
NULL THEN (T.SETK_TSK_TIMG_SNLTDT)             ELSE (NULL)         END
       filterDate,         sender.USR_FRSTNAM fromUserFirstName,
 sender.USR_LAS_NAM fromUserLastName,         T.SETK_RESCHEDULE_REASON
AS rescheduleReason,         reason.DDLI_LBL AS rescheduleReasonLabel,
       T.SETK_RESCHEDULE_COMMENT AS rescheduleComment       FROM
T_SENTTSK T       LEFT OUTER JOIN T_USR own ON own.USR_ID=T.SETK_OWNR
    LEFT OUTER JOIN T_USR prevOwner ON prevOwner.USR_ID=T.SETK_PRVSOWNR
      LEFT OUTER JOIN T_USR member ON member.USR_ID=T.SETK_AFFN_MEMB
   LEFT OUTER JOIN T_USR origCreator ON
origCreator.USR_ID=T.SETK_ORIGCRTR       LEFT OUTER JOIN T_DDL_ITEM
taskType ON taskType.DDLI_ID=T.SETK_TSK_TYP       LEFT OUTER JOIN
T_DDL_ITEM reason ON reason.DDLI_ID=T.SETK_RESCHEDULE_REASON       LEFT
OUTER JOIN T_CM_BASEBASE caseOrCm ON caseOrCm.CMBB_ID=T.SETK_AFFN_CM
   LEFT OUTER JOIN T_UM_BASE auth ON auth.UMBS_ID=T.SETK_AFFN_UM_EVNT
    LEFT OUTER JOIN T_USR provider

Plan hash value: 2207044247

-----------------------------------------------------------------------------------------------------------------------------------------
| Id  | Operation                                               | Name                          | Rows  | Bytes | Cost (%CPU)| Time     |
-----------------------------------------------------------------------------------------------------------------------------------------
|   0 | SELECT STATEMENT                                        |                               |       |       |  2287K(100)|          |
|   1 |  TABLE ACCESS BY INDEX ROWID                            | T_UM_BASE                     |     1 |    12 |     1   (0)| 00:00:01 |
|   2 |   INDEX UNIQUE SCAN                                     | PK_T_UM_BASE                  |     1 |       |     1   (0)| 00:00:01 |
|   3 |   TABLE ACCESS BY INDEX ROWID                           | T_CM_BASEBASE                 |     1 |    12 |     1   (0)| 00:00:01 |
|   4 |    INDEX UNIQUE SCAN                                    | PK_T_CM_BASEBASE              |     1 |       |     1   (0)| 00:00:01 |
|   5 |  NESTED LOOPS OUTER                                     |                               |   130 |  5957K|  2287K  (1)| 00:01:30 |
|   6 |   NESTED LOOPS OUTER                                    |                               |   130 |  5954K|  2287K  (1)| 00:01:30 |
|   7 |    HASH JOIN RIGHT OUTER                                |                               |   130 |  5952K|  2287K  (1)| 00:01:30 |
|   8 |     VIEW                                                | V_CURR_ENROLLMENT             |     2 |    78 |  2287K  (1)| 00:01:30 |
|   9 |      SORT UNIQUE                                        |                               |     2 |  1092 |  2287K  (1)| 00:01:30 |
|  10 |       UNION-ALL                                         |                               |       |       |            |          |
|  11 |        FILTER                                           |                               |       |       |            |          |
|  12 |         FILTER                                          |                               |       |       |            |          |
|  13 |          TABLE ACCESS STORAGE FULL                      | T_ENNS                        |   249K|    64M|   160K  (1)| 00:00:07 |
|  14 |          FAST DUAL                                      |                               |     1 |       |     2   (0)| 00:00:01 |
|  15 |         SORT GROUP BY NOSORT                            |                               |     1 |    72 |     4   (0)| 00:00:01 |
|  16 |          NESTED LOOPS OUTER                             |                               |     1 |    72 |     4   (0)| 00:00:01 |
|  17 |           NESTED LOOPS                                  |                               |     1 |    50 |     3   (0)| 00:00:01 |
|  18 |            NESTED LOOPS                                 |                               |     1 |    12 |     2   (0)| 00:00:01 |
|  19 |             INDEX UNIQUE SCAN                           | PK_T_USR                      |     1 |     6 |     1   (0)| 00:00:01 |
|  20 |             INDEX RANGE SCAN                            | IX_NVL_USR_MRGEMSTR_USR_ID    |     1 |     6 |     1   (0)| 00:00:01 |
|  21 |            TABLE ACCESS BY INDEX ROWID                  | T_ENNS                        |     1 |    38 |     1   (0)| 00:00:01 |
|  22 |             INDEX RANGE SCAN                            | IX_ELNS_MEMBENLTDTDSNTDTSTTID |     2 |       |     1   (0)| 00:00:01 |
|  23 |           TABLE ACCESS BY INDEX ROWID                   | T_ENNS                        |     1 |    22 |     1   (0)| 00:00:01 |
|  24 |            INDEX RANGE SCAN                             | IX_ELNS_MEMBENLTDTDSNTDTSTTID |     1 |       |     1   (0)| 00:00:01 |
|  25 |        FILTER                                           |                               |       |       |            |          |
|  26 |         FILTER                                          |                               |       |       |            |          |
|  27 |          TABLE ACCESS STORAGE FULL                      | T_ENNS                        |   249K|    64M|   160K  (1)| 00:00:07 |
|  28 |          FAST DUAL                                      |                               |     1 |       |     2   (0)| 00:00:01 |
|  29 |         SORT GROUP BY NOSORT                            |                               |     1 |    72 |     4   (0)| 00:00:01 |
|  30 |          NESTED LOOPS OUTER                             |                               |     1 |    72 |     4   (0)| 00:00:01 |
|  31 |           NESTED LOOPS                                  |                               |     1 |    50 |     3   (0)| 00:00:01 |
|  32 |            NESTED LOOPS                                 |                               |     1 |    12 |     2   (0)| 00:00:01 |
|  33 |             INDEX UNIQUE SCAN                           | PK_T_USR                      |     1 |     6 |     1   (0)| 00:00:01 |
|  34 |             INDEX RANGE SCAN                            | IX_NVL_USR_MRGEMSTR_USR_ID    |     1 |     6 |     1   (0)| 00:00:01 |
|  35 |            TABLE ACCESS BY INDEX ROWID                  | T_ENNS                        |     1 |    38 |     1   (0)| 00:00:01 |
|  36 |             INDEX RANGE SCAN                            | IX_ELNS_MEMBENLTDTDSNTDTSTTID |     2 |       |     1   (0)| 00:00:01 |
|  37 |           TABLE ACCESS BY INDEX ROWID                   | T_ENNS                        |     1 |    22 |     1   (0)| 00:00:01 |
|  38 |            INDEX RANGE SCAN                             | IX_ELNS_MEMBENLTDTDSNTDTSTTID |     1 |       |     1   (0)| 00:00:01 |
|  39 |     VIEW                                                |                               |   130 |  5947K|   101   (1)| 00:00:01 |
|  40 |      VIEW                                               |                               |   130 |  5946K|    16   (7)| 00:00:01 |
|  41 |       COUNT STOPKEY                                     |                               |       |       |            |          |
|  42 |        VIEW                                             |                               |   130 |  5946K|    16   (7)| 00:00:01 |
|  43 |         SORT ORDER BY STOPKEY                           |                               |   130 |    99K|    16   (7)| 00:00:01 |
|  44 |          NESTED LOOPS OUTER                             |                               |   130 |    99K|    15   (0)| 00:00:01 |
|  45 |           NESTED LOOPS OUTER                            |                               |   130 | 98540 |    14   (0)| 00:00:01 |
|  46 |            NESTED LOOPS OUTER                           |                               |   130 | 95680 |    13   (0)| 00:00:01 |
|  47 |             NESTED LOOPS OUTER                          |                               |   130 | 93210 |    12   (0)| 00:00:01 |
|  48 |              NESTED LOOPS OUTER                         |                               |   130 | 90350 |    10   (0)| 00:00:01 |
|  49 |               NESTED LOOPS OUTER                        |                               |   130 | 85800 |     9   (0)| 00:00:01 |
|  50 |                HASH JOIN RIGHT OUTER                    |                               |   130 | 81120 |     8   (0)| 00:00:01 |
|  51 |                 TABLE ACCESS BY INDEX ROWID             | T_USR                         |     1 |    36 |     1   (0)| 00:00:01 |
|  52 |                  INDEX UNIQUE SCAN                      | PK_T_USR                      |     1 |       |     1   (0)| 00:00:01 |
|  53 |                 NESTED LOOPS OUTER                      |                               |   130 | 76440 |     7   (0)| 00:00:01 |
|  54 |                  NESTED LOOPS OUTER                     |                               |   130 | 72800 |     6   (0)| 00:00:01 |
|  55 |                   NESTED LOOPS OUTER                    |                               |   130 | 70460 |     5   (0)| 00:00:01 |
|  56 |                    NESTED LOOPS OUTER                   |                               |   130 | 67600 |     4   (0)| 00:00:01 |
|  57 |                     INLIST ITERATOR                     |                               |       |       |            |          |
|  58 |                      TABLE ACCESS BY INDEX ROWID BATCHED| T_SENTTSK                     |   162 | 80352 |     3   (0)| 00:00:01 |
|  59 |                       INDEX RANGE SCAN                  | IX_SETK_OBJ_STT               |  1884 |       |     1   (0)| 00:00:01 |
|  60 |                     TABLE ACCESS BY INDEX ROWID         | T_DDL_ITEM                    |     1 |    24 |     1   (0)| 00:00:01 |
|  61 |                      INDEX UNIQUE SCAN                  | PK_T_DDL_ITEM                 |     1 |       |     1   (0)| 00:00:01 |
|  62 |                    TABLE ACCESS BY INDEX ROWID          | T_DDL_ITEM                    |     1 |    22 |     1   (0)| 00:00:01 |
|  63 |                     INDEX UNIQUE SCAN                   | PK_T_DDL_ITEM                 |     1 |       |     1   (0)| 00:00:01 |
|  64 |                   TABLE ACCESS BY INDEX ROWID           | T_UM_BASE                     |     1 |    18 |     1   (0)| 00:00:01 |
|  65 |                    INDEX UNIQUE SCAN                    | PK_T_UM_BASE                  |     1 |       |     1   (0)| 00:00:01 |
|  66 |                  TABLE ACCESS BY INDEX ROWID            | T_CM_BASEBASE                 |     1 |    28 |     1   (0)| 00:00:01 |
|  67 |                   INDEX UNIQUE SCAN                     | PK_T_CM_BASEBASE              |     1 |       |     1   (0)| 00:00:01 |
|  68 |                TABLE ACCESS BY INDEX ROWID              | T_USR                         |     1 |    36 |     1   (0)| 00:00:01 |
|  69 |                 INDEX UNIQUE SCAN                       | PK_T_USR                      |     1 |       |     1   (0)| 00:00:01 |
|  70 |               TABLE ACCESS BY INDEX ROWID               | T_USR                         |     1 |    35 |     1   (0)| 00:00:01 |
|  71 |                INDEX UNIQUE SCAN                        | PK_T_USR                      |     1 |       |     1   (0)| 00:00:01 |
|  72 |              TABLE ACCESS BY INDEX ROWID                | T_USR                         |     1 |    22 |     1   (0)| 00:00:01 |
|  73 |               INDEX UNIQUE SCAN                         | PK_T_USR                      |     1 |       |     1   (0)| 00:00:01 |
|  74 |             TABLE ACCESS BY INDEX ROWID                 | T_USR                         |     1 |    19 |     1   (0)| 00:00:01 |
|  75 |              INDEX UNIQUE SCAN                          | PK_T_USR                      |     1 |       |     1   (0)| 00:00:01 |
|  76 |            TABLE ACCESS BY INDEX ROWID                  | T_USR                         |     1 |    22 |     1   (0)| 00:00:01 |
|  77 |             INDEX UNIQUE SCAN                           | PK_T_USR                      |     1 |       |     1   (0)| 00:00:01 |
|  78 |           TABLE ACCESS BY INDEX ROWID                   | T_USR                         |     1 |    22 |     1   (0)| 00:00:01 |
|  79 |            INDEX UNIQUE SCAN                            | PK_T_USR                      |     1 |       |     1   (0)| 00:00:01 |
|  80 |    TABLE ACCESS BY INDEX ROWID                          | T_BENSPKG                     |     1 |    12 |     1   (0)| 00:00:01 |
|  81 |     INDEX UNIQUE SCAN                                   | PK_T_BENSPKG                  |     1 |       |     1   (0)| 00:00:01 |
|  82 |   TABLE ACCESS BY INDEX ROWID                           | T_USR                         |     1 |    22 |     1   (0)| 00:00:01 |
|  83 |    INDEX UNIQUE SCAN                                    | PK_T_USR                      |     1 |       |     1   (0)| 00:00:01 |
-----------------------------------------------------------------------------------------------------------------------------------------

Query Block Name / Object Alias (identified by operation id):
-------------------------------------------------------------

   1 - SEL$4        / T_UM_BASE@SEL$4
   2 - SEL$4        / T_UM_BASE@SEL$4
   3 - SEL$5        / T_CM_BASEBASE@SEL$5
   4 - SEL$5        / T_CM_BASEBASE@SEL$5
   5 - SEL$0C04A374
   8 - SET$1        / ENROLLMENT@SEL$30
   9 - SET$1
  11 - SEL$35
  13 - SEL$35       / T_SRC_ENNS@SEL$35
  14 - SEL$40       / DUAL@SEL$40
  15 - SEL$5F185B4C
  19 - SEL$5F185B4C / T_ENNS_MASTERUSER@SEL$31
  20 - SEL$5F185B4C / T_ENNS_SLAVEUSER@SEL$31
  21 - SEL$5F185B4C / T_CURR_ENNS@SEL$32
  22 - SEL$5F185B4C / T_CURR_ENNS@SEL$32
  23 - SEL$5F185B4C / T_MAX_DISENROLLMENT_ENROLLMENT@SEL$33
  24 - SEL$5F185B4C / T_MAX_DISENROLLMENT_ENROLLMENT@SEL$33
  25 - SEL$42
  27 - SEL$42       / T_SRC_ENNS@SEL$42
  28 - SEL$43       / DUAL@SEL$43
  29 - SEL$CDBEA42D
  33 - SEL$CDBEA42D / T_ENNS_MASTERUSER@SEL$36
  34 - SEL$CDBEA42D / T_ENNS_SLAVEUSER@SEL$36
  35 - SEL$CDBEA42D / T_CURR_ENNS@SEL$37
  36 - SEL$CDBEA42D / T_CURR_ENNS@SEL$37
  37 - SEL$CDBEA42D / T_MAX_DISENROLLMENT_ENROLLMENT@SEL$38
  38 - SEL$CDBEA42D / T_MAX_DISENROLLMENT_ENROLLMENT@SEL$38
  39 - SEL$3        / INFO_WITH_MEMBER_ID@SEL$2
  40 - SEL$6        / INFO@SEL$3
  41 - SEL$6
  42 - SEL$2D594895 / from$_subquery$_005@SEL$6
  43 - SEL$2D594895
  51 - SEL$2D594895 / OWN@SEL$7
  52 - SEL$2D594895 / OWN@SEL$7
  58 - SEL$2D594895 / T@SEL$8
  59 - SEL$2D594895 / T@SEL$8
  60 - SEL$2D594895 / TASKTYPE@SEL$15
  61 - SEL$2D594895 / TASKTYPE@SEL$15
  62 - SEL$2D594895 / REASON@SEL$17
  63 - SEL$2D594895 / REASON@SEL$17
  64 - SEL$2D594895 / AUTH@SEL$21
  65 - SEL$2D594895 / AUTH@SEL$21
  66 - SEL$2D594895 / CASEORCM@SEL$19
  67 - SEL$2D594895 / CASEORCM@SEL$19
  68 - SEL$2D594895 / PREVOWNER@SEL$9
  69 - SEL$2D594895 / PREVOWNER@SEL$9
  70 - SEL$2D594895 / MEMBER@SEL$11
  71 - SEL$2D594895 / MEMBER@SEL$11
  72 - SEL$2D594895 / ORIGCREATOR@SEL$13
  73 - SEL$2D594895 / ORIGCREATOR@SEL$13
  74 - SEL$2D594895 / PROVIDER@SEL$23
  75 - SEL$2D594895 / PROVIDER@SEL$23
  76 - SEL$2D594895 / MOD@SEL$25
  77 - SEL$2D594895 / MOD@SEL$25
  78 - SEL$2D594895 / SENDER@SEL$27
  79 - SEL$2D594895 / SENDER@SEL$27
  80 - SEL$0C04A374 / BENEFIT@SEL$46
  81 - SEL$0C04A374 / BENEFIT@SEL$46
  82 - SEL$0C04A374 / AFFMEMBER@SEL$1
  83 - SEL$0C04A374 / AFFMEMBER@SEL$1

Outline Data
-------------

  /*+
      BEGIN_OUTLINE_DATA
      IGNORE_OPTIM_EMBEDDED_HINTS
      OPTIMIZER_FEATURES_ENABLE('12.1.0.2')
      DB_VERSION('12.1.0.2')
      OPT_PARAM('optimizer_index_cost_adj' 1)
      OPT_PARAM('optimizer_index_caching' 90)
      ALL_ROWS
      OUTLINE_LEAF(@"SEL$4")
      OUTLINE_LEAF(@"SEL$5")
      OUTLINE_LEAF(@"SEL$2D594895")
      MERGE(@"SEL$2DE0C8FF")
      OUTLINE_LEAF(@"SEL$6")
      OUTLINE_LEAF(@"SEL$3")
      OUTLINE_LEAF(@"SEL$40")
      OUTLINE_LEAF(@"SEL$5F185B4C")
      MERGE(@"SEL$6B15F4E0")
      OUTLINE_LEAF(@"SEL$35")
      OUTLINE_LEAF(@"SEL$43")
      OUTLINE_LEAF(@"SEL$CDBEA42D")
      MERGE(@"SEL$57BA8109")
      OUTLINE_LEAF(@"SEL$42")
      OUTLINE_LEAF(@"SET$1")
      OUTLINE_LEAF(@"SEL$0C04A374")
      MERGE(@"SEL$BC270230")
      OUTLINE(@"SEL$29")
      OUTLINE(@"SEL$2DE0C8FF")
      MERGE(@"SEL$27")
      MERGE(@"SEL$3B95C159")
      OUTLINE(@"SEL$41")
      OUTLINE(@"SEL$6B15F4E0")
      MERGE(@"SEL$78FE80F3")
      OUTLINE(@"SEL$44")
      OUTLINE(@"SEL$57BA8109")
      MERGE(@"SEL$516D3A01")
      OUTLINE(@"SEL$48")
      OUTLINE(@"SEL$BC270230")
      MERGE(@"SEL$409758B4")
      MERGE(@"SEL$46")
      OUTLINE(@"SEL$28")
      OUTLINE(@"SEL$27")
      OUTLINE(@"SEL$3B95C159")
      MERGE(@"SEL$25")
      MERGE(@"SEL$6D003707")
      OUTLINE(@"SEL$D570F096")
      MERGE(@"SEL$33")
      OUTLINE(@"SEL$78FE80F3")
      MERGE(@"SEL$31")
      OUTLINE(@"SEL$067B9A3E")
      MERGE(@"SEL$38")
      OUTLINE(@"SEL$516D3A01")
      MERGE(@"SEL$36")
      OUTLINE(@"SEL$47")
      OUTLINE(@"SEL$409758B4")
      MERGE(@"SEL$30")
      MERGE(@"SEL$58A6D7F6")
      OUTLINE(@"SEL$46")
      OUTLINE(@"SEL$26")
      OUTLINE(@"SEL$25")
      OUTLINE(@"SEL$6D003707")
      MERGE(@"SEL$23")
      MERGE(@"SEL$23FAB6D1")
      OUTLINE(@"SEL$34")
      OUTLINE(@"SEL$33")
      OUTLINE(@"SEL$32")
      OUTLINE(@"SEL$31")
      OUTLINE(@"SEL$39")
      OUTLINE(@"SEL$38")
      OUTLINE(@"SEL$37")
      OUTLINE(@"SEL$36")
      OUTLINE(@"SEL$45")
      OUTLINE(@"SEL$30")
      OUTLINE(@"SEL$58A6D7F6")
      MERGE(@"SEL$1")
      OUTLINE(@"SEL$24")
      OUTLINE(@"SEL$23")
      OUTLINE(@"SEL$23FAB6D1")
      MERGE(@"SEL$21")
      MERGE(@"SEL$97A30ECD")
      OUTLINE(@"SEL$2")
      OUTLINE(@"SEL$1")
      OUTLINE(@"SEL$22")
      OUTLINE(@"SEL$21")
      OUTLINE(@"SEL$97A30ECD")
      MERGE(@"SEL$19")
      MERGE(@"SEL$CF22A5CA")
      OUTLINE(@"SEL$20")
      OUTLINE(@"SEL$19")
      OUTLINE(@"SEL$CF22A5CA")
      MERGE(@"SEL$17")
      MERGE(@"SEL$FF97D7FC")
      OUTLINE(@"SEL$18")
      OUTLINE(@"SEL$17")
      OUTLINE(@"SEL$FF97D7FC")
      MERGE(@"SEL$15")
      MERGE(@"SEL$DE5D921C")
      OUTLINE(@"SEL$16")
      OUTLINE(@"SEL$15")
      OUTLINE(@"SEL$DE5D921C")
      MERGE(@"SEL$01DD7F33")
      MERGE(@"SEL$13")
      OUTLINE(@"SEL$14")
      OUTLINE(@"SEL$01DD7F33")
      MERGE(@"SEL$11")
      MERGE(@"SEL$BDFBA881")
      OUTLINE(@"SEL$13")
      OUTLINE(@"SEL$12")
      OUTLINE(@"SEL$11")
      OUTLINE(@"SEL$BDFBA881")
      MERGE(@"SEL$9")
      MERGE(@"SEL$FC56C448")
      OUTLINE(@"SEL$10")
      OUTLINE(@"SEL$9")
      OUTLINE(@"SEL$FC56C448")
      MERGE(@"SEL$7")
      OUTLINE(@"SEL$8")
      OUTLINE(@"SEL$7")
      NO_ACCESS(@"SEL$0C04A374" "INFO_WITH_MEMBER_ID"@"SEL$2")
      NO_ACCESS(@"SEL$0C04A374" "ENROLLMENT"@"SEL$30")
      INDEX_RS_ASC(@"SEL$0C04A374" "BENEFIT"@"SEL$46" ("T_BENSPKG"."BENP_ID"))
      INDEX_RS_ASC(@"SEL$0C04A374" "AFFMEMBER"@"SEL$1" ("T_USR"."USR_ID"))
      LEADING(@"SEL$0C04A374" "INFO_WITH_MEMBER_ID"@"SEL$2" "ENROLLMENT"@"SEL$30" "BENEFIT"@"SEL$46" "AFFMEMBER"@"SEL$1")
      USE_HASH(@"SEL$0C04A374" "ENROLLMENT"@"SEL$30")
      USE_NL(@"SEL$0C04A374" "BENEFIT"@"SEL$46")
      USE_NL(@"SEL$0C04A374" "AFFMEMBER"@"SEL$1")
      SWAP_JOIN_INPUTS(@"SEL$0C04A374" "ENROLLMENT"@"SEL$30")
      NO_ACCESS(@"SEL$3" "INFO"@"SEL$3")
      FULL(@"SEL$42" "T_SRC_ENNS"@"SEL$42")
      PQ_FILTER(@"SEL$42" SERIAL)
      FULL(@"SEL$35" "T_SRC_ENNS"@"SEL$35")
      PQ_FILTER(@"SEL$35" SERIAL)
      INDEX(@"SEL$5F185B4C" "T_ENNS_MASTERUSER"@"SEL$31" ("T_USR"."USR_ID"))
      INDEX(@"SEL$5F185B4C" "T_ENNS_SLAVEUSER"@"SEL$31" "IX_NVL_USR_MRGEMSTR_USR_ID")
      INDEX_RS_ASC(@"SEL$5F185B4C" "T_CURR_ENNS"@"SEL$32" "IX_ELNS_MEMBENLTDTDSNTDTSTTID")
      INDEX_RS_ASC(@"SEL$5F185B4C" "T_MAX_DISENROLLMENT_ENROLLMENT"@"SEL$33" "IX_ELNS_MEMBENLTDTDSNTDTSTTID")
      LEADING(@"SEL$5F185B4C" "T_ENNS_MASTERUSER"@"SEL$31" "T_ENNS_SLAVEUSER"@"SEL$31" "T_CURR_ENNS"@"SEL$32"
              "T_MAX_DISENROLLMENT_ENROLLMENT"@"SEL$33")
      USE_NL(@"SEL$5F185B4C" "T_ENNS_SLAVEUSER"@"SEL$31")
      USE_NL(@"SEL$5F185B4C" "T_CURR_ENNS"@"SEL$32")
      USE_NL(@"SEL$5F185B4C" "T_MAX_DISENROLLMENT_ENROLLMENT"@"SEL$33")
      INDEX(@"SEL$CDBEA42D" "T_ENNS_MASTERUSER"@"SEL$36" ("T_USR"."USR_ID"))
      INDEX(@"SEL$CDBEA42D" "T_ENNS_SLAVEUSER"@"SEL$36" "IX_NVL_USR_MRGEMSTR_USR_ID")
      INDEX_RS_ASC(@"SEL$CDBEA42D" "T_CURR_ENNS"@"SEL$37" "IX_ELNS_MEMBENLTDTDSNTDTSTTID")
      INDEX_RS_ASC(@"SEL$CDBEA42D" "T_MAX_DISENROLLMENT_ENROLLMENT"@"SEL$38" "IX_ELNS_MEMBENLTDTDSNTDTSTTID")
      LEADING(@"SEL$CDBEA42D" "T_ENNS_MASTERUSER"@"SEL$36" "T_ENNS_SLAVEUSER"@"SEL$36" "T_CURR_ENNS"@"SEL$37"
              "T_MAX_DISENROLLMENT_ENROLLMENT"@"SEL$38")
      USE_NL(@"SEL$CDBEA42D" "T_ENNS_SLAVEUSER"@"SEL$36")
      USE_NL(@"SEL$CDBEA42D" "T_CURR_ENNS"@"SEL$37")
      USE_NL(@"SEL$CDBEA42D" "T_MAX_DISENROLLMENT_ENROLLMENT"@"SEL$38")
      NO_ACCESS(@"SEL$6" "from$_subquery$_005"@"SEL$6")
      INDEX_RS_ASC(@"SEL$2D594895" "T"@"SEL$8" ("T_SENTTSK"."SETK_OBJ_STT"))
      BATCH_TABLE_ACCESS_BY_ROWID(@"SEL$2D594895" "T"@"SEL$8")
      INDEX_RS_ASC(@"SEL$2D594895" "TASKTYPE"@"SEL$15" ("T_DDL_ITEM"."DDLI_ID"))
      INDEX_RS_ASC(@"SEL$2D594895" "REASON"@"SEL$17" ("T_DDL_ITEM"."DDLI_ID"))
      INDEX_RS_ASC(@"SEL$2D594895" "AUTH"@"SEL$21" ("T_UM_BASE"."UMBS_ID"))
      INDEX_RS_ASC(@"SEL$2D594895" "CASEORCM"@"SEL$19" ("T_CM_BASEBASE"."CMBB_ID"))
      INDEX_RS_ASC(@"SEL$2D594895" "OWN"@"SEL$7" ("T_USR"."USR_ID"))
      INDEX_RS_ASC(@"SEL$2D594895" "PREVOWNER"@"SEL$9" ("T_USR"."USR_ID"))
      INDEX_RS_ASC(@"SEL$2D594895" "MEMBER"@"SEL$11" ("T_USR"."USR_ID"))
      INDEX_RS_ASC(@"SEL$2D594895" "ORIGCREATOR"@"SEL$13" ("T_USR"."USR_ID"))
      INDEX_RS_ASC(@"SEL$2D594895" "PROVIDER"@"SEL$23" ("T_USR"."USR_ID"))
      INDEX_RS_ASC(@"SEL$2D594895" "MOD"@"SEL$25" ("T_USR"."USR_ID"))
      INDEX_RS_ASC(@"SEL$2D594895" "SENDER"@"SEL$27" ("T_USR"."USR_ID"))
      LEADING(@"SEL$2D594895" "T"@"SEL$8" "TASKTYPE"@"SEL$15" "REASON"@"SEL$17" "AUTH"@"SEL$21" "CASEORCM"@"SEL$19" "OWN"@"SEL$7"
              "PREVOWNER"@"SEL$9" "MEMBER"@"SEL$11" "ORIGCREATOR"@"SEL$13" "PROVIDER"@"SEL$23" "MOD"@"SEL$25" "SENDER"@"SEL$27")
      USE_NL(@"SEL$2D594895" "TASKTYPE"@"SEL$15")
      USE_NL(@"SEL$2D594895" "REASON"@"SEL$17")
      USE_NL(@"SEL$2D594895" "AUTH"@"SEL$21")
      USE_NL(@"SEL$2D594895" "CASEORCM"@"SEL$19")
      USE_HASH(@"SEL$2D594895" "OWN"@"SEL$7")
      USE_NL(@"SEL$2D594895" "PREVOWNER"@"SEL$9")
      USE_NL(@"SEL$2D594895" "MEMBER"@"SEL$11")
      USE_NL(@"SEL$2D594895" "ORIGCREATOR"@"SEL$13")
      USE_NL(@"SEL$2D594895" "PROVIDER"@"SEL$23")
      USE_NL(@"SEL$2D594895" "MOD"@"SEL$25")
      USE_NL(@"SEL$2D594895" "SENDER"@"SEL$27")
      SWAP_JOIN_INPUTS(@"SEL$2D594895" "OWN"@"SEL$7")
      INDEX_RS_ASC(@"SEL$5" "T_CM_BASEBASE"@"SEL$5" ("T_CM_BASEBASE"."CMBB_ID"))
      INDEX_RS_ASC(@"SEL$4" "T_UM_BASE"@"SEL$4" ("T_UM_BASE"."UMBS_ID"))
      END_OUTLINE_DATA
  */

Peeked Binds (identified by position):
--------------------------------------

   1 - :SYS_B_0 (NUMBER): 2
   2 - :1 (NUMBER): 11640563
   3 - :2 (NUMBER): 1
   4 - :3 (NUMBER): 3
   5 - :4 (NUMBER): 905
   6 - :5 (NUMBER): 906
   7 - :6 (NUMBER): 907
   8 - :7 (NUMBER): 908
   9 - :8 (NUMBER): 911
  10 - :9 (NUMBER): 912
  11 - :10 (NUMBER): 913
  12 - :SYS_B_1 (NUMBER): 500
  13 - :SYS_B_2 (VARCHAR2(30), CSID=178): '2020.11.20'
  14 - :SYS_B_3 (VARCHAR2(30), CSID=178): 'yyyy.MM.dd'

Note
-----
   - dynamic statistics used: dynamic sampling (level=2)
   - 5 Sql Plan Directives used for this statement

SQL_ID 0sjx29v99zfqc
--------------------
SELECT INFO_WITH_MEMBER_ID.*,     enrollment.ELNS_INSCPRSRGRP
ipgGroupId,     benefit.BENP_LWSTLVL_PRODCAT productCategoryId,
affMember.USR_FRSTNAM affiliatedMemberFirstName,
affMember.USR_LAS_NAM affiliatedMemberLastName FROM (   SELECT INFO.*,
   CASE     WHEN INFO.memberAffiliationId IS NOT NULL THEN
(INFO.memberAffiliationId)     WHEN INFO.authAffiliationId IS NOT NULL
THEN (SELECT UMBS_MEMB FROM T_UM_BASE WHERE
UMBS_ID=INFO.authAffiliationId)     WHEN
INFO.careManagementAffiliationId IS NOT NULL THEN (SELECT CMBS_MEMB
FROM T_CM_BASEBASE WHERE CMBB_ID=INFO.careManagementAffiliationId)
WHEN INFO.providerAffiliationId IS NOT NULL THEN
(INFO.providerAffiliationId)     ELSE (NULL)     END
affiliatedMemberId   FROM (   SELECT * FROM (     SELECT
T.SETK_ID AS id,         T.SETK_C4C_ID AS c4cId,         T.SETK_UNIVID
AS universalId,         taskType.TSKT_RCPTTYP AS categoryId,
T.SETK_TSK_TYP AS taskTypeId,         taskType.DDLI_LBL AS
taskTypeLabel,         T.SETK_TSK_NAM AS taskName,         T.SETK_SUBJ
AS subject,         T.SETK_CRTD AS createDate,         T.SETK_SENT AS
sentDate,         T.SETK_SRTD AS startedDate,
T.SETK_TSK_TIMG_STRTDT AS startDate,         T.SETK_TSK_TIMG_SCLDAT AS
startDateSeconds,         T.SETK_TSK_TIMG_DDLN_DT AS dueDate,
T.SETK_TSK_TIMG_DDLN_TIM_IN_DY AS dueDateSeconds,         T.SETK_OWNR
AS ownerId,         own.USR_FRSTNAM AS ownerFirstName,
own.USR_LAS_NAM AS ownerLastName,         own.CLASSTYPE AS ownerType,
      T.SETK_OBJ_STT AS status,         T.SETK_AFFN_MEMB AS
memberAffiliationId,         member.USR_C4C_ID AS memberC4cId,
member.USR_FRSTNAM AS memberFirstName,         member.USR_LAS_NAM AS
memberLastName,         T.SETK_AFFN_CM AS careManagementAffiliationId,
       caseOrCm.CMBB_C4C_ID AS caseOrCmC4cId,
T.SETK_AFFN_UM_EVNT AS authAffiliationId,         auth.UMBS_C4C_ID AS
authAffiliationC4cId,         T.SETK_AFFN_PVDR AS
providerAffiliationId,         provider.USR_C4C_ID AS providerC4cId,
     T.SETK_TSK_TIMG_SNLTDT AS startNoLaterThanDate,
T.SETK_CNCLRESN AS cancelReasonId,         T.SETK_ORIGCRTR AS
originalCreatorId,         origCreator.USR_FRSTNAM AS
originalCreatorFirstName,         origCreator.USR_LAS_NAM AS
originalCreatorLastName,         caseOrCm.CLASSTYPE AS
caseOrCmClasstype,         T.SETK_TSK_DSCN AS description,
T.SETK_CMPD AS completedDate,         T.SETK_LAS_ACT_TIM AS
lastActionDate,         mod.USR_FRSTNAM lastModifiedByFirstName,
 mod.USR_LAS_NAM lastModifiedByLastName,         T.SETK_PRVSOWNR AS
previousOwnerId,         prevOwner.USR_FRSTNAM AS
previousOwnerFirstName,         prevOwner.USR_LAS_NAM AS
previousOwnerLastName,         prevOwner.CLASSTYPE AS
previousOwnerType,         CASE             WHEN
T.SETK_TSK_TIMG_DDLN_DT IS NOT NULL THEN (T.SETK_TSK_TIMG_DDLN_DT)
       WHEN T.SETK_TSK_TIMG_STRTDT IS NOT NULL THEN
(T.SETK_TSK_TIMG_STRTDT)             WHEN T.SETK_TSK_TIMG_SNLTDT IS NOT
NULL THEN (T.SETK_TSK_TIMG_SNLTDT)             ELSE (NULL)         END
       filterDate,         sender.USR_FRSTNAM fromUserFirstName,
 sender.USR_LAS_NAM fromUserLastName,         T.SETK_RESCHEDULE_REASON
AS rescheduleReason,         reason.DDLI_LBL AS rescheduleReasonLabel,
       T.SETK_RESCHEDULE_COMMENT AS rescheduleComment       FROM
T_SENTTSK T       LEFT OUTER JOIN T_USR own ON own.USR_ID=T.SETK_OWNR
    LEFT OUTER JOIN T_USR prevOwner ON prevOwner.USR_ID=T.SETK_PRVSOWNR
      LEFT OUTER JOIN T_USR member ON member.USR_ID=T.SETK_AFFN_MEMB
   LEFT OUTER JOIN T_USR origCreator ON
origCreator.USR_ID=T.SETK_ORIGCRTR       LEFT OUTER JOIN T_DDL_ITEM
taskType ON taskType.DDLI_ID=T.SETK_TSK_TYP       LEFT OUTER JOIN
T_DDL_ITEM reason ON reason.DDLI_ID=T.SETK_RESCHEDULE_REASON       LEFT
OUTER JOIN T_CM_BASEBASE caseOrCm ON caseOrCm.CMBB_ID=T.SETK_AFFN_CM
   LEFT OUTER JOIN T_UM_BASE auth ON auth.UMBS_ID=T.SETK_AFFN_UM_EVNT
    LEFT OUTER JOIN T_USR provider

Plan hash value: 2320460704

-----------------------------------------------------------------------------------------------------------------------------------------
| Id  | Operation                                               | Name                          | Rows  | Bytes | Cost (%CPU)| Time     |
-----------------------------------------------------------------------------------------------------------------------------------------
|   0 | SELECT STATEMENT                                        |                               |       |       |  2282K(100)|          |
|   1 |  TABLE ACCESS BY INDEX ROWID                            | T_UM_BASE                     |     1 |    12 |     1   (0)| 00:00:01 |
|   2 |   INDEX UNIQUE SCAN                                     | PK_T_UM_BASE                  |     1 |       |     1   (0)| 00:00:01 |
|   3 |   TABLE ACCESS BY INDEX ROWID                           | T_CM_BASEBASE                 |     1 |    12 |     1   (0)| 00:00:01 |
|   4 |    INDEX UNIQUE SCAN                                    | PK_T_CM_BASEBASE              |     1 |       |     1   (0)| 00:00:01 |
|   5 |  NESTED LOOPS OUTER                                     |                               |   130 |  5957K|  2282K  (1)| 00:01:30 |
|   6 |   NESTED LOOPS OUTER                                    |                               |   130 |  5954K|  2282K  (1)| 00:01:30 |
|   7 |    HASH JOIN RIGHT OUTER                                |                               |   130 |  5952K|  2282K  (1)| 00:01:30 |
|   8 |     VIEW                                                | V_CURR_ENROLLMENT             |     2 |    78 |  2282K  (1)| 00:01:30 |
|   9 |      SORT UNIQUE                                        |                               |     2 |  1092 |  2282K  (1)| 00:01:30 |
|  10 |       UNION-ALL                                         |                               |       |       |            |          |
|  11 |        FILTER                                           |                               |       |       |            |          |
|  12 |         FILTER                                          |                               |       |       |            |          |
|  13 |          TABLE ACCESS STORAGE FULL                      | T_ENNS                        |   248K|    64M|   160K  (1)| 00:00:07 |
|  14 |          FAST DUAL                                      |                               |     1 |       |     2   (0)| 00:00:01 |
|  15 |         SORT GROUP BY NOSORT                            |                               |     1 |    72 |     4   (0)| 00:00:01 |
|  16 |          NESTED LOOPS OUTER                             |                               |     1 |    72 |     4   (0)| 00:00:01 |
|  17 |           NESTED LOOPS                                  |                               |     1 |    50 |     3   (0)| 00:00:01 |
|  18 |            NESTED LOOPS                                 |                               |     1 |    12 |     2   (0)| 00:00:01 |
|  19 |             INDEX UNIQUE SCAN                           | PK_T_USR                      |     1 |     6 |     1   (0)| 00:00:01 |
|  20 |             INDEX RANGE SCAN                            | IX_NVL_USR_MRGEMSTR_USR_ID    |     1 |     6 |     1   (0)| 00:00:01 |
|  21 |            TABLE ACCESS BY INDEX ROWID                  | T_ENNS                        |     1 |    38 |     1   (0)| 00:00:01 |
|  22 |             INDEX RANGE SCAN                            | IX_ELNS_MEMBENLTDTDSNTDTSTTID |     2 |       |     1   (0)| 00:00:01 |
|  23 |           TABLE ACCESS BY INDEX ROWID                   | T_ENNS                        |     1 |    22 |     1   (0)| 00:00:01 |
|  24 |            INDEX RANGE SCAN                             | IX_ELNS_MEMBENLTDTDSNTDTID    |     1 |       |     1   (0)| 00:00:01 |
|  25 |        FILTER                                           |                               |       |       |            |          |
|  26 |         FILTER                                          |                               |       |       |            |          |
|  27 |          TABLE ACCESS STORAGE FULL                      | T_ENNS                        |   248K|    64M|   160K  (1)| 00:00:07 |
|  28 |          FAST DUAL                                      |                               |     1 |       |     2   (0)| 00:00:01 |
|  29 |         SORT GROUP BY NOSORT                            |                               |     1 |    72 |     4   (0)| 00:00:01 |
|  30 |          NESTED LOOPS OUTER                             |                               |     1 |    72 |     4   (0)| 00:00:01 |
|  31 |           NESTED LOOPS                                  |                               |     1 |    50 |     3   (0)| 00:00:01 |
|  32 |            NESTED LOOPS                                 |                               |     1 |    12 |     2   (0)| 00:00:01 |
|  33 |             INDEX UNIQUE SCAN                           | PK_T_USR                      |     1 |     6 |     1   (0)| 00:00:01 |
|  34 |             INDEX RANGE SCAN                            | IX_NVL_USR_MRGEMSTR_USR_ID    |     1 |     6 |     1   (0)| 00:00:01 |
|  35 |            TABLE ACCESS BY INDEX ROWID                  | T_ENNS                        |     1 |    38 |     1   (0)| 00:00:01 |
|  36 |             INDEX RANGE SCAN                            | IX_ELNS_MEMBENLTDTDSNTDTSTTID |     2 |       |     1   (0)| 00:00:01 |
|  37 |           TABLE ACCESS BY INDEX ROWID                   | T_ENNS                        |     1 |    22 |     1   (0)| 00:00:01 |
|  38 |            INDEX RANGE SCAN                             | IX_ELNS_MEMBENLTDTDSNTDTID    |     1 |       |     1   (0)| 00:00:01 |
|  39 |     VIEW                                                |                               |   130 |  5947K|   101   (1)| 00:00:01 |
|  40 |      VIEW                                               |                               |   130 |  5946K|    16   (7)| 00:00:01 |
|  41 |       COUNT STOPKEY                                     |                               |       |       |            |          |
|  42 |        VIEW                                             |                               |   130 |  5946K|    16   (7)| 00:00:01 |
|  43 |         SORT ORDER BY STOPKEY                           |                               |   130 |    99K|    16   (7)| 00:00:01 |
|  44 |          NESTED LOOPS OUTER                             |                               |   130 |    99K|    15   (0)| 00:00:01 |
|  45 |           NESTED LOOPS OUTER                            |                               |   130 | 98540 |    14   (0)| 00:00:01 |
|  46 |            NESTED LOOPS OUTER                           |                               |   130 | 95680 |    12   (0)| 00:00:01 |
|  47 |             NESTED LOOPS OUTER                          |                               |   130 | 93210 |    11   (0)| 00:00:01 |
|  48 |              NESTED LOOPS OUTER                         |                               |   130 | 90350 |    10   (0)| 00:00:01 |
|  49 |               NESTED LOOPS OUTER                        |                               |   130 | 85800 |     9   (0)| 00:00:01 |
|  50 |                NESTED LOOPS OUTER                       |                               |   130 | 81120 |     8   (0)| 00:00:01 |
|  51 |                 NESTED LOOPS OUTER                      |                               |   130 | 77480 |     7   (0)| 00:00:01 |
|  52 |                  NESTED LOOPS OUTER                     |                               |   130 | 75140 |     6   (0)| 00:00:01 |
|  53 |                   NESTED LOOPS OUTER                    |                               |   130 | 72280 |     5   (0)| 00:00:01 |
|  54 |                    HASH JOIN RIGHT OUTER                |                               |   130 | 69160 |     4   (0)| 00:00:01 |
|  55 |                     TABLE ACCESS BY INDEX ROWID         | T_USR                         |     1 |    36 |     1   (0)| 00:00:01 |
|  56 |                      INDEX UNIQUE SCAN                  | PK_T_USR                      |     1 |       |     1   (0)| 00:00:01 |
|  57 |                     INLIST ITERATOR                     |                               |       |       |            |          |
|  58 |                      TABLE ACCESS BY INDEX ROWID BATCHED| T_SENTTSK                     |   130 | 64480 |     3   (0)| 00:00:01 |
|  59 |                       INDEX RANGE SCAN                  | IX_SETK_OBJ_STT               |  1913 |       |     1   (0)| 00:00:01 |
|  60 |                    TABLE ACCESS BY INDEX ROWID          | T_DDL_ITEM                    |     1 |    24 |     1   (0)| 00:00:01 |
|  61 |                     INDEX UNIQUE SCAN                   | PK_T_DDL_ITEM                 |     1 |       |     1   (0)| 00:00:01 |
|  62 |                   TABLE ACCESS BY INDEX ROWID           | T_DDL_ITEM                    |     1 |    22 |     1   (0)| 00:00:01 |
|  63 |                    INDEX UNIQUE SCAN                    | PK_T_DDL_ITEM                 |     1 |       |     1   (0)| 00:00:01 |
|  64 |                  TABLE ACCESS BY INDEX ROWID            | T_UM_BASE                     |     1 |    18 |     1   (0)| 00:00:01 |
|  65 |                   INDEX UNIQUE SCAN                     | PK_T_UM_BASE                  |     1 |       |     1   (0)| 00:00:01 |
|  66 |                 TABLE ACCESS BY INDEX ROWID             | T_CM_BASEBASE                 |     1 |    28 |     1   (0)| 00:00:01 |
|  67 |                  INDEX UNIQUE SCAN                      | PK_T_CM_BASEBASE              |     1 |       |     1   (0)| 00:00:01 |
|  68 |                TABLE ACCESS BY INDEX ROWID              | T_USR                         |     1 |    36 |     1   (0)| 00:00:01 |
|  69 |                 INDEX UNIQUE SCAN                       | PK_T_USR                      |     1 |       |     1   (0)| 00:00:01 |
|  70 |               TABLE ACCESS BY INDEX ROWID               | T_USR                         |     1 |    35 |     1   (0)| 00:00:01 |
|  71 |                INDEX UNIQUE SCAN                        | PK_T_USR                      |     1 |       |     1   (0)| 00:00:01 |
|  72 |              TABLE ACCESS BY INDEX ROWID                | T_USR                         |     1 |    22 |     1   (0)| 00:00:01 |
|  73 |               INDEX UNIQUE SCAN                         | PK_T_USR                      |     1 |       |     1   (0)| 00:00:01 |
|  74 |             TABLE ACCESS BY INDEX ROWID                 | T_USR                         |     1 |    19 |     1   (0)| 00:00:01 |
|  75 |              INDEX UNIQUE SCAN                          | PK_T_USR                      |     1 |       |     1   (0)| 00:00:01 |
|  76 |            TABLE ACCESS BY INDEX ROWID                  | T_USR                         |     1 |    22 |     1   (0)| 00:00:01 |
|  77 |             INDEX UNIQUE SCAN                           | PK_T_USR                      |     1 |       |     1   (0)| 00:00:01 |
|  78 |           TABLE ACCESS BY INDEX ROWID                   | T_USR                         |     1 |    22 |     1   (0)| 00:00:01 |
|  79 |            INDEX UNIQUE SCAN                            | PK_T_USR                      |     1 |       |     1   (0)| 00:00:01 |
|  80 |    TABLE ACCESS BY INDEX ROWID                          | T_BENSPKG                     |     1 |    12 |     1   (0)| 00:00:01 |
|  81 |     INDEX UNIQUE SCAN                                   | PK_T_BENSPKG                  |     1 |       |     1   (0)| 00:00:01 |
|  82 |   TABLE ACCESS BY INDEX ROWID                           | T_USR                         |     1 |    22 |     1   (0)| 00:00:01 |
|  83 |    INDEX UNIQUE SCAN                                    | PK_T_USR                      |     1 |       |     1   (0)| 00:00:01 |
-----------------------------------------------------------------------------------------------------------------------------------------

Query Block Name / Object Alias (identified by operation id):
-------------------------------------------------------------

   1 - SEL$4        / T_UM_BASE@SEL$4
   2 - SEL$4        / T_UM_BASE@SEL$4
   3 - SEL$5        / T_CM_BASEBASE@SEL$5
   4 - SEL$5        / T_CM_BASEBASE@SEL$5
   5 - SEL$0C04A374
   8 - SET$1        / ENROLLMENT@SEL$30
   9 - SET$1
  11 - SEL$35
  13 - SEL$35       / T_SRC_ENNS@SEL$35
  14 - SEL$40       / DUAL@SEL$40
  15 - SEL$5F185B4C
  19 - SEL$5F185B4C / T_ENNS_MASTERUSER@SEL$31
  20 - SEL$5F185B4C / T_ENNS_SLAVEUSER@SEL$31
  21 - SEL$5F185B4C / T_CURR_ENNS@SEL$32
  22 - SEL$5F185B4C / T_CURR_ENNS@SEL$32
  23 - SEL$5F185B4C / T_MAX_DISENROLLMENT_ENROLLMENT@SEL$33
  24 - SEL$5F185B4C / T_MAX_DISENROLLMENT_ENROLLMENT@SEL$33
  25 - SEL$42
  27 - SEL$42       / T_SRC_ENNS@SEL$42
  28 - SEL$43       / DUAL@SEL$43
  29 - SEL$CDBEA42D
  33 - SEL$CDBEA42D / T_ENNS_MASTERUSER@SEL$36
  34 - SEL$CDBEA42D / T_ENNS_SLAVEUSER@SEL$36
  35 - SEL$CDBEA42D / T_CURR_ENNS@SEL$37
  36 - SEL$CDBEA42D / T_CURR_ENNS@SEL$37
  37 - SEL$CDBEA42D / T_MAX_DISENROLLMENT_ENROLLMENT@SEL$38
  38 - SEL$CDBEA42D / T_MAX_DISENROLLMENT_ENROLLMENT@SEL$38
  39 - SEL$3        / INFO_WITH_MEMBER_ID@SEL$2
  40 - SEL$6        / INFO@SEL$3
  41 - SEL$6
  42 - SEL$2D594895 / from$_subquery$_005@SEL$6
  43 - SEL$2D594895
  55 - SEL$2D594895 / OWN@SEL$7
  56 - SEL$2D594895 / OWN@SEL$7
  58 - SEL$2D594895 / T@SEL$8
  59 - SEL$2D594895 / T@SEL$8
  60 - SEL$2D594895 / TASKTYPE@SEL$15
  61 - SEL$2D594895 / TASKTYPE@SEL$15
  62 - SEL$2D594895 / REASON@SEL$17
  63 - SEL$2D594895 / REASON@SEL$17
  64 - SEL$2D594895 / AUTH@SEL$21
  65 - SEL$2D594895 / AUTH@SEL$21
  66 - SEL$2D594895 / CASEORCM@SEL$19
  67 - SEL$2D594895 / CASEORCM@SEL$19
  68 - SEL$2D594895 / PREVOWNER@SEL$9
  69 - SEL$2D594895 / PREVOWNER@SEL$9
  70 - SEL$2D594895 / MEMBER@SEL$11
  71 - SEL$2D594895 / MEMBER@SEL$11
  72 - SEL$2D594895 / ORIGCREATOR@SEL$13
  73 - SEL$2D594895 / ORIGCREATOR@SEL$13
  74 - SEL$2D594895 / PROVIDER@SEL$23
  75 - SEL$2D594895 / PROVIDER@SEL$23
  76 - SEL$2D594895 / MOD@SEL$25
  77 - SEL$2D594895 / MOD@SEL$25
  78 - SEL$2D594895 / SENDER@SEL$27
  79 - SEL$2D594895 / SENDER@SEL$27
  80 - SEL$0C04A374 / BENEFIT@SEL$46
  81 - SEL$0C04A374 / BENEFIT@SEL$46
  82 - SEL$0C04A374 / AFFMEMBER@SEL$1
  83 - SEL$0C04A374 / AFFMEMBER@SEL$1

Outline Data
-------------

  /*+
      BEGIN_OUTLINE_DATA
      IGNORE_OPTIM_EMBEDDED_HINTS
      OPTIMIZER_FEATURES_ENABLE('12.1.0.2')
      DB_VERSION('12.1.0.2')
      OPT_PARAM('optimizer_index_cost_adj' 1)
      OPT_PARAM('optimizer_index_caching' 90)
      ALL_ROWS
      OUTLINE_LEAF(@"SEL$4")
      OUTLINE_LEAF(@"SEL$5")
      OUTLINE_LEAF(@"SEL$2D594895")
      MERGE(@"SEL$2DE0C8FF")
      OUTLINE_LEAF(@"SEL$6")
      OUTLINE_LEAF(@"SEL$3")
      OUTLINE_LEAF(@"SEL$40")
      OUTLINE_LEAF(@"SEL$5F185B4C")
      MERGE(@"SEL$6B15F4E0")
      OUTLINE_LEAF(@"SEL$35")
      OUTLINE_LEAF(@"SEL$43")
      OUTLINE_LEAF(@"SEL$CDBEA42D")
      MERGE(@"SEL$57BA8109")
      OUTLINE_LEAF(@"SEL$42")
      OUTLINE_LEAF(@"SET$1")
      OUTLINE_LEAF(@"SEL$0C04A374")
      MERGE(@"SEL$BC270230")
      OUTLINE(@"SEL$29")
      OUTLINE(@"SEL$2DE0C8FF")
      MERGE(@"SEL$27")
      MERGE(@"SEL$3B95C159")
      OUTLINE(@"SEL$41")
      OUTLINE(@"SEL$6B15F4E0")
      MERGE(@"SEL$78FE80F3")
      OUTLINE(@"SEL$44")
      OUTLINE(@"SEL$57BA8109")
      MERGE(@"SEL$516D3A01")
      OUTLINE(@"SEL$48")
      OUTLINE(@"SEL$BC270230")
      MERGE(@"SEL$409758B4")
      MERGE(@"SEL$46")
      OUTLINE(@"SEL$28")
      OUTLINE(@"SEL$27")
      OUTLINE(@"SEL$3B95C159")
      MERGE(@"SEL$25")
      MERGE(@"SEL$6D003707")
      OUTLINE(@"SEL$D570F096")
      MERGE(@"SEL$33")
      OUTLINE(@"SEL$78FE80F3")
      MERGE(@"SEL$31")
      OUTLINE(@"SEL$067B9A3E")
      MERGE(@"SEL$38")
      OUTLINE(@"SEL$516D3A01")
      MERGE(@"SEL$36")
      OUTLINE(@"SEL$47")
      OUTLINE(@"SEL$409758B4")
      MERGE(@"SEL$30")
      MERGE(@"SEL$58A6D7F6")
      OUTLINE(@"SEL$46")
      OUTLINE(@"SEL$26")
      OUTLINE(@"SEL$25")
      OUTLINE(@"SEL$6D003707")
      MERGE(@"SEL$23")
      MERGE(@"SEL$23FAB6D1")
      OUTLINE(@"SEL$34")
      OUTLINE(@"SEL$33")
      OUTLINE(@"SEL$32")
      OUTLINE(@"SEL$31")
      OUTLINE(@"SEL$39")
      OUTLINE(@"SEL$38")
      OUTLINE(@"SEL$37")
      OUTLINE(@"SEL$36")
      OUTLINE(@"SEL$45")
      OUTLINE(@"SEL$30")
      OUTLINE(@"SEL$58A6D7F6")
      MERGE(@"SEL$1")
      OUTLINE(@"SEL$24")
      OUTLINE(@"SEL$23")
      OUTLINE(@"SEL$23FAB6D1")
      MERGE(@"SEL$21")
      MERGE(@"SEL$97A30ECD")
      OUTLINE(@"SEL$2")
      OUTLINE(@"SEL$1")
      OUTLINE(@"SEL$22")
      OUTLINE(@"SEL$21")
      OUTLINE(@"SEL$97A30ECD")
      MERGE(@"SEL$19")
      MERGE(@"SEL$CF22A5CA")
      OUTLINE(@"SEL$20")
      OUTLINE(@"SEL$19")
      OUTLINE(@"SEL$CF22A5CA")
      MERGE(@"SEL$17")
      MERGE(@"SEL$FF97D7FC")
      OUTLINE(@"SEL$18")
      OUTLINE(@"SEL$17")
      OUTLINE(@"SEL$FF97D7FC")
      MERGE(@"SEL$15")
      MERGE(@"SEL$DE5D921C")
      OUTLINE(@"SEL$16")
      OUTLINE(@"SEL$15")
      OUTLINE(@"SEL$DE5D921C")
      MERGE(@"SEL$01DD7F33")
      MERGE(@"SEL$13")
      OUTLINE(@"SEL$14")
      OUTLINE(@"SEL$01DD7F33")
      MERGE(@"SEL$11")
      MERGE(@"SEL$BDFBA881")
      OUTLINE(@"SEL$13")
      OUTLINE(@"SEL$12")
      OUTLINE(@"SEL$11")
      OUTLINE(@"SEL$BDFBA881")
      MERGE(@"SEL$9")
      MERGE(@"SEL$FC56C448")
      OUTLINE(@"SEL$10")
      OUTLINE(@"SEL$9")
      OUTLINE(@"SEL$FC56C448")
      MERGE(@"SEL$7")
      OUTLINE(@"SEL$8")
      OUTLINE(@"SEL$7")
      NO_ACCESS(@"SEL$0C04A374" "INFO_WITH_MEMBER_ID"@"SEL$2")
      NO_ACCESS(@"SEL$0C04A374" "ENROLLMENT"@"SEL$30")
      INDEX_RS_ASC(@"SEL$0C04A374" "BENEFIT"@"SEL$46" ("T_BENSPKG"."BENP_ID"))
      INDEX_RS_ASC(@"SEL$0C04A374" "AFFMEMBER"@"SEL$1" ("T_USR"."USR_ID"))
      LEADING(@"SEL$0C04A374" "INFO_WITH_MEMBER_ID"@"SEL$2" "ENROLLMENT"@"SEL$30" "BENEFIT"@"SEL$46" "AFFMEMBER"@"SEL$1")
      USE_HASH(@"SEL$0C04A374" "ENROLLMENT"@"SEL$30")
      USE_NL(@"SEL$0C04A374" "BENEFIT"@"SEL$46")
      USE_NL(@"SEL$0C04A374" "AFFMEMBER"@"SEL$1")
      SWAP_JOIN_INPUTS(@"SEL$0C04A374" "ENROLLMENT"@"SEL$30")
      NO_ACCESS(@"SEL$3" "INFO"@"SEL$3")
      FULL(@"SEL$42" "T_SRC_ENNS"@"SEL$42")
      PQ_FILTER(@"SEL$42" SERIAL)
      FULL(@"SEL$35" "T_SRC_ENNS"@"SEL$35")
      PQ_FILTER(@"SEL$35" SERIAL)
      INDEX(@"SEL$5F185B4C" "T_ENNS_MASTERUSER"@"SEL$31" ("T_USR"."USR_ID"))
      INDEX(@"SEL$5F185B4C" "T_ENNS_SLAVEUSER"@"SEL$31" "IX_NVL_USR_MRGEMSTR_USR_ID")
      INDEX_RS_ASC(@"SEL$5F185B4C" "T_CURR_ENNS"@"SEL$32" "IX_ELNS_MEMBENLTDTDSNTDTSTTID")
      INDEX_RS_ASC(@"SEL$5F185B4C" "T_MAX_DISENROLLMENT_ENROLLMENT"@"SEL$33" ("T_ENNS"."ELNS_MEMB" "T_ENNS"."ELNS_ENLTDT"
              "T_ENNS"."ELNS_DSNTDT" "T_ENNS"."ELNS_ID"))
      LEADING(@"SEL$5F185B4C" "T_ENNS_MASTERUSER"@"SEL$31" "T_ENNS_SLAVEUSER"@"SEL$31" "T_CURR_ENNS"@"SEL$32"
              "T_MAX_DISENROLLMENT_ENROLLMENT"@"SEL$33")
      USE_NL(@"SEL$5F185B4C" "T_ENNS_SLAVEUSER"@"SEL$31")
      USE_NL(@"SEL$5F185B4C" "T_CURR_ENNS"@"SEL$32")
      USE_NL(@"SEL$5F185B4C" "T_MAX_DISENROLLMENT_ENROLLMENT"@"SEL$33")
      INDEX(@"SEL$CDBEA42D" "T_ENNS_MASTERUSER"@"SEL$36" ("T_USR"."USR_ID"))
      INDEX(@"SEL$CDBEA42D" "T_ENNS_SLAVEUSER"@"SEL$36" "IX_NVL_USR_MRGEMSTR_USR_ID")
      INDEX_RS_ASC(@"SEL$CDBEA42D" "T_CURR_ENNS"@"SEL$37" "IX_ELNS_MEMBENLTDTDSNTDTSTTID")
      INDEX_RS_ASC(@"SEL$CDBEA42D" "T_MAX_DISENROLLMENT_ENROLLMENT"@"SEL$38" ("T_ENNS"."ELNS_MEMB" "T_ENNS"."ELNS_ENLTDT"
              "T_ENNS"."ELNS_DSNTDT" "T_ENNS"."ELNS_ID"))
      LEADING(@"SEL$CDBEA42D" "T_ENNS_MASTERUSER"@"SEL$36" "T_ENNS_SLAVEUSER"@"SEL$36" "T_CURR_ENNS"@"SEL$37"
              "T_MAX_DISENROLLMENT_ENROLLMENT"@"SEL$38")
      USE_NL(@"SEL$CDBEA42D" "T_ENNS_SLAVEUSER"@"SEL$36")
      USE_NL(@"SEL$CDBEA42D" "T_CURR_ENNS"@"SEL$37")
      USE_NL(@"SEL$CDBEA42D" "T_MAX_DISENROLLMENT_ENROLLMENT"@"SEL$38")
      NO_ACCESS(@"SEL$6" "from$_subquery$_005"@"SEL$6")
      INDEX_RS_ASC(@"SEL$2D594895" "T"@"SEL$8" ("T_SENTTSK"."SETK_OBJ_STT"))
      BATCH_TABLE_ACCESS_BY_ROWID(@"SEL$2D594895" "T"@"SEL$8")
      INDEX_RS_ASC(@"SEL$2D594895" "OWN"@"SEL$7" ("T_USR"."USR_ID"))
      INDEX_RS_ASC(@"SEL$2D594895" "TASKTYPE"@"SEL$15" ("T_DDL_ITEM"."DDLI_ID"))
      INDEX_RS_ASC(@"SEL$2D594895" "REASON"@"SEL$17" ("T_DDL_ITEM"."DDLI_ID"))
      INDEX_RS_ASC(@"SEL$2D594895" "AUTH"@"SEL$21" ("T_UM_BASE"."UMBS_ID"))
      INDEX_RS_ASC(@"SEL$2D594895" "CASEORCM"@"SEL$19" ("T_CM_BASEBASE"."CMBB_ID"))
      INDEX_RS_ASC(@"SEL$2D594895" "PREVOWNER"@"SEL$9" ("T_USR"."USR_ID"))
      INDEX_RS_ASC(@"SEL$2D594895" "MEMBER"@"SEL$11" ("T_USR"."USR_ID"))
      INDEX_RS_ASC(@"SEL$2D594895" "ORIGCREATOR"@"SEL$13" ("T_USR"."USR_ID"))
      INDEX_RS_ASC(@"SEL$2D594895" "PROVIDER"@"SEL$23" ("T_USR"."USR_ID"))
      INDEX_RS_ASC(@"SEL$2D594895" "MOD"@"SEL$25" ("T_USR"."USR_ID"))
      INDEX_RS_ASC(@"SEL$2D594895" "SENDER"@"SEL$27" ("T_USR"."USR_ID"))
      LEADING(@"SEL$2D594895" "T"@"SEL$8" "OWN"@"SEL$7" "TASKTYPE"@"SEL$15" "REASON"@"SEL$17" "AUTH"@"SEL$21" "CASEORCM"@"SEL$19"
              "PREVOWNER"@"SEL$9" "MEMBER"@"SEL$11" "ORIGCREATOR"@"SEL$13" "PROVIDER"@"SEL$23" "MOD"@"SEL$25" "SENDER"@"SEL$27")
      USE_HASH(@"SEL$2D594895" "OWN"@"SEL$7")
      USE_NL(@"SEL$2D594895" "TASKTYPE"@"SEL$15")
      USE_NL(@"SEL$2D594895" "REASON"@"SEL$17")
      USE_NL(@"SEL$2D594895" "AUTH"@"SEL$21")
      USE_NL(@"SEL$2D594895" "CASEORCM"@"SEL$19")
      USE_NL(@"SEL$2D594895" "PREVOWNER"@"SEL$9")
      USE_NL(@"SEL$2D594895" "MEMBER"@"SEL$11")
      USE_NL(@"SEL$2D594895" "ORIGCREATOR"@"SEL$13")
      USE_NL(@"SEL$2D594895" "PROVIDER"@"SEL$23")
      USE_NL(@"SEL$2D594895" "MOD"@"SEL$25")
      USE_NL(@"SEL$2D594895" "SENDER"@"SEL$27")
      SWAP_JOIN_INPUTS(@"SEL$2D594895" "OWN"@"SEL$7")
      INDEX_RS_ASC(@"SEL$5" "T_CM_BASEBASE"@"SEL$5" ("T_CM_BASEBASE"."CMBB_ID"))
      INDEX_RS_ASC(@"SEL$4" "T_UM_BASE"@"SEL$4" ("T_UM_BASE"."UMBS_ID"))
      END_OUTLINE_DATA
  */

Peeked Binds (identified by position):
--------------------------------------

   1 - :SYS_B_0 (NUMBER): 2
   2 - :1 (NUMBER): 11657619
   3 - :2 (NUMBER): 1
   4 - :3 (NUMBER): 3
   5 - :4 (NUMBER): 905
   6 - :5 (NUMBER): 906
   7 - :6 (NUMBER): 907
   8 - :7 (NUMBER): 908
   9 - :8 (NUMBER): 911
  10 - :9 (NUMBER): 912
  11 - :10 (NUMBER): 913
  12 - :SYS_B_1 (NUMBER): 500
  13 - :SYS_B_2 (VARCHAR2(30), CSID=178): '2021.09.23'
  14 - :SYS_B_3 (VARCHAR2(30), CSID=178): 'yyyy.MM.dd'

Note
-----
   - dynamic statistics used: dynamic sampling (level=2)
   - 5 Sql Plan Directives used for this statement

SQL_ID 0sjx29v99zfqc
--------------------
SELECT INFO_WITH_MEMBER_ID.*,     enrollment.ELNS_INSCPRSRGRP
ipgGroupId,     benefit.BENP_LWSTLVL_PRODCAT productCategoryId,
affMember.USR_FRSTNAM affiliatedMemberFirstName,
affMember.USR_LAS_NAM affiliatedMemberLastName FROM (   SELECT INFO.*,
   CASE     WHEN INFO.memberAffiliationId IS NOT NULL THEN
(INFO.memberAffiliationId)     WHEN INFO.authAffiliationId IS NOT NULL
THEN (SELECT UMBS_MEMB FROM T_UM_BASE WHERE
UMBS_ID=INFO.authAffiliationId)     WHEN
INFO.careManagementAffiliationId IS NOT NULL THEN (SELECT CMBS_MEMB
FROM T_CM_BASEBASE WHERE CMBB_ID=INFO.careManagementAffiliationId)
WHEN INFO.providerAffiliationId IS NOT NULL THEN
(INFO.providerAffiliationId)     ELSE (NULL)     END
affiliatedMemberId   FROM (   SELECT * FROM (     SELECT
T.SETK_ID AS id,         T.SETK_C4C_ID AS c4cId,         T.SETK_UNIVID
AS universalId,         taskType.TSKT_RCPTTYP AS categoryId,
T.SETK_TSK_TYP AS taskTypeId,         taskType.DDLI_LBL AS
taskTypeLabel,         T.SETK_TSK_NAM AS taskName,         T.SETK_SUBJ
AS subject,         T.SETK_CRTD AS createDate,         T.SETK_SENT AS
sentDate,         T.SETK_SRTD AS startedDate,
T.SETK_TSK_TIMG_STRTDT AS startDate,         T.SETK_TSK_TIMG_SCLDAT AS
startDateSeconds,         T.SETK_TSK_TIMG_DDLN_DT AS dueDate,
T.SETK_TSK_TIMG_DDLN_TIM_IN_DY AS dueDateSeconds,         T.SETK_OWNR
AS ownerId,         own.USR_FRSTNAM AS ownerFirstName,
own.USR_LAS_NAM AS ownerLastName,         own.CLASSTYPE AS ownerType,
      T.SETK_OBJ_STT AS status,         T.SETK_AFFN_MEMB AS
memberAffiliationId,         member.USR_C4C_ID AS memberC4cId,
member.USR_FRSTNAM AS memberFirstName,         member.USR_LAS_NAM AS
memberLastName,         T.SETK_AFFN_CM AS careManagementAffiliationId,
       caseOrCm.CMBB_C4C_ID AS caseOrCmC4cId,
T.SETK_AFFN_UM_EVNT AS authAffiliationId,         auth.UMBS_C4C_ID AS
authAffiliationC4cId,         T.SETK_AFFN_PVDR AS
providerAffiliationId,         provider.USR_C4C_ID AS providerC4cId,
     T.SETK_TSK_TIMG_SNLTDT AS startNoLaterThanDate,
T.SETK_CNCLRESN AS cancelReasonId,         T.SETK_ORIGCRTR AS
originalCreatorId,         origCreator.USR_FRSTNAM AS
originalCreatorFirstName,         origCreator.USR_LAS_NAM AS
originalCreatorLastName,         caseOrCm.CLASSTYPE AS
caseOrCmClasstype,         T.SETK_TSK_DSCN AS description,
T.SETK_CMPD AS completedDate,         T.SETK_LAS_ACT_TIM AS
lastActionDate,         mod.USR_FRSTNAM lastModifiedByFirstName,
 mod.USR_LAS_NAM lastModifiedByLastName,         T.SETK_PRVSOWNR AS
previousOwnerId,         prevOwner.USR_FRSTNAM AS
previousOwnerFirstName,         prevOwner.USR_LAS_NAM AS
previousOwnerLastName,         prevOwner.CLASSTYPE AS
previousOwnerType,         CASE             WHEN
T.SETK_TSK_TIMG_DDLN_DT IS NOT NULL THEN (T.SETK_TSK_TIMG_DDLN_DT)
       WHEN T.SETK_TSK_TIMG_STRTDT IS NOT NULL THEN
(T.SETK_TSK_TIMG_STRTDT)             WHEN T.SETK_TSK_TIMG_SNLTDT IS NOT
NULL THEN (T.SETK_TSK_TIMG_SNLTDT)             ELSE (NULL)         END
       filterDate,         sender.USR_FRSTNAM fromUserFirstName,
 sender.USR_LAS_NAM fromUserLastName,         T.SETK_RESCHEDULE_REASON
AS rescheduleReason,         reason.DDLI_LBL AS rescheduleReasonLabel,
       T.SETK_RESCHEDULE_COMMENT AS rescheduleComment       FROM
T_SENTTSK T       LEFT OUTER JOIN T_USR own ON own.USR_ID=T.SETK_OWNR
    LEFT OUTER JOIN T_USR prevOwner ON prevOwner.USR_ID=T.SETK_PRVSOWNR
      LEFT OUTER JOIN T_USR member ON member.USR_ID=T.SETK_AFFN_MEMB
   LEFT OUTER JOIN T_USR origCreator ON
origCreator.USR_ID=T.SETK_ORIGCRTR       LEFT OUTER JOIN T_DDL_ITEM
taskType ON taskType.DDLI_ID=T.SETK_TSK_TYP       LEFT OUTER JOIN
T_DDL_ITEM reason ON reason.DDLI_ID=T.SETK_RESCHEDULE_REASON       LEFT
OUTER JOIN T_CM_BASEBASE caseOrCm ON caseOrCm.CMBB_ID=T.SETK_AFFN_CM
   LEFT OUTER JOIN T_UM_BASE auth ON auth.UMBS_ID=T.SETK_AFFN_UM_EVNT
    LEFT OUTER JOIN T_USR provider

Plan hash value: 2380592788

---------------------------------------------------------------------------------------------------------------------------------
| Id  | Operation                                       | Name                          | Rows  | Bytes | Cost (%CPU)| Time     |
---------------------------------------------------------------------------------------------------------------------------------
|   0 | SELECT STATEMENT                                |                               |       |       |  1938K(100)|          |
|   1 |  TABLE ACCESS BY INDEX ROWID                    | T_UM_BASE                     |     1 |    12 |     1   (0)| 00:00:01 |
|   2 |   INDEX UNIQUE SCAN                             | PK_T_UM_BASE                  |     1 |       |     1   (0)| 00:00:01 |
|   3 |   TABLE ACCESS BY INDEX ROWID                   | T_CM_BASEBASE                 |     1 |    12 |     1   (0)| 00:00:01 |
|   4 |    INDEX UNIQUE SCAN                            | PK_T_CM_BASEBASE              |     1 |       |     1   (0)| 00:00:01 |
|   5 |  NESTED LOOPS OUTER                             |                               |     1 | 46913 |  1938K  (1)| 00:01:16 |
|   6 |   NESTED LOOPS OUTER                            |                               |     1 | 46901 |  1938K  (1)| 00:01:16 |
|   7 |    NESTED LOOPS OUTER                           |                               |     1 | 46873 |    17   (6)| 00:00:01 |
|   8 |     VIEW                                        |                               |     1 | 46851 |    16   (7)| 00:00:01 |
|   9 |      VIEW                                       |                               |     1 | 46838 |    14   (8)| 00:00:01 |
|  10 |       COUNT STOPKEY                             |                               |       |       |            |          |
|  11 |        VIEW                                     |                               |     1 | 46838 |    14   (8)| 00:00:01 |
|  12 |         SORT ORDER BY STOPKEY                   |                               |     1 |   780 |    14   (8)| 00:00:01 |
|  13 |          NESTED LOOPS OUTER                     |                               |     1 |   780 |    13   (0)| 00:00:01 |
|  14 |           NESTED LOOPS OUTER                    |                               |     1 |   756 |    12   (0)| 00:00:01 |
|  15 |            NESTED LOOPS OUTER                   |                               |     1 |   734 |    11   (0)| 00:00:01 |
|  16 |             NESTED LOOPS OUTER                  |                               |     1 |   712 |    10   (0)| 00:00:01 |
|  17 |              NESTED LOOPS OUTER                 |                               |     1 |   684 |     9   (0)| 00:00:01 |
|  18 |               NESTED LOOPS OUTER                |                               |     1 |   662 |     8   (0)| 00:00:01 |
|  19 |                NESTED LOOPS OUTER               |                               |     1 |   626 |     7   (0)| 00:00:01 |
|  20 |                 NESTED LOOPS OUTER              |                               |     1 |   591 |     6   (0)| 00:00:01 |
|  21 |                  NESTED LOOPS OUTER             |                               |     1 |   569 |     5   (0)| 00:00:01 |
|  22 |                   NESTED LOOPS OUTER            |                               |     1 |   551 |     4   (0)| 00:00:01 |
|  23 |                    MERGE JOIN OUTER             |                               |     1 |   532 |     3   (0)| 00:00:01 |
|  24 |                     INLIST ITERATOR             |                               |       |       |            |          |
|  25 |                      TABLE ACCESS BY INDEX ROWID| T_SENTTSK                     |     1 |   496 |     2   (0)| 00:00:01 |
|  26 |                       INDEX RANGE SCAN          | IX_SETK_OBJ_STT               |  1710 |       |     1   (0)| 00:00:01 |
|  27 |                     BUFFER SORT                 |                               |     1 |    36 |     1   (0)| 00:00:01 |
|  28 |                      TABLE ACCESS BY INDEX ROWID| T_USR                         |     1 |    36 |     1   (0)| 00:00:01 |
|  29 |                       INDEX UNIQUE SCAN         | PK_T_USR                      |     1 |       |     1   (0)| 00:00:01 |
|  30 |                    TABLE ACCESS BY INDEX ROWID  | T_USR                         |     1 |    19 |     1   (0)| 00:00:01 |
|  31 |                     INDEX UNIQUE SCAN           | PK_T_USR                      |     1 |       |     1   (0)| 00:00:01 |
|  32 |                   TABLE ACCESS BY INDEX ROWID   | T_UM_BASE                     |     1 |    18 |     1   (0)| 00:00:01 |
|  33 |                    INDEX UNIQUE SCAN            | PK_T_UM_BASE                  |     1 |       |     1   (0)| 00:00:01 |
|  34 |                  TABLE ACCESS BY INDEX ROWID    | T_DDL_ITEM                    |     1 |    22 |     1   (0)| 00:00:01 |
|  35 |                   INDEX UNIQUE SCAN             | PK_T_DDL_ITEM                 |     1 |       |     1   (0)| 00:00:01 |
|  36 |                 TABLE ACCESS BY INDEX ROWID     | T_USR                         |     1 |    35 |     1   (0)| 00:00:01 |
|  37 |                  INDEX UNIQUE SCAN              | PK_T_USR                      |     1 |       |     1   (0)| 00:00:01 |
|  38 |                TABLE ACCESS BY INDEX ROWID      | T_USR                         |     1 |    36 |     1   (0)| 00:00:01 |
|  39 |                 INDEX UNIQUE SCAN               | PK_T_USR                      |     1 |       |     1   (0)| 00:00:01 |
|  40 |               TABLE ACCESS BY INDEX ROWID       | T_USR                         |     1 |    22 |     1   (0)| 00:00:01 |
|  41 |                INDEX UNIQUE SCAN                | PK_T_USR                      |     1 |       |     1   (0)| 00:00:01 |
|  42 |              TABLE ACCESS BY INDEX ROWID        | T_CM_BASEBASE                 |     1 |    28 |     1   (0)| 00:00:01 |
|  43 |               INDEX UNIQUE SCAN                 | PK_T_CM_BASEBASE              |     1 |       |     1   (0)| 00:00:01 |
|  44 |             TABLE ACCESS BY INDEX ROWID         | T_USR                         |     1 |    22 |     1   (0)| 00:00:01 |
|  45 |              INDEX UNIQUE SCAN                  | PK_T_USR                      |     1 |       |     1   (0)| 00:00:01 |
|  46 |            TABLE ACCESS BY INDEX ROWID          | T_USR                         |     1 |    22 |     1   (0)| 00:00:01 |
|  47 |             INDEX UNIQUE SCAN                   | PK_T_USR                      |     1 |       |     1   (0)| 00:00:01 |
|  48 |           TABLE ACCESS BY INDEX ROWID           | T_DDL_ITEM                    |     1 |    24 |     1   (0)| 00:00:01 |
|  49 |            INDEX UNIQUE SCAN                    | PK_T_DDL_ITEM                 |     1 |       |     1   (0)| 00:00:01 |
|  50 |     TABLE ACCESS BY INDEX ROWID                 | T_USR                         |     1 |    22 |     1   (0)| 00:00:01 |
|  51 |      INDEX UNIQUE SCAN                          | PK_T_USR                      |     1 |       |     1   (0)| 00:00:01 |
|  52 |    VIEW                                         | V_CURR_ENROLLMENT             |     1 |    28 |  1938K  (1)| 00:01:16 |
|  53 |     SORT UNIQUE                                 |                               |     2 |  1092 |  1938K  (1)| 00:01:16 |
|  54 |      UNION ALL PUSHED PREDICATE                 |                               |       |       |            |          |
|  55 |       FILTER                                    |                               |       |       |            |          |
|  56 |        TABLE ACCESS BY INDEX ROWID BATCHED      | T_ENNS                        |     1 |   273 |     1   (0)| 00:00:01 |
|  57 |         INDEX RANGE SCAN                        | IX_ELNS_MEMBENLTDTDSNTDTID    |     1 |       |     1   (0)| 00:00:01 |
|  58 |          SORT GROUP BY NOSORT                   |                               |     1 |    72 |     4   (0)| 00:00:01 |
|  59 |           NESTED LOOPS OUTER                    |                               |     1 |    72 |     4   (0)| 00:00:01 |
|  60 |            NESTED LOOPS                         |                               |     1 |    50 |     3   (0)| 00:00:01 |
|  61 |             NESTED LOOPS                        |                               |     1 |    12 |     2   (0)| 00:00:01 |
|  62 |              INDEX UNIQUE SCAN                  | PK_T_USR                      |     1 |     6 |     1   (0)| 00:00:01 |
|  63 |              INDEX RANGE SCAN                   | IX_NVL_USR_MRGEMSTR_USR_ID    |     1 |     6 |     1   (0)| 00:00:01 |
|  64 |             TABLE ACCESS BY INDEX ROWID         | T_ENNS                        |     1 |    38 |     1   (0)| 00:00:01 |
|  65 |              INDEX RANGE SCAN                   | IX_ELNS_MEMBENLTDTDSNTDTSTTID |     2 |       |     1   (0)| 00:00:01 |
|  66 |            TABLE ACCESS BY INDEX ROWID          | T_ENNS                        |     1 |    22 |     1   (0)| 00:00:01 |
|  67 |             INDEX RANGE SCAN                    | IX_ELNS_MEMBENLTDTDSNTDTID    |     1 |       |     1   (0)| 00:00:01 |
|  68 |        FAST DUAL                                |                               |     1 |       |     2   (0)| 00:00:01 |
|  69 |       FILTER                                    |                               |       |       |            |          |
|  70 |        TABLE ACCESS BY INDEX ROWID BATCHED      | T_ENNS                        |     1 |   273 |     1   (0)| 00:00:01 |
|  71 |         INDEX RANGE SCAN                        | IX_ELNS_MEMBENLTDTDSNTDTID    |     1 |       |     1   (0)| 00:00:01 |
|  72 |          SORT GROUP BY NOSORT                   |                               |     1 |    72 |     4   (0)| 00:00:01 |
|  73 |           NESTED LOOPS OUTER                    |                               |     1 |    72 |     4   (0)| 00:00:01 |
|  74 |            NESTED LOOPS                         |                               |     1 |    50 |     3   (0)| 00:00:01 |
|  75 |             NESTED LOOPS                        |                               |     1 |    12 |     2   (0)| 00:00:01 |
|  76 |              INDEX UNIQUE SCAN                  | PK_T_USR                      |     1 |     6 |     1   (0)| 00:00:01 |
|  77 |              INDEX RANGE SCAN                   | IX_NVL_USR_MRGEMSTR_USR_ID    |     1 |     6 |     1   (0)| 00:00:01 |
|  78 |             TABLE ACCESS BY INDEX ROWID         | T_ENNS                        |     1 |    38 |     1   (0)| 00:00:01 |
|  79 |              INDEX RANGE SCAN                   | IX_ELNS_MEMBENLTDTDSNTDTSTTID |     2 |       |     1   (0)| 00:00:01 |
|  80 |            TABLE ACCESS BY INDEX ROWID          | T_ENNS                        |     1 |    22 |     1   (0)| 00:00:01 |
|  81 |             INDEX RANGE SCAN                    | IX_ELNS_MEMBENLTDTDSNTDTID    |     1 |       |     1   (0)| 00:00:01 |
|  82 |        FAST DUAL                                |                               |     1 |       |     2   (0)| 00:00:01 |
|  83 |   TABLE ACCESS BY INDEX ROWID                   | T_BENSPKG                     |     1 |    12 |     1   (0)| 00:00:01 |
|  84 |    INDEX UNIQUE SCAN                            | PK_T_BENSPKG                  |     1 |       |     1   (0)| 00:00:01 |
---------------------------------------------------------------------------------------------------------------------------------

Query Block Name / Object Alias (identified by operation id):
-------------------------------------------------------------

   1 - SEL$4        / T_UM_BASE@SEL$4
   2 - SEL$4        / T_UM_BASE@SEL$4
   3 - SEL$5        / T_CM_BASEBASE@SEL$5
   4 - SEL$5        / T_CM_BASEBASE@SEL$5
   5 - SEL$0C04A374
   8 - SEL$3        / INFO_WITH_MEMBER_ID@SEL$2
   9 - SEL$6        / INFO@SEL$3
  10 - SEL$6
  11 - SEL$2D594895 / from$_subquery$_005@SEL$6
  12 - SEL$2D594895
  25 - SEL$2D594895 / T@SEL$8
  26 - SEL$2D594895 / T@SEL$8
  28 - SEL$2D594895 / OWN@SEL$7
  29 - SEL$2D594895 / OWN@SEL$7
  30 - SEL$2D594895 / PROVIDER@SEL$23
  31 - SEL$2D594895 / PROVIDER@SEL$23
  32 - SEL$2D594895 / AUTH@SEL$21
  33 - SEL$2D594895 / AUTH@SEL$21
  34 - SEL$2D594895 / REASON@SEL$17
  35 - SEL$2D594895 / REASON@SEL$17
  36 - SEL$2D594895 / MEMBER@SEL$11
  37 - SEL$2D594895 / MEMBER@SEL$11
  38 - SEL$2D594895 / PREVOWNER@SEL$9
  39 - SEL$2D594895 / PREVOWNER@SEL$9
  40 - SEL$2D594895 / SENDER@SEL$27
  41 - SEL$2D594895 / SENDER@SEL$27
  42 - SEL$2D594895 / CASEORCM@SEL$19
  43 - SEL$2D594895 / CASEORCM@SEL$19
  44 - SEL$2D594895 / ORIGCREATOR@SEL$13
  45 - SEL$2D594895 / ORIGCREATOR@SEL$13
  46 - SEL$2D594895 / MOD@SEL$25
  47 - SEL$2D594895 / MOD@SEL$25
  48 - SEL$2D594895 / TASKTYPE@SEL$15
  49 - SEL$2D594895 / TASKTYPE@SEL$15
  50 - SEL$0C04A374 / AFFMEMBER@SEL$1
  51 - SEL$0C04A374 / AFFMEMBER@SEL$1
  52 - SET$5715CE2E / ENROLLMENT@SEL$30
  53 - SET$5715CE2E
  55 - SEL$ECD9DCF1
  56 - SEL$ECD9DCF1 / T_SRC_ENNS@SEL$35
  57 - SEL$ECD9DCF1 / T_SRC_ENNS@SEL$35
  58 - SEL$5F185B4C
  62 - SEL$5F185B4C / T_ENNS_MASTERUSER@SEL$31
  63 - SEL$5F185B4C / T_ENNS_SLAVEUSER@SEL$31
  64 - SEL$5F185B4C / T_CURR_ENNS@SEL$32
  65 - SEL$5F185B4C / T_CURR_ENNS@SEL$32
  66 - SEL$5F185B4C / T_MAX_DISENROLLMENT_ENROLLMENT@SEL$33
  67 - SEL$5F185B4C / T_MAX_DISENROLLMENT_ENROLLMENT@SEL$33
  68 - SEL$40       / DUAL@SEL$40
  69 - SEL$0D115A56
  70 - SEL$0D115A56 / T_SRC_ENNS@SEL$42
  71 - SEL$0D115A56 / T_SRC_ENNS@SEL$42
  72 - SEL$CDBEA42D
  76 - SEL$CDBEA42D / T_ENNS_MASTERUSER@SEL$36
  77 - SEL$CDBEA42D / T_ENNS_SLAVEUSER@SEL$36
  78 - SEL$CDBEA42D / T_CURR_ENNS@SEL$37
  79 - SEL$CDBEA42D / T_CURR_ENNS@SEL$37
  80 - SEL$CDBEA42D / T_MAX_DISENROLLMENT_ENROLLMENT@SEL$38
  81 - SEL$CDBEA42D / T_MAX_DISENROLLMENT_ENROLLMENT@SEL$38
  82 - SEL$43       / DUAL@SEL$43
  83 - SEL$0C04A374 / BENEFIT@SEL$46
  84 - SEL$0C04A374 / BENEFIT@SEL$46

Outline Data
-------------

  /*+
      BEGIN_OUTLINE_DATA
      IGNORE_OPTIM_EMBEDDED_HINTS
      OPTIMIZER_FEATURES_ENABLE('12.1.0.2')
      DB_VERSION('12.1.0.2')
      OPT_PARAM('optimizer_index_cost_adj' 1)
      OPT_PARAM('optimizer_index_caching' 90)
      ALL_ROWS
      OUTLINE_LEAF(@"SEL$4")
      OUTLINE_LEAF(@"SEL$5")
      OUTLINE_LEAF(@"SEL$2D594895")
      MERGE(@"SEL$2DE0C8FF")
      OUTLINE_LEAF(@"SEL$6")
      OUTLINE_LEAF(@"SEL$3")
      OUTLINE_LEAF(@"SEL$40")
      OUTLINE_LEAF(@"SEL$5F185B4C")
      MERGE(@"SEL$6B15F4E0")
      OUTLINE_LEAF(@"SEL$ECD9DCF1")
      OUTLINE_LEAF(@"SEL$43")
      OUTLINE_LEAF(@"SEL$CDBEA42D")
      MERGE(@"SEL$57BA8109")
      OUTLINE_LEAF(@"SEL$0D115A56")
      OUTLINE_LEAF(@"SET$5715CE2E")
      PUSH_PRED(@"SEL$0C04A374" "ENROLLMENT"@"SEL$30" 3)
      OUTLINE_LEAF(@"SEL$0C04A374")
      MERGE(@"SEL$BC270230")
      OUTLINE(@"SEL$29")
      OUTLINE(@"SEL$2DE0C8FF")
      MERGE(@"SEL$27")
      MERGE(@"SEL$3B95C159")
      OUTLINE(@"SEL$41")
      OUTLINE(@"SEL$6B15F4E0")
      MERGE(@"SEL$78FE80F3")
      OUTLINE(@"SEL$35")
      OUTLINE(@"SEL$44")
      OUTLINE(@"SEL$57BA8109")
      MERGE(@"SEL$516D3A01")
      OUTLINE(@"SEL$42")
      OUTLINE(@"SET$1")
      OUTLINE(@"SEL$0C04A374")
      MERGE(@"SEL$BC270230")
      OUTLINE(@"SEL$48")
      OUTLINE(@"SEL$BC270230")
      MERGE(@"SEL$409758B4")
      MERGE(@"SEL$46")
      OUTLINE(@"SEL$28")
      OUTLINE(@"SEL$27")
      OUTLINE(@"SEL$3B95C159")
      MERGE(@"SEL$25")
      MERGE(@"SEL$6D003707")
      OUTLINE(@"SEL$D570F096")
      MERGE(@"SEL$33")
      OUTLINE(@"SEL$78FE80F3")
      MERGE(@"SEL$31")
      OUTLINE(@"SEL$067B9A3E")
      MERGE(@"SEL$38")
      OUTLINE(@"SEL$516D3A01")
      MERGE(@"SEL$36")
      OUTLINE(@"SEL$47")
      OUTLINE(@"SEL$409758B4")
      MERGE(@"SEL$30")
      MERGE(@"SEL$58A6D7F6")
      OUTLINE(@"SEL$46")
      OUTLINE(@"SEL$26")
      OUTLINE(@"SEL$25")
      OUTLINE(@"SEL$6D003707")
      MERGE(@"SEL$23")
      MERGE(@"SEL$23FAB6D1")
      OUTLINE(@"SEL$34")
      OUTLINE(@"SEL$33")
      OUTLINE(@"SEL$32")
      OUTLINE(@"SEL$31")
      OUTLINE(@"SEL$39")
      OUTLINE(@"SEL$38")
      OUTLINE(@"SEL$37")
      OUTLINE(@"SEL$36")
      OUTLINE(@"SEL$45")
      OUTLINE(@"SEL$30")
      OUTLINE(@"SEL$58A6D7F6")
      MERGE(@"SEL$1")
      OUTLINE(@"SEL$24")
      OUTLINE(@"SEL$23")
      OUTLINE(@"SEL$23FAB6D1")
      MERGE(@"SEL$21")
      MERGE(@"SEL$97A30ECD")
      OUTLINE(@"SEL$2")
      OUTLINE(@"SEL$1")
      OUTLINE(@"SEL$22")
      OUTLINE(@"SEL$21")
      OUTLINE(@"SEL$97A30ECD")
      MERGE(@"SEL$19")
      MERGE(@"SEL$CF22A5CA")
      OUTLINE(@"SEL$20")
      OUTLINE(@"SEL$19")
      OUTLINE(@"SEL$CF22A5CA")
      MERGE(@"SEL$17")
      MERGE(@"SEL$FF97D7FC")
      OUTLINE(@"SEL$18")
      OUTLINE(@"SEL$17")
      OUTLINE(@"SEL$FF97D7FC")
      MERGE(@"SEL$15")
      MERGE(@"SEL$DE5D921C")
      OUTLINE(@"SEL$16")
      OUTLINE(@"SEL$15")
      OUTLINE(@"SEL$DE5D921C")
      MERGE(@"SEL$01DD7F33")
      MERGE(@"SEL$13")
      OUTLINE(@"SEL$14")
      OUTLINE(@"SEL$01DD7F33")
      MERGE(@"SEL$11")
      MERGE(@"SEL$BDFBA881")
      OUTLINE(@"SEL$13")
      OUTLINE(@"SEL$12")
      OUTLINE(@"SEL$11")
      OUTLINE(@"SEL$BDFBA881")
      MERGE(@"SEL$9")
      MERGE(@"SEL$FC56C448")
      OUTLINE(@"SEL$10")
      OUTLINE(@"SEL$9")
      OUTLINE(@"SEL$FC56C448")
      MERGE(@"SEL$7")
      OUTLINE(@"SEL$8")
      OUTLINE(@"SEL$7")
      NO_ACCESS(@"SEL$0C04A374" "INFO_WITH_MEMBER_ID"@"SEL$2")
      INDEX_RS_ASC(@"SEL$0C04A374" "AFFMEMBER"@"SEL$1" ("T_USR"."USR_ID"))
      NO_ACCESS(@"SEL$0C04A374" "ENROLLMENT"@"SEL$30")
      INDEX_RS_ASC(@"SEL$0C04A374" "BENEFIT"@"SEL$46" ("T_BENSPKG"."BENP_ID"))
      LEADING(@"SEL$0C04A374" "INFO_WITH_MEMBER_ID"@"SEL$2" "AFFMEMBER"@"SEL$1" "ENROLLMENT"@"SEL$30" "BENEFIT"@"SEL$46")
      USE_NL(@"SEL$0C04A374" "AFFMEMBER"@"SEL$1")
      USE_NL(@"SEL$0C04A374" "ENROLLMENT"@"SEL$30")
      USE_NL(@"SEL$0C04A374" "BENEFIT"@"SEL$46")
      NO_ACCESS(@"SEL$3" "INFO"@"SEL$3")
      INDEX_RS_ASC(@"SEL$0D115A56" "T_SRC_ENNS"@"SEL$42" ("T_ENNS"."ELNS_MEMB" "T_ENNS"."ELNS_ENLTDT" "T_ENNS"."ELNS_DSNTDT"
              "T_ENNS"."ELNS_ID"))
      BATCH_TABLE_ACCESS_BY_ROWID(@"SEL$0D115A56" "T_SRC_ENNS"@"SEL$42")
      PUSH_SUBQ(@"SEL$CDBEA42D")
      INDEX_RS_ASC(@"SEL$ECD9DCF1" "T_SRC_ENNS"@"SEL$35" ("T_ENNS"."ELNS_MEMB" "T_ENNS"."ELNS_ENLTDT" "T_ENNS"."ELNS_DSNTDT"
              "T_ENNS"."ELNS_ID"))
      BATCH_TABLE_ACCESS_BY_ROWID(@"SEL$ECD9DCF1" "T_SRC_ENNS"@"SEL$35")
      PUSH_SUBQ(@"SEL$5F185B4C")
      INDEX(@"SEL$5F185B4C" "T_ENNS_MASTERUSER"@"SEL$31" ("T_USR"."USR_ID"))
      INDEX(@"SEL$5F185B4C" "T_ENNS_SLAVEUSER"@"SEL$31" "IX_NVL_USR_MRGEMSTR_USR_ID")
      INDEX_RS_ASC(@"SEL$5F185B4C" "T_CURR_ENNS"@"SEL$32" "IX_ELNS_MEMBENLTDTDSNTDTSTTID")
      INDEX_RS_ASC(@"SEL$5F185B4C" "T_MAX_DISENROLLMENT_ENROLLMENT"@"SEL$33" ("T_ENNS"."ELNS_MEMB" "T_ENNS"."ELNS_ENLTDT"
              "T_ENNS"."ELNS_DSNTDT" "T_ENNS"."ELNS_ID"))
      LEADING(@"SEL$5F185B4C" "T_ENNS_MASTERUSER"@"SEL$31" "T_ENNS_SLAVEUSER"@"SEL$31" "T_CURR_ENNS"@"SEL$32"
              "T_MAX_DISENROLLMENT_ENROLLMENT"@"SEL$33")
      USE_NL(@"SEL$5F185B4C" "T_ENNS_SLAVEUSER"@"SEL$31")
      USE_NL(@"SEL$5F185B4C" "T_CURR_ENNS"@"SEL$32")
      USE_NL(@"SEL$5F185B4C" "T_MAX_DISENROLLMENT_ENROLLMENT"@"SEL$33")
      INDEX(@"SEL$CDBEA42D" "T_ENNS_MASTERUSER"@"SEL$36" ("T_USR"."USR_ID"))
      INDEX(@"SEL$CDBEA42D" "T_ENNS_SLAVEUSER"@"SEL$36" "IX_NVL_USR_MRGEMSTR_USR_ID")
      INDEX_RS_ASC(@"SEL$CDBEA42D" "T_CURR_ENNS"@"SEL$37" "IX_ELNS_MEMBENLTDTDSNTDTSTTID")
      INDEX_RS_ASC(@"SEL$CDBEA42D" "T_MAX_DISENROLLMENT_ENROLLMENT"@"SEL$38" ("T_ENNS"."ELNS_MEMB" "T_ENNS"."ELNS_ENLTDT"
              "T_ENNS"."ELNS_DSNTDT" "T_ENNS"."ELNS_ID"))
      LEADING(@"SEL$CDBEA42D" "T_ENNS_MASTERUSER"@"SEL$36" "T_ENNS_SLAVEUSER"@"SEL$36" "T_CURR_ENNS"@"SEL$37"
              "T_MAX_DISENROLLMENT_ENROLLMENT"@"SEL$38")
      USE_NL(@"SEL$CDBEA42D" "T_ENNS_SLAVEUSER"@"SEL$36")
      USE_NL(@"SEL$CDBEA42D" "T_CURR_ENNS"@"SEL$37")
      USE_NL(@"SEL$CDBEA42D" "T_MAX_DISENROLLMENT_ENROLLMENT"@"SEL$38")
      NO_ACCESS(@"SEL$6" "from$_subquery$_005"@"SEL$6")
      INDEX_RS_ASC(@"SEL$2D594895" "T"@"SEL$8" ("T_SENTTSK"."SETK_OBJ_STT"))
      INDEX_RS_ASC(@"SEL$2D594895" "OWN"@"SEL$7" ("T_USR"."USR_ID"))
      INDEX_RS_ASC(@"SEL$2D594895" "PROVIDER"@"SEL$23" ("T_USR"."USR_ID"))
      INDEX_RS_ASC(@"SEL$2D594895" "AUTH"@"SEL$21" ("T_UM_BASE"."UMBS_ID"))
      INDEX_RS_ASC(@"SEL$2D594895" "REASON"@"SEL$17" ("T_DDL_ITEM"."DDLI_ID"))
      INDEX_RS_ASC(@"SEL$2D594895" "MEMBER"@"SEL$11" ("T_USR"."USR_ID"))
      INDEX_RS_ASC(@"SEL$2D594895" "PREVOWNER"@"SEL$9" ("T_USR"."USR_ID"))
      INDEX_RS_ASC(@"SEL$2D594895" "SENDER"@"SEL$27" ("T_USR"."USR_ID"))
      INDEX_RS_ASC(@"SEL$2D594895" "CASEORCM"@"SEL$19" ("T_CM_BASEBASE"."CMBB_ID"))
      INDEX_RS_ASC(@"SEL$2D594895" "ORIGCREATOR"@"SEL$13" ("T_USR"."USR_ID"))
      INDEX_RS_ASC(@"SEL$2D594895" "MOD"@"SEL$25" ("T_USR"."USR_ID"))
      INDEX_RS_ASC(@"SEL$2D594895" "TASKTYPE"@"SEL$15" ("T_DDL_ITEM"."DDLI_ID"))
      LEADING(@"SEL$2D594895" "T"@"SEL$8" "OWN"@"SEL$7" "PROVIDER"@"SEL$23" "AUTH"@"SEL$21" "REASON"@"SEL$17"
              "MEMBER"@"SEL$11" "PREVOWNER"@"SEL$9" "SENDER"@"SEL$27" "CASEORCM"@"SEL$19" "ORIGCREATOR"@"SEL$13" "MOD"@"SEL$25"
              "TASKTYPE"@"SEL$15")
      USE_MERGE_CARTESIAN(@"SEL$2D594895" "OWN"@"SEL$7")
      USE_NL(@"SEL$2D594895" "PROVIDER"@"SEL$23")
      USE_NL(@"SEL$2D594895" "AUTH"@"SEL$21")
      USE_NL(@"SEL$2D594895" "REASON"@"SEL$17")
      USE_NL(@"SEL$2D594895" "MEMBER"@"SEL$11")
      USE_NL(@"SEL$2D594895" "PREVOWNER"@"SEL$9")
      USE_NL(@"SEL$2D594895" "SENDER"@"SEL$27")
      USE_NL(@"SEL$2D594895" "CASEORCM"@"SEL$19")
      USE_NL(@"SEL$2D594895" "ORIGCREATOR"@"SEL$13")
      USE_NL(@"SEL$2D594895" "MOD"@"SEL$25")
      USE_NL(@"SEL$2D594895" "TASKTYPE"@"SEL$15")
      INDEX_RS_ASC(@"SEL$5" "T_CM_BASEBASE"@"SEL$5" ("T_CM_BASEBASE"."CMBB_ID"))
      INDEX_RS_ASC(@"SEL$4" "T_UM_BASE"@"SEL$4" ("T_UM_BASE"."UMBS_ID"))
      END_OUTLINE_DATA
  */

Peeked Binds (identified by position):
--------------------------------------

   1 - :SYS_B_0 (NUMBER): 2
   2 - :1 (NUMBER): 10621934
   3 - :2 (NUMBER): 1
   4 - :3 (NUMBER): 3
   5 - :4 (NUMBER): 905
   6 - :5 (NUMBER): 906
   7 - :6 (NUMBER): 907
   8 - :7 (NUMBER): 908
   9 - :8 (NUMBER): 911
  10 - :9 (NUMBER): 912
  11 - :10 (NUMBER): 913
  12 - :SYS_B_1 (NUMBER): 500
  13 - :SYS_B_2 (VARCHAR2(30), CSID=178): '2020.10.20'
  14 - :SYS_B_3 (VARCHAR2(30), CSID=178): 'yyyy.MM.dd'

Note
-----
   - dynamic statistics used: dynamic sampling (level=2)
   - 4 Sql Plan Directives used for this statement

SQL_ID 0sjx29v99zfqc
--------------------
SELECT INFO_WITH_MEMBER_ID.*,     enrollment.ELNS_INSCPRSRGRP
ipgGroupId,     benefit.BENP_LWSTLVL_PRODCAT productCategoryId,
affMember.USR_FRSTNAM affiliatedMemberFirstName,
affMember.USR_LAS_NAM affiliatedMemberLastName FROM (   SELECT INFO.*,
   CASE     WHEN INFO.memberAffiliationId IS NOT NULL THEN
(INFO.memberAffiliationId)     WHEN INFO.authAffiliationId IS NOT NULL
THEN (SELECT UMBS_MEMB FROM T_UM_BASE WHERE
UMBS_ID=INFO.authAffiliationId)     WHEN
INFO.careManagementAffiliationId IS NOT NULL THEN (SELECT CMBS_MEMB
FROM T_CM_BASEBASE WHERE CMBB_ID=INFO.careManagementAffiliationId)
WHEN INFO.providerAffiliationId IS NOT NULL THEN
(INFO.providerAffiliationId)     ELSE (NULL)     END
affiliatedMemberId   FROM (   SELECT * FROM (     SELECT
T.SETK_ID AS id,         T.SETK_C4C_ID AS c4cId,         T.SETK_UNIVID
AS universalId,         taskType.TSKT_RCPTTYP AS categoryId,
T.SETK_TSK_TYP AS taskTypeId,         taskType.DDLI_LBL AS
taskTypeLabel,         T.SETK_TSK_NAM AS taskName,         T.SETK_SUBJ
AS subject,         T.SETK_CRTD AS createDate,         T.SETK_SENT AS
sentDate,         T.SETK_SRTD AS startedDate,
T.SETK_TSK_TIMG_STRTDT AS startDate,         T.SETK_TSK_TIMG_SCLDAT AS
startDateSeconds,         T.SETK_TSK_TIMG_DDLN_DT AS dueDate,
T.SETK_TSK_TIMG_DDLN_TIM_IN_DY AS dueDateSeconds,         T.SETK_OWNR
AS ownerId,         own.USR_FRSTNAM AS ownerFirstName,
own.USR_LAS_NAM AS ownerLastName,         own.CLASSTYPE AS ownerType,
      T.SETK_OBJ_STT AS status,         T.SETK_AFFN_MEMB AS
memberAffiliationId,         member.USR_C4C_ID AS memberC4cId,
member.USR_FRSTNAM AS memberFirstName,         member.USR_LAS_NAM AS
memberLastName,         T.SETK_AFFN_CM AS careManagementAffiliationId,
       caseOrCm.CMBB_C4C_ID AS caseOrCmC4cId,
T.SETK_AFFN_UM_EVNT AS authAffiliationId,         auth.UMBS_C4C_ID AS
authAffiliationC4cId,         T.SETK_AFFN_PVDR AS
providerAffiliationId,         provider.USR_C4C_ID AS providerC4cId,
     T.SETK_TSK_TIMG_SNLTDT AS startNoLaterThanDate,
T.SETK_CNCLRESN AS cancelReasonId,         T.SETK_ORIGCRTR AS
originalCreatorId,         origCreator.USR_FRSTNAM AS
originalCreatorFirstName,         origCreator.USR_LAS_NAM AS
originalCreatorLastName,         caseOrCm.CLASSTYPE AS
caseOrCmClasstype,         T.SETK_TSK_DSCN AS description,
T.SETK_CMPD AS completedDate,         T.SETK_LAS_ACT_TIM AS
lastActionDate,         mod.USR_FRSTNAM lastModifiedByFirstName,
 mod.USR_LAS_NAM lastModifiedByLastName,         T.SETK_PRVSOWNR AS
previousOwnerId,         prevOwner.USR_FRSTNAM AS
previousOwnerFirstName,         prevOwner.USR_LAS_NAM AS
previousOwnerLastName,         prevOwner.CLASSTYPE AS
previousOwnerType,         CASE             WHEN
T.SETK_TSK_TIMG_DDLN_DT IS NOT NULL THEN (T.SETK_TSK_TIMG_DDLN_DT)
       WHEN T.SETK_TSK_TIMG_STRTDT IS NOT NULL THEN
(T.SETK_TSK_TIMG_STRTDT)             WHEN T.SETK_TSK_TIMG_SNLTDT IS NOT
NULL THEN (T.SETK_TSK_TIMG_SNLTDT)             ELSE (NULL)         END
       filterDate,         sender.USR_FRSTNAM fromUserFirstName,
 sender.USR_LAS_NAM fromUserLastName,         T.SETK_RESCHEDULE_REASON
AS rescheduleReason,         reason.DDLI_LBL AS rescheduleReasonLabel,
       T.SETK_RESCHEDULE_COMMENT AS rescheduleComment       FROM
T_SENTTSK T       LEFT OUTER JOIN T_USR own ON own.USR_ID=T.SETK_OWNR
    LEFT OUTER JOIN T_USR prevOwner ON prevOwner.USR_ID=T.SETK_PRVSOWNR
      LEFT OUTER JOIN T_USR member ON member.USR_ID=T.SETK_AFFN_MEMB
   LEFT OUTER JOIN T_USR origCreator ON
origCreator.USR_ID=T.SETK_ORIGCRTR       LEFT OUTER JOIN T_DDL_ITEM
taskType ON taskType.DDLI_ID=T.SETK_TSK_TYP       LEFT OUTER JOIN
T_DDL_ITEM reason ON reason.DDLI_ID=T.SETK_RESCHEDULE_REASON       LEFT
OUTER JOIN T_CM_BASEBASE caseOrCm ON caseOrCm.CMBB_ID=T.SETK_AFFN_CM
   LEFT OUTER JOIN T_UM_BASE auth ON auth.UMBS_ID=T.SETK_AFFN_UM_EVNT
    LEFT OUTER JOIN T_USR provider

Plan hash value: 2541602941

---------------------------------------------------------------------------------------------------------------------------------
| Id  | Operation                                       | Name                          | Rows  | Bytes | Cost (%CPU)| Time     |
---------------------------------------------------------------------------------------------------------------------------------
|   0 | SELECT STATEMENT                                |                               |       |       |  1961K(100)|          |
|   1 |  TABLE ACCESS BY INDEX ROWID                    | T_UM_BASE                     |     1 |    12 |     1   (0)| 00:00:01 |
|   2 |   INDEX UNIQUE SCAN                             | PK_T_UM_BASE                  |     1 |       |     1   (0)| 00:00:01 |
|   3 |   TABLE ACCESS BY INDEX ROWID                   | T_CM_BASEBASE                 |     1 |    12 |     1   (0)| 00:00:01 |
|   4 |    INDEX UNIQUE SCAN                            | PK_T_CM_BASEBASE              |     1 |       |     1   (0)| 00:00:01 |
|   5 |  NESTED LOOPS OUTER                             |                               |     1 | 46913 |  1961K  (1)| 00:01:17 |
|   6 |   NESTED LOOPS OUTER                            |                               |     1 | 46901 |  1961K  (1)| 00:01:17 |
|   7 |    NESTED LOOPS OUTER                           |                               |     1 | 46873 |    18   (6)| 00:00:01 |
|   8 |     VIEW                                        |                               |     1 | 46851 |    17   (6)| 00:00:01 |
|   9 |      VIEW                                       |                               |     1 | 46838 |    15   (7)| 00:00:01 |
|  10 |       COUNT STOPKEY                             |                               |       |       |            |          |
|  11 |        VIEW                                     |                               |     1 | 46838 |    15   (7)| 00:00:01 |
|  12 |         SORT ORDER BY STOPKEY                   |                               |     1 |   780 |    15   (7)| 00:00:01 |
|  13 |          NESTED LOOPS OUTER                     |                               |     1 |   780 |    14   (0)| 00:00:01 |
|  14 |           NESTED LOOPS OUTER                    |                               |     1 |   758 |    13   (0)| 00:00:01 |
|  15 |            NESTED LOOPS OUTER                   |                               |     1 |   736 |    12   (0)| 00:00:01 |
|  16 |             NESTED LOOPS OUTER                  |                               |     1 |   714 |    11   (0)| 00:00:01 |
|  17 |              MERGE JOIN OUTER                   |                               |     1 |   690 |    10   (0)| 00:00:01 |
|  18 |               NESTED LOOPS OUTER                |                               |     1 |   654 |     9   (0)| 00:00:01 |
|  19 |                NESTED LOOPS OUTER               |                               |     1 |   626 |     8   (0)| 00:00:01 |
|  20 |                 NESTED LOOPS OUTER              |                               |     1 |   590 |     7   (0)| 00:00:01 |
|  21 |                  NESTED LOOPS OUTER             |                               |     1 |   568 |     6   (0)| 00:00:01 |
|  22 |                   NESTED LOOPS OUTER            |                               |     1 |   533 |     5   (0)| 00:00:01 |
|  23 |                    NESTED LOOPS OUTER           |                               |     1 |   515 |     4   (0)| 00:00:01 |
|  24 |                     INLIST ITERATOR             |                               |       |       |            |          |
|  25 |                      TABLE ACCESS BY INDEX ROWID| T_SENTTSK                     |     4 |  1984 |     3   (0)| 00:00:01 |
|  26 |                       INDEX RANGE SCAN          | IX_SETK_OBJ_STT               |  1918 |       |     1   (0)| 00:00:01 |
|  27 |                     TABLE ACCESS BY INDEX ROWID | T_USR                         |     1 |    19 |     1   (0)| 00:00:01 |
|  28 |                      INDEX UNIQUE SCAN          | PK_T_USR                      |     1 |       |     1   (0)| 00:00:01 |
|  29 |                    TABLE ACCESS BY INDEX ROWID  | T_UM_BASE                     |     1 |    18 |     1   (0)| 00:00:01 |
|  30 |                     INDEX UNIQUE SCAN           | PK_T_UM_BASE                  |     1 |       |     1   (0)| 00:00:01 |
|  31 |                   TABLE ACCESS BY INDEX ROWID   | T_USR                         |     1 |    35 |     1   (0)| 00:00:01 |
|  32 |                    INDEX UNIQUE SCAN            | PK_T_USR                      |     1 |       |     1   (0)| 00:00:01 |
|  33 |                  TABLE ACCESS BY INDEX ROWID    | T_USR                         |     1 |    22 |     1   (0)| 00:00:01 |
|  34 |                   INDEX UNIQUE SCAN             | PK_T_USR                      |     1 |       |     1   (0)| 00:00:01 |
|  35 |                 TABLE ACCESS BY INDEX ROWID     | T_USR                         |     1 |    36 |     1   (0)| 00:00:01 |
|  36 |                  INDEX UNIQUE SCAN              | PK_T_USR                      |     1 |       |     1   (0)| 00:00:01 |
|  37 |                TABLE ACCESS BY INDEX ROWID      | T_CM_BASEBASE                 |     1 |    28 |     1   (0)| 00:00:01 |
|  38 |                 INDEX UNIQUE SCAN               | PK_T_CM_BASEBASE              |     1 |       |     1   (0)| 00:00:01 |
|  39 |               BUFFER SORT                       |                               |     1 |    36 |     9   (0)| 00:00:01 |
|  40 |                TABLE ACCESS BY INDEX ROWID      | T_USR                         |     1 |    36 |     1   (0)| 00:00:01 |
|  41 |                 INDEX UNIQUE SCAN               | PK_T_USR                      |     1 |       |     1   (0)| 00:00:01 |
|  42 |              TABLE ACCESS BY INDEX ROWID        | T_DDL_ITEM                    |     1 |    24 |     1   (0)| 00:00:01 |
|  43 |               INDEX UNIQUE SCAN                 | PK_T_DDL_ITEM                 |     1 |       |     1   (0)| 00:00:01 |
|  44 |             TABLE ACCESS BY INDEX ROWID         | T_USR                         |     1 |    22 |     1   (0)| 00:00:01 |
|  45 |              INDEX UNIQUE SCAN                  | PK_T_USR                      |     1 |       |     1   (0)| 00:00:01 |
|  46 |            TABLE ACCESS BY INDEX ROWID          | T_USR                         |     1 |    22 |     1   (0)| 00:00:01 |
|  47 |             INDEX UNIQUE SCAN                   | PK_T_USR                      |     1 |       |     1   (0)| 00:00:01 |
|  48 |           TABLE ACCESS BY INDEX ROWID           | T_DDL_ITEM                    |     1 |    22 |     1   (0)| 00:00:01 |
|  49 |            INDEX UNIQUE SCAN                    | PK_T_DDL_ITEM                 |     1 |       |     1   (0)| 00:00:01 |
|  50 |     TABLE ACCESS BY INDEX ROWID                 | T_USR                         |     1 |    22 |     1   (0)| 00:00:01 |
|  51 |      INDEX UNIQUE SCAN                          | PK_T_USR                      |     1 |       |     1   (0)| 00:00:01 |
|  52 |    VIEW                                         | V_CURR_ENROLLMENT             |     1 |    28 |  1961K  (1)| 00:01:17 |
|  53 |     SORT UNIQUE                                 |                               |     2 |  1092 |  1961K  (1)| 00:01:17 |
|  54 |      UNION ALL PUSHED PREDICATE                 |                               |       |       |            |          |
|  55 |       FILTER                                    |                               |       |       |            |          |
|  56 |        TABLE ACCESS BY INDEX ROWID BATCHED      | T_ENNS                        |     1 |   273 |     1   (0)| 00:00:01 |
|  57 |         INDEX RANGE SCAN                        | IX_ELNS_MEMBENLTDTDSNTDTID    |     1 |       |     1   (0)| 00:00:01 |
|  58 |          SORT GROUP BY NOSORT                   |                               |     1 |    72 |     4   (0)| 00:00:01 |
|  59 |           NESTED LOOPS OUTER                    |                               |     1 |    72 |     4   (0)| 00:00:01 |
|  60 |            NESTED LOOPS                         |                               |     1 |    50 |     3   (0)| 00:00:01 |
|  61 |             NESTED LOOPS                        |                               |     1 |    12 |     2   (0)| 00:00:01 |
|  62 |              INDEX UNIQUE SCAN                  | PK_T_USR                      |     1 |     6 |     1   (0)| 00:00:01 |
|  63 |              INDEX RANGE SCAN                   | IX_NVL_USR_MRGEMSTR_USR_ID    |     1 |     6 |     1   (0)| 00:00:01 |
|  64 |             TABLE ACCESS BY INDEX ROWID         | T_ENNS                        |     1 |    38 |     1   (0)| 00:00:01 |
|  65 |              INDEX RANGE SCAN                   | IX_ELNS_MEMBENLTDTDSNTDTSTTID |     2 |       |     1   (0)| 00:00:01 |
|  66 |            TABLE ACCESS BY INDEX ROWID          | T_ENNS                        |     1 |    22 |     1   (0)| 00:00:01 |
|  67 |             INDEX RANGE SCAN                    | IX_ELNS_MEMBENLTDTDSNTDTID    |     1 |       |     1   (0)| 00:00:01 |
|  68 |        FAST DUAL                                |                               |     1 |       |     2   (0)| 00:00:01 |
|  69 |       FILTER                                    |                               |       |       |            |          |
|  70 |        TABLE ACCESS BY INDEX ROWID BATCHED      | T_ENNS                        |     1 |   273 |     1   (0)| 00:00:01 |
|  71 |         INDEX RANGE SCAN                        | IX_ELNS_MEMBENLTDTDSNTDTID    |     1 |       |     1   (0)| 00:00:01 |
|  72 |          SORT GROUP BY NOSORT                   |                               |     1 |    72 |     4   (0)| 00:00:01 |
|  73 |           NESTED LOOPS OUTER                    |                               |     1 |    72 |     4   (0)| 00:00:01 |
|  74 |            NESTED LOOPS                         |                               |     1 |    50 |     3   (0)| 00:00:01 |
|  75 |             NESTED LOOPS                        |                               |     1 |    12 |     2   (0)| 00:00:01 |
|  76 |              INDEX UNIQUE SCAN                  | PK_T_USR                      |     1 |     6 |     1   (0)| 00:00:01 |
|  77 |              INDEX RANGE SCAN                   | IX_NVL_USR_MRGEMSTR_USR_ID    |     1 |     6 |     1   (0)| 00:00:01 |
|  78 |             TABLE ACCESS BY INDEX ROWID         | T_ENNS                        |     1 |    38 |     1   (0)| 00:00:01 |
|  79 |              INDEX RANGE SCAN                   | IX_ELNS_MEMBENLTDTDSNTDTSTTID |     2 |       |     1   (0)| 00:00:01 |
|  80 |            TABLE ACCESS BY INDEX ROWID          | T_ENNS                        |     1 |    22 |     1   (0)| 00:00:01 |
|  81 |             INDEX RANGE SCAN                    | IX_ELNS_MEMBENLTDTDSNTDTID    |     1 |       |     1   (0)| 00:00:01 |
|  82 |        FAST DUAL                                |                               |     1 |       |     2   (0)| 00:00:01 |
|  83 |   TABLE ACCESS BY INDEX ROWID                   | T_BENSPKG                     |     1 |    12 |     1   (0)| 00:00:01 |
|  84 |    INDEX UNIQUE SCAN                            | PK_T_BENSPKG                  |     1 |       |     1   (0)| 00:00:01 |
---------------------------------------------------------------------------------------------------------------------------------

Query Block Name / Object Alias (identified by operation id):
-------------------------------------------------------------

   1 - SEL$4        / T_UM_BASE@SEL$4
   2 - SEL$4        / T_UM_BASE@SEL$4
   3 - SEL$5        / T_CM_BASEBASE@SEL$5
   4 - SEL$5        / T_CM_BASEBASE@SEL$5
   5 - SEL$0C04A374
   8 - SEL$3        / INFO_WITH_MEMBER_ID@SEL$2
   9 - SEL$6        / INFO@SEL$3
  10 - SEL$6
  11 - SEL$2D594895 / from$_subquery$_005@SEL$6
  12 - SEL$2D594895
  25 - SEL$2D594895 / T@SEL$8
  26 - SEL$2D594895 / T@SEL$8
  27 - SEL$2D594895 / PROVIDER@SEL$23
  28 - SEL$2D594895 / PROVIDER@SEL$23
  29 - SEL$2D594895 / AUTH@SEL$21
  30 - SEL$2D594895 / AUTH@SEL$21
  31 - SEL$2D594895 / MEMBER@SEL$11
  32 - SEL$2D594895 / MEMBER@SEL$11
  33 - SEL$2D594895 / SENDER@SEL$27
  34 - SEL$2D594895 / SENDER@SEL$27
  35 - SEL$2D594895 / PREVOWNER@SEL$9
  36 - SEL$2D594895 / PREVOWNER@SEL$9
  37 - SEL$2D594895 / CASEORCM@SEL$19
  38 - SEL$2D594895 / CASEORCM@SEL$19
  40 - SEL$2D594895 / OWN@SEL$7
  41 - SEL$2D594895 / OWN@SEL$7
  42 - SEL$2D594895 / TASKTYPE@SEL$15
  43 - SEL$2D594895 / TASKTYPE@SEL$15
  44 - SEL$2D594895 / ORIGCREATOR@SEL$13
  45 - SEL$2D594895 / ORIGCREATOR@SEL$13
  46 - SEL$2D594895 / MOD@SEL$25
  47 - SEL$2D594895 / MOD@SEL$25
  48 - SEL$2D594895 / REASON@SEL$17
  49 - SEL$2D594895 / REASON@SEL$17
  50 - SEL$0C04A374 / AFFMEMBER@SEL$1
  51 - SEL$0C04A374 / AFFMEMBER@SEL$1
  52 - SET$5715CE2E / ENROLLMENT@SEL$30
  53 - SET$5715CE2E
  55 - SEL$ECD9DCF1
  56 - SEL$ECD9DCF1 / T_SRC_ENNS@SEL$35
  57 - SEL$ECD9DCF1 / T_SRC_ENNS@SEL$35
  58 - SEL$5F185B4C
  62 - SEL$5F185B4C / T_ENNS_MASTERUSER@SEL$31
  63 - SEL$5F185B4C / T_ENNS_SLAVEUSER@SEL$31
  64 - SEL$5F185B4C / T_CURR_ENNS@SEL$32
  65 - SEL$5F185B4C / T_CURR_ENNS@SEL$32
  66 - SEL$5F185B4C / T_MAX_DISENROLLMENT_ENROLLMENT@SEL$33
  67 - SEL$5F185B4C / T_MAX_DISENROLLMENT_ENROLLMENT@SEL$33
  68 - SEL$40       / DUAL@SEL$40
  69 - SEL$0D115A56
  70 - SEL$0D115A56 / T_SRC_ENNS@SEL$42
  71 - SEL$0D115A56 / T_SRC_ENNS@SEL$42
  72 - SEL$CDBEA42D
  76 - SEL$CDBEA42D / T_ENNS_MASTERUSER@SEL$36
  77 - SEL$CDBEA42D / T_ENNS_SLAVEUSER@SEL$36
  78 - SEL$CDBEA42D / T_CURR_ENNS@SEL$37
  79 - SEL$CDBEA42D / T_CURR_ENNS@SEL$37
  80 - SEL$CDBEA42D / T_MAX_DISENROLLMENT_ENROLLMENT@SEL$38
  81 - SEL$CDBEA42D / T_MAX_DISENROLLMENT_ENROLLMENT@SEL$38
  82 - SEL$43       / DUAL@SEL$43
  83 - SEL$0C04A374 / BENEFIT@SEL$46
  84 - SEL$0C04A374 / BENEFIT@SEL$46

Outline Data
-------------

  /*+
      BEGIN_OUTLINE_DATA
      IGNORE_OPTIM_EMBEDDED_HINTS
      OPTIMIZER_FEATURES_ENABLE('12.1.0.2')
      DB_VERSION('12.1.0.2')
      OPT_PARAM('optimizer_index_cost_adj' 1)
      OPT_PARAM('optimizer_index_caching' 90)
      ALL_ROWS
      OUTLINE_LEAF(@"SEL$4")
      OUTLINE_LEAF(@"SEL$5")
      OUTLINE_LEAF(@"SEL$2D594895")
      MERGE(@"SEL$2DE0C8FF")
      OUTLINE_LEAF(@"SEL$6")
      OUTLINE_LEAF(@"SEL$3")
      OUTLINE_LEAF(@"SEL$40")
      OUTLINE_LEAF(@"SEL$5F185B4C")
      MERGE(@"SEL$6B15F4E0")
      OUTLINE_LEAF(@"SEL$ECD9DCF1")
      OUTLINE_LEAF(@"SEL$43")
      OUTLINE_LEAF(@"SEL$CDBEA42D")
      MERGE(@"SEL$57BA8109")
      OUTLINE_LEAF(@"SEL$0D115A56")
      OUTLINE_LEAF(@"SET$5715CE2E")
      PUSH_PRED(@"SEL$0C04A374" "ENROLLMENT"@"SEL$30" 3)
      OUTLINE_LEAF(@"SEL$0C04A374")
      MERGE(@"SEL$BC270230")
      OUTLINE(@"SEL$29")
      OUTLINE(@"SEL$2DE0C8FF")
      MERGE(@"SEL$27")
      MERGE(@"SEL$3B95C159")
      OUTLINE(@"SEL$41")
      OUTLINE(@"SEL$6B15F4E0")
      MERGE(@"SEL$78FE80F3")
      OUTLINE(@"SEL$35")
      OUTLINE(@"SEL$44")
      OUTLINE(@"SEL$57BA8109")
      MERGE(@"SEL$516D3A01")
      OUTLINE(@"SEL$42")
      OUTLINE(@"SET$1")
      OUTLINE(@"SEL$0C04A374")
      MERGE(@"SEL$BC270230")
      OUTLINE(@"SEL$48")
      OUTLINE(@"SEL$BC270230")
      MERGE(@"SEL$409758B4")
      MERGE(@"SEL$46")
      OUTLINE(@"SEL$28")
      OUTLINE(@"SEL$27")
      OUTLINE(@"SEL$3B95C159")
      MERGE(@"SEL$25")
      MERGE(@"SEL$6D003707")
      OUTLINE(@"SEL$D570F096")
      MERGE(@"SEL$33")
      OUTLINE(@"SEL$78FE80F3")
      MERGE(@"SEL$31")
      OUTLINE(@"SEL$067B9A3E")
      MERGE(@"SEL$38")
      OUTLINE(@"SEL$516D3A01")
      MERGE(@"SEL$36")
      OUTLINE(@"SEL$47")
      OUTLINE(@"SEL$409758B4")
      MERGE(@"SEL$30")
      MERGE(@"SEL$58A6D7F6")
      OUTLINE(@"SEL$46")
      OUTLINE(@"SEL$26")
      OUTLINE(@"SEL$25")
      OUTLINE(@"SEL$6D003707")
      MERGE(@"SEL$23")
      MERGE(@"SEL$23FAB6D1")
      OUTLINE(@"SEL$34")
      OUTLINE(@"SEL$33")
      OUTLINE(@"SEL$32")
      OUTLINE(@"SEL$31")
      OUTLINE(@"SEL$39")
      OUTLINE(@"SEL$38")
      OUTLINE(@"SEL$37")
      OUTLINE(@"SEL$36")
      OUTLINE(@"SEL$45")
      OUTLINE(@"SEL$30")
      OUTLINE(@"SEL$58A6D7F6")
      MERGE(@"SEL$1")
      OUTLINE(@"SEL$24")
      OUTLINE(@"SEL$23")
      OUTLINE(@"SEL$23FAB6D1")
      MERGE(@"SEL$21")
      MERGE(@"SEL$97A30ECD")
      OUTLINE(@"SEL$2")
      OUTLINE(@"SEL$1")
      OUTLINE(@"SEL$22")
      OUTLINE(@"SEL$21")
      OUTLINE(@"SEL$97A30ECD")
      MERGE(@"SEL$19")
      MERGE(@"SEL$CF22A5CA")
      OUTLINE(@"SEL$20")
      OUTLINE(@"SEL$19")
      OUTLINE(@"SEL$CF22A5CA")
      MERGE(@"SEL$17")
      MERGE(@"SEL$FF97D7FC")
      OUTLINE(@"SEL$18")
      OUTLINE(@"SEL$17")
      OUTLINE(@"SEL$FF97D7FC")
      MERGE(@"SEL$15")
      MERGE(@"SEL$DE5D921C")
      OUTLINE(@"SEL$16")
      OUTLINE(@"SEL$15")
      OUTLINE(@"SEL$DE5D921C")
      MERGE(@"SEL$01DD7F33")
      MERGE(@"SEL$13")
      OUTLINE(@"SEL$14")
      OUTLINE(@"SEL$01DD7F33")
      MERGE(@"SEL$11")
      MERGE(@"SEL$BDFBA881")
      OUTLINE(@"SEL$13")
      OUTLINE(@"SEL$12")
      OUTLINE(@"SEL$11")
      OUTLINE(@"SEL$BDFBA881")
      MERGE(@"SEL$9")
      MERGE(@"SEL$FC56C448")
      OUTLINE(@"SEL$10")
      OUTLINE(@"SEL$9")
      OUTLINE(@"SEL$FC56C448")
      MERGE(@"SEL$7")
      OUTLINE(@"SEL$8")
      OUTLINE(@"SEL$7")
      NO_ACCESS(@"SEL$0C04A374" "INFO_WITH_MEMBER_ID"@"SEL$2")
      INDEX_RS_ASC(@"SEL$0C04A374" "AFFMEMBER"@"SEL$1" ("T_USR"."USR_ID"))
      NO_ACCESS(@"SEL$0C04A374" "ENROLLMENT"@"SEL$30")
      INDEX_RS_ASC(@"SEL$0C04A374" "BENEFIT"@"SEL$46" ("T_BENSPKG"."BENP_ID"))
      LEADING(@"SEL$0C04A374" "INFO_WITH_MEMBER_ID"@"SEL$2" "AFFMEMBER"@"SEL$1" "ENROLLMENT"@"SEL$30" "BENEFIT"@"SEL$46")
      USE_NL(@"SEL$0C04A374" "AFFMEMBER"@"SEL$1")
      USE_NL(@"SEL$0C04A374" "ENROLLMENT"@"SEL$30")
      USE_NL(@"SEL$0C04A374" "BENEFIT"@"SEL$46")
      NO_ACCESS(@"SEL$3" "INFO"@"SEL$3")
      INDEX_RS_ASC(@"SEL$0D115A56" "T_SRC_ENNS"@"SEL$42" ("T_ENNS"."ELNS_MEMB" "T_ENNS"."ELNS_ENLTDT" "T_ENNS"."ELNS_DSNTDT"
              "T_ENNS"."ELNS_ID"))
      BATCH_TABLE_ACCESS_BY_ROWID(@"SEL$0D115A56" "T_SRC_ENNS"@"SEL$42")
      PUSH_SUBQ(@"SEL$CDBEA42D")
      INDEX_RS_ASC(@"SEL$ECD9DCF1" "T_SRC_ENNS"@"SEL$35" ("T_ENNS"."ELNS_MEMB" "T_ENNS"."ELNS_ENLTDT" "T_ENNS"."ELNS_DSNTDT"
              "T_ENNS"."ELNS_ID"))
      BATCH_TABLE_ACCESS_BY_ROWID(@"SEL$ECD9DCF1" "T_SRC_ENNS"@"SEL$35")
      PUSH_SUBQ(@"SEL$5F185B4C")
      INDEX(@"SEL$5F185B4C" "T_ENNS_MASTERUSER"@"SEL$31" ("T_USR"."USR_ID"))
      INDEX(@"SEL$5F185B4C" "T_ENNS_SLAVEUSER"@"SEL$31" "IX_NVL_USR_MRGEMSTR_USR_ID")
      INDEX_RS_ASC(@"SEL$5F185B4C" "T_CURR_ENNS"@"SEL$32" "IX_ELNS_MEMBENLTDTDSNTDTSTTID")
      INDEX_RS_ASC(@"SEL$5F185B4C" "T_MAX_DISENROLLMENT_ENROLLMENT"@"SEL$33" ("T_ENNS"."ELNS_MEMB" "T_ENNS"."ELNS_ENLTDT"
              "T_ENNS"."ELNS_DSNTDT" "T_ENNS"."ELNS_ID"))
      LEADING(@"SEL$5F185B4C" "T_ENNS_MASTERUSER"@"SEL$31" "T_ENNS_SLAVEUSER"@"SEL$31" "T_CURR_ENNS"@"SEL$32"
              "T_MAX_DISENROLLMENT_ENROLLMENT"@"SEL$33")
      USE_NL(@"SEL$5F185B4C" "T_ENNS_SLAVEUSER"@"SEL$31")
      USE_NL(@"SEL$5F185B4C" "T_CURR_ENNS"@"SEL$32")
      USE_NL(@"SEL$5F185B4C" "T_MAX_DISENROLLMENT_ENROLLMENT"@"SEL$33")
      INDEX(@"SEL$CDBEA42D" "T_ENNS_MASTERUSER"@"SEL$36" ("T_USR"."USR_ID"))
      INDEX(@"SEL$CDBEA42D" "T_ENNS_SLAVEUSER"@"SEL$36" "IX_NVL_USR_MRGEMSTR_USR_ID")
      INDEX_RS_ASC(@"SEL$CDBEA42D" "T_CURR_ENNS"@"SEL$37" "IX_ELNS_MEMBENLTDTDSNTDTSTTID")
      INDEX_RS_ASC(@"SEL$CDBEA42D" "T_MAX_DISENROLLMENT_ENROLLMENT"@"SEL$38" ("T_ENNS"."ELNS_MEMB" "T_ENNS"."ELNS_ENLTDT"
              "T_ENNS"."ELNS_DSNTDT" "T_ENNS"."ELNS_ID"))
      LEADING(@"SEL$CDBEA42D" "T_ENNS_MASTERUSER"@"SEL$36" "T_ENNS_SLAVEUSER"@"SEL$36" "T_CURR_ENNS"@"SEL$37"
              "T_MAX_DISENROLLMENT_ENROLLMENT"@"SEL$38")
      USE_NL(@"SEL$CDBEA42D" "T_ENNS_SLAVEUSER"@"SEL$36")
      USE_NL(@"SEL$CDBEA42D" "T_CURR_ENNS"@"SEL$37")
      USE_NL(@"SEL$CDBEA42D" "T_MAX_DISENROLLMENT_ENROLLMENT"@"SEL$38")
      NO_ACCESS(@"SEL$6" "from$_subquery$_005"@"SEL$6")
      INDEX_RS_ASC(@"SEL$2D594895" "T"@"SEL$8" ("T_SENTTSK"."SETK_OBJ_STT"))
      INDEX_RS_ASC(@"SEL$2D594895" "PROVIDER"@"SEL$23" ("T_USR"."USR_ID"))
      INDEX_RS_ASC(@"SEL$2D594895" "AUTH"@"SEL$21" ("T_UM_BASE"."UMBS_ID"))
      INDEX_RS_ASC(@"SEL$2D594895" "MEMBER"@"SEL$11" ("T_USR"."USR_ID"))
      INDEX_RS_ASC(@"SEL$2D594895" "SENDER"@"SEL$27" ("T_USR"."USR_ID"))
      INDEX_RS_ASC(@"SEL$2D594895" "PREVOWNER"@"SEL$9" ("T_USR"."USR_ID"))
      INDEX_RS_ASC(@"SEL$2D594895" "CASEORCM"@"SEL$19" ("T_CM_BASEBASE"."CMBB_ID"))
      INDEX_RS_ASC(@"SEL$2D594895" "OWN"@"SEL$7" ("T_USR"."USR_ID"))
      INDEX_RS_ASC(@"SEL$2D594895" "TASKTYPE"@"SEL$15" ("T_DDL_ITEM"."DDLI_ID"))
      INDEX_RS_ASC(@"SEL$2D594895" "ORIGCREATOR"@"SEL$13" ("T_USR"."USR_ID"))
      INDEX_RS_ASC(@"SEL$2D594895" "MOD"@"SEL$25" ("T_USR"."USR_ID"))
      INDEX_RS_ASC(@"SEL$2D594895" "REASON"@"SEL$17" ("T_DDL_ITEM"."DDLI_ID"))
      LEADING(@"SEL$2D594895" "T"@"SEL$8" "PROVIDER"@"SEL$23" "AUTH"@"SEL$21" "MEMBER"@"SEL$11" "SENDER"@"SEL$27"
              "PREVOWNER"@"SEL$9" "CASEORCM"@"SEL$19" "OWN"@"SEL$7" "TASKTYPE"@"SEL$15" "ORIGCREATOR"@"SEL$13" "MOD"@"SEL$25"
              "REASON"@"SEL$17")
      USE_NL(@"SEL$2D594895" "PROVIDER"@"SEL$23")
      USE_NL(@"SEL$2D594895" "AUTH"@"SEL$21")
      USE_NL(@"SEL$2D594895" "MEMBER"@"SEL$11")
      USE_NL(@"SEL$2D594895" "SENDER"@"SEL$27")
      USE_NL(@"SEL$2D594895" "PREVOWNER"@"SEL$9")
      USE_NL(@"SEL$2D594895" "CASEORCM"@"SEL$19")
      USE_MERGE_CARTESIAN(@"SEL$2D594895" "OWN"@"SEL$7")
      USE_NL(@"SEL$2D594895" "TASKTYPE"@"SEL$15")
      USE_NL(@"SEL$2D594895" "ORIGCREATOR"@"SEL$13")
      USE_NL(@"SEL$2D594895" "MOD"@"SEL$25")
      USE_NL(@"SEL$2D594895" "REASON"@"SEL$17")
      INDEX_RS_ASC(@"SEL$5" "T_CM_BASEBASE"@"SEL$5" ("T_CM_BASEBASE"."CMBB_ID"))
      INDEX_RS_ASC(@"SEL$4" "T_UM_BASE"@"SEL$4" ("T_UM_BASE"."UMBS_ID"))
      END_OUTLINE_DATA
  */

Peeked Binds (identified by position):
--------------------------------------

   1 - :SYS_B_0 (NUMBER): 2
   2 - :1 (NUMBER): 10621934
   3 - :2 (NUMBER): 1
   4 - :3 (NUMBER): 3
   5 - :4 (NUMBER): 905
   6 - :5 (NUMBER): 906
   7 - :6 (NUMBER): 907
   8 - :7 (NUMBER): 908
   9 - :8 (NUMBER): 911
  10 - :9 (NUMBER): 912
  11 - :10 (NUMBER): 913
  12 - :SYS_B_1 (NUMBER): 500
  13 - :SYS_B_2 (VARCHAR2(30), CSID=178): '2020.09.28'
  14 - :SYS_B_3 (VARCHAR2(30), CSID=178): 'yyyy.MM.dd'

Note
-----
   - dynamic statistics used: dynamic sampling (level=2)
   - 6 Sql Plan Directives used for this statement

SQL_ID 0sjx29v99zfqc
--------------------
SELECT INFO_WITH_MEMBER_ID.*,     enrollment.ELNS_INSCPRSRGRP
ipgGroupId,     benefit.BENP_LWSTLVL_PRODCAT productCategoryId,
affMember.USR_FRSTNAM affiliatedMemberFirstName,
affMember.USR_LAS_NAM affiliatedMemberLastName FROM (   SELECT INFO.*,
   CASE     WHEN INFO.memberAffiliationId IS NOT NULL THEN
(INFO.memberAffiliationId)     WHEN INFO.authAffiliationId IS NOT NULL
THEN (SELECT UMBS_MEMB FROM T_UM_BASE WHERE
UMBS_ID=INFO.authAffiliationId)     WHEN
INFO.careManagementAffiliationId IS NOT NULL THEN (SELECT CMBS_MEMB
FROM T_CM_BASEBASE WHERE CMBB_ID=INFO.careManagementAffiliationId)
WHEN INFO.providerAffiliationId IS NOT NULL THEN
(INFO.providerAffiliationId)     ELSE (NULL)     END
affiliatedMemberId   FROM (   SELECT * FROM (     SELECT
T.SETK_ID AS id,         T.SETK_C4C_ID AS c4cId,         T.SETK_UNIVID
AS universalId,         taskType.TSKT_RCPTTYP AS categoryId,
T.SETK_TSK_TYP AS taskTypeId,         taskType.DDLI_LBL AS
taskTypeLabel,         T.SETK_TSK_NAM AS taskName,         T.SETK_SUBJ
AS subject,         T.SETK_CRTD AS createDate,         T.SETK_SENT AS
sentDate,         T.SETK_SRTD AS startedDate,
T.SETK_TSK_TIMG_STRTDT AS startDate,         T.SETK_TSK_TIMG_SCLDAT AS
startDateSeconds,         T.SETK_TSK_TIMG_DDLN_DT AS dueDate,
T.SETK_TSK_TIMG_DDLN_TIM_IN_DY AS dueDateSeconds,         T.SETK_OWNR
AS ownerId,         own.USR_FRSTNAM AS ownerFirstName,
own.USR_LAS_NAM AS ownerLastName,         own.CLASSTYPE AS ownerType,
      T.SETK_OBJ_STT AS status,         T.SETK_AFFN_MEMB AS
memberAffiliationId,         member.USR_C4C_ID AS memberC4cId,
member.USR_FRSTNAM AS memberFirstName,         member.USR_LAS_NAM AS
memberLastName,         T.SETK_AFFN_CM AS careManagementAffiliationId,
       caseOrCm.CMBB_C4C_ID AS caseOrCmC4cId,
T.SETK_AFFN_UM_EVNT AS authAffiliationId,         auth.UMBS_C4C_ID AS
authAffiliationC4cId,         T.SETK_AFFN_PVDR AS
providerAffiliationId,         provider.USR_C4C_ID AS providerC4cId,
     T.SETK_TSK_TIMG_SNLTDT AS startNoLaterThanDate,
T.SETK_CNCLRESN AS cancelReasonId,         T.SETK_ORIGCRTR AS
originalCreatorId,         origCreator.USR_FRSTNAM AS
originalCreatorFirstName,         origCreator.USR_LAS_NAM AS
originalCreatorLastName,         caseOrCm.CLASSTYPE AS
caseOrCmClasstype,         T.SETK_TSK_DSCN AS description,
T.SETK_CMPD AS completedDate,         T.SETK_LAS_ACT_TIM AS
lastActionDate,         mod.USR_FRSTNAM lastModifiedByFirstName,
 mod.USR_LAS_NAM lastModifiedByLastName,         T.SETK_PRVSOWNR AS
previousOwnerId,         prevOwner.USR_FRSTNAM AS
previousOwnerFirstName,         prevOwner.USR_LAS_NAM AS
previousOwnerLastName,         prevOwner.CLASSTYPE AS
previousOwnerType,         CASE             WHEN
T.SETK_TSK_TIMG_DDLN_DT IS NOT NULL THEN (T.SETK_TSK_TIMG_DDLN_DT)
       WHEN T.SETK_TSK_TIMG_STRTDT IS NOT NULL THEN
(T.SETK_TSK_TIMG_STRTDT)             WHEN T.SETK_TSK_TIMG_SNLTDT IS NOT
NULL THEN (T.SETK_TSK_TIMG_SNLTDT)             ELSE (NULL)         END
       filterDate,         sender.USR_FRSTNAM fromUserFirstName,
 sender.USR_LAS_NAM fromUserLastName,         T.SETK_RESCHEDULE_REASON
AS rescheduleReason,         reason.DDLI_LBL AS rescheduleReasonLabel,
       T.SETK_RESCHEDULE_COMMENT AS rescheduleComment       FROM
T_SENTTSK T       LEFT OUTER JOIN T_USR own ON own.USR_ID=T.SETK_OWNR
    LEFT OUTER JOIN T_USR prevOwner ON prevOwner.USR_ID=T.SETK_PRVSOWNR
      LEFT OUTER JOIN T_USR member ON member.USR_ID=T.SETK_AFFN_MEMB
   LEFT OUTER JOIN T_USR origCreator ON
origCreator.USR_ID=T.SETK_ORIGCRTR       LEFT OUTER JOIN T_DDL_ITEM
taskType ON taskType.DDLI_ID=T.SETK_TSK_TYP       LEFT OUTER JOIN
T_DDL_ITEM reason ON reason.DDLI_ID=T.SETK_RESCHEDULE_REASON       LEFT
OUTER JOIN T_CM_BASEBASE caseOrCm ON caseOrCm.CMBB_ID=T.SETK_AFFN_CM
   LEFT OUTER JOIN T_UM_BASE auth ON auth.UMBS_ID=T.SETK_AFFN_UM_EVNT
    LEFT OUTER JOIN T_USR provider

Plan hash value: 2644118522

---------------------------------------------------------------------------------------------------------------------------------
| Id  | Operation                                       | Name                          | Rows  | Bytes | Cost (%CPU)| Time     |
---------------------------------------------------------------------------------------------------------------------------------
|   0 | SELECT STATEMENT                                |                               |       |       |  2282K(100)|          |
|   1 |  TABLE ACCESS BY INDEX ROWID                    | T_UM_BASE                     |     1 |    12 |     1   (0)| 00:00:01 |
|   2 |   INDEX UNIQUE SCAN                             | PK_T_UM_BASE                  |     1 |       |     1   (0)| 00:00:01 |
|   3 |   TABLE ACCESS BY INDEX ROWID                   | T_CM_BASEBASE                 |     1 |    12 |     1   (0)| 00:00:01 |
|   4 |    INDEX UNIQUE SCAN                            | PK_T_CM_BASEBASE              |     1 |       |     1   (0)| 00:00:01 |
|   5 |  NESTED LOOPS OUTER                             |                               |     8 |   366K|  2282K  (1)| 00:01:30 |
|   6 |   NESTED LOOPS OUTER                            |                               |     8 |   366K|  2282K  (1)| 00:01:30 |
|   7 |    HASH JOIN RIGHT OUTER                        |                               |     8 |   366K|  2282K  (1)| 00:01:30 |
|   8 |     VIEW                                        | V_CURR_ENROLLMENT             |     2 |    78 |  2282K  (1)| 00:01:30 |
|   9 |      SORT UNIQUE                                |                               |     2 |  1092 |  2282K  (1)| 00:01:30 |
|  10 |       UNION-ALL                                 |                               |       |       |            |          |
|  11 |        FILTER                                   |                               |       |       |            |          |
|  12 |         FILTER                                  |                               |       |       |            |          |
|  13 |          TABLE ACCESS STORAGE FULL              | T_ENNS                        |   248K|    64M|   160K  (1)| 00:00:07 |
|  14 |          FAST DUAL                              |                               |     1 |       |     2   (0)| 00:00:01 |
|  15 |         SORT GROUP BY NOSORT                    |                               |     1 |    72 |     4   (0)| 00:00:01 |
|  16 |          NESTED LOOPS OUTER                     |                               |     1 |    72 |     4   (0)| 00:00:01 |
|  17 |           NESTED LOOPS                          |                               |     1 |    50 |     3   (0)| 00:00:01 |
|  18 |            NESTED LOOPS                         |                               |     1 |    12 |     2   (0)| 00:00:01 |
|  19 |             INDEX UNIQUE SCAN                   | PK_T_USR                      |     1 |     6 |     1   (0)| 00:00:01 |
|  20 |             INDEX RANGE SCAN                    | IX_NVL_USR_MRGEMSTR_USR_ID    |     1 |     6 |     1   (0)| 00:00:01 |
|  21 |            TABLE ACCESS BY INDEX ROWID          | T_ENNS                        |     1 |    38 |     1   (0)| 00:00:01 |
|  22 |             INDEX RANGE SCAN                    | IX_ELNS_MEMBENLTDTDSNTDTSTTID |     2 |       |     1   (0)| 00:00:01 |
|  23 |           TABLE ACCESS BY INDEX ROWID           | T_ENNS                        |     1 |    22 |     1   (0)| 00:00:01 |
|  24 |            INDEX RANGE SCAN                     | IX_ELNS_MEMBENLTDTDSNTDTID    |     1 |       |     1   (0)| 00:00:01 |
|  25 |        FILTER                                   |                               |       |       |            |          |
|  26 |         FILTER                                  |                               |       |       |            |          |
|  27 |          TABLE ACCESS STORAGE FULL              | T_ENNS                        |   248K|    64M|   160K  (1)| 00:00:07 |
|  28 |          FAST DUAL                              |                               |     1 |       |     2   (0)| 00:00:01 |
|  29 |         SORT GROUP BY NOSORT                    |                               |     1 |    72 |     4   (0)| 00:00:01 |
|  30 |          NESTED LOOPS OUTER                     |                               |     1 |    72 |     4   (0)| 00:00:01 |
|  31 |           NESTED LOOPS                          |                               |     1 |    50 |     3   (0)| 00:00:01 |
|  32 |            NESTED LOOPS                         |                               |     1 |    12 |     2   (0)| 00:00:01 |
|  33 |             INDEX UNIQUE SCAN                   | PK_T_USR                      |     1 |     6 |     1   (0)| 00:00:01 |
|  34 |             INDEX RANGE SCAN                    | IX_NVL_USR_MRGEMSTR_USR_ID    |     1 |     6 |     1   (0)| 00:00:01 |
|  35 |            TABLE ACCESS BY INDEX ROWID          | T_ENNS                        |     1 |    38 |     1   (0)| 00:00:01 |
|  36 |             INDEX RANGE SCAN                    | IX_ELNS_MEMBENLTDTDSNTDTSTTID |     2 |       |     1   (0)| 00:00:01 |
|  37 |           TABLE ACCESS BY INDEX ROWID           | T_ENNS                        |     1 |    22 |     1   (0)| 00:00:01 |
|  38 |            INDEX RANGE SCAN                     | IX_ELNS_MEMBENLTDTDSNTDTID    |     1 |       |     1   (0)| 00:00:01 |
|  39 |     VIEW                                        |                               |     8 |   366K|    23   (5)| 00:00:01 |
|  40 |      VIEW                                       |                               |     8 |   365K|    15   (7)| 00:00:01 |
|  41 |       COUNT STOPKEY                             |                               |       |       |            |          |
|  42 |        VIEW                                     |                               |     8 |   365K|    15   (7)| 00:00:01 |
|  43 |         SORT ORDER BY STOPKEY                   |                               |     8 |  6240 |    15   (7)| 00:00:01 |
|  44 |          NESTED LOOPS OUTER                     |                               |     8 |  6240 |    14   (0)| 00:00:01 |
|  45 |           NESTED LOOPS OUTER                    |                               |     8 |  6064 |    13   (0)| 00:00:01 |
|  46 |            NESTED LOOPS OUTER                   |                               |     8 |  5888 |    12   (0)| 00:00:01 |
|  47 |             NESTED LOOPS OUTER                  |                               |     8 |  5712 |    11   (0)| 00:00:01 |
|  48 |              NESTED LOOPS OUTER                 |                               |     8 |  5520 |    10   (0)| 00:00:01 |
|  49 |               NESTED LOOPS OUTER                |                               |     8 |  5296 |     9   (0)| 00:00:01 |
|  50 |                NESTED LOOPS OUTER               |                               |     8 |  5120 |     8   (0)| 00:00:01 |
|  51 |                 NESTED LOOPS OUTER              |                               |     8 |  4832 |     7   (0)| 00:00:01 |
|  52 |                  NESTED LOOPS OUTER             |                               |     8 |  4552 |     6   (0)| 00:00:01 |
|  53 |                   NESTED LOOPS OUTER            |                               |     8 |  4408 |     5   (0)| 00:00:01 |
|  54 |                    MERGE JOIN OUTER             |                               |     8 |  4256 |     4   (0)| 00:00:01 |
|  55 |                     INLIST ITERATOR             |                               |       |       |            |          |
|  56 |                      TABLE ACCESS BY INDEX ROWID| T_SENTTSK                     |     8 |  3968 |     3   (0)| 00:00:01 |
|  57 |                       INDEX RANGE SCAN          | IX_SETK_OBJ_STT               |  1918 |       |     1   (0)| 00:00:01 |
|  58 |                     BUFFER SORT                 |                               |     1 |    36 |     1   (0)| 00:00:01 |
|  59 |                      TABLE ACCESS BY INDEX ROWID| T_USR                         |     1 |    36 |     1   (0)| 00:00:01 |
|  60 |                       INDEX UNIQUE SCAN         | PK_T_USR                      |     1 |       |     1   (0)| 00:00:01 |
|  61 |                    TABLE ACCESS BY INDEX ROWID  | T_USR                         |     1 |    19 |     1   (0)| 00:00:01 |
|  62 |                     INDEX UNIQUE SCAN           | PK_T_USR                      |     1 |       |     1   (0)| 00:00:01 |
|  63 |                   TABLE ACCESS BY INDEX ROWID   | T_UM_BASE                     |     1 |    18 |     1   (0)| 00:00:01 |
|  64 |                    INDEX UNIQUE SCAN            | PK_T_UM_BASE                  |     1 |       |     1   (0)| 00:00:01 |
|  65 |                  TABLE ACCESS BY INDEX ROWID    | T_USR                         |     1 |    35 |     1   (0)| 00:00:01 |
|  66 |                   INDEX UNIQUE SCAN             | PK_T_USR                      |     1 |       |     1   (0)| 00:00:01 |
|  67 |                 TABLE ACCESS BY INDEX ROWID     | T_USR                         |     1 |    36 |     1   (0)| 00:00:01 |
|  68 |                  INDEX UNIQUE SCAN              | PK_T_USR                      |     1 |       |     1   (0)| 00:00:01 |
|  69 |                TABLE ACCESS BY INDEX ROWID      | T_USR                         |     1 |    22 |     1   (0)| 00:00:01 |
|  70 |                 INDEX UNIQUE SCAN               | PK_T_USR                      |     1 |       |     1   (0)| 00:00:01 |
|  71 |               TABLE ACCESS BY INDEX ROWID       | T_CM_BASEBASE                 |     1 |    28 |     1   (0)| 00:00:01 |
|  72 |                INDEX UNIQUE SCAN                | PK_T_CM_BASEBASE              |     1 |       |     1   (0)| 00:00:01 |
|  73 |              TABLE ACCESS BY INDEX ROWID        | T_DDL_ITEM                    |     1 |    24 |     1   (0)| 00:00:01 |
|  74 |               INDEX UNIQUE SCAN                 | PK_T_DDL_ITEM                 |     1 |       |     1   (0)| 00:00:01 |
|  75 |             TABLE ACCESS BY INDEX ROWID         | T_USR                         |     1 |    22 |     1   (0)| 00:00:01 |
|  76 |              INDEX UNIQUE SCAN                  | PK_T_USR                      |     1 |       |     1   (0)| 00:00:01 |
|  77 |            TABLE ACCESS BY INDEX ROWID          | T_USR                         |     1 |    22 |     1   (0)| 00:00:01 |
|  78 |             INDEX UNIQUE SCAN                   | PK_T_USR                      |     1 |       |     1   (0)| 00:00:01 |
|  79 |           TABLE ACCESS BY INDEX ROWID           | T_DDL_ITEM                    |     1 |    22 |     1   (0)| 00:00:01 |
|  80 |            INDEX UNIQUE SCAN                    | PK_T_DDL_ITEM                 |     1 |       |     1   (0)| 00:00:01 |
|  81 |    TABLE ACCESS BY INDEX ROWID                  | T_BENSPKG                     |     1 |    12 |     1   (0)| 00:00:01 |
|  82 |     INDEX UNIQUE SCAN                           | PK_T_BENSPKG                  |     1 |       |     1   (0)| 00:00:01 |
|  83 |   TABLE ACCESS BY INDEX ROWID                   | T_USR                         |     1 |    22 |     1   (0)| 00:00:01 |
|  84 |    INDEX UNIQUE SCAN                            | PK_T_USR                      |     1 |       |     1   (0)| 00:00:01 |
---------------------------------------------------------------------------------------------------------------------------------

Query Block Name / Object Alias (identified by operation id):
-------------------------------------------------------------

   1 - SEL$4        / T_UM_BASE@SEL$4
   2 - SEL$4        / T_UM_BASE@SEL$4
   3 - SEL$5        / T_CM_BASEBASE@SEL$5
   4 - SEL$5        / T_CM_BASEBASE@SEL$5
   5 - SEL$0C04A374
   8 - SET$1        / ENROLLMENT@SEL$30
   9 - SET$1
  11 - SEL$35
  13 - SEL$35       / T_SRC_ENNS@SEL$35
  14 - SEL$40       / DUAL@SEL$40
  15 - SEL$5F185B4C
  19 - SEL$5F185B4C / T_ENNS_MASTERUSER@SEL$31
  20 - SEL$5F185B4C / T_ENNS_SLAVEUSER@SEL$31
  21 - SEL$5F185B4C / T_CURR_ENNS@SEL$32
  22 - SEL$5F185B4C / T_CURR_ENNS@SEL$32
  23 - SEL$5F185B4C / T_MAX_DISENROLLMENT_ENROLLMENT@SEL$33
  24 - SEL$5F185B4C / T_MAX_DISENROLLMENT_ENROLLMENT@SEL$33
  25 - SEL$42
  27 - SEL$42       / T_SRC_ENNS@SEL$42
  28 - SEL$43       / DUAL@SEL$43
  29 - SEL$CDBEA42D
  33 - SEL$CDBEA42D / T_ENNS_MASTERUSER@SEL$36
  34 - SEL$CDBEA42D / T_ENNS_SLAVEUSER@SEL$36
  35 - SEL$CDBEA42D / T_CURR_ENNS@SEL$37
  36 - SEL$CDBEA42D / T_CURR_ENNS@SEL$37
  37 - SEL$CDBEA42D / T_MAX_DISENROLLMENT_ENROLLMENT@SEL$38
  38 - SEL$CDBEA42D / T_MAX_DISENROLLMENT_ENROLLMENT@SEL$38
  39 - SEL$3        / INFO_WITH_MEMBER_ID@SEL$2
  40 - SEL$6        / INFO@SEL$3
  41 - SEL$6
  42 - SEL$2D594895 / from$_subquery$_005@SEL$6
  43 - SEL$2D594895
  56 - SEL$2D594895 / T@SEL$8
  57 - SEL$2D594895 / T@SEL$8
  59 - SEL$2D594895 / OWN@SEL$7
  60 - SEL$2D594895 / OWN@SEL$7
  61 - SEL$2D594895 / PROVIDER@SEL$23
  62 - SEL$2D594895 / PROVIDER@SEL$23
  63 - SEL$2D594895 / AUTH@SEL$21
  64 - SEL$2D594895 / AUTH@SEL$21
  65 - SEL$2D594895 / MEMBER@SEL$11
  66 - SEL$2D594895 / MEMBER@SEL$11
  67 - SEL$2D594895 / PREVOWNER@SEL$9
  68 - SEL$2D594895 / PREVOWNER@SEL$9
  69 - SEL$2D594895 / SENDER@SEL$27
  70 - SEL$2D594895 / SENDER@SEL$27
  71 - SEL$2D594895 / CASEORCM@SEL$19
  72 - SEL$2D594895 / CASEORCM@SEL$19
  73 - SEL$2D594895 / TASKTYPE@SEL$15
  74 - SEL$2D594895 / TASKTYPE@SEL$15
  75 - SEL$2D594895 / ORIGCREATOR@SEL$13
  76 - SEL$2D594895 / ORIGCREATOR@SEL$13
  77 - SEL$2D594895 / MOD@SEL$25
  78 - SEL$2D594895 / MOD@SEL$25
  79 - SEL$2D594895 / REASON@SEL$17
  80 - SEL$2D594895 / REASON@SEL$17
  81 - SEL$0C04A374 / BENEFIT@SEL$46
  82 - SEL$0C04A374 / BENEFIT@SEL$46
  83 - SEL$0C04A374 / AFFMEMBER@SEL$1
  84 - SEL$0C04A374 / AFFMEMBER@SEL$1

Outline Data
-------------

  /*+
      BEGIN_OUTLINE_DATA
      IGNORE_OPTIM_EMBEDDED_HINTS
      OPTIMIZER_FEATURES_ENABLE('12.1.0.2')
      DB_VERSION('12.1.0.2')
      OPT_PARAM('optimizer_index_cost_adj' 1)
      OPT_PARAM('optimizer_index_caching' 90)
      ALL_ROWS
      OUTLINE_LEAF(@"SEL$4")
      OUTLINE_LEAF(@"SEL$5")
      OUTLINE_LEAF(@"SEL$2D594895")
      MERGE(@"SEL$2DE0C8FF")
      OUTLINE_LEAF(@"SEL$6")
      OUTLINE_LEAF(@"SEL$3")
      OUTLINE_LEAF(@"SEL$40")
      OUTLINE_LEAF(@"SEL$5F185B4C")
      MERGE(@"SEL$6B15F4E0")
      OUTLINE_LEAF(@"SEL$35")
      OUTLINE_LEAF(@"SEL$43")
      OUTLINE_LEAF(@"SEL$CDBEA42D")
      MERGE(@"SEL$57BA8109")
      OUTLINE_LEAF(@"SEL$42")
      OUTLINE_LEAF(@"SET$1")
      OUTLINE_LEAF(@"SEL$0C04A374")
      MERGE(@"SEL$BC270230")
      OUTLINE(@"SEL$29")
      OUTLINE(@"SEL$2DE0C8FF")
      MERGE(@"SEL$27")
      MERGE(@"SEL$3B95C159")
      OUTLINE(@"SEL$41")
      OUTLINE(@"SEL$6B15F4E0")
      MERGE(@"SEL$78FE80F3")
      OUTLINE(@"SEL$44")
      OUTLINE(@"SEL$57BA8109")
      MERGE(@"SEL$516D3A01")
      OUTLINE(@"SEL$48")
      OUTLINE(@"SEL$BC270230")
      MERGE(@"SEL$409758B4")
      MERGE(@"SEL$46")
      OUTLINE(@"SEL$28")
      OUTLINE(@"SEL$27")
      OUTLINE(@"SEL$3B95C159")
      MERGE(@"SEL$25")
      MERGE(@"SEL$6D003707")
      OUTLINE(@"SEL$D570F096")
      MERGE(@"SEL$33")
      OUTLINE(@"SEL$78FE80F3")
      MERGE(@"SEL$31")
      OUTLINE(@"SEL$067B9A3E")
      MERGE(@"SEL$38")
      OUTLINE(@"SEL$516D3A01")
      MERGE(@"SEL$36")
      OUTLINE(@"SEL$47")
      OUTLINE(@"SEL$409758B4")
      MERGE(@"SEL$30")
      MERGE(@"SEL$58A6D7F6")
      OUTLINE(@"SEL$46")
      OUTLINE(@"SEL$26")
      OUTLINE(@"SEL$25")
      OUTLINE(@"SEL$6D003707")
      MERGE(@"SEL$23")
      MERGE(@"SEL$23FAB6D1")
      OUTLINE(@"SEL$34")
      OUTLINE(@"SEL$33")
      OUTLINE(@"SEL$32")
      OUTLINE(@"SEL$31")
      OUTLINE(@"SEL$39")
      OUTLINE(@"SEL$38")
      OUTLINE(@"SEL$37")
      OUTLINE(@"SEL$36")
      OUTLINE(@"SEL$45")
      OUTLINE(@"SEL$30")
      OUTLINE(@"SEL$58A6D7F6")
      MERGE(@"SEL$1")
      OUTLINE(@"SEL$24")
      OUTLINE(@"SEL$23")
      OUTLINE(@"SEL$23FAB6D1")
      MERGE(@"SEL$21")
      MERGE(@"SEL$97A30ECD")
      OUTLINE(@"SEL$2")
      OUTLINE(@"SEL$1")
      OUTLINE(@"SEL$22")
      OUTLINE(@"SEL$21")
      OUTLINE(@"SEL$97A30ECD")
      MERGE(@"SEL$19")
      MERGE(@"SEL$CF22A5CA")
      OUTLINE(@"SEL$20")
      OUTLINE(@"SEL$19")
      OUTLINE(@"SEL$CF22A5CA")
      MERGE(@"SEL$17")
      MERGE(@"SEL$FF97D7FC")
      OUTLINE(@"SEL$18")
      OUTLINE(@"SEL$17")
      OUTLINE(@"SEL$FF97D7FC")
      MERGE(@"SEL$15")
      MERGE(@"SEL$DE5D921C")
      OUTLINE(@"SEL$16")
      OUTLINE(@"SEL$15")
      OUTLINE(@"SEL$DE5D921C")
      MERGE(@"SEL$01DD7F33")
      MERGE(@"SEL$13")
      OUTLINE(@"SEL$14")
      OUTLINE(@"SEL$01DD7F33")
      MERGE(@"SEL$11")
      MERGE(@"SEL$BDFBA881")
      OUTLINE(@"SEL$13")
      OUTLINE(@"SEL$12")
      OUTLINE(@"SEL$11")
      OUTLINE(@"SEL$BDFBA881")
      MERGE(@"SEL$9")
      MERGE(@"SEL$FC56C448")
      OUTLINE(@"SEL$10")
      OUTLINE(@"SEL$9")
      OUTLINE(@"SEL$FC56C448")
      MERGE(@"SEL$7")
      OUTLINE(@"SEL$8")
      OUTLINE(@"SEL$7")
      NO_ACCESS(@"SEL$0C04A374" "INFO_WITH_MEMBER_ID"@"SEL$2")
      NO_ACCESS(@"SEL$0C04A374" "ENROLLMENT"@"SEL$30")
      INDEX_RS_ASC(@"SEL$0C04A374" "BENEFIT"@"SEL$46" ("T_BENSPKG"."BENP_ID"))
      INDEX_RS_ASC(@"SEL$0C04A374" "AFFMEMBER"@"SEL$1" ("T_USR"."USR_ID"))
      LEADING(@"SEL$0C04A374" "INFO_WITH_MEMBER_ID"@"SEL$2" "ENROLLMENT"@"SEL$30" "BENEFIT"@"SEL$46" "AFFMEMBER"@"SEL$1")
      USE_HASH(@"SEL$0C04A374" "ENROLLMENT"@"SEL$30")
      USE_NL(@"SEL$0C04A374" "BENEFIT"@"SEL$46")
      USE_NL(@"SEL$0C04A374" "AFFMEMBER"@"SEL$1")
      SWAP_JOIN_INPUTS(@"SEL$0C04A374" "ENROLLMENT"@"SEL$30")
      NO_ACCESS(@"SEL$3" "INFO"@"SEL$3")
      FULL(@"SEL$42" "T_SRC_ENNS"@"SEL$42")
      PQ_FILTER(@"SEL$42" SERIAL)
      FULL(@"SEL$35" "T_SRC_ENNS"@"SEL$35")
      PQ_FILTER(@"SEL$35" SERIAL)
      INDEX(@"SEL$5F185B4C" "T_ENNS_MASTERUSER"@"SEL$31" ("T_USR"."USR_ID"))
      INDEX(@"SEL$5F185B4C" "T_ENNS_SLAVEUSER"@"SEL$31" "IX_NVL_USR_MRGEMSTR_USR_ID")
      INDEX_RS_ASC(@"SEL$5F185B4C" "T_CURR_ENNS"@"SEL$32" "IX_ELNS_MEMBENLTDTDSNTDTSTTID")
      INDEX_RS_ASC(@"SEL$5F185B4C" "T_MAX_DISENROLLMENT_ENROLLMENT"@"SEL$33" ("T_ENNS"."ELNS_MEMB" "T_ENNS"."ELNS_ENLTDT"
              "T_ENNS"."ELNS_DSNTDT" "T_ENNS"."ELNS_ID"))
      LEADING(@"SEL$5F185B4C" "T_ENNS_MASTERUSER"@"SEL$31" "T_ENNS_SLAVEUSER"@"SEL$31" "T_CURR_ENNS"@"SEL$32"
              "T_MAX_DISENROLLMENT_ENROLLMENT"@"SEL$33")
      USE_NL(@"SEL$5F185B4C" "T_ENNS_SLAVEUSER"@"SEL$31")
      USE_NL(@"SEL$5F185B4C" "T_CURR_ENNS"@"SEL$32")
      USE_NL(@"SEL$5F185B4C" "T_MAX_DISENROLLMENT_ENROLLMENT"@"SEL$33")
      INDEX(@"SEL$CDBEA42D" "T_ENNS_MASTERUSER"@"SEL$36" ("T_USR"."USR_ID"))
      INDEX(@"SEL$CDBEA42D" "T_ENNS_SLAVEUSER"@"SEL$36" "IX_NVL_USR_MRGEMSTR_USR_ID")
      INDEX_RS_ASC(@"SEL$CDBEA42D" "T_CURR_ENNS"@"SEL$37" "IX_ELNS_MEMBENLTDTDSNTDTSTTID")
      INDEX_RS_ASC(@"SEL$CDBEA42D" "T_MAX_DISENROLLMENT_ENROLLMENT"@"SEL$38" ("T_ENNS"."ELNS_MEMB" "T_ENNS"."ELNS_ENLTDT"
              "T_ENNS"."ELNS_DSNTDT" "T_ENNS"."ELNS_ID"))
      LEADING(@"SEL$CDBEA42D" "T_ENNS_MASTERUSER"@"SEL$36" "T_ENNS_SLAVEUSER"@"SEL$36" "T_CURR_ENNS"@"SEL$37"
              "T_MAX_DISENROLLMENT_ENROLLMENT"@"SEL$38")
      USE_NL(@"SEL$CDBEA42D" "T_ENNS_SLAVEUSER"@"SEL$36")
      USE_NL(@"SEL$CDBEA42D" "T_CURR_ENNS"@"SEL$37")
      USE_NL(@"SEL$CDBEA42D" "T_MAX_DISENROLLMENT_ENROLLMENT"@"SEL$38")
      NO_ACCESS(@"SEL$6" "from$_subquery$_005"@"SEL$6")
      INDEX_RS_ASC(@"SEL$2D594895" "T"@"SEL$8" ("T_SENTTSK"."SETK_OBJ_STT"))
      INDEX_RS_ASC(@"SEL$2D594895" "OWN"@"SEL$7" ("T_USR"."USR_ID"))
      INDEX_RS_ASC(@"SEL$2D594895" "PROVIDER"@"SEL$23" ("T_USR"."USR_ID"))
      INDEX_RS_ASC(@"SEL$2D594895" "AUTH"@"SEL$21" ("T_UM_BASE"."UMBS_ID"))
      INDEX_RS_ASC(@"SEL$2D594895" "MEMBER"@"SEL$11" ("T_USR"."USR_ID"))
      INDEX_RS_ASC(@"SEL$2D594895" "PREVOWNER"@"SEL$9" ("T_USR"."USR_ID"))
      INDEX_RS_ASC(@"SEL$2D594895" "SENDER"@"SEL$27" ("T_USR"."USR_ID"))
      INDEX_RS_ASC(@"SEL$2D594895" "CASEORCM"@"SEL$19" ("T_CM_BASEBASE"."CMBB_ID"))
      INDEX_RS_ASC(@"SEL$2D594895" "TASKTYPE"@"SEL$15" ("T_DDL_ITEM"."DDLI_ID"))
      INDEX_RS_ASC(@"SEL$2D594895" "ORIGCREATOR"@"SEL$13" ("T_USR"."USR_ID"))
      INDEX_RS_ASC(@"SEL$2D594895" "MOD"@"SEL$25" ("T_USR"."USR_ID"))
      INDEX_RS_ASC(@"SEL$2D594895" "REASON"@"SEL$17" ("T_DDL_ITEM"."DDLI_ID"))
      LEADING(@"SEL$2D594895" "T"@"SEL$8" "OWN"@"SEL$7" "PROVIDER"@"SEL$23" "AUTH"@"SEL$21" "MEMBER"@"SEL$11"
              "PREVOWNER"@"SEL$9" "SENDER"@"SEL$27" "CASEORCM"@"SEL$19" "TASKTYPE"@"SEL$15" "ORIGCREATOR"@"SEL$13" "MOD"@"SEL$25"
              "REASON"@"SEL$17")
      USE_MERGE_CARTESIAN(@"SEL$2D594895" "OWN"@"SEL$7")
      USE_NL(@"SEL$2D594895" "PROVIDER"@"SEL$23")
      USE_NL(@"SEL$2D594895" "AUTH"@"SEL$21")
      USE_NL(@"SEL$2D594895" "MEMBER"@"SEL$11")
      USE_NL(@"SEL$2D594895" "PREVOWNER"@"SEL$9")
      USE_NL(@"SEL$2D594895" "SENDER"@"SEL$27")
      USE_NL(@"SEL$2D594895" "CASEORCM"@"SEL$19")
      USE_NL(@"SEL$2D594895" "TASKTYPE"@"SEL$15")
      USE_NL(@"SEL$2D594895" "ORIGCREATOR"@"SEL$13")
      USE_NL(@"SEL$2D594895" "MOD"@"SEL$25")
      USE_NL(@"SEL$2D594895" "REASON"@"SEL$17")
      INDEX_RS_ASC(@"SEL$5" "T_CM_BASEBASE"@"SEL$5" ("T_CM_BASEBASE"."CMBB_ID"))
      INDEX_RS_ASC(@"SEL$4" "T_UM_BASE"@"SEL$4" ("T_UM_BASE"."UMBS_ID"))
      END_OUTLINE_DATA
  */

Peeked Binds (identified by position):
--------------------------------------

   1 - :SYS_B_0 (NUMBER): 2
   2 - :1 (NUMBER): 10621934
   3 - :2 (NUMBER): 1
   4 - :3 (NUMBER): 3
   5 - :4 (NUMBER): 905
   6 - :5 (NUMBER): 906
   7 - :6 (NUMBER): 907
   8 - :7 (NUMBER): 908
   9 - :8 (NUMBER): 911
  10 - :9 (NUMBER): 912
  11 - :10 (NUMBER): 913
  12 - :SYS_B_1 (NUMBER): 500
  13 - :SYS_B_2 (VARCHAR2(30), CSID=178): '2020.11.26'
  14 - :SYS_B_3 (VARCHAR2(30), CSID=178): 'yyyy.MM.dd'

Note
-----
   - dynamic statistics used: dynamic sampling (level=2)
   - 5 Sql Plan Directives used for this statement

SQL_ID 0sjx29v99zfqc
--------------------
SELECT INFO_WITH_MEMBER_ID.*,     enrollment.ELNS_INSCPRSRGRP
ipgGroupId,     benefit.BENP_LWSTLVL_PRODCAT productCategoryId,
affMember.USR_FRSTNAM affiliatedMemberFirstName,
affMember.USR_LAS_NAM affiliatedMemberLastName FROM (   SELECT INFO.*,
   CASE     WHEN INFO.memberAffiliationId IS NOT NULL THEN
(INFO.memberAffiliationId)     WHEN INFO.authAffiliationId IS NOT NULL
THEN (SELECT UMBS_MEMB FROM T_UM_BASE WHERE
UMBS_ID=INFO.authAffiliationId)     WHEN
INFO.careManagementAffiliationId IS NOT NULL THEN (SELECT CMBS_MEMB
FROM T_CM_BASEBASE WHERE CMBB_ID=INFO.careManagementAffiliationId)
WHEN INFO.providerAffiliationId IS NOT NULL THEN
(INFO.providerAffiliationId)     ELSE (NULL)     END
affiliatedMemberId   FROM (   SELECT * FROM (     SELECT
T.SETK_ID AS id,         T.SETK_C4C_ID AS c4cId,         T.SETK_UNIVID
AS universalId,         taskType.TSKT_RCPTTYP AS categoryId,
T.SETK_TSK_TYP AS taskTypeId,         taskType.DDLI_LBL AS
taskTypeLabel,         T.SETK_TSK_NAM AS taskName,         T.SETK_SUBJ
AS subject,         T.SETK_CRTD AS createDate,         T.SETK_SENT AS
sentDate,         T.SETK_SRTD AS startedDate,
T.SETK_TSK_TIMG_STRTDT AS startDate,         T.SETK_TSK_TIMG_SCLDAT AS
startDateSeconds,         T.SETK_TSK_TIMG_DDLN_DT AS dueDate,
T.SETK_TSK_TIMG_DDLN_TIM_IN_DY AS dueDateSeconds,         T.SETK_OWNR
AS ownerId,         own.USR_FRSTNAM AS ownerFirstName,
own.USR_LAS_NAM AS ownerLastName,         own.CLASSTYPE AS ownerType,
      T.SETK_OBJ_STT AS status,         T.SETK_AFFN_MEMB AS
memberAffiliationId,         member.USR_C4C_ID AS memberC4cId,
member.USR_FRSTNAM AS memberFirstName,         member.USR_LAS_NAM AS
memberLastName,         T.SETK_AFFN_CM AS careManagementAffiliationId,
       caseOrCm.CMBB_C4C_ID AS caseOrCmC4cId,
T.SETK_AFFN_UM_EVNT AS authAffiliationId,         auth.UMBS_C4C_ID AS
authAffiliationC4cId,         T.SETK_AFFN_PVDR AS
providerAffiliationId,         provider.USR_C4C_ID AS providerC4cId,
     T.SETK_TSK_TIMG_SNLTDT AS startNoLaterThanDate,
T.SETK_CNCLRESN AS cancelReasonId,         T.SETK_ORIGCRTR AS
originalCreatorId,         origCreator.USR_FRSTNAM AS
originalCreatorFirstName,         origCreator.USR_LAS_NAM AS
originalCreatorLastName,         caseOrCm.CLASSTYPE AS
caseOrCmClasstype,         T.SETK_TSK_DSCN AS description,
T.SETK_CMPD AS completedDate,         T.SETK_LAS_ACT_TIM AS
lastActionDate,         mod.USR_FRSTNAM lastModifiedByFirstName,
 mod.USR_LAS_NAM lastModifiedByLastName,         T.SETK_PRVSOWNR AS
previousOwnerId,         prevOwner.USR_FRSTNAM AS
previousOwnerFirstName,         prevOwner.USR_LAS_NAM AS
previousOwnerLastName,         prevOwner.CLASSTYPE AS
previousOwnerType,         CASE             WHEN
T.SETK_TSK_TIMG_DDLN_DT IS NOT NULL THEN (T.SETK_TSK_TIMG_DDLN_DT)
       WHEN T.SETK_TSK_TIMG_STRTDT IS NOT NULL THEN
(T.SETK_TSK_TIMG_STRTDT)             WHEN T.SETK_TSK_TIMG_SNLTDT IS NOT
NULL THEN (T.SETK_TSK_TIMG_SNLTDT)             ELSE (NULL)         END
       filterDate,         sender.USR_FRSTNAM fromUserFirstName,
 sender.USR_LAS_NAM fromUserLastName,         T.SETK_RESCHEDULE_REASON
AS rescheduleReason,         reason.DDLI_LBL AS rescheduleReasonLabel,
       T.SETK_RESCHEDULE_COMMENT AS rescheduleComment       FROM
T_SENTTSK T       LEFT OUTER JOIN T_USR own ON own.USR_ID=T.SETK_OWNR
    LEFT OUTER JOIN T_USR prevOwner ON prevOwner.USR_ID=T.SETK_PRVSOWNR
      LEFT OUTER JOIN T_USR member ON member.USR_ID=T.SETK_AFFN_MEMB
   LEFT OUTER JOIN T_USR origCreator ON
origCreator.USR_ID=T.SETK_ORIGCRTR       LEFT OUTER JOIN T_DDL_ITEM
taskType ON taskType.DDLI_ID=T.SETK_TSK_TYP       LEFT OUTER JOIN
T_DDL_ITEM reason ON reason.DDLI_ID=T.SETK_RESCHEDULE_REASON       LEFT
OUTER JOIN T_CM_BASEBASE caseOrCm ON caseOrCm.CMBB_ID=T.SETK_AFFN_CM
   LEFT OUTER JOIN T_UM_BASE auth ON auth.UMBS_ID=T.SETK_AFFN_UM_EVNT
    LEFT OUTER JOIN T_USR provider

Plan hash value: 2646870572

-----------------------------------------------------------------------------------------------------------------------------------------
| Id  | Operation                                               | Name                          | Rows  | Bytes | Cost (%CPU)| Time     |
-----------------------------------------------------------------------------------------------------------------------------------------
|   0 | SELECT STATEMENT                                        |                               |       |       |  2287K(100)|          |
|   1 |  TABLE ACCESS BY INDEX ROWID                            | T_UM_BASE                     |     1 |    12 |     1   (0)| 00:00:01 |
|   2 |   INDEX UNIQUE SCAN                                     | PK_T_UM_BASE                  |     1 |       |     1   (0)| 00:00:01 |
|   3 |   TABLE ACCESS BY INDEX ROWID                           | T_CM_BASEBASE                 |     1 |    12 |     1   (0)| 00:00:01 |
|   4 |    INDEX UNIQUE SCAN                                    | PK_T_CM_BASEBASE              |     1 |       |     1   (0)| 00:00:01 |
|   5 |  NESTED LOOPS OUTER                                     |                               |   137 |  6277K|  2287K  (1)| 00:01:30 |
|   6 |   NESTED LOOPS OUTER                                    |                               |   137 |  6274K|  2287K  (1)| 00:01:30 |
|   7 |    HASH JOIN RIGHT OUTER                                |                               |   137 |  6273K|  2287K  (1)| 00:01:30 |
|   8 |     VIEW                                                | V_CURR_ENROLLMENT             |     2 |    78 |  2287K  (1)| 00:01:30 |
|   9 |      SORT UNIQUE                                        |                               |     2 |  1092 |  2287K  (1)| 00:01:30 |
|  10 |       UNION-ALL                                         |                               |       |       |            |          |
|  11 |        FILTER                                           |                               |       |       |            |          |
|  12 |         FILTER                                          |                               |       |       |            |          |
|  13 |          TABLE ACCESS STORAGE FULL                      | T_ENNS                        |   249K|    64M|   160K  (1)| 00:00:07 |
|  14 |          FAST DUAL                                      |                               |     1 |       |     2   (0)| 00:00:01 |
|  15 |         SORT GROUP BY NOSORT                            |                               |     1 |    72 |     4   (0)| 00:00:01 |
|  16 |          NESTED LOOPS OUTER                             |                               |     1 |    72 |     4   (0)| 00:00:01 |
|  17 |           NESTED LOOPS                                  |                               |     1 |    50 |     3   (0)| 00:00:01 |
|  18 |            NESTED LOOPS                                 |                               |     1 |    12 |     2   (0)| 00:00:01 |
|  19 |             INDEX UNIQUE SCAN                           | PK_T_USR                      |     1 |     6 |     1   (0)| 00:00:01 |
|  20 |             INDEX RANGE SCAN                            | IX_NVL_USR_MRGEMSTR_USR_ID    |     1 |     6 |     1   (0)| 00:00:01 |
|  21 |            TABLE ACCESS BY INDEX ROWID                  | T_ENNS                        |     1 |    38 |     1   (0)| 00:00:01 |
|  22 |             INDEX RANGE SCAN                            | IX_ELNS_MEMBENLTDTDSNTDTSTTID |     2 |       |     1   (0)| 00:00:01 |
|  23 |           TABLE ACCESS BY INDEX ROWID                   | T_ENNS                        |     1 |    22 |     1   (0)| 00:00:01 |
|  24 |            INDEX RANGE SCAN                             | IX_ELNS_MEMBENLTDTDSNTDTID    |     1 |       |     1   (0)| 00:00:01 |
|  25 |        FILTER                                           |                               |       |       |            |          |
|  26 |         FILTER                                          |                               |       |       |            |          |
|  27 |          TABLE ACCESS STORAGE FULL                      | T_ENNS                        |   249K|    64M|   160K  (1)| 00:00:07 |
|  28 |          FAST DUAL                                      |                               |     1 |       |     2   (0)| 00:00:01 |
|  29 |         SORT GROUP BY NOSORT                            |                               |     1 |    72 |     4   (0)| 00:00:01 |
|  30 |          NESTED LOOPS OUTER                             |                               |     1 |    72 |     4   (0)| 00:00:01 |
|  31 |           NESTED LOOPS                                  |                               |     1 |    50 |     3   (0)| 00:00:01 |
|  32 |            NESTED LOOPS                                 |                               |     1 |    12 |     2   (0)| 00:00:01 |
|  33 |             INDEX UNIQUE SCAN                           | PK_T_USR                      |     1 |     6 |     1   (0)| 00:00:01 |
|  34 |             INDEX RANGE SCAN                            | IX_NVL_USR_MRGEMSTR_USR_ID    |     1 |     6 |     1   (0)| 00:00:01 |
|  35 |            TABLE ACCESS BY INDEX ROWID                  | T_ENNS                        |     1 |    38 |     1   (0)| 00:00:01 |
|  36 |             INDEX RANGE SCAN                            | IX_ELNS_MEMBENLTDTDSNTDTSTTID |     2 |       |     1   (0)| 00:00:01 |
|  37 |           TABLE ACCESS BY INDEX ROWID                   | T_ENNS                        |     1 |    22 |     1   (0)| 00:00:01 |
|  38 |            INDEX RANGE SCAN                             | IX_ELNS_MEMBENLTDTDSNTDTID    |     1 |       |     1   (0)| 00:00:01 |
|  39 |     VIEW                                                |                               |   137 |  6268K|   104   (1)| 00:00:01 |
|  40 |      VIEW                                               |                               |   137 |  6266K|    16   (7)| 00:00:01 |
|  41 |       COUNT STOPKEY                                     |                               |       |       |            |          |
|  42 |        VIEW                                             |                               |   137 |  6266K|    16   (7)| 00:00:01 |
|  43 |         SORT ORDER BY STOPKEY                           |                               |   137 |   104K|    16   (7)| 00:00:01 |
|  44 |          NESTED LOOPS OUTER                             |                               |   137 |   104K|    15   (0)| 00:00:01 |
|  45 |           NESTED LOOPS OUTER                            |                               |   137 |   101K|    14   (0)| 00:00:01 |
|  46 |            NESTED LOOPS OUTER                           |                               |   137 |    98K|    13   (8)| 00:00:01 |
|  47 |             NESTED LOOPS OUTER                          |                               |   137 | 98229 |    12   (9)| 00:00:01 |
|  48 |              NESTED LOOPS OUTER                         |                               |   137 | 95215 |    10   (0)| 00:00:01 |
|  49 |               NESTED LOOPS OUTER                        |                               |   137 | 90420 |     9   (0)| 00:00:01 |
|  50 |                HASH JOIN RIGHT OUTER                    |                               |   137 | 85488 |     8   (0)| 00:00:01 |
|  51 |                 TABLE ACCESS BY INDEX ROWID             | T_USR                         |     1 |    36 |     1   (0)| 00:00:01 |
|  52 |                  INDEX UNIQUE SCAN                      | PK_T_USR                      |     1 |       |     1   (0)| 00:00:01 |
|  53 |                 NESTED LOOPS OUTER                      |                               |   137 | 80556 |     7   (0)| 00:00:01 |
|  54 |                  NESTED LOOPS OUTER                     |                               |   137 | 76720 |     6   (0)| 00:00:01 |
|  55 |                   NESTED LOOPS OUTER                    |                               |   137 | 74254 |     5   (0)| 00:00:01 |
|  56 |                    NESTED LOOPS OUTER                   |                               |   137 | 71240 |     4   (0)| 00:00:01 |
|  57 |                     INLIST ITERATOR                     |                               |       |       |            |          |
|  58 |                      TABLE ACCESS BY INDEX ROWID BATCHED| T_SENTTSK                     |   146 | 72416 |     3   (0)| 00:00:01 |
|  59 |                       INDEX RANGE SCAN                  | IX_SETK_OBJ_STT               |  1889 |       |     1   (0)| 00:00:01 |
|  60 |                     TABLE ACCESS BY INDEX ROWID         | T_DDL_ITEM                    |     1 |    24 |     1   (0)| 00:00:01 |
|  61 |                      INDEX UNIQUE SCAN                  | PK_T_DDL_ITEM                 |     1 |       |     1   (0)| 00:00:01 |
|  62 |                    TABLE ACCESS BY INDEX ROWID          | T_DDL_ITEM                    |     1 |    22 |     1   (0)| 00:00:01 |
|  63 |                     INDEX UNIQUE SCAN                   | PK_T_DDL_ITEM                 |     1 |       |     1   (0)| 00:00:01 |
|  64 |                   TABLE ACCESS BY INDEX ROWID           | T_UM_BASE                     |     1 |    18 |     1   (0)| 00:00:01 |
|  65 |                    INDEX UNIQUE SCAN                    | PK_T_UM_BASE                  |     1 |       |     1   (0)| 00:00:01 |
|  66 |                  TABLE ACCESS BY INDEX ROWID            | T_CM_BASEBASE                 |     1 |    28 |     1   (0)| 00:00:01 |
|  67 |                   INDEX UNIQUE SCAN                     | PK_T_CM_BASEBASE              |     1 |       |     1   (0)| 00:00:01 |
|  68 |                TABLE ACCESS BY INDEX ROWID              | T_USR                         |     1 |    36 |     1   (0)| 00:00:01 |
|  69 |                 INDEX UNIQUE SCAN                       | PK_T_USR                      |     1 |       |     1   (0)| 00:00:01 |
|  70 |               TABLE ACCESS BY INDEX ROWID               | T_USR                         |     1 |    35 |     1   (0)| 00:00:01 |
|  71 |                INDEX UNIQUE SCAN                        | PK_T_USR                      |     1 |       |     1   (0)| 00:00:01 |
|  72 |              TABLE ACCESS BY INDEX ROWID                | T_USR                         |     1 |    22 |     1   (0)| 00:00:01 |
|  73 |               INDEX UNIQUE SCAN                         | PK_T_USR                      |     1 |       |     1   (0)| 00:00:01 |
|  74 |             TABLE ACCESS BY INDEX ROWID                 | T_USR                         |     1 |    19 |     1   (0)| 00:00:01 |
|  75 |              INDEX UNIQUE SCAN                          | PK_T_USR                      |     1 |       |     1   (0)| 00:00:01 |
|  76 |            TABLE ACCESS BY INDEX ROWID                  | T_USR                         |     1 |    22 |     1   (0)| 00:00:01 |
|  77 |             INDEX UNIQUE SCAN                           | PK_T_USR                      |     1 |       |     1   (0)| 00:00:01 |
|  78 |           TABLE ACCESS BY INDEX ROWID                   | T_USR                         |     1 |    22 |     1   (0)| 00:00:01 |
|  79 |            INDEX UNIQUE SCAN                            | PK_T_USR                      |     1 |       |     1   (0)| 00:00:01 |
|  80 |    TABLE ACCESS BY INDEX ROWID                          | T_BENSPKG                     |     1 |    12 |     1   (0)| 00:00:01 |
|  81 |     INDEX UNIQUE SCAN                                   | PK_T_BENSPKG                  |     1 |       |     1   (0)| 00:00:01 |
|  82 |   TABLE ACCESS BY INDEX ROWID                           | T_USR                         |     1 |    22 |     1   (0)| 00:00:01 |
|  83 |    INDEX UNIQUE SCAN                                    | PK_T_USR                      |     1 |       |     1   (0)| 00:00:01 |
-----------------------------------------------------------------------------------------------------------------------------------------

Query Block Name / Object Alias (identified by operation id):
-------------------------------------------------------------

   1 - SEL$4        / T_UM_BASE@SEL$4
   2 - SEL$4        / T_UM_BASE@SEL$4
   3 - SEL$5        / T_CM_BASEBASE@SEL$5
   4 - SEL$5        / T_CM_BASEBASE@SEL$5
   5 - SEL$0C04A374
   8 - SET$1        / ENROLLMENT@SEL$30
   9 - SET$1
  11 - SEL$35
  13 - SEL$35       / T_SRC_ENNS@SEL$35
  14 - SEL$40       / DUAL@SEL$40
  15 - SEL$5F185B4C
  19 - SEL$5F185B4C / T_ENNS_MASTERUSER@SEL$31
  20 - SEL$5F185B4C / T_ENNS_SLAVEUSER@SEL$31
  21 - SEL$5F185B4C / T_CURR_ENNS@SEL$32
  22 - SEL$5F185B4C / T_CURR_ENNS@SEL$32
  23 - SEL$5F185B4C / T_MAX_DISENROLLMENT_ENROLLMENT@SEL$33
  24 - SEL$5F185B4C / T_MAX_DISENROLLMENT_ENROLLMENT@SEL$33
  25 - SEL$42
  27 - SEL$42       / T_SRC_ENNS@SEL$42
  28 - SEL$43       / DUAL@SEL$43
  29 - SEL$CDBEA42D
  33 - SEL$CDBEA42D / T_ENNS_MASTERUSER@SEL$36
  34 - SEL$CDBEA42D / T_ENNS_SLAVEUSER@SEL$36
  35 - SEL$CDBEA42D / T_CURR_ENNS@SEL$37
  36 - SEL$CDBEA42D / T_CURR_ENNS@SEL$37
  37 - SEL$CDBEA42D / T_MAX_DISENROLLMENT_ENROLLMENT@SEL$38
  38 - SEL$CDBEA42D / T_MAX_DISENROLLMENT_ENROLLMENT@SEL$38
  39 - SEL$3        / INFO_WITH_MEMBER_ID@SEL$2
  40 - SEL$6        / INFO@SEL$3
  41 - SEL$6
  42 - SEL$2D594895 / from$_subquery$_005@SEL$6
  43 - SEL$2D594895
  51 - SEL$2D594895 / OWN@SEL$7
  52 - SEL$2D594895 / OWN@SEL$7
  58 - SEL$2D594895 / T@SEL$8
  59 - SEL$2D594895 / T@SEL$8
  60 - SEL$2D594895 / TASKTYPE@SEL$15
  61 - SEL$2D594895 / TASKTYPE@SEL$15
  62 - SEL$2D594895 / REASON@SEL$17
  63 - SEL$2D594895 / REASON@SEL$17
  64 - SEL$2D594895 / AUTH@SEL$21
  65 - SEL$2D594895 / AUTH@SEL$21
  66 - SEL$2D594895 / CASEORCM@SEL$19
  67 - SEL$2D594895 / CASEORCM@SEL$19
  68 - SEL$2D594895 / PREVOWNER@SEL$9
  69 - SEL$2D594895 / PREVOWNER@SEL$9
  70 - SEL$2D594895 / MEMBER@SEL$11
  71 - SEL$2D594895 / MEMBER@SEL$11
  72 - SEL$2D594895 / ORIGCREATOR@SEL$13
  73 - SEL$2D594895 / ORIGCREATOR@SEL$13
  74 - SEL$2D594895 / PROVIDER@SEL$23
  75 - SEL$2D594895 / PROVIDER@SEL$23
  76 - SEL$2D594895 / MOD@SEL$25
  77 - SEL$2D594895 / MOD@SEL$25
  78 - SEL$2D594895 / SENDER@SEL$27
  79 - SEL$2D594895 / SENDER@SEL$27
  80 - SEL$0C04A374 / BENEFIT@SEL$46
  81 - SEL$0C04A374 / BENEFIT@SEL$46
  82 - SEL$0C04A374 / AFFMEMBER@SEL$1
  83 - SEL$0C04A374 / AFFMEMBER@SEL$1

Outline Data
-------------

  /*+
      BEGIN_OUTLINE_DATA
      IGNORE_OPTIM_EMBEDDED_HINTS
      OPTIMIZER_FEATURES_ENABLE('12.1.0.2')
      DB_VERSION('12.1.0.2')
      OPT_PARAM('optimizer_index_cost_adj' 1)
      OPT_PARAM('optimizer_index_caching' 90)
      ALL_ROWS
      OUTLINE_LEAF(@"SEL$4")
      OUTLINE_LEAF(@"SEL$5")
      OUTLINE_LEAF(@"SEL$2D594895")
      MERGE(@"SEL$2DE0C8FF")
      OUTLINE_LEAF(@"SEL$6")
      OUTLINE_LEAF(@"SEL$3")
      OUTLINE_LEAF(@"SEL$40")
      OUTLINE_LEAF(@"SEL$5F185B4C")
      MERGE(@"SEL$6B15F4E0")
      OUTLINE_LEAF(@"SEL$35")
      OUTLINE_LEAF(@"SEL$43")
      OUTLINE_LEAF(@"SEL$CDBEA42D")
      MERGE(@"SEL$57BA8109")
      OUTLINE_LEAF(@"SEL$42")
      OUTLINE_LEAF(@"SET$1")
      OUTLINE_LEAF(@"SEL$0C04A374")
      MERGE(@"SEL$BC270230")
      OUTLINE(@"SEL$29")
      OUTLINE(@"SEL$2DE0C8FF")
      MERGE(@"SEL$27")
      MERGE(@"SEL$3B95C159")
      OUTLINE(@"SEL$41")
      OUTLINE(@"SEL$6B15F4E0")
      MERGE(@"SEL$78FE80F3")
      OUTLINE(@"SEL$44")
      OUTLINE(@"SEL$57BA8109")
      MERGE(@"SEL$516D3A01")
      OUTLINE(@"SEL$48")
      OUTLINE(@"SEL$BC270230")
      MERGE(@"SEL$409758B4")
      MERGE(@"SEL$46")
      OUTLINE(@"SEL$28")
      OUTLINE(@"SEL$27")
      OUTLINE(@"SEL$3B95C159")
      MERGE(@"SEL$25")
      MERGE(@"SEL$6D003707")
      OUTLINE(@"SEL$D570F096")
      MERGE(@"SEL$33")
      OUTLINE(@"SEL$78FE80F3")
      MERGE(@"SEL$31")
      OUTLINE(@"SEL$067B9A3E")
      MERGE(@"SEL$38")
      OUTLINE(@"SEL$516D3A01")
      MERGE(@"SEL$36")
      OUTLINE(@"SEL$47")
      OUTLINE(@"SEL$409758B4")
      MERGE(@"SEL$30")
      MERGE(@"SEL$58A6D7F6")
      OUTLINE(@"SEL$46")
      OUTLINE(@"SEL$26")
      OUTLINE(@"SEL$25")
      OUTLINE(@"SEL$6D003707")
      MERGE(@"SEL$23")
      MERGE(@"SEL$23FAB6D1")
      OUTLINE(@"SEL$34")
      OUTLINE(@"SEL$33")
      OUTLINE(@"SEL$32")
      OUTLINE(@"SEL$31")
      OUTLINE(@"SEL$39")
      OUTLINE(@"SEL$38")
      OUTLINE(@"SEL$37")
      OUTLINE(@"SEL$36")
      OUTLINE(@"SEL$45")
      OUTLINE(@"SEL$30")
      OUTLINE(@"SEL$58A6D7F6")
      MERGE(@"SEL$1")
      OUTLINE(@"SEL$24")
      OUTLINE(@"SEL$23")
      OUTLINE(@"SEL$23FAB6D1")
      MERGE(@"SEL$21")
      MERGE(@"SEL$97A30ECD")
      OUTLINE(@"SEL$2")
      OUTLINE(@"SEL$1")
      OUTLINE(@"SEL$22")
      OUTLINE(@"SEL$21")
      OUTLINE(@"SEL$97A30ECD")
      MERGE(@"SEL$19")
      MERGE(@"SEL$CF22A5CA")
      OUTLINE(@"SEL$20")
      OUTLINE(@"SEL$19")
      OUTLINE(@"SEL$CF22A5CA")
      MERGE(@"SEL$17")
      MERGE(@"SEL$FF97D7FC")
      OUTLINE(@"SEL$18")
      OUTLINE(@"SEL$17")
      OUTLINE(@"SEL$FF97D7FC")
      MERGE(@"SEL$15")
      MERGE(@"SEL$DE5D921C")
      OUTLINE(@"SEL$16")
      OUTLINE(@"SEL$15")
      OUTLINE(@"SEL$DE5D921C")
      MERGE(@"SEL$01DD7F33")
      MERGE(@"SEL$13")
      OUTLINE(@"SEL$14")
      OUTLINE(@"SEL$01DD7F33")
      MERGE(@"SEL$11")
      MERGE(@"SEL$BDFBA881")
      OUTLINE(@"SEL$13")
      OUTLINE(@"SEL$12")
      OUTLINE(@"SEL$11")
      OUTLINE(@"SEL$BDFBA881")
      MERGE(@"SEL$9")
      MERGE(@"SEL$FC56C448")
      OUTLINE(@"SEL$10")
      OUTLINE(@"SEL$9")
      OUTLINE(@"SEL$FC56C448")
      MERGE(@"SEL$7")
      OUTLINE(@"SEL$8")
      OUTLINE(@"SEL$7")
      NO_ACCESS(@"SEL$0C04A374" "INFO_WITH_MEMBER_ID"@"SEL$2")
      NO_ACCESS(@"SEL$0C04A374" "ENROLLMENT"@"SEL$30")
      INDEX_RS_ASC(@"SEL$0C04A374" "BENEFIT"@"SEL$46" ("T_BENSPKG"."BENP_ID"))
      INDEX_RS_ASC(@"SEL$0C04A374" "AFFMEMBER"@"SEL$1" ("T_USR"."USR_ID"))
      LEADING(@"SEL$0C04A374" "INFO_WITH_MEMBER_ID"@"SEL$2" "ENROLLMENT"@"SEL$30" "BENEFIT"@"SEL$46" "AFFMEMBER"@"SEL$1")
      USE_HASH(@"SEL$0C04A374" "ENROLLMENT"@"SEL$30")
      USE_NL(@"SEL$0C04A374" "BENEFIT"@"SEL$46")
      USE_NL(@"SEL$0C04A374" "AFFMEMBER"@"SEL$1")
      SWAP_JOIN_INPUTS(@"SEL$0C04A374" "ENROLLMENT"@"SEL$30")
      NO_ACCESS(@"SEL$3" "INFO"@"SEL$3")
      FULL(@"SEL$42" "T_SRC_ENNS"@"SEL$42")
      PQ_FILTER(@"SEL$42" SERIAL)
      FULL(@"SEL$35" "T_SRC_ENNS"@"SEL$35")
      PQ_FILTER(@"SEL$35" SERIAL)
      INDEX(@"SEL$5F185B4C" "T_ENNS_MASTERUSER"@"SEL$31" ("T_USR"."USR_ID"))
      INDEX(@"SEL$5F185B4C" "T_ENNS_SLAVEUSER"@"SEL$31" "IX_NVL_USR_MRGEMSTR_USR_ID")
      INDEX_RS_ASC(@"SEL$5F185B4C" "T_CURR_ENNS"@"SEL$32" "IX_ELNS_MEMBENLTDTDSNTDTSTTID")
      INDEX_RS_ASC(@"SEL$5F185B4C" "T_MAX_DISENROLLMENT_ENROLLMENT"@"SEL$33" ("T_ENNS"."ELNS_MEMB" "T_ENNS"."ELNS_ENLTDT"
              "T_ENNS"."ELNS_DSNTDT" "T_ENNS"."ELNS_ID"))
      LEADING(@"SEL$5F185B4C" "T_ENNS_MASTERUSER"@"SEL$31" "T_ENNS_SLAVEUSER"@"SEL$31" "T_CURR_ENNS"@"SEL$32"
              "T_MAX_DISENROLLMENT_ENROLLMENT"@"SEL$33")
      USE_NL(@"SEL$5F185B4C" "T_ENNS_SLAVEUSER"@"SEL$31")
      USE_NL(@"SEL$5F185B4C" "T_CURR_ENNS"@"SEL$32")
      USE_NL(@"SEL$5F185B4C" "T_MAX_DISENROLLMENT_ENROLLMENT"@"SEL$33")
      INDEX(@"SEL$CDBEA42D" "T_ENNS_MASTERUSER"@"SEL$36" ("T_USR"."USR_ID"))
      INDEX(@"SEL$CDBEA42D" "T_ENNS_SLAVEUSER"@"SEL$36" "IX_NVL_USR_MRGEMSTR_USR_ID")
      INDEX_RS_ASC(@"SEL$CDBEA42D" "T_CURR_ENNS"@"SEL$37" "IX_ELNS_MEMBENLTDTDSNTDTSTTID")
      INDEX_RS_ASC(@"SEL$CDBEA42D" "T_MAX_DISENROLLMENT_ENROLLMENT"@"SEL$38" ("T_ENNS"."ELNS_MEMB" "T_ENNS"."ELNS_ENLTDT"
              "T_ENNS"."ELNS_DSNTDT" "T_ENNS"."ELNS_ID"))
      LEADING(@"SEL$CDBEA42D" "T_ENNS_MASTERUSER"@"SEL$36" "T_ENNS_SLAVEUSER"@"SEL$36" "T_CURR_ENNS"@"SEL$37"
              "T_MAX_DISENROLLMENT_ENROLLMENT"@"SEL$38")
      USE_NL(@"SEL$CDBEA42D" "T_ENNS_SLAVEUSER"@"SEL$36")
      USE_NL(@"SEL$CDBEA42D" "T_CURR_ENNS"@"SEL$37")
      USE_NL(@"SEL$CDBEA42D" "T_MAX_DISENROLLMENT_ENROLLMENT"@"SEL$38")
      NO_ACCESS(@"SEL$6" "from$_subquery$_005"@"SEL$6")
      INDEX_RS_ASC(@"SEL$2D594895" "T"@"SEL$8" ("T_SENTTSK"."SETK_OBJ_STT"))
      BATCH_TABLE_ACCESS_BY_ROWID(@"SEL$2D594895" "T"@"SEL$8")
      INDEX_RS_ASC(@"SEL$2D594895" "TASKTYPE"@"SEL$15" ("T_DDL_ITEM"."DDLI_ID"))
      INDEX_RS_ASC(@"SEL$2D594895" "REASON"@"SEL$17" ("T_DDL_ITEM"."DDLI_ID"))
      INDEX_RS_ASC(@"SEL$2D594895" "AUTH"@"SEL$21" ("T_UM_BASE"."UMBS_ID"))
      INDEX_RS_ASC(@"SEL$2D594895" "CASEORCM"@"SEL$19" ("T_CM_BASEBASE"."CMBB_ID"))
      INDEX_RS_ASC(@"SEL$2D594895" "OWN"@"SEL$7" ("T_USR"."USR_ID"))
      INDEX_RS_ASC(@"SEL$2D594895" "PREVOWNER"@"SEL$9" ("T_USR"."USR_ID"))
      INDEX_RS_ASC(@"SEL$2D594895" "MEMBER"@"SEL$11" ("T_USR"."USR_ID"))
      INDEX_RS_ASC(@"SEL$2D594895" "ORIGCREATOR"@"SEL$13" ("T_USR"."USR_ID"))
      INDEX_RS_ASC(@"SEL$2D594895" "PROVIDER"@"SEL$23" ("T_USR"."USR_ID"))
      INDEX_RS_ASC(@"SEL$2D594895" "MOD"@"SEL$25" ("T_USR"."USR_ID"))
      INDEX_RS_ASC(@"SEL$2D594895" "SENDER"@"SEL$27" ("T_USR"."USR_ID"))
      LEADING(@"SEL$2D594895" "T"@"SEL$8" "TASKTYPE"@"SEL$15" "REASON"@"SEL$17" "AUTH"@"SEL$21" "CASEORCM"@"SEL$19" "OWN"@"SEL$7"
              "PREVOWNER"@"SEL$9" "MEMBER"@"SEL$11" "ORIGCREATOR"@"SEL$13" "PROVIDER"@"SEL$23" "MOD"@"SEL$25" "SENDER"@"SEL$27")
      USE_NL(@"SEL$2D594895" "TASKTYPE"@"SEL$15")
      USE_NL(@"SEL$2D594895" "REASON"@"SEL$17")
      USE_NL(@"SEL$2D594895" "AUTH"@"SEL$21")
      USE_NL(@"SEL$2D594895" "CASEORCM"@"SEL$19")
      USE_HASH(@"SEL$2D594895" "OWN"@"SEL$7")
      USE_NL(@"SEL$2D594895" "PREVOWNER"@"SEL$9")
      USE_NL(@"SEL$2D594895" "MEMBER"@"SEL$11")
      USE_NL(@"SEL$2D594895" "ORIGCREATOR"@"SEL$13")
      USE_NL(@"SEL$2D594895" "PROVIDER"@"SEL$23")
      USE_NL(@"SEL$2D594895" "MOD"@"SEL$25")
      USE_NL(@"SEL$2D594895" "SENDER"@"SEL$27")
      SWAP_JOIN_INPUTS(@"SEL$2D594895" "OWN"@"SEL$7")
      INDEX_RS_ASC(@"SEL$5" "T_CM_BASEBASE"@"SEL$5" ("T_CM_BASEBASE"."CMBB_ID"))
      INDEX_RS_ASC(@"SEL$4" "T_UM_BASE"@"SEL$4" ("T_UM_BASE"."UMBS_ID"))
      END_OUTLINE_DATA
  */

Peeked Binds (identified by position):
--------------------------------------

   1 - :SYS_B_0 (NUMBER): 2
   2 - :1 (NUMBER): 11640563
   3 - :2 (NUMBER): 1
   4 - :3 (NUMBER): 3
   5 - :4 (NUMBER): 905
   6 - :5 (NUMBER): 906
   7 - :6 (NUMBER): 907
   8 - :7 (NUMBER): 908
   9 - :8 (NUMBER): 911
  10 - :9 (NUMBER): 912
  11 - :10 (NUMBER): 913
  12 - :SYS_B_1 (NUMBER): 500
  13 - :SYS_B_2 (VARCHAR2(30), CSID=178): '2020.11.19'
  14 - :SYS_B_3 (VARCHAR2(30), CSID=178): 'yyyy.MM.dd'

Note
-----
   - dynamic statistics used: dynamic sampling (level=2)
   - 5 Sql Plan Directives used for this statement

SQL_ID 0sjx29v99zfqc
--------------------
SELECT INFO_WITH_MEMBER_ID.*,     enrollment.ELNS_INSCPRSRGRP
ipgGroupId,     benefit.BENP_LWSTLVL_PRODCAT productCategoryId,
affMember.USR_FRSTNAM affiliatedMemberFirstName,
affMember.USR_LAS_NAM affiliatedMemberLastName FROM (   SELECT INFO.*,
   CASE     WHEN INFO.memberAffiliationId IS NOT NULL THEN
(INFO.memberAffiliationId)     WHEN INFO.authAffiliationId IS NOT NULL
THEN (SELECT UMBS_MEMB FROM T_UM_BASE WHERE
UMBS_ID=INFO.authAffiliationId)     WHEN
INFO.careManagementAffiliationId IS NOT NULL THEN (SELECT CMBS_MEMB
FROM T_CM_BASEBASE WHERE CMBB_ID=INFO.careManagementAffiliationId)
WHEN INFO.providerAffiliationId IS NOT NULL THEN
(INFO.providerAffiliationId)     ELSE (NULL)     END
affiliatedMemberId   FROM (   SELECT * FROM (     SELECT
T.SETK_ID AS id,         T.SETK_C4C_ID AS c4cId,         T.SETK_UNIVID
AS universalId,         taskType.TSKT_RCPTTYP AS categoryId,
T.SETK_TSK_TYP AS taskTypeId,         taskType.DDLI_LBL AS
taskTypeLabel,         T.SETK_TSK_NAM AS taskName,         T.SETK_SUBJ
AS subject,         T.SETK_CRTD AS createDate,         T.SETK_SENT AS
sentDate,         T.SETK_SRTD AS startedDate,
T.SETK_TSK_TIMG_STRTDT AS startDate,         T.SETK_TSK_TIMG_SCLDAT AS
startDateSeconds,         T.SETK_TSK_TIMG_DDLN_DT AS dueDate,
T.SETK_TSK_TIMG_DDLN_TIM_IN_DY AS dueDateSeconds,         T.SETK_OWNR
AS ownerId,         own.USR_FRSTNAM AS ownerFirstName,
own.USR_LAS_NAM AS ownerLastName,         own.CLASSTYPE AS ownerType,
      T.SETK_OBJ_STT AS status,         T.SETK_AFFN_MEMB AS
memberAffiliationId,         member.USR_C4C_ID AS memberC4cId,
member.USR_FRSTNAM AS memberFirstName,         member.USR_LAS_NAM AS
memberLastName,         T.SETK_AFFN_CM AS careManagementAffiliationId,
       caseOrCm.CMBB_C4C_ID AS caseOrCmC4cId,
T.SETK_AFFN_UM_EVNT AS authAffiliationId,         auth.UMBS_C4C_ID AS
authAffiliationC4cId,         T.SETK_AFFN_PVDR AS
providerAffiliationId,         provider.USR_C4C_ID AS providerC4cId,
     T.SETK_TSK_TIMG_SNLTDT AS startNoLaterThanDate,
T.SETK_CNCLRESN AS cancelReasonId,         T.SETK_ORIGCRTR AS
originalCreatorId,         origCreator.USR_FRSTNAM AS
originalCreatorFirstName,         origCreator.USR_LAS_NAM AS
originalCreatorLastName,         caseOrCm.CLASSTYPE AS
caseOrCmClasstype,         T.SETK_TSK_DSCN AS description,
T.SETK_CMPD AS completedDate,         T.SETK_LAS_ACT_TIM AS
lastActionDate,         mod.USR_FRSTNAM lastModifiedByFirstName,
 mod.USR_LAS_NAM lastModifiedByLastName,         T.SETK_PRVSOWNR AS
previousOwnerId,         prevOwner.USR_FRSTNAM AS
previousOwnerFirstName,         prevOwner.USR_LAS_NAM AS
previousOwnerLastName,         prevOwner.CLASSTYPE AS
previousOwnerType,         CASE             WHEN
T.SETK_TSK_TIMG_DDLN_DT IS NOT NULL THEN (T.SETK_TSK_TIMG_DDLN_DT)
       WHEN T.SETK_TSK_TIMG_STRTDT IS NOT NULL THEN
(T.SETK_TSK_TIMG_STRTDT)             WHEN T.SETK_TSK_TIMG_SNLTDT IS NOT
NULL THEN (T.SETK_TSK_TIMG_SNLTDT)             ELSE (NULL)         END
       filterDate,         sender.USR_FRSTNAM fromUserFirstName,
 sender.USR_LAS_NAM fromUserLastName,         T.SETK_RESCHEDULE_REASON
AS rescheduleReason,         reason.DDLI_LBL AS rescheduleReasonLabel,
       T.SETK_RESCHEDULE_COMMENT AS rescheduleComment       FROM
T_SENTTSK T       LEFT OUTER JOIN T_USR own ON own.USR_ID=T.SETK_OWNR
    LEFT OUTER JOIN T_USR prevOwner ON prevOwner.USR_ID=T.SETK_PRVSOWNR
      LEFT OUTER JOIN T_USR member ON member.USR_ID=T.SETK_AFFN_MEMB
   LEFT OUTER JOIN T_USR origCreator ON
origCreator.USR_ID=T.SETK_ORIGCRTR       LEFT OUTER JOIN T_DDL_ITEM
taskType ON taskType.DDLI_ID=T.SETK_TSK_TYP       LEFT OUTER JOIN
T_DDL_ITEM reason ON reason.DDLI_ID=T.SETK_RESCHEDULE_REASON       LEFT
OUTER JOIN T_CM_BASEBASE caseOrCm ON caseOrCm.CMBB_ID=T.SETK_AFFN_CM
   LEFT OUTER JOIN T_UM_BASE auth ON auth.UMBS_ID=T.SETK_AFFN_UM_EVNT
    LEFT OUTER JOIN T_USR provider

Plan hash value: 2788351063

---------------------------------------------------------------------------------------------------------------------------------
| Id  | Operation                                       | Name                          | Rows  | Bytes | Cost (%CPU)| Time     |
---------------------------------------------------------------------------------------------------------------------------------
|   0 | SELECT STATEMENT                                |                               |       |       |  2259K(100)|          |
|   1 |  TABLE ACCESS BY INDEX ROWID                    | T_UM_BASE                     |     1 |    12 |     1   (0)| 00:00:01 |
|   2 |   INDEX UNIQUE SCAN                             | PK_T_UM_BASE                  |     1 |       |     1   (0)| 00:00:01 |
|   3 |   TABLE ACCESS BY INDEX ROWID                   | T_CM_BASEBASE                 |     1 |    12 |     1   (0)| 00:00:01 |
|   4 |    INDEX UNIQUE SCAN                            | PK_T_CM_BASEBASE              |     1 |       |     1   (0)| 00:00:01 |
|   5 |  NESTED LOOPS OUTER                             |                               |    55 |  2520K|  2259K  (1)| 00:01:29 |
|   6 |   HASH JOIN RIGHT OUTER                         |                               |    46 |  2107K|  2259K  (1)| 00:01:29 |
|   7 |    VIEW                                         | V_CURR_ENROLLMENT             |     2 |    78 |  2259K  (1)| 00:01:29 |
|   8 |     SORT UNIQUE                                 |                               |     2 |  1092 |  2259K  (1)| 00:01:29 |
|   9 |      UNION-ALL                                  |                               |       |       |            |          |
|  10 |       FILTER                                    |                               |       |       |            |          |
|  11 |        FILTER                                   |                               |       |       |            |          |
|  12 |         TABLE ACCESS STORAGE FULL               | T_ENNS                        |   245K|    64M|   160K  (1)| 00:00:07 |
|  13 |         FAST DUAL                               |                               |     1 |       |     2   (0)| 00:00:01 |
|  14 |        SORT GROUP BY NOSORT                     |                               |     1 |    72 |     4   (0)| 00:00:01 |
|  15 |         NESTED LOOPS OUTER                      |                               |     1 |    72 |     4   (0)| 00:00:01 |
|  16 |          NESTED LOOPS                           |                               |     1 |    50 |     3   (0)| 00:00:01 |
|  17 |           NESTED LOOPS                          |                               |     1 |    12 |     2   (0)| 00:00:01 |
|  18 |            INDEX UNIQUE SCAN                    | PK_T_USR                      |     1 |     6 |     1   (0)| 00:00:01 |
|  19 |            INDEX RANGE SCAN                     | IX_NVL_USR_MRGEMSTR_USR_ID    |     1 |     6 |     1   (0)| 00:00:01 |
|  20 |           TABLE ACCESS BY INDEX ROWID           | T_ENNS                        |     1 |    38 |     1   (0)| 00:00:01 |
|  21 |            INDEX RANGE SCAN                     | IX_ELNS_MEMBENLTDTDSNTDTSTTID |     2 |       |     1   (0)| 00:00:01 |
|  22 |          TABLE ACCESS BY INDEX ROWID            | T_ENNS                        |     1 |    22 |     1   (0)| 00:00:01 |
|  23 |           INDEX RANGE SCAN                      | IX_ELNS_MEMBENLTDTDSNTDTID    |     1 |       |     1   (0)| 00:00:01 |
|  24 |       FILTER                                    |                               |       |       |            |          |
|  25 |        FILTER                                   |                               |       |       |            |          |
|  26 |         TABLE ACCESS STORAGE FULL               | T_ENNS                        |   245K|    64M|   160K  (1)| 00:00:07 |
|  27 |         FAST DUAL                               |                               |     1 |       |     2   (0)| 00:00:01 |
|  28 |        SORT GROUP BY NOSORT                     |                               |     1 |    72 |     4   (0)| 00:00:01 |
|  29 |         NESTED LOOPS OUTER                      |                               |     1 |    72 |     4   (0)| 00:00:01 |
|  30 |          NESTED LOOPS                           |                               |     1 |    50 |     3   (0)| 00:00:01 |
|  31 |           NESTED LOOPS                          |                               |     1 |    12 |     2   (0)| 00:00:01 |
|  32 |            INDEX UNIQUE SCAN                    | PK_T_USR                      |     1 |     6 |     1   (0)| 00:00:01 |
|  33 |            INDEX RANGE SCAN                     | IX_NVL_USR_MRGEMSTR_USR_ID    |     1 |     6 |     1   (0)| 00:00:01 |
|  34 |           TABLE ACCESS BY INDEX ROWID           | T_ENNS                        |     1 |    38 |     1   (0)| 00:00:01 |
|  35 |            INDEX RANGE SCAN                     | IX_ELNS_MEMBENLTDTDSNTDTSTTID |     2 |       |     1   (0)| 00:00:01 |
|  36 |          TABLE ACCESS BY INDEX ROWID            | T_ENNS                        |     1 |    22 |     1   (0)| 00:00:01 |
|  37 |           INDEX RANGE SCAN                      | IX_ELNS_MEMBENLTDTDSNTDTID    |     1 |       |     1   (0)| 00:00:01 |
|  38 |    NESTED LOOPS OUTER                           |                               |    46 |  2105K|    58   (2)| 00:00:01 |
|  39 |     VIEW                                        |                               |    46 |  2104K|    57   (2)| 00:00:01 |
|  40 |      VIEW                                       |                               |    46 |  2104K|    14   (8)| 00:00:01 |
|  41 |       COUNT STOPKEY                             |                               |       |       |            |          |
|  42 |        VIEW                                     |                               |    46 |  2104K|    14   (8)| 00:00:01 |
|  43 |         SORT ORDER BY STOPKEY                   |                               |    46 | 35880 |    14   (8)| 00:00:01 |
|  44 |          NESTED LOOPS OUTER                     |                               |    46 | 35880 |    13   (0)| 00:00:01 |
|  45 |           NESTED LOOPS OUTER                    |                               |    46 | 34868 |    12   (0)| 00:00:01 |
|  46 |            NESTED LOOPS OUTER                   |                               |    46 | 33856 |    11   (0)| 00:00:01 |
|  47 |             NESTED LOOPS OUTER                  |                               |    46 | 32844 |    10   (0)| 00:00:01 |
|  48 |              NESTED LOOPS OUTER                 |                               |    46 | 31188 |     9   (0)| 00:00:01 |
|  49 |               NESTED LOOPS OUTER                |                               |    46 | 29578 |     8   (0)| 00:00:01 |
|  50 |                MERGE JOIN OUTER                 |                               |    46 | 28704 |     7   (0)| 00:00:01 |
|  51 |                 NESTED LOOPS OUTER              |                               |    46 | 27048 |     6   (0)| 00:00:01 |
|  52 |                  NESTED LOOPS OUTER             |                               |    46 | 25760 |     5   (0)| 00:00:01 |
|  53 |                   NESTED LOOPS OUTER            |                               |    46 | 24932 |     4   (0)| 00:00:01 |
|  54 |                    NESTED LOOPS OUTER           |                               |    46 | 23828 |     3   (0)| 00:00:01 |
|  55 |                     INLIST ITERATOR             |                               |       |       |            |          |
|  56 |                      TABLE ACCESS BY INDEX ROWID| T_SENTTSK                     |    73 | 36208 |     2   (0)| 00:00:01 |
|  57 |                       INDEX RANGE SCAN          | IX_SETK_OBJ_STT               |  1719 |       |     1   (0)| 00:00:01 |
|  58 |                     TABLE ACCESS BY INDEX ROWID | T_DDL_ITEM                    |     1 |    22 |     1   (0)| 00:00:01 |
|  59 |                      INDEX UNIQUE SCAN          | PK_T_DDL_ITEM                 |     1 |       |     1   (0)| 00:00:01 |
|  60 |                    TABLE ACCESS BY INDEX ROWID  | T_DDL_ITEM                    |     1 |    24 |     1   (0)| 00:00:01 |
|  61 |                     INDEX UNIQUE SCAN           | PK_T_DDL_ITEM                 |     1 |       |     1   (0)| 00:00:01 |
|  62 |                   TABLE ACCESS BY INDEX ROWID   | T_UM_BASE                     |     1 |    18 |     1   (0)| 00:00:01 |
|  63 |                    INDEX UNIQUE SCAN            | PK_T_UM_BASE                  |     1 |       |     1   (0)| 00:00:01 |
|  64 |                  TABLE ACCESS BY INDEX ROWID    | T_CM_BASEBASE                 |     1 |    28 |     1   (0)| 00:00:01 |
|  65 |                   INDEX UNIQUE SCAN             | PK_T_CM_BASEBASE              |     1 |       |     1   (0)| 00:00:01 |
|  66 |                 BUFFER SORT                     |                               |     1 |    36 |     6   (0)| 00:00:01 |
|  67 |                  TABLE ACCESS BY INDEX ROWID    | T_USR                         |     1 |    36 |     1   (0)| 00:00:01 |
|  68 |                   INDEX UNIQUE SCAN             | PK_T_USR                      |     1 |       |     1   (0)| 00:00:01 |
|  69 |                TABLE ACCESS BY INDEX ROWID      | T_USR                         |     1 |    19 |     1   (0)| 00:00:01 |
|  70 |                 INDEX UNIQUE SCAN               | PK_T_USR                      |     1 |       |     1   (0)| 00:00:01 |
|  71 |               TABLE ACCESS BY INDEX ROWID       | T_USR                         |     1 |    35 |     1   (0)| 00:00:01 |
|  72 |                INDEX UNIQUE SCAN                | PK_T_USR                      |     1 |       |     1   (0)| 00:00:01 |
|  73 |              TABLE ACCESS BY INDEX ROWID        | T_USR                         |     1 |    36 |     1   (0)| 00:00:01 |
|  74 |               INDEX UNIQUE SCAN                 | PK_T_USR                      |     1 |       |     1   (0)| 00:00:01 |
|  75 |             TABLE ACCESS BY INDEX ROWID         | T_USR                         |     1 |    22 |     1   (0)| 00:00:01 |
|  76 |              INDEX UNIQUE SCAN                  | PK_T_USR                      |     1 |       |     1   (0)| 00:00:01 |
|  77 |            TABLE ACCESS BY INDEX ROWID          | T_USR                         |     1 |    22 |     1   (0)| 00:00:01 |
|  78 |             INDEX UNIQUE SCAN                   | PK_T_USR                      |     1 |       |     1   (0)| 00:00:01 |
|  79 |           TABLE ACCESS BY INDEX ROWID           | T_USR                         |     1 |    22 |     1   (0)| 00:00:01 |
|  80 |            INDEX UNIQUE SCAN                    | PK_T_USR                      |     1 |       |     1   (0)| 00:00:01 |
|  81 |     TABLE ACCESS BY INDEX ROWID                 | T_USR                         |     1 |    22 |     1   (0)| 00:00:01 |
|  82 |      INDEX UNIQUE SCAN                          | PK_T_USR                      |     1 |       |     1   (0)| 00:00:01 |
|  83 |   TABLE ACCESS BY INDEX ROWID                   | T_BENSPKG                     |     1 |    12 |     1   (0)| 00:00:01 |
|  84 |    INDEX UNIQUE SCAN                            | PK_T_BENSPKG                  |     1 |       |     1   (0)| 00:00:01 |
---------------------------------------------------------------------------------------------------------------------------------

Query Block Name / Object Alias (identified by operation id):
-------------------------------------------------------------

   1 - SEL$4        / T_UM_BASE@SEL$4
   2 - SEL$4        / T_UM_BASE@SEL$4
   3 - SEL$5        / T_CM_BASEBASE@SEL$5
   4 - SEL$5        / T_CM_BASEBASE@SEL$5
   5 - SEL$0C04A374
   7 - SET$1        / ENROLLMENT@SEL$30
   8 - SET$1
  10 - SEL$35
  12 - SEL$35       / T_SRC_ENNS@SEL$35
  13 - SEL$40       / DUAL@SEL$40
  14 - SEL$5F185B4C
  18 - SEL$5F185B4C / T_ENNS_MASTERUSER@SEL$31
  19 - SEL$5F185B4C / T_ENNS_SLAVEUSER@SEL$31
  20 - SEL$5F185B4C / T_CURR_ENNS@SEL$32
  21 - SEL$5F185B4C / T_CURR_ENNS@SEL$32
  22 - SEL$5F185B4C / T_MAX_DISENROLLMENT_ENROLLMENT@SEL$33
  23 - SEL$5F185B4C / T_MAX_DISENROLLMENT_ENROLLMENT@SEL$33
  24 - SEL$42
  26 - SEL$42       / T_SRC_ENNS@SEL$42
  27 - SEL$43       / DUAL@SEL$43
  28 - SEL$CDBEA42D
  32 - SEL$CDBEA42D / T_ENNS_MASTERUSER@SEL$36
  33 - SEL$CDBEA42D / T_ENNS_SLAVEUSER@SEL$36
  34 - SEL$CDBEA42D / T_CURR_ENNS@SEL$37
  35 - SEL$CDBEA42D / T_CURR_ENNS@SEL$37
  36 - SEL$CDBEA42D / T_MAX_DISENROLLMENT_ENROLLMENT@SEL$38
  37 - SEL$CDBEA42D / T_MAX_DISENROLLMENT_ENROLLMENT@SEL$38
  39 - SEL$3        / INFO_WITH_MEMBER_ID@SEL$2
  40 - SEL$6        / INFO@SEL$3
  41 - SEL$6
  42 - SEL$2D594895 / from$_subquery$_005@SEL$6
  43 - SEL$2D594895
  56 - SEL$2D594895 / T@SEL$8
  57 - SEL$2D594895 / T@SEL$8
  58 - SEL$2D594895 / REASON@SEL$17
  59 - SEL$2D594895 / REASON@SEL$17
  60 - SEL$2D594895 / TASKTYPE@SEL$15
  61 - SEL$2D594895 / TASKTYPE@SEL$15
  62 - SEL$2D594895 / AUTH@SEL$21
  63 - SEL$2D594895 / AUTH@SEL$21
  64 - SEL$2D594895 / CASEORCM@SEL$19
  65 - SEL$2D594895 / CASEORCM@SEL$19
  67 - SEL$2D594895 / OWN@SEL$7
  68 - SEL$2D594895 / OWN@SEL$7
  69 - SEL$2D594895 / PROVIDER@SEL$23
  70 - SEL$2D594895 / PROVIDER@SEL$23
  71 - SEL$2D594895 / MEMBER@SEL$11
  72 - SEL$2D594895 / MEMBER@SEL$11
  73 - SEL$2D594895 / PREVOWNER@SEL$9
  74 - SEL$2D594895 / PREVOWNER@SEL$9
  75 - SEL$2D594895 / SENDER@SEL$27
  76 - SEL$2D594895 / SENDER@SEL$27
  77 - SEL$2D594895 / ORIGCREATOR@SEL$13
  78 - SEL$2D594895 / ORIGCREATOR@SEL$13
  79 - SEL$2D594895 / MOD@SEL$25
  80 - SEL$2D594895 / MOD@SEL$25
  81 - SEL$0C04A374 / AFFMEMBER@SEL$1
  82 - SEL$0C04A374 / AFFMEMBER@SEL$1
  83 - SEL$0C04A374 / BENEFIT@SEL$46
  84 - SEL$0C04A374 / BENEFIT@SEL$46

Outline Data
-------------

  /*+
      BEGIN_OUTLINE_DATA
      IGNORE_OPTIM_EMBEDDED_HINTS
      OPTIMIZER_FEATURES_ENABLE('12.1.0.2')
      DB_VERSION('12.1.0.2')
      OPT_PARAM('optimizer_index_cost_adj' 1)
      OPT_PARAM('optimizer_index_caching' 90)
      ALL_ROWS
      OUTLINE_LEAF(@"SEL$4")
      OUTLINE_LEAF(@"SEL$5")
      OUTLINE_LEAF(@"SEL$2D594895")
      MERGE(@"SEL$2DE0C8FF")
      OUTLINE_LEAF(@"SEL$6")
      OUTLINE_LEAF(@"SEL$3")
      OUTLINE_LEAF(@"SEL$40")
      OUTLINE_LEAF(@"SEL$5F185B4C")
      MERGE(@"SEL$6B15F4E0")
      OUTLINE_LEAF(@"SEL$35")
      OUTLINE_LEAF(@"SEL$43")
      OUTLINE_LEAF(@"SEL$CDBEA42D")
      MERGE(@"SEL$57BA8109")
      OUTLINE_LEAF(@"SEL$42")
      OUTLINE_LEAF(@"SET$1")
      OUTLINE_LEAF(@"SEL$0C04A374")
      MERGE(@"SEL$BC270230")
      OUTLINE(@"SEL$29")
      OUTLINE(@"SEL$2DE0C8FF")
      MERGE(@"SEL$27")
      MERGE(@"SEL$3B95C159")
      OUTLINE(@"SEL$41")
      OUTLINE(@"SEL$6B15F4E0")
      MERGE(@"SEL$78FE80F3")
      OUTLINE(@"SEL$44")
      OUTLINE(@"SEL$57BA8109")
      MERGE(@"SEL$516D3A01")
      OUTLINE(@"SEL$48")
      OUTLINE(@"SEL$BC270230")
      MERGE(@"SEL$409758B4")
      MERGE(@"SEL$46")
      OUTLINE(@"SEL$28")
      OUTLINE(@"SEL$27")
      OUTLINE(@"SEL$3B95C159")
      MERGE(@"SEL$25")
      MERGE(@"SEL$6D003707")
      OUTLINE(@"SEL$D570F096")
      MERGE(@"SEL$33")
      OUTLINE(@"SEL$78FE80F3")
      MERGE(@"SEL$31")
      OUTLINE(@"SEL$067B9A3E")
      MERGE(@"SEL$38")
      OUTLINE(@"SEL$516D3A01")
      MERGE(@"SEL$36")
      OUTLINE(@"SEL$47")
      OUTLINE(@"SEL$409758B4")
      MERGE(@"SEL$30")
      MERGE(@"SEL$58A6D7F6")
      OUTLINE(@"SEL$46")
      OUTLINE(@"SEL$26")
      OUTLINE(@"SEL$25")
      OUTLINE(@"SEL$6D003707")
      MERGE(@"SEL$23")
      MERGE(@"SEL$23FAB6D1")
      OUTLINE(@"SEL$34")
      OUTLINE(@"SEL$33")
      OUTLINE(@"SEL$32")
      OUTLINE(@"SEL$31")
      OUTLINE(@"SEL$39")
      OUTLINE(@"SEL$38")
      OUTLINE(@"SEL$37")
      OUTLINE(@"SEL$36")
      OUTLINE(@"SEL$45")
      OUTLINE(@"SEL$30")
      OUTLINE(@"SEL$58A6D7F6")
      MERGE(@"SEL$1")
      OUTLINE(@"SEL$24")
      OUTLINE(@"SEL$23")
      OUTLINE(@"SEL$23FAB6D1")
      MERGE(@"SEL$21")
      MERGE(@"SEL$97A30ECD")
      OUTLINE(@"SEL$2")
      OUTLINE(@"SEL$1")
      OUTLINE(@"SEL$22")
      OUTLINE(@"SEL$21")
      OUTLINE(@"SEL$97A30ECD")
      MERGE(@"SEL$19")
      MERGE(@"SEL$CF22A5CA")
      OUTLINE(@"SEL$20")
      OUTLINE(@"SEL$19")
      OUTLINE(@"SEL$CF22A5CA")
      MERGE(@"SEL$17")
      MERGE(@"SEL$FF97D7FC")
      OUTLINE(@"SEL$18")
      OUTLINE(@"SEL$17")
      OUTLINE(@"SEL$FF97D7FC")
      MERGE(@"SEL$15")
      MERGE(@"SEL$DE5D921C")
      OUTLINE(@"SEL$16")
      OUTLINE(@"SEL$15")
      OUTLINE(@"SEL$DE5D921C")
      MERGE(@"SEL$01DD7F33")
      MERGE(@"SEL$13")
      OUTLINE(@"SEL$14")
      OUTLINE(@"SEL$01DD7F33")
      MERGE(@"SEL$11")
      MERGE(@"SEL$BDFBA881")
      OUTLINE(@"SEL$13")
      OUTLINE(@"SEL$12")
      OUTLINE(@"SEL$11")
      OUTLINE(@"SEL$BDFBA881")
      MERGE(@"SEL$9")
      MERGE(@"SEL$FC56C448")
      OUTLINE(@"SEL$10")
      OUTLINE(@"SEL$9")
      OUTLINE(@"SEL$FC56C448")
      MERGE(@"SEL$7")
      OUTLINE(@"SEL$8")
      OUTLINE(@"SEL$7")
      NO_ACCESS(@"SEL$0C04A374" "INFO_WITH_MEMBER_ID"@"SEL$2")
      INDEX_RS_ASC(@"SEL$0C04A374" "AFFMEMBER"@"SEL$1" ("T_USR"."USR_ID"))
      NO_ACCESS(@"SEL$0C04A374" "ENROLLMENT"@"SEL$30")
      INDEX_RS_ASC(@"SEL$0C04A374" "BENEFIT"@"SEL$46" ("T_BENSPKG"."BENP_ID"))
      LEADING(@"SEL$0C04A374" "INFO_WITH_MEMBER_ID"@"SEL$2" "AFFMEMBER"@"SEL$1" "ENROLLMENT"@"SEL$30" "BENEFIT"@"SEL$46")
      USE_NL(@"SEL$0C04A374" "AFFMEMBER"@"SEL$1")
      USE_HASH(@"SEL$0C04A374" "ENROLLMENT"@"SEL$30")
      USE_NL(@"SEL$0C04A374" "BENEFIT"@"SEL$46")
      SWAP_JOIN_INPUTS(@"SEL$0C04A374" "ENROLLMENT"@"SEL$30")
      NO_ACCESS(@"SEL$3" "INFO"@"SEL$3")
      FULL(@"SEL$42" "T_SRC_ENNS"@"SEL$42")
      PQ_FILTER(@"SEL$42" SERIAL)
      FULL(@"SEL$35" "T_SRC_ENNS"@"SEL$35")
      PQ_FILTER(@"SEL$35" SERIAL)
      INDEX(@"SEL$5F185B4C" "T_ENNS_MASTERUSER"@"SEL$31" ("T_USR"."USR_ID"))
      INDEX(@"SEL$5F185B4C" "T_ENNS_SLAVEUSER"@"SEL$31" "IX_NVL_USR_MRGEMSTR_USR_ID")
      INDEX_RS_ASC(@"SEL$5F185B4C" "T_CURR_ENNS"@"SEL$32" "IX_ELNS_MEMBENLTDTDSNTDTSTTID")
      INDEX_RS_ASC(@"SEL$5F185B4C" "T_MAX_DISENROLLMENT_ENROLLMENT"@"SEL$33" ("T_ENNS"."ELNS_MEMB" "T_ENNS"."ELNS_ENLTDT"
              "T_ENNS"."ELNS_DSNTDT" "T_ENNS"."ELNS_ID"))
      LEADING(@"SEL$5F185B4C" "T_ENNS_MASTERUSER"@"SEL$31" "T_ENNS_SLAVEUSER"@"SEL$31" "T_CURR_ENNS"@"SEL$32"
              "T_MAX_DISENROLLMENT_ENROLLMENT"@"SEL$33")
      USE_NL(@"SEL$5F185B4C" "T_ENNS_SLAVEUSER"@"SEL$31")
      USE_NL(@"SEL$5F185B4C" "T_CURR_ENNS"@"SEL$32")
      USE_NL(@"SEL$5F185B4C" "T_MAX_DISENROLLMENT_ENROLLMENT"@"SEL$33")
      INDEX(@"SEL$CDBEA42D" "T_ENNS_MASTERUSER"@"SEL$36" ("T_USR"."USR_ID"))
      INDEX(@"SEL$CDBEA42D" "T_ENNS_SLAVEUSER"@"SEL$36" "IX_NVL_USR_MRGEMSTR_USR_ID")
      INDEX_RS_ASC(@"SEL$CDBEA42D" "T_CURR_ENNS"@"SEL$37" "IX_ELNS_MEMBENLTDTDSNTDTSTTID")
      INDEX_RS_ASC(@"SEL$CDBEA42D" "T_MAX_DISENROLLMENT_ENROLLMENT"@"SEL$38" ("T_ENNS"."ELNS_MEMB" "T_ENNS"."ELNS_ENLTDT"
              "T_ENNS"."ELNS_DSNTDT" "T_ENNS"."ELNS_ID"))
      LEADING(@"SEL$CDBEA42D" "T_ENNS_MASTERUSER"@"SEL$36" "T_ENNS_SLAVEUSER"@"SEL$36" "T_CURR_ENNS"@"SEL$37"
              "T_MAX_DISENROLLMENT_ENROLLMENT"@"SEL$38")
      USE_NL(@"SEL$CDBEA42D" "T_ENNS_SLAVEUSER"@"SEL$36")
      USE_NL(@"SEL$CDBEA42D" "T_CURR_ENNS"@"SEL$37")
      USE_NL(@"SEL$CDBEA42D" "T_MAX_DISENROLLMENT_ENROLLMENT"@"SEL$38")
      NO_ACCESS(@"SEL$6" "from$_subquery$_005"@"SEL$6")
      INDEX_RS_ASC(@"SEL$2D594895" "T"@"SEL$8" ("T_SENTTSK"."SETK_OBJ_STT"))
      INDEX_RS_ASC(@"SEL$2D594895" "REASON"@"SEL$17" ("T_DDL_ITEM"."DDLI_ID"))
      INDEX_RS_ASC(@"SEL$2D594895" "TASKTYPE"@"SEL$15" ("T_DDL_ITEM"."DDLI_ID"))
      INDEX_RS_ASC(@"SEL$2D594895" "AUTH"@"SEL$21" ("T_UM_BASE"."UMBS_ID"))
      INDEX_RS_ASC(@"SEL$2D594895" "CASEORCM"@"SEL$19" ("T_CM_BASEBASE"."CMBB_ID"))
      INDEX_RS_ASC(@"SEL$2D594895" "OWN"@"SEL$7" ("T_USR"."USR_ID"))
      INDEX_RS_ASC(@"SEL$2D594895" "PROVIDER"@"SEL$23" ("T_USR"."USR_ID"))
      INDEX_RS_ASC(@"SEL$2D594895" "MEMBER"@"SEL$11" ("T_USR"."USR_ID"))
      INDEX_RS_ASC(@"SEL$2D594895" "PREVOWNER"@"SEL$9" ("T_USR"."USR_ID"))
      INDEX_RS_ASC(@"SEL$2D594895" "SENDER"@"SEL$27" ("T_USR"."USR_ID"))
      INDEX_RS_ASC(@"SEL$2D594895" "ORIGCREATOR"@"SEL$13" ("T_USR"."USR_ID"))
      INDEX_RS_ASC(@"SEL$2D594895" "MOD"@"SEL$25" ("T_USR"."USR_ID"))
      LEADING(@"SEL$2D594895" "T"@"SEL$8" "REASON"@"SEL$17" "TASKTYPE"@"SEL$15" "AUTH"@"SEL$21" "CASEORCM"@"SEL$19"
              "OWN"@"SEL$7" "PROVIDER"@"SEL$23" "MEMBER"@"SEL$11" "PREVOWNER"@"SEL$9" "SENDER"@"SEL$27" "ORIGCREATOR"@"SEL$13"
              "MOD"@"SEL$25")
      USE_NL(@"SEL$2D594895" "REASON"@"SEL$17")
      USE_NL(@"SEL$2D594895" "TASKTYPE"@"SEL$15")
      USE_NL(@"SEL$2D594895" "AUTH"@"SEL$21")
      USE_NL(@"SEL$2D594895" "CASEORCM"@"SEL$19")
      USE_MERGE_CARTESIAN(@"SEL$2D594895" "OWN"@"SEL$7")
      USE_NL(@"SEL$2D594895" "PROVIDER"@"SEL$23")
      USE_NL(@"SEL$2D594895" "MEMBER"@"SEL$11")
      USE_NL(@"SEL$2D594895" "PREVOWNER"@"SEL$9")
      USE_NL(@"SEL$2D594895" "SENDER"@"SEL$27")
      USE_NL(@"SEL$2D594895" "ORIGCREATOR"@"SEL$13")
      USE_NL(@"SEL$2D594895" "MOD"@"SEL$25")
      INDEX_RS_ASC(@"SEL$5" "T_CM_BASEBASE"@"SEL$5" ("T_CM_BASEBASE"."CMBB_ID"))
      INDEX_RS_ASC(@"SEL$4" "T_UM_BASE"@"SEL$4" ("T_UM_BASE"."UMBS_ID"))
      END_OUTLINE_DATA
  */

Peeked Binds (identified by position):
--------------------------------------

   1 - :SYS_B_0 (NUMBER): 2
   2 - :1 (NUMBER): 11657619
   3 - :2 (NUMBER): 1
   4 - :3 (NUMBER): 3
   5 - :4 (NUMBER): 905
   6 - :5 (NUMBER): 906
   7 - :6 (NUMBER): 907
   8 - :7 (NUMBER): 908
   9 - :8 (NUMBER): 911
  10 - :9 (NUMBER): 912
  11 - :10 (NUMBER): 913
  12 - :SYS_B_1 (NUMBER): 500
  13 - :SYS_B_2 (VARCHAR2(30), CSID=178): '2020.10.22'
  14 - :SYS_B_3 (VARCHAR2(30), CSID=178): 'yyyy.MM.dd'

Note
-----
   - dynamic statistics used: dynamic sampling (level=2)
   - statistics feedback used for this statement
   - 5 Sql Plan Directives used for this statement

SQL_ID 0sjx29v99zfqc
--------------------
SELECT INFO_WITH_MEMBER_ID.*,     enrollment.ELNS_INSCPRSRGRP
ipgGroupId,     benefit.BENP_LWSTLVL_PRODCAT productCategoryId,
affMember.USR_FRSTNAM affiliatedMemberFirstName,
affMember.USR_LAS_NAM affiliatedMemberLastName FROM (   SELECT INFO.*,
   CASE     WHEN INFO.memberAffiliationId IS NOT NULL THEN
(INFO.memberAffiliationId)     WHEN INFO.authAffiliationId IS NOT NULL
THEN (SELECT UMBS_MEMB FROM T_UM_BASE WHERE
UMBS_ID=INFO.authAffiliationId)     WHEN
INFO.careManagementAffiliationId IS NOT NULL THEN (SELECT CMBS_MEMB
FROM T_CM_BASEBASE WHERE CMBB_ID=INFO.careManagementAffiliationId)
WHEN INFO.providerAffiliationId IS NOT NULL THEN
(INFO.providerAffiliationId)     ELSE (NULL)     END
affiliatedMemberId   FROM (   SELECT * FROM (     SELECT
T.SETK_ID AS id,         T.SETK_C4C_ID AS c4cId,         T.SETK_UNIVID
AS universalId,         taskType.TSKT_RCPTTYP AS categoryId,
T.SETK_TSK_TYP AS taskTypeId,         taskType.DDLI_LBL AS
taskTypeLabel,         T.SETK_TSK_NAM AS taskName,         T.SETK_SUBJ
AS subject,         T.SETK_CRTD AS createDate,         T.SETK_SENT AS
sentDate,         T.SETK_SRTD AS startedDate,
T.SETK_TSK_TIMG_STRTDT AS startDate,         T.SETK_TSK_TIMG_SCLDAT AS
startDateSeconds,         T.SETK_TSK_TIMG_DDLN_DT AS dueDate,
T.SETK_TSK_TIMG_DDLN_TIM_IN_DY AS dueDateSeconds,         T.SETK_OWNR
AS ownerId,         own.USR_FRSTNAM AS ownerFirstName,
own.USR_LAS_NAM AS ownerLastName,         own.CLASSTYPE AS ownerType,
      T.SETK_OBJ_STT AS status,         T.SETK_AFFN_MEMB AS
memberAffiliationId,         member.USR_C4C_ID AS memberC4cId,
member.USR_FRSTNAM AS memberFirstName,         member.USR_LAS_NAM AS
memberLastName,         T.SETK_AFFN_CM AS careManagementAffiliationId,
       caseOrCm.CMBB_C4C_ID AS caseOrCmC4cId,
T.SETK_AFFN_UM_EVNT AS authAffiliationId,         auth.UMBS_C4C_ID AS
authAffiliationC4cId,         T.SETK_AFFN_PVDR AS
providerAffiliationId,         provider.USR_C4C_ID AS providerC4cId,
     T.SETK_TSK_TIMG_SNLTDT AS startNoLaterThanDate,
T.SETK_CNCLRESN AS cancelReasonId,         T.SETK_ORIGCRTR AS
originalCreatorId,         origCreator.USR_FRSTNAM AS
originalCreatorFirstName,         origCreator.USR_LAS_NAM AS
originalCreatorLastName,         caseOrCm.CLASSTYPE AS
caseOrCmClasstype,         T.SETK_TSK_DSCN AS description,
T.SETK_CMPD AS completedDate,         T.SETK_LAS_ACT_TIM AS
lastActionDate,         mod.USR_FRSTNAM lastModifiedByFirstName,
 mod.USR_LAS_NAM lastModifiedByLastName,         T.SETK_PRVSOWNR AS
previousOwnerId,         prevOwner.USR_FRSTNAM AS
previousOwnerFirstName,         prevOwner.USR_LAS_NAM AS
previousOwnerLastName,         prevOwner.CLASSTYPE AS
previousOwnerType,         CASE             WHEN
T.SETK_TSK_TIMG_DDLN_DT IS NOT NULL THEN (T.SETK_TSK_TIMG_DDLN_DT)
       WHEN T.SETK_TSK_TIMG_STRTDT IS NOT NULL THEN
(T.SETK_TSK_TIMG_STRTDT)             WHEN T.SETK_TSK_TIMG_SNLTDT IS NOT
NULL THEN (T.SETK_TSK_TIMG_SNLTDT)             ELSE (NULL)         END
       filterDate,         sender.USR_FRSTNAM fromUserFirstName,
 sender.USR_LAS_NAM fromUserLastName,         T.SETK_RESCHEDULE_REASON
AS rescheduleReason,         reason.DDLI_LBL AS rescheduleReasonLabel,
       T.SETK_RESCHEDULE_COMMENT AS rescheduleComment       FROM
T_SENTTSK T       LEFT OUTER JOIN T_USR own ON own.USR_ID=T.SETK_OWNR
    LEFT OUTER JOIN T_USR prevOwner ON prevOwner.USR_ID=T.SETK_PRVSOWNR
      LEFT OUTER JOIN T_USR member ON member.USR_ID=T.SETK_AFFN_MEMB
   LEFT OUTER JOIN T_USR origCreator ON
origCreator.USR_ID=T.SETK_ORIGCRTR       LEFT OUTER JOIN T_DDL_ITEM
taskType ON taskType.DDLI_ID=T.SETK_TSK_TYP       LEFT OUTER JOIN
T_DDL_ITEM reason ON reason.DDLI_ID=T.SETK_RESCHEDULE_REASON       LEFT
OUTER JOIN T_CM_BASEBASE caseOrCm ON caseOrCm.CMBB_ID=T.SETK_AFFN_CM
   LEFT OUTER JOIN T_UM_BASE auth ON auth.UMBS_ID=T.SETK_AFFN_UM_EVNT
    LEFT OUTER JOIN T_USR provider

Plan hash value: 2835568740

---------------------------------------------------------------------------------------------------------------------------------
| Id  | Operation                                       | Name                          | Rows  | Bytes | Cost (%CPU)| Time     |
---------------------------------------------------------------------------------------------------------------------------------
|   0 | SELECT STATEMENT                                |                               |       |       |  2264K(100)|          |
|   1 |  TABLE ACCESS BY INDEX ROWID                    | T_UM_BASE                     |     1 |    12 |     1   (0)| 00:00:01 |
|   2 |   INDEX UNIQUE SCAN                             | PK_T_UM_BASE                  |     1 |       |     1   (0)| 00:00:01 |
|   3 |   TABLE ACCESS BY INDEX ROWID                   | T_CM_BASEBASE                 |     1 |    12 |     1   (0)| 00:00:01 |
|   4 |    INDEX UNIQUE SCAN                            | PK_T_CM_BASEBASE              |     1 |       |     1   (0)| 00:00:01 |
|   5 |  NESTED LOOPS OUTER                             |                               |    16 |   733K|  2264K  (1)| 00:01:29 |
|   6 |   NESTED LOOPS OUTER                            |                               |    16 |   732K|  2264K  (1)| 00:01:29 |
|   7 |    HASH JOIN RIGHT OUTER                        |                               |    16 |   732K|  2264K  (1)| 00:01:29 |
|   8 |     VIEW                                        | V_CURR_ENROLLMENT             |     2 |    78 |  2264K  (1)| 00:01:29 |
|   9 |      SORT UNIQUE                                |                               |     2 |  1092 |  2264K  (1)| 00:01:29 |
|  10 |       UNION-ALL                                 |                               |       |       |            |          |
|  11 |        FILTER                                   |                               |       |       |            |          |
|  12 |         FILTER                                  |                               |       |       |            |          |
|  13 |          TABLE ACCESS STORAGE FULL              | T_ENNS                        |   246K|    64M|   160K  (1)| 00:00:07 |
|  14 |          FAST DUAL                              |                               |     1 |       |     2   (0)| 00:00:01 |
|  15 |         SORT GROUP BY NOSORT                    |                               |     1 |    72 |     4   (0)| 00:00:01 |
|  16 |          NESTED LOOPS OUTER                     |                               |     1 |    72 |     4   (0)| 00:00:01 |
|  17 |           NESTED LOOPS                          |                               |     1 |    50 |     3   (0)| 00:00:01 |
|  18 |            NESTED LOOPS                         |                               |     1 |    12 |     2   (0)| 00:00:01 |
|  19 |             INDEX UNIQUE SCAN                   | PK_T_USR                      |     1 |     6 |     1   (0)| 00:00:01 |
|  20 |             INDEX RANGE SCAN                    | IX_NVL_USR_MRGEMSTR_USR_ID    |     1 |     6 |     1   (0)| 00:00:01 |
|  21 |            TABLE ACCESS BY INDEX ROWID          | T_ENNS                        |     1 |    38 |     1   (0)| 00:00:01 |
|  22 |             INDEX RANGE SCAN                    | IX_ELNS_MEMBENLTDTDSNTDTSTTID |     2 |       |     1   (0)| 00:00:01 |
|  23 |           TABLE ACCESS BY INDEX ROWID           | T_ENNS                        |     1 |    22 |     1   (0)| 00:00:01 |
|  24 |            INDEX RANGE SCAN                     | IX_ELNS_MEMBENPENLTDSNDT      |     1 |       |     1   (0)| 00:00:01 |
|  25 |        FILTER                                   |                               |       |       |            |          |
|  26 |         FILTER                                  |                               |       |       |            |          |
|  27 |          TABLE ACCESS STORAGE FULL              | T_ENNS                        |   246K|    64M|   160K  (1)| 00:00:07 |
|  28 |          FAST DUAL                              |                               |     1 |       |     2   (0)| 00:00:01 |
|  29 |         SORT GROUP BY NOSORT                    |                               |     1 |    72 |     4   (0)| 00:00:01 |
|  30 |          NESTED LOOPS OUTER                     |                               |     1 |    72 |     4   (0)| 00:00:01 |
|  31 |           NESTED LOOPS                          |                               |     1 |    50 |     3   (0)| 00:00:01 |
|  32 |            NESTED LOOPS                         |                               |     1 |    12 |     2   (0)| 00:00:01 |
|  33 |             INDEX UNIQUE SCAN                   | PK_T_USR                      |     1 |     6 |     1   (0)| 00:00:01 |
|  34 |             INDEX RANGE SCAN                    | IX_NVL_USR_MRGEMSTR_USR_ID    |     1 |     6 |     1   (0)| 00:00:01 |
|  35 |            TABLE ACCESS BY INDEX ROWID          | T_ENNS                        |     1 |    38 |     1   (0)| 00:00:01 |
|  36 |             INDEX RANGE SCAN                    | IX_ELNS_MEMBENLTDTDSNTDTSTTID |     2 |       |     1   (0)| 00:00:01 |
|  37 |           TABLE ACCESS BY INDEX ROWID           | T_ENNS                        |     1 |    22 |     1   (0)| 00:00:01 |
|  38 |            INDEX RANGE SCAN                     | IX_ELNS_MEMBENPENLTDSNDT      |     1 |       |     1   (0)| 00:00:01 |
|  39 |     VIEW                                        |                               |    16 |   732K|    31   (4)| 00:00:01 |
|  40 |      VIEW                                       |                               |    16 |   731K|    15   (7)| 00:00:01 |
|  41 |       COUNT STOPKEY                             |                               |       |       |            |          |
|  42 |        VIEW                                     |                               |    16 |   731K|    15   (7)| 00:00:01 |
|  43 |         SORT ORDER BY STOPKEY                   |                               |    16 | 12480 |    15   (7)| 00:00:01 |
|  44 |          NESTED LOOPS OUTER                     |                               |    16 | 12480 |    14   (0)| 00:00:01 |
|  45 |           NESTED LOOPS OUTER                    |                               |    16 | 12128 |    13   (0)| 00:00:01 |
|  46 |            NESTED LOOPS OUTER                   |                               |    16 | 11776 |    12   (0)| 00:00:01 |
|  47 |             NESTED LOOPS OUTER                  |                               |    16 | 11424 |    11   (0)| 00:00:01 |
|  48 |              NESTED LOOPS OUTER                 |                               |    16 | 11040 |    10   (0)| 00:00:01 |
|  49 |               NESTED LOOPS OUTER                |                               |    16 | 10592 |     9   (0)| 00:00:01 |
|  50 |                NESTED LOOPS OUTER               |                               |    16 | 10240 |     8   (0)| 00:00:01 |
|  51 |                 NESTED LOOPS OUTER              |                               |    16 |  9664 |     7   (0)| 00:00:01 |
|  52 |                  NESTED LOOPS OUTER             |                               |    16 |  9104 |     6   (0)| 00:00:01 |
|  53 |                   NESTED LOOPS OUTER            |                               |    16 |  8816 |     5   (0)| 00:00:01 |
|  54 |                    MERGE JOIN OUTER             |                               |    16 |  8512 |     4   (0)| 00:00:01 |
|  55 |                     INLIST ITERATOR             |                               |       |       |            |          |
|  56 |                      TABLE ACCESS BY INDEX ROWID| T_SENTTSK                     |    16 |  7936 |     3   (0)| 00:00:01 |
|  57 |                       INDEX RANGE SCAN          | IX_SETK_OBJ_STT               |  1816 |       |     1   (0)| 00:00:01 |
|  58 |                     BUFFER SORT                 |                               |     1 |    36 |     1   (0)| 00:00:01 |
|  59 |                      TABLE ACCESS BY INDEX ROWID| T_USR                         |     1 |    36 |     1   (0)| 00:00:01 |
|  60 |                       INDEX UNIQUE SCAN         | PK_T_USR                      |     1 |       |     1   (0)| 00:00:01 |
|  61 |                    TABLE ACCESS BY INDEX ROWID  | T_USR                         |     1 |    19 |     1   (0)| 00:00:01 |
|  62 |                     INDEX UNIQUE SCAN           | PK_T_USR                      |     1 |       |     1   (0)| 00:00:01 |
|  63 |                   TABLE ACCESS BY INDEX ROWID   | T_UM_BASE                     |     1 |    18 |     1   (0)| 00:00:01 |
|  64 |                    INDEX UNIQUE SCAN            | PK_T_UM_BASE                  |     1 |       |     1   (0)| 00:00:01 |
|  65 |                  TABLE ACCESS BY INDEX ROWID    | T_USR                         |     1 |    35 |     1   (0)| 00:00:01 |
|  66 |                   INDEX UNIQUE SCAN             | PK_T_USR                      |     1 |       |     1   (0)| 00:00:01 |
|  67 |                 TABLE ACCESS BY INDEX ROWID     | T_USR                         |     1 |    36 |     1   (0)| 00:00:01 |
|  68 |                  INDEX UNIQUE SCAN              | PK_T_USR                      |     1 |       |     1   (0)| 00:00:01 |
|  69 |                TABLE ACCESS BY INDEX ROWID      | T_USR                         |     1 |    22 |     1   (0)| 00:00:01 |
|  70 |                 INDEX UNIQUE SCAN               | PK_T_USR                      |     1 |       |     1   (0)| 00:00:01 |
|  71 |               TABLE ACCESS BY INDEX ROWID       | T_CM_BASEBASE                 |     1 |    28 |     1   (0)| 00:00:01 |
|  72 |                INDEX UNIQUE SCAN                | PK_T_CM_BASEBASE              |     1 |       |     1   (0)| 00:00:01 |
|  73 |              TABLE ACCESS BY INDEX ROWID        | T_DDL_ITEM                    |     1 |    24 |     1   (0)| 00:00:01 |
|  74 |               INDEX UNIQUE SCAN                 | PK_T_DDL_ITEM                 |     1 |       |     1   (0)| 00:00:01 |
|  75 |             TABLE ACCESS BY INDEX ROWID         | T_USR                         |     1 |    22 |     1   (0)| 00:00:01 |
|  76 |              INDEX UNIQUE SCAN                  | PK_T_USR                      |     1 |       |     1   (0)| 00:00:01 |
|  77 |            TABLE ACCESS BY INDEX ROWID          | T_USR                         |     1 |    22 |     1   (0)| 00:00:01 |
|  78 |             INDEX UNIQUE SCAN                   | PK_T_USR                      |     1 |       |     1   (0)| 00:00:01 |
|  79 |           TABLE ACCESS BY INDEX ROWID           | T_DDL_ITEM                    |     1 |    22 |     1   (0)| 00:00:01 |
|  80 |            INDEX UNIQUE SCAN                    | PK_T_DDL_ITEM                 |     1 |       |     1   (0)| 00:00:01 |
|  81 |    TABLE ACCESS BY INDEX ROWID                  | T_BENSPKG                     |     1 |    12 |     1   (0)| 00:00:01 |
|  82 |     INDEX UNIQUE SCAN                           | PK_T_BENSPKG                  |     1 |       |     1   (0)| 00:00:01 |
|  83 |   TABLE ACCESS BY INDEX ROWID                   | T_USR                         |     1 |    22 |     1   (0)| 00:00:01 |
|  84 |    INDEX UNIQUE SCAN                            | PK_T_USR                      |     1 |       |     1   (0)| 00:00:01 |
---------------------------------------------------------------------------------------------------------------------------------

Query Block Name / Object Alias (identified by operation id):
-------------------------------------------------------------

   1 - SEL$4        / T_UM_BASE@SEL$4
   2 - SEL$4        / T_UM_BASE@SEL$4
   3 - SEL$5        / T_CM_BASEBASE@SEL$5
   4 - SEL$5        / T_CM_BASEBASE@SEL$5
   5 - SEL$0C04A374
   8 - SET$1        / ENROLLMENT@SEL$30
   9 - SET$1
  11 - SEL$35
  13 - SEL$35       / T_SRC_ENNS@SEL$35
  14 - SEL$40       / DUAL@SEL$40
  15 - SEL$5F185B4C
  19 - SEL$5F185B4C / T_ENNS_MASTERUSER@SEL$31
  20 - SEL$5F185B4C / T_ENNS_SLAVEUSER@SEL$31
  21 - SEL$5F185B4C / T_CURR_ENNS@SEL$32
  22 - SEL$5F185B4C / T_CURR_ENNS@SEL$32
  23 - SEL$5F185B4C / T_MAX_DISENROLLMENT_ENROLLMENT@SEL$33
  24 - SEL$5F185B4C / T_MAX_DISENROLLMENT_ENROLLMENT@SEL$33
  25 - SEL$42
  27 - SEL$42       / T_SRC_ENNS@SEL$42
  28 - SEL$43       / DUAL@SEL$43
  29 - SEL$CDBEA42D
  33 - SEL$CDBEA42D / T_ENNS_MASTERUSER@SEL$36
  34 - SEL$CDBEA42D / T_ENNS_SLAVEUSER@SEL$36
  35 - SEL$CDBEA42D / T_CURR_ENNS@SEL$37
  36 - SEL$CDBEA42D / T_CURR_ENNS@SEL$37
  37 - SEL$CDBEA42D / T_MAX_DISENROLLMENT_ENROLLMENT@SEL$38
  38 - SEL$CDBEA42D / T_MAX_DISENROLLMENT_ENROLLMENT@SEL$38
  39 - SEL$3        / INFO_WITH_MEMBER_ID@SEL$2
  40 - SEL$6        / INFO@SEL$3
  41 - SEL$6
  42 - SEL$2D594895 / from$_subquery$_005@SEL$6
  43 - SEL$2D594895
  56 - SEL$2D594895 / T@SEL$8
  57 - SEL$2D594895 / T@SEL$8
  59 - SEL$2D594895 / OWN@SEL$7
  60 - SEL$2D594895 / OWN@SEL$7
  61 - SEL$2D594895 / PROVIDER@SEL$23
  62 - SEL$2D594895 / PROVIDER@SEL$23
  63 - SEL$2D594895 / AUTH@SEL$21
  64 - SEL$2D594895 / AUTH@SEL$21
  65 - SEL$2D594895 / MEMBER@SEL$11
  66 - SEL$2D594895 / MEMBER@SEL$11
  67 - SEL$2D594895 / PREVOWNER@SEL$9
  68 - SEL$2D594895 / PREVOWNER@SEL$9
  69 - SEL$2D594895 / SENDER@SEL$27
  70 - SEL$2D594895 / SENDER@SEL$27
  71 - SEL$2D594895 / CASEORCM@SEL$19
  72 - SEL$2D594895 / CASEORCM@SEL$19
  73 - SEL$2D594895 / TASKTYPE@SEL$15
  74 - SEL$2D594895 / TASKTYPE@SEL$15
  75 - SEL$2D594895 / ORIGCREATOR@SEL$13
  76 - SEL$2D594895 / ORIGCREATOR@SEL$13
  77 - SEL$2D594895 / MOD@SEL$25
  78 - SEL$2D594895 / MOD@SEL$25
  79 - SEL$2D594895 / REASON@SEL$17
  80 - SEL$2D594895 / REASON@SEL$17
  81 - SEL$0C04A374 / BENEFIT@SEL$46
  82 - SEL$0C04A374 / BENEFIT@SEL$46
  83 - SEL$0C04A374 / AFFMEMBER@SEL$1
  84 - SEL$0C04A374 / AFFMEMBER@SEL$1

Outline Data
-------------

  /*+
      BEGIN_OUTLINE_DATA
      IGNORE_OPTIM_EMBEDDED_HINTS
      OPTIMIZER_FEATURES_ENABLE('12.1.0.2')
      DB_VERSION('12.1.0.2')
      OPT_PARAM('optimizer_index_cost_adj' 1)
      OPT_PARAM('optimizer_index_caching' 90)
      ALL_ROWS
      OUTLINE_LEAF(@"SEL$4")
      OUTLINE_LEAF(@"SEL$5")
      OUTLINE_LEAF(@"SEL$2D594895")
      MERGE(@"SEL$2DE0C8FF")
      OUTLINE_LEAF(@"SEL$6")
      OUTLINE_LEAF(@"SEL$3")
      OUTLINE_LEAF(@"SEL$40")
      OUTLINE_LEAF(@"SEL$5F185B4C")
      MERGE(@"SEL$6B15F4E0")
      OUTLINE_LEAF(@"SEL$35")
      OUTLINE_LEAF(@"SEL$43")
      OUTLINE_LEAF(@"SEL$CDBEA42D")
      MERGE(@"SEL$57BA8109")
      OUTLINE_LEAF(@"SEL$42")
      OUTLINE_LEAF(@"SET$1")
      OUTLINE_LEAF(@"SEL$0C04A374")
      MERGE(@"SEL$BC270230")
      OUTLINE(@"SEL$29")
      OUTLINE(@"SEL$2DE0C8FF")
      MERGE(@"SEL$27")
      MERGE(@"SEL$3B95C159")
      OUTLINE(@"SEL$41")
      OUTLINE(@"SEL$6B15F4E0")
      MERGE(@"SEL$78FE80F3")
      OUTLINE(@"SEL$44")
      OUTLINE(@"SEL$57BA8109")
      MERGE(@"SEL$516D3A01")
      OUTLINE(@"SEL$48")
      OUTLINE(@"SEL$BC270230")
      MERGE(@"SEL$409758B4")
      MERGE(@"SEL$46")
      OUTLINE(@"SEL$28")
      OUTLINE(@"SEL$27")
      OUTLINE(@"SEL$3B95C159")
      MERGE(@"SEL$25")
      MERGE(@"SEL$6D003707")
      OUTLINE(@"SEL$D570F096")
      MERGE(@"SEL$33")
      OUTLINE(@"SEL$78FE80F3")
      MERGE(@"SEL$31")
      OUTLINE(@"SEL$067B9A3E")
      MERGE(@"SEL$38")
      OUTLINE(@"SEL$516D3A01")
      MERGE(@"SEL$36")
      OUTLINE(@"SEL$47")
      OUTLINE(@"SEL$409758B4")
      MERGE(@"SEL$30")
      MERGE(@"SEL$58A6D7F6")
      OUTLINE(@"SEL$46")
      OUTLINE(@"SEL$26")
      OUTLINE(@"SEL$25")
      OUTLINE(@"SEL$6D003707")
      MERGE(@"SEL$23")
      MERGE(@"SEL$23FAB6D1")
      OUTLINE(@"SEL$34")
      OUTLINE(@"SEL$33")
      OUTLINE(@"SEL$32")
      OUTLINE(@"SEL$31")
      OUTLINE(@"SEL$39")
      OUTLINE(@"SEL$38")
      OUTLINE(@"SEL$37")
      OUTLINE(@"SEL$36")
      OUTLINE(@"SEL$45")
      OUTLINE(@"SEL$30")
      OUTLINE(@"SEL$58A6D7F6")
      MERGE(@"SEL$1")
      OUTLINE(@"SEL$24")
      OUTLINE(@"SEL$23")
      OUTLINE(@"SEL$23FAB6D1")
      MERGE(@"SEL$21")
      MERGE(@"SEL$97A30ECD")
      OUTLINE(@"SEL$2")
      OUTLINE(@"SEL$1")
      OUTLINE(@"SEL$22")
      OUTLINE(@"SEL$21")
      OUTLINE(@"SEL$97A30ECD")
      MERGE(@"SEL$19")
      MERGE(@"SEL$CF22A5CA")
      OUTLINE(@"SEL$20")
      OUTLINE(@"SEL$19")
      OUTLINE(@"SEL$CF22A5CA")
      MERGE(@"SEL$17")
      MERGE(@"SEL$FF97D7FC")
      OUTLINE(@"SEL$18")
      OUTLINE(@"SEL$17")
      OUTLINE(@"SEL$FF97D7FC")
      MERGE(@"SEL$15")
      MERGE(@"SEL$DE5D921C")
      OUTLINE(@"SEL$16")
      OUTLINE(@"SEL$15")
      OUTLINE(@"SEL$DE5D921C")
      MERGE(@"SEL$01DD7F33")
      MERGE(@"SEL$13")
      OUTLINE(@"SEL$14")
      OUTLINE(@"SEL$01DD7F33")
      MERGE(@"SEL$11")
      MERGE(@"SEL$BDFBA881")
      OUTLINE(@"SEL$13")
      OUTLINE(@"SEL$12")
      OUTLINE(@"SEL$11")
      OUTLINE(@"SEL$BDFBA881")
      MERGE(@"SEL$9")
      MERGE(@"SEL$FC56C448")
      OUTLINE(@"SEL$10")
      OUTLINE(@"SEL$9")
      OUTLINE(@"SEL$FC56C448")
      MERGE(@"SEL$7")
      OUTLINE(@"SEL$8")
      OUTLINE(@"SEL$7")
      NO_ACCESS(@"SEL$0C04A374" "INFO_WITH_MEMBER_ID"@"SEL$2")
      NO_ACCESS(@"SEL$0C04A374" "ENROLLMENT"@"SEL$30")
      INDEX_RS_ASC(@"SEL$0C04A374" "BENEFIT"@"SEL$46" ("T_BENSPKG"."BENP_ID"))
      INDEX_RS_ASC(@"SEL$0C04A374" "AFFMEMBER"@"SEL$1" ("T_USR"."USR_ID"))
      LEADING(@"SEL$0C04A374" "INFO_WITH_MEMBER_ID"@"SEL$2" "ENROLLMENT"@"SEL$30" "BENEFIT"@"SEL$46" "AFFMEMBER"@"SEL$1")
      USE_HASH(@"SEL$0C04A374" "ENROLLMENT"@"SEL$30")
      USE_NL(@"SEL$0C04A374" "BENEFIT"@"SEL$46")
      USE_NL(@"SEL$0C04A374" "AFFMEMBER"@"SEL$1")
      SWAP_JOIN_INPUTS(@"SEL$0C04A374" "ENROLLMENT"@"SEL$30")
      NO_ACCESS(@"SEL$3" "INFO"@"SEL$3")
      FULL(@"SEL$42" "T_SRC_ENNS"@"SEL$42")
      PQ_FILTER(@"SEL$42" SERIAL)
      FULL(@"SEL$35" "T_SRC_ENNS"@"SEL$35")
      PQ_FILTER(@"SEL$35" SERIAL)
      INDEX(@"SEL$5F185B4C" "T_ENNS_MASTERUSER"@"SEL$31" ("T_USR"."USR_ID"))
      INDEX(@"SEL$5F185B4C" "T_ENNS_SLAVEUSER"@"SEL$31" "IX_NVL_USR_MRGEMSTR_USR_ID")
      INDEX_RS_ASC(@"SEL$5F185B4C" "T_CURR_ENNS"@"SEL$32" "IX_ELNS_MEMBENLTDTDSNTDTSTTID")
      INDEX_RS_ASC(@"SEL$5F185B4C" "T_MAX_DISENROLLMENT_ENROLLMENT"@"SEL$33" "IX_ELNS_MEMBENPENLTDSNDT")
      LEADING(@"SEL$5F185B4C" "T_ENNS_MASTERUSER"@"SEL$31" "T_ENNS_SLAVEUSER"@"SEL$31" "T_CURR_ENNS"@"SEL$32"
              "T_MAX_DISENROLLMENT_ENROLLMENT"@"SEL$33")
      USE_NL(@"SEL$5F185B4C" "T_ENNS_SLAVEUSER"@"SEL$31")
      USE_NL(@"SEL$5F185B4C" "T_CURR_ENNS"@"SEL$32")
      USE_NL(@"SEL$5F185B4C" "T_MAX_DISENROLLMENT_ENROLLMENT"@"SEL$33")
      INDEX(@"SEL$CDBEA42D" "T_ENNS_MASTERUSER"@"SEL$36" ("T_USR"."USR_ID"))
      INDEX(@"SEL$CDBEA42D" "T_ENNS_SLAVEUSER"@"SEL$36" "IX_NVL_USR_MRGEMSTR_USR_ID")
      INDEX_RS_ASC(@"SEL$CDBEA42D" "T_CURR_ENNS"@"SEL$37" "IX_ELNS_MEMBENLTDTDSNTDTSTTID")
      INDEX_RS_ASC(@"SEL$CDBEA42D" "T_MAX_DISENROLLMENT_ENROLLMENT"@"SEL$38" "IX_ELNS_MEMBENPENLTDSNDT")
      LEADING(@"SEL$CDBEA42D" "T_ENNS_MASTERUSER"@"SEL$36" "T_ENNS_SLAVEUSER"@"SEL$36" "T_CURR_ENNS"@"SEL$37"
              "T_MAX_DISENROLLMENT_ENROLLMENT"@"SEL$38")
      USE_NL(@"SEL$CDBEA42D" "T_ENNS_SLAVEUSER"@"SEL$36")
      USE_NL(@"SEL$CDBEA42D" "T_CURR_ENNS"@"SEL$37")
      USE_NL(@"SEL$CDBEA42D" "T_MAX_DISENROLLMENT_ENROLLMENT"@"SEL$38")
      NO_ACCESS(@"SEL$6" "from$_subquery$_005"@"SEL$6")
      INDEX_RS_ASC(@"SEL$2D594895" "T"@"SEL$8" ("T_SENTTSK"."SETK_OBJ_STT"))
      INDEX_RS_ASC(@"SEL$2D594895" "OWN"@"SEL$7" ("T_USR"."USR_ID"))
      INDEX_RS_ASC(@"SEL$2D594895" "PROVIDER"@"SEL$23" ("T_USR"."USR_ID"))
      INDEX_RS_ASC(@"SEL$2D594895" "AUTH"@"SEL$21" ("T_UM_BASE"."UMBS_ID"))
      INDEX_RS_ASC(@"SEL$2D594895" "MEMBER"@"SEL$11" ("T_USR"."USR_ID"))
      INDEX_RS_ASC(@"SEL$2D594895" "PREVOWNER"@"SEL$9" ("T_USR"."USR_ID"))
      INDEX_RS_ASC(@"SEL$2D594895" "SENDER"@"SEL$27" ("T_USR"."USR_ID"))
      INDEX_RS_ASC(@"SEL$2D594895" "CASEORCM"@"SEL$19" ("T_CM_BASEBASE"."CMBB_ID"))
      INDEX_RS_ASC(@"SEL$2D594895" "TASKTYPE"@"SEL$15" ("T_DDL_ITEM"."DDLI_ID"))
      INDEX_RS_ASC(@"SEL$2D594895" "ORIGCREATOR"@"SEL$13" ("T_USR"."USR_ID"))
      INDEX_RS_ASC(@"SEL$2D594895" "MOD"@"SEL$25" ("T_USR"."USR_ID"))
      INDEX_RS_ASC(@"SEL$2D594895" "REASON"@"SEL$17" ("T_DDL_ITEM"."DDLI_ID"))
      LEADING(@"SEL$2D594895" "T"@"SEL$8" "OWN"@"SEL$7" "PROVIDER"@"SEL$23" "AUTH"@"SEL$21" "MEMBER"@"SEL$11"
              "PREVOWNER"@"SEL$9" "SENDER"@"SEL$27" "CASEORCM"@"SEL$19" "TASKTYPE"@"SEL$15" "ORIGCREATOR"@"SEL$13" "MOD"@"SEL$25"
              "REASON"@"SEL$17")
      USE_MERGE_CARTESIAN(@"SEL$2D594895" "OWN"@"SEL$7")
      USE_NL(@"SEL$2D594895" "PROVIDER"@"SEL$23")
      USE_NL(@"SEL$2D594895" "AUTH"@"SEL$21")
      USE_NL(@"SEL$2D594895" "MEMBER"@"SEL$11")
      USE_NL(@"SEL$2D594895" "PREVOWNER"@"SEL$9")
      USE_NL(@"SEL$2D594895" "SENDER"@"SEL$27")
      USE_NL(@"SEL$2D594895" "CASEORCM"@"SEL$19")
      USE_NL(@"SEL$2D594895" "TASKTYPE"@"SEL$15")
      USE_NL(@"SEL$2D594895" "ORIGCREATOR"@"SEL$13")
      USE_NL(@"SEL$2D594895" "MOD"@"SEL$25")
      USE_NL(@"SEL$2D594895" "REASON"@"SEL$17")
      INDEX_RS_ASC(@"SEL$5" "T_CM_BASEBASE"@"SEL$5" ("T_CM_BASEBASE"."CMBB_ID"))
      INDEX_RS_ASC(@"SEL$4" "T_UM_BASE"@"SEL$4" ("T_UM_BASE"."UMBS_ID"))
      END_OUTLINE_DATA
  */

Peeked Binds (identified by position):
--------------------------------------

   1 - :SYS_B_0 (NUMBER): 2
   2 - :1 (NUMBER): 11657619
   3 - :2 (NUMBER): 1
   4 - :3 (NUMBER): 3
   5 - :4 (NUMBER): 905
   6 - :5 (NUMBER): 906
   7 - :6 (NUMBER): 907
   8 - :7 (NUMBER): 908
   9 - :8 (NUMBER): 911
  10 - :9 (NUMBER): 912
  11 - :10 (NUMBER): 913
  12 - :SYS_B_1 (NUMBER): 500
  13 - :SYS_B_2 (VARCHAR2(30), CSID=178): '2020.10.02'
  14 - :SYS_B_3 (VARCHAR2(30), CSID=178): 'yyyy.MM.dd'

Note
-----
   - dynamic statistics used: dynamic sampling (level=2)
   - 5 Sql Plan Directives used for this statement

SQL_ID 0sjx29v99zfqc
--------------------
SELECT INFO_WITH_MEMBER_ID.*,     enrollment.ELNS_INSCPRSRGRP
ipgGroupId,     benefit.BENP_LWSTLVL_PRODCAT productCategoryId,
affMember.USR_FRSTNAM affiliatedMemberFirstName,
affMember.USR_LAS_NAM affiliatedMemberLastName FROM (   SELECT INFO.*,
   CASE     WHEN INFO.memberAffiliationId IS NOT NULL THEN
(INFO.memberAffiliationId)     WHEN INFO.authAffiliationId IS NOT NULL
THEN (SELECT UMBS_MEMB FROM T_UM_BASE WHERE
UMBS_ID=INFO.authAffiliationId)     WHEN
INFO.careManagementAffiliationId IS NOT NULL THEN (SELECT CMBS_MEMB
FROM T_CM_BASEBASE WHERE CMBB_ID=INFO.careManagementAffiliationId)
WHEN INFO.providerAffiliationId IS NOT NULL THEN
(INFO.providerAffiliationId)     ELSE (NULL)     END
affiliatedMemberId   FROM (   SELECT * FROM (     SELECT
T.SETK_ID AS id,         T.SETK_C4C_ID AS c4cId,         T.SETK_UNIVID
AS universalId,         taskType.TSKT_RCPTTYP AS categoryId,
T.SETK_TSK_TYP AS taskTypeId,         taskType.DDLI_LBL AS
taskTypeLabel,         T.SETK_TSK_NAM AS taskName,         T.SETK_SUBJ
AS subject,         T.SETK_CRTD AS createDate,         T.SETK_SENT AS
sentDate,         T.SETK_SRTD AS startedDate,
T.SETK_TSK_TIMG_STRTDT AS startDate,         T.SETK_TSK_TIMG_SCLDAT AS
startDateSeconds,         T.SETK_TSK_TIMG_DDLN_DT AS dueDate,
T.SETK_TSK_TIMG_DDLN_TIM_IN_DY AS dueDateSeconds,         T.SETK_OWNR
AS ownerId,         own.USR_FRSTNAM AS ownerFirstName,
own.USR_LAS_NAM AS ownerLastName,         own.CLASSTYPE AS ownerType,
      T.SETK_OBJ_STT AS status,         T.SETK_AFFN_MEMB AS
memberAffiliationId,         member.USR_C4C_ID AS memberC4cId,
member.USR_FRSTNAM AS memberFirstName,         member.USR_LAS_NAM AS
memberLastName,         T.SETK_AFFN_CM AS careManagementAffiliationId,
       caseOrCm.CMBB_C4C_ID AS caseOrCmC4cId,
T.SETK_AFFN_UM_EVNT AS authAffiliationId,         auth.UMBS_C4C_ID AS
authAffiliationC4cId,         T.SETK_AFFN_PVDR AS
providerAffiliationId,         provider.USR_C4C_ID AS providerC4cId,
     T.SETK_TSK_TIMG_SNLTDT AS startNoLaterThanDate,
T.SETK_CNCLRESN AS cancelReasonId,         T.SETK_ORIGCRTR AS
originalCreatorId,         origCreator.USR_FRSTNAM AS
originalCreatorFirstName,         origCreator.USR_LAS_NAM AS
originalCreatorLastName,         caseOrCm.CLASSTYPE AS
caseOrCmClasstype,         T.SETK_TSK_DSCN AS description,
T.SETK_CMPD AS completedDate,         T.SETK_LAS_ACT_TIM AS
lastActionDate,         mod.USR_FRSTNAM lastModifiedByFirstName,
 mod.USR_LAS_NAM lastModifiedByLastName,         T.SETK_PRVSOWNR AS
previousOwnerId,         prevOwner.USR_FRSTNAM AS
previousOwnerFirstName,         prevOwner.USR_LAS_NAM AS
previousOwnerLastName,         prevOwner.CLASSTYPE AS
previousOwnerType,         CASE             WHEN
T.SETK_TSK_TIMG_DDLN_DT IS NOT NULL THEN (T.SETK_TSK_TIMG_DDLN_DT)
       WHEN T.SETK_TSK_TIMG_STRTDT IS NOT NULL THEN
(T.SETK_TSK_TIMG_STRTDT)             WHEN T.SETK_TSK_TIMG_SNLTDT IS NOT
NULL THEN (T.SETK_TSK_TIMG_SNLTDT)             ELSE (NULL)         END
       filterDate,         sender.USR_FRSTNAM fromUserFirstName,
 sender.USR_LAS_NAM fromUserLastName,         T.SETK_RESCHEDULE_REASON
AS rescheduleReason,         reason.DDLI_LBL AS rescheduleReasonLabel,
       T.SETK_RESCHEDULE_COMMENT AS rescheduleComment       FROM
T_SENTTSK T       LEFT OUTER JOIN T_USR own ON own.USR_ID=T.SETK_OWNR
    LEFT OUTER JOIN T_USR prevOwner ON prevOwner.USR_ID=T.SETK_PRVSOWNR
      LEFT OUTER JOIN T_USR member ON member.USR_ID=T.SETK_AFFN_MEMB
   LEFT OUTER JOIN T_USR origCreator ON
origCreator.USR_ID=T.SETK_ORIGCRTR       LEFT OUTER JOIN T_DDL_ITEM
taskType ON taskType.DDLI_ID=T.SETK_TSK_TYP       LEFT OUTER JOIN
T_DDL_ITEM reason ON reason.DDLI_ID=T.SETK_RESCHEDULE_REASON       LEFT
OUTER JOIN T_CM_BASEBASE caseOrCm ON caseOrCm.CMBB_ID=T.SETK_AFFN_CM
   LEFT OUTER JOIN T_UM_BASE auth ON auth.UMBS_ID=T.SETK_AFFN_UM_EVNT
    LEFT OUTER JOIN T_USR provider

Plan hash value: 3435103059

--------------------------------------------------------------------------------------------------------------------------------
| Id  | Operation                                      | Name                          | Rows  | Bytes | Cost (%CPU)| Time     |
--------------------------------------------------------------------------------------------------------------------------------
|   0 | SELECT STATEMENT                               |                               |       |       |  1966K(100)|          |
|   1 |  TABLE ACCESS BY INDEX ROWID                   | T_UM_BASE                     |     1 |    12 |     1   (0)| 00:00:01 |
|   2 |   INDEX UNIQUE SCAN                            | PK_T_UM_BASE                  |     1 |       |     1   (0)| 00:00:01 |
|   3 |   TABLE ACCESS BY INDEX ROWID                  | T_CM_BASEBASE                 |     1 |    12 |     1   (0)| 00:00:01 |
|   4 |    INDEX UNIQUE SCAN                           | PK_T_CM_BASEBASE              |     1 |       |     1   (0)| 00:00:01 |
|   5 |  NESTED LOOPS OUTER                            |                               |     1 | 46913 |  1966K  (1)| 00:01:17 |
|   6 |   NESTED LOOPS OUTER                           |                               |     1 | 46901 |  1966K  (1)| 00:01:17 |
|   7 |    NESTED LOOPS OUTER                          |                               |     1 | 46873 |    16   (7)| 00:00:01 |
|   8 |     VIEW                                       |                               |     1 | 46851 |    15   (7)| 00:00:01 |
|   9 |      VIEW                                      |                               |     1 | 46838 |    13   (8)| 00:00:01 |
|  10 |       COUNT STOPKEY                            |                               |       |       |            |          |
|  11 |        VIEW                                    |                               |     1 | 46838 |    13   (8)| 00:00:01 |
|  12 |         SORT ORDER BY STOPKEY                  |                               |     1 |   780 |    13   (8)| 00:00:01 |
|  13 |          NESTED LOOPS OUTER                    |                               |     1 |   780 |    12   (0)| 00:00:01 |
|  14 |           NESTED LOOPS OUTER                   |                               |     1 |   758 |    11   (0)| 00:00:01 |
|  15 |            NESTED LOOPS OUTER                  |                               |     1 |   736 |    10   (0)| 00:00:01 |
|  16 |             NESTED LOOPS OUTER                 |                               |     1 |   700 |     9   (0)| 00:00:01 |
|  17 |              NESTED LOOPS OUTER                |                               |     1 |   678 |     8   (0)| 00:00:01 |
|  18 |               NESTED LOOPS OUTER               |                               |     1 |   643 |     7   (0)| 00:00:01 |
|  19 |                MERGE JOIN OUTER                |                               |     1 |   624 |     6   (0)| 00:00:01 |
|  20 |                 NESTED LOOPS OUTER             |                               |     1 |   588 |     5   (0)| 00:00:01 |
|  21 |                  NESTED LOOPS OUTER            |                               |     1 |   560 |     4   (0)| 00:00:01 |
|  22 |                   NESTED LOOPS OUTER           |                               |     1 |   542 |     3   (0)| 00:00:01 |
|  23 |                    NESTED LOOPS OUTER          |                               |     1 |   518 |     2   (0)| 00:00:01 |
|  24 |                     TABLE ACCESS BY INDEX ROWID| T_SENTTSK                     |     1 |   496 |     1   (0)| 00:00:01 |
|  25 |                      INDEX RANGE SCAN          | IX_SETK_OWNR                  |     1 |       |     1   (0)| 00:00:01 |
|  26 |                     TABLE ACCESS BY INDEX ROWID| T_DDL_ITEM                    |     1 |    22 |     1   (0)| 00:00:01 |
|  27 |                      INDEX UNIQUE SCAN         | PK_T_DDL_ITEM                 |     1 |       |     1   (0)| 00:00:01 |
|  28 |                    TABLE ACCESS BY INDEX ROWID | T_DDL_ITEM                    |     1 |    24 |     1   (0)| 00:00:01 |
|  29 |                     INDEX UNIQUE SCAN          | PK_T_DDL_ITEM                 |     1 |       |     1   (0)| 00:00:01 |
|  30 |                   TABLE ACCESS BY INDEX ROWID  | T_UM_BASE                     |     1 |    18 |     1   (0)| 00:00:01 |
|  31 |                    INDEX UNIQUE SCAN           | PK_T_UM_BASE                  |     1 |       |     1   (0)| 00:00:01 |
|  32 |                  TABLE ACCESS BY INDEX ROWID   | T_CM_BASEBASE                 |     1 |    28 |     1   (0)| 00:00:01 |
|  33 |                   INDEX UNIQUE SCAN            | PK_T_CM_BASEBASE              |     1 |       |     1   (0)| 00:00:01 |
|  34 |                 BUFFER SORT                    |                               |     1 |    36 |     5   (0)| 00:00:01 |
|  35 |                  TABLE ACCESS BY INDEX ROWID   | T_USR                         |     1 |    36 |     1   (0)| 00:00:01 |
|  36 |                   INDEX UNIQUE SCAN            | PK_T_USR                      |     1 |       |     1   (0)| 00:00:01 |
|  37 |                TABLE ACCESS BY INDEX ROWID     | T_USR                         |     1 |    19 |     1   (0)| 00:00:01 |
|  38 |                 INDEX UNIQUE SCAN              | PK_T_USR                      |     1 |       |     1   (0)| 00:00:01 |
|  39 |               TABLE ACCESS BY INDEX ROWID      | T_USR                         |     1 |    35 |     1   (0)| 00:00:01 |
|  40 |                INDEX UNIQUE SCAN               | PK_T_USR                      |     1 |       |     1   (0)| 00:00:01 |
|  41 |              TABLE ACCESS BY INDEX ROWID       | T_USR                         |     1 |    22 |     1   (0)| 00:00:01 |
|  42 |               INDEX UNIQUE SCAN                | PK_T_USR                      |     1 |       |     1   (0)| 00:00:01 |
|  43 |             TABLE ACCESS BY INDEX ROWID        | T_USR                         |     1 |    36 |     1   (0)| 00:00:01 |
|  44 |              INDEX UNIQUE SCAN                 | PK_T_USR                      |     1 |       |     1   (0)| 00:00:01 |
|  45 |            TABLE ACCESS BY INDEX ROWID         | T_USR                         |     1 |    22 |     1   (0)| 00:00:01 |
|  46 |             INDEX UNIQUE SCAN                  | PK_T_USR                      |     1 |       |     1   (0)| 00:00:01 |
|  47 |           TABLE ACCESS BY INDEX ROWID          | T_USR                         |     1 |    22 |     1   (0)| 00:00:01 |
|  48 |            INDEX UNIQUE SCAN                   | PK_T_USR                      |     1 |       |     1   (0)| 00:00:01 |
|  49 |     TABLE ACCESS BY INDEX ROWID                | T_USR                         |     1 |    22 |     1   (0)| 00:00:01 |
|  50 |      INDEX UNIQUE SCAN                         | PK_T_USR                      |     1 |       |     1   (0)| 00:00:01 |
|  51 |    VIEW                                        | V_CURR_ENROLLMENT             |     1 |    28 |  1966K  (1)| 00:01:17 |
|  52 |     SORT UNIQUE                                |                               |     2 |  1092 |  1966K  (1)| 00:01:17 |
|  53 |      UNION ALL PUSHED PREDICATE                |                               |       |       |            |          |
|  54 |       FILTER                                   |                               |       |       |            |          |
|  55 |        TABLE ACCESS BY INDEX ROWID BATCHED     | T_ENNS                        |     1 |   273 |     1   (0)| 00:00:01 |
|  56 |         INDEX RANGE SCAN                       | IX_ELNS_MEMBENLTDTDSNTDTID    |     1 |       |     1   (0)| 00:00:01 |
|  57 |          SORT GROUP BY NOSORT                  |                               |     1 |    72 |     4   (0)| 00:00:01 |
|  58 |           NESTED LOOPS OUTER                   |                               |     1 |    72 |     4   (0)| 00:00:01 |
|  59 |            NESTED LOOPS                        |                               |     1 |    50 |     3   (0)| 00:00:01 |
|  60 |             NESTED LOOPS                       |                               |     1 |    12 |     2   (0)| 00:00:01 |
|  61 |              INDEX UNIQUE SCAN                 | PK_T_USR                      |     1 |     6 |     1   (0)| 00:00:01 |
|  62 |              INDEX RANGE SCAN                  | IX_NVL_USR_MRGEMSTR_USR_ID    |     1 |     6 |     1   (0)| 00:00:01 |
|  63 |             TABLE ACCESS BY INDEX ROWID        | T_ENNS                        |     1 |    38 |     1   (0)| 00:00:01 |
|  64 |              INDEX RANGE SCAN                  | IX_ELNS_MEMBENLTDTDSNTDTSTTID |     2 |       |     1   (0)| 00:00:01 |
|  65 |            TABLE ACCESS BY INDEX ROWID         | T_ENNS                        |     1 |    22 |     1   (0)| 00:00:01 |
|  66 |             INDEX RANGE SCAN                   | IX_ELNS_MEMBENLTDTDSNTDTSTTID |     1 |       |     1   (0)| 00:00:01 |
|  67 |        FAST DUAL                               |                               |     1 |       |     2   (0)| 00:00:01 |
|  68 |       FILTER                                   |                               |       |       |            |          |
|  69 |        TABLE ACCESS BY INDEX ROWID BATCHED     | T_ENNS                        |     1 |   273 |     1   (0)| 00:00:01 |
|  70 |         INDEX RANGE SCAN                       | IX_ELNS_MEMBENLTDTDSNTDTID    |     1 |       |     1   (0)| 00:00:01 |
|  71 |          SORT GROUP BY NOSORT                  |                               |     1 |    72 |     4   (0)| 00:00:01 |
|  72 |           NESTED LOOPS OUTER                   |                               |     1 |    72 |     4   (0)| 00:00:01 |
|  73 |            NESTED LOOPS                        |                               |     1 |    50 |     3   (0)| 00:00:01 |
|  74 |             NESTED LOOPS                       |                               |     1 |    12 |     2   (0)| 00:00:01 |
|  75 |              INDEX UNIQUE SCAN                 | PK_T_USR                      |     1 |     6 |     1   (0)| 00:00:01 |
|  76 |              INDEX RANGE SCAN                  | IX_NVL_USR_MRGEMSTR_USR_ID    |     1 |     6 |     1   (0)| 00:00:01 |
|  77 |             TABLE ACCESS BY INDEX ROWID        | T_ENNS                        |     1 |    38 |     1   (0)| 00:00:01 |
|  78 |              INDEX RANGE SCAN                  | IX_ELNS_MEMBENLTDTDSNTDTSTTID |     2 |       |     1   (0)| 00:00:01 |
|  79 |            TABLE ACCESS BY INDEX ROWID         | T_ENNS                        |     1 |    22 |     1   (0)| 00:00:01 |
|  80 |             INDEX RANGE SCAN                   | IX_ELNS_MEMBENLTDTDSNTDTSTTID |     1 |       |     1   (0)| 00:00:01 |
|  81 |        FAST DUAL                               |                               |     1 |       |     2   (0)| 00:00:01 |
|  82 |   TABLE ACCESS BY INDEX ROWID                  | T_BENSPKG                     |     1 |    12 |     1   (0)| 00:00:01 |
|  83 |    INDEX UNIQUE SCAN                           | PK_T_BENSPKG                  |     1 |       |     1   (0)| 00:00:01 |
--------------------------------------------------------------------------------------------------------------------------------

Query Block Name / Object Alias (identified by operation id):
-------------------------------------------------------------

   1 - SEL$4        / T_UM_BASE@SEL$4
   2 - SEL$4        / T_UM_BASE@SEL$4
   3 - SEL$5        / T_CM_BASEBASE@SEL$5
   4 - SEL$5        / T_CM_BASEBASE@SEL$5
   5 - SEL$0C04A374
   8 - SEL$3        / INFO_WITH_MEMBER_ID@SEL$2
   9 - SEL$6        / INFO@SEL$3
  10 - SEL$6
  11 - SEL$2D594895 / from$_subquery$_005@SEL$6
  12 - SEL$2D594895
  24 - SEL$2D594895 / T@SEL$8
  25 - SEL$2D594895 / T@SEL$8
  26 - SEL$2D594895 / REASON@SEL$17
  27 - SEL$2D594895 / REASON@SEL$17
  28 - SEL$2D594895 / TASKTYPE@SEL$15
  29 - SEL$2D594895 / TASKTYPE@SEL$15
  30 - SEL$2D594895 / AUTH@SEL$21
  31 - SEL$2D594895 / AUTH@SEL$21
  32 - SEL$2D594895 / CASEORCM@SEL$19
  33 - SEL$2D594895 / CASEORCM@SEL$19
  35 - SEL$2D594895 / OWN@SEL$7
  36 - SEL$2D594895 / OWN@SEL$7
  37 - SEL$2D594895 / PROVIDER@SEL$23
  38 - SEL$2D594895 / PROVIDER@SEL$23
  39 - SEL$2D594895 / MEMBER@SEL$11
  40 - SEL$2D594895 / MEMBER@SEL$11
  41 - SEL$2D594895 / SENDER@SEL$27
  42 - SEL$2D594895 / SENDER@SEL$27
  43 - SEL$2D594895 / PREVOWNER@SEL$9
  44 - SEL$2D594895 / PREVOWNER@SEL$9
  45 - SEL$2D594895 / ORIGCREATOR@SEL$13
  46 - SEL$2D594895 / ORIGCREATOR@SEL$13
  47 - SEL$2D594895 / MOD@SEL$25
  48 - SEL$2D594895 / MOD@SEL$25
  49 - SEL$0C04A374 / AFFMEMBER@SEL$1
  50 - SEL$0C04A374 / AFFMEMBER@SEL$1
  51 - SET$5715CE2E / ENROLLMENT@SEL$30
  52 - SET$5715CE2E
  54 - SEL$ECD9DCF1
  55 - SEL$ECD9DCF1 / T_SRC_ENNS@SEL$35
  56 - SEL$ECD9DCF1 / T_SRC_ENNS@SEL$35
  57 - SEL$5F185B4C
  61 - SEL$5F185B4C / T_ENNS_MASTERUSER@SEL$31
  62 - SEL$5F185B4C / T_ENNS_SLAVEUSER@SEL$31
  63 - SEL$5F185B4C / T_CURR_ENNS@SEL$32
  64 - SEL$5F185B4C / T_CURR_ENNS@SEL$32
  65 - SEL$5F185B4C / T_MAX_DISENROLLMENT_ENROLLMENT@SEL$33
  66 - SEL$5F185B4C / T_MAX_DISENROLLMENT_ENROLLMENT@SEL$33
  67 - SEL$40       / DUAL@SEL$40
  68 - SEL$0D115A56
  69 - SEL$0D115A56 / T_SRC_ENNS@SEL$42
  70 - SEL$0D115A56 / T_SRC_ENNS@SEL$42
  71 - SEL$CDBEA42D
  75 - SEL$CDBEA42D / T_ENNS_MASTERUSER@SEL$36
  76 - SEL$CDBEA42D / T_ENNS_SLAVEUSER@SEL$36
  77 - SEL$CDBEA42D / T_CURR_ENNS@SEL$37
  78 - SEL$CDBEA42D / T_CURR_ENNS@SEL$37
  79 - SEL$CDBEA42D / T_MAX_DISENROLLMENT_ENROLLMENT@SEL$38
  80 - SEL$CDBEA42D / T_MAX_DISENROLLMENT_ENROLLMENT@SEL$38
  81 - SEL$43       / DUAL@SEL$43
  82 - SEL$0C04A374 / BENEFIT@SEL$46
  83 - SEL$0C04A374 / BENEFIT@SEL$46

Outline Data
-------------

  /*+
      BEGIN_OUTLINE_DATA
      IGNORE_OPTIM_EMBEDDED_HINTS
      OPTIMIZER_FEATURES_ENABLE('12.1.0.2')
      DB_VERSION('12.1.0.2')
      OPT_PARAM('optimizer_index_cost_adj' 1)
      OPT_PARAM('optimizer_index_caching' 90)
      ALL_ROWS
      OUTLINE_LEAF(@"SEL$4")
      OUTLINE_LEAF(@"SEL$5")
      OUTLINE_LEAF(@"SEL$2D594895")
      MERGE(@"SEL$2DE0C8FF")
      OUTLINE_LEAF(@"SEL$6")
      OUTLINE_LEAF(@"SEL$3")
      OUTLINE_LEAF(@"SEL$40")
      OUTLINE_LEAF(@"SEL$5F185B4C")
      MERGE(@"SEL$6B15F4E0")
      OUTLINE_LEAF(@"SEL$ECD9DCF1")
      OUTLINE_LEAF(@"SEL$43")
      OUTLINE_LEAF(@"SEL$CDBEA42D")
      MERGE(@"SEL$57BA8109")
      OUTLINE_LEAF(@"SEL$0D115A56")
      OUTLINE_LEAF(@"SET$5715CE2E")
      PUSH_PRED(@"SEL$0C04A374" "ENROLLMENT"@"SEL$30" 3)
      OUTLINE_LEAF(@"SEL$0C04A374")
      MERGE(@"SEL$BC270230")
      OUTLINE(@"SEL$29")
      OUTLINE(@"SEL$2DE0C8FF")
      MERGE(@"SEL$27")
      MERGE(@"SEL$3B95C159")
      OUTLINE(@"SEL$41")
      OUTLINE(@"SEL$6B15F4E0")
      MERGE(@"SEL$78FE80F3")
      OUTLINE(@"SEL$35")
      OUTLINE(@"SEL$44")
      OUTLINE(@"SEL$57BA8109")
      MERGE(@"SEL$516D3A01")
      OUTLINE(@"SEL$42")
      OUTLINE(@"SET$1")
      OUTLINE(@"SEL$0C04A374")
      MERGE(@"SEL$BC270230")
      OUTLINE(@"SEL$48")
      OUTLINE(@"SEL$BC270230")
      MERGE(@"SEL$409758B4")
      MERGE(@"SEL$46")
      OUTLINE(@"SEL$28")
      OUTLINE(@"SEL$27")
      OUTLINE(@"SEL$3B95C159")
      MERGE(@"SEL$25")
      MERGE(@"SEL$6D003707")
      OUTLINE(@"SEL$D570F096")
      MERGE(@"SEL$33")
      OUTLINE(@"SEL$78FE80F3")
      MERGE(@"SEL$31")
      OUTLINE(@"SEL$067B9A3E")
      MERGE(@"SEL$38")
      OUTLINE(@"SEL$516D3A01")
      MERGE(@"SEL$36")
      OUTLINE(@"SEL$47")
      OUTLINE(@"SEL$409758B4")
      MERGE(@"SEL$30")
      MERGE(@"SEL$58A6D7F6")
      OUTLINE(@"SEL$46")
      OUTLINE(@"SEL$26")
      OUTLINE(@"SEL$25")
      OUTLINE(@"SEL$6D003707")
      MERGE(@"SEL$23")
      MERGE(@"SEL$23FAB6D1")
      OUTLINE(@"SEL$34")
      OUTLINE(@"SEL$33")
      OUTLINE(@"SEL$32")
      OUTLINE(@"SEL$31")
      OUTLINE(@"SEL$39")
      OUTLINE(@"SEL$38")
      OUTLINE(@"SEL$37")
      OUTLINE(@"SEL$36")
      OUTLINE(@"SEL$45")
      OUTLINE(@"SEL$30")
      OUTLINE(@"SEL$58A6D7F6")
      MERGE(@"SEL$1")
      OUTLINE(@"SEL$24")
      OUTLINE(@"SEL$23")
      OUTLINE(@"SEL$23FAB6D1")
      MERGE(@"SEL$21")
      MERGE(@"SEL$97A30ECD")
      OUTLINE(@"SEL$2")
      OUTLINE(@"SEL$1")
      OUTLINE(@"SEL$22")
      OUTLINE(@"SEL$21")
      OUTLINE(@"SEL$97A30ECD")
      MERGE(@"SEL$19")
      MERGE(@"SEL$CF22A5CA")
      OUTLINE(@"SEL$20")
      OUTLINE(@"SEL$19")
      OUTLINE(@"SEL$CF22A5CA")
      MERGE(@"SEL$17")
      MERGE(@"SEL$FF97D7FC")
      OUTLINE(@"SEL$18")
      OUTLINE(@"SEL$17")
      OUTLINE(@"SEL$FF97D7FC")
      MERGE(@"SEL$15")
      MERGE(@"SEL$DE5D921C")
      OUTLINE(@"SEL$16")
      OUTLINE(@"SEL$15")
      OUTLINE(@"SEL$DE5D921C")
      MERGE(@"SEL$01DD7F33")
      MERGE(@"SEL$13")
      OUTLINE(@"SEL$14")
      OUTLINE(@"SEL$01DD7F33")
      MERGE(@"SEL$11")
      MERGE(@"SEL$BDFBA881")
      OUTLINE(@"SEL$13")
      OUTLINE(@"SEL$12")
      OUTLINE(@"SEL$11")
      OUTLINE(@"SEL$BDFBA881")
      MERGE(@"SEL$9")
      MERGE(@"SEL$FC56C448")
      OUTLINE(@"SEL$10")
      OUTLINE(@"SEL$9")
      OUTLINE(@"SEL$FC56C448")
      MERGE(@"SEL$7")
      OUTLINE(@"SEL$8")
      OUTLINE(@"SEL$7")
      NO_ACCESS(@"SEL$0C04A374" "INFO_WITH_MEMBER_ID"@"SEL$2")
      INDEX_RS_ASC(@"SEL$0C04A374" "AFFMEMBER"@"SEL$1" ("T_USR"."USR_ID"))
      NO_ACCESS(@"SEL$0C04A374" "ENROLLMENT"@"SEL$30")
      INDEX_RS_ASC(@"SEL$0C04A374" "BENEFIT"@"SEL$46" ("T_BENSPKG"."BENP_ID"))
      LEADING(@"SEL$0C04A374" "INFO_WITH_MEMBER_ID"@"SEL$2" "AFFMEMBER"@"SEL$1" "ENROLLMENT"@"SEL$30" "BENEFIT"@"SEL$46")
      USE_NL(@"SEL$0C04A374" "AFFMEMBER"@"SEL$1")
      USE_NL(@"SEL$0C04A374" "ENROLLMENT"@"SEL$30")
      USE_NL(@"SEL$0C04A374" "BENEFIT"@"SEL$46")
      NO_ACCESS(@"SEL$3" "INFO"@"SEL$3")
      INDEX_RS_ASC(@"SEL$0D115A56" "T_SRC_ENNS"@"SEL$42" ("T_ENNS"."ELNS_MEMB" "T_ENNS"."ELNS_ENLTDT" "T_ENNS"."ELNS_DSNTDT"
              "T_ENNS"."ELNS_ID"))
      BATCH_TABLE_ACCESS_BY_ROWID(@"SEL$0D115A56" "T_SRC_ENNS"@"SEL$42")
      PUSH_SUBQ(@"SEL$CDBEA42D")
      INDEX_RS_ASC(@"SEL$ECD9DCF1" "T_SRC_ENNS"@"SEL$35" ("T_ENNS"."ELNS_MEMB" "T_ENNS"."ELNS_ENLTDT" "T_ENNS"."ELNS_DSNTDT"
              "T_ENNS"."ELNS_ID"))
      BATCH_TABLE_ACCESS_BY_ROWID(@"SEL$ECD9DCF1" "T_SRC_ENNS"@"SEL$35")
      PUSH_SUBQ(@"SEL$5F185B4C")
      INDEX(@"SEL$5F185B4C" "T_ENNS_MASTERUSER"@"SEL$31" ("T_USR"."USR_ID"))
      INDEX(@"SEL$5F185B4C" "T_ENNS_SLAVEUSER"@"SEL$31" "IX_NVL_USR_MRGEMSTR_USR_ID")
      INDEX_RS_ASC(@"SEL$5F185B4C" "T_CURR_ENNS"@"SEL$32" "IX_ELNS_MEMBENLTDTDSNTDTSTTID")
      INDEX_RS_ASC(@"SEL$5F185B4C" "T_MAX_DISENROLLMENT_ENROLLMENT"@"SEL$33" "IX_ELNS_MEMBENLTDTDSNTDTSTTID")
      LEADING(@"SEL$5F185B4C" "T_ENNS_MASTERUSER"@"SEL$31" "T_ENNS_SLAVEUSER"@"SEL$31" "T_CURR_ENNS"@"SEL$32"
              "T_MAX_DISENROLLMENT_ENROLLMENT"@"SEL$33")
      USE_NL(@"SEL$5F185B4C" "T_ENNS_SLAVEUSER"@"SEL$31")
      USE_NL(@"SEL$5F185B4C" "T_CURR_ENNS"@"SEL$32")
      USE_NL(@"SEL$5F185B4C" "T_MAX_DISENROLLMENT_ENROLLMENT"@"SEL$33")
      INDEX(@"SEL$CDBEA42D" "T_ENNS_MASTERUSER"@"SEL$36" ("T_USR"."USR_ID"))
      INDEX(@"SEL$CDBEA42D" "T_ENNS_SLAVEUSER"@"SEL$36" "IX_NVL_USR_MRGEMSTR_USR_ID")
      INDEX_RS_ASC(@"SEL$CDBEA42D" "T_CURR_ENNS"@"SEL$37" "IX_ELNS_MEMBENLTDTDSNTDTSTTID")
      INDEX_RS_ASC(@"SEL$CDBEA42D" "T_MAX_DISENROLLMENT_ENROLLMENT"@"SEL$38" "IX_ELNS_MEMBENLTDTDSNTDTSTTID")
      LEADING(@"SEL$CDBEA42D" "T_ENNS_MASTERUSER"@"SEL$36" "T_ENNS_SLAVEUSER"@"SEL$36" "T_CURR_ENNS"@"SEL$37"
              "T_MAX_DISENROLLMENT_ENROLLMENT"@"SEL$38")
      USE_NL(@"SEL$CDBEA42D" "T_ENNS_SLAVEUSER"@"SEL$36")
      USE_NL(@"SEL$CDBEA42D" "T_CURR_ENNS"@"SEL$37")
      USE_NL(@"SEL$CDBEA42D" "T_MAX_DISENROLLMENT_ENROLLMENT"@"SEL$38")
      NO_ACCESS(@"SEL$6" "from$_subquery$_005"@"SEL$6")
      INDEX_RS_ASC(@"SEL$2D594895" "T"@"SEL$8" ("T_SENTTSK"."SETK_OWNR"))
      INDEX_RS_ASC(@"SEL$2D594895" "REASON"@"SEL$17" ("T_DDL_ITEM"."DDLI_ID"))
      INDEX_RS_ASC(@"SEL$2D594895" "TASKTYPE"@"SEL$15" ("T_DDL_ITEM"."DDLI_ID"))
      INDEX_RS_ASC(@"SEL$2D594895" "AUTH"@"SEL$21" ("T_UM_BASE"."UMBS_ID"))
      INDEX_RS_ASC(@"SEL$2D594895" "CASEORCM"@"SEL$19" ("T_CM_BASEBASE"."CMBB_ID"))
      INDEX_RS_ASC(@"SEL$2D594895" "OWN"@"SEL$7" ("T_USR"."USR_ID"))
      INDEX_RS_ASC(@"SEL$2D594895" "PROVIDER"@"SEL$23" ("T_USR"."USR_ID"))
      INDEX_RS_ASC(@"SEL$2D594895" "MEMBER"@"SEL$11" ("T_USR"."USR_ID"))
      INDEX_RS_ASC(@"SEL$2D594895" "SENDER"@"SEL$27" ("T_USR"."USR_ID"))
      INDEX_RS_ASC(@"SEL$2D594895" "PREVOWNER"@"SEL$9" ("T_USR"."USR_ID"))
      INDEX_RS_ASC(@"SEL$2D594895" "ORIGCREATOR"@"SEL$13" ("T_USR"."USR_ID"))
      INDEX_RS_ASC(@"SEL$2D594895" "MOD"@"SEL$25" ("T_USR"."USR_ID"))
      LEADING(@"SEL$2D594895" "T"@"SEL$8" "REASON"@"SEL$17" "TASKTYPE"@"SEL$15" "AUTH"@"SEL$21" "CASEORCM"@"SEL$19"
              "OWN"@"SEL$7" "PROVIDER"@"SEL$23" "MEMBER"@"SEL$11" "SENDER"@"SEL$27" "PREVOWNER"@"SEL$9" "ORIGCREATOR"@"SEL$13"
              "MOD"@"SEL$25")
      USE_NL(@"SEL$2D594895" "REASON"@"SEL$17")
      USE_NL(@"SEL$2D594895" "TASKTYPE"@"SEL$15")
      USE_NL(@"SEL$2D594895" "AUTH"@"SEL$21")
      USE_NL(@"SEL$2D594895" "CASEORCM"@"SEL$19")
      USE_MERGE_CARTESIAN(@"SEL$2D594895" "OWN"@"SEL$7")
      USE_NL(@"SEL$2D594895" "PROVIDER"@"SEL$23")
      USE_NL(@"SEL$2D594895" "MEMBER"@"SEL$11")
      USE_NL(@"SEL$2D594895" "SENDER"@"SEL$27")
      USE_NL(@"SEL$2D594895" "PREVOWNER"@"SEL$9")
      USE_NL(@"SEL$2D594895" "ORIGCREATOR"@"SEL$13")
      USE_NL(@"SEL$2D594895" "MOD"@"SEL$25")
      INDEX_RS_ASC(@"SEL$5" "T_CM_BASEBASE"@"SEL$5" ("T_CM_BASEBASE"."CMBB_ID"))
      INDEX_RS_ASC(@"SEL$4" "T_UM_BASE"@"SEL$4" ("T_UM_BASE"."UMBS_ID"))
      END_OUTLINE_DATA
  */

Peeked Binds (identified by position):
--------------------------------------

   1 - :SYS_B_0 (NUMBER): 2
   2 - :1 (NUMBER): 11657212
   3 - :2 (NUMBER): 1
   4 - :3 (NUMBER): 3
   5 - :4 (NUMBER): 905
   6 - :5 (NUMBER): 906
   7 - :6 (NUMBER): 907
   8 - :7 (NUMBER): 908
   9 - :8 (NUMBER): 911
  10 - :9 (NUMBER): 912
  11 - :10 (NUMBER): 913
  12 - :SYS_B_1 (NUMBER): 500
  13 - :SYS_B_2 (VARCHAR2(30), CSID=178): '2020.11.18'
  14 - :SYS_B_3 (VARCHAR2(30), CSID=178): 'yyyy.MM.dd'

Note
-----
   - dynamic statistics used: dynamic sampling (level=2)
   - 2 Sql Plan Directives used for this statement

SQL_ID 0sjx29v99zfqc
--------------------
SELECT INFO_WITH_MEMBER_ID.*,     enrollment.ELNS_INSCPRSRGRP
ipgGroupId,     benefit.BENP_LWSTLVL_PRODCAT productCategoryId,
affMember.USR_FRSTNAM affiliatedMemberFirstName,
affMember.USR_LAS_NAM affiliatedMemberLastName FROM (   SELECT INFO.*,
   CASE     WHEN INFO.memberAffiliationId IS NOT NULL THEN
(INFO.memberAffiliationId)     WHEN INFO.authAffiliationId IS NOT NULL
THEN (SELECT UMBS_MEMB FROM T_UM_BASE WHERE
UMBS_ID=INFO.authAffiliationId)     WHEN
INFO.careManagementAffiliationId IS NOT NULL THEN (SELECT CMBS_MEMB
FROM T_CM_BASEBASE WHERE CMBB_ID=INFO.careManagementAffiliationId)
WHEN INFO.providerAffiliationId IS NOT NULL THEN
(INFO.providerAffiliationId)     ELSE (NULL)     END
affiliatedMemberId   FROM (   SELECT * FROM (     SELECT
T.SETK_ID AS id,         T.SETK_C4C_ID AS c4cId,         T.SETK_UNIVID
AS universalId,         taskType.TSKT_RCPTTYP AS categoryId,
T.SETK_TSK_TYP AS taskTypeId,         taskType.DDLI_LBL AS
taskTypeLabel,         T.SETK_TSK_NAM AS taskName,         T.SETK_SUBJ
AS subject,         T.SETK_CRTD AS createDate,         T.SETK_SENT AS
sentDate,         T.SETK_SRTD AS startedDate,
T.SETK_TSK_TIMG_STRTDT AS startDate,         T.SETK_TSK_TIMG_SCLDAT AS
startDateSeconds,         T.SETK_TSK_TIMG_DDLN_DT AS dueDate,
T.SETK_TSK_TIMG_DDLN_TIM_IN_DY AS dueDateSeconds,         T.SETK_OWNR
AS ownerId,         own.USR_FRSTNAM AS ownerFirstName,
own.USR_LAS_NAM AS ownerLastName,         own.CLASSTYPE AS ownerType,
      T.SETK_OBJ_STT AS status,         T.SETK_AFFN_MEMB AS
memberAffiliationId,         member.USR_C4C_ID AS memberC4cId,
member.USR_FRSTNAM AS memberFirstName,         member.USR_LAS_NAM AS
memberLastName,         T.SETK_AFFN_CM AS careManagementAffiliationId,
       caseOrCm.CMBB_C4C_ID AS caseOrCmC4cId,
T.SETK_AFFN_UM_EVNT AS authAffiliationId,         auth.UMBS_C4C_ID AS
authAffiliationC4cId,         T.SETK_AFFN_PVDR AS
providerAffiliationId,         provider.USR_C4C_ID AS providerC4cId,
     T.SETK_TSK_TIMG_SNLTDT AS startNoLaterThanDate,
T.SETK_CNCLRESN AS cancelReasonId,         T.SETK_ORIGCRTR AS
originalCreatorId,         origCreator.USR_FRSTNAM AS
originalCreatorFirstName,         origCreator.USR_LAS_NAM AS
originalCreatorLastName,         caseOrCm.CLASSTYPE AS
caseOrCmClasstype,         T.SETK_TSK_DSCN AS description,
T.SETK_CMPD AS completedDate,         T.SETK_LAS_ACT_TIM AS
lastActionDate,         mod.USR_FRSTNAM lastModifiedByFirstName,
 mod.USR_LAS_NAM lastModifiedByLastName,         T.SETK_PRVSOWNR AS
previousOwnerId,         prevOwner.USR_FRSTNAM AS
previousOwnerFirstName,         prevOwner.USR_LAS_NAM AS
previousOwnerLastName,         prevOwner.CLASSTYPE AS
previousOwnerType,         CASE             WHEN
T.SETK_TSK_TIMG_DDLN_DT IS NOT NULL THEN (T.SETK_TSK_TIMG_DDLN_DT)
       WHEN T.SETK_TSK_TIMG_STRTDT IS NOT NULL THEN
(T.SETK_TSK_TIMG_STRTDT)             WHEN T.SETK_TSK_TIMG_SNLTDT IS NOT
NULL THEN (T.SETK_TSK_TIMG_SNLTDT)             ELSE (NULL)         END
       filterDate,         sender.USR_FRSTNAM fromUserFirstName,
 sender.USR_LAS_NAM fromUserLastName,         T.SETK_RESCHEDULE_REASON
AS rescheduleReason,         reason.DDLI_LBL AS rescheduleReasonLabel,
       T.SETK_RESCHEDULE_COMMENT AS rescheduleComment       FROM
T_SENTTSK T       LEFT OUTER JOIN T_USR own ON own.USR_ID=T.SETK_OWNR
    LEFT OUTER JOIN T_USR prevOwner ON prevOwner.USR_ID=T.SETK_PRVSOWNR
      LEFT OUTER JOIN T_USR member ON member.USR_ID=T.SETK_AFFN_MEMB
   LEFT OUTER JOIN T_USR origCreator ON
origCreator.USR_ID=T.SETK_ORIGCRTR       LEFT OUTER JOIN T_DDL_ITEM
taskType ON taskType.DDLI_ID=T.SETK_TSK_TYP       LEFT OUTER JOIN
T_DDL_ITEM reason ON reason.DDLI_ID=T.SETK_RESCHEDULE_REASON       LEFT
OUTER JOIN T_CM_BASEBASE caseOrCm ON caseOrCm.CMBB_ID=T.SETK_AFFN_CM
   LEFT OUTER JOIN T_UM_BASE auth ON auth.UMBS_ID=T.SETK_AFFN_UM_EVNT
    LEFT OUTER JOIN T_USR provider

Plan hash value: 3910764974

-----------------------------------------------------------------------------------------------------------------------------------------
| Id  | Operation                                               | Name                          | Rows  | Bytes | Cost (%CPU)| Time     |
-----------------------------------------------------------------------------------------------------------------------------------------
|   0 | SELECT STATEMENT                                        |                               |       |       |  2254K(100)|          |
|   1 |  TABLE ACCESS BY INDEX ROWID                            | T_UM_BASE                     |     1 |    12 |     1   (0)| 00:00:01 |
|   2 |   INDEX UNIQUE SCAN                                     | PK_T_UM_BASE                  |     1 |       |     1   (0)| 00:00:01 |
|   3 |   TABLE ACCESS BY INDEX ROWID                           | T_CM_BASEBASE                 |     1 |    12 |     1   (0)| 00:00:01 |
|   4 |    INDEX UNIQUE SCAN                                    | PK_T_CM_BASEBASE              |     1 |       |     1   (0)| 00:00:01 |
|   5 |  NESTED LOOPS OUTER                                     |                               |   112 |  5132K|  2254K  (1)| 00:01:29 |
|   6 |   NESTED LOOPS OUTER                                    |                               |   112 |  5129K|  2254K  (1)| 00:01:29 |
|   7 |    HASH JOIN RIGHT OUTER                                |                               |   112 |  5128K|  2254K  (1)| 00:01:29 |
|   8 |     VIEW                                                | V_CURR_ENROLLMENT             |     2 |    78 |  2254K  (1)| 00:01:29 |
|   9 |      SORT UNIQUE                                        |                               |     2 |  1092 |  2254K  (1)| 00:01:29 |
|  10 |       UNION-ALL                                         |                               |       |       |            |          |
|  11 |        FILTER                                           |                               |       |       |            |          |
|  12 |         FILTER                                          |                               |       |       |            |          |
|  13 |          TABLE ACCESS STORAGE FULL                      | T_ENNS                        |   245K|    63M|   160K  (1)| 00:00:07 |
|  14 |          FAST DUAL                                      |                               |     1 |       |     2   (0)| 00:00:01 |
|  15 |         SORT GROUP BY NOSORT                            |                               |     1 |    72 |     4   (0)| 00:00:01 |
|  16 |          NESTED LOOPS OUTER                             |                               |     1 |    72 |     4   (0)| 00:00:01 |
|  17 |           NESTED LOOPS                                  |                               |     1 |    50 |     3   (0)| 00:00:01 |
|  18 |            NESTED LOOPS                                 |                               |     1 |    12 |     2   (0)| 00:00:01 |
|  19 |             INDEX UNIQUE SCAN                           | PK_T_USR                      |     1 |     6 |     1   (0)| 00:00:01 |
|  20 |             INDEX RANGE SCAN                            | IX_NVL_USR_MRGEMSTR_USR_ID    |     1 |     6 |     1   (0)| 00:00:01 |
|  21 |            TABLE ACCESS BY INDEX ROWID                  | T_ENNS                        |     1 |    38 |     1   (0)| 00:00:01 |
|  22 |             INDEX RANGE SCAN                            | IX_ELNS_MEMBENLTDTDSNTDTSTTID |     2 |       |     1   (0)| 00:00:01 |
|  23 |           TABLE ACCESS BY INDEX ROWID                   | T_ENNS                        |     1 |    22 |     1   (0)| 00:00:01 |
|  24 |            INDEX RANGE SCAN                             | IX_ELNS_MEMBENPENLTDSNDT      |     1 |       |     1   (0)| 00:00:01 |
|  25 |        FILTER                                           |                               |       |       |            |          |
|  26 |         FILTER                                          |                               |       |       |            |          |
|  27 |          TABLE ACCESS STORAGE FULL                      | T_ENNS                        |   245K|    63M|   160K  (1)| 00:00:07 |
|  28 |          FAST DUAL                                      |                               |     1 |       |     2   (0)| 00:00:01 |
|  29 |         SORT GROUP BY NOSORT                            |                               |     1 |    72 |     4   (0)| 00:00:01 |
|  30 |          NESTED LOOPS OUTER                             |                               |     1 |    72 |     4   (0)| 00:00:01 |
|  31 |           NESTED LOOPS                                  |                               |     1 |    50 |     3   (0)| 00:00:01 |
|  32 |            NESTED LOOPS                                 |                               |     1 |    12 |     2   (0)| 00:00:01 |
|  33 |             INDEX UNIQUE SCAN                           | PK_T_USR                      |     1 |     6 |     1   (0)| 00:00:01 |
|  34 |             INDEX RANGE SCAN                            | IX_NVL_USR_MRGEMSTR_USR_ID    |     1 |     6 |     1   (0)| 00:00:01 |
|  35 |            TABLE ACCESS BY INDEX ROWID                  | T_ENNS                        |     1 |    38 |     1   (0)| 00:00:01 |
|  36 |             INDEX RANGE SCAN                            | IX_ELNS_MEMBENLTDTDSNTDTSTTID |     2 |       |     1   (0)| 00:00:01 |
|  37 |           TABLE ACCESS BY INDEX ROWID                   | T_ENNS                        |     1 |    22 |     1   (0)| 00:00:01 |
|  38 |            INDEX RANGE SCAN                             | IX_ELNS_MEMBENPENLTDSNDT      |     1 |       |     1   (0)| 00:00:01 |
|  39 |     VIEW                                                |                               |   112 |  5124K|    91   (2)| 00:00:01 |
|  40 |      VIEW                                               |                               |   112 |  5122K|    15   (7)| 00:00:01 |
|  41 |       COUNT STOPKEY                                     |                               |       |       |            |          |
|  42 |        VIEW                                             |                               |   112 |  5122K|    15   (7)| 00:00:01 |
|  43 |         SORT ORDER BY STOPKEY                           |                               |   112 | 87360 |    15   (7)| 00:00:01 |
|  44 |          NESTED LOOPS OUTER                             |                               |   112 | 87360 |    14   (0)| 00:00:01 |
|  45 |           NESTED LOOPS OUTER                            |                               |   112 | 84896 |    13   (0)| 00:00:01 |
|  46 |            NESTED LOOPS OUTER                           |                               |   112 | 82432 |    12   (0)| 00:00:01 |
|  47 |             NESTED LOOPS OUTER                          |                               |   112 | 80304 |    11   (0)| 00:00:01 |
|  48 |              NESTED LOOPS OUTER                         |                               |   112 | 77840 |    10   (0)| 00:00:01 |
|  49 |               NESTED LOOPS OUTER                        |                               |   112 | 73920 |     9   (0)| 00:00:01 |
|  50 |                HASH JOIN RIGHT OUTER                    |                               |   112 | 69888 |     8   (0)| 00:00:01 |
|  51 |                 TABLE ACCESS BY INDEX ROWID             | T_USR                         |     1 |    36 |     1   (0)| 00:00:01 |
|  52 |                  INDEX UNIQUE SCAN                      | PK_T_USR                      |     1 |       |     1   (0)| 00:00:01 |
|  53 |                 NESTED LOOPS OUTER                      |                               |   112 | 65856 |     7   (0)| 00:00:01 |
|  54 |                  NESTED LOOPS OUTER                     |                               |   112 | 62720 |     6   (0)| 00:00:01 |
|  55 |                   NESTED LOOPS OUTER                    |                               |   112 | 60704 |     5   (0)| 00:00:01 |
|  56 |                    NESTED LOOPS OUTER                   |                               |   112 | 58240 |     4   (0)| 00:00:01 |
|  57 |                     INLIST ITERATOR                     |                               |       |       |            |          |
|  58 |                      TABLE ACCESS BY INDEX ROWID BATCHED| T_SENTTSK                     |   146 | 72416 |     2   (0)| 00:00:01 |
|  59 |                       INDEX RANGE SCAN                  | IX_SETK_OBJ_STT               |  1759 |       |     1   (0)| 00:00:01 |
|  60 |                     TABLE ACCESS BY INDEX ROWID         | T_DDL_ITEM                    |     1 |    24 |     1   (0)| 00:00:01 |
|  61 |                      INDEX UNIQUE SCAN                  | PK_T_DDL_ITEM                 |     1 |       |     1   (0)| 00:00:01 |
|  62 |                    TABLE ACCESS BY INDEX ROWID          | T_DDL_ITEM                    |     1 |    22 |     1   (0)| 00:00:01 |
|  63 |                     INDEX UNIQUE SCAN                   | PK_T_DDL_ITEM                 |     1 |       |     1   (0)| 00:00:01 |
|  64 |                   TABLE ACCESS BY INDEX ROWID           | T_UM_BASE                     |     1 |    18 |     1   (0)| 00:00:01 |
|  65 |                    INDEX UNIQUE SCAN                    | PK_T_UM_BASE                  |     1 |       |     1   (0)| 00:00:01 |
|  66 |                  TABLE ACCESS BY INDEX ROWID            | T_CM_BASEBASE                 |     1 |    28 |     1   (0)| 00:00:01 |
|  67 |                   INDEX UNIQUE SCAN                     | PK_T_CM_BASEBASE              |     1 |       |     1   (0)| 00:00:01 |
|  68 |                TABLE ACCESS BY INDEX ROWID              | T_USR                         |     1 |    36 |     1   (0)| 00:00:01 |
|  69 |                 INDEX UNIQUE SCAN                       | PK_T_USR                      |     1 |       |     1   (0)| 00:00:01 |
|  70 |               TABLE ACCESS BY INDEX ROWID               | T_USR                         |     1 |    35 |     1   (0)| 00:00:01 |
|  71 |                INDEX UNIQUE SCAN                        | PK_T_USR                      |     1 |       |     1   (0)| 00:00:01 |
|  72 |              TABLE ACCESS BY INDEX ROWID                | T_USR                         |     1 |    22 |     1   (0)| 00:00:01 |
|  73 |               INDEX UNIQUE SCAN                         | PK_T_USR                      |     1 |       |     1   (0)| 00:00:01 |
|  74 |             TABLE ACCESS BY INDEX ROWID                 | T_USR                         |     1 |    19 |     1   (0)| 00:00:01 |
|  75 |              INDEX UNIQUE SCAN                          | PK_T_USR                      |     1 |       |     1   (0)| 00:00:01 |
|  76 |            TABLE ACCESS BY INDEX ROWID                  | T_USR                         |     1 |    22 |     1   (0)| 00:00:01 |
|  77 |             INDEX UNIQUE SCAN                           | PK_T_USR                      |     1 |       |     1   (0)| 00:00:01 |
|  78 |           TABLE ACCESS BY INDEX ROWID                   | T_USR                         |     1 |    22 |     1   (0)| 00:00:01 |
|  79 |            INDEX UNIQUE SCAN                            | PK_T_USR                      |     1 |       |     1   (0)| 00:00:01 |
|  80 |    TABLE ACCESS BY INDEX ROWID                          | T_BENSPKG                     |     1 |    12 |     1   (0)| 00:00:01 |
|  81 |     INDEX UNIQUE SCAN                                   | PK_T_BENSPKG                  |     1 |       |     1   (0)| 00:00:01 |
|  82 |   TABLE ACCESS BY INDEX ROWID                           | T_USR                         |     1 |    22 |     1   (0)| 00:00:01 |
|  83 |    INDEX UNIQUE SCAN                                    | PK_T_USR                      |     1 |       |     1   (0)| 00:00:01 |
-----------------------------------------------------------------------------------------------------------------------------------------

Query Block Name / Object Alias (identified by operation id):
-------------------------------------------------------------

   1 - SEL$4        / T_UM_BASE@SEL$4
   2 - SEL$4        / T_UM_BASE@SEL$4
   3 - SEL$5        / T_CM_BASEBASE@SEL$5
   4 - SEL$5        / T_CM_BASEBASE@SEL$5
   5 - SEL$0C04A374
   8 - SET$1        / ENROLLMENT@SEL$30
   9 - SET$1
  11 - SEL$35
  13 - SEL$35       / T_SRC_ENNS@SEL$35
  14 - SEL$40       / DUAL@SEL$40
  15 - SEL$5F185B4C
  19 - SEL$5F185B4C / T_ENNS_MASTERUSER@SEL$31
  20 - SEL$5F185B4C / T_ENNS_SLAVEUSER@SEL$31
  21 - SEL$5F185B4C / T_CURR_ENNS@SEL$32
  22 - SEL$5F185B4C / T_CURR_ENNS@SEL$32
  23 - SEL$5F185B4C / T_MAX_DISENROLLMENT_ENROLLMENT@SEL$33
  24 - SEL$5F185B4C / T_MAX_DISENROLLMENT_ENROLLMENT@SEL$33
  25 - SEL$42
  27 - SEL$42       / T_SRC_ENNS@SEL$42
  28 - SEL$43       / DUAL@SEL$43
  29 - SEL$CDBEA42D
  33 - SEL$CDBEA42D / T_ENNS_MASTERUSER@SEL$36
  34 - SEL$CDBEA42D / T_ENNS_SLAVEUSER@SEL$36
  35 - SEL$CDBEA42D / T_CURR_ENNS@SEL$37
  36 - SEL$CDBEA42D / T_CURR_ENNS@SEL$37
  37 - SEL$CDBEA42D / T_MAX_DISENROLLMENT_ENROLLMENT@SEL$38
  38 - SEL$CDBEA42D / T_MAX_DISENROLLMENT_ENROLLMENT@SEL$38
  39 - SEL$3        / INFO_WITH_MEMBER_ID@SEL$2
  40 - SEL$6        / INFO@SEL$3
  41 - SEL$6
  42 - SEL$2D594895 / from$_subquery$_005@SEL$6
  43 - SEL$2D594895
  51 - SEL$2D594895 / OWN@SEL$7
  52 - SEL$2D594895 / OWN@SEL$7
  58 - SEL$2D594895 / T@SEL$8
  59 - SEL$2D594895 / T@SEL$8
  60 - SEL$2D594895 / TASKTYPE@SEL$15
  61 - SEL$2D594895 / TASKTYPE@SEL$15
  62 - SEL$2D594895 / REASON@SEL$17
  63 - SEL$2D594895 / REASON@SEL$17
  64 - SEL$2D594895 / AUTH@SEL$21
  65 - SEL$2D594895 / AUTH@SEL$21
  66 - SEL$2D594895 / CASEORCM@SEL$19
  67 - SEL$2D594895 / CASEORCM@SEL$19
  68 - SEL$2D594895 / PREVOWNER@SEL$9
  69 - SEL$2D594895 / PREVOWNER@SEL$9
  70 - SEL$2D594895 / MEMBER@SEL$11
  71 - SEL$2D594895 / MEMBER@SEL$11
  72 - SEL$2D594895 / ORIGCREATOR@SEL$13
  73 - SEL$2D594895 / ORIGCREATOR@SEL$13
  74 - SEL$2D594895 / PROVIDER@SEL$23
  75 - SEL$2D594895 / PROVIDER@SEL$23
  76 - SEL$2D594895 / MOD@SEL$25
  77 - SEL$2D594895 / MOD@SEL$25
  78 - SEL$2D594895 / SENDER@SEL$27
  79 - SEL$2D594895 / SENDER@SEL$27
  80 - SEL$0C04A374 / BENEFIT@SEL$46
  81 - SEL$0C04A374 / BENEFIT@SEL$46
  82 - SEL$0C04A374 / AFFMEMBER@SEL$1
  83 - SEL$0C04A374 / AFFMEMBER@SEL$1

Outline Data
-------------

  /*+
      BEGIN_OUTLINE_DATA
      IGNORE_OPTIM_EMBEDDED_HINTS
      OPTIMIZER_FEATURES_ENABLE('12.1.0.2')
      DB_VERSION('12.1.0.2')
      OPT_PARAM('optimizer_index_cost_adj' 1)
      OPT_PARAM('optimizer_index_caching' 90)
      ALL_ROWS
      OUTLINE_LEAF(@"SEL$4")
      OUTLINE_LEAF(@"SEL$5")
      OUTLINE_LEAF(@"SEL$2D594895")
      MERGE(@"SEL$2DE0C8FF")
      OUTLINE_LEAF(@"SEL$6")
      OUTLINE_LEAF(@"SEL$3")
      OUTLINE_LEAF(@"SEL$40")
      OUTLINE_LEAF(@"SEL$5F185B4C")
      MERGE(@"SEL$6B15F4E0")
      OUTLINE_LEAF(@"SEL$35")
      OUTLINE_LEAF(@"SEL$43")
      OUTLINE_LEAF(@"SEL$CDBEA42D")
      MERGE(@"SEL$57BA8109")
      OUTLINE_LEAF(@"SEL$42")
      OUTLINE_LEAF(@"SET$1")
      OUTLINE_LEAF(@"SEL$0C04A374")
      MERGE(@"SEL$BC270230")
      OUTLINE(@"SEL$29")
      OUTLINE(@"SEL$2DE0C8FF")
      MERGE(@"SEL$27")
      MERGE(@"SEL$3B95C159")
      OUTLINE(@"SEL$41")
      OUTLINE(@"SEL$6B15F4E0")
      MERGE(@"SEL$78FE80F3")
      OUTLINE(@"SEL$44")
      OUTLINE(@"SEL$57BA8109")
      MERGE(@"SEL$516D3A01")
      OUTLINE(@"SEL$48")
      OUTLINE(@"SEL$BC270230")
      MERGE(@"SEL$409758B4")
      MERGE(@"SEL$46")
      OUTLINE(@"SEL$28")
      OUTLINE(@"SEL$27")
      OUTLINE(@"SEL$3B95C159")
      MERGE(@"SEL$25")
      MERGE(@"SEL$6D003707")
      OUTLINE(@"SEL$D570F096")
      MERGE(@"SEL$33")
      OUTLINE(@"SEL$78FE80F3")
      MERGE(@"SEL$31")
      OUTLINE(@"SEL$067B9A3E")
      MERGE(@"SEL$38")
      OUTLINE(@"SEL$516D3A01")
      MERGE(@"SEL$36")
      OUTLINE(@"SEL$47")
      OUTLINE(@"SEL$409758B4")
      MERGE(@"SEL$30")
      MERGE(@"SEL$58A6D7F6")
      OUTLINE(@"SEL$46")
      OUTLINE(@"SEL$26")
      OUTLINE(@"SEL$25")
      OUTLINE(@"SEL$6D003707")
      MERGE(@"SEL$23")
      MERGE(@"SEL$23FAB6D1")
      OUTLINE(@"SEL$34")
      OUTLINE(@"SEL$33")
      OUTLINE(@"SEL$32")
      OUTLINE(@"SEL$31")
      OUTLINE(@"SEL$39")
      OUTLINE(@"SEL$38")
      OUTLINE(@"SEL$37")
      OUTLINE(@"SEL$36")
      OUTLINE(@"SEL$45")
      OUTLINE(@"SEL$30")
      OUTLINE(@"SEL$58A6D7F6")
      MERGE(@"SEL$1")
      OUTLINE(@"SEL$24")
      OUTLINE(@"SEL$23")
      OUTLINE(@"SEL$23FAB6D1")
      MERGE(@"SEL$21")
      MERGE(@"SEL$97A30ECD")
      OUTLINE(@"SEL$2")
      OUTLINE(@"SEL$1")
      OUTLINE(@"SEL$22")
      OUTLINE(@"SEL$21")
      OUTLINE(@"SEL$97A30ECD")
      MERGE(@"SEL$19")
      MERGE(@"SEL$CF22A5CA")
      OUTLINE(@"SEL$20")
      OUTLINE(@"SEL$19")
      OUTLINE(@"SEL$CF22A5CA")
      MERGE(@"SEL$17")
      MERGE(@"SEL$FF97D7FC")
      OUTLINE(@"SEL$18")
      OUTLINE(@"SEL$17")
      OUTLINE(@"SEL$FF97D7FC")
      MERGE(@"SEL$15")
      MERGE(@"SEL$DE5D921C")
      OUTLINE(@"SEL$16")
      OUTLINE(@"SEL$15")
      OUTLINE(@"SEL$DE5D921C")
      MERGE(@"SEL$01DD7F33")
      MERGE(@"SEL$13")
      OUTLINE(@"SEL$14")
      OUTLINE(@"SEL$01DD7F33")
      MERGE(@"SEL$11")
      MERGE(@"SEL$BDFBA881")
      OUTLINE(@"SEL$13")
      OUTLINE(@"SEL$12")
      OUTLINE(@"SEL$11")
      OUTLINE(@"SEL$BDFBA881")
      MERGE(@"SEL$9")
      MERGE(@"SEL$FC56C448")
      OUTLINE(@"SEL$10")
      OUTLINE(@"SEL$9")
      OUTLINE(@"SEL$FC56C448")
      MERGE(@"SEL$7")
      OUTLINE(@"SEL$8")
      OUTLINE(@"SEL$7")
      NO_ACCESS(@"SEL$0C04A374" "INFO_WITH_MEMBER_ID"@"SEL$2")
      NO_ACCESS(@"SEL$0C04A374" "ENROLLMENT"@"SEL$30")
      INDEX_RS_ASC(@"SEL$0C04A374" "BENEFIT"@"SEL$46" ("T_BENSPKG"."BENP_ID"))
      INDEX_RS_ASC(@"SEL$0C04A374" "AFFMEMBER"@"SEL$1" ("T_USR"."USR_ID"))
      LEADING(@"SEL$0C04A374" "INFO_WITH_MEMBER_ID"@"SEL$2" "ENROLLMENT"@"SEL$30" "BENEFIT"@"SEL$46" "AFFMEMBER"@"SEL$1")
      USE_HASH(@"SEL$0C04A374" "ENROLLMENT"@"SEL$30")
      USE_NL(@"SEL$0C04A374" "BENEFIT"@"SEL$46")
      USE_NL(@"SEL$0C04A374" "AFFMEMBER"@"SEL$1")
      SWAP_JOIN_INPUTS(@"SEL$0C04A374" "ENROLLMENT"@"SEL$30")
      NO_ACCESS(@"SEL$3" "INFO"@"SEL$3")
      FULL(@"SEL$42" "T_SRC_ENNS"@"SEL$42")
      PQ_FILTER(@"SEL$42" SERIAL)
      FULL(@"SEL$35" "T_SRC_ENNS"@"SEL$35")
      PQ_FILTER(@"SEL$35" SERIAL)
      INDEX(@"SEL$5F185B4C" "T_ENNS_MASTERUSER"@"SEL$31" ("T_USR"."USR_ID"))
      INDEX(@"SEL$5F185B4C" "T_ENNS_SLAVEUSER"@"SEL$31" "IX_NVL_USR_MRGEMSTR_USR_ID")
      INDEX_RS_ASC(@"SEL$5F185B4C" "T_CURR_ENNS"@"SEL$32" "IX_ELNS_MEMBENLTDTDSNTDTSTTID")
      INDEX_RS_ASC(@"SEL$5F185B4C" "T_MAX_DISENROLLMENT_ENROLLMENT"@"SEL$33" "IX_ELNS_MEMBENPENLTDSNDT")
      LEADING(@"SEL$5F185B4C" "T_ENNS_MASTERUSER"@"SEL$31" "T_ENNS_SLAVEUSER"@"SEL$31" "T_CURR_ENNS"@"SEL$32"
              "T_MAX_DISENROLLMENT_ENROLLMENT"@"SEL$33")
      USE_NL(@"SEL$5F185B4C" "T_ENNS_SLAVEUSER"@"SEL$31")
      USE_NL(@"SEL$5F185B4C" "T_CURR_ENNS"@"SEL$32")
      USE_NL(@"SEL$5F185B4C" "T_MAX_DISENROLLMENT_ENROLLMENT"@"SEL$33")
      INDEX(@"SEL$CDBEA42D" "T_ENNS_MASTERUSER"@"SEL$36" ("T_USR"."USR_ID"))
      INDEX(@"SEL$CDBEA42D" "T_ENNS_SLAVEUSER"@"SEL$36" "IX_NVL_USR_MRGEMSTR_USR_ID")
      INDEX_RS_ASC(@"SEL$CDBEA42D" "T_CURR_ENNS"@"SEL$37" "IX_ELNS_MEMBENLTDTDSNTDTSTTID")
      INDEX_RS_ASC(@"SEL$CDBEA42D" "T_MAX_DISENROLLMENT_ENROLLMENT"@"SEL$38" "IX_ELNS_MEMBENPENLTDSNDT")
      LEADING(@"SEL$CDBEA42D" "T_ENNS_MASTERUSER"@"SEL$36" "T_ENNS_SLAVEUSER"@"SEL$36" "T_CURR_ENNS"@"SEL$37"
              "T_MAX_DISENROLLMENT_ENROLLMENT"@"SEL$38")
      USE_NL(@"SEL$CDBEA42D" "T_ENNS_SLAVEUSER"@"SEL$36")
      USE_NL(@"SEL$CDBEA42D" "T_CURR_ENNS"@"SEL$37")
      USE_NL(@"SEL$CDBEA42D" "T_MAX_DISENROLLMENT_ENROLLMENT"@"SEL$38")
      NO_ACCESS(@"SEL$6" "from$_subquery$_005"@"SEL$6")
      INDEX_RS_ASC(@"SEL$2D594895" "T"@"SEL$8" ("T_SENTTSK"."SETK_OBJ_STT"))
      BATCH_TABLE_ACCESS_BY_ROWID(@"SEL$2D594895" "T"@"SEL$8")
      INDEX_RS_ASC(@"SEL$2D594895" "TASKTYPE"@"SEL$15" ("T_DDL_ITEM"."DDLI_ID"))
      INDEX_RS_ASC(@"SEL$2D594895" "REASON"@"SEL$17" ("T_DDL_ITEM"."DDLI_ID"))
      INDEX_RS_ASC(@"SEL$2D594895" "AUTH"@"SEL$21" ("T_UM_BASE"."UMBS_ID"))
      INDEX_RS_ASC(@"SEL$2D594895" "CASEORCM"@"SEL$19" ("T_CM_BASEBASE"."CMBB_ID"))
      INDEX_RS_ASC(@"SEL$2D594895" "OWN"@"SEL$7" ("T_USR"."USR_ID"))
      INDEX_RS_ASC(@"SEL$2D594895" "PREVOWNER"@"SEL$9" ("T_USR"."USR_ID"))
      INDEX_RS_ASC(@"SEL$2D594895" "MEMBER"@"SEL$11" ("T_USR"."USR_ID"))
      INDEX_RS_ASC(@"SEL$2D594895" "ORIGCREATOR"@"SEL$13" ("T_USR"."USR_ID"))
      INDEX_RS_ASC(@"SEL$2D594895" "PROVIDER"@"SEL$23" ("T_USR"."USR_ID"))
      INDEX_RS_ASC(@"SEL$2D594895" "MOD"@"SEL$25" ("T_USR"."USR_ID"))
      INDEX_RS_ASC(@"SEL$2D594895" "SENDER"@"SEL$27" ("T_USR"."USR_ID"))
      LEADING(@"SEL$2D594895" "T"@"SEL$8" "TASKTYPE"@"SEL$15" "REASON"@"SEL$17" "AUTH"@"SEL$21" "CASEORCM"@"SEL$19" "OWN"@"SEL$7"
              "PREVOWNER"@"SEL$9" "MEMBER"@"SEL$11" "ORIGCREATOR"@"SEL$13" "PROVIDER"@"SEL$23" "MOD"@"SEL$25" "SENDER"@"SEL$27")
      USE_NL(@"SEL$2D594895" "TASKTYPE"@"SEL$15")
      USE_NL(@"SEL$2D594895" "REASON"@"SEL$17")
      USE_NL(@"SEL$2D594895" "AUTH"@"SEL$21")
      USE_NL(@"SEL$2D594895" "CASEORCM"@"SEL$19")
      USE_HASH(@"SEL$2D594895" "OWN"@"SEL$7")
      USE_NL(@"SEL$2D594895" "PREVOWNER"@"SEL$9")
      USE_NL(@"SEL$2D594895" "MEMBER"@"SEL$11")
      USE_NL(@"SEL$2D594895" "ORIGCREATOR"@"SEL$13")
      USE_NL(@"SEL$2D594895" "PROVIDER"@"SEL$23")
      USE_NL(@"SEL$2D594895" "MOD"@"SEL$25")
      USE_NL(@"SEL$2D594895" "SENDER"@"SEL$27")
      SWAP_JOIN_INPUTS(@"SEL$2D594895" "OWN"@"SEL$7")
      INDEX_RS_ASC(@"SEL$5" "T_CM_BASEBASE"@"SEL$5" ("T_CM_BASEBASE"."CMBB_ID"))
      INDEX_RS_ASC(@"SEL$4" "T_UM_BASE"@"SEL$4" ("T_UM_BASE"."UMBS_ID"))
      END_OUTLINE_DATA
  */

Peeked Binds (identified by position):
--------------------------------------

   1 - :SYS_B_0 (NUMBER): 2
   2 - :1 (NUMBER): 11642315
   3 - :2 (NUMBER): 1
   4 - :3 (NUMBER): 3
   5 - :4 (NUMBER): 905
   6 - :5 (NUMBER): 906
   7 - :6 (NUMBER): 907
   8 - :7 (NUMBER): 908
   9 - :8 (NUMBER): 911
  10 - :9 (NUMBER): 912
  11 - :10 (NUMBER): 913
  12 - :SYS_B_1 (NUMBER): 500
  13 - :SYS_B_2 (VARCHAR2(30), CSID=178): '2020.12.26'
  14 - :SYS_B_3 (VARCHAR2(30), CSID=178): 'yyyy.MM.dd'

Note
-----
   - dynamic statistics used: dynamic sampling (level=2)
   - 5 Sql Plan Directives used for this statement

SQL_ID 0sjx29v99zfqc
--------------------
SELECT INFO_WITH_MEMBER_ID.*,     enrollment.ELNS_INSCPRSRGRP
ipgGroupId,     benefit.BENP_LWSTLVL_PRODCAT productCategoryId,
affMember.USR_FRSTNAM affiliatedMemberFirstName,
affMember.USR_LAS_NAM affiliatedMemberLastName FROM (   SELECT INFO.*,
   CASE     WHEN INFO.memberAffiliationId IS NOT NULL THEN
(INFO.memberAffiliationId)     WHEN INFO.authAffiliationId IS NOT NULL
THEN (SELECT UMBS_MEMB FROM T_UM_BASE WHERE
UMBS_ID=INFO.authAffiliationId)     WHEN
INFO.careManagementAffiliationId IS NOT NULL THEN (SELECT CMBS_MEMB
FROM T_CM_BASEBASE WHERE CMBB_ID=INFO.careManagementAffiliationId)
WHEN INFO.providerAffiliationId IS NOT NULL THEN
(INFO.providerAffiliationId)     ELSE (NULL)     END
affiliatedMemberId   FROM (   SELECT * FROM (     SELECT
T.SETK_ID AS id,         T.SETK_C4C_ID AS c4cId,         T.SETK_UNIVID
AS universalId,         taskType.TSKT_RCPTTYP AS categoryId,
T.SETK_TSK_TYP AS taskTypeId,         taskType.DDLI_LBL AS
taskTypeLabel,         T.SETK_TSK_NAM AS taskName,         T.SETK_SUBJ
AS subject,         T.SETK_CRTD AS createDate,         T.SETK_SENT AS
sentDate,         T.SETK_SRTD AS startedDate,
T.SETK_TSK_TIMG_STRTDT AS startDate,         T.SETK_TSK_TIMG_SCLDAT AS
startDateSeconds,         T.SETK_TSK_TIMG_DDLN_DT AS dueDate,
T.SETK_TSK_TIMG_DDLN_TIM_IN_DY AS dueDateSeconds,         T.SETK_OWNR
AS ownerId,         own.USR_FRSTNAM AS ownerFirstName,
own.USR_LAS_NAM AS ownerLastName,         own.CLASSTYPE AS ownerType,
      T.SETK_OBJ_STT AS status,         T.SETK_AFFN_MEMB AS
memberAffiliationId,         member.USR_C4C_ID AS memberC4cId,
member.USR_FRSTNAM AS memberFirstName,         member.USR_LAS_NAM AS
memberLastName,         T.SETK_AFFN_CM AS careManagementAffiliationId,
       caseOrCm.CMBB_C4C_ID AS caseOrCmC4cId,
T.SETK_AFFN_UM_EVNT AS authAffiliationId,         auth.UMBS_C4C_ID AS
authAffiliationC4cId,         T.SETK_AFFN_PVDR AS
providerAffiliationId,         provider.USR_C4C_ID AS providerC4cId,
     T.SETK_TSK_TIMG_SNLTDT AS startNoLaterThanDate,
T.SETK_CNCLRESN AS cancelReasonId,         T.SETK_ORIGCRTR AS
originalCreatorId,         origCreator.USR_FRSTNAM AS
originalCreatorFirstName,         origCreator.USR_LAS_NAM AS
originalCreatorLastName,         caseOrCm.CLASSTYPE AS
caseOrCmClasstype,         T.SETK_TSK_DSCN AS description,
T.SETK_CMPD AS completedDate,         T.SETK_LAS_ACT_TIM AS
lastActionDate,         mod.USR_FRSTNAM lastModifiedByFirstName,
 mod.USR_LAS_NAM lastModifiedByLastName,         T.SETK_PRVSOWNR AS
previousOwnerId,         prevOwner.USR_FRSTNAM AS
previousOwnerFirstName,         prevOwner.USR_LAS_NAM AS
previousOwnerLastName,         prevOwner.CLASSTYPE AS
previousOwnerType,         CASE             WHEN
T.SETK_TSK_TIMG_DDLN_DT IS NOT NULL THEN (T.SETK_TSK_TIMG_DDLN_DT)
       WHEN T.SETK_TSK_TIMG_STRTDT IS NOT NULL THEN
(T.SETK_TSK_TIMG_STRTDT)             WHEN T.SETK_TSK_TIMG_SNLTDT IS NOT
NULL THEN (T.SETK_TSK_TIMG_SNLTDT)             ELSE (NULL)         END
       filterDate,         sender.USR_FRSTNAM fromUserFirstName,
 sender.USR_LAS_NAM fromUserLastName,         T.SETK_RESCHEDULE_REASON
AS rescheduleReason,         reason.DDLI_LBL AS rescheduleReasonLabel,
       T.SETK_RESCHEDULE_COMMENT AS rescheduleComment       FROM
T_SENTTSK T       LEFT OUTER JOIN T_USR own ON own.USR_ID=T.SETK_OWNR
    LEFT OUTER JOIN T_USR prevOwner ON prevOwner.USR_ID=T.SETK_PRVSOWNR
      LEFT OUTER JOIN T_USR member ON member.USR_ID=T.SETK_AFFN_MEMB
   LEFT OUTER JOIN T_USR origCreator ON
origCreator.USR_ID=T.SETK_ORIGCRTR       LEFT OUTER JOIN T_DDL_ITEM
taskType ON taskType.DDLI_ID=T.SETK_TSK_TYP       LEFT OUTER JOIN
T_DDL_ITEM reason ON reason.DDLI_ID=T.SETK_RESCHEDULE_REASON       LEFT
OUTER JOIN T_CM_BASEBASE caseOrCm ON caseOrCm.CMBB_ID=T.SETK_AFFN_CM
   LEFT OUTER JOIN T_UM_BASE auth ON auth.UMBS_ID=T.SETK_AFFN_UM_EVNT
    LEFT OUTER JOIN T_USR provider

Plan hash value: 4066339909

---------------------------------------------------------------------------------------------------------------------------------
| Id  | Operation                                       | Name                          | Rows  | Bytes | Cost (%CPU)| Time     |
---------------------------------------------------------------------------------------------------------------------------------
|   0 | SELECT STATEMENT                                |                               |       |       |  2259K(100)|          |
|   1 |  TABLE ACCESS BY INDEX ROWID                    | T_UM_BASE                     |     1 |    12 |     1   (0)| 00:00:01 |
|   2 |   INDEX UNIQUE SCAN                             | PK_T_UM_BASE                  |     1 |       |     1   (0)| 00:00:01 |
|   3 |   TABLE ACCESS BY INDEX ROWID                   | T_CM_BASEBASE                 |     1 |    12 |     1   (0)| 00:00:01 |
|   4 |    INDEX UNIQUE SCAN                            | PK_T_CM_BASEBASE              |     1 |       |     1   (0)| 00:00:01 |
|   5 |  NESTED LOOPS OUTER                             |                               |    32 |  1466K|  2259K  (1)| 00:01:29 |
|   6 |   NESTED LOOPS OUTER                            |                               |    32 |  1465K|  2259K  (1)| 00:01:29 |
|   7 |    HASH JOIN RIGHT OUTER                        |                               |    32 |  1465K|  2259K  (1)| 00:01:29 |
|   8 |     VIEW                                        | V_CURR_ENROLLMENT             |     2 |    78 |  2259K  (1)| 00:01:29 |
|   9 |      SORT UNIQUE                                |                               |     2 |  1092 |  2259K  (1)| 00:01:29 |
|  10 |       UNION-ALL                                 |                               |       |       |            |          |
|  11 |        FILTER                                   |                               |       |       |            |          |
|  12 |         FILTER                                  |                               |       |       |            |          |
|  13 |          TABLE ACCESS STORAGE FULL              | T_ENNS                        |   245K|    64M|   160K  (1)| 00:00:07 |
|  14 |          FAST DUAL                              |                               |     1 |       |     2   (0)| 00:00:01 |
|  15 |         SORT GROUP BY NOSORT                    |                               |     1 |    72 |     4   (0)| 00:00:01 |
|  16 |          NESTED LOOPS OUTER                     |                               |     1 |    72 |     4   (0)| 00:00:01 |
|  17 |           NESTED LOOPS                          |                               |     1 |    50 |     3   (0)| 00:00:01 |
|  18 |            NESTED LOOPS                         |                               |     1 |    12 |     2   (0)| 00:00:01 |
|  19 |             INDEX UNIQUE SCAN                   | PK_T_USR                      |     1 |     6 |     1   (0)| 00:00:01 |
|  20 |             INDEX RANGE SCAN                    | IX_NVL_USR_MRGEMSTR_USR_ID    |     1 |     6 |     1   (0)| 00:00:01 |
|  21 |            TABLE ACCESS BY INDEX ROWID          | T_ENNS                        |     1 |    38 |     1   (0)| 00:00:01 |
|  22 |             INDEX RANGE SCAN                    | IX_ELNS_MEMBENLTDTDSNTDTSTTID |     2 |       |     1   (0)| 00:00:01 |
|  23 |           TABLE ACCESS BY INDEX ROWID           | T_ENNS                        |     1 |    22 |     1   (0)| 00:00:01 |
|  24 |            INDEX RANGE SCAN                     | IX_ELNS_MEMBENLTDTDSNTDTID    |     1 |       |     1   (0)| 00:00:01 |
|  25 |        FILTER                                   |                               |       |       |            |          |
|  26 |         FILTER                                  |                               |       |       |            |          |
|  27 |          TABLE ACCESS STORAGE FULL              | T_ENNS                        |   245K|    64M|   160K  (1)| 00:00:07 |
|  28 |          FAST DUAL                              |                               |     1 |       |     2   (0)| 00:00:01 |
|  29 |         SORT GROUP BY NOSORT                    |                               |     1 |    72 |     4   (0)| 00:00:01 |
|  30 |          NESTED LOOPS OUTER                     |                               |     1 |    72 |     4   (0)| 00:00:01 |
|  31 |           NESTED LOOPS                          |                               |     1 |    50 |     3   (0)| 00:00:01 |
|  32 |            NESTED LOOPS                         |                               |     1 |    12 |     2   (0)| 00:00:01 |
|  33 |             INDEX UNIQUE SCAN                   | PK_T_USR                      |     1 |     6 |     1   (0)| 00:00:01 |
|  34 |             INDEX RANGE SCAN                    | IX_NVL_USR_MRGEMSTR_USR_ID    |     1 |     6 |     1   (0)| 00:00:01 |
|  35 |            TABLE ACCESS BY INDEX ROWID          | T_ENNS                        |     1 |    38 |     1   (0)| 00:00:01 |
|  36 |             INDEX RANGE SCAN                    | IX_ELNS_MEMBENLTDTDSNTDTSTTID |     2 |       |     1   (0)| 00:00:01 |
|  37 |           TABLE ACCESS BY INDEX ROWID           | T_ENNS                        |     1 |    22 |     1   (0)| 00:00:01 |
|  38 |            INDEX RANGE SCAN                     | IX_ELNS_MEMBENLTDTDSNTDTID    |     1 |       |     1   (0)| 00:00:01 |
|  39 |     VIEW                                        |                               |    32 |  1464K|    46   (3)| 00:00:01 |
|  40 |      VIEW                                       |                               |    32 |  1463K|    14   (8)| 00:00:01 |
|  41 |       COUNT STOPKEY                             |                               |       |       |            |          |
|  42 |        VIEW                                     |                               |    32 |  1463K|    14   (8)| 00:00:01 |
|  43 |         SORT ORDER BY STOPKEY                   |                               |    32 | 24960 |    14   (8)| 00:00:01 |
|  44 |          NESTED LOOPS OUTER                     |                               |    32 | 24960 |    13   (0)| 00:00:01 |
|  45 |           NESTED LOOPS OUTER                    |                               |    32 | 24192 |    12   (0)| 00:00:01 |
|  46 |            NESTED LOOPS OUTER                   |                               |    32 | 23488 |    11   (0)| 00:00:01 |
|  47 |             NESTED LOOPS OUTER                  |                               |    32 | 22784 |    10   (0)| 00:00:01 |
|  48 |              NESTED LOOPS OUTER                 |                               |    32 | 21888 |     9   (0)| 00:00:01 |
|  49 |               NESTED LOOPS OUTER                |                               |    32 | 21184 |     8   (0)| 00:00:01 |
|  50 |                NESTED LOOPS OUTER               |                               |    32 | 20032 |     7   (0)| 00:00:01 |
|  51 |                 NESTED LOOPS OUTER              |                               |    32 | 18912 |     6   (0)| 00:00:01 |
|  52 |                  NESTED LOOPS OUTER             |                               |    32 | 18208 |     5   (0)| 00:00:01 |
|  53 |                   NESTED LOOPS OUTER            |                               |    32 | 17632 |     4   (0)| 00:00:01 |
|  54 |                    MERGE JOIN OUTER             |                               |    32 | 17024 |     3   (0)| 00:00:01 |
|  55 |                     INLIST ITERATOR             |                               |       |       |            |          |
|  56 |                      TABLE ACCESS BY INDEX ROWID| T_SENTTSK                     |    32 | 15872 |     2   (0)| 00:00:01 |
|  57 |                       INDEX RANGE SCAN          | IX_SETK_OBJ_STT               |  1710 |       |     1   (0)| 00:00:01 |
|  58 |                     BUFFER SORT                 |                               |     1 |    36 |     1   (0)| 00:00:01 |
|  59 |                      TABLE ACCESS BY INDEX ROWID| T_USR                         |     1 |    36 |     1   (0)| 00:00:01 |
|  60 |                       INDEX UNIQUE SCAN         | PK_T_USR                      |     1 |       |     1   (0)| 00:00:01 |
|  61 |                    TABLE ACCESS BY INDEX ROWID  | T_USR                         |     1 |    19 |     1   (0)| 00:00:01 |
|  62 |                     INDEX UNIQUE SCAN           | PK_T_USR                      |     1 |       |     1   (0)| 00:00:01 |
|  63 |                   TABLE ACCESS BY INDEX ROWID   | T_UM_BASE                     |     1 |    18 |     1   (0)| 00:00:01 |
|  64 |                    INDEX UNIQUE SCAN            | PK_T_UM_BASE                  |     1 |       |     1   (0)| 00:00:01 |
|  65 |                  TABLE ACCESS BY INDEX ROWID    | T_DDL_ITEM                    |     1 |    22 |     1   (0)| 00:00:01 |
|  66 |                   INDEX UNIQUE SCAN             | PK_T_DDL_ITEM                 |     1 |       |     1   (0)| 00:00:01 |
|  67 |                 TABLE ACCESS BY INDEX ROWID     | T_USR                         |     1 |    35 |     1   (0)| 00:00:01 |
|  68 |                  INDEX UNIQUE SCAN              | PK_T_USR                      |     1 |       |     1   (0)| 00:00:01 |
|  69 |                TABLE ACCESS BY INDEX ROWID      | T_USR                         |     1 |    36 |     1   (0)| 00:00:01 |
|  70 |                 INDEX UNIQUE SCAN               | PK_T_USR                      |     1 |       |     1   (0)| 00:00:01 |
|  71 |               TABLE ACCESS BY INDEX ROWID       | T_USR                         |     1 |    22 |     1   (0)| 00:00:01 |
|  72 |                INDEX UNIQUE SCAN                | PK_T_USR                      |     1 |       |     1   (0)| 00:00:01 |
|  73 |              TABLE ACCESS BY INDEX ROWID        | T_CM_BASEBASE                 |     1 |    28 |     1   (0)| 00:00:01 |
|  74 |               INDEX UNIQUE SCAN                 | PK_T_CM_BASEBASE              |     1 |       |     1   (0)| 00:00:01 |
|  75 |             TABLE ACCESS BY INDEX ROWID         | T_USR                         |     1 |    22 |     1   (0)| 00:00:01 |
|  76 |              INDEX UNIQUE SCAN                  | PK_T_USR                      |     1 |       |     1   (0)| 00:00:01 |
|  77 |            TABLE ACCESS BY INDEX ROWID          | T_USR                         |     1 |    22 |     1   (0)| 00:00:01 |
|  78 |             INDEX UNIQUE SCAN                   | PK_T_USR                      |     1 |       |     1   (0)| 00:00:01 |
|  79 |           TABLE ACCESS BY INDEX ROWID           | T_DDL_ITEM                    |     1 |    24 |     1   (0)| 00:00:01 |
|  80 |            INDEX UNIQUE SCAN                    | PK_T_DDL_ITEM                 |     1 |       |     1   (0)| 00:00:01 |
|  81 |    TABLE ACCESS BY INDEX ROWID                  | T_BENSPKG                     |     1 |    12 |     1   (0)| 00:00:01 |
|  82 |     INDEX UNIQUE SCAN                           | PK_T_BENSPKG                  |     1 |       |     1   (0)| 00:00:01 |
|  83 |   TABLE ACCESS BY INDEX ROWID                   | T_USR                         |     1 |    22 |     1   (0)| 00:00:01 |
|  84 |    INDEX UNIQUE SCAN                            | PK_T_USR                      |     1 |       |     1   (0)| 00:00:01 |
---------------------------------------------------------------------------------------------------------------------------------

Query Block Name / Object Alias (identified by operation id):
-------------------------------------------------------------

   1 - SEL$4        / T_UM_BASE@SEL$4
   2 - SEL$4        / T_UM_BASE@SEL$4
   3 - SEL$5        / T_CM_BASEBASE@SEL$5
   4 - SEL$5        / T_CM_BASEBASE@SEL$5
   5 - SEL$0C04A374
   8 - SET$1        / ENROLLMENT@SEL$30
   9 - SET$1
  11 - SEL$35
  13 - SEL$35       / T_SRC_ENNS@SEL$35
  14 - SEL$40       / DUAL@SEL$40
  15 - SEL$5F185B4C
  19 - SEL$5F185B4C / T_ENNS_MASTERUSER@SEL$31
  20 - SEL$5F185B4C / T_ENNS_SLAVEUSER@SEL$31
  21 - SEL$5F185B4C / T_CURR_ENNS@SEL$32
  22 - SEL$5F185B4C / T_CURR_ENNS@SEL$32
  23 - SEL$5F185B4C / T_MAX_DISENROLLMENT_ENROLLMENT@SEL$33
  24 - SEL$5F185B4C / T_MAX_DISENROLLMENT_ENROLLMENT@SEL$33
  25 - SEL$42
  27 - SEL$42       / T_SRC_ENNS@SEL$42
  28 - SEL$43       / DUAL@SEL$43
  29 - SEL$CDBEA42D
  33 - SEL$CDBEA42D / T_ENNS_MASTERUSER@SEL$36
  34 - SEL$CDBEA42D / T_ENNS_SLAVEUSER@SEL$36
  35 - SEL$CDBEA42D / T_CURR_ENNS@SEL$37
  36 - SEL$CDBEA42D / T_CURR_ENNS@SEL$37
  37 - SEL$CDBEA42D / T_MAX_DISENROLLMENT_ENROLLMENT@SEL$38
  38 - SEL$CDBEA42D / T_MAX_DISENROLLMENT_ENROLLMENT@SEL$38
  39 - SEL$3        / INFO_WITH_MEMBER_ID@SEL$2
  40 - SEL$6        / INFO@SEL$3
  41 - SEL$6
  42 - SEL$2D594895 / from$_subquery$_005@SEL$6
  43 - SEL$2D594895
  56 - SEL$2D594895 / T@SEL$8
  57 - SEL$2D594895 / T@SEL$8
  59 - SEL$2D594895 / OWN@SEL$7
  60 - SEL$2D594895 / OWN@SEL$7
  61 - SEL$2D594895 / PROVIDER@SEL$23
  62 - SEL$2D594895 / PROVIDER@SEL$23
  63 - SEL$2D594895 / AUTH@SEL$21
  64 - SEL$2D594895 / AUTH@SEL$21
  65 - SEL$2D594895 / REASON@SEL$17
  66 - SEL$2D594895 / REASON@SEL$17
  67 - SEL$2D594895 / MEMBER@SEL$11
  68 - SEL$2D594895 / MEMBER@SEL$11
  69 - SEL$2D594895 / PREVOWNER@SEL$9
  70 - SEL$2D594895 / PREVOWNER@SEL$9
  71 - SEL$2D594895 / SENDER@SEL$27
  72 - SEL$2D594895 / SENDER@SEL$27
  73 - SEL$2D594895 / CASEORCM@SEL$19
  74 - SEL$2D594895 / CASEORCM@SEL$19
  75 - SEL$2D594895 / ORIGCREATOR@SEL$13
  76 - SEL$2D594895 / ORIGCREATOR@SEL$13
  77 - SEL$2D594895 / MOD@SEL$25
  78 - SEL$2D594895 / MOD@SEL$25
  79 - SEL$2D594895 / TASKTYPE@SEL$15
  80 - SEL$2D594895 / TASKTYPE@SEL$15
  81 - SEL$0C04A374 / BENEFIT@SEL$46
  82 - SEL$0C04A374 / BENEFIT@SEL$46
  83 - SEL$0C04A374 / AFFMEMBER@SEL$1
  84 - SEL$0C04A374 / AFFMEMBER@SEL$1

Outline Data
-------------

  /*+
      BEGIN_OUTLINE_DATA
      IGNORE_OPTIM_EMBEDDED_HINTS
      OPTIMIZER_FEATURES_ENABLE('12.1.0.2')
      DB_VERSION('12.1.0.2')
      OPT_PARAM('optimizer_index_cost_adj' 1)
      OPT_PARAM('optimizer_index_caching' 90)
      ALL_ROWS
      OUTLINE_LEAF(@"SEL$4")
      OUTLINE_LEAF(@"SEL$5")
      OUTLINE_LEAF(@"SEL$2D594895")
      MERGE(@"SEL$2DE0C8FF")
      OUTLINE_LEAF(@"SEL$6")
      OUTLINE_LEAF(@"SEL$3")
      OUTLINE_LEAF(@"SEL$40")
      OUTLINE_LEAF(@"SEL$5F185B4C")
      MERGE(@"SEL$6B15F4E0")
      OUTLINE_LEAF(@"SEL$35")
      OUTLINE_LEAF(@"SEL$43")
      OUTLINE_LEAF(@"SEL$CDBEA42D")
      MERGE(@"SEL$57BA8109")
      OUTLINE_LEAF(@"SEL$42")
      OUTLINE_LEAF(@"SET$1")
      OUTLINE_LEAF(@"SEL$0C04A374")
      MERGE(@"SEL$BC270230")
      OUTLINE(@"SEL$29")
      OUTLINE(@"SEL$2DE0C8FF")
      MERGE(@"SEL$27")
      MERGE(@"SEL$3B95C159")
      OUTLINE(@"SEL$41")
      OUTLINE(@"SEL$6B15F4E0")
      MERGE(@"SEL$78FE80F3")
      OUTLINE(@"SEL$44")
      OUTLINE(@"SEL$57BA8109")
      MERGE(@"SEL$516D3A01")
      OUTLINE(@"SEL$48")
      OUTLINE(@"SEL$BC270230")
      MERGE(@"SEL$409758B4")
      MERGE(@"SEL$46")
      OUTLINE(@"SEL$28")
      OUTLINE(@"SEL$27")
      OUTLINE(@"SEL$3B95C159")
      MERGE(@"SEL$25")
      MERGE(@"SEL$6D003707")
      OUTLINE(@"SEL$D570F096")
      MERGE(@"SEL$33")
      OUTLINE(@"SEL$78FE80F3")
      MERGE(@"SEL$31")
      OUTLINE(@"SEL$067B9A3E")
      MERGE(@"SEL$38")
      OUTLINE(@"SEL$516D3A01")
      MERGE(@"SEL$36")
      OUTLINE(@"SEL$47")
      OUTLINE(@"SEL$409758B4")
      MERGE(@"SEL$30")
      MERGE(@"SEL$58A6D7F6")
      OUTLINE(@"SEL$46")
      OUTLINE(@"SEL$26")
      OUTLINE(@"SEL$25")
      OUTLINE(@"SEL$6D003707")
      MERGE(@"SEL$23")
      MERGE(@"SEL$23FAB6D1")
      OUTLINE(@"SEL$34")
      OUTLINE(@"SEL$33")
      OUTLINE(@"SEL$32")
      OUTLINE(@"SEL$31")
      OUTLINE(@"SEL$39")
      OUTLINE(@"SEL$38")
      OUTLINE(@"SEL$37")
      OUTLINE(@"SEL$36")
      OUTLINE(@"SEL$45")
      OUTLINE(@"SEL$30")
      OUTLINE(@"SEL$58A6D7F6")
      MERGE(@"SEL$1")
      OUTLINE(@"SEL$24")
      OUTLINE(@"SEL$23")
      OUTLINE(@"SEL$23FAB6D1")
      MERGE(@"SEL$21")
      MERGE(@"SEL$97A30ECD")
      OUTLINE(@"SEL$2")
      OUTLINE(@"SEL$1")
      OUTLINE(@"SEL$22")
      OUTLINE(@"SEL$21")
      OUTLINE(@"SEL$97A30ECD")
      MERGE(@"SEL$19")
      MERGE(@"SEL$CF22A5CA")
      OUTLINE(@"SEL$20")
      OUTLINE(@"SEL$19")
      OUTLINE(@"SEL$CF22A5CA")
      MERGE(@"SEL$17")
      MERGE(@"SEL$FF97D7FC")
      OUTLINE(@"SEL$18")
      OUTLINE(@"SEL$17")
      OUTLINE(@"SEL$FF97D7FC")
      MERGE(@"SEL$15")
      MERGE(@"SEL$DE5D921C")
      OUTLINE(@"SEL$16")
      OUTLINE(@"SEL$15")
      OUTLINE(@"SEL$DE5D921C")
      MERGE(@"SEL$01DD7F33")
      MERGE(@"SEL$13")
      OUTLINE(@"SEL$14")
      OUTLINE(@"SEL$01DD7F33")
      MERGE(@"SEL$11")
      MERGE(@"SEL$BDFBA881")
      OUTLINE(@"SEL$13")
      OUTLINE(@"SEL$12")
      OUTLINE(@"SEL$11")
      OUTLINE(@"SEL$BDFBA881")
      MERGE(@"SEL$9")
      MERGE(@"SEL$FC56C448")
      OUTLINE(@"SEL$10")
      OUTLINE(@"SEL$9")
      OUTLINE(@"SEL$FC56C448")
      MERGE(@"SEL$7")
      OUTLINE(@"SEL$8")
      OUTLINE(@"SEL$7")
      NO_ACCESS(@"SEL$0C04A374" "INFO_WITH_MEMBER_ID"@"SEL$2")
      NO_ACCESS(@"SEL$0C04A374" "ENROLLMENT"@"SEL$30")
      INDEX_RS_ASC(@"SEL$0C04A374" "BENEFIT"@"SEL$46" ("T_BENSPKG"."BENP_ID"))
      INDEX_RS_ASC(@"SEL$0C04A374" "AFFMEMBER"@"SEL$1" ("T_USR"."USR_ID"))
      LEADING(@"SEL$0C04A374" "INFO_WITH_MEMBER_ID"@"SEL$2" "ENROLLMENT"@"SEL$30" "BENEFIT"@"SEL$46" "AFFMEMBER"@"SEL$1")
      USE_HASH(@"SEL$0C04A374" "ENROLLMENT"@"SEL$30")
      USE_NL(@"SEL$0C04A374" "BENEFIT"@"SEL$46")
      USE_NL(@"SEL$0C04A374" "AFFMEMBER"@"SEL$1")
      SWAP_JOIN_INPUTS(@"SEL$0C04A374" "ENROLLMENT"@"SEL$30")
      NO_ACCESS(@"SEL$3" "INFO"@"SEL$3")
      FULL(@"SEL$42" "T_SRC_ENNS"@"SEL$42")
      PQ_FILTER(@"SEL$42" SERIAL)
      FULL(@"SEL$35" "T_SRC_ENNS"@"SEL$35")
      PQ_FILTER(@"SEL$35" SERIAL)
      INDEX(@"SEL$5F185B4C" "T_ENNS_MASTERUSER"@"SEL$31" ("T_USR"."USR_ID"))
      INDEX(@"SEL$5F185B4C" "T_ENNS_SLAVEUSER"@"SEL$31" "IX_NVL_USR_MRGEMSTR_USR_ID")
      INDEX_RS_ASC(@"SEL$5F185B4C" "T_CURR_ENNS"@"SEL$32" "IX_ELNS_MEMBENLTDTDSNTDTSTTID")
      INDEX_RS_ASC(@"SEL$5F185B4C" "T_MAX_DISENROLLMENT_ENROLLMENT"@"SEL$33" ("T_ENNS"."ELNS_MEMB" "T_ENNS"."ELNS_ENLTDT"
              "T_ENNS"."ELNS_DSNTDT" "T_ENNS"."ELNS_ID"))
      LEADING(@"SEL$5F185B4C" "T_ENNS_MASTERUSER"@"SEL$31" "T_ENNS_SLAVEUSER"@"SEL$31" "T_CURR_ENNS"@"SEL$32"
              "T_MAX_DISENROLLMENT_ENROLLMENT"@"SEL$33")
      USE_NL(@"SEL$5F185B4C" "T_ENNS_SLAVEUSER"@"SEL$31")
      USE_NL(@"SEL$5F185B4C" "T_CURR_ENNS"@"SEL$32")
      USE_NL(@"SEL$5F185B4C" "T_MAX_DISENROLLMENT_ENROLLMENT"@"SEL$33")
      INDEX(@"SEL$CDBEA42D" "T_ENNS_MASTERUSER"@"SEL$36" ("T_USR"."USR_ID"))
      INDEX(@"SEL$CDBEA42D" "T_ENNS_SLAVEUSER"@"SEL$36" "IX_NVL_USR_MRGEMSTR_USR_ID")
      INDEX_RS_ASC(@"SEL$CDBEA42D" "T_CURR_ENNS"@"SEL$37" "IX_ELNS_MEMBENLTDTDSNTDTSTTID")
      INDEX_RS_ASC(@"SEL$CDBEA42D" "T_MAX_DISENROLLMENT_ENROLLMENT"@"SEL$38" ("T_ENNS"."ELNS_MEMB" "T_ENNS"."ELNS_ENLTDT"
              "T_ENNS"."ELNS_DSNTDT" "T_ENNS"."ELNS_ID"))
      LEADING(@"SEL$CDBEA42D" "T_ENNS_MASTERUSER"@"SEL$36" "T_ENNS_SLAVEUSER"@"SEL$36" "T_CURR_ENNS"@"SEL$37"
              "T_MAX_DISENROLLMENT_ENROLLMENT"@"SEL$38")
      USE_NL(@"SEL$CDBEA42D" "T_ENNS_SLAVEUSER"@"SEL$36")
      USE_NL(@"SEL$CDBEA42D" "T_CURR_ENNS"@"SEL$37")
      USE_NL(@"SEL$CDBEA42D" "T_MAX_DISENROLLMENT_ENROLLMENT"@"SEL$38")
      NO_ACCESS(@"SEL$6" "from$_subquery$_005"@"SEL$6")
      INDEX_RS_ASC(@"SEL$2D594895" "T"@"SEL$8" ("T_SENTTSK"."SETK_OBJ_STT"))
      INDEX_RS_ASC(@"SEL$2D594895" "OWN"@"SEL$7" ("T_USR"."USR_ID"))
      INDEX_RS_ASC(@"SEL$2D594895" "PROVIDER"@"SEL$23" ("T_USR"."USR_ID"))
      INDEX_RS_ASC(@"SEL$2D594895" "AUTH"@"SEL$21" ("T_UM_BASE"."UMBS_ID"))
      INDEX_RS_ASC(@"SEL$2D594895" "REASON"@"SEL$17" ("T_DDL_ITEM"."DDLI_ID"))
      INDEX_RS_ASC(@"SEL$2D594895" "MEMBER"@"SEL$11" ("T_USR"."USR_ID"))
      INDEX_RS_ASC(@"SEL$2D594895" "PREVOWNER"@"SEL$9" ("T_USR"."USR_ID"))
      INDEX_RS_ASC(@"SEL$2D594895" "SENDER"@"SEL$27" ("T_USR"."USR_ID"))
      INDEX_RS_ASC(@"SEL$2D594895" "CASEORCM"@"SEL$19" ("T_CM_BASEBASE"."CMBB_ID"))
      INDEX_RS_ASC(@"SEL$2D594895" "ORIGCREATOR"@"SEL$13" ("T_USR"."USR_ID"))
      INDEX_RS_ASC(@"SEL$2D594895" "MOD"@"SEL$25" ("T_USR"."USR_ID"))
      INDEX_RS_ASC(@"SEL$2D594895" "TASKTYPE"@"SEL$15" ("T_DDL_ITEM"."DDLI_ID"))
      LEADING(@"SEL$2D594895" "T"@"SEL$8" "OWN"@"SEL$7" "PROVIDER"@"SEL$23" "AUTH"@"SEL$21" "REASON"@"SEL$17"
              "MEMBER"@"SEL$11" "PREVOWNER"@"SEL$9" "SENDER"@"SEL$27" "CASEORCM"@"SEL$19" "ORIGCREATOR"@"SEL$13" "MOD"@"SEL$25"
              "TASKTYPE"@"SEL$15")
      USE_MERGE_CARTESIAN(@"SEL$2D594895" "OWN"@"SEL$7")
      USE_NL(@"SEL$2D594895" "PROVIDER"@"SEL$23")
      USE_NL(@"SEL$2D594895" "AUTH"@"SEL$21")
      USE_NL(@"SEL$2D594895" "REASON"@"SEL$17")
      USE_NL(@"SEL$2D594895" "MEMBER"@"SEL$11")
      USE_NL(@"SEL$2D594895" "PREVOWNER"@"SEL$9")
      USE_NL(@"SEL$2D594895" "SENDER"@"SEL$27")
      USE_NL(@"SEL$2D594895" "CASEORCM"@"SEL$19")
      USE_NL(@"SEL$2D594895" "ORIGCREATOR"@"SEL$13")
      USE_NL(@"SEL$2D594895" "MOD"@"SEL$25")
      USE_NL(@"SEL$2D594895" "TASKTYPE"@"SEL$15")
      INDEX_RS_ASC(@"SEL$5" "T_CM_BASEBASE"@"SEL$5" ("T_CM_BASEBASE"."CMBB_ID"))
      INDEX_RS_ASC(@"SEL$4" "T_UM_BASE"@"SEL$4" ("T_UM_BASE"."UMBS_ID"))
      END_OUTLINE_DATA
  */

Peeked Binds (identified by position):
--------------------------------------

   1 - :SYS_B_0 (NUMBER): 2
   2 - :1 (NUMBER): 11258232
   3 - :2 (NUMBER): 1
   4 - :3 (NUMBER): 3
   5 - :4 (NUMBER): 905
   6 - :5 (NUMBER): 906
   7 - :6 (NUMBER): 907
   8 - :7 (NUMBER): 908
   9 - :8 (NUMBER): 911
  10 - :9 (NUMBER): 912
  11 - :10 (NUMBER): 913
  12 - :SYS_B_1 (NUMBER): 500
  13 - :SYS_B_2 (VARCHAR2(30), CSID=178): '2020.12.18'
  14 - :SYS_B_3 (VARCHAR2(30), CSID=178): 'yyyy.MM.dd'

Note
-----
   - dynamic statistics used: dynamic sampling (level=2)
   - 5 Sql Plan Directives used for this statement

