Plan from Plan Table (PLAN_TABLE)


delete from T_OTHER_INSURANCE where INS_MEMBER= :b1 and CLASSTYPE=:b2
Plan hash value: 1942007213

----------------------------------------------------------------------------------------------------------
| Id  | Operation                            | Name              | Rows  | Bytes | Cost (%CPU)| Time     |
----------------------------------------------------------------------------------------------------------
|   0 | DELETE STATEMENT                     |                   |     4 |   128 |     5   (0)| 00:00:01 |
|   1 |  DELETE                              | T_OTHER_INSURANCE |       |       |            |          |
|*  2 |   TABLE ACCESS BY INDEX ROWID BATCHED| T_OTHER_INSURANCE |     4 |   128 |     5   (0)| 00:00:01 |
|*  3 |    INDEX RANGE SCAN                  | IX_FK_INS_MEMBER  |     5 |       |     3   (0)| 00:00:01 |
----------------------------------------------------------------------------------------------------------

Predicate Information (identified by operation id):
---------------------------------------------------

   2 - filter("CLASSTYPE"=:B2)
   3 - access("INS_MEMBER"=TO_NUMBER(:B1))
