Plan from Plan Table (PLAN_TABLE)


SELECT * FROM CM_RECORD_CURRENTSTEP WHERE ID = :b1   FOR UPDATE
Plan hash value: 2040217988

---------------------------------------------------------------------------------------------------------
| Id  | Operation                    | Name                     | Rows  | Bytes | Cost (%CPU)| Time     |
---------------------------------------------------------------------------------------------------------
|   0 | SELECT STATEMENT             |                          |     1 |   142 |     3   (0)| 00:00:01 |
|   1 |  FOR UPDATE                  |                          |       |       |            |          |
|   2 |   TABLE ACCESS BY INDEX ROWID| CM_RECORD_CURRENTSTEP    |     1 |   142 |     3   (0)| 00:00:01 |
|*  3 |    INDEX UNIQUE SCAN         | PK_CM_RECORD_CURRENTSTEP |     1 |       |     2   (0)| 00:00:01 |
---------------------------------------------------------------------------------------------------------

Predicate Information (identified by operation id):
---------------------------------------------------

   3 - access("ID"=TO_NUMBER(:B1))
